[2022-08-09 19:14:35,135] {taskinstance.py:1159} INFO - Dependencies all met for <TaskInstance: group_dag.downloads.download_c scheduled__2022-08-09T19:14:33.082526+00:00 [queued]>
[2022-08-09 19:14:35,143] {taskinstance.py:1159} INFO - Dependencies all met for <TaskInstance: group_dag.downloads.download_c scheduled__2022-08-09T19:14:33.082526+00:00 [queued]>
[2022-08-09 19:14:35,144] {taskinstance.py:1356} INFO - 
--------------------------------------------------------------------------------
[2022-08-09 19:14:35,145] {taskinstance.py:1357} INFO - Starting attempt 1 of 1
[2022-08-09 19:14:35,146] {taskinstance.py:1358} INFO - 
--------------------------------------------------------------------------------
[2022-08-09 19:14:35,155] {taskinstance.py:1377} INFO - Executing <Task(BashOperator): download_c> on 2022-08-09 19:14:33.082526+00:00
[2022-08-09 19:14:35,160] {standard_task_runner.py:52} INFO - Started process 9614 to run task
[2022-08-09 19:14:35,163] {standard_task_runner.py:79} INFO - Running: ['***', 'tasks', 'run', 'group_dag.downloads', 'download_c', 'scheduled__2022-08-09T19:14:33.082526+00:00', '--job-id', '63', '--raw', '--subdir', 'DAGS_FOLDER/group_dag.py', '--cfg-path', '/tmp/tmpw1rxl3t8', '--error-file', '/tmp/tmp8l7ox2sa']
[2022-08-09 19:14:35,164] {standard_task_runner.py:80} INFO - Job 63: Subtask download_c
[2022-08-09 19:14:35,218] {task_command.py:369} INFO - Running <TaskInstance: group_dag.downloads.download_c scheduled__2022-08-09T19:14:33.082526+00:00 [running]> on host 40fffbcee5cb
[2022-08-09 19:14:35,272] {taskinstance.py:1571} INFO - Exporting the following env vars:
AIRFLOW_CTX_DAG_OWNER=***
AIRFLOW_CTX_DAG_ID=group_dag.downloads
AIRFLOW_CTX_TASK_ID=download_c
AIRFLOW_CTX_EXECUTION_DATE=2022-08-09T19:14:33.082526+00:00
AIRFLOW_CTX_TRY_NUMBER=1
AIRFLOW_CTX_DAG_RUN_ID=scheduled__2022-08-09T19:14:33.082526+00:00
[2022-08-09 19:14:35,274] {subprocess.py:62} INFO - Tmp dir root location: 
 /tmp
[2022-08-09 19:14:35,275] {subprocess.py:74} INFO - Running command: ['bash', '-c', 'sleep 10']
[2022-08-09 19:14:35,284] {subprocess.py:85} INFO - Output:
[2022-08-09 19:14:45,286] {subprocess.py:96} INFO - Command exited with return code 0
[2022-08-09 19:14:45,337] {taskinstance.py:1400} INFO - Marking task as SUCCESS. dag_id=group_dag.downloads, task_id=download_c, execution_date=20220809T191433, start_date=20220809T191435, end_date=20220809T191445
[2022-08-09 19:14:45,385] {local_task_job.py:156} INFO - Task exited with return code 0
[2022-08-09 19:14:45,425] {local_task_job.py:273} INFO - 0 downstream tasks scheduled from follow-on schedule check
