[2022-08-10 14:19:01,149] {taskinstance.py:1159} INFO - Dependencies all met for <TaskInstance: xcom_dag.processing_tasks.training_model_b manual__2022-08-10T14:18:56.164154+00:00 [queued]>
[2022-08-10 14:19:01,156] {taskinstance.py:1159} INFO - Dependencies all met for <TaskInstance: xcom_dag.processing_tasks.training_model_b manual__2022-08-10T14:18:56.164154+00:00 [queued]>
[2022-08-10 14:19:01,157] {taskinstance.py:1356} INFO - 
--------------------------------------------------------------------------------
[2022-08-10 14:19:01,158] {taskinstance.py:1357} INFO - Starting attempt 1 of 1
[2022-08-10 14:19:01,159] {taskinstance.py:1358} INFO - 
--------------------------------------------------------------------------------
[2022-08-10 14:19:01,169] {taskinstance.py:1377} INFO - Executing <Task(PythonOperator): processing_tasks.training_model_b> on 2022-08-10 14:18:56.164154+00:00
[2022-08-10 14:19:01,173] {standard_task_runner.py:52} INFO - Started process 20233 to run task
[2022-08-10 14:19:01,176] {standard_task_runner.py:79} INFO - Running: ['***', 'tasks', 'run', 'xcom_dag', 'processing_tasks.training_model_b', 'manual__2022-08-10T14:18:56.164154+00:00', '--job-id', '146', '--raw', '--subdir', 'DAGS_FOLDER/xcom_dag.py', '--cfg-path', '/tmp/tmpid69im_s', '--error-file', '/tmp/tmpv1c_t6af']
[2022-08-10 14:19:01,177] {standard_task_runner.py:80} INFO - Job 146: Subtask processing_tasks.training_model_b
[2022-08-10 14:19:01,218] {task_command.py:369} INFO - Running <TaskInstance: xcom_dag.processing_tasks.training_model_b manual__2022-08-10T14:18:56.164154+00:00 [running]> on host 40fffbcee5cb
[2022-08-10 14:19:01,267] {taskinstance.py:1571} INFO - Exporting the following env vars:
AIRFLOW_CTX_DAG_OWNER=***
AIRFLOW_CTX_DAG_ID=xcom_dag
AIRFLOW_CTX_TASK_ID=processing_tasks.training_model_b
AIRFLOW_CTX_EXECUTION_DATE=2022-08-10T14:18:56.164154+00:00
AIRFLOW_CTX_TRY_NUMBER=1
AIRFLOW_CTX_DAG_RUN_ID=manual__2022-08-10T14:18:56.164154+00:00
[2022-08-10 14:19:01,268] {logging_mixin.py:115} INFO - model's accuracy: 7.240173926531433
[2022-08-10 14:19:01,278] {python.py:173} INFO - Done. Returned value was: None
[2022-08-10 14:19:01,296] {taskinstance.py:1400} INFO - Marking task as SUCCESS. dag_id=xcom_dag, task_id=processing_tasks.training_model_b, execution_date=20220810T141856, start_date=20220810T141901, end_date=20220810T141901
[2022-08-10 14:19:01,312] {local_task_job.py:156} INFO - Task exited with return code 0
[2022-08-10 14:19:01,339] {local_task_job.py:273} INFO - 1 downstream tasks scheduled from follow-on schedule check
