[2022-08-10 14:12:06,993] {taskinstance.py:1159} INFO - Dependencies all met for <TaskInstance: xcom_dag.choose_best_model manual__2022-08-10T14:12:00.520146+00:00 [queued]>
[2022-08-10 14:12:07,000] {taskinstance.py:1159} INFO - Dependencies all met for <TaskInstance: xcom_dag.choose_best_model manual__2022-08-10T14:12:00.520146+00:00 [queued]>
[2022-08-10 14:12:07,001] {taskinstance.py:1356} INFO - 
--------------------------------------------------------------------------------
[2022-08-10 14:12:07,002] {taskinstance.py:1357} INFO - Starting attempt 1 of 1
[2022-08-10 14:12:07,003] {taskinstance.py:1358} INFO - 
--------------------------------------------------------------------------------
[2022-08-10 14:12:07,011] {taskinstance.py:1377} INFO - Executing <Task(BranchPythonOperator): choose_best_model> on 2022-08-10 14:12:00.520146+00:00
[2022-08-10 14:12:07,014] {standard_task_runner.py:52} INFO - Started process 19874 to run task
[2022-08-10 14:12:07,017] {standard_task_runner.py:79} INFO - Running: ['***', 'tasks', 'run', 'xcom_dag', 'choose_best_model', 'manual__2022-08-10T14:12:00.520146+00:00', '--job-id', '137', '--raw', '--subdir', 'DAGS_FOLDER/xcom_dag.py', '--cfg-path', '/tmp/tmp2av_ynam', '--error-file', '/tmp/tmpandb3o7b']
[2022-08-10 14:12:07,018] {standard_task_runner.py:80} INFO - Job 137: Subtask choose_best_model
[2022-08-10 14:12:07,054] {task_command.py:369} INFO - Running <TaskInstance: xcom_dag.choose_best_model manual__2022-08-10T14:12:00.520146+00:00 [running]> on host 40fffbcee5cb
[2022-08-10 14:12:07,093] {taskinstance.py:1571} INFO - Exporting the following env vars:
AIRFLOW_CTX_DAG_OWNER=***
AIRFLOW_CTX_DAG_ID=xcom_dag
AIRFLOW_CTX_TASK_ID=choose_best_model
AIRFLOW_CTX_EXECUTION_DATE=2022-08-10T14:12:00.520146+00:00
AIRFLOW_CTX_TRY_NUMBER=1
AIRFLOW_CTX_DAG_RUN_ID=manual__2022-08-10T14:12:00.520146+00:00
[2022-08-10 14:12:07,094] {logging_mixin.py:115} INFO - choose best model
[2022-08-10 14:12:07,101] {python.py:173} INFO - Done. Returned value was: accurate
[2022-08-10 14:12:07,102] {skipmixin.py:140} INFO - Following branch accurate
[2022-08-10 14:12:07,103] {skipmixin.py:175} INFO - Skipping tasks ['inaccurate']
[2022-08-10 14:12:07,130] {taskinstance.py:1400} INFO - Marking task as SUCCESS. dag_id=xcom_dag, task_id=choose_best_model, execution_date=20220810T141200, start_date=20220810T141206, end_date=20220810T141207
[2022-08-10 14:12:07,150] {local_task_job.py:156} INFO - Task exited with return code 0
[2022-08-10 14:12:07,186] {local_task_job.py:273} INFO - 1 downstream tasks scheduled from follow-on schedule check
