[2022-08-09 01:37:14,453] {processor.py:153} INFO - Started process (PID=74) to work on /home/airflow/.local/lib/python3.7/site-packages/airflow/example_dags/example_latest_only_with_trigger.py
[2022-08-09 01:37:14,456] {processor.py:641} INFO - Processing file /home/airflow/.local/lib/python3.7/site-packages/airflow/example_dags/example_latest_only_with_trigger.py for tasks to queue
[2022-08-09 01:37:14,458] {logging_mixin.py:115} INFO - [2022-08-09 01:37:14,458] {dagbag.py:507} INFO - Filling up the DagBag from /home/airflow/.local/lib/python3.7/site-packages/airflow/example_dags/example_latest_only_with_trigger.py
[2022-08-09 01:37:14,463] {processor.py:651} INFO - DAG(s) dict_keys(['latest_only_with_trigger']) retrieved from /home/airflow/.local/lib/python3.7/site-packages/airflow/example_dags/example_latest_only_with_trigger.py
[2022-08-09 01:37:14,486] {logging_mixin.py:115} INFO - [2022-08-09 01:37:14,486] {dag.py:2371} INFO - Sync 1 DAGs
[2022-08-09 01:37:14,506] {logging_mixin.py:115} INFO - [2022-08-09 01:37:14,506] {dag.py:2919} INFO - Setting next_dagrun for latest_only_with_trigger to 2022-08-08T21:37:14.504599+00:00, run_after=2022-08-09T01:37:14.504599+00:00
[2022-08-09 01:37:14,539] {processor.py:161} INFO - Processing /home/airflow/.local/lib/python3.7/site-packages/airflow/example_dags/example_latest_only_with_trigger.py took 0.088 seconds
[2022-08-09 01:37:45,273] {processor.py:153} INFO - Started process (PID=137) to work on /home/airflow/.local/lib/python3.7/site-packages/airflow/example_dags/example_latest_only_with_trigger.py
[2022-08-09 01:37:45,275] {processor.py:641} INFO - Processing file /home/airflow/.local/lib/python3.7/site-packages/airflow/example_dags/example_latest_only_with_trigger.py for tasks to queue
[2022-08-09 01:37:45,276] {logging_mixin.py:115} INFO - [2022-08-09 01:37:45,276] {dagbag.py:507} INFO - Filling up the DagBag from /home/airflow/.local/lib/python3.7/site-packages/airflow/example_dags/example_latest_only_with_trigger.py
[2022-08-09 01:37:45,280] {processor.py:651} INFO - DAG(s) dict_keys(['latest_only_with_trigger']) retrieved from /home/airflow/.local/lib/python3.7/site-packages/airflow/example_dags/example_latest_only_with_trigger.py
[2022-08-09 01:37:45,297] {logging_mixin.py:115} INFO - [2022-08-09 01:37:45,297] {dag.py:2371} INFO - Sync 1 DAGs
[2022-08-09 01:37:45,313] {logging_mixin.py:115} INFO - [2022-08-09 01:37:45,313] {dag.py:2919} INFO - Setting next_dagrun for latest_only_with_trigger to 2022-08-08T21:37:45.313494+00:00, run_after=2022-08-09T01:37:45.313494+00:00
[2022-08-09 01:37:45,322] {processor.py:161} INFO - Processing /home/airflow/.local/lib/python3.7/site-packages/airflow/example_dags/example_latest_only_with_trigger.py took 0.051 seconds
[2022-08-09 01:38:15,929] {processor.py:153} INFO - Started process (PID=191) to work on /home/airflow/.local/lib/python3.7/site-packages/airflow/example_dags/example_latest_only_with_trigger.py
[2022-08-09 01:38:15,930] {processor.py:641} INFO - Processing file /home/airflow/.local/lib/python3.7/site-packages/airflow/example_dags/example_latest_only_with_trigger.py for tasks to queue
[2022-08-09 01:38:15,931] {logging_mixin.py:115} INFO - [2022-08-09 01:38:15,931] {dagbag.py:507} INFO - Filling up the DagBag from /home/airflow/.local/lib/python3.7/site-packages/airflow/example_dags/example_latest_only_with_trigger.py
[2022-08-09 01:38:15,935] {processor.py:651} INFO - DAG(s) dict_keys(['latest_only_with_trigger']) retrieved from /home/airflow/.local/lib/python3.7/site-packages/airflow/example_dags/example_latest_only_with_trigger.py
[2022-08-09 01:38:15,953] {logging_mixin.py:115} INFO - [2022-08-09 01:38:15,953] {dag.py:2371} INFO - Sync 1 DAGs
[2022-08-09 01:38:15,972] {logging_mixin.py:115} INFO - [2022-08-09 01:38:15,972] {dag.py:2919} INFO - Setting next_dagrun for latest_only_with_trigger to 2022-08-08T21:38:15.971932+00:00, run_after=2022-08-09T01:38:15.971932+00:00
[2022-08-09 01:38:15,980] {processor.py:161} INFO - Processing /home/airflow/.local/lib/python3.7/site-packages/airflow/example_dags/example_latest_only_with_trigger.py took 0.054 seconds
[2022-08-09 01:38:46,412] {processor.py:153} INFO - Started process (PID=254) to work on /home/airflow/.local/lib/python3.7/site-packages/airflow/example_dags/example_latest_only_with_trigger.py
[2022-08-09 01:38:46,414] {processor.py:641} INFO - Processing file /home/airflow/.local/lib/python3.7/site-packages/airflow/example_dags/example_latest_only_with_trigger.py for tasks to queue
[2022-08-09 01:38:46,415] {logging_mixin.py:115} INFO - [2022-08-09 01:38:46,415] {dagbag.py:507} INFO - Filling up the DagBag from /home/airflow/.local/lib/python3.7/site-packages/airflow/example_dags/example_latest_only_with_trigger.py
[2022-08-09 01:38:46,419] {processor.py:651} INFO - DAG(s) dict_keys(['latest_only_with_trigger']) retrieved from /home/airflow/.local/lib/python3.7/site-packages/airflow/example_dags/example_latest_only_with_trigger.py
[2022-08-09 01:38:46,435] {logging_mixin.py:115} INFO - [2022-08-09 01:38:46,435] {dag.py:2371} INFO - Sync 1 DAGs
[2022-08-09 01:38:46,451] {logging_mixin.py:115} INFO - [2022-08-09 01:38:46,451] {dag.py:2919} INFO - Setting next_dagrun for latest_only_with_trigger to 2022-08-08T21:38:46.450863+00:00, run_after=2022-08-09T01:38:46.450863+00:00
[2022-08-09 01:38:46,459] {processor.py:161} INFO - Processing /home/airflow/.local/lib/python3.7/site-packages/airflow/example_dags/example_latest_only_with_trigger.py took 0.048 seconds
[2022-08-09 01:39:16,880] {processor.py:153} INFO - Started process (PID=317) to work on /home/airflow/.local/lib/python3.7/site-packages/airflow/example_dags/example_latest_only_with_trigger.py
[2022-08-09 01:39:16,881] {processor.py:641} INFO - Processing file /home/airflow/.local/lib/python3.7/site-packages/airflow/example_dags/example_latest_only_with_trigger.py for tasks to queue
[2022-08-09 01:39:16,882] {logging_mixin.py:115} INFO - [2022-08-09 01:39:16,882] {dagbag.py:507} INFO - Filling up the DagBag from /home/airflow/.local/lib/python3.7/site-packages/airflow/example_dags/example_latest_only_with_trigger.py
[2022-08-09 01:39:16,886] {processor.py:651} INFO - DAG(s) dict_keys(['latest_only_with_trigger']) retrieved from /home/airflow/.local/lib/python3.7/site-packages/airflow/example_dags/example_latest_only_with_trigger.py
[2022-08-09 01:39:16,902] {logging_mixin.py:115} INFO - [2022-08-09 01:39:16,902] {dag.py:2371} INFO - Sync 1 DAGs
[2022-08-09 01:39:16,918] {logging_mixin.py:115} INFO - [2022-08-09 01:39:16,918] {dag.py:2919} INFO - Setting next_dagrun for latest_only_with_trigger to 2022-08-08T21:39:16.918280+00:00, run_after=2022-08-09T01:39:16.918280+00:00
[2022-08-09 01:39:16,926] {processor.py:161} INFO - Processing /home/airflow/.local/lib/python3.7/site-packages/airflow/example_dags/example_latest_only_with_trigger.py took 0.049 seconds
[2022-08-09 01:39:47,526] {processor.py:153} INFO - Started process (PID=380) to work on /home/airflow/.local/lib/python3.7/site-packages/airflow/example_dags/example_latest_only_with_trigger.py
[2022-08-09 01:39:47,528] {processor.py:641} INFO - Processing file /home/airflow/.local/lib/python3.7/site-packages/airflow/example_dags/example_latest_only_with_trigger.py for tasks to queue
[2022-08-09 01:39:47,529] {logging_mixin.py:115} INFO - [2022-08-09 01:39:47,529] {dagbag.py:507} INFO - Filling up the DagBag from /home/airflow/.local/lib/python3.7/site-packages/airflow/example_dags/example_latest_only_with_trigger.py
[2022-08-09 01:39:47,533] {processor.py:651} INFO - DAG(s) dict_keys(['latest_only_with_trigger']) retrieved from /home/airflow/.local/lib/python3.7/site-packages/airflow/example_dags/example_latest_only_with_trigger.py
[2022-08-09 01:39:47,549] {logging_mixin.py:115} INFO - [2022-08-09 01:39:47,548] {dag.py:2371} INFO - Sync 1 DAGs
[2022-08-09 01:39:47,564] {logging_mixin.py:115} INFO - [2022-08-09 01:39:47,564] {dag.py:2919} INFO - Setting next_dagrun for latest_only_with_trigger to 2022-08-08T21:39:47.563913+00:00, run_after=2022-08-09T01:39:47.563913+00:00
[2022-08-09 01:39:47,572] {processor.py:161} INFO - Processing /home/airflow/.local/lib/python3.7/site-packages/airflow/example_dags/example_latest_only_with_trigger.py took 0.048 seconds
[2022-08-09 01:40:18,044] {processor.py:153} INFO - Started process (PID=443) to work on /home/airflow/.local/lib/python3.7/site-packages/airflow/example_dags/example_latest_only_with_trigger.py
[2022-08-09 01:40:18,045] {processor.py:641} INFO - Processing file /home/airflow/.local/lib/python3.7/site-packages/airflow/example_dags/example_latest_only_with_trigger.py for tasks to queue
[2022-08-09 01:40:18,046] {logging_mixin.py:115} INFO - [2022-08-09 01:40:18,046] {dagbag.py:507} INFO - Filling up the DagBag from /home/airflow/.local/lib/python3.7/site-packages/airflow/example_dags/example_latest_only_with_trigger.py
[2022-08-09 01:40:18,050] {processor.py:651} INFO - DAG(s) dict_keys(['latest_only_with_trigger']) retrieved from /home/airflow/.local/lib/python3.7/site-packages/airflow/example_dags/example_latest_only_with_trigger.py
[2022-08-09 01:40:18,067] {logging_mixin.py:115} INFO - [2022-08-09 01:40:18,066] {dag.py:2371} INFO - Sync 1 DAGs
[2022-08-09 01:40:18,082] {logging_mixin.py:115} INFO - [2022-08-09 01:40:18,082] {dag.py:2919} INFO - Setting next_dagrun for latest_only_with_trigger to 2022-08-08T21:40:18.082493+00:00, run_after=2022-08-09T01:40:18.082493+00:00
[2022-08-09 01:40:18,090] {processor.py:161} INFO - Processing /home/airflow/.local/lib/python3.7/site-packages/airflow/example_dags/example_latest_only_with_trigger.py took 0.049 seconds
[2022-08-09 01:40:48,511] {processor.py:153} INFO - Started process (PID=506) to work on /home/airflow/.local/lib/python3.7/site-packages/airflow/example_dags/example_latest_only_with_trigger.py
[2022-08-09 01:40:48,512] {processor.py:641} INFO - Processing file /home/airflow/.local/lib/python3.7/site-packages/airflow/example_dags/example_latest_only_with_trigger.py for tasks to queue
[2022-08-09 01:40:48,513] {logging_mixin.py:115} INFO - [2022-08-09 01:40:48,513] {dagbag.py:507} INFO - Filling up the DagBag from /home/airflow/.local/lib/python3.7/site-packages/airflow/example_dags/example_latest_only_with_trigger.py
[2022-08-09 01:40:48,517] {processor.py:651} INFO - DAG(s) dict_keys(['latest_only_with_trigger']) retrieved from /home/airflow/.local/lib/python3.7/site-packages/airflow/example_dags/example_latest_only_with_trigger.py
[2022-08-09 01:40:48,534] {logging_mixin.py:115} INFO - [2022-08-09 01:40:48,534] {dag.py:2371} INFO - Sync 1 DAGs
[2022-08-09 01:40:48,549] {logging_mixin.py:115} INFO - [2022-08-09 01:40:48,549] {dag.py:2919} INFO - Setting next_dagrun for latest_only_with_trigger to 2022-08-08T21:40:48.549789+00:00, run_after=2022-08-09T01:40:48.549789+00:00
[2022-08-09 01:40:48,558] {processor.py:161} INFO - Processing /home/airflow/.local/lib/python3.7/site-packages/airflow/example_dags/example_latest_only_with_trigger.py took 0.049 seconds
[2022-08-09 01:41:19,098] {processor.py:153} INFO - Started process (PID=560) to work on /home/airflow/.local/lib/python3.7/site-packages/airflow/example_dags/example_latest_only_with_trigger.py
[2022-08-09 01:41:19,099] {processor.py:641} INFO - Processing file /home/airflow/.local/lib/python3.7/site-packages/airflow/example_dags/example_latest_only_with_trigger.py for tasks to queue
[2022-08-09 01:41:19,100] {logging_mixin.py:115} INFO - [2022-08-09 01:41:19,100] {dagbag.py:507} INFO - Filling up the DagBag from /home/airflow/.local/lib/python3.7/site-packages/airflow/example_dags/example_latest_only_with_trigger.py
[2022-08-09 01:41:19,105] {processor.py:651} INFO - DAG(s) dict_keys(['latest_only_with_trigger']) retrieved from /home/airflow/.local/lib/python3.7/site-packages/airflow/example_dags/example_latest_only_with_trigger.py
[2022-08-09 01:41:19,122] {logging_mixin.py:115} INFO - [2022-08-09 01:41:19,122] {dag.py:2371} INFO - Sync 1 DAGs
[2022-08-09 01:41:19,139] {logging_mixin.py:115} INFO - [2022-08-09 01:41:19,139] {dag.py:2919} INFO - Setting next_dagrun for latest_only_with_trigger to 2022-08-08T21:41:19.139101+00:00, run_after=2022-08-09T01:41:19.139101+00:00
[2022-08-09 01:41:19,148] {processor.py:161} INFO - Processing /home/airflow/.local/lib/python3.7/site-packages/airflow/example_dags/example_latest_only_with_trigger.py took 0.052 seconds
[2022-08-09 01:41:49,639] {processor.py:153} INFO - Started process (PID=623) to work on /home/airflow/.local/lib/python3.7/site-packages/airflow/example_dags/example_latest_only_with_trigger.py
[2022-08-09 01:41:49,641] {processor.py:641} INFO - Processing file /home/airflow/.local/lib/python3.7/site-packages/airflow/example_dags/example_latest_only_with_trigger.py for tasks to queue
[2022-08-09 01:41:49,642] {logging_mixin.py:115} INFO - [2022-08-09 01:41:49,642] {dagbag.py:507} INFO - Filling up the DagBag from /home/airflow/.local/lib/python3.7/site-packages/airflow/example_dags/example_latest_only_with_trigger.py
[2022-08-09 01:41:49,646] {processor.py:651} INFO - DAG(s) dict_keys(['latest_only_with_trigger']) retrieved from /home/airflow/.local/lib/python3.7/site-packages/airflow/example_dags/example_latest_only_with_trigger.py
[2022-08-09 01:41:49,662] {logging_mixin.py:115} INFO - [2022-08-09 01:41:49,662] {dag.py:2371} INFO - Sync 1 DAGs
[2022-08-09 01:41:49,677] {logging_mixin.py:115} INFO - [2022-08-09 01:41:49,677] {dag.py:2919} INFO - Setting next_dagrun for latest_only_with_trigger to 2022-08-08T21:41:49.677548+00:00, run_after=2022-08-09T01:41:49.677548+00:00
[2022-08-09 01:41:49,686] {processor.py:161} INFO - Processing /home/airflow/.local/lib/python3.7/site-packages/airflow/example_dags/example_latest_only_with_trigger.py took 0.049 seconds
[2022-08-09 01:42:20,565] {processor.py:153} INFO - Started process (PID=686) to work on /home/airflow/.local/lib/python3.7/site-packages/airflow/example_dags/example_latest_only_with_trigger.py
[2022-08-09 01:42:20,566] {processor.py:641} INFO - Processing file /home/airflow/.local/lib/python3.7/site-packages/airflow/example_dags/example_latest_only_with_trigger.py for tasks to queue
[2022-08-09 01:42:20,567] {logging_mixin.py:115} INFO - [2022-08-09 01:42:20,567] {dagbag.py:507} INFO - Filling up the DagBag from /home/airflow/.local/lib/python3.7/site-packages/airflow/example_dags/example_latest_only_with_trigger.py
[2022-08-09 01:42:20,571] {processor.py:651} INFO - DAG(s) dict_keys(['latest_only_with_trigger']) retrieved from /home/airflow/.local/lib/python3.7/site-packages/airflow/example_dags/example_latest_only_with_trigger.py
[2022-08-09 01:42:20,587] {logging_mixin.py:115} INFO - [2022-08-09 01:42:20,587] {dag.py:2371} INFO - Sync 1 DAGs
[2022-08-09 01:42:20,673] {logging_mixin.py:115} INFO - [2022-08-09 01:42:20,673] {dag.py:2919} INFO - Setting next_dagrun for latest_only_with_trigger to 2022-08-08T21:42:20.672914+00:00, run_after=2022-08-09T01:42:20.672914+00:00
[2022-08-09 01:42:20,681] {processor.py:161} INFO - Processing /home/airflow/.local/lib/python3.7/site-packages/airflow/example_dags/example_latest_only_with_trigger.py took 0.118 seconds
[2022-08-09 01:42:51,499] {processor.py:153} INFO - Started process (PID=749) to work on /home/airflow/.local/lib/python3.7/site-packages/airflow/example_dags/example_latest_only_with_trigger.py
[2022-08-09 01:42:51,500] {processor.py:641} INFO - Processing file /home/airflow/.local/lib/python3.7/site-packages/airflow/example_dags/example_latest_only_with_trigger.py for tasks to queue
[2022-08-09 01:42:51,501] {logging_mixin.py:115} INFO - [2022-08-09 01:42:51,501] {dagbag.py:507} INFO - Filling up the DagBag from /home/airflow/.local/lib/python3.7/site-packages/airflow/example_dags/example_latest_only_with_trigger.py
[2022-08-09 01:42:51,506] {processor.py:651} INFO - DAG(s) dict_keys(['latest_only_with_trigger']) retrieved from /home/airflow/.local/lib/python3.7/site-packages/airflow/example_dags/example_latest_only_with_trigger.py
[2022-08-09 01:42:51,522] {logging_mixin.py:115} INFO - [2022-08-09 01:42:51,522] {dag.py:2371} INFO - Sync 1 DAGs
[2022-08-09 01:42:51,618] {logging_mixin.py:115} INFO - [2022-08-09 01:42:51,618] {dag.py:2919} INFO - Setting next_dagrun for latest_only_with_trigger to 2022-08-08T21:42:51.618097+00:00, run_after=2022-08-09T01:42:51.618097+00:00
[2022-08-09 01:42:51,628] {processor.py:161} INFO - Processing /home/airflow/.local/lib/python3.7/site-packages/airflow/example_dags/example_latest_only_with_trigger.py took 0.131 seconds
[2022-08-09 01:43:22,399] {processor.py:153} INFO - Started process (PID=813) to work on /home/airflow/.local/lib/python3.7/site-packages/airflow/example_dags/example_latest_only_with_trigger.py
[2022-08-09 01:43:22,401] {processor.py:641} INFO - Processing file /home/airflow/.local/lib/python3.7/site-packages/airflow/example_dags/example_latest_only_with_trigger.py for tasks to queue
[2022-08-09 01:43:22,402] {logging_mixin.py:115} INFO - [2022-08-09 01:43:22,402] {dagbag.py:507} INFO - Filling up the DagBag from /home/airflow/.local/lib/python3.7/site-packages/airflow/example_dags/example_latest_only_with_trigger.py
[2022-08-09 01:43:22,406] {processor.py:651} INFO - DAG(s) dict_keys(['latest_only_with_trigger']) retrieved from /home/airflow/.local/lib/python3.7/site-packages/airflow/example_dags/example_latest_only_with_trigger.py
[2022-08-09 01:43:22,422] {logging_mixin.py:115} INFO - [2022-08-09 01:43:22,422] {dag.py:2371} INFO - Sync 1 DAGs
[2022-08-09 01:43:22,510] {logging_mixin.py:115} INFO - [2022-08-09 01:43:22,510] {dag.py:2919} INFO - Setting next_dagrun for latest_only_with_trigger to 2022-08-08T21:43:22.509975+00:00, run_after=2022-08-09T01:43:22.509975+00:00
[2022-08-09 01:43:22,518] {processor.py:161} INFO - Processing /home/airflow/.local/lib/python3.7/site-packages/airflow/example_dags/example_latest_only_with_trigger.py took 0.120 seconds
[2022-08-09 01:43:53,416] {processor.py:153} INFO - Started process (PID=877) to work on /home/airflow/.local/lib/python3.7/site-packages/airflow/example_dags/example_latest_only_with_trigger.py
[2022-08-09 01:43:53,417] {processor.py:641} INFO - Processing file /home/airflow/.local/lib/python3.7/site-packages/airflow/example_dags/example_latest_only_with_trigger.py for tasks to queue
[2022-08-09 01:43:53,418] {logging_mixin.py:115} INFO - [2022-08-09 01:43:53,418] {dagbag.py:507} INFO - Filling up the DagBag from /home/airflow/.local/lib/python3.7/site-packages/airflow/example_dags/example_latest_only_with_trigger.py
[2022-08-09 01:43:53,423] {processor.py:651} INFO - DAG(s) dict_keys(['latest_only_with_trigger']) retrieved from /home/airflow/.local/lib/python3.7/site-packages/airflow/example_dags/example_latest_only_with_trigger.py
[2022-08-09 01:43:53,440] {logging_mixin.py:115} INFO - [2022-08-09 01:43:53,440] {dag.py:2371} INFO - Sync 1 DAGs
[2022-08-09 01:43:53,534] {logging_mixin.py:115} INFO - [2022-08-09 01:43:53,534] {dag.py:2919} INFO - Setting next_dagrun for latest_only_with_trigger to 2022-08-08T21:43:53.534172+00:00, run_after=2022-08-09T01:43:53.534172+00:00
[2022-08-09 01:43:53,542] {processor.py:161} INFO - Processing /home/airflow/.local/lib/python3.7/site-packages/airflow/example_dags/example_latest_only_with_trigger.py took 0.128 seconds
[2022-08-09 01:44:24,470] {processor.py:153} INFO - Started process (PID=940) to work on /home/airflow/.local/lib/python3.7/site-packages/airflow/example_dags/example_latest_only_with_trigger.py
[2022-08-09 01:44:24,471] {processor.py:641} INFO - Processing file /home/airflow/.local/lib/python3.7/site-packages/airflow/example_dags/example_latest_only_with_trigger.py for tasks to queue
[2022-08-09 01:44:24,472] {logging_mixin.py:115} INFO - [2022-08-09 01:44:24,472] {dagbag.py:507} INFO - Filling up the DagBag from /home/airflow/.local/lib/python3.7/site-packages/airflow/example_dags/example_latest_only_with_trigger.py
[2022-08-09 01:44:24,476] {processor.py:651} INFO - DAG(s) dict_keys(['latest_only_with_trigger']) retrieved from /home/airflow/.local/lib/python3.7/site-packages/airflow/example_dags/example_latest_only_with_trigger.py
[2022-08-09 01:44:24,491] {logging_mixin.py:115} INFO - [2022-08-09 01:44:24,491] {dag.py:2371} INFO - Sync 1 DAGs
[2022-08-09 01:44:24,581] {logging_mixin.py:115} INFO - [2022-08-09 01:44:24,581] {dag.py:2919} INFO - Setting next_dagrun for latest_only_with_trigger to 2022-08-08T21:44:24.581379+00:00, run_after=2022-08-09T01:44:24.581379+00:00
[2022-08-09 01:44:24,589] {processor.py:161} INFO - Processing /home/airflow/.local/lib/python3.7/site-packages/airflow/example_dags/example_latest_only_with_trigger.py took 0.122 seconds
[2022-08-09 01:44:55,343] {processor.py:153} INFO - Started process (PID=1004) to work on /home/airflow/.local/lib/python3.7/site-packages/airflow/example_dags/example_latest_only_with_trigger.py
[2022-08-09 01:44:55,344] {processor.py:641} INFO - Processing file /home/airflow/.local/lib/python3.7/site-packages/airflow/example_dags/example_latest_only_with_trigger.py for tasks to queue
[2022-08-09 01:44:55,345] {logging_mixin.py:115} INFO - [2022-08-09 01:44:55,345] {dagbag.py:507} INFO - Filling up the DagBag from /home/airflow/.local/lib/python3.7/site-packages/airflow/example_dags/example_latest_only_with_trigger.py
[2022-08-09 01:44:55,351] {processor.py:651} INFO - DAG(s) dict_keys(['latest_only_with_trigger']) retrieved from /home/airflow/.local/lib/python3.7/site-packages/airflow/example_dags/example_latest_only_with_trigger.py
[2022-08-09 01:44:55,368] {logging_mixin.py:115} INFO - [2022-08-09 01:44:55,368] {dag.py:2371} INFO - Sync 1 DAGs
[2022-08-09 01:44:55,457] {logging_mixin.py:115} INFO - [2022-08-09 01:44:55,457] {dag.py:2919} INFO - Setting next_dagrun for latest_only_with_trigger to 2022-08-08T21:44:55.457368+00:00, run_after=2022-08-09T01:44:55.457368+00:00
[2022-08-09 01:44:55,464] {processor.py:161} INFO - Processing /home/airflow/.local/lib/python3.7/site-packages/airflow/example_dags/example_latest_only_with_trigger.py took 0.123 seconds
[2022-08-09 01:45:25,547] {processor.py:153} INFO - Started process (PID=1068) to work on /home/airflow/.local/lib/python3.7/site-packages/airflow/example_dags/example_latest_only_with_trigger.py
[2022-08-09 01:45:25,549] {processor.py:641} INFO - Processing file /home/airflow/.local/lib/python3.7/site-packages/airflow/example_dags/example_latest_only_with_trigger.py for tasks to queue
[2022-08-09 01:45:25,549] {logging_mixin.py:115} INFO - [2022-08-09 01:45:25,549] {dagbag.py:507} INFO - Filling up the DagBag from /home/airflow/.local/lib/python3.7/site-packages/airflow/example_dags/example_latest_only_with_trigger.py
[2022-08-09 01:45:25,553] {processor.py:651} INFO - DAG(s) dict_keys(['latest_only_with_trigger']) retrieved from /home/airflow/.local/lib/python3.7/site-packages/airflow/example_dags/example_latest_only_with_trigger.py
[2022-08-09 01:45:25,569] {logging_mixin.py:115} INFO - [2022-08-09 01:45:25,569] {dag.py:2371} INFO - Sync 1 DAGs
[2022-08-09 01:45:25,653] {logging_mixin.py:115} INFO - [2022-08-09 01:45:25,653] {dag.py:2919} INFO - Setting next_dagrun for latest_only_with_trigger to 2022-08-08T21:45:25.653542+00:00, run_after=2022-08-09T01:45:25.653542+00:00
[2022-08-09 01:45:25,661] {processor.py:161} INFO - Processing /home/airflow/.local/lib/python3.7/site-packages/airflow/example_dags/example_latest_only_with_trigger.py took 0.115 seconds
[2022-08-09 01:45:55,727] {processor.py:153} INFO - Started process (PID=1122) to work on /home/airflow/.local/lib/python3.7/site-packages/airflow/example_dags/example_latest_only_with_trigger.py
[2022-08-09 01:45:55,728] {processor.py:641} INFO - Processing file /home/airflow/.local/lib/python3.7/site-packages/airflow/example_dags/example_latest_only_with_trigger.py for tasks to queue
[2022-08-09 01:45:55,730] {logging_mixin.py:115} INFO - [2022-08-09 01:45:55,730] {dagbag.py:507} INFO - Filling up the DagBag from /home/airflow/.local/lib/python3.7/site-packages/airflow/example_dags/example_latest_only_with_trigger.py
[2022-08-09 01:45:55,734] {processor.py:651} INFO - DAG(s) dict_keys(['latest_only_with_trigger']) retrieved from /home/airflow/.local/lib/python3.7/site-packages/airflow/example_dags/example_latest_only_with_trigger.py
[2022-08-09 01:45:55,749] {logging_mixin.py:115} INFO - [2022-08-09 01:45:55,749] {dag.py:2371} INFO - Sync 1 DAGs
[2022-08-09 01:45:55,834] {logging_mixin.py:115} INFO - [2022-08-09 01:45:55,834] {dag.py:2919} INFO - Setting next_dagrun for latest_only_with_trigger to 2022-08-08T21:45:55.834061+00:00, run_after=2022-08-09T01:45:55.834061+00:00
[2022-08-09 01:45:55,841] {processor.py:161} INFO - Processing /home/airflow/.local/lib/python3.7/site-packages/airflow/example_dags/example_latest_only_with_trigger.py took 0.116 seconds
[2022-08-09 01:46:26,395] {processor.py:153} INFO - Started process (PID=1185) to work on /home/airflow/.local/lib/python3.7/site-packages/airflow/example_dags/example_latest_only_with_trigger.py
[2022-08-09 01:46:26,396] {processor.py:641} INFO - Processing file /home/airflow/.local/lib/python3.7/site-packages/airflow/example_dags/example_latest_only_with_trigger.py for tasks to queue
[2022-08-09 01:46:26,397] {logging_mixin.py:115} INFO - [2022-08-09 01:46:26,397] {dagbag.py:507} INFO - Filling up the DagBag from /home/airflow/.local/lib/python3.7/site-packages/airflow/example_dags/example_latest_only_with_trigger.py
[2022-08-09 01:46:26,401] {processor.py:651} INFO - DAG(s) dict_keys(['latest_only_with_trigger']) retrieved from /home/airflow/.local/lib/python3.7/site-packages/airflow/example_dags/example_latest_only_with_trigger.py
[2022-08-09 01:46:26,418] {logging_mixin.py:115} INFO - [2022-08-09 01:46:26,418] {dag.py:2371} INFO - Sync 1 DAGs
[2022-08-09 01:46:26,504] {logging_mixin.py:115} INFO - [2022-08-09 01:46:26,504] {dag.py:2919} INFO - Setting next_dagrun for latest_only_with_trigger to 2022-08-08T21:46:26.504545+00:00, run_after=2022-08-09T01:46:26.504545+00:00
[2022-08-09 01:46:26,512] {processor.py:161} INFO - Processing /home/airflow/.local/lib/python3.7/site-packages/airflow/example_dags/example_latest_only_with_trigger.py took 0.119 seconds
[2022-08-09 01:46:57,186] {processor.py:153} INFO - Started process (PID=1249) to work on /home/airflow/.local/lib/python3.7/site-packages/airflow/example_dags/example_latest_only_with_trigger.py
[2022-08-09 01:46:57,188] {processor.py:641} INFO - Processing file /home/airflow/.local/lib/python3.7/site-packages/airflow/example_dags/example_latest_only_with_trigger.py for tasks to queue
[2022-08-09 01:46:57,189] {logging_mixin.py:115} INFO - [2022-08-09 01:46:57,188] {dagbag.py:507} INFO - Filling up the DagBag from /home/airflow/.local/lib/python3.7/site-packages/airflow/example_dags/example_latest_only_with_trigger.py
[2022-08-09 01:46:57,193] {processor.py:651} INFO - DAG(s) dict_keys(['latest_only_with_trigger']) retrieved from /home/airflow/.local/lib/python3.7/site-packages/airflow/example_dags/example_latest_only_with_trigger.py
[2022-08-09 01:46:57,211] {logging_mixin.py:115} INFO - [2022-08-09 01:46:57,211] {dag.py:2371} INFO - Sync 1 DAGs
[2022-08-09 01:46:57,312] {logging_mixin.py:115} INFO - [2022-08-09 01:46:57,312] {dag.py:2919} INFO - Setting next_dagrun for latest_only_with_trigger to 2022-08-08T21:46:57.312652+00:00, run_after=2022-08-09T01:46:57.312652+00:00
[2022-08-09 01:46:57,320] {processor.py:161} INFO - Processing /home/airflow/.local/lib/python3.7/site-packages/airflow/example_dags/example_latest_only_with_trigger.py took 0.135 seconds
[2022-08-09 01:47:28,041] {processor.py:153} INFO - Started process (PID=1313) to work on /home/airflow/.local/lib/python3.7/site-packages/airflow/example_dags/example_latest_only_with_trigger.py
[2022-08-09 01:47:28,044] {processor.py:641} INFO - Processing file /home/airflow/.local/lib/python3.7/site-packages/airflow/example_dags/example_latest_only_with_trigger.py for tasks to queue
[2022-08-09 01:47:28,045] {logging_mixin.py:115} INFO - [2022-08-09 01:47:28,044] {dagbag.py:507} INFO - Filling up the DagBag from /home/airflow/.local/lib/python3.7/site-packages/airflow/example_dags/example_latest_only_with_trigger.py
[2022-08-09 01:47:28,049] {processor.py:651} INFO - DAG(s) dict_keys(['latest_only_with_trigger']) retrieved from /home/airflow/.local/lib/python3.7/site-packages/airflow/example_dags/example_latest_only_with_trigger.py
[2022-08-09 01:47:28,066] {logging_mixin.py:115} INFO - [2022-08-09 01:47:28,066] {dag.py:2371} INFO - Sync 1 DAGs
[2022-08-09 01:47:28,166] {logging_mixin.py:115} INFO - [2022-08-09 01:47:28,166] {dag.py:2919} INFO - Setting next_dagrun for latest_only_with_trigger to 2022-08-08T21:47:28.166233+00:00, run_after=2022-08-09T01:47:28.166233+00:00
[2022-08-09 01:47:28,174] {processor.py:161} INFO - Processing /home/airflow/.local/lib/python3.7/site-packages/airflow/example_dags/example_latest_only_with_trigger.py took 0.135 seconds
[2022-08-09 01:47:58,983] {processor.py:153} INFO - Started process (PID=1376) to work on /home/airflow/.local/lib/python3.7/site-packages/airflow/example_dags/example_latest_only_with_trigger.py
[2022-08-09 01:47:58,985] {processor.py:641} INFO - Processing file /home/airflow/.local/lib/python3.7/site-packages/airflow/example_dags/example_latest_only_with_trigger.py for tasks to queue
[2022-08-09 01:47:58,986] {logging_mixin.py:115} INFO - [2022-08-09 01:47:58,986] {dagbag.py:507} INFO - Filling up the DagBag from /home/airflow/.local/lib/python3.7/site-packages/airflow/example_dags/example_latest_only_with_trigger.py
[2022-08-09 01:47:58,990] {processor.py:651} INFO - DAG(s) dict_keys(['latest_only_with_trigger']) retrieved from /home/airflow/.local/lib/python3.7/site-packages/airflow/example_dags/example_latest_only_with_trigger.py
[2022-08-09 01:47:59,007] {logging_mixin.py:115} INFO - [2022-08-09 01:47:59,007] {dag.py:2371} INFO - Sync 1 DAGs
[2022-08-09 01:47:59,095] {logging_mixin.py:115} INFO - [2022-08-09 01:47:59,095] {dag.py:2919} INFO - Setting next_dagrun for latest_only_with_trigger to 2022-08-08T21:47:59.095109+00:00, run_after=2022-08-09T01:47:59.095109+00:00
[2022-08-09 01:47:59,101] {processor.py:161} INFO - Processing /home/airflow/.local/lib/python3.7/site-packages/airflow/example_dags/example_latest_only_with_trigger.py took 0.120 seconds
[2022-08-09 01:48:29,783] {processor.py:153} INFO - Started process (PID=1439) to work on /home/airflow/.local/lib/python3.7/site-packages/airflow/example_dags/example_latest_only_with_trigger.py
[2022-08-09 01:48:29,785] {processor.py:641} INFO - Processing file /home/airflow/.local/lib/python3.7/site-packages/airflow/example_dags/example_latest_only_with_trigger.py for tasks to queue
[2022-08-09 01:48:29,786] {logging_mixin.py:115} INFO - [2022-08-09 01:48:29,786] {dagbag.py:507} INFO - Filling up the DagBag from /home/airflow/.local/lib/python3.7/site-packages/airflow/example_dags/example_latest_only_with_trigger.py
[2022-08-09 01:48:29,789] {processor.py:651} INFO - DAG(s) dict_keys(['latest_only_with_trigger']) retrieved from /home/airflow/.local/lib/python3.7/site-packages/airflow/example_dags/example_latest_only_with_trigger.py
[2022-08-09 01:48:29,806] {logging_mixin.py:115} INFO - [2022-08-09 01:48:29,806] {dag.py:2371} INFO - Sync 1 DAGs
[2022-08-09 01:48:29,906] {logging_mixin.py:115} INFO - [2022-08-09 01:48:29,906] {dag.py:2919} INFO - Setting next_dagrun for latest_only_with_trigger to 2022-08-08T21:48:29.905948+00:00, run_after=2022-08-09T01:48:29.905948+00:00
[2022-08-09 01:48:29,913] {processor.py:161} INFO - Processing /home/airflow/.local/lib/python3.7/site-packages/airflow/example_dags/example_latest_only_with_trigger.py took 0.132 seconds
[2022-08-09 01:49:00,685] {processor.py:153} INFO - Started process (PID=1502) to work on /home/airflow/.local/lib/python3.7/site-packages/airflow/example_dags/example_latest_only_with_trigger.py
[2022-08-09 01:49:00,686] {processor.py:641} INFO - Processing file /home/airflow/.local/lib/python3.7/site-packages/airflow/example_dags/example_latest_only_with_trigger.py for tasks to queue
[2022-08-09 01:49:00,687] {logging_mixin.py:115} INFO - [2022-08-09 01:49:00,687] {dagbag.py:507} INFO - Filling up the DagBag from /home/airflow/.local/lib/python3.7/site-packages/airflow/example_dags/example_latest_only_with_trigger.py
[2022-08-09 01:49:00,691] {processor.py:651} INFO - DAG(s) dict_keys(['latest_only_with_trigger']) retrieved from /home/airflow/.local/lib/python3.7/site-packages/airflow/example_dags/example_latest_only_with_trigger.py
[2022-08-09 01:49:00,707] {logging_mixin.py:115} INFO - [2022-08-09 01:49:00,707] {dag.py:2371} INFO - Sync 1 DAGs
[2022-08-09 01:49:00,808] {logging_mixin.py:115} INFO - [2022-08-09 01:49:00,808] {dag.py:2919} INFO - Setting next_dagrun for latest_only_with_trigger to 2022-08-08T21:49:00.808251+00:00, run_after=2022-08-09T01:49:00.808251+00:00
[2022-08-09 01:49:00,817] {processor.py:161} INFO - Processing /home/airflow/.local/lib/python3.7/site-packages/airflow/example_dags/example_latest_only_with_trigger.py took 0.134 seconds
[2022-08-09 01:49:31,657] {processor.py:153} INFO - Started process (PID=1556) to work on /home/airflow/.local/lib/python3.7/site-packages/airflow/example_dags/example_latest_only_with_trigger.py
[2022-08-09 01:49:31,658] {processor.py:641} INFO - Processing file /home/airflow/.local/lib/python3.7/site-packages/airflow/example_dags/example_latest_only_with_trigger.py for tasks to queue
[2022-08-09 01:49:31,660] {logging_mixin.py:115} INFO - [2022-08-09 01:49:31,659] {dagbag.py:507} INFO - Filling up the DagBag from /home/airflow/.local/lib/python3.7/site-packages/airflow/example_dags/example_latest_only_with_trigger.py
[2022-08-09 01:49:31,663] {processor.py:651} INFO - DAG(s) dict_keys(['latest_only_with_trigger']) retrieved from /home/airflow/.local/lib/python3.7/site-packages/airflow/example_dags/example_latest_only_with_trigger.py
[2022-08-09 01:49:31,680] {logging_mixin.py:115} INFO - [2022-08-09 01:49:31,680] {dag.py:2371} INFO - Sync 1 DAGs
[2022-08-09 01:49:31,785] {logging_mixin.py:115} INFO - [2022-08-09 01:49:31,785] {dag.py:2919} INFO - Setting next_dagrun for latest_only_with_trigger to 2022-08-08T21:49:31.785475+00:00, run_after=2022-08-09T01:49:31.785475+00:00
[2022-08-09 01:49:31,792] {processor.py:161} INFO - Processing /home/airflow/.local/lib/python3.7/site-packages/airflow/example_dags/example_latest_only_with_trigger.py took 0.137 seconds
[2022-08-09 01:50:02,496] {processor.py:153} INFO - Started process (PID=1619) to work on /home/airflow/.local/lib/python3.7/site-packages/airflow/example_dags/example_latest_only_with_trigger.py
[2022-08-09 01:50:02,498] {processor.py:641} INFO - Processing file /home/airflow/.local/lib/python3.7/site-packages/airflow/example_dags/example_latest_only_with_trigger.py for tasks to queue
[2022-08-09 01:50:02,499] {logging_mixin.py:115} INFO - [2022-08-09 01:50:02,499] {dagbag.py:507} INFO - Filling up the DagBag from /home/airflow/.local/lib/python3.7/site-packages/airflow/example_dags/example_latest_only_with_trigger.py
[2022-08-09 01:50:02,504] {processor.py:651} INFO - DAG(s) dict_keys(['latest_only_with_trigger']) retrieved from /home/airflow/.local/lib/python3.7/site-packages/airflow/example_dags/example_latest_only_with_trigger.py
[2022-08-09 01:50:02,521] {logging_mixin.py:115} INFO - [2022-08-09 01:50:02,521] {dag.py:2371} INFO - Sync 1 DAGs
[2022-08-09 01:50:02,630] {logging_mixin.py:115} INFO - [2022-08-09 01:50:02,630] {dag.py:2919} INFO - Setting next_dagrun for latest_only_with_trigger to 2022-08-08T21:50:02.630119+00:00, run_after=2022-08-09T01:50:02.630119+00:00
[2022-08-09 01:50:02,640] {processor.py:161} INFO - Processing /home/airflow/.local/lib/python3.7/site-packages/airflow/example_dags/example_latest_only_with_trigger.py took 0.145 seconds
