[2022-08-09 01:37:12,115] {processor.py:153} INFO - Started process (PID=60) to work on /home/airflow/.local/lib/python3.7/site-packages/airflow/example_dags/example_trigger_target_dag.py
[2022-08-09 01:37:12,118] {processor.py:641} INFO - Processing file /home/airflow/.local/lib/python3.7/site-packages/airflow/example_dags/example_trigger_target_dag.py for tasks to queue
[2022-08-09 01:37:12,119] {logging_mixin.py:115} INFO - [2022-08-09 01:37:12,119] {dagbag.py:507} INFO - Filling up the DagBag from /home/airflow/.local/lib/python3.7/site-packages/airflow/example_dags/example_trigger_target_dag.py
[2022-08-09 01:37:12,190] {processor.py:651} INFO - DAG(s) dict_keys(['example_trigger_target_dag']) retrieved from /home/airflow/.local/lib/python3.7/site-packages/airflow/example_dags/example_trigger_target_dag.py
[2022-08-09 01:37:12,240] {logging_mixin.py:115} INFO - [2022-08-09 01:37:12,240] {dag.py:2371} INFO - Sync 1 DAGs
[2022-08-09 01:37:12,698] {logging_mixin.py:115} INFO - [2022-08-09 01:37:12,698] {dag.py:2919} INFO - Setting next_dagrun for example_trigger_target_dag to None, run_after=None
[2022-08-09 01:37:12,775] {processor.py:161} INFO - Processing /home/airflow/.local/lib/python3.7/site-packages/airflow/example_dags/example_trigger_target_dag.py took 0.665 seconds
[2022-08-09 01:37:43,170] {processor.py:153} INFO - Started process (PID=114) to work on /home/airflow/.local/lib/python3.7/site-packages/airflow/example_dags/example_trigger_target_dag.py
[2022-08-09 01:37:43,171] {processor.py:641} INFO - Processing file /home/airflow/.local/lib/python3.7/site-packages/airflow/example_dags/example_trigger_target_dag.py for tasks to queue
[2022-08-09 01:37:43,171] {logging_mixin.py:115} INFO - [2022-08-09 01:37:43,171] {dagbag.py:507} INFO - Filling up the DagBag from /home/airflow/.local/lib/python3.7/site-packages/airflow/example_dags/example_trigger_target_dag.py
[2022-08-09 01:37:43,181] {processor.py:651} INFO - DAG(s) dict_keys(['example_trigger_target_dag']) retrieved from /home/airflow/.local/lib/python3.7/site-packages/airflow/example_dags/example_trigger_target_dag.py
[2022-08-09 01:37:43,196] {logging_mixin.py:115} INFO - [2022-08-09 01:37:43,196] {dag.py:2371} INFO - Sync 1 DAGs
[2022-08-09 01:37:43,284] {logging_mixin.py:115} INFO - [2022-08-09 01:37:43,284] {dag.py:2919} INFO - Setting next_dagrun for example_trigger_target_dag to None, run_after=None
[2022-08-09 01:37:43,292] {processor.py:161} INFO - Processing /home/airflow/.local/lib/python3.7/site-packages/airflow/example_dags/example_trigger_target_dag.py took 0.124 seconds
[2022-08-09 01:38:13,899] {processor.py:153} INFO - Started process (PID=177) to work on /home/airflow/.local/lib/python3.7/site-packages/airflow/example_dags/example_trigger_target_dag.py
[2022-08-09 01:38:13,901] {processor.py:641} INFO - Processing file /home/airflow/.local/lib/python3.7/site-packages/airflow/example_dags/example_trigger_target_dag.py for tasks to queue
[2022-08-09 01:38:13,902] {logging_mixin.py:115} INFO - [2022-08-09 01:38:13,902] {dagbag.py:507} INFO - Filling up the DagBag from /home/airflow/.local/lib/python3.7/site-packages/airflow/example_dags/example_trigger_target_dag.py
[2022-08-09 01:38:13,915] {processor.py:651} INFO - DAG(s) dict_keys(['example_trigger_target_dag']) retrieved from /home/airflow/.local/lib/python3.7/site-packages/airflow/example_dags/example_trigger_target_dag.py
[2022-08-09 01:38:13,932] {logging_mixin.py:115} INFO - [2022-08-09 01:38:13,932] {dag.py:2371} INFO - Sync 1 DAGs
[2022-08-09 01:38:14,019] {logging_mixin.py:115} INFO - [2022-08-09 01:38:14,019] {dag.py:2919} INFO - Setting next_dagrun for example_trigger_target_dag to None, run_after=None
[2022-08-09 01:38:14,027] {processor.py:161} INFO - Processing /home/airflow/.local/lib/python3.7/site-packages/airflow/example_dags/example_trigger_target_dag.py took 0.131 seconds
[2022-08-09 01:38:44,425] {processor.py:153} INFO - Started process (PID=240) to work on /home/airflow/.local/lib/python3.7/site-packages/airflow/example_dags/example_trigger_target_dag.py
[2022-08-09 01:38:44,427] {processor.py:641} INFO - Processing file /home/airflow/.local/lib/python3.7/site-packages/airflow/example_dags/example_trigger_target_dag.py for tasks to queue
[2022-08-09 01:38:44,429] {logging_mixin.py:115} INFO - [2022-08-09 01:38:44,429] {dagbag.py:507} INFO - Filling up the DagBag from /home/airflow/.local/lib/python3.7/site-packages/airflow/example_dags/example_trigger_target_dag.py
[2022-08-09 01:38:44,443] {processor.py:651} INFO - DAG(s) dict_keys(['example_trigger_target_dag']) retrieved from /home/airflow/.local/lib/python3.7/site-packages/airflow/example_dags/example_trigger_target_dag.py
[2022-08-09 01:38:44,461] {logging_mixin.py:115} INFO - [2022-08-09 01:38:44,461] {dag.py:2371} INFO - Sync 1 DAGs
[2022-08-09 01:38:44,550] {logging_mixin.py:115} INFO - [2022-08-09 01:38:44,550] {dag.py:2919} INFO - Setting next_dagrun for example_trigger_target_dag to None, run_after=None
[2022-08-09 01:38:44,557] {processor.py:161} INFO - Processing /home/airflow/.local/lib/python3.7/site-packages/airflow/example_dags/example_trigger_target_dag.py took 0.136 seconds
[2022-08-09 01:39:14,937] {processor.py:153} INFO - Started process (PID=303) to work on /home/airflow/.local/lib/python3.7/site-packages/airflow/example_dags/example_trigger_target_dag.py
[2022-08-09 01:39:14,939] {processor.py:641} INFO - Processing file /home/airflow/.local/lib/python3.7/site-packages/airflow/example_dags/example_trigger_target_dag.py for tasks to queue
[2022-08-09 01:39:14,940] {logging_mixin.py:115} INFO - [2022-08-09 01:39:14,940] {dagbag.py:507} INFO - Filling up the DagBag from /home/airflow/.local/lib/python3.7/site-packages/airflow/example_dags/example_trigger_target_dag.py
[2022-08-09 01:39:14,956] {processor.py:651} INFO - DAG(s) dict_keys(['example_trigger_target_dag']) retrieved from /home/airflow/.local/lib/python3.7/site-packages/airflow/example_dags/example_trigger_target_dag.py
[2022-08-09 01:39:14,975] {logging_mixin.py:115} INFO - [2022-08-09 01:39:14,975] {dag.py:2371} INFO - Sync 1 DAGs
[2022-08-09 01:39:15,067] {logging_mixin.py:115} INFO - [2022-08-09 01:39:15,067] {dag.py:2919} INFO - Setting next_dagrun for example_trigger_target_dag to None, run_after=None
[2022-08-09 01:39:15,076] {processor.py:161} INFO - Processing /home/airflow/.local/lib/python3.7/site-packages/airflow/example_dags/example_trigger_target_dag.py took 0.143 seconds
[2022-08-09 01:39:45,499] {processor.py:153} INFO - Started process (PID=366) to work on /home/airflow/.local/lib/python3.7/site-packages/airflow/example_dags/example_trigger_target_dag.py
[2022-08-09 01:39:45,500] {processor.py:641} INFO - Processing file /home/airflow/.local/lib/python3.7/site-packages/airflow/example_dags/example_trigger_target_dag.py for tasks to queue
[2022-08-09 01:39:45,501] {logging_mixin.py:115} INFO - [2022-08-09 01:39:45,501] {dagbag.py:507} INFO - Filling up the DagBag from /home/airflow/.local/lib/python3.7/site-packages/airflow/example_dags/example_trigger_target_dag.py
[2022-08-09 01:39:45,511] {processor.py:651} INFO - DAG(s) dict_keys(['example_trigger_target_dag']) retrieved from /home/airflow/.local/lib/python3.7/site-packages/airflow/example_dags/example_trigger_target_dag.py
[2022-08-09 01:39:45,524] {logging_mixin.py:115} INFO - [2022-08-09 01:39:45,524] {dag.py:2371} INFO - Sync 1 DAGs
[2022-08-09 01:39:45,611] {logging_mixin.py:115} INFO - [2022-08-09 01:39:45,611] {dag.py:2919} INFO - Setting next_dagrun for example_trigger_target_dag to None, run_after=None
[2022-08-09 01:39:45,619] {processor.py:161} INFO - Processing /home/airflow/.local/lib/python3.7/site-packages/airflow/example_dags/example_trigger_target_dag.py took 0.122 seconds
[2022-08-09 01:40:16,071] {processor.py:153} INFO - Started process (PID=429) to work on /home/airflow/.local/lib/python3.7/site-packages/airflow/example_dags/example_trigger_target_dag.py
[2022-08-09 01:40:16,073] {processor.py:641} INFO - Processing file /home/airflow/.local/lib/python3.7/site-packages/airflow/example_dags/example_trigger_target_dag.py for tasks to queue
[2022-08-09 01:40:16,074] {logging_mixin.py:115} INFO - [2022-08-09 01:40:16,074] {dagbag.py:507} INFO - Filling up the DagBag from /home/airflow/.local/lib/python3.7/site-packages/airflow/example_dags/example_trigger_target_dag.py
[2022-08-09 01:40:16,086] {processor.py:651} INFO - DAG(s) dict_keys(['example_trigger_target_dag']) retrieved from /home/airflow/.local/lib/python3.7/site-packages/airflow/example_dags/example_trigger_target_dag.py
[2022-08-09 01:40:16,102] {logging_mixin.py:115} INFO - [2022-08-09 01:40:16,102] {dag.py:2371} INFO - Sync 1 DAGs
[2022-08-09 01:40:16,189] {logging_mixin.py:115} INFO - [2022-08-09 01:40:16,189] {dag.py:2919} INFO - Setting next_dagrun for example_trigger_target_dag to None, run_after=None
[2022-08-09 01:40:16,198] {processor.py:161} INFO - Processing /home/airflow/.local/lib/python3.7/site-packages/airflow/example_dags/example_trigger_target_dag.py took 0.129 seconds
[2022-08-09 01:40:46,540] {processor.py:153} INFO - Started process (PID=483) to work on /home/airflow/.local/lib/python3.7/site-packages/airflow/example_dags/example_trigger_target_dag.py
[2022-08-09 01:40:46,542] {processor.py:641} INFO - Processing file /home/airflow/.local/lib/python3.7/site-packages/airflow/example_dags/example_trigger_target_dag.py for tasks to queue
[2022-08-09 01:40:46,544] {logging_mixin.py:115} INFO - [2022-08-09 01:40:46,543] {dagbag.py:507} INFO - Filling up the DagBag from /home/airflow/.local/lib/python3.7/site-packages/airflow/example_dags/example_trigger_target_dag.py
[2022-08-09 01:40:46,558] {processor.py:651} INFO - DAG(s) dict_keys(['example_trigger_target_dag']) retrieved from /home/airflow/.local/lib/python3.7/site-packages/airflow/example_dags/example_trigger_target_dag.py
[2022-08-09 01:40:46,577] {logging_mixin.py:115} INFO - [2022-08-09 01:40:46,577] {dag.py:2371} INFO - Sync 1 DAGs
[2022-08-09 01:40:46,664] {logging_mixin.py:115} INFO - [2022-08-09 01:40:46,664] {dag.py:2919} INFO - Setting next_dagrun for example_trigger_target_dag to None, run_after=None
[2022-08-09 01:40:46,672] {processor.py:161} INFO - Processing /home/airflow/.local/lib/python3.7/site-packages/airflow/example_dags/example_trigger_target_dag.py took 0.140 seconds
[2022-08-09 01:41:17,140] {processor.py:153} INFO - Started process (PID=546) to work on /home/airflow/.local/lib/python3.7/site-packages/airflow/example_dags/example_trigger_target_dag.py
[2022-08-09 01:41:17,142] {processor.py:641} INFO - Processing file /home/airflow/.local/lib/python3.7/site-packages/airflow/example_dags/example_trigger_target_dag.py for tasks to queue
[2022-08-09 01:41:17,144] {logging_mixin.py:115} INFO - [2022-08-09 01:41:17,144] {dagbag.py:507} INFO - Filling up the DagBag from /home/airflow/.local/lib/python3.7/site-packages/airflow/example_dags/example_trigger_target_dag.py
[2022-08-09 01:41:17,159] {processor.py:651} INFO - DAG(s) dict_keys(['example_trigger_target_dag']) retrieved from /home/airflow/.local/lib/python3.7/site-packages/airflow/example_dags/example_trigger_target_dag.py
[2022-08-09 01:41:17,179] {logging_mixin.py:115} INFO - [2022-08-09 01:41:17,179] {dag.py:2371} INFO - Sync 1 DAGs
[2022-08-09 01:41:17,267] {logging_mixin.py:115} INFO - [2022-08-09 01:41:17,267] {dag.py:2919} INFO - Setting next_dagrun for example_trigger_target_dag to None, run_after=None
[2022-08-09 01:41:17,275] {processor.py:161} INFO - Processing /home/airflow/.local/lib/python3.7/site-packages/airflow/example_dags/example_trigger_target_dag.py took 0.140 seconds
[2022-08-09 01:41:47,667] {processor.py:153} INFO - Started process (PID=609) to work on /home/airflow/.local/lib/python3.7/site-packages/airflow/example_dags/example_trigger_target_dag.py
[2022-08-09 01:41:47,669] {processor.py:641} INFO - Processing file /home/airflow/.local/lib/python3.7/site-packages/airflow/example_dags/example_trigger_target_dag.py for tasks to queue
[2022-08-09 01:41:47,670] {logging_mixin.py:115} INFO - [2022-08-09 01:41:47,670] {dagbag.py:507} INFO - Filling up the DagBag from /home/airflow/.local/lib/python3.7/site-packages/airflow/example_dags/example_trigger_target_dag.py
[2022-08-09 01:41:47,683] {processor.py:651} INFO - DAG(s) dict_keys(['example_trigger_target_dag']) retrieved from /home/airflow/.local/lib/python3.7/site-packages/airflow/example_dags/example_trigger_target_dag.py
[2022-08-09 01:41:47,699] {logging_mixin.py:115} INFO - [2022-08-09 01:41:47,699] {dag.py:2371} INFO - Sync 1 DAGs
[2022-08-09 01:41:47,789] {logging_mixin.py:115} INFO - [2022-08-09 01:41:47,788] {dag.py:2919} INFO - Setting next_dagrun for example_trigger_target_dag to None, run_after=None
[2022-08-09 01:41:47,796] {processor.py:161} INFO - Processing /home/airflow/.local/lib/python3.7/site-packages/airflow/example_dags/example_trigger_target_dag.py took 0.132 seconds
[2022-08-09 01:42:18,363] {processor.py:153} INFO - Started process (PID=672) to work on /home/airflow/.local/lib/python3.7/site-packages/airflow/example_dags/example_trigger_target_dag.py
[2022-08-09 01:42:18,365] {processor.py:641} INFO - Processing file /home/airflow/.local/lib/python3.7/site-packages/airflow/example_dags/example_trigger_target_dag.py for tasks to queue
[2022-08-09 01:42:18,367] {logging_mixin.py:115} INFO - [2022-08-09 01:42:18,366] {dagbag.py:507} INFO - Filling up the DagBag from /home/airflow/.local/lib/python3.7/site-packages/airflow/example_dags/example_trigger_target_dag.py
[2022-08-09 01:42:18,380] {processor.py:651} INFO - DAG(s) dict_keys(['example_trigger_target_dag']) retrieved from /home/airflow/.local/lib/python3.7/site-packages/airflow/example_dags/example_trigger_target_dag.py
[2022-08-09 01:42:18,399] {logging_mixin.py:115} INFO - [2022-08-09 01:42:18,399] {dag.py:2371} INFO - Sync 1 DAGs
[2022-08-09 01:42:18,480] {logging_mixin.py:115} INFO - [2022-08-09 01:42:18,480] {dag.py:2919} INFO - Setting next_dagrun for example_trigger_target_dag to None, run_after=None
[2022-08-09 01:42:18,487] {processor.py:161} INFO - Processing /home/airflow/.local/lib/python3.7/site-packages/airflow/example_dags/example_trigger_target_dag.py took 0.131 seconds
[2022-08-09 01:42:49,273] {processor.py:153} INFO - Started process (PID=735) to work on /home/airflow/.local/lib/python3.7/site-packages/airflow/example_dags/example_trigger_target_dag.py
[2022-08-09 01:42:49,274] {processor.py:641} INFO - Processing file /home/airflow/.local/lib/python3.7/site-packages/airflow/example_dags/example_trigger_target_dag.py for tasks to queue
[2022-08-09 01:42:49,276] {logging_mixin.py:115} INFO - [2022-08-09 01:42:49,276] {dagbag.py:507} INFO - Filling up the DagBag from /home/airflow/.local/lib/python3.7/site-packages/airflow/example_dags/example_trigger_target_dag.py
[2022-08-09 01:42:49,289] {processor.py:651} INFO - DAG(s) dict_keys(['example_trigger_target_dag']) retrieved from /home/airflow/.local/lib/python3.7/site-packages/airflow/example_dags/example_trigger_target_dag.py
[2022-08-09 01:42:49,308] {logging_mixin.py:115} INFO - [2022-08-09 01:42:49,308] {dag.py:2371} INFO - Sync 1 DAGs
[2022-08-09 01:42:49,390] {logging_mixin.py:115} INFO - [2022-08-09 01:42:49,390] {dag.py:2919} INFO - Setting next_dagrun for example_trigger_target_dag to None, run_after=None
[2022-08-09 01:42:49,397] {processor.py:161} INFO - Processing /home/airflow/.local/lib/python3.7/site-packages/airflow/example_dags/example_trigger_target_dag.py took 0.128 seconds
[2022-08-09 01:43:20,202] {processor.py:153} INFO - Started process (PID=799) to work on /home/airflow/.local/lib/python3.7/site-packages/airflow/example_dags/example_trigger_target_dag.py
[2022-08-09 01:43:20,204] {processor.py:641} INFO - Processing file /home/airflow/.local/lib/python3.7/site-packages/airflow/example_dags/example_trigger_target_dag.py for tasks to queue
[2022-08-09 01:43:20,205] {logging_mixin.py:115} INFO - [2022-08-09 01:43:20,205] {dagbag.py:507} INFO - Filling up the DagBag from /home/airflow/.local/lib/python3.7/site-packages/airflow/example_dags/example_trigger_target_dag.py
[2022-08-09 01:43:20,220] {processor.py:651} INFO - DAG(s) dict_keys(['example_trigger_target_dag']) retrieved from /home/airflow/.local/lib/python3.7/site-packages/airflow/example_dags/example_trigger_target_dag.py
[2022-08-09 01:43:20,242] {logging_mixin.py:115} INFO - [2022-08-09 01:43:20,241] {dag.py:2371} INFO - Sync 1 DAGs
[2022-08-09 01:43:20,326] {logging_mixin.py:115} INFO - [2022-08-09 01:43:20,325] {dag.py:2919} INFO - Setting next_dagrun for example_trigger_target_dag to None, run_after=None
[2022-08-09 01:43:20,333] {processor.py:161} INFO - Processing /home/airflow/.local/lib/python3.7/site-packages/airflow/example_dags/example_trigger_target_dag.py took 0.135 seconds
[2022-08-09 01:43:51,182] {processor.py:153} INFO - Started process (PID=863) to work on /home/airflow/.local/lib/python3.7/site-packages/airflow/example_dags/example_trigger_target_dag.py
[2022-08-09 01:43:51,186] {processor.py:641} INFO - Processing file /home/airflow/.local/lib/python3.7/site-packages/airflow/example_dags/example_trigger_target_dag.py for tasks to queue
[2022-08-09 01:43:51,188] {logging_mixin.py:115} INFO - [2022-08-09 01:43:51,188] {dagbag.py:507} INFO - Filling up the DagBag from /home/airflow/.local/lib/python3.7/site-packages/airflow/example_dags/example_trigger_target_dag.py
[2022-08-09 01:43:51,202] {processor.py:651} INFO - DAG(s) dict_keys(['example_trigger_target_dag']) retrieved from /home/airflow/.local/lib/python3.7/site-packages/airflow/example_dags/example_trigger_target_dag.py
[2022-08-09 01:43:51,222] {logging_mixin.py:115} INFO - [2022-08-09 01:43:51,222] {dag.py:2371} INFO - Sync 1 DAGs
[2022-08-09 01:43:51,306] {logging_mixin.py:115} INFO - [2022-08-09 01:43:51,306] {dag.py:2919} INFO - Setting next_dagrun for example_trigger_target_dag to None, run_after=None
[2022-08-09 01:43:51,313] {processor.py:161} INFO - Processing /home/airflow/.local/lib/python3.7/site-packages/airflow/example_dags/example_trigger_target_dag.py took 0.135 seconds
[2022-08-09 01:44:22,237] {processor.py:153} INFO - Started process (PID=926) to work on /home/airflow/.local/lib/python3.7/site-packages/airflow/example_dags/example_trigger_target_dag.py
[2022-08-09 01:44:22,239] {processor.py:641} INFO - Processing file /home/airflow/.local/lib/python3.7/site-packages/airflow/example_dags/example_trigger_target_dag.py for tasks to queue
[2022-08-09 01:44:22,241] {logging_mixin.py:115} INFO - [2022-08-09 01:44:22,241] {dagbag.py:507} INFO - Filling up the DagBag from /home/airflow/.local/lib/python3.7/site-packages/airflow/example_dags/example_trigger_target_dag.py
[2022-08-09 01:44:22,256] {processor.py:651} INFO - DAG(s) dict_keys(['example_trigger_target_dag']) retrieved from /home/airflow/.local/lib/python3.7/site-packages/airflow/example_dags/example_trigger_target_dag.py
[2022-08-09 01:44:22,278] {logging_mixin.py:115} INFO - [2022-08-09 01:44:22,278] {dag.py:2371} INFO - Sync 1 DAGs
[2022-08-09 01:44:22,367] {logging_mixin.py:115} INFO - [2022-08-09 01:44:22,367] {dag.py:2919} INFO - Setting next_dagrun for example_trigger_target_dag to None, run_after=None
[2022-08-09 01:44:22,374] {processor.py:161} INFO - Processing /home/airflow/.local/lib/python3.7/site-packages/airflow/example_dags/example_trigger_target_dag.py took 0.142 seconds
[2022-08-09 01:44:53,062] {processor.py:153} INFO - Started process (PID=981) to work on /home/airflow/.local/lib/python3.7/site-packages/airflow/example_dags/example_trigger_target_dag.py
[2022-08-09 01:44:53,063] {processor.py:641} INFO - Processing file /home/airflow/.local/lib/python3.7/site-packages/airflow/example_dags/example_trigger_target_dag.py for tasks to queue
[2022-08-09 01:44:53,064] {logging_mixin.py:115} INFO - [2022-08-09 01:44:53,064] {dagbag.py:507} INFO - Filling up the DagBag from /home/airflow/.local/lib/python3.7/site-packages/airflow/example_dags/example_trigger_target_dag.py
[2022-08-09 01:44:53,073] {processor.py:651} INFO - DAG(s) dict_keys(['example_trigger_target_dag']) retrieved from /home/airflow/.local/lib/python3.7/site-packages/airflow/example_dags/example_trigger_target_dag.py
[2022-08-09 01:44:53,092] {logging_mixin.py:115} INFO - [2022-08-09 01:44:53,092] {dag.py:2371} INFO - Sync 1 DAGs
[2022-08-09 01:44:53,196] {logging_mixin.py:115} INFO - [2022-08-09 01:44:53,196] {dag.py:2919} INFO - Setting next_dagrun for example_trigger_target_dag to None, run_after=None
[2022-08-09 01:44:53,209] {processor.py:161} INFO - Processing /home/airflow/.local/lib/python3.7/site-packages/airflow/example_dags/example_trigger_target_dag.py took 0.149 seconds
[2022-08-09 01:45:24,088] {processor.py:153} INFO - Started process (PID=1044) to work on /home/airflow/.local/lib/python3.7/site-packages/airflow/example_dags/example_trigger_target_dag.py
[2022-08-09 01:45:24,089] {processor.py:641} INFO - Processing file /home/airflow/.local/lib/python3.7/site-packages/airflow/example_dags/example_trigger_target_dag.py for tasks to queue
[2022-08-09 01:45:24,090] {logging_mixin.py:115} INFO - [2022-08-09 01:45:24,090] {dagbag.py:507} INFO - Filling up the DagBag from /home/airflow/.local/lib/python3.7/site-packages/airflow/example_dags/example_trigger_target_dag.py
[2022-08-09 01:45:24,100] {processor.py:651} INFO - DAG(s) dict_keys(['example_trigger_target_dag']) retrieved from /home/airflow/.local/lib/python3.7/site-packages/airflow/example_dags/example_trigger_target_dag.py
[2022-08-09 01:45:24,117] {logging_mixin.py:115} INFO - [2022-08-09 01:45:24,117] {dag.py:2371} INFO - Sync 1 DAGs
[2022-08-09 01:45:24,212] {logging_mixin.py:115} INFO - [2022-08-09 01:45:24,212] {dag.py:2919} INFO - Setting next_dagrun for example_trigger_target_dag to None, run_after=None
[2022-08-09 01:45:24,219] {processor.py:161} INFO - Processing /home/airflow/.local/lib/python3.7/site-packages/airflow/example_dags/example_trigger_target_dag.py took 0.133 seconds
[2022-08-09 01:45:54,348] {processor.py:153} INFO - Started process (PID=1108) to work on /home/airflow/.local/lib/python3.7/site-packages/airflow/example_dags/example_trigger_target_dag.py
[2022-08-09 01:45:54,351] {processor.py:641} INFO - Processing file /home/airflow/.local/lib/python3.7/site-packages/airflow/example_dags/example_trigger_target_dag.py for tasks to queue
[2022-08-09 01:45:54,353] {logging_mixin.py:115} INFO - [2022-08-09 01:45:54,353] {dagbag.py:507} INFO - Filling up the DagBag from /home/airflow/.local/lib/python3.7/site-packages/airflow/example_dags/example_trigger_target_dag.py
[2022-08-09 01:45:54,366] {processor.py:651} INFO - DAG(s) dict_keys(['example_trigger_target_dag']) retrieved from /home/airflow/.local/lib/python3.7/site-packages/airflow/example_dags/example_trigger_target_dag.py
[2022-08-09 01:45:54,385] {logging_mixin.py:115} INFO - [2022-08-09 01:45:54,385] {dag.py:2371} INFO - Sync 1 DAGs
[2022-08-09 01:45:54,471] {logging_mixin.py:115} INFO - [2022-08-09 01:45:54,471] {dag.py:2919} INFO - Setting next_dagrun for example_trigger_target_dag to None, run_after=None
[2022-08-09 01:45:54,478] {processor.py:161} INFO - Processing /home/airflow/.local/lib/python3.7/site-packages/airflow/example_dags/example_trigger_target_dag.py took 0.133 seconds
[2022-08-09 01:46:25,341] {processor.py:153} INFO - Started process (PID=1171) to work on /home/airflow/.local/lib/python3.7/site-packages/airflow/example_dags/example_trigger_target_dag.py
[2022-08-09 01:46:25,343] {processor.py:641} INFO - Processing file /home/airflow/.local/lib/python3.7/site-packages/airflow/example_dags/example_trigger_target_dag.py for tasks to queue
[2022-08-09 01:46:25,344] {logging_mixin.py:115} INFO - [2022-08-09 01:46:25,344] {dagbag.py:507} INFO - Filling up the DagBag from /home/airflow/.local/lib/python3.7/site-packages/airflow/example_dags/example_trigger_target_dag.py
[2022-08-09 01:46:25,353] {processor.py:651} INFO - DAG(s) dict_keys(['example_trigger_target_dag']) retrieved from /home/airflow/.local/lib/python3.7/site-packages/airflow/example_dags/example_trigger_target_dag.py
[2022-08-09 01:46:25,370] {logging_mixin.py:115} INFO - [2022-08-09 01:46:25,370] {dag.py:2371} INFO - Sync 1 DAGs
[2022-08-09 01:46:25,451] {logging_mixin.py:115} INFO - [2022-08-09 01:46:25,451] {dag.py:2919} INFO - Setting next_dagrun for example_trigger_target_dag to None, run_after=None
[2022-08-09 01:46:25,457] {processor.py:161} INFO - Processing /home/airflow/.local/lib/python3.7/site-packages/airflow/example_dags/example_trigger_target_dag.py took 0.119 seconds
[2022-08-09 01:46:55,995] {processor.py:153} INFO - Started process (PID=1235) to work on /home/airflow/.local/lib/python3.7/site-packages/airflow/example_dags/example_trigger_target_dag.py
[2022-08-09 01:46:55,997] {processor.py:641} INFO - Processing file /home/airflow/.local/lib/python3.7/site-packages/airflow/example_dags/example_trigger_target_dag.py for tasks to queue
[2022-08-09 01:46:55,999] {logging_mixin.py:115} INFO - [2022-08-09 01:46:55,998] {dagbag.py:507} INFO - Filling up the DagBag from /home/airflow/.local/lib/python3.7/site-packages/airflow/example_dags/example_trigger_target_dag.py
[2022-08-09 01:46:56,014] {processor.py:651} INFO - DAG(s) dict_keys(['example_trigger_target_dag']) retrieved from /home/airflow/.local/lib/python3.7/site-packages/airflow/example_dags/example_trigger_target_dag.py
[2022-08-09 01:46:56,034] {logging_mixin.py:115} INFO - [2022-08-09 01:46:56,034] {dag.py:2371} INFO - Sync 1 DAGs
[2022-08-09 01:46:56,117] {logging_mixin.py:115} INFO - [2022-08-09 01:46:56,117] {dag.py:2919} INFO - Setting next_dagrun for example_trigger_target_dag to None, run_after=None
[2022-08-09 01:46:56,124] {processor.py:161} INFO - Processing /home/airflow/.local/lib/python3.7/site-packages/airflow/example_dags/example_trigger_target_dag.py took 0.134 seconds
[2022-08-09 01:47:26,922] {processor.py:153} INFO - Started process (PID=1299) to work on /home/airflow/.local/lib/python3.7/site-packages/airflow/example_dags/example_trigger_target_dag.py
[2022-08-09 01:47:26,924] {processor.py:641} INFO - Processing file /home/airflow/.local/lib/python3.7/site-packages/airflow/example_dags/example_trigger_target_dag.py for tasks to queue
[2022-08-09 01:47:26,926] {logging_mixin.py:115} INFO - [2022-08-09 01:47:26,926] {dagbag.py:507} INFO - Filling up the DagBag from /home/airflow/.local/lib/python3.7/site-packages/airflow/example_dags/example_trigger_target_dag.py
[2022-08-09 01:47:26,941] {processor.py:651} INFO - DAG(s) dict_keys(['example_trigger_target_dag']) retrieved from /home/airflow/.local/lib/python3.7/site-packages/airflow/example_dags/example_trigger_target_dag.py
[2022-08-09 01:47:27,035] {logging_mixin.py:115} INFO - [2022-08-09 01:47:27,035] {dag.py:2371} INFO - Sync 1 DAGs
[2022-08-09 01:47:27,045] {logging_mixin.py:115} INFO - [2022-08-09 01:47:27,045] {dag.py:2919} INFO - Setting next_dagrun for example_trigger_target_dag to None, run_after=None
[2022-08-09 01:47:27,052] {processor.py:161} INFO - Processing /home/airflow/.local/lib/python3.7/site-packages/airflow/example_dags/example_trigger_target_dag.py took 0.135 seconds
[2022-08-09 01:47:57,685] {processor.py:153} INFO - Started process (PID=1362) to work on /home/airflow/.local/lib/python3.7/site-packages/airflow/example_dags/example_trigger_target_dag.py
[2022-08-09 01:47:57,687] {processor.py:641} INFO - Processing file /home/airflow/.local/lib/python3.7/site-packages/airflow/example_dags/example_trigger_target_dag.py for tasks to queue
[2022-08-09 01:47:57,689] {logging_mixin.py:115} INFO - [2022-08-09 01:47:57,688] {dagbag.py:507} INFO - Filling up the DagBag from /home/airflow/.local/lib/python3.7/site-packages/airflow/example_dags/example_trigger_target_dag.py
[2022-08-09 01:47:57,700] {processor.py:651} INFO - DAG(s) dict_keys(['example_trigger_target_dag']) retrieved from /home/airflow/.local/lib/python3.7/site-packages/airflow/example_dags/example_trigger_target_dag.py
[2022-08-09 01:47:57,793] {logging_mixin.py:115} INFO - [2022-08-09 01:47:57,793] {dag.py:2371} INFO - Sync 1 DAGs
[2022-08-09 01:47:57,805] {logging_mixin.py:115} INFO - [2022-08-09 01:47:57,805] {dag.py:2919} INFO - Setting next_dagrun for example_trigger_target_dag to None, run_after=None
[2022-08-09 01:47:57,813] {processor.py:161} INFO - Processing /home/airflow/.local/lib/python3.7/site-packages/airflow/example_dags/example_trigger_target_dag.py took 0.132 seconds
[2022-08-09 01:48:28,660] {processor.py:153} INFO - Started process (PID=1425) to work on /home/airflow/.local/lib/python3.7/site-packages/airflow/example_dags/example_trigger_target_dag.py
[2022-08-09 01:48:28,663] {processor.py:641} INFO - Processing file /home/airflow/.local/lib/python3.7/site-packages/airflow/example_dags/example_trigger_target_dag.py for tasks to queue
[2022-08-09 01:48:28,665] {logging_mixin.py:115} INFO - [2022-08-09 01:48:28,665] {dagbag.py:507} INFO - Filling up the DagBag from /home/airflow/.local/lib/python3.7/site-packages/airflow/example_dags/example_trigger_target_dag.py
[2022-08-09 01:48:28,680] {processor.py:651} INFO - DAG(s) dict_keys(['example_trigger_target_dag']) retrieved from /home/airflow/.local/lib/python3.7/site-packages/airflow/example_dags/example_trigger_target_dag.py
[2022-08-09 01:48:28,780] {logging_mixin.py:115} INFO - [2022-08-09 01:48:28,780] {dag.py:2371} INFO - Sync 1 DAGs
[2022-08-09 01:48:28,792] {logging_mixin.py:115} INFO - [2022-08-09 01:48:28,792] {dag.py:2919} INFO - Setting next_dagrun for example_trigger_target_dag to None, run_after=None
[2022-08-09 01:48:28,802] {processor.py:161} INFO - Processing /home/airflow/.local/lib/python3.7/site-packages/airflow/example_dags/example_trigger_target_dag.py took 0.148 seconds
[2022-08-09 01:48:59,512] {processor.py:153} INFO - Started process (PID=1479) to work on /home/airflow/.local/lib/python3.7/site-packages/airflow/example_dags/example_trigger_target_dag.py
[2022-08-09 01:48:59,514] {processor.py:641} INFO - Processing file /home/airflow/.local/lib/python3.7/site-packages/airflow/example_dags/example_trigger_target_dag.py for tasks to queue
[2022-08-09 01:48:59,515] {logging_mixin.py:115} INFO - [2022-08-09 01:48:59,515] {dagbag.py:507} INFO - Filling up the DagBag from /home/airflow/.local/lib/python3.7/site-packages/airflow/example_dags/example_trigger_target_dag.py
[2022-08-09 01:48:59,528] {processor.py:651} INFO - DAG(s) dict_keys(['example_trigger_target_dag']) retrieved from /home/airflow/.local/lib/python3.7/site-packages/airflow/example_dags/example_trigger_target_dag.py
[2022-08-09 01:48:59,633] {logging_mixin.py:115} INFO - [2022-08-09 01:48:59,633] {dag.py:2371} INFO - Sync 1 DAGs
[2022-08-09 01:48:59,648] {logging_mixin.py:115} INFO - [2022-08-09 01:48:59,648] {dag.py:2919} INFO - Setting next_dagrun for example_trigger_target_dag to None, run_after=None
[2022-08-09 01:48:59,655] {processor.py:161} INFO - Processing /home/airflow/.local/lib/python3.7/site-packages/airflow/example_dags/example_trigger_target_dag.py took 0.146 seconds
