[2022-08-09 01:37:14,079] {processor.py:153} INFO - Started process (PID=71) to work on /home/airflow/.local/lib/python3.7/site-packages/airflow/example_dags/example_branch_operator_decorator.py
[2022-08-09 01:37:14,081] {processor.py:641} INFO - Processing file /home/airflow/.local/lib/python3.7/site-packages/airflow/example_dags/example_branch_operator_decorator.py for tasks to queue
[2022-08-09 01:37:14,083] {logging_mixin.py:115} INFO - [2022-08-09 01:37:14,083] {dagbag.py:507} INFO - Filling up the DagBag from /home/airflow/.local/lib/python3.7/site-packages/airflow/example_dags/example_branch_operator_decorator.py
[2022-08-09 01:37:14,102] {processor.py:651} INFO - DAG(s) dict_keys(['example_branch_python_operator_decorator']) retrieved from /home/airflow/.local/lib/python3.7/site-packages/airflow/example_dags/example_branch_operator_decorator.py
[2022-08-09 01:37:14,126] {logging_mixin.py:115} INFO - [2022-08-09 01:37:14,126] {dag.py:2371} INFO - Sync 1 DAGs
[2022-08-09 01:37:14,241] {logging_mixin.py:115} INFO - [2022-08-09 01:37:14,241] {dag.py:2919} INFO - Setting next_dagrun for example_branch_python_operator_decorator to 2022-08-08T00:00:00+00:00, run_after=2022-08-09T00:00:00+00:00
[2022-08-09 01:37:14,251] {processor.py:161} INFO - Processing /home/airflow/.local/lib/python3.7/site-packages/airflow/example_dags/example_branch_operator_decorator.py took 0.175 seconds
[2022-08-09 01:37:45,063] {processor.py:153} INFO - Started process (PID=132) to work on /home/airflow/.local/lib/python3.7/site-packages/airflow/example_dags/example_branch_operator_decorator.py
[2022-08-09 01:37:45,064] {processor.py:641} INFO - Processing file /home/airflow/.local/lib/python3.7/site-packages/airflow/example_dags/example_branch_operator_decorator.py for tasks to queue
[2022-08-09 01:37:45,065] {logging_mixin.py:115} INFO - [2022-08-09 01:37:45,065] {dagbag.py:507} INFO - Filling up the DagBag from /home/airflow/.local/lib/python3.7/site-packages/airflow/example_dags/example_branch_operator_decorator.py
[2022-08-09 01:37:45,076] {processor.py:651} INFO - DAG(s) dict_keys(['example_branch_python_operator_decorator']) retrieved from /home/airflow/.local/lib/python3.7/site-packages/airflow/example_dags/example_branch_operator_decorator.py
[2022-08-09 01:37:45,091] {logging_mixin.py:115} INFO - [2022-08-09 01:37:45,091] {dag.py:2371} INFO - Sync 1 DAGs
[2022-08-09 01:37:45,174] {logging_mixin.py:115} INFO - [2022-08-09 01:37:45,174] {dag.py:2919} INFO - Setting next_dagrun for example_branch_python_operator_decorator to 2022-08-08T00:00:00+00:00, run_after=2022-08-09T00:00:00+00:00
[2022-08-09 01:37:45,182] {processor.py:161} INFO - Processing /home/airflow/.local/lib/python3.7/site-packages/airflow/example_dags/example_branch_operator_decorator.py took 0.121 seconds
[2022-08-09 01:38:15,713] {processor.py:153} INFO - Started process (PID=188) to work on /home/airflow/.local/lib/python3.7/site-packages/airflow/example_dags/example_branch_operator_decorator.py
[2022-08-09 01:38:15,714] {processor.py:641} INFO - Processing file /home/airflow/.local/lib/python3.7/site-packages/airflow/example_dags/example_branch_operator_decorator.py for tasks to queue
[2022-08-09 01:38:15,716] {logging_mixin.py:115} INFO - [2022-08-09 01:38:15,716] {dagbag.py:507} INFO - Filling up the DagBag from /home/airflow/.local/lib/python3.7/site-packages/airflow/example_dags/example_branch_operator_decorator.py
[2022-08-09 01:38:15,725] {processor.py:651} INFO - DAG(s) dict_keys(['example_branch_python_operator_decorator']) retrieved from /home/airflow/.local/lib/python3.7/site-packages/airflow/example_dags/example_branch_operator_decorator.py
[2022-08-09 01:38:15,740] {logging_mixin.py:115} INFO - [2022-08-09 01:38:15,740] {dag.py:2371} INFO - Sync 1 DAGs
[2022-08-09 01:38:15,824] {logging_mixin.py:115} INFO - [2022-08-09 01:38:15,824] {dag.py:2919} INFO - Setting next_dagrun for example_branch_python_operator_decorator to 2022-08-08T00:00:00+00:00, run_after=2022-08-09T00:00:00+00:00
[2022-08-09 01:38:15,832] {processor.py:161} INFO - Processing /home/airflow/.local/lib/python3.7/site-packages/airflow/example_dags/example_branch_operator_decorator.py took 0.121 seconds
[2022-08-09 01:38:46,214] {processor.py:153} INFO - Started process (PID=251) to work on /home/airflow/.local/lib/python3.7/site-packages/airflow/example_dags/example_branch_operator_decorator.py
[2022-08-09 01:38:46,215] {processor.py:641} INFO - Processing file /home/airflow/.local/lib/python3.7/site-packages/airflow/example_dags/example_branch_operator_decorator.py for tasks to queue
[2022-08-09 01:38:46,216] {logging_mixin.py:115} INFO - [2022-08-09 01:38:46,216] {dagbag.py:507} INFO - Filling up the DagBag from /home/airflow/.local/lib/python3.7/site-packages/airflow/example_dags/example_branch_operator_decorator.py
[2022-08-09 01:38:46,225] {processor.py:651} INFO - DAG(s) dict_keys(['example_branch_python_operator_decorator']) retrieved from /home/airflow/.local/lib/python3.7/site-packages/airflow/example_dags/example_branch_operator_decorator.py
[2022-08-09 01:38:46,242] {logging_mixin.py:115} INFO - [2022-08-09 01:38:46,241] {dag.py:2371} INFO - Sync 1 DAGs
[2022-08-09 01:38:46,318] {logging_mixin.py:115} INFO - [2022-08-09 01:38:46,318] {dag.py:2919} INFO - Setting next_dagrun for example_branch_python_operator_decorator to 2022-08-08T00:00:00+00:00, run_after=2022-08-09T00:00:00+00:00
[2022-08-09 01:38:46,325] {processor.py:161} INFO - Processing /home/airflow/.local/lib/python3.7/site-packages/airflow/example_dags/example_branch_operator_decorator.py took 0.113 seconds
[2022-08-09 01:39:16,682] {processor.py:153} INFO - Started process (PID=314) to work on /home/airflow/.local/lib/python3.7/site-packages/airflow/example_dags/example_branch_operator_decorator.py
[2022-08-09 01:39:16,684] {processor.py:641} INFO - Processing file /home/airflow/.local/lib/python3.7/site-packages/airflow/example_dags/example_branch_operator_decorator.py for tasks to queue
[2022-08-09 01:39:16,684] {logging_mixin.py:115} INFO - [2022-08-09 01:39:16,684] {dagbag.py:507} INFO - Filling up the DagBag from /home/airflow/.local/lib/python3.7/site-packages/airflow/example_dags/example_branch_operator_decorator.py
[2022-08-09 01:39:16,694] {processor.py:651} INFO - DAG(s) dict_keys(['example_branch_python_operator_decorator']) retrieved from /home/airflow/.local/lib/python3.7/site-packages/airflow/example_dags/example_branch_operator_decorator.py
[2022-08-09 01:39:16,710] {logging_mixin.py:115} INFO - [2022-08-09 01:39:16,710] {dag.py:2371} INFO - Sync 1 DAGs
[2022-08-09 01:39:16,787] {logging_mixin.py:115} INFO - [2022-08-09 01:39:16,787] {dag.py:2919} INFO - Setting next_dagrun for example_branch_python_operator_decorator to 2022-08-08T00:00:00+00:00, run_after=2022-08-09T00:00:00+00:00
[2022-08-09 01:39:16,793] {processor.py:161} INFO - Processing /home/airflow/.local/lib/python3.7/site-packages/airflow/example_dags/example_branch_operator_decorator.py took 0.113 seconds
[2022-08-09 01:39:47,325] {processor.py:153} INFO - Started process (PID=377) to work on /home/airflow/.local/lib/python3.7/site-packages/airflow/example_dags/example_branch_operator_decorator.py
[2022-08-09 01:39:47,327] {processor.py:641} INFO - Processing file /home/airflow/.local/lib/python3.7/site-packages/airflow/example_dags/example_branch_operator_decorator.py for tasks to queue
[2022-08-09 01:39:47,327] {logging_mixin.py:115} INFO - [2022-08-09 01:39:47,327] {dagbag.py:507} INFO - Filling up the DagBag from /home/airflow/.local/lib/python3.7/site-packages/airflow/example_dags/example_branch_operator_decorator.py
[2022-08-09 01:39:47,337] {processor.py:651} INFO - DAG(s) dict_keys(['example_branch_python_operator_decorator']) retrieved from /home/airflow/.local/lib/python3.7/site-packages/airflow/example_dags/example_branch_operator_decorator.py
[2022-08-09 01:39:47,352] {logging_mixin.py:115} INFO - [2022-08-09 01:39:47,352] {dag.py:2371} INFO - Sync 1 DAGs
[2022-08-09 01:39:47,430] {logging_mixin.py:115} INFO - [2022-08-09 01:39:47,430] {dag.py:2919} INFO - Setting next_dagrun for example_branch_python_operator_decorator to 2022-08-08T00:00:00+00:00, run_after=2022-08-09T00:00:00+00:00
[2022-08-09 01:39:47,438] {processor.py:161} INFO - Processing /home/airflow/.local/lib/python3.7/site-packages/airflow/example_dags/example_branch_operator_decorator.py took 0.115 seconds
[2022-08-09 01:40:17,843] {processor.py:153} INFO - Started process (PID=440) to work on /home/airflow/.local/lib/python3.7/site-packages/airflow/example_dags/example_branch_operator_decorator.py
[2022-08-09 01:40:17,844] {processor.py:641} INFO - Processing file /home/airflow/.local/lib/python3.7/site-packages/airflow/example_dags/example_branch_operator_decorator.py for tasks to queue
[2022-08-09 01:40:17,845] {logging_mixin.py:115} INFO - [2022-08-09 01:40:17,845] {dagbag.py:507} INFO - Filling up the DagBag from /home/airflow/.local/lib/python3.7/site-packages/airflow/example_dags/example_branch_operator_decorator.py
[2022-08-09 01:40:17,855] {processor.py:651} INFO - DAG(s) dict_keys(['example_branch_python_operator_decorator']) retrieved from /home/airflow/.local/lib/python3.7/site-packages/airflow/example_dags/example_branch_operator_decorator.py
[2022-08-09 01:40:17,871] {logging_mixin.py:115} INFO - [2022-08-09 01:40:17,871] {dag.py:2371} INFO - Sync 1 DAGs
[2022-08-09 01:40:17,949] {logging_mixin.py:115} INFO - [2022-08-09 01:40:17,949] {dag.py:2919} INFO - Setting next_dagrun for example_branch_python_operator_decorator to 2022-08-08T00:00:00+00:00, run_after=2022-08-09T00:00:00+00:00
[2022-08-09 01:40:17,955] {processor.py:161} INFO - Processing /home/airflow/.local/lib/python3.7/site-packages/airflow/example_dags/example_branch_operator_decorator.py took 0.114 seconds
[2022-08-09 01:40:48,316] {processor.py:153} INFO - Started process (PID=503) to work on /home/airflow/.local/lib/python3.7/site-packages/airflow/example_dags/example_branch_operator_decorator.py
[2022-08-09 01:40:48,317] {processor.py:641} INFO - Processing file /home/airflow/.local/lib/python3.7/site-packages/airflow/example_dags/example_branch_operator_decorator.py for tasks to queue
[2022-08-09 01:40:48,318] {logging_mixin.py:115} INFO - [2022-08-09 01:40:48,318] {dagbag.py:507} INFO - Filling up the DagBag from /home/airflow/.local/lib/python3.7/site-packages/airflow/example_dags/example_branch_operator_decorator.py
[2022-08-09 01:40:48,327] {processor.py:651} INFO - DAG(s) dict_keys(['example_branch_python_operator_decorator']) retrieved from /home/airflow/.local/lib/python3.7/site-packages/airflow/example_dags/example_branch_operator_decorator.py
[2022-08-09 01:40:48,343] {logging_mixin.py:115} INFO - [2022-08-09 01:40:48,343] {dag.py:2371} INFO - Sync 1 DAGs
[2022-08-09 01:40:48,421] {logging_mixin.py:115} INFO - [2022-08-09 01:40:48,421] {dag.py:2919} INFO - Setting next_dagrun for example_branch_python_operator_decorator to 2022-08-08T00:00:00+00:00, run_after=2022-08-09T00:00:00+00:00
[2022-08-09 01:40:48,427] {processor.py:161} INFO - Processing /home/airflow/.local/lib/python3.7/site-packages/airflow/example_dags/example_branch_operator_decorator.py took 0.113 seconds
[2022-08-09 01:41:18,896] {processor.py:153} INFO - Started process (PID=557) to work on /home/airflow/.local/lib/python3.7/site-packages/airflow/example_dags/example_branch_operator_decorator.py
[2022-08-09 01:41:18,897] {processor.py:641} INFO - Processing file /home/airflow/.local/lib/python3.7/site-packages/airflow/example_dags/example_branch_operator_decorator.py for tasks to queue
[2022-08-09 01:41:18,898] {logging_mixin.py:115} INFO - [2022-08-09 01:41:18,898] {dagbag.py:507} INFO - Filling up the DagBag from /home/airflow/.local/lib/python3.7/site-packages/airflow/example_dags/example_branch_operator_decorator.py
[2022-08-09 01:41:18,907] {processor.py:651} INFO - DAG(s) dict_keys(['example_branch_python_operator_decorator']) retrieved from /home/airflow/.local/lib/python3.7/site-packages/airflow/example_dags/example_branch_operator_decorator.py
[2022-08-09 01:41:18,923] {logging_mixin.py:115} INFO - [2022-08-09 01:41:18,923] {dag.py:2371} INFO - Sync 1 DAGs
[2022-08-09 01:41:19,002] {logging_mixin.py:115} INFO - [2022-08-09 01:41:19,002] {dag.py:2919} INFO - Setting next_dagrun for example_branch_python_operator_decorator to 2022-08-08T00:00:00+00:00, run_after=2022-08-09T00:00:00+00:00
[2022-08-09 01:41:19,008] {processor.py:161} INFO - Processing /home/airflow/.local/lib/python3.7/site-packages/airflow/example_dags/example_branch_operator_decorator.py took 0.115 seconds
[2022-08-09 01:41:49,438] {processor.py:153} INFO - Started process (PID=620) to work on /home/airflow/.local/lib/python3.7/site-packages/airflow/example_dags/example_branch_operator_decorator.py
[2022-08-09 01:41:49,439] {processor.py:641} INFO - Processing file /home/airflow/.local/lib/python3.7/site-packages/airflow/example_dags/example_branch_operator_decorator.py for tasks to queue
[2022-08-09 01:41:49,440] {logging_mixin.py:115} INFO - [2022-08-09 01:41:49,440] {dagbag.py:507} INFO - Filling up the DagBag from /home/airflow/.local/lib/python3.7/site-packages/airflow/example_dags/example_branch_operator_decorator.py
[2022-08-09 01:41:49,450] {processor.py:651} INFO - DAG(s) dict_keys(['example_branch_python_operator_decorator']) retrieved from /home/airflow/.local/lib/python3.7/site-packages/airflow/example_dags/example_branch_operator_decorator.py
[2022-08-09 01:41:49,466] {logging_mixin.py:115} INFO - [2022-08-09 01:41:49,465] {dag.py:2371} INFO - Sync 1 DAGs
[2022-08-09 01:41:49,545] {logging_mixin.py:115} INFO - [2022-08-09 01:41:49,545] {dag.py:2919} INFO - Setting next_dagrun for example_branch_python_operator_decorator to 2022-08-08T00:00:00+00:00, run_after=2022-08-09T00:00:00+00:00
[2022-08-09 01:41:49,551] {processor.py:161} INFO - Processing /home/airflow/.local/lib/python3.7/site-packages/airflow/example_dags/example_branch_operator_decorator.py took 0.115 seconds
[2022-08-09 01:42:20,288] {processor.py:153} INFO - Started process (PID=683) to work on /home/airflow/.local/lib/python3.7/site-packages/airflow/example_dags/example_branch_operator_decorator.py
[2022-08-09 01:42:20,289] {processor.py:641} INFO - Processing file /home/airflow/.local/lib/python3.7/site-packages/airflow/example_dags/example_branch_operator_decorator.py for tasks to queue
[2022-08-09 01:42:20,289] {logging_mixin.py:115} INFO - [2022-08-09 01:42:20,289] {dagbag.py:507} INFO - Filling up the DagBag from /home/airflow/.local/lib/python3.7/site-packages/airflow/example_dags/example_branch_operator_decorator.py
[2022-08-09 01:42:20,301] {processor.py:651} INFO - DAG(s) dict_keys(['example_branch_python_operator_decorator']) retrieved from /home/airflow/.local/lib/python3.7/site-packages/airflow/example_dags/example_branch_operator_decorator.py
[2022-08-09 01:42:20,317] {logging_mixin.py:115} INFO - [2022-08-09 01:42:20,317] {dag.py:2371} INFO - Sync 1 DAGs
[2022-08-09 01:42:20,405] {logging_mixin.py:115} INFO - [2022-08-09 01:42:20,405] {dag.py:2919} INFO - Setting next_dagrun for example_branch_python_operator_decorator to 2022-08-08T00:00:00+00:00, run_after=2022-08-09T00:00:00+00:00
[2022-08-09 01:42:20,412] {processor.py:161} INFO - Processing /home/airflow/.local/lib/python3.7/site-packages/airflow/example_dags/example_branch_operator_decorator.py took 0.126 seconds
[2022-08-09 01:42:51,222] {processor.py:153} INFO - Started process (PID=746) to work on /home/airflow/.local/lib/python3.7/site-packages/airflow/example_dags/example_branch_operator_decorator.py
[2022-08-09 01:42:51,223] {processor.py:641} INFO - Processing file /home/airflow/.local/lib/python3.7/site-packages/airflow/example_dags/example_branch_operator_decorator.py for tasks to queue
[2022-08-09 01:42:51,224] {logging_mixin.py:115} INFO - [2022-08-09 01:42:51,224] {dagbag.py:507} INFO - Filling up the DagBag from /home/airflow/.local/lib/python3.7/site-packages/airflow/example_dags/example_branch_operator_decorator.py
[2022-08-09 01:42:51,234] {processor.py:651} INFO - DAG(s) dict_keys(['example_branch_python_operator_decorator']) retrieved from /home/airflow/.local/lib/python3.7/site-packages/airflow/example_dags/example_branch_operator_decorator.py
[2022-08-09 01:42:51,251] {logging_mixin.py:115} INFO - [2022-08-09 01:42:51,251] {dag.py:2371} INFO - Sync 1 DAGs
[2022-08-09 01:42:51,329] {logging_mixin.py:115} INFO - [2022-08-09 01:42:51,329] {dag.py:2919} INFO - Setting next_dagrun for example_branch_python_operator_decorator to 2022-08-08T00:00:00+00:00, run_after=2022-08-09T00:00:00+00:00
[2022-08-09 01:42:51,335] {processor.py:161} INFO - Processing /home/airflow/.local/lib/python3.7/site-packages/airflow/example_dags/example_branch_operator_decorator.py took 0.115 seconds
[2022-08-09 01:43:22,114] {processor.py:153} INFO - Started process (PID=810) to work on /home/airflow/.local/lib/python3.7/site-packages/airflow/example_dags/example_branch_operator_decorator.py
[2022-08-09 01:43:22,115] {processor.py:641} INFO - Processing file /home/airflow/.local/lib/python3.7/site-packages/airflow/example_dags/example_branch_operator_decorator.py for tasks to queue
[2022-08-09 01:43:22,116] {logging_mixin.py:115} INFO - [2022-08-09 01:43:22,116] {dagbag.py:507} INFO - Filling up the DagBag from /home/airflow/.local/lib/python3.7/site-packages/airflow/example_dags/example_branch_operator_decorator.py
[2022-08-09 01:43:22,126] {processor.py:651} INFO - DAG(s) dict_keys(['example_branch_python_operator_decorator']) retrieved from /home/airflow/.local/lib/python3.7/site-packages/airflow/example_dags/example_branch_operator_decorator.py
[2022-08-09 01:43:22,143] {logging_mixin.py:115} INFO - [2022-08-09 01:43:22,143] {dag.py:2371} INFO - Sync 1 DAGs
[2022-08-09 01:43:22,221] {logging_mixin.py:115} INFO - [2022-08-09 01:43:22,221] {dag.py:2919} INFO - Setting next_dagrun for example_branch_python_operator_decorator to 2022-08-08T00:00:00+00:00, run_after=2022-08-09T00:00:00+00:00
[2022-08-09 01:43:22,227] {processor.py:161} INFO - Processing /home/airflow/.local/lib/python3.7/site-packages/airflow/example_dags/example_branch_operator_decorator.py took 0.114 seconds
[2022-08-09 01:43:53,116] {processor.py:153} INFO - Started process (PID=874) to work on /home/airflow/.local/lib/python3.7/site-packages/airflow/example_dags/example_branch_operator_decorator.py
[2022-08-09 01:43:53,117] {processor.py:641} INFO - Processing file /home/airflow/.local/lib/python3.7/site-packages/airflow/example_dags/example_branch_operator_decorator.py for tasks to queue
[2022-08-09 01:43:53,118] {logging_mixin.py:115} INFO - [2022-08-09 01:43:53,118] {dagbag.py:507} INFO - Filling up the DagBag from /home/airflow/.local/lib/python3.7/site-packages/airflow/example_dags/example_branch_operator_decorator.py
[2022-08-09 01:43:53,128] {processor.py:651} INFO - DAG(s) dict_keys(['example_branch_python_operator_decorator']) retrieved from /home/airflow/.local/lib/python3.7/site-packages/airflow/example_dags/example_branch_operator_decorator.py
[2022-08-09 01:43:53,144] {logging_mixin.py:115} INFO - [2022-08-09 01:43:53,144] {dag.py:2371} INFO - Sync 1 DAGs
[2022-08-09 01:43:53,232] {logging_mixin.py:115} INFO - [2022-08-09 01:43:53,232] {dag.py:2919} INFO - Setting next_dagrun for example_branch_python_operator_decorator to 2022-08-08T00:00:00+00:00, run_after=2022-08-09T00:00:00+00:00
[2022-08-09 01:43:53,240] {processor.py:161} INFO - Processing /home/airflow/.local/lib/python3.7/site-packages/airflow/example_dags/example_branch_operator_decorator.py took 0.127 seconds
[2022-08-09 01:44:24,194] {processor.py:153} INFO - Started process (PID=937) to work on /home/airflow/.local/lib/python3.7/site-packages/airflow/example_dags/example_branch_operator_decorator.py
[2022-08-09 01:44:24,195] {processor.py:641} INFO - Processing file /home/airflow/.local/lib/python3.7/site-packages/airflow/example_dags/example_branch_operator_decorator.py for tasks to queue
[2022-08-09 01:44:24,196] {logging_mixin.py:115} INFO - [2022-08-09 01:44:24,196] {dagbag.py:507} INFO - Filling up the DagBag from /home/airflow/.local/lib/python3.7/site-packages/airflow/example_dags/example_branch_operator_decorator.py
[2022-08-09 01:44:24,206] {processor.py:651} INFO - DAG(s) dict_keys(['example_branch_python_operator_decorator']) retrieved from /home/airflow/.local/lib/python3.7/site-packages/airflow/example_dags/example_branch_operator_decorator.py
[2022-08-09 01:44:24,223] {logging_mixin.py:115} INFO - [2022-08-09 01:44:24,223] {dag.py:2371} INFO - Sync 1 DAGs
[2022-08-09 01:44:24,300] {logging_mixin.py:115} INFO - [2022-08-09 01:44:24,300] {dag.py:2919} INFO - Setting next_dagrun for example_branch_python_operator_decorator to 2022-08-08T00:00:00+00:00, run_after=2022-08-09T00:00:00+00:00
[2022-08-09 01:44:24,306] {processor.py:161} INFO - Processing /home/airflow/.local/lib/python3.7/site-packages/airflow/example_dags/example_branch_operator_decorator.py took 0.113 seconds
[2022-08-09 01:44:55,071] {processor.py:153} INFO - Started process (PID=1001) to work on /home/airflow/.local/lib/python3.7/site-packages/airflow/example_dags/example_branch_operator_decorator.py
[2022-08-09 01:44:55,072] {processor.py:641} INFO - Processing file /home/airflow/.local/lib/python3.7/site-packages/airflow/example_dags/example_branch_operator_decorator.py for tasks to queue
[2022-08-09 01:44:55,073] {logging_mixin.py:115} INFO - [2022-08-09 01:44:55,073] {dagbag.py:507} INFO - Filling up the DagBag from /home/airflow/.local/lib/python3.7/site-packages/airflow/example_dags/example_branch_operator_decorator.py
[2022-08-09 01:44:55,082] {processor.py:651} INFO - DAG(s) dict_keys(['example_branch_python_operator_decorator']) retrieved from /home/airflow/.local/lib/python3.7/site-packages/airflow/example_dags/example_branch_operator_decorator.py
[2022-08-09 01:44:55,099] {logging_mixin.py:115} INFO - [2022-08-09 01:44:55,099] {dag.py:2371} INFO - Sync 1 DAGs
[2022-08-09 01:44:55,175] {logging_mixin.py:115} INFO - [2022-08-09 01:44:55,175] {dag.py:2919} INFO - Setting next_dagrun for example_branch_python_operator_decorator to 2022-08-08T00:00:00+00:00, run_after=2022-08-09T00:00:00+00:00
[2022-08-09 01:44:55,181] {processor.py:161} INFO - Processing /home/airflow/.local/lib/python3.7/site-packages/airflow/example_dags/example_branch_operator_decorator.py took 0.112 seconds
[2022-08-09 01:45:25,251] {processor.py:153} INFO - Started process (PID=1055) to work on /home/airflow/.local/lib/python3.7/site-packages/airflow/example_dags/example_branch_operator_decorator.py
[2022-08-09 01:45:25,252] {processor.py:641} INFO - Processing file /home/airflow/.local/lib/python3.7/site-packages/airflow/example_dags/example_branch_operator_decorator.py for tasks to queue
[2022-08-09 01:45:25,253] {logging_mixin.py:115} INFO - [2022-08-09 01:45:25,253] {dagbag.py:507} INFO - Filling up the DagBag from /home/airflow/.local/lib/python3.7/site-packages/airflow/example_dags/example_branch_operator_decorator.py
[2022-08-09 01:45:25,262] {processor.py:651} INFO - DAG(s) dict_keys(['example_branch_python_operator_decorator']) retrieved from /home/airflow/.local/lib/python3.7/site-packages/airflow/example_dags/example_branch_operator_decorator.py
[2022-08-09 01:45:25,279] {logging_mixin.py:115} INFO - [2022-08-09 01:45:25,279] {dag.py:2371} INFO - Sync 1 DAGs
[2022-08-09 01:45:25,358] {logging_mixin.py:115} INFO - [2022-08-09 01:45:25,358] {dag.py:2919} INFO - Setting next_dagrun for example_branch_python_operator_decorator to 2022-08-08T00:00:00+00:00, run_after=2022-08-09T00:00:00+00:00
[2022-08-09 01:45:25,365] {processor.py:161} INFO - Processing /home/airflow/.local/lib/python3.7/site-packages/airflow/example_dags/example_branch_operator_decorator.py took 0.116 seconds
[2022-08-09 01:45:55,454] {processor.py:153} INFO - Started process (PID=1119) to work on /home/airflow/.local/lib/python3.7/site-packages/airflow/example_dags/example_branch_operator_decorator.py
[2022-08-09 01:45:55,455] {processor.py:641} INFO - Processing file /home/airflow/.local/lib/python3.7/site-packages/airflow/example_dags/example_branch_operator_decorator.py for tasks to queue
[2022-08-09 01:45:55,456] {logging_mixin.py:115} INFO - [2022-08-09 01:45:55,456] {dagbag.py:507} INFO - Filling up the DagBag from /home/airflow/.local/lib/python3.7/site-packages/airflow/example_dags/example_branch_operator_decorator.py
[2022-08-09 01:45:55,465] {processor.py:651} INFO - DAG(s) dict_keys(['example_branch_python_operator_decorator']) retrieved from /home/airflow/.local/lib/python3.7/site-packages/airflow/example_dags/example_branch_operator_decorator.py
[2022-08-09 01:45:55,482] {logging_mixin.py:115} INFO - [2022-08-09 01:45:55,482] {dag.py:2371} INFO - Sync 1 DAGs
[2022-08-09 01:45:55,556] {logging_mixin.py:115} INFO - [2022-08-09 01:45:55,556] {dag.py:2919} INFO - Setting next_dagrun for example_branch_python_operator_decorator to 2022-08-08T00:00:00+00:00, run_after=2022-08-09T00:00:00+00:00
[2022-08-09 01:45:55,562] {processor.py:161} INFO - Processing /home/airflow/.local/lib/python3.7/site-packages/airflow/example_dags/example_branch_operator_decorator.py took 0.110 seconds
[2022-08-09 01:46:26,223] {processor.py:153} INFO - Started process (PID=1182) to work on /home/airflow/.local/lib/python3.7/site-packages/airflow/example_dags/example_branch_operator_decorator.py
[2022-08-09 01:46:26,225] {processor.py:641} INFO - Processing file /home/airflow/.local/lib/python3.7/site-packages/airflow/example_dags/example_branch_operator_decorator.py for tasks to queue
[2022-08-09 01:46:26,226] {logging_mixin.py:115} INFO - [2022-08-09 01:46:26,226] {dagbag.py:507} INFO - Filling up the DagBag from /home/airflow/.local/lib/python3.7/site-packages/airflow/example_dags/example_branch_operator_decorator.py
[2022-08-09 01:46:26,237] {processor.py:651} INFO - DAG(s) dict_keys(['example_branch_python_operator_decorator']) retrieved from /home/airflow/.local/lib/python3.7/site-packages/airflow/example_dags/example_branch_operator_decorator.py
[2022-08-09 01:46:26,256] {logging_mixin.py:115} INFO - [2022-08-09 01:46:26,256] {dag.py:2371} INFO - Sync 1 DAGs
[2022-08-09 01:46:26,343] {logging_mixin.py:115} INFO - [2022-08-09 01:46:26,343] {dag.py:2919} INFO - Setting next_dagrun for example_branch_python_operator_decorator to 2022-08-08T00:00:00+00:00, run_after=2022-08-09T00:00:00+00:00
[2022-08-09 01:46:26,351] {processor.py:161} INFO - Processing /home/airflow/.local/lib/python3.7/site-packages/airflow/example_dags/example_branch_operator_decorator.py took 0.130 seconds
[2022-08-09 01:46:56,899] {processor.py:153} INFO - Started process (PID=1246) to work on /home/airflow/.local/lib/python3.7/site-packages/airflow/example_dags/example_branch_operator_decorator.py
[2022-08-09 01:46:56,901] {processor.py:641} INFO - Processing file /home/airflow/.local/lib/python3.7/site-packages/airflow/example_dags/example_branch_operator_decorator.py for tasks to queue
[2022-08-09 01:46:56,901] {logging_mixin.py:115} INFO - [2022-08-09 01:46:56,901] {dagbag.py:507} INFO - Filling up the DagBag from /home/airflow/.local/lib/python3.7/site-packages/airflow/example_dags/example_branch_operator_decorator.py
[2022-08-09 01:46:56,912] {processor.py:651} INFO - DAG(s) dict_keys(['example_branch_python_operator_decorator']) retrieved from /home/airflow/.local/lib/python3.7/site-packages/airflow/example_dags/example_branch_operator_decorator.py
[2022-08-09 01:46:56,930] {logging_mixin.py:115} INFO - [2022-08-09 01:46:56,930] {dag.py:2371} INFO - Sync 1 DAGs
[2022-08-09 01:46:57,024] {logging_mixin.py:115} INFO - [2022-08-09 01:46:57,024] {dag.py:2919} INFO - Setting next_dagrun for example_branch_python_operator_decorator to 2022-08-08T00:00:00+00:00, run_after=2022-08-09T00:00:00+00:00
[2022-08-09 01:46:57,032] {processor.py:161} INFO - Processing /home/airflow/.local/lib/python3.7/site-packages/airflow/example_dags/example_branch_operator_decorator.py took 0.135 seconds
[2022-08-09 01:47:27,836] {processor.py:153} INFO - Started process (PID=1310) to work on /home/airflow/.local/lib/python3.7/site-packages/airflow/example_dags/example_branch_operator_decorator.py
[2022-08-09 01:47:27,838] {processor.py:641} INFO - Processing file /home/airflow/.local/lib/python3.7/site-packages/airflow/example_dags/example_branch_operator_decorator.py for tasks to queue
[2022-08-09 01:47:27,839] {logging_mixin.py:115} INFO - [2022-08-09 01:47:27,839] {dagbag.py:507} INFO - Filling up the DagBag from /home/airflow/.local/lib/python3.7/site-packages/airflow/example_dags/example_branch_operator_decorator.py
[2022-08-09 01:47:27,853] {processor.py:651} INFO - DAG(s) dict_keys(['example_branch_python_operator_decorator']) retrieved from /home/airflow/.local/lib/python3.7/site-packages/airflow/example_dags/example_branch_operator_decorator.py
[2022-08-09 01:47:27,952] {logging_mixin.py:115} INFO - [2022-08-09 01:47:27,952] {dag.py:2371} INFO - Sync 1 DAGs
[2022-08-09 01:47:27,964] {logging_mixin.py:115} INFO - [2022-08-09 01:47:27,964] {dag.py:2919} INFO - Setting next_dagrun for example_branch_python_operator_decorator to 2022-08-08T00:00:00+00:00, run_after=2022-08-09T00:00:00+00:00
[2022-08-09 01:47:27,971] {processor.py:161} INFO - Processing /home/airflow/.local/lib/python3.7/site-packages/airflow/example_dags/example_branch_operator_decorator.py took 0.137 seconds
[2022-08-09 01:47:58,705] {processor.py:153} INFO - Started process (PID=1373) to work on /home/airflow/.local/lib/python3.7/site-packages/airflow/example_dags/example_branch_operator_decorator.py
[2022-08-09 01:47:58,707] {processor.py:641} INFO - Processing file /home/airflow/.local/lib/python3.7/site-packages/airflow/example_dags/example_branch_operator_decorator.py for tasks to queue
[2022-08-09 01:47:58,708] {logging_mixin.py:115} INFO - [2022-08-09 01:47:58,708] {dagbag.py:507} INFO - Filling up the DagBag from /home/airflow/.local/lib/python3.7/site-packages/airflow/example_dags/example_branch_operator_decorator.py
[2022-08-09 01:47:58,719] {processor.py:651} INFO - DAG(s) dict_keys(['example_branch_python_operator_decorator']) retrieved from /home/airflow/.local/lib/python3.7/site-packages/airflow/example_dags/example_branch_operator_decorator.py
[2022-08-09 01:47:58,810] {logging_mixin.py:115} INFO - [2022-08-09 01:47:58,810] {dag.py:2371} INFO - Sync 1 DAGs
[2022-08-09 01:47:58,824] {logging_mixin.py:115} INFO - [2022-08-09 01:47:58,824] {dag.py:2919} INFO - Setting next_dagrun for example_branch_python_operator_decorator to 2022-08-08T00:00:00+00:00, run_after=2022-08-09T00:00:00+00:00
[2022-08-09 01:47:58,831] {processor.py:161} INFO - Processing /home/airflow/.local/lib/python3.7/site-packages/airflow/example_dags/example_branch_operator_decorator.py took 0.128 seconds
[2022-08-09 01:48:29,571] {processor.py:153} INFO - Started process (PID=1436) to work on /home/airflow/.local/lib/python3.7/site-packages/airflow/example_dags/example_branch_operator_decorator.py
[2022-08-09 01:48:29,572] {processor.py:641} INFO - Processing file /home/airflow/.local/lib/python3.7/site-packages/airflow/example_dags/example_branch_operator_decorator.py for tasks to queue
[2022-08-09 01:48:29,573] {logging_mixin.py:115} INFO - [2022-08-09 01:48:29,573] {dagbag.py:507} INFO - Filling up the DagBag from /home/airflow/.local/lib/python3.7/site-packages/airflow/example_dags/example_branch_operator_decorator.py
[2022-08-09 01:48:29,585] {processor.py:651} INFO - DAG(s) dict_keys(['example_branch_python_operator_decorator']) retrieved from /home/airflow/.local/lib/python3.7/site-packages/airflow/example_dags/example_branch_operator_decorator.py
[2022-08-09 01:48:29,685] {logging_mixin.py:115} INFO - [2022-08-09 01:48:29,684] {dag.py:2371} INFO - Sync 1 DAGs
[2022-08-09 01:48:29,696] {logging_mixin.py:115} INFO - [2022-08-09 01:48:29,696] {dag.py:2919} INFO - Setting next_dagrun for example_branch_python_operator_decorator to 2022-08-08T00:00:00+00:00, run_after=2022-08-09T00:00:00+00:00
[2022-08-09 01:48:29,703] {processor.py:161} INFO - Processing /home/airflow/.local/lib/python3.7/site-packages/airflow/example_dags/example_branch_operator_decorator.py took 0.135 seconds
[2022-08-09 01:49:00,522] {processor.py:153} INFO - Started process (PID=1499) to work on /home/airflow/.local/lib/python3.7/site-packages/airflow/example_dags/example_branch_operator_decorator.py
[2022-08-09 01:49:00,523] {processor.py:641} INFO - Processing file /home/airflow/.local/lib/python3.7/site-packages/airflow/example_dags/example_branch_operator_decorator.py for tasks to queue
[2022-08-09 01:49:00,524] {logging_mixin.py:115} INFO - [2022-08-09 01:49:00,524] {dagbag.py:507} INFO - Filling up the DagBag from /home/airflow/.local/lib/python3.7/site-packages/airflow/example_dags/example_branch_operator_decorator.py
[2022-08-09 01:49:00,537] {processor.py:651} INFO - DAG(s) dict_keys(['example_branch_python_operator_decorator']) retrieved from /home/airflow/.local/lib/python3.7/site-packages/airflow/example_dags/example_branch_operator_decorator.py
[2022-08-09 01:49:00,632] {logging_mixin.py:115} INFO - [2022-08-09 01:49:00,632] {dag.py:2371} INFO - Sync 1 DAGs
[2022-08-09 01:49:00,645] {logging_mixin.py:115} INFO - [2022-08-09 01:49:00,645] {dag.py:2919} INFO - Setting next_dagrun for example_branch_python_operator_decorator to 2022-08-08T00:00:00+00:00, run_after=2022-08-09T00:00:00+00:00
[2022-08-09 01:49:00,655] {processor.py:161} INFO - Processing /home/airflow/.local/lib/python3.7/site-packages/airflow/example_dags/example_branch_operator_decorator.py took 0.135 seconds
[2022-08-09 01:49:31,446] {processor.py:153} INFO - Started process (PID=1553) to work on /home/airflow/.local/lib/python3.7/site-packages/airflow/example_dags/example_branch_operator_decorator.py
[2022-08-09 01:49:31,448] {processor.py:641} INFO - Processing file /home/airflow/.local/lib/python3.7/site-packages/airflow/example_dags/example_branch_operator_decorator.py for tasks to queue
[2022-08-09 01:49:31,449] {logging_mixin.py:115} INFO - [2022-08-09 01:49:31,449] {dagbag.py:507} INFO - Filling up the DagBag from /home/airflow/.local/lib/python3.7/site-packages/airflow/example_dags/example_branch_operator_decorator.py
[2022-08-09 01:49:31,460] {processor.py:651} INFO - DAG(s) dict_keys(['example_branch_python_operator_decorator']) retrieved from /home/airflow/.local/lib/python3.7/site-packages/airflow/example_dags/example_branch_operator_decorator.py
[2022-08-09 01:49:31,568] {logging_mixin.py:115} INFO - [2022-08-09 01:49:31,568] {dag.py:2371} INFO - Sync 1 DAGs
[2022-08-09 01:49:31,582] {logging_mixin.py:115} INFO - [2022-08-09 01:49:31,582] {dag.py:2919} INFO - Setting next_dagrun for example_branch_python_operator_decorator to 2022-08-08T00:00:00+00:00, run_after=2022-08-09T00:00:00+00:00
[2022-08-09 01:49:31,590] {processor.py:161} INFO - Processing /home/airflow/.local/lib/python3.7/site-packages/airflow/example_dags/example_branch_operator_decorator.py took 0.148 seconds
[2022-08-09 01:50:02,291] {processor.py:153} INFO - Started process (PID=1616) to work on /home/airflow/.local/lib/python3.7/site-packages/airflow/example_dags/example_branch_operator_decorator.py
[2022-08-09 01:50:02,293] {processor.py:641} INFO - Processing file /home/airflow/.local/lib/python3.7/site-packages/airflow/example_dags/example_branch_operator_decorator.py for tasks to queue
[2022-08-09 01:50:02,294] {logging_mixin.py:115} INFO - [2022-08-09 01:50:02,294] {dagbag.py:507} INFO - Filling up the DagBag from /home/airflow/.local/lib/python3.7/site-packages/airflow/example_dags/example_branch_operator_decorator.py
[2022-08-09 01:50:02,305] {processor.py:651} INFO - DAG(s) dict_keys(['example_branch_python_operator_decorator']) retrieved from /home/airflow/.local/lib/python3.7/site-packages/airflow/example_dags/example_branch_operator_decorator.py
[2022-08-09 01:50:02,411] {logging_mixin.py:115} INFO - [2022-08-09 01:50:02,411] {dag.py:2371} INFO - Sync 1 DAGs
[2022-08-09 01:50:02,424] {logging_mixin.py:115} INFO - [2022-08-09 01:50:02,424] {dag.py:2919} INFO - Setting next_dagrun for example_branch_python_operator_decorator to 2022-08-08T00:00:00+00:00, run_after=2022-08-09T00:00:00+00:00
[2022-08-09 01:50:02,432] {processor.py:161} INFO - Processing /home/airflow/.local/lib/python3.7/site-packages/airflow/example_dags/example_branch_operator_decorator.py took 0.145 seconds
