[2022-08-09 01:37:09,517] {processor.py:153} INFO - Started process (PID=40) to work on /home/airflow/.local/lib/python3.7/site-packages/airflow/example_dags/example_subdag_operator.py
[2022-08-09 01:37:09,518] {processor.py:641} INFO - Processing file /home/airflow/.local/lib/python3.7/site-packages/airflow/example_dags/example_subdag_operator.py for tasks to queue
[2022-08-09 01:37:09,520] {logging_mixin.py:115} INFO - [2022-08-09 01:37:09,519] {dagbag.py:507} INFO - Filling up the DagBag from /home/airflow/.local/lib/python3.7/site-packages/airflow/example_dags/example_subdag_operator.py
[2022-08-09 01:37:09,540] {processor.py:651} INFO - DAG(s) dict_keys(['example_subdag_operator.section-1', 'example_subdag_operator.section-2', 'example_subdag_operator']) retrieved from /home/airflow/.local/lib/python3.7/site-packages/airflow/example_dags/example_subdag_operator.py
[2022-08-09 01:37:09,811] {logging_mixin.py:115} INFO - [2022-08-09 01:37:09,811] {dag.py:2371} INFO - Sync 3 DAGs
[2022-08-09 01:37:09,840] {logging_mixin.py:115} INFO - [2022-08-09 01:37:09,840] {dag.py:2919} INFO - Setting next_dagrun for example_subdag_operator to 2022-08-07T00:00:00+00:00, run_after=2022-08-07T00:00:00+00:00
[2022-08-09 01:37:09,842] {logging_mixin.py:115} INFO - [2022-08-09 01:37:09,842] {dag.py:2919} INFO - Setting next_dagrun for example_subdag_operator.section-1 to None, run_after=None
[2022-08-09 01:37:09,843] {logging_mixin.py:115} INFO - [2022-08-09 01:37:09,843] {dag.py:2919} INFO - Setting next_dagrun for example_subdag_operator.section-2 to None, run_after=None
[2022-08-09 01:37:09,850] {logging_mixin.py:115} INFO - [2022-08-09 01:37:09,850] {dag.py:2371} INFO - Sync 2 DAGs
[2022-08-09 01:37:09,854] {logging_mixin.py:115} INFO - [2022-08-09 01:37:09,854] {dag.py:2919} INFO - Setting next_dagrun for example_subdag_operator.section-1 to None, run_after=None
[2022-08-09 01:37:09,855] {logging_mixin.py:115} INFO - [2022-08-09 01:37:09,855] {dag.py:2919} INFO - Setting next_dagrun for example_subdag_operator.section-2 to None, run_after=None
[2022-08-09 01:37:09,862] {processor.py:161} INFO - Processing /home/airflow/.local/lib/python3.7/site-packages/airflow/example_dags/example_subdag_operator.py took 0.350 seconds
[2022-08-09 01:37:40,386] {processor.py:153} INFO - Started process (PID=103) to work on /home/airflow/.local/lib/python3.7/site-packages/airflow/example_dags/example_subdag_operator.py
[2022-08-09 01:37:40,387] {processor.py:641} INFO - Processing file /home/airflow/.local/lib/python3.7/site-packages/airflow/example_dags/example_subdag_operator.py for tasks to queue
[2022-08-09 01:37:40,388] {logging_mixin.py:115} INFO - [2022-08-09 01:37:40,388] {dagbag.py:507} INFO - Filling up the DagBag from /home/airflow/.local/lib/python3.7/site-packages/airflow/example_dags/example_subdag_operator.py
[2022-08-09 01:37:40,403] {processor.py:651} INFO - DAG(s) dict_keys(['example_subdag_operator.section-1', 'example_subdag_operator.section-2', 'example_subdag_operator']) retrieved from /home/airflow/.local/lib/python3.7/site-packages/airflow/example_dags/example_subdag_operator.py
[2022-08-09 01:37:40,422] {logging_mixin.py:115} INFO - [2022-08-09 01:37:40,422] {dag.py:2371} INFO - Sync 3 DAGs
[2022-08-09 01:37:40,436] {logging_mixin.py:115} INFO - [2022-08-09 01:37:40,436] {dag.py:2919} INFO - Setting next_dagrun for example_subdag_operator to 2022-08-07T00:00:00+00:00, run_after=2022-08-07T00:00:00+00:00
[2022-08-09 01:37:40,437] {logging_mixin.py:115} INFO - [2022-08-09 01:37:40,437] {dag.py:2919} INFO - Setting next_dagrun for example_subdag_operator.section-1 to None, run_after=None
[2022-08-09 01:37:40,438] {logging_mixin.py:115} INFO - [2022-08-09 01:37:40,438] {dag.py:2919} INFO - Setting next_dagrun for example_subdag_operator.section-2 to None, run_after=None
[2022-08-09 01:37:40,525] {logging_mixin.py:115} INFO - [2022-08-09 01:37:40,525] {dag.py:2371} INFO - Sync 2 DAGs
[2022-08-09 01:37:40,530] {logging_mixin.py:115} INFO - [2022-08-09 01:37:40,529] {dag.py:2919} INFO - Setting next_dagrun for example_subdag_operator.section-1 to None, run_after=None
[2022-08-09 01:37:40,533] {logging_mixin.py:115} INFO - [2022-08-09 01:37:40,533] {dag.py:2919} INFO - Setting next_dagrun for example_subdag_operator.section-2 to None, run_after=None
[2022-08-09 01:37:40,538] {processor.py:161} INFO - Processing /home/airflow/.local/lib/python3.7/site-packages/airflow/example_dags/example_subdag_operator.py took 0.155 seconds
[2022-08-09 01:38:11,155] {processor.py:153} INFO - Started process (PID=166) to work on /home/airflow/.local/lib/python3.7/site-packages/airflow/example_dags/example_subdag_operator.py
[2022-08-09 01:38:11,157] {processor.py:641} INFO - Processing file /home/airflow/.local/lib/python3.7/site-packages/airflow/example_dags/example_subdag_operator.py for tasks to queue
[2022-08-09 01:38:11,158] {logging_mixin.py:115} INFO - [2022-08-09 01:38:11,158] {dagbag.py:507} INFO - Filling up the DagBag from /home/airflow/.local/lib/python3.7/site-packages/airflow/example_dags/example_subdag_operator.py
[2022-08-09 01:38:11,177] {processor.py:651} INFO - DAG(s) dict_keys(['example_subdag_operator.section-1', 'example_subdag_operator.section-2', 'example_subdag_operator']) retrieved from /home/airflow/.local/lib/python3.7/site-packages/airflow/example_dags/example_subdag_operator.py
[2022-08-09 01:38:11,198] {logging_mixin.py:115} INFO - [2022-08-09 01:38:11,198] {dag.py:2371} INFO - Sync 3 DAGs
[2022-08-09 01:38:11,211] {logging_mixin.py:115} INFO - [2022-08-09 01:38:11,211] {dag.py:2919} INFO - Setting next_dagrun for example_subdag_operator to 2022-08-07T00:00:00+00:00, run_after=2022-08-07T00:00:00+00:00
[2022-08-09 01:38:11,212] {logging_mixin.py:115} INFO - [2022-08-09 01:38:11,212] {dag.py:2919} INFO - Setting next_dagrun for example_subdag_operator.section-1 to None, run_after=None
[2022-08-09 01:38:11,213] {logging_mixin.py:115} INFO - [2022-08-09 01:38:11,213] {dag.py:2919} INFO - Setting next_dagrun for example_subdag_operator.section-2 to None, run_after=None
[2022-08-09 01:38:11,303] {logging_mixin.py:115} INFO - [2022-08-09 01:38:11,303] {dag.py:2371} INFO - Sync 2 DAGs
[2022-08-09 01:38:11,308] {logging_mixin.py:115} INFO - [2022-08-09 01:38:11,308] {dag.py:2919} INFO - Setting next_dagrun for example_subdag_operator.section-1 to None, run_after=None
[2022-08-09 01:38:11,309] {logging_mixin.py:115} INFO - [2022-08-09 01:38:11,309] {dag.py:2919} INFO - Setting next_dagrun for example_subdag_operator.section-2 to None, run_after=None
[2022-08-09 01:38:11,314] {processor.py:161} INFO - Processing /home/airflow/.local/lib/python3.7/site-packages/airflow/example_dags/example_subdag_operator.py took 0.161 seconds
[2022-08-09 01:38:41,577] {processor.py:153} INFO - Started process (PID=229) to work on /home/airflow/.local/lib/python3.7/site-packages/airflow/example_dags/example_subdag_operator.py
[2022-08-09 01:38:41,579] {processor.py:641} INFO - Processing file /home/airflow/.local/lib/python3.7/site-packages/airflow/example_dags/example_subdag_operator.py for tasks to queue
[2022-08-09 01:38:41,580] {logging_mixin.py:115} INFO - [2022-08-09 01:38:41,580] {dagbag.py:507} INFO - Filling up the DagBag from /home/airflow/.local/lib/python3.7/site-packages/airflow/example_dags/example_subdag_operator.py
[2022-08-09 01:38:41,597] {processor.py:651} INFO - DAG(s) dict_keys(['example_subdag_operator.section-1', 'example_subdag_operator.section-2', 'example_subdag_operator']) retrieved from /home/airflow/.local/lib/python3.7/site-packages/airflow/example_dags/example_subdag_operator.py
[2022-08-09 01:38:41,615] {logging_mixin.py:115} INFO - [2022-08-09 01:38:41,615] {dag.py:2371} INFO - Sync 3 DAGs
[2022-08-09 01:38:41,632] {logging_mixin.py:115} INFO - [2022-08-09 01:38:41,632] {dag.py:2919} INFO - Setting next_dagrun for example_subdag_operator to 2022-08-07T00:00:00+00:00, run_after=2022-08-07T00:00:00+00:00
[2022-08-09 01:38:41,633] {logging_mixin.py:115} INFO - [2022-08-09 01:38:41,633] {dag.py:2919} INFO - Setting next_dagrun for example_subdag_operator.section-1 to None, run_after=None
[2022-08-09 01:38:41,634] {logging_mixin.py:115} INFO - [2022-08-09 01:38:41,634] {dag.py:2919} INFO - Setting next_dagrun for example_subdag_operator.section-2 to None, run_after=None
[2022-08-09 01:38:41,727] {logging_mixin.py:115} INFO - [2022-08-09 01:38:41,727] {dag.py:2371} INFO - Sync 2 DAGs
[2022-08-09 01:38:41,731] {logging_mixin.py:115} INFO - [2022-08-09 01:38:41,731] {dag.py:2919} INFO - Setting next_dagrun for example_subdag_operator.section-1 to None, run_after=None
[2022-08-09 01:38:41,732] {logging_mixin.py:115} INFO - [2022-08-09 01:38:41,732] {dag.py:2919} INFO - Setting next_dagrun for example_subdag_operator.section-2 to None, run_after=None
[2022-08-09 01:38:41,737] {processor.py:161} INFO - Processing /home/airflow/.local/lib/python3.7/site-packages/airflow/example_dags/example_subdag_operator.py took 0.163 seconds
[2022-08-09 01:39:12,105] {processor.py:153} INFO - Started process (PID=292) to work on /home/airflow/.local/lib/python3.7/site-packages/airflow/example_dags/example_subdag_operator.py
[2022-08-09 01:39:12,107] {processor.py:641} INFO - Processing file /home/airflow/.local/lib/python3.7/site-packages/airflow/example_dags/example_subdag_operator.py for tasks to queue
[2022-08-09 01:39:12,107] {logging_mixin.py:115} INFO - [2022-08-09 01:39:12,107] {dagbag.py:507} INFO - Filling up the DagBag from /home/airflow/.local/lib/python3.7/site-packages/airflow/example_dags/example_subdag_operator.py
[2022-08-09 01:39:12,123] {processor.py:651} INFO - DAG(s) dict_keys(['example_subdag_operator.section-1', 'example_subdag_operator.section-2', 'example_subdag_operator']) retrieved from /home/airflow/.local/lib/python3.7/site-packages/airflow/example_dags/example_subdag_operator.py
[2022-08-09 01:39:12,142] {logging_mixin.py:115} INFO - [2022-08-09 01:39:12,142] {dag.py:2371} INFO - Sync 3 DAGs
[2022-08-09 01:39:12,159] {logging_mixin.py:115} INFO - [2022-08-09 01:39:12,159] {dag.py:2919} INFO - Setting next_dagrun for example_subdag_operator to 2022-08-07T00:00:00+00:00, run_after=2022-08-07T00:00:00+00:00
[2022-08-09 01:39:12,160] {logging_mixin.py:115} INFO - [2022-08-09 01:39:12,160] {dag.py:2919} INFO - Setting next_dagrun for example_subdag_operator.section-1 to None, run_after=None
[2022-08-09 01:39:12,161] {logging_mixin.py:115} INFO - [2022-08-09 01:39:12,161] {dag.py:2919} INFO - Setting next_dagrun for example_subdag_operator.section-2 to None, run_after=None
[2022-08-09 01:39:12,246] {logging_mixin.py:115} INFO - [2022-08-09 01:39:12,246] {dag.py:2371} INFO - Sync 2 DAGs
[2022-08-09 01:39:12,251] {logging_mixin.py:115} INFO - [2022-08-09 01:39:12,251] {dag.py:2919} INFO - Setting next_dagrun for example_subdag_operator.section-1 to None, run_after=None
[2022-08-09 01:39:12,252] {logging_mixin.py:115} INFO - [2022-08-09 01:39:12,252] {dag.py:2919} INFO - Setting next_dagrun for example_subdag_operator.section-2 to None, run_after=None
[2022-08-09 01:39:12,257] {processor.py:161} INFO - Processing /home/airflow/.local/lib/python3.7/site-packages/airflow/example_dags/example_subdag_operator.py took 0.153 seconds
[2022-08-09 01:39:42,657] {processor.py:153} INFO - Started process (PID=346) to work on /home/airflow/.local/lib/python3.7/site-packages/airflow/example_dags/example_subdag_operator.py
[2022-08-09 01:39:42,659] {processor.py:641} INFO - Processing file /home/airflow/.local/lib/python3.7/site-packages/airflow/example_dags/example_subdag_operator.py for tasks to queue
[2022-08-09 01:39:42,660] {logging_mixin.py:115} INFO - [2022-08-09 01:39:42,659] {dagbag.py:507} INFO - Filling up the DagBag from /home/airflow/.local/lib/python3.7/site-packages/airflow/example_dags/example_subdag_operator.py
[2022-08-09 01:39:42,676] {processor.py:651} INFO - DAG(s) dict_keys(['example_subdag_operator.section-1', 'example_subdag_operator.section-2', 'example_subdag_operator']) retrieved from /home/airflow/.local/lib/python3.7/site-packages/airflow/example_dags/example_subdag_operator.py
[2022-08-09 01:39:42,694] {logging_mixin.py:115} INFO - [2022-08-09 01:39:42,694] {dag.py:2371} INFO - Sync 3 DAGs
[2022-08-09 01:39:42,709] {logging_mixin.py:115} INFO - [2022-08-09 01:39:42,709] {dag.py:2919} INFO - Setting next_dagrun for example_subdag_operator to 2022-08-07T00:00:00+00:00, run_after=2022-08-07T00:00:00+00:00
[2022-08-09 01:39:42,711] {logging_mixin.py:115} INFO - [2022-08-09 01:39:42,711] {dag.py:2919} INFO - Setting next_dagrun for example_subdag_operator.section-1 to None, run_after=None
[2022-08-09 01:39:42,712] {logging_mixin.py:115} INFO - [2022-08-09 01:39:42,712] {dag.py:2919} INFO - Setting next_dagrun for example_subdag_operator.section-2 to None, run_after=None
[2022-08-09 01:39:42,807] {logging_mixin.py:115} INFO - [2022-08-09 01:39:42,807] {dag.py:2371} INFO - Sync 2 DAGs
[2022-08-09 01:39:42,812] {logging_mixin.py:115} INFO - [2022-08-09 01:39:42,812] {dag.py:2919} INFO - Setting next_dagrun for example_subdag_operator.section-1 to None, run_after=None
[2022-08-09 01:39:42,813] {logging_mixin.py:115} INFO - [2022-08-09 01:39:42,813] {dag.py:2919} INFO - Setting next_dagrun for example_subdag_operator.section-2 to None, run_after=None
[2022-08-09 01:39:42,818] {processor.py:161} INFO - Processing /home/airflow/.local/lib/python3.7/site-packages/airflow/example_dags/example_subdag_operator.py took 0.163 seconds
[2022-08-09 01:40:13,234] {processor.py:153} INFO - Started process (PID=409) to work on /home/airflow/.local/lib/python3.7/site-packages/airflow/example_dags/example_subdag_operator.py
[2022-08-09 01:40:13,235] {processor.py:641} INFO - Processing file /home/airflow/.local/lib/python3.7/site-packages/airflow/example_dags/example_subdag_operator.py for tasks to queue
[2022-08-09 01:40:13,236] {logging_mixin.py:115} INFO - [2022-08-09 01:40:13,236] {dagbag.py:507} INFO - Filling up the DagBag from /home/airflow/.local/lib/python3.7/site-packages/airflow/example_dags/example_subdag_operator.py
[2022-08-09 01:40:13,252] {processor.py:651} INFO - DAG(s) dict_keys(['example_subdag_operator.section-1', 'example_subdag_operator.section-2', 'example_subdag_operator']) retrieved from /home/airflow/.local/lib/python3.7/site-packages/airflow/example_dags/example_subdag_operator.py
[2022-08-09 01:40:13,270] {logging_mixin.py:115} INFO - [2022-08-09 01:40:13,270] {dag.py:2371} INFO - Sync 3 DAGs
[2022-08-09 01:40:13,286] {logging_mixin.py:115} INFO - [2022-08-09 01:40:13,286] {dag.py:2919} INFO - Setting next_dagrun for example_subdag_operator to 2022-08-07T00:00:00+00:00, run_after=2022-08-07T00:00:00+00:00
[2022-08-09 01:40:13,287] {logging_mixin.py:115} INFO - [2022-08-09 01:40:13,287] {dag.py:2919} INFO - Setting next_dagrun for example_subdag_operator.section-1 to None, run_after=None
[2022-08-09 01:40:13,288] {logging_mixin.py:115} INFO - [2022-08-09 01:40:13,288] {dag.py:2919} INFO - Setting next_dagrun for example_subdag_operator.section-2 to None, run_after=None
[2022-08-09 01:40:13,368] {logging_mixin.py:115} INFO - [2022-08-09 01:40:13,368] {dag.py:2371} INFO - Sync 2 DAGs
[2022-08-09 01:40:13,372] {logging_mixin.py:115} INFO - [2022-08-09 01:40:13,372] {dag.py:2919} INFO - Setting next_dagrun for example_subdag_operator.section-1 to None, run_after=None
[2022-08-09 01:40:13,373] {logging_mixin.py:115} INFO - [2022-08-09 01:40:13,373] {dag.py:2919} INFO - Setting next_dagrun for example_subdag_operator.section-2 to None, run_after=None
[2022-08-09 01:40:13,377] {processor.py:161} INFO - Processing /home/airflow/.local/lib/python3.7/site-packages/airflow/example_dags/example_subdag_operator.py took 0.145 seconds
[2022-08-09 01:40:43,762] {processor.py:153} INFO - Started process (PID=472) to work on /home/airflow/.local/lib/python3.7/site-packages/airflow/example_dags/example_subdag_operator.py
[2022-08-09 01:40:43,763] {processor.py:641} INFO - Processing file /home/airflow/.local/lib/python3.7/site-packages/airflow/example_dags/example_subdag_operator.py for tasks to queue
[2022-08-09 01:40:43,764] {logging_mixin.py:115} INFO - [2022-08-09 01:40:43,764] {dagbag.py:507} INFO - Filling up the DagBag from /home/airflow/.local/lib/python3.7/site-packages/airflow/example_dags/example_subdag_operator.py
[2022-08-09 01:40:43,780] {processor.py:651} INFO - DAG(s) dict_keys(['example_subdag_operator.section-1', 'example_subdag_operator.section-2', 'example_subdag_operator']) retrieved from /home/airflow/.local/lib/python3.7/site-packages/airflow/example_dags/example_subdag_operator.py
[2022-08-09 01:40:43,800] {logging_mixin.py:115} INFO - [2022-08-09 01:40:43,800] {dag.py:2371} INFO - Sync 3 DAGs
[2022-08-09 01:40:43,816] {logging_mixin.py:115} INFO - [2022-08-09 01:40:43,816] {dag.py:2919} INFO - Setting next_dagrun for example_subdag_operator to 2022-08-07T00:00:00+00:00, run_after=2022-08-07T00:00:00+00:00
[2022-08-09 01:40:43,817] {logging_mixin.py:115} INFO - [2022-08-09 01:40:43,817] {dag.py:2919} INFO - Setting next_dagrun for example_subdag_operator.section-1 to None, run_after=None
[2022-08-09 01:40:43,817] {logging_mixin.py:115} INFO - [2022-08-09 01:40:43,817] {dag.py:2919} INFO - Setting next_dagrun for example_subdag_operator.section-2 to None, run_after=None
[2022-08-09 01:40:43,896] {logging_mixin.py:115} INFO - [2022-08-09 01:40:43,896] {dag.py:2371} INFO - Sync 2 DAGs
[2022-08-09 01:40:43,900] {logging_mixin.py:115} INFO - [2022-08-09 01:40:43,900] {dag.py:2919} INFO - Setting next_dagrun for example_subdag_operator.section-1 to None, run_after=None
[2022-08-09 01:40:43,901] {logging_mixin.py:115} INFO - [2022-08-09 01:40:43,901] {dag.py:2919} INFO - Setting next_dagrun for example_subdag_operator.section-2 to None, run_after=None
[2022-08-09 01:40:43,906] {processor.py:161} INFO - Processing /home/airflow/.local/lib/python3.7/site-packages/airflow/example_dags/example_subdag_operator.py took 0.146 seconds
[2022-08-09 01:41:14,369] {processor.py:153} INFO - Started process (PID=535) to work on /home/airflow/.local/lib/python3.7/site-packages/airflow/example_dags/example_subdag_operator.py
[2022-08-09 01:41:14,370] {processor.py:641} INFO - Processing file /home/airflow/.local/lib/python3.7/site-packages/airflow/example_dags/example_subdag_operator.py for tasks to queue
[2022-08-09 01:41:14,371] {logging_mixin.py:115} INFO - [2022-08-09 01:41:14,371] {dagbag.py:507} INFO - Filling up the DagBag from /home/airflow/.local/lib/python3.7/site-packages/airflow/example_dags/example_subdag_operator.py
[2022-08-09 01:41:14,387] {processor.py:651} INFO - DAG(s) dict_keys(['example_subdag_operator.section-1', 'example_subdag_operator.section-2', 'example_subdag_operator']) retrieved from /home/airflow/.local/lib/python3.7/site-packages/airflow/example_dags/example_subdag_operator.py
[2022-08-09 01:41:14,405] {logging_mixin.py:115} INFO - [2022-08-09 01:41:14,405] {dag.py:2371} INFO - Sync 3 DAGs
[2022-08-09 01:41:14,420] {logging_mixin.py:115} INFO - [2022-08-09 01:41:14,420] {dag.py:2919} INFO - Setting next_dagrun for example_subdag_operator to 2022-08-07T00:00:00+00:00, run_after=2022-08-07T00:00:00+00:00
[2022-08-09 01:41:14,421] {logging_mixin.py:115} INFO - [2022-08-09 01:41:14,421] {dag.py:2919} INFO - Setting next_dagrun for example_subdag_operator.section-1 to None, run_after=None
[2022-08-09 01:41:14,422] {logging_mixin.py:115} INFO - [2022-08-09 01:41:14,422] {dag.py:2919} INFO - Setting next_dagrun for example_subdag_operator.section-2 to None, run_after=None
[2022-08-09 01:41:14,502] {logging_mixin.py:115} INFO - [2022-08-09 01:41:14,502] {dag.py:2371} INFO - Sync 2 DAGs
[2022-08-09 01:41:14,505] {logging_mixin.py:115} INFO - [2022-08-09 01:41:14,505] {dag.py:2919} INFO - Setting next_dagrun for example_subdag_operator.section-1 to None, run_after=None
[2022-08-09 01:41:14,506] {logging_mixin.py:115} INFO - [2022-08-09 01:41:14,506] {dag.py:2919} INFO - Setting next_dagrun for example_subdag_operator.section-2 to None, run_after=None
[2022-08-09 01:41:14,511] {processor.py:161} INFO - Processing /home/airflow/.local/lib/python3.7/site-packages/airflow/example_dags/example_subdag_operator.py took 0.144 seconds
[2022-08-09 01:41:44,881] {processor.py:153} INFO - Started process (PID=598) to work on /home/airflow/.local/lib/python3.7/site-packages/airflow/example_dags/example_subdag_operator.py
[2022-08-09 01:41:44,882] {processor.py:641} INFO - Processing file /home/airflow/.local/lib/python3.7/site-packages/airflow/example_dags/example_subdag_operator.py for tasks to queue
[2022-08-09 01:41:44,884] {logging_mixin.py:115} INFO - [2022-08-09 01:41:44,884] {dagbag.py:507} INFO - Filling up the DagBag from /home/airflow/.local/lib/python3.7/site-packages/airflow/example_dags/example_subdag_operator.py
[2022-08-09 01:41:44,900] {processor.py:651} INFO - DAG(s) dict_keys(['example_subdag_operator.section-1', 'example_subdag_operator.section-2', 'example_subdag_operator']) retrieved from /home/airflow/.local/lib/python3.7/site-packages/airflow/example_dags/example_subdag_operator.py
[2022-08-09 01:41:44,918] {logging_mixin.py:115} INFO - [2022-08-09 01:41:44,918] {dag.py:2371} INFO - Sync 3 DAGs
[2022-08-09 01:41:44,933] {logging_mixin.py:115} INFO - [2022-08-09 01:41:44,933] {dag.py:2919} INFO - Setting next_dagrun for example_subdag_operator to 2022-08-07T00:00:00+00:00, run_after=2022-08-07T00:00:00+00:00
[2022-08-09 01:41:44,934] {logging_mixin.py:115} INFO - [2022-08-09 01:41:44,934] {dag.py:2919} INFO - Setting next_dagrun for example_subdag_operator.section-1 to None, run_after=None
[2022-08-09 01:41:44,935] {logging_mixin.py:115} INFO - [2022-08-09 01:41:44,935] {dag.py:2919} INFO - Setting next_dagrun for example_subdag_operator.section-2 to None, run_after=None
[2022-08-09 01:41:45,024] {logging_mixin.py:115} INFO - [2022-08-09 01:41:45,024] {dag.py:2371} INFO - Sync 2 DAGs
[2022-08-09 01:41:45,027] {logging_mixin.py:115} INFO - [2022-08-09 01:41:45,027] {dag.py:2919} INFO - Setting next_dagrun for example_subdag_operator.section-1 to None, run_after=None
[2022-08-09 01:41:45,028] {logging_mixin.py:115} INFO - [2022-08-09 01:41:45,028] {dag.py:2919} INFO - Setting next_dagrun for example_subdag_operator.section-2 to None, run_after=None
[2022-08-09 01:41:45,032] {processor.py:161} INFO - Processing /home/airflow/.local/lib/python3.7/site-packages/airflow/example_dags/example_subdag_operator.py took 0.153 seconds
[2022-08-09 01:42:15,532] {processor.py:153} INFO - Started process (PID=661) to work on /home/airflow/.local/lib/python3.7/site-packages/airflow/example_dags/example_subdag_operator.py
[2022-08-09 01:42:15,533] {processor.py:641} INFO - Processing file /home/airflow/.local/lib/python3.7/site-packages/airflow/example_dags/example_subdag_operator.py for tasks to queue
[2022-08-09 01:42:15,534] {logging_mixin.py:115} INFO - [2022-08-09 01:42:15,534] {dagbag.py:507} INFO - Filling up the DagBag from /home/airflow/.local/lib/python3.7/site-packages/airflow/example_dags/example_subdag_operator.py
[2022-08-09 01:42:15,550] {processor.py:651} INFO - DAG(s) dict_keys(['example_subdag_operator.section-1', 'example_subdag_operator.section-2', 'example_subdag_operator']) retrieved from /home/airflow/.local/lib/python3.7/site-packages/airflow/example_dags/example_subdag_operator.py
[2022-08-09 01:42:15,570] {logging_mixin.py:115} INFO - [2022-08-09 01:42:15,569] {dag.py:2371} INFO - Sync 3 DAGs
[2022-08-09 01:42:15,661] {logging_mixin.py:115} INFO - [2022-08-09 01:42:15,661] {dag.py:2919} INFO - Setting next_dagrun for example_subdag_operator to 2022-08-07T00:00:00+00:00, run_after=2022-08-07T00:00:00+00:00
[2022-08-09 01:42:15,663] {logging_mixin.py:115} INFO - [2022-08-09 01:42:15,663] {dag.py:2919} INFO - Setting next_dagrun for example_subdag_operator.section-1 to None, run_after=None
[2022-08-09 01:42:15,663] {logging_mixin.py:115} INFO - [2022-08-09 01:42:15,663] {dag.py:2919} INFO - Setting next_dagrun for example_subdag_operator.section-2 to None, run_after=None
[2022-08-09 01:42:15,668] {logging_mixin.py:115} INFO - [2022-08-09 01:42:15,668] {dag.py:2371} INFO - Sync 2 DAGs
[2022-08-09 01:42:15,671] {logging_mixin.py:115} INFO - [2022-08-09 01:42:15,671] {dag.py:2919} INFO - Setting next_dagrun for example_subdag_operator.section-1 to None, run_after=None
[2022-08-09 01:42:15,672] {logging_mixin.py:115} INFO - [2022-08-09 01:42:15,672] {dag.py:2919} INFO - Setting next_dagrun for example_subdag_operator.section-2 to None, run_after=None
[2022-08-09 01:42:15,677] {processor.py:161} INFO - Processing /home/airflow/.local/lib/python3.7/site-packages/airflow/example_dags/example_subdag_operator.py took 0.147 seconds
[2022-08-09 01:42:46,352] {processor.py:153} INFO - Started process (PID=724) to work on /home/airflow/.local/lib/python3.7/site-packages/airflow/example_dags/example_subdag_operator.py
[2022-08-09 01:42:46,353] {processor.py:641} INFO - Processing file /home/airflow/.local/lib/python3.7/site-packages/airflow/example_dags/example_subdag_operator.py for tasks to queue
[2022-08-09 01:42:46,355] {logging_mixin.py:115} INFO - [2022-08-09 01:42:46,354] {dagbag.py:507} INFO - Filling up the DagBag from /home/airflow/.local/lib/python3.7/site-packages/airflow/example_dags/example_subdag_operator.py
[2022-08-09 01:42:46,370] {processor.py:651} INFO - DAG(s) dict_keys(['example_subdag_operator.section-1', 'example_subdag_operator.section-2', 'example_subdag_operator']) retrieved from /home/airflow/.local/lib/python3.7/site-packages/airflow/example_dags/example_subdag_operator.py
[2022-08-09 01:42:46,389] {logging_mixin.py:115} INFO - [2022-08-09 01:42:46,389] {dag.py:2371} INFO - Sync 3 DAGs
[2022-08-09 01:42:46,485] {logging_mixin.py:115} INFO - [2022-08-09 01:42:46,485] {dag.py:2919} INFO - Setting next_dagrun for example_subdag_operator to 2022-08-07T00:00:00+00:00, run_after=2022-08-07T00:00:00+00:00
[2022-08-09 01:42:46,487] {logging_mixin.py:115} INFO - [2022-08-09 01:42:46,487] {dag.py:2919} INFO - Setting next_dagrun for example_subdag_operator.section-1 to None, run_after=None
[2022-08-09 01:42:46,488] {logging_mixin.py:115} INFO - [2022-08-09 01:42:46,488] {dag.py:2919} INFO - Setting next_dagrun for example_subdag_operator.section-2 to None, run_after=None
[2022-08-09 01:42:46,492] {logging_mixin.py:115} INFO - [2022-08-09 01:42:46,492] {dag.py:2371} INFO - Sync 2 DAGs
[2022-08-09 01:42:46,496] {logging_mixin.py:115} INFO - [2022-08-09 01:42:46,495] {dag.py:2919} INFO - Setting next_dagrun for example_subdag_operator.section-1 to None, run_after=None
[2022-08-09 01:42:46,496] {logging_mixin.py:115} INFO - [2022-08-09 01:42:46,496] {dag.py:2919} INFO - Setting next_dagrun for example_subdag_operator.section-2 to None, run_after=None
[2022-08-09 01:42:46,501] {processor.py:161} INFO - Processing /home/airflow/.local/lib/python3.7/site-packages/airflow/example_dags/example_subdag_operator.py took 0.151 seconds
[2022-08-09 01:43:17,341] {processor.py:153} INFO - Started process (PID=788) to work on /home/airflow/.local/lib/python3.7/site-packages/airflow/example_dags/example_subdag_operator.py
[2022-08-09 01:43:17,342] {processor.py:641} INFO - Processing file /home/airflow/.local/lib/python3.7/site-packages/airflow/example_dags/example_subdag_operator.py for tasks to queue
[2022-08-09 01:43:17,343] {logging_mixin.py:115} INFO - [2022-08-09 01:43:17,343] {dagbag.py:507} INFO - Filling up the DagBag from /home/airflow/.local/lib/python3.7/site-packages/airflow/example_dags/example_subdag_operator.py
[2022-08-09 01:43:17,359] {processor.py:651} INFO - DAG(s) dict_keys(['example_subdag_operator.section-1', 'example_subdag_operator.section-2', 'example_subdag_operator']) retrieved from /home/airflow/.local/lib/python3.7/site-packages/airflow/example_dags/example_subdag_operator.py
[2022-08-09 01:43:17,380] {logging_mixin.py:115} INFO - [2022-08-09 01:43:17,380] {dag.py:2371} INFO - Sync 3 DAGs
[2022-08-09 01:43:17,485] {logging_mixin.py:115} INFO - [2022-08-09 01:43:17,484] {dag.py:2919} INFO - Setting next_dagrun for example_subdag_operator to 2022-08-07T00:00:00+00:00, run_after=2022-08-07T00:00:00+00:00
[2022-08-09 01:43:17,486] {logging_mixin.py:115} INFO - [2022-08-09 01:43:17,486] {dag.py:2919} INFO - Setting next_dagrun for example_subdag_operator.section-1 to None, run_after=None
[2022-08-09 01:43:17,487] {logging_mixin.py:115} INFO - [2022-08-09 01:43:17,487] {dag.py:2919} INFO - Setting next_dagrun for example_subdag_operator.section-2 to None, run_after=None
[2022-08-09 01:43:17,492] {logging_mixin.py:115} INFO - [2022-08-09 01:43:17,492] {dag.py:2371} INFO - Sync 2 DAGs
[2022-08-09 01:43:17,497] {logging_mixin.py:115} INFO - [2022-08-09 01:43:17,497] {dag.py:2919} INFO - Setting next_dagrun for example_subdag_operator.section-1 to None, run_after=None
[2022-08-09 01:43:17,498] {logging_mixin.py:115} INFO - [2022-08-09 01:43:17,498] {dag.py:2919} INFO - Setting next_dagrun for example_subdag_operator.section-2 to None, run_after=None
[2022-08-09 01:43:17,503] {processor.py:161} INFO - Processing /home/airflow/.local/lib/python3.7/site-packages/airflow/example_dags/example_subdag_operator.py took 0.165 seconds
[2022-08-09 01:43:48,290] {processor.py:153} INFO - Started process (PID=843) to work on /home/airflow/.local/lib/python3.7/site-packages/airflow/example_dags/example_subdag_operator.py
[2022-08-09 01:43:48,292] {processor.py:641} INFO - Processing file /home/airflow/.local/lib/python3.7/site-packages/airflow/example_dags/example_subdag_operator.py for tasks to queue
[2022-08-09 01:43:48,293] {logging_mixin.py:115} INFO - [2022-08-09 01:43:48,293] {dagbag.py:507} INFO - Filling up the DagBag from /home/airflow/.local/lib/python3.7/site-packages/airflow/example_dags/example_subdag_operator.py
[2022-08-09 01:43:48,308] {processor.py:651} INFO - DAG(s) dict_keys(['example_subdag_operator.section-1', 'example_subdag_operator.section-2', 'example_subdag_operator']) retrieved from /home/airflow/.local/lib/python3.7/site-packages/airflow/example_dags/example_subdag_operator.py
[2022-08-09 01:43:48,327] {logging_mixin.py:115} INFO - [2022-08-09 01:43:48,327] {dag.py:2371} INFO - Sync 3 DAGs
[2022-08-09 01:43:48,427] {logging_mixin.py:115} INFO - [2022-08-09 01:43:48,427] {dag.py:2919} INFO - Setting next_dagrun for example_subdag_operator to 2022-08-07T00:00:00+00:00, run_after=2022-08-07T00:00:00+00:00
[2022-08-09 01:43:48,428] {logging_mixin.py:115} INFO - [2022-08-09 01:43:48,428] {dag.py:2919} INFO - Setting next_dagrun for example_subdag_operator.section-1 to None, run_after=None
[2022-08-09 01:43:48,428] {logging_mixin.py:115} INFO - [2022-08-09 01:43:48,428] {dag.py:2919} INFO - Setting next_dagrun for example_subdag_operator.section-2 to None, run_after=None
[2022-08-09 01:43:48,432] {logging_mixin.py:115} INFO - [2022-08-09 01:43:48,432] {dag.py:2371} INFO - Sync 2 DAGs
[2022-08-09 01:43:48,436] {logging_mixin.py:115} INFO - [2022-08-09 01:43:48,436] {dag.py:2919} INFO - Setting next_dagrun for example_subdag_operator.section-1 to None, run_after=None
[2022-08-09 01:43:48,436] {logging_mixin.py:115} INFO - [2022-08-09 01:43:48,436] {dag.py:2919} INFO - Setting next_dagrun for example_subdag_operator.section-2 to None, run_after=None
[2022-08-09 01:43:48,440] {processor.py:161} INFO - Processing /home/airflow/.local/lib/python3.7/site-packages/airflow/example_dags/example_subdag_operator.py took 0.152 seconds
[2022-08-09 01:44:19,279] {processor.py:153} INFO - Started process (PID=906) to work on /home/airflow/.local/lib/python3.7/site-packages/airflow/example_dags/example_subdag_operator.py
[2022-08-09 01:44:19,280] {processor.py:641} INFO - Processing file /home/airflow/.local/lib/python3.7/site-packages/airflow/example_dags/example_subdag_operator.py for tasks to queue
[2022-08-09 01:44:19,281] {logging_mixin.py:115} INFO - [2022-08-09 01:44:19,281] {dagbag.py:507} INFO - Filling up the DagBag from /home/airflow/.local/lib/python3.7/site-packages/airflow/example_dags/example_subdag_operator.py
[2022-08-09 01:44:19,297] {processor.py:651} INFO - DAG(s) dict_keys(['example_subdag_operator.section-1', 'example_subdag_operator.section-2', 'example_subdag_operator']) retrieved from /home/airflow/.local/lib/python3.7/site-packages/airflow/example_dags/example_subdag_operator.py
[2022-08-09 01:44:19,316] {logging_mixin.py:115} INFO - [2022-08-09 01:44:19,316] {dag.py:2371} INFO - Sync 3 DAGs
[2022-08-09 01:44:19,408] {logging_mixin.py:115} INFO - [2022-08-09 01:44:19,408] {dag.py:2919} INFO - Setting next_dagrun for example_subdag_operator to 2022-08-07T00:00:00+00:00, run_after=2022-08-07T00:00:00+00:00
[2022-08-09 01:44:19,409] {logging_mixin.py:115} INFO - [2022-08-09 01:44:19,409] {dag.py:2919} INFO - Setting next_dagrun for example_subdag_operator.section-1 to None, run_after=None
[2022-08-09 01:44:19,411] {logging_mixin.py:115} INFO - [2022-08-09 01:44:19,411] {dag.py:2919} INFO - Setting next_dagrun for example_subdag_operator.section-2 to None, run_after=None
[2022-08-09 01:44:19,415] {logging_mixin.py:115} INFO - [2022-08-09 01:44:19,415] {dag.py:2371} INFO - Sync 2 DAGs
[2022-08-09 01:44:19,419] {logging_mixin.py:115} INFO - [2022-08-09 01:44:19,419] {dag.py:2919} INFO - Setting next_dagrun for example_subdag_operator.section-1 to None, run_after=None
[2022-08-09 01:44:19,420] {logging_mixin.py:115} INFO - [2022-08-09 01:44:19,420] {dag.py:2919} INFO - Setting next_dagrun for example_subdag_operator.section-2 to None, run_after=None
[2022-08-09 01:44:19,425] {processor.py:161} INFO - Processing /home/airflow/.local/lib/python3.7/site-packages/airflow/example_dags/example_subdag_operator.py took 0.148 seconds
[2022-08-09 01:44:50,291] {processor.py:153} INFO - Started process (PID=970) to work on /home/airflow/.local/lib/python3.7/site-packages/airflow/example_dags/example_subdag_operator.py
[2022-08-09 01:44:50,292] {processor.py:641} INFO - Processing file /home/airflow/.local/lib/python3.7/site-packages/airflow/example_dags/example_subdag_operator.py for tasks to queue
[2022-08-09 01:44:50,293] {logging_mixin.py:115} INFO - [2022-08-09 01:44:50,293] {dagbag.py:507} INFO - Filling up the DagBag from /home/airflow/.local/lib/python3.7/site-packages/airflow/example_dags/example_subdag_operator.py
[2022-08-09 01:44:50,309] {processor.py:651} INFO - DAG(s) dict_keys(['example_subdag_operator.section-1', 'example_subdag_operator.section-2', 'example_subdag_operator']) retrieved from /home/airflow/.local/lib/python3.7/site-packages/airflow/example_dags/example_subdag_operator.py
[2022-08-09 01:44:50,327] {logging_mixin.py:115} INFO - [2022-08-09 01:44:50,327] {dag.py:2371} INFO - Sync 3 DAGs
[2022-08-09 01:44:50,426] {logging_mixin.py:115} INFO - [2022-08-09 01:44:50,425] {dag.py:2919} INFO - Setting next_dagrun for example_subdag_operator to 2022-08-07T00:00:00+00:00, run_after=2022-08-07T00:00:00+00:00
[2022-08-09 01:44:50,427] {logging_mixin.py:115} INFO - [2022-08-09 01:44:50,427] {dag.py:2919} INFO - Setting next_dagrun for example_subdag_operator.section-1 to None, run_after=None
[2022-08-09 01:44:50,428] {logging_mixin.py:115} INFO - [2022-08-09 01:44:50,428] {dag.py:2919} INFO - Setting next_dagrun for example_subdag_operator.section-2 to None, run_after=None
[2022-08-09 01:44:50,431] {logging_mixin.py:115} INFO - [2022-08-09 01:44:50,431] {dag.py:2371} INFO - Sync 2 DAGs
[2022-08-09 01:44:50,435] {logging_mixin.py:115} INFO - [2022-08-09 01:44:50,435] {dag.py:2919} INFO - Setting next_dagrun for example_subdag_operator.section-1 to None, run_after=None
[2022-08-09 01:44:50,436] {logging_mixin.py:115} INFO - [2022-08-09 01:44:50,436] {dag.py:2919} INFO - Setting next_dagrun for example_subdag_operator.section-2 to None, run_after=None
[2022-08-09 01:44:50,440] {processor.py:161} INFO - Processing /home/airflow/.local/lib/python3.7/site-packages/airflow/example_dags/example_subdag_operator.py took 0.151 seconds
[2022-08-09 01:45:21,189] {processor.py:153} INFO - Started process (PID=1033) to work on /home/airflow/.local/lib/python3.7/site-packages/airflow/example_dags/example_subdag_operator.py
[2022-08-09 01:45:21,190] {processor.py:641} INFO - Processing file /home/airflow/.local/lib/python3.7/site-packages/airflow/example_dags/example_subdag_operator.py for tasks to queue
[2022-08-09 01:45:21,191] {logging_mixin.py:115} INFO - [2022-08-09 01:45:21,191] {dagbag.py:507} INFO - Filling up the DagBag from /home/airflow/.local/lib/python3.7/site-packages/airflow/example_dags/example_subdag_operator.py
[2022-08-09 01:45:21,207] {processor.py:651} INFO - DAG(s) dict_keys(['example_subdag_operator.section-1', 'example_subdag_operator.section-2', 'example_subdag_operator']) retrieved from /home/airflow/.local/lib/python3.7/site-packages/airflow/example_dags/example_subdag_operator.py
[2022-08-09 01:45:21,226] {logging_mixin.py:115} INFO - [2022-08-09 01:45:21,226] {dag.py:2371} INFO - Sync 3 DAGs
[2022-08-09 01:45:21,320] {logging_mixin.py:115} INFO - [2022-08-09 01:45:21,320] {dag.py:2919} INFO - Setting next_dagrun for example_subdag_operator to 2022-08-07T00:00:00+00:00, run_after=2022-08-07T00:00:00+00:00
[2022-08-09 01:45:21,321] {logging_mixin.py:115} INFO - [2022-08-09 01:45:21,321] {dag.py:2919} INFO - Setting next_dagrun for example_subdag_operator.section-1 to None, run_after=None
[2022-08-09 01:45:21,322] {logging_mixin.py:115} INFO - [2022-08-09 01:45:21,322] {dag.py:2919} INFO - Setting next_dagrun for example_subdag_operator.section-2 to None, run_after=None
[2022-08-09 01:45:21,327] {logging_mixin.py:115} INFO - [2022-08-09 01:45:21,327] {dag.py:2371} INFO - Sync 2 DAGs
[2022-08-09 01:45:21,331] {logging_mixin.py:115} INFO - [2022-08-09 01:45:21,331] {dag.py:2919} INFO - Setting next_dagrun for example_subdag_operator.section-1 to None, run_after=None
[2022-08-09 01:45:21,332] {logging_mixin.py:115} INFO - [2022-08-09 01:45:21,332] {dag.py:2919} INFO - Setting next_dagrun for example_subdag_operator.section-2 to None, run_after=None
[2022-08-09 01:45:21,338] {processor.py:161} INFO - Processing /home/airflow/.local/lib/python3.7/site-packages/airflow/example_dags/example_subdag_operator.py took 0.151 seconds
[2022-08-09 01:45:51,553] {processor.py:153} INFO - Started process (PID=1097) to work on /home/airflow/.local/lib/python3.7/site-packages/airflow/example_dags/example_subdag_operator.py
[2022-08-09 01:45:51,555] {processor.py:641} INFO - Processing file /home/airflow/.local/lib/python3.7/site-packages/airflow/example_dags/example_subdag_operator.py for tasks to queue
[2022-08-09 01:45:51,556] {logging_mixin.py:115} INFO - [2022-08-09 01:45:51,556] {dagbag.py:507} INFO - Filling up the DagBag from /home/airflow/.local/lib/python3.7/site-packages/airflow/example_dags/example_subdag_operator.py
[2022-08-09 01:45:51,571] {processor.py:651} INFO - DAG(s) dict_keys(['example_subdag_operator.section-1', 'example_subdag_operator.section-2', 'example_subdag_operator']) retrieved from /home/airflow/.local/lib/python3.7/site-packages/airflow/example_dags/example_subdag_operator.py
[2022-08-09 01:45:51,588] {logging_mixin.py:115} INFO - [2022-08-09 01:45:51,588] {dag.py:2371} INFO - Sync 3 DAGs
[2022-08-09 01:45:51,680] {logging_mixin.py:115} INFO - [2022-08-09 01:45:51,680] {dag.py:2919} INFO - Setting next_dagrun for example_subdag_operator to 2022-08-07T00:00:00+00:00, run_after=2022-08-07T00:00:00+00:00
[2022-08-09 01:45:51,681] {logging_mixin.py:115} INFO - [2022-08-09 01:45:51,681] {dag.py:2919} INFO - Setting next_dagrun for example_subdag_operator.section-1 to None, run_after=None
[2022-08-09 01:45:51,682] {logging_mixin.py:115} INFO - [2022-08-09 01:45:51,682] {dag.py:2919} INFO - Setting next_dagrun for example_subdag_operator.section-2 to None, run_after=None
[2022-08-09 01:45:51,687] {logging_mixin.py:115} INFO - [2022-08-09 01:45:51,687] {dag.py:2371} INFO - Sync 2 DAGs
[2022-08-09 01:45:51,691] {logging_mixin.py:115} INFO - [2022-08-09 01:45:51,691] {dag.py:2919} INFO - Setting next_dagrun for example_subdag_operator.section-1 to None, run_after=None
[2022-08-09 01:45:51,692] {logging_mixin.py:115} INFO - [2022-08-09 01:45:51,692] {dag.py:2919} INFO - Setting next_dagrun for example_subdag_operator.section-2 to None, run_after=None
[2022-08-09 01:45:51,697] {processor.py:161} INFO - Processing /home/airflow/.local/lib/python3.7/site-packages/airflow/example_dags/example_subdag_operator.py took 0.146 seconds
[2022-08-09 01:46:22,560] {processor.py:153} INFO - Started process (PID=1160) to work on /home/airflow/.local/lib/python3.7/site-packages/airflow/example_dags/example_subdag_operator.py
[2022-08-09 01:46:22,565] {processor.py:641} INFO - Processing file /home/airflow/.local/lib/python3.7/site-packages/airflow/example_dags/example_subdag_operator.py for tasks to queue
[2022-08-09 01:46:22,569] {logging_mixin.py:115} INFO - [2022-08-09 01:46:22,569] {dagbag.py:507} INFO - Filling up the DagBag from /home/airflow/.local/lib/python3.7/site-packages/airflow/example_dags/example_subdag_operator.py
[2022-08-09 01:46:22,592] {processor.py:651} INFO - DAG(s) dict_keys(['example_subdag_operator.section-1', 'example_subdag_operator.section-2', 'example_subdag_operator']) retrieved from /home/airflow/.local/lib/python3.7/site-packages/airflow/example_dags/example_subdag_operator.py
[2022-08-09 01:46:22,611] {logging_mixin.py:115} INFO - [2022-08-09 01:46:22,611] {dag.py:2371} INFO - Sync 3 DAGs
[2022-08-09 01:46:22,706] {logging_mixin.py:115} INFO - [2022-08-09 01:46:22,706] {dag.py:2919} INFO - Setting next_dagrun for example_subdag_operator to 2022-08-07T00:00:00+00:00, run_after=2022-08-07T00:00:00+00:00
[2022-08-09 01:46:22,707] {logging_mixin.py:115} INFO - [2022-08-09 01:46:22,707] {dag.py:2919} INFO - Setting next_dagrun for example_subdag_operator.section-1 to None, run_after=None
[2022-08-09 01:46:22,708] {logging_mixin.py:115} INFO - [2022-08-09 01:46:22,708] {dag.py:2919} INFO - Setting next_dagrun for example_subdag_operator.section-2 to None, run_after=None
[2022-08-09 01:46:22,712] {logging_mixin.py:115} INFO - [2022-08-09 01:46:22,712] {dag.py:2371} INFO - Sync 2 DAGs
[2022-08-09 01:46:22,716] {logging_mixin.py:115} INFO - [2022-08-09 01:46:22,716] {dag.py:2919} INFO - Setting next_dagrun for example_subdag_operator.section-1 to None, run_after=None
[2022-08-09 01:46:22,717] {logging_mixin.py:115} INFO - [2022-08-09 01:46:22,717] {dag.py:2919} INFO - Setting next_dagrun for example_subdag_operator.section-2 to None, run_after=None
[2022-08-09 01:46:22,722] {processor.py:161} INFO - Processing /home/airflow/.local/lib/python3.7/site-packages/airflow/example_dags/example_subdag_operator.py took 0.164 seconds
[2022-08-09 01:46:53,186] {processor.py:153} INFO - Started process (PID=1224) to work on /home/airflow/.local/lib/python3.7/site-packages/airflow/example_dags/example_subdag_operator.py
[2022-08-09 01:46:53,187] {processor.py:641} INFO - Processing file /home/airflow/.local/lib/python3.7/site-packages/airflow/example_dags/example_subdag_operator.py for tasks to queue
[2022-08-09 01:46:53,188] {logging_mixin.py:115} INFO - [2022-08-09 01:46:53,188] {dagbag.py:507} INFO - Filling up the DagBag from /home/airflow/.local/lib/python3.7/site-packages/airflow/example_dags/example_subdag_operator.py
[2022-08-09 01:46:53,204] {processor.py:651} INFO - DAG(s) dict_keys(['example_subdag_operator.section-1', 'example_subdag_operator.section-2', 'example_subdag_operator']) retrieved from /home/airflow/.local/lib/python3.7/site-packages/airflow/example_dags/example_subdag_operator.py
[2022-08-09 01:46:53,223] {logging_mixin.py:115} INFO - [2022-08-09 01:46:53,223] {dag.py:2371} INFO - Sync 3 DAGs
[2022-08-09 01:46:53,321] {logging_mixin.py:115} INFO - [2022-08-09 01:46:53,320] {dag.py:2919} INFO - Setting next_dagrun for example_subdag_operator to 2022-08-07T00:00:00+00:00, run_after=2022-08-07T00:00:00+00:00
[2022-08-09 01:46:53,322] {logging_mixin.py:115} INFO - [2022-08-09 01:46:53,322] {dag.py:2919} INFO - Setting next_dagrun for example_subdag_operator.section-1 to None, run_after=None
[2022-08-09 01:46:53,324] {logging_mixin.py:115} INFO - [2022-08-09 01:46:53,324] {dag.py:2919} INFO - Setting next_dagrun for example_subdag_operator.section-2 to None, run_after=None
[2022-08-09 01:46:53,328] {logging_mixin.py:115} INFO - [2022-08-09 01:46:53,328] {dag.py:2371} INFO - Sync 2 DAGs
[2022-08-09 01:46:53,332] {logging_mixin.py:115} INFO - [2022-08-09 01:46:53,332] {dag.py:2919} INFO - Setting next_dagrun for example_subdag_operator.section-1 to None, run_after=None
[2022-08-09 01:46:53,333] {logging_mixin.py:115} INFO - [2022-08-09 01:46:53,333] {dag.py:2919} INFO - Setting next_dagrun for example_subdag_operator.section-2 to None, run_after=None
[2022-08-09 01:46:53,338] {processor.py:161} INFO - Processing /home/airflow/.local/lib/python3.7/site-packages/airflow/example_dags/example_subdag_operator.py took 0.154 seconds
[2022-08-09 01:47:24,102] {processor.py:153} INFO - Started process (PID=1288) to work on /home/airflow/.local/lib/python3.7/site-packages/airflow/example_dags/example_subdag_operator.py
[2022-08-09 01:47:24,104] {processor.py:641} INFO - Processing file /home/airflow/.local/lib/python3.7/site-packages/airflow/example_dags/example_subdag_operator.py for tasks to queue
[2022-08-09 01:47:24,105] {logging_mixin.py:115} INFO - [2022-08-09 01:47:24,105] {dagbag.py:507} INFO - Filling up the DagBag from /home/airflow/.local/lib/python3.7/site-packages/airflow/example_dags/example_subdag_operator.py
[2022-08-09 01:47:24,122] {processor.py:651} INFO - DAG(s) dict_keys(['example_subdag_operator.section-1', 'example_subdag_operator.section-2', 'example_subdag_operator']) retrieved from /home/airflow/.local/lib/python3.7/site-packages/airflow/example_dags/example_subdag_operator.py
[2022-08-09 01:47:24,145] {logging_mixin.py:115} INFO - [2022-08-09 01:47:24,145] {dag.py:2371} INFO - Sync 3 DAGs
[2022-08-09 01:47:24,234] {logging_mixin.py:115} INFO - [2022-08-09 01:47:24,234] {dag.py:2919} INFO - Setting next_dagrun for example_subdag_operator to 2022-08-07T00:00:00+00:00, run_after=2022-08-07T00:00:00+00:00
[2022-08-09 01:47:24,234] {logging_mixin.py:115} INFO - [2022-08-09 01:47:24,234] {dag.py:2919} INFO - Setting next_dagrun for example_subdag_operator.section-1 to None, run_after=None
[2022-08-09 01:47:24,235] {logging_mixin.py:115} INFO - [2022-08-09 01:47:24,235] {dag.py:2919} INFO - Setting next_dagrun for example_subdag_operator.section-2 to None, run_after=None
[2022-08-09 01:47:24,239] {logging_mixin.py:115} INFO - [2022-08-09 01:47:24,239] {dag.py:2371} INFO - Sync 2 DAGs
[2022-08-09 01:47:24,242] {logging_mixin.py:115} INFO - [2022-08-09 01:47:24,242] {dag.py:2919} INFO - Setting next_dagrun for example_subdag_operator.section-1 to None, run_after=None
[2022-08-09 01:47:24,243] {logging_mixin.py:115} INFO - [2022-08-09 01:47:24,243] {dag.py:2919} INFO - Setting next_dagrun for example_subdag_operator.section-2 to None, run_after=None
[2022-08-09 01:47:24,248] {processor.py:161} INFO - Processing /home/airflow/.local/lib/python3.7/site-packages/airflow/example_dags/example_subdag_operator.py took 0.148 seconds
[2022-08-09 01:47:54,911] {processor.py:153} INFO - Started process (PID=1342) to work on /home/airflow/.local/lib/python3.7/site-packages/airflow/example_dags/example_subdag_operator.py
[2022-08-09 01:47:54,912] {processor.py:641} INFO - Processing file /home/airflow/.local/lib/python3.7/site-packages/airflow/example_dags/example_subdag_operator.py for tasks to queue
[2022-08-09 01:47:54,913] {logging_mixin.py:115} INFO - [2022-08-09 01:47:54,913] {dagbag.py:507} INFO - Filling up the DagBag from /home/airflow/.local/lib/python3.7/site-packages/airflow/example_dags/example_subdag_operator.py
[2022-08-09 01:47:54,928] {processor.py:651} INFO - DAG(s) dict_keys(['example_subdag_operator.section-1', 'example_subdag_operator.section-2', 'example_subdag_operator']) retrieved from /home/airflow/.local/lib/python3.7/site-packages/airflow/example_dags/example_subdag_operator.py
[2022-08-09 01:47:54,948] {logging_mixin.py:115} INFO - [2022-08-09 01:47:54,948] {dag.py:2371} INFO - Sync 3 DAGs
[2022-08-09 01:47:55,052] {logging_mixin.py:115} INFO - [2022-08-09 01:47:55,052] {dag.py:2919} INFO - Setting next_dagrun for example_subdag_operator to 2022-08-07T00:00:00+00:00, run_after=2022-08-07T00:00:00+00:00
[2022-08-09 01:47:55,053] {logging_mixin.py:115} INFO - [2022-08-09 01:47:55,053] {dag.py:2919} INFO - Setting next_dagrun for example_subdag_operator.section-1 to None, run_after=None
[2022-08-09 01:47:55,054] {logging_mixin.py:115} INFO - [2022-08-09 01:47:55,053] {dag.py:2919} INFO - Setting next_dagrun for example_subdag_operator.section-2 to None, run_after=None
[2022-08-09 01:47:55,059] {logging_mixin.py:115} INFO - [2022-08-09 01:47:55,059] {dag.py:2371} INFO - Sync 2 DAGs
[2022-08-09 01:47:55,063] {logging_mixin.py:115} INFO - [2022-08-09 01:47:55,063] {dag.py:2919} INFO - Setting next_dagrun for example_subdag_operator.section-1 to None, run_after=None
[2022-08-09 01:47:55,064] {logging_mixin.py:115} INFO - [2022-08-09 01:47:55,064] {dag.py:2919} INFO - Setting next_dagrun for example_subdag_operator.section-2 to None, run_after=None
[2022-08-09 01:47:55,070] {processor.py:161} INFO - Processing /home/airflow/.local/lib/python3.7/site-packages/airflow/example_dags/example_subdag_operator.py took 0.161 seconds
[2022-08-09 01:48:25,760] {processor.py:153} INFO - Started process (PID=1405) to work on /home/airflow/.local/lib/python3.7/site-packages/airflow/example_dags/example_subdag_operator.py
[2022-08-09 01:48:25,761] {processor.py:641} INFO - Processing file /home/airflow/.local/lib/python3.7/site-packages/airflow/example_dags/example_subdag_operator.py for tasks to queue
[2022-08-09 01:48:25,763] {logging_mixin.py:115} INFO - [2022-08-09 01:48:25,763] {dagbag.py:507} INFO - Filling up the DagBag from /home/airflow/.local/lib/python3.7/site-packages/airflow/example_dags/example_subdag_operator.py
[2022-08-09 01:48:25,784] {processor.py:651} INFO - DAG(s) dict_keys(['example_subdag_operator.section-1', 'example_subdag_operator.section-2', 'example_subdag_operator']) retrieved from /home/airflow/.local/lib/python3.7/site-packages/airflow/example_dags/example_subdag_operator.py
[2022-08-09 01:48:25,805] {logging_mixin.py:115} INFO - [2022-08-09 01:48:25,805] {dag.py:2371} INFO - Sync 3 DAGs
[2022-08-09 01:48:25,914] {logging_mixin.py:115} INFO - [2022-08-09 01:48:25,914] {dag.py:2919} INFO - Setting next_dagrun for example_subdag_operator to 2022-08-07T00:00:00+00:00, run_after=2022-08-07T00:00:00+00:00
[2022-08-09 01:48:25,915] {logging_mixin.py:115} INFO - [2022-08-09 01:48:25,915] {dag.py:2919} INFO - Setting next_dagrun for example_subdag_operator.section-1 to None, run_after=None
[2022-08-09 01:48:25,916] {logging_mixin.py:115} INFO - [2022-08-09 01:48:25,916] {dag.py:2919} INFO - Setting next_dagrun for example_subdag_operator.section-2 to None, run_after=None
[2022-08-09 01:48:25,923] {logging_mixin.py:115} INFO - [2022-08-09 01:48:25,923] {dag.py:2371} INFO - Sync 2 DAGs
[2022-08-09 01:48:25,927] {logging_mixin.py:115} INFO - [2022-08-09 01:48:25,927] {dag.py:2919} INFO - Setting next_dagrun for example_subdag_operator.section-1 to None, run_after=None
[2022-08-09 01:48:25,929] {logging_mixin.py:115} INFO - [2022-08-09 01:48:25,929] {dag.py:2919} INFO - Setting next_dagrun for example_subdag_operator.section-2 to None, run_after=None
[2022-08-09 01:48:25,934] {processor.py:161} INFO - Processing /home/airflow/.local/lib/python3.7/site-packages/airflow/example_dags/example_subdag_operator.py took 0.176 seconds
[2022-08-09 01:48:56,701] {processor.py:153} INFO - Started process (PID=1468) to work on /home/airflow/.local/lib/python3.7/site-packages/airflow/example_dags/example_subdag_operator.py
[2022-08-09 01:48:56,703] {processor.py:641} INFO - Processing file /home/airflow/.local/lib/python3.7/site-packages/airflow/example_dags/example_subdag_operator.py for tasks to queue
[2022-08-09 01:48:56,704] {logging_mixin.py:115} INFO - [2022-08-09 01:48:56,704] {dagbag.py:507} INFO - Filling up the DagBag from /home/airflow/.local/lib/python3.7/site-packages/airflow/example_dags/example_subdag_operator.py
[2022-08-09 01:48:56,724] {processor.py:651} INFO - DAG(s) dict_keys(['example_subdag_operator.section-1', 'example_subdag_operator.section-2', 'example_subdag_operator']) retrieved from /home/airflow/.local/lib/python3.7/site-packages/airflow/example_dags/example_subdag_operator.py
[2022-08-09 01:48:56,748] {logging_mixin.py:115} INFO - [2022-08-09 01:48:56,748] {dag.py:2371} INFO - Sync 3 DAGs
[2022-08-09 01:48:56,852] {logging_mixin.py:115} INFO - [2022-08-09 01:48:56,852] {dag.py:2919} INFO - Setting next_dagrun for example_subdag_operator to 2022-08-07T00:00:00+00:00, run_after=2022-08-07T00:00:00+00:00
[2022-08-09 01:48:56,853] {logging_mixin.py:115} INFO - [2022-08-09 01:48:56,853] {dag.py:2919} INFO - Setting next_dagrun for example_subdag_operator.section-1 to None, run_after=None
[2022-08-09 01:48:56,854] {logging_mixin.py:115} INFO - [2022-08-09 01:48:56,854] {dag.py:2919} INFO - Setting next_dagrun for example_subdag_operator.section-2 to None, run_after=None
[2022-08-09 01:48:56,859] {logging_mixin.py:115} INFO - [2022-08-09 01:48:56,859] {dag.py:2371} INFO - Sync 2 DAGs
[2022-08-09 01:48:56,863] {logging_mixin.py:115} INFO - [2022-08-09 01:48:56,863] {dag.py:2919} INFO - Setting next_dagrun for example_subdag_operator.section-1 to None, run_after=None
[2022-08-09 01:48:56,864] {logging_mixin.py:115} INFO - [2022-08-09 01:48:56,864] {dag.py:2919} INFO - Setting next_dagrun for example_subdag_operator.section-2 to None, run_after=None
[2022-08-09 01:48:56,869] {processor.py:161} INFO - Processing /home/airflow/.local/lib/python3.7/site-packages/airflow/example_dags/example_subdag_operator.py took 0.171 seconds
[2022-08-09 01:49:27,580] {processor.py:153} INFO - Started process (PID=1531) to work on /home/airflow/.local/lib/python3.7/site-packages/airflow/example_dags/example_subdag_operator.py
[2022-08-09 01:49:27,581] {processor.py:641} INFO - Processing file /home/airflow/.local/lib/python3.7/site-packages/airflow/example_dags/example_subdag_operator.py for tasks to queue
[2022-08-09 01:49:27,582] {logging_mixin.py:115} INFO - [2022-08-09 01:49:27,582] {dagbag.py:507} INFO - Filling up the DagBag from /home/airflow/.local/lib/python3.7/site-packages/airflow/example_dags/example_subdag_operator.py
[2022-08-09 01:49:27,599] {processor.py:651} INFO - DAG(s) dict_keys(['example_subdag_operator.section-1', 'example_subdag_operator.section-2', 'example_subdag_operator']) retrieved from /home/airflow/.local/lib/python3.7/site-packages/airflow/example_dags/example_subdag_operator.py
[2022-08-09 01:49:27,619] {logging_mixin.py:115} INFO - [2022-08-09 01:49:27,619] {dag.py:2371} INFO - Sync 3 DAGs
[2022-08-09 01:49:27,720] {logging_mixin.py:115} INFO - [2022-08-09 01:49:27,720] {dag.py:2919} INFO - Setting next_dagrun for example_subdag_operator to 2022-08-07T00:00:00+00:00, run_after=2022-08-07T00:00:00+00:00
[2022-08-09 01:49:27,721] {logging_mixin.py:115} INFO - [2022-08-09 01:49:27,721] {dag.py:2919} INFO - Setting next_dagrun for example_subdag_operator.section-1 to None, run_after=None
[2022-08-09 01:49:27,722] {logging_mixin.py:115} INFO - [2022-08-09 01:49:27,722] {dag.py:2919} INFO - Setting next_dagrun for example_subdag_operator.section-2 to None, run_after=None
[2022-08-09 01:49:27,726] {logging_mixin.py:115} INFO - [2022-08-09 01:49:27,726] {dag.py:2371} INFO - Sync 2 DAGs
[2022-08-09 01:49:27,730] {logging_mixin.py:115} INFO - [2022-08-09 01:49:27,730] {dag.py:2919} INFO - Setting next_dagrun for example_subdag_operator.section-1 to None, run_after=None
[2022-08-09 01:49:27,732] {logging_mixin.py:115} INFO - [2022-08-09 01:49:27,732] {dag.py:2919} INFO - Setting next_dagrun for example_subdag_operator.section-2 to None, run_after=None
[2022-08-09 01:49:27,737] {processor.py:161} INFO - Processing /home/airflow/.local/lib/python3.7/site-packages/airflow/example_dags/example_subdag_operator.py took 0.159 seconds
[2022-08-09 01:49:58,529] {processor.py:153} INFO - Started process (PID=1594) to work on /home/airflow/.local/lib/python3.7/site-packages/airflow/example_dags/example_subdag_operator.py
[2022-08-09 01:49:58,530] {processor.py:641} INFO - Processing file /home/airflow/.local/lib/python3.7/site-packages/airflow/example_dags/example_subdag_operator.py for tasks to queue
[2022-08-09 01:49:58,531] {logging_mixin.py:115} INFO - [2022-08-09 01:49:58,531] {dagbag.py:507} INFO - Filling up the DagBag from /home/airflow/.local/lib/python3.7/site-packages/airflow/example_dags/example_subdag_operator.py
[2022-08-09 01:49:58,547] {processor.py:651} INFO - DAG(s) dict_keys(['example_subdag_operator.section-1', 'example_subdag_operator.section-2', 'example_subdag_operator']) retrieved from /home/airflow/.local/lib/python3.7/site-packages/airflow/example_dags/example_subdag_operator.py
[2022-08-09 01:49:58,566] {logging_mixin.py:115} INFO - [2022-08-09 01:49:58,566] {dag.py:2371} INFO - Sync 3 DAGs
[2022-08-09 01:49:58,666] {logging_mixin.py:115} INFO - [2022-08-09 01:49:58,666] {dag.py:2919} INFO - Setting next_dagrun for example_subdag_operator to 2022-08-07T00:00:00+00:00, run_after=2022-08-07T00:00:00+00:00
[2022-08-09 01:49:58,668] {logging_mixin.py:115} INFO - [2022-08-09 01:49:58,668] {dag.py:2919} INFO - Setting next_dagrun for example_subdag_operator.section-1 to None, run_after=None
[2022-08-09 01:49:58,669] {logging_mixin.py:115} INFO - [2022-08-09 01:49:58,669] {dag.py:2919} INFO - Setting next_dagrun for example_subdag_operator.section-2 to None, run_after=None
[2022-08-09 01:49:58,673] {logging_mixin.py:115} INFO - [2022-08-09 01:49:58,673] {dag.py:2371} INFO - Sync 2 DAGs
[2022-08-09 01:49:58,677] {logging_mixin.py:115} INFO - [2022-08-09 01:49:58,677] {dag.py:2919} INFO - Setting next_dagrun for example_subdag_operator.section-1 to None, run_after=None
[2022-08-09 01:49:58,678] {logging_mixin.py:115} INFO - [2022-08-09 01:49:58,678] {dag.py:2919} INFO - Setting next_dagrun for example_subdag_operator.section-2 to None, run_after=None
[2022-08-09 01:49:58,683] {processor.py:161} INFO - Processing /home/airflow/.local/lib/python3.7/site-packages/airflow/example_dags/example_subdag_operator.py took 0.156 seconds
