[2022-08-09 01:37:14,156] {processor.py:153} INFO - Started process (PID=72) to work on /home/airflow/.local/lib/python3.7/site-packages/airflow/example_dags/example_time_delta_sensor_async.py
[2022-08-09 01:37:14,157] {processor.py:641} INFO - Processing file /home/airflow/.local/lib/python3.7/site-packages/airflow/example_dags/example_time_delta_sensor_async.py for tasks to queue
[2022-08-09 01:37:14,158] {logging_mixin.py:115} INFO - [2022-08-09 01:37:14,158] {dagbag.py:507} INFO - Filling up the DagBag from /home/airflow/.local/lib/python3.7/site-packages/airflow/example_dags/example_time_delta_sensor_async.py
[2022-08-09 01:37:14,170] {processor.py:651} INFO - DAG(s) dict_keys(['example_time_delta_sensor_async']) retrieved from /home/airflow/.local/lib/python3.7/site-packages/airflow/example_dags/example_time_delta_sensor_async.py
[2022-08-09 01:37:14,205] {logging_mixin.py:115} INFO - [2022-08-09 01:37:14,205] {dag.py:2371} INFO - Sync 1 DAGs
[2022-08-09 01:37:14,234] {logging_mixin.py:115} INFO - [2022-08-09 01:37:14,234] {dag.py:2919} INFO - Setting next_dagrun for example_time_delta_sensor_async to None, run_after=None
[2022-08-09 01:37:14,254] {processor.py:161} INFO - Processing /home/airflow/.local/lib/python3.7/site-packages/airflow/example_dags/example_time_delta_sensor_async.py took 0.101 seconds
[2022-08-09 01:37:45,205] {processor.py:153} INFO - Started process (PID=135) to work on /home/airflow/.local/lib/python3.7/site-packages/airflow/example_dags/example_time_delta_sensor_async.py
[2022-08-09 01:37:45,206] {processor.py:641} INFO - Processing file /home/airflow/.local/lib/python3.7/site-packages/airflow/example_dags/example_time_delta_sensor_async.py for tasks to queue
[2022-08-09 01:37:45,207] {logging_mixin.py:115} INFO - [2022-08-09 01:37:45,207] {dagbag.py:507} INFO - Filling up the DagBag from /home/airflow/.local/lib/python3.7/site-packages/airflow/example_dags/example_time_delta_sensor_async.py
[2022-08-09 01:37:45,211] {processor.py:651} INFO - DAG(s) dict_keys(['example_time_delta_sensor_async']) retrieved from /home/airflow/.local/lib/python3.7/site-packages/airflow/example_dags/example_time_delta_sensor_async.py
[2022-08-09 01:37:45,233] {logging_mixin.py:115} INFO - [2022-08-09 01:37:45,233] {dag.py:2371} INFO - Sync 1 DAGs
[2022-08-09 01:37:45,248] {logging_mixin.py:115} INFO - [2022-08-09 01:37:45,248] {dag.py:2919} INFO - Setting next_dagrun for example_time_delta_sensor_async to None, run_after=None
[2022-08-09 01:37:45,256] {processor.py:161} INFO - Processing /home/airflow/.local/lib/python3.7/site-packages/airflow/example_dags/example_time_delta_sensor_async.py took 0.053 seconds
[2022-08-09 01:38:15,856] {processor.py:153} INFO - Started process (PID=189) to work on /home/airflow/.local/lib/python3.7/site-packages/airflow/example_dags/example_time_delta_sensor_async.py
[2022-08-09 01:38:15,857] {processor.py:641} INFO - Processing file /home/airflow/.local/lib/python3.7/site-packages/airflow/example_dags/example_time_delta_sensor_async.py for tasks to queue
[2022-08-09 01:38:15,858] {logging_mixin.py:115} INFO - [2022-08-09 01:38:15,858] {dagbag.py:507} INFO - Filling up the DagBag from /home/airflow/.local/lib/python3.7/site-packages/airflow/example_dags/example_time_delta_sensor_async.py
[2022-08-09 01:38:15,862] {processor.py:651} INFO - DAG(s) dict_keys(['example_time_delta_sensor_async']) retrieved from /home/airflow/.local/lib/python3.7/site-packages/airflow/example_dags/example_time_delta_sensor_async.py
[2022-08-09 01:38:15,886] {logging_mixin.py:115} INFO - [2022-08-09 01:38:15,886] {dag.py:2371} INFO - Sync 1 DAGs
[2022-08-09 01:38:15,900] {logging_mixin.py:115} INFO - [2022-08-09 01:38:15,900] {dag.py:2919} INFO - Setting next_dagrun for example_time_delta_sensor_async to None, run_after=None
[2022-08-09 01:38:15,909] {processor.py:161} INFO - Processing /home/airflow/.local/lib/python3.7/site-packages/airflow/example_dags/example_time_delta_sensor_async.py took 0.055 seconds
[2022-08-09 01:38:46,345] {processor.py:153} INFO - Started process (PID=252) to work on /home/airflow/.local/lib/python3.7/site-packages/airflow/example_dags/example_time_delta_sensor_async.py
[2022-08-09 01:38:46,347] {processor.py:641} INFO - Processing file /home/airflow/.local/lib/python3.7/site-packages/airflow/example_dags/example_time_delta_sensor_async.py for tasks to queue
[2022-08-09 01:38:46,348] {logging_mixin.py:115} INFO - [2022-08-09 01:38:46,348] {dagbag.py:507} INFO - Filling up the DagBag from /home/airflow/.local/lib/python3.7/site-packages/airflow/example_dags/example_time_delta_sensor_async.py
[2022-08-09 01:38:46,352] {processor.py:651} INFO - DAG(s) dict_keys(['example_time_delta_sensor_async']) retrieved from /home/airflow/.local/lib/python3.7/site-packages/airflow/example_dags/example_time_delta_sensor_async.py
[2022-08-09 01:38:46,375] {logging_mixin.py:115} INFO - [2022-08-09 01:38:46,375] {dag.py:2371} INFO - Sync 1 DAGs
[2022-08-09 01:38:46,388] {logging_mixin.py:115} INFO - [2022-08-09 01:38:46,388] {dag.py:2919} INFO - Setting next_dagrun for example_time_delta_sensor_async to None, run_after=None
[2022-08-09 01:38:46,395] {processor.py:161} INFO - Processing /home/airflow/.local/lib/python3.7/site-packages/airflow/example_dags/example_time_delta_sensor_async.py took 0.052 seconds
[2022-08-09 01:39:16,814] {processor.py:153} INFO - Started process (PID=315) to work on /home/airflow/.local/lib/python3.7/site-packages/airflow/example_dags/example_time_delta_sensor_async.py
[2022-08-09 01:39:16,815] {processor.py:641} INFO - Processing file /home/airflow/.local/lib/python3.7/site-packages/airflow/example_dags/example_time_delta_sensor_async.py for tasks to queue
[2022-08-09 01:39:16,816] {logging_mixin.py:115} INFO - [2022-08-09 01:39:16,816] {dagbag.py:507} INFO - Filling up the DagBag from /home/airflow/.local/lib/python3.7/site-packages/airflow/example_dags/example_time_delta_sensor_async.py
[2022-08-09 01:39:16,820] {processor.py:651} INFO - DAG(s) dict_keys(['example_time_delta_sensor_async']) retrieved from /home/airflow/.local/lib/python3.7/site-packages/airflow/example_dags/example_time_delta_sensor_async.py
[2022-08-09 01:39:16,842] {logging_mixin.py:115} INFO - [2022-08-09 01:39:16,842] {dag.py:2371} INFO - Sync 1 DAGs
[2022-08-09 01:39:16,855] {logging_mixin.py:115} INFO - [2022-08-09 01:39:16,855] {dag.py:2919} INFO - Setting next_dagrun for example_time_delta_sensor_async to None, run_after=None
[2022-08-09 01:39:16,862] {processor.py:161} INFO - Processing /home/airflow/.local/lib/python3.7/site-packages/airflow/example_dags/example_time_delta_sensor_async.py took 0.050 seconds
[2022-08-09 01:39:47,458] {processor.py:153} INFO - Started process (PID=378) to work on /home/airflow/.local/lib/python3.7/site-packages/airflow/example_dags/example_time_delta_sensor_async.py
[2022-08-09 01:39:47,459] {processor.py:641} INFO - Processing file /home/airflow/.local/lib/python3.7/site-packages/airflow/example_dags/example_time_delta_sensor_async.py for tasks to queue
[2022-08-09 01:39:47,461] {logging_mixin.py:115} INFO - [2022-08-09 01:39:47,461] {dagbag.py:507} INFO - Filling up the DagBag from /home/airflow/.local/lib/python3.7/site-packages/airflow/example_dags/example_time_delta_sensor_async.py
[2022-08-09 01:39:47,464] {processor.py:651} INFO - DAG(s) dict_keys(['example_time_delta_sensor_async']) retrieved from /home/airflow/.local/lib/python3.7/site-packages/airflow/example_dags/example_time_delta_sensor_async.py
[2022-08-09 01:39:47,487] {logging_mixin.py:115} INFO - [2022-08-09 01:39:47,487] {dag.py:2371} INFO - Sync 1 DAGs
[2022-08-09 01:39:47,500] {logging_mixin.py:115} INFO - [2022-08-09 01:39:47,500] {dag.py:2919} INFO - Setting next_dagrun for example_time_delta_sensor_async to None, run_after=None
[2022-08-09 01:39:47,508] {processor.py:161} INFO - Processing /home/airflow/.local/lib/python3.7/site-packages/airflow/example_dags/example_time_delta_sensor_async.py took 0.053 seconds
[2022-08-09 01:40:17,975] {processor.py:153} INFO - Started process (PID=441) to work on /home/airflow/.local/lib/python3.7/site-packages/airflow/example_dags/example_time_delta_sensor_async.py
[2022-08-09 01:40:17,977] {processor.py:641} INFO - Processing file /home/airflow/.local/lib/python3.7/site-packages/airflow/example_dags/example_time_delta_sensor_async.py for tasks to queue
[2022-08-09 01:40:17,978] {logging_mixin.py:115} INFO - [2022-08-09 01:40:17,978] {dagbag.py:507} INFO - Filling up the DagBag from /home/airflow/.local/lib/python3.7/site-packages/airflow/example_dags/example_time_delta_sensor_async.py
[2022-08-09 01:40:17,982] {processor.py:651} INFO - DAG(s) dict_keys(['example_time_delta_sensor_async']) retrieved from /home/airflow/.local/lib/python3.7/site-packages/airflow/example_dags/example_time_delta_sensor_async.py
[2022-08-09 01:40:18,005] {logging_mixin.py:115} INFO - [2022-08-09 01:40:18,004] {dag.py:2371} INFO - Sync 1 DAGs
[2022-08-09 01:40:18,018] {logging_mixin.py:115} INFO - [2022-08-09 01:40:18,018] {dag.py:2919} INFO - Setting next_dagrun for example_time_delta_sensor_async to None, run_after=None
[2022-08-09 01:40:18,026] {processor.py:161} INFO - Processing /home/airflow/.local/lib/python3.7/site-packages/airflow/example_dags/example_time_delta_sensor_async.py took 0.052 seconds
[2022-08-09 01:40:48,447] {processor.py:153} INFO - Started process (PID=504) to work on /home/airflow/.local/lib/python3.7/site-packages/airflow/example_dags/example_time_delta_sensor_async.py
[2022-08-09 01:40:48,448] {processor.py:641} INFO - Processing file /home/airflow/.local/lib/python3.7/site-packages/airflow/example_dags/example_time_delta_sensor_async.py for tasks to queue
[2022-08-09 01:40:48,448] {logging_mixin.py:115} INFO - [2022-08-09 01:40:48,448] {dagbag.py:507} INFO - Filling up the DagBag from /home/airflow/.local/lib/python3.7/site-packages/airflow/example_dags/example_time_delta_sensor_async.py
[2022-08-09 01:40:48,452] {processor.py:651} INFO - DAG(s) dict_keys(['example_time_delta_sensor_async']) retrieved from /home/airflow/.local/lib/python3.7/site-packages/airflow/example_dags/example_time_delta_sensor_async.py
[2022-08-09 01:40:48,473] {logging_mixin.py:115} INFO - [2022-08-09 01:40:48,473] {dag.py:2371} INFO - Sync 1 DAGs
[2022-08-09 01:40:48,487] {logging_mixin.py:115} INFO - [2022-08-09 01:40:48,487] {dag.py:2919} INFO - Setting next_dagrun for example_time_delta_sensor_async to None, run_after=None
[2022-08-09 01:40:48,494] {processor.py:161} INFO - Processing /home/airflow/.local/lib/python3.7/site-packages/airflow/example_dags/example_time_delta_sensor_async.py took 0.050 seconds
[2022-08-09 01:41:19,028] {processor.py:153} INFO - Started process (PID=558) to work on /home/airflow/.local/lib/python3.7/site-packages/airflow/example_dags/example_time_delta_sensor_async.py
[2022-08-09 01:41:19,029] {processor.py:641} INFO - Processing file /home/airflow/.local/lib/python3.7/site-packages/airflow/example_dags/example_time_delta_sensor_async.py for tasks to queue
[2022-08-09 01:41:19,030] {logging_mixin.py:115} INFO - [2022-08-09 01:41:19,030] {dagbag.py:507} INFO - Filling up the DagBag from /home/airflow/.local/lib/python3.7/site-packages/airflow/example_dags/example_time_delta_sensor_async.py
[2022-08-09 01:41:19,034] {processor.py:651} INFO - DAG(s) dict_keys(['example_time_delta_sensor_async']) retrieved from /home/airflow/.local/lib/python3.7/site-packages/airflow/example_dags/example_time_delta_sensor_async.py
[2022-08-09 01:41:19,057] {logging_mixin.py:115} INFO - [2022-08-09 01:41:19,056] {dag.py:2371} INFO - Sync 1 DAGs
[2022-08-09 01:41:19,070] {logging_mixin.py:115} INFO - [2022-08-09 01:41:19,070] {dag.py:2919} INFO - Setting next_dagrun for example_time_delta_sensor_async to None, run_after=None
[2022-08-09 01:41:19,077] {processor.py:161} INFO - Processing /home/airflow/.local/lib/python3.7/site-packages/airflow/example_dags/example_time_delta_sensor_async.py took 0.051 seconds
[2022-08-09 01:41:49,572] {processor.py:153} INFO - Started process (PID=621) to work on /home/airflow/.local/lib/python3.7/site-packages/airflow/example_dags/example_time_delta_sensor_async.py
[2022-08-09 01:41:49,573] {processor.py:641} INFO - Processing file /home/airflow/.local/lib/python3.7/site-packages/airflow/example_dags/example_time_delta_sensor_async.py for tasks to queue
[2022-08-09 01:41:49,575] {logging_mixin.py:115} INFO - [2022-08-09 01:41:49,575] {dagbag.py:507} INFO - Filling up the DagBag from /home/airflow/.local/lib/python3.7/site-packages/airflow/example_dags/example_time_delta_sensor_async.py
[2022-08-09 01:41:49,579] {processor.py:651} INFO - DAG(s) dict_keys(['example_time_delta_sensor_async']) retrieved from /home/airflow/.local/lib/python3.7/site-packages/airflow/example_dags/example_time_delta_sensor_async.py
[2022-08-09 01:41:49,602] {logging_mixin.py:115} INFO - [2022-08-09 01:41:49,602] {dag.py:2371} INFO - Sync 1 DAGs
[2022-08-09 01:41:49,615] {logging_mixin.py:115} INFO - [2022-08-09 01:41:49,615] {dag.py:2919} INFO - Setting next_dagrun for example_time_delta_sensor_async to None, run_after=None
[2022-08-09 01:41:49,622] {processor.py:161} INFO - Processing /home/airflow/.local/lib/python3.7/site-packages/airflow/example_dags/example_time_delta_sensor_async.py took 0.052 seconds
[2022-08-09 01:42:20,289] {processor.py:153} INFO - Started process (PID=684) to work on /home/airflow/.local/lib/python3.7/site-packages/airflow/example_dags/example_time_delta_sensor_async.py
[2022-08-09 01:42:20,290] {processor.py:641} INFO - Processing file /home/airflow/.local/lib/python3.7/site-packages/airflow/example_dags/example_time_delta_sensor_async.py for tasks to queue
[2022-08-09 01:42:20,291] {logging_mixin.py:115} INFO - [2022-08-09 01:42:20,291] {dagbag.py:507} INFO - Filling up the DagBag from /home/airflow/.local/lib/python3.7/site-packages/airflow/example_dags/example_time_delta_sensor_async.py
[2022-08-09 01:42:20,294] {processor.py:651} INFO - DAG(s) dict_keys(['example_time_delta_sensor_async']) retrieved from /home/airflow/.local/lib/python3.7/site-packages/airflow/example_dags/example_time_delta_sensor_async.py
[2022-08-09 01:42:20,317] {logging_mixin.py:115} INFO - [2022-08-09 01:42:20,317] {dag.py:2371} INFO - Sync 1 DAGs
[2022-08-09 01:42:20,405] {logging_mixin.py:115} INFO - [2022-08-09 01:42:20,405] {dag.py:2919} INFO - Setting next_dagrun for example_time_delta_sensor_async to None, run_after=None
[2022-08-09 01:42:20,412] {processor.py:161} INFO - Processing /home/airflow/.local/lib/python3.7/site-packages/airflow/example_dags/example_time_delta_sensor_async.py took 0.125 seconds
[2022-08-09 01:42:51,356] {processor.py:153} INFO - Started process (PID=747) to work on /home/airflow/.local/lib/python3.7/site-packages/airflow/example_dags/example_time_delta_sensor_async.py
[2022-08-09 01:42:51,356] {processor.py:641} INFO - Processing file /home/airflow/.local/lib/python3.7/site-packages/airflow/example_dags/example_time_delta_sensor_async.py for tasks to queue
[2022-08-09 01:42:51,357] {logging_mixin.py:115} INFO - [2022-08-09 01:42:51,357] {dagbag.py:507} INFO - Filling up the DagBag from /home/airflow/.local/lib/python3.7/site-packages/airflow/example_dags/example_time_delta_sensor_async.py
[2022-08-09 01:42:51,361] {processor.py:651} INFO - DAG(s) dict_keys(['example_time_delta_sensor_async']) retrieved from /home/airflow/.local/lib/python3.7/site-packages/airflow/example_dags/example_time_delta_sensor_async.py
[2022-08-09 01:42:51,384] {logging_mixin.py:115} INFO - [2022-08-09 01:42:51,384] {dag.py:2371} INFO - Sync 1 DAGs
[2022-08-09 01:42:51,472] {logging_mixin.py:115} INFO - [2022-08-09 01:42:51,472] {dag.py:2919} INFO - Setting next_dagrun for example_time_delta_sensor_async to None, run_after=None
[2022-08-09 01:42:51,478] {processor.py:161} INFO - Processing /home/airflow/.local/lib/python3.7/site-packages/airflow/example_dags/example_time_delta_sensor_async.py took 0.124 seconds
[2022-08-09 01:43:22,248] {processor.py:153} INFO - Started process (PID=811) to work on /home/airflow/.local/lib/python3.7/site-packages/airflow/example_dags/example_time_delta_sensor_async.py
[2022-08-09 01:43:22,249] {processor.py:641} INFO - Processing file /home/airflow/.local/lib/python3.7/site-packages/airflow/example_dags/example_time_delta_sensor_async.py for tasks to queue
[2022-08-09 01:43:22,251] {logging_mixin.py:115} INFO - [2022-08-09 01:43:22,251] {dagbag.py:507} INFO - Filling up the DagBag from /home/airflow/.local/lib/python3.7/site-packages/airflow/example_dags/example_time_delta_sensor_async.py
[2022-08-09 01:43:22,255] {processor.py:651} INFO - DAG(s) dict_keys(['example_time_delta_sensor_async']) retrieved from /home/airflow/.local/lib/python3.7/site-packages/airflow/example_dags/example_time_delta_sensor_async.py
[2022-08-09 01:43:22,281] {logging_mixin.py:115} INFO - [2022-08-09 01:43:22,281] {dag.py:2371} INFO - Sync 1 DAGs
[2022-08-09 01:43:22,369] {logging_mixin.py:115} INFO - [2022-08-09 01:43:22,369] {dag.py:2919} INFO - Setting next_dagrun for example_time_delta_sensor_async to None, run_after=None
[2022-08-09 01:43:22,376] {processor.py:161} INFO - Processing /home/airflow/.local/lib/python3.7/site-packages/airflow/example_dags/example_time_delta_sensor_async.py took 0.130 seconds
[2022-08-09 01:43:53,263] {processor.py:153} INFO - Started process (PID=875) to work on /home/airflow/.local/lib/python3.7/site-packages/airflow/example_dags/example_time_delta_sensor_async.py
[2022-08-09 01:43:53,264] {processor.py:641} INFO - Processing file /home/airflow/.local/lib/python3.7/site-packages/airflow/example_dags/example_time_delta_sensor_async.py for tasks to queue
[2022-08-09 01:43:53,265] {logging_mixin.py:115} INFO - [2022-08-09 01:43:53,265] {dagbag.py:507} INFO - Filling up the DagBag from /home/airflow/.local/lib/python3.7/site-packages/airflow/example_dags/example_time_delta_sensor_async.py
[2022-08-09 01:43:53,269] {processor.py:651} INFO - DAG(s) dict_keys(['example_time_delta_sensor_async']) retrieved from /home/airflow/.local/lib/python3.7/site-packages/airflow/example_dags/example_time_delta_sensor_async.py
[2022-08-09 01:43:53,291] {logging_mixin.py:115} INFO - [2022-08-09 01:43:53,291] {dag.py:2371} INFO - Sync 1 DAGs
[2022-08-09 01:43:53,385] {logging_mixin.py:115} INFO - [2022-08-09 01:43:53,385] {dag.py:2919} INFO - Setting next_dagrun for example_time_delta_sensor_async to None, run_after=None
[2022-08-09 01:43:53,392] {processor.py:161} INFO - Processing /home/airflow/.local/lib/python3.7/site-packages/airflow/example_dags/example_time_delta_sensor_async.py took 0.132 seconds
[2022-08-09 01:44:24,326] {processor.py:153} INFO - Started process (PID=938) to work on /home/airflow/.local/lib/python3.7/site-packages/airflow/example_dags/example_time_delta_sensor_async.py
[2022-08-09 01:44:24,327] {processor.py:641} INFO - Processing file /home/airflow/.local/lib/python3.7/site-packages/airflow/example_dags/example_time_delta_sensor_async.py for tasks to queue
[2022-08-09 01:44:24,328] {logging_mixin.py:115} INFO - [2022-08-09 01:44:24,328] {dagbag.py:507} INFO - Filling up the DagBag from /home/airflow/.local/lib/python3.7/site-packages/airflow/example_dags/example_time_delta_sensor_async.py
[2022-08-09 01:44:24,332] {processor.py:651} INFO - DAG(s) dict_keys(['example_time_delta_sensor_async']) retrieved from /home/airflow/.local/lib/python3.7/site-packages/airflow/example_dags/example_time_delta_sensor_async.py
[2022-08-09 01:44:24,354] {logging_mixin.py:115} INFO - [2022-08-09 01:44:24,354] {dag.py:2371} INFO - Sync 1 DAGs
[2022-08-09 01:44:24,442] {logging_mixin.py:115} INFO - [2022-08-09 01:44:24,442] {dag.py:2919} INFO - Setting next_dagrun for example_time_delta_sensor_async to None, run_after=None
[2022-08-09 01:44:24,449] {processor.py:161} INFO - Processing /home/airflow/.local/lib/python3.7/site-packages/airflow/example_dags/example_time_delta_sensor_async.py took 0.125 seconds
[2022-08-09 01:44:55,201] {processor.py:153} INFO - Started process (PID=1002) to work on /home/airflow/.local/lib/python3.7/site-packages/airflow/example_dags/example_time_delta_sensor_async.py
[2022-08-09 01:44:55,202] {processor.py:641} INFO - Processing file /home/airflow/.local/lib/python3.7/site-packages/airflow/example_dags/example_time_delta_sensor_async.py for tasks to queue
[2022-08-09 01:44:55,202] {logging_mixin.py:115} INFO - [2022-08-09 01:44:55,202] {dagbag.py:507} INFO - Filling up the DagBag from /home/airflow/.local/lib/python3.7/site-packages/airflow/example_dags/example_time_delta_sensor_async.py
[2022-08-09 01:44:55,207] {processor.py:651} INFO - DAG(s) dict_keys(['example_time_delta_sensor_async']) retrieved from /home/airflow/.local/lib/python3.7/site-packages/airflow/example_dags/example_time_delta_sensor_async.py
[2022-08-09 01:44:55,229] {logging_mixin.py:115} INFO - [2022-08-09 01:44:55,228] {dag.py:2371} INFO - Sync 1 DAGs
[2022-08-09 01:44:55,316] {logging_mixin.py:115} INFO - [2022-08-09 01:44:55,316] {dag.py:2919} INFO - Setting next_dagrun for example_time_delta_sensor_async to None, run_after=None
[2022-08-09 01:44:55,322] {processor.py:161} INFO - Processing /home/airflow/.local/lib/python3.7/site-packages/airflow/example_dags/example_time_delta_sensor_async.py took 0.123 seconds
[2022-08-09 01:45:25,390] {processor.py:153} INFO - Started process (PID=1064) to work on /home/airflow/.local/lib/python3.7/site-packages/airflow/example_dags/example_time_delta_sensor_async.py
[2022-08-09 01:45:25,392] {processor.py:641} INFO - Processing file /home/airflow/.local/lib/python3.7/site-packages/airflow/example_dags/example_time_delta_sensor_async.py for tasks to queue
[2022-08-09 01:45:25,393] {logging_mixin.py:115} INFO - [2022-08-09 01:45:25,393] {dagbag.py:507} INFO - Filling up the DagBag from /home/airflow/.local/lib/python3.7/site-packages/airflow/example_dags/example_time_delta_sensor_async.py
[2022-08-09 01:45:25,397] {processor.py:651} INFO - DAG(s) dict_keys(['example_time_delta_sensor_async']) retrieved from /home/airflow/.local/lib/python3.7/site-packages/airflow/example_dags/example_time_delta_sensor_async.py
[2022-08-09 01:45:25,420] {logging_mixin.py:115} INFO - [2022-08-09 01:45:25,420] {dag.py:2371} INFO - Sync 1 DAGs
[2022-08-09 01:45:25,515] {logging_mixin.py:115} INFO - [2022-08-09 01:45:25,515] {dag.py:2919} INFO - Setting next_dagrun for example_time_delta_sensor_async to None, run_after=None
[2022-08-09 01:45:25,523] {processor.py:161} INFO - Processing /home/airflow/.local/lib/python3.7/site-packages/airflow/example_dags/example_time_delta_sensor_async.py took 0.135 seconds
[2022-08-09 01:45:55,584] {processor.py:153} INFO - Started process (PID=1120) to work on /home/airflow/.local/lib/python3.7/site-packages/airflow/example_dags/example_time_delta_sensor_async.py
[2022-08-09 01:45:55,585] {processor.py:641} INFO - Processing file /home/airflow/.local/lib/python3.7/site-packages/airflow/example_dags/example_time_delta_sensor_async.py for tasks to queue
[2022-08-09 01:45:55,586] {logging_mixin.py:115} INFO - [2022-08-09 01:45:55,586] {dagbag.py:507} INFO - Filling up the DagBag from /home/airflow/.local/lib/python3.7/site-packages/airflow/example_dags/example_time_delta_sensor_async.py
[2022-08-09 01:45:55,590] {processor.py:651} INFO - DAG(s) dict_keys(['example_time_delta_sensor_async']) retrieved from /home/airflow/.local/lib/python3.7/site-packages/airflow/example_dags/example_time_delta_sensor_async.py
[2022-08-09 01:45:55,611] {logging_mixin.py:115} INFO - [2022-08-09 01:45:55,611] {dag.py:2371} INFO - Sync 1 DAGs
[2022-08-09 01:45:55,698] {logging_mixin.py:115} INFO - [2022-08-09 01:45:55,698] {dag.py:2919} INFO - Setting next_dagrun for example_time_delta_sensor_async to None, run_after=None
[2022-08-09 01:45:55,705] {processor.py:161} INFO - Processing /home/airflow/.local/lib/python3.7/site-packages/airflow/example_dags/example_time_delta_sensor_async.py took 0.123 seconds
[2022-08-09 01:46:26,250] {processor.py:153} INFO - Started process (PID=1183) to work on /home/airflow/.local/lib/python3.7/site-packages/airflow/example_dags/example_time_delta_sensor_async.py
[2022-08-09 01:46:26,251] {processor.py:641} INFO - Processing file /home/airflow/.local/lib/python3.7/site-packages/airflow/example_dags/example_time_delta_sensor_async.py for tasks to queue
[2022-08-09 01:46:26,252] {logging_mixin.py:115} INFO - [2022-08-09 01:46:26,252] {dagbag.py:507} INFO - Filling up the DagBag from /home/airflow/.local/lib/python3.7/site-packages/airflow/example_dags/example_time_delta_sensor_async.py
[2022-08-09 01:46:26,256] {processor.py:651} INFO - DAG(s) dict_keys(['example_time_delta_sensor_async']) retrieved from /home/airflow/.local/lib/python3.7/site-packages/airflow/example_dags/example_time_delta_sensor_async.py
[2022-08-09 01:46:26,279] {logging_mixin.py:115} INFO - [2022-08-09 01:46:26,279] {dag.py:2371} INFO - Sync 1 DAGs
[2022-08-09 01:46:26,367] {logging_mixin.py:115} INFO - [2022-08-09 01:46:26,367] {dag.py:2919} INFO - Setting next_dagrun for example_time_delta_sensor_async to None, run_after=None
[2022-08-09 01:46:26,374] {processor.py:161} INFO - Processing /home/airflow/.local/lib/python3.7/site-packages/airflow/example_dags/example_time_delta_sensor_async.py took 0.126 seconds
[2022-08-09 01:46:57,027] {processor.py:153} INFO - Started process (PID=1247) to work on /home/airflow/.local/lib/python3.7/site-packages/airflow/example_dags/example_time_delta_sensor_async.py
[2022-08-09 01:46:57,029] {processor.py:641} INFO - Processing file /home/airflow/.local/lib/python3.7/site-packages/airflow/example_dags/example_time_delta_sensor_async.py for tasks to queue
[2022-08-09 01:46:57,030] {logging_mixin.py:115} INFO - [2022-08-09 01:46:57,030] {dagbag.py:507} INFO - Filling up the DagBag from /home/airflow/.local/lib/python3.7/site-packages/airflow/example_dags/example_time_delta_sensor_async.py
[2022-08-09 01:46:57,034] {processor.py:651} INFO - DAG(s) dict_keys(['example_time_delta_sensor_async']) retrieved from /home/airflow/.local/lib/python3.7/site-packages/airflow/example_dags/example_time_delta_sensor_async.py
[2022-08-09 01:46:57,059] {logging_mixin.py:115} INFO - [2022-08-09 01:46:57,059] {dag.py:2371} INFO - Sync 1 DAGs
[2022-08-09 01:46:57,152] {logging_mixin.py:115} INFO - [2022-08-09 01:46:57,152] {dag.py:2919} INFO - Setting next_dagrun for example_time_delta_sensor_async to None, run_after=None
[2022-08-09 01:46:57,161] {processor.py:161} INFO - Processing /home/airflow/.local/lib/python3.7/site-packages/airflow/example_dags/example_time_delta_sensor_async.py took 0.136 seconds
[2022-08-09 01:47:27,884] {processor.py:153} INFO - Started process (PID=1311) to work on /home/airflow/.local/lib/python3.7/site-packages/airflow/example_dags/example_time_delta_sensor_async.py
[2022-08-09 01:47:27,885] {processor.py:641} INFO - Processing file /home/airflow/.local/lib/python3.7/site-packages/airflow/example_dags/example_time_delta_sensor_async.py for tasks to queue
[2022-08-09 01:47:27,886] {logging_mixin.py:115} INFO - [2022-08-09 01:47:27,886] {dagbag.py:507} INFO - Filling up the DagBag from /home/airflow/.local/lib/python3.7/site-packages/airflow/example_dags/example_time_delta_sensor_async.py
[2022-08-09 01:47:27,890] {processor.py:651} INFO - DAG(s) dict_keys(['example_time_delta_sensor_async']) retrieved from /home/airflow/.local/lib/python3.7/site-packages/airflow/example_dags/example_time_delta_sensor_async.py
[2022-08-09 01:47:27,913] {logging_mixin.py:115} INFO - [2022-08-09 01:47:27,913] {dag.py:2371} INFO - Sync 1 DAGs
[2022-08-09 01:47:28,012] {logging_mixin.py:115} INFO - [2022-08-09 01:47:28,012] {dag.py:2919} INFO - Setting next_dagrun for example_time_delta_sensor_async to None, run_after=None
[2022-08-09 01:47:28,019] {processor.py:161} INFO - Processing /home/airflow/.local/lib/python3.7/site-packages/airflow/example_dags/example_time_delta_sensor_async.py took 0.137 seconds
[2022-08-09 01:47:58,710] {processor.py:153} INFO - Started process (PID=1374) to work on /home/airflow/.local/lib/python3.7/site-packages/airflow/example_dags/example_time_delta_sensor_async.py
[2022-08-09 01:47:58,711] {processor.py:641} INFO - Processing file /home/airflow/.local/lib/python3.7/site-packages/airflow/example_dags/example_time_delta_sensor_async.py for tasks to queue
[2022-08-09 01:47:58,712] {logging_mixin.py:115} INFO - [2022-08-09 01:47:58,712] {dagbag.py:507} INFO - Filling up the DagBag from /home/airflow/.local/lib/python3.7/site-packages/airflow/example_dags/example_time_delta_sensor_async.py
[2022-08-09 01:47:58,715] {processor.py:651} INFO - DAG(s) dict_keys(['example_time_delta_sensor_async']) retrieved from /home/airflow/.local/lib/python3.7/site-packages/airflow/example_dags/example_time_delta_sensor_async.py
[2022-08-09 01:47:58,738] {logging_mixin.py:115} INFO - [2022-08-09 01:47:58,738] {dag.py:2371} INFO - Sync 1 DAGs
[2022-08-09 01:47:58,824] {logging_mixin.py:115} INFO - [2022-08-09 01:47:58,824] {dag.py:2919} INFO - Setting next_dagrun for example_time_delta_sensor_async to None, run_after=None
[2022-08-09 01:47:58,831] {processor.py:161} INFO - Processing /home/airflow/.local/lib/python3.7/site-packages/airflow/example_dags/example_time_delta_sensor_async.py took 0.123 seconds
[2022-08-09 01:48:29,629] {processor.py:153} INFO - Started process (PID=1437) to work on /home/airflow/.local/lib/python3.7/site-packages/airflow/example_dags/example_time_delta_sensor_async.py
[2022-08-09 01:48:29,630] {processor.py:641} INFO - Processing file /home/airflow/.local/lib/python3.7/site-packages/airflow/example_dags/example_time_delta_sensor_async.py for tasks to queue
[2022-08-09 01:48:29,631] {logging_mixin.py:115} INFO - [2022-08-09 01:48:29,631] {dagbag.py:507} INFO - Filling up the DagBag from /home/airflow/.local/lib/python3.7/site-packages/airflow/example_dags/example_time_delta_sensor_async.py
[2022-08-09 01:48:29,635] {processor.py:651} INFO - DAG(s) dict_keys(['example_time_delta_sensor_async']) retrieved from /home/airflow/.local/lib/python3.7/site-packages/airflow/example_dags/example_time_delta_sensor_async.py
[2022-08-09 01:48:29,658] {logging_mixin.py:115} INFO - [2022-08-09 01:48:29,658] {dag.py:2371} INFO - Sync 1 DAGs
[2022-08-09 01:48:29,755] {logging_mixin.py:115} INFO - [2022-08-09 01:48:29,755] {dag.py:2919} INFO - Setting next_dagrun for example_time_delta_sensor_async to None, run_after=None
[2022-08-09 01:48:29,762] {processor.py:161} INFO - Processing /home/airflow/.local/lib/python3.7/site-packages/airflow/example_dags/example_time_delta_sensor_async.py took 0.136 seconds
[2022-08-09 01:49:00,541] {processor.py:153} INFO - Started process (PID=1500) to work on /home/airflow/.local/lib/python3.7/site-packages/airflow/example_dags/example_time_delta_sensor_async.py
[2022-08-09 01:49:00,542] {processor.py:641} INFO - Processing file /home/airflow/.local/lib/python3.7/site-packages/airflow/example_dags/example_time_delta_sensor_async.py for tasks to queue
[2022-08-09 01:49:00,543] {logging_mixin.py:115} INFO - [2022-08-09 01:49:00,543] {dagbag.py:507} INFO - Filling up the DagBag from /home/airflow/.local/lib/python3.7/site-packages/airflow/example_dags/example_time_delta_sensor_async.py
[2022-08-09 01:49:00,547] {processor.py:651} INFO - DAG(s) dict_keys(['example_time_delta_sensor_async']) retrieved from /home/airflow/.local/lib/python3.7/site-packages/airflow/example_dags/example_time_delta_sensor_async.py
[2022-08-09 01:49:00,570] {logging_mixin.py:115} INFO - [2022-08-09 01:49:00,570] {dag.py:2371} INFO - Sync 1 DAGs
[2022-08-09 01:49:00,656] {logging_mixin.py:115} INFO - [2022-08-09 01:49:00,656] {dag.py:2919} INFO - Setting next_dagrun for example_time_delta_sensor_async to None, run_after=None
[2022-08-09 01:49:00,663] {processor.py:161} INFO - Processing /home/airflow/.local/lib/python3.7/site-packages/airflow/example_dags/example_time_delta_sensor_async.py took 0.124 seconds
