[2022-08-09 01:37:08,540] {processor.py:153} INFO - Started process (PID=34) to work on /home/airflow/.local/lib/python3.7/site-packages/airflow/example_dags/example_branch_operator.py
[2022-08-09 01:37:08,555] {processor.py:641} INFO - Processing file /home/airflow/.local/lib/python3.7/site-packages/airflow/example_dags/example_branch_operator.py for tasks to queue
[2022-08-09 01:37:08,563] {logging_mixin.py:115} INFO - [2022-08-09 01:37:08,562] {dagbag.py:507} INFO - Filling up the DagBag from /home/airflow/.local/lib/python3.7/site-packages/airflow/example_dags/example_branch_operator.py
[2022-08-09 01:37:08,657] {processor.py:651} INFO - DAG(s) dict_keys(['example_branch_operator']) retrieved from /home/airflow/.local/lib/python3.7/site-packages/airflow/example_dags/example_branch_operator.py
[2022-08-09 01:37:08,738] {logging_mixin.py:115} INFO - [2022-08-09 01:37:08,738] {dag.py:2371} INFO - Sync 1 DAGs
[2022-08-09 01:37:08,778] {logging_mixin.py:115} INFO - [2022-08-09 01:37:08,778] {dag.py:2919} INFO - Setting next_dagrun for example_branch_operator to 2022-08-08T00:00:00+00:00, run_after=2022-08-09T00:00:00+00:00
[2022-08-09 01:37:08,790] {processor.py:161} INFO - Processing /home/airflow/.local/lib/python3.7/site-packages/airflow/example_dags/example_branch_operator.py took 0.262 seconds
[2022-08-09 01:37:38,935] {processor.py:153} INFO - Started process (PID=96) to work on /home/airflow/.local/lib/python3.7/site-packages/airflow/example_dags/example_branch_operator.py
[2022-08-09 01:37:38,938] {processor.py:641} INFO - Processing file /home/airflow/.local/lib/python3.7/site-packages/airflow/example_dags/example_branch_operator.py for tasks to queue
[2022-08-09 01:37:38,941] {logging_mixin.py:115} INFO - [2022-08-09 01:37:38,940] {dagbag.py:507} INFO - Filling up the DagBag from /home/airflow/.local/lib/python3.7/site-packages/airflow/example_dags/example_branch_operator.py
[2022-08-09 01:37:38,952] {processor.py:651} INFO - DAG(s) dict_keys(['example_branch_operator']) retrieved from /home/airflow/.local/lib/python3.7/site-packages/airflow/example_dags/example_branch_operator.py
[2022-08-09 01:37:38,973] {logging_mixin.py:115} INFO - [2022-08-09 01:37:38,973] {dag.py:2371} INFO - Sync 1 DAGs
[2022-08-09 01:37:38,988] {logging_mixin.py:115} INFO - [2022-08-09 01:37:38,988] {dag.py:2919} INFO - Setting next_dagrun for example_branch_operator to 2022-08-08T00:00:00+00:00, run_after=2022-08-09T00:00:00+00:00
[2022-08-09 01:37:39,064] {processor.py:161} INFO - Processing /home/airflow/.local/lib/python3.7/site-packages/airflow/example_dags/example_branch_operator.py took 0.133 seconds
[2022-08-09 01:38:09,642] {processor.py:153} INFO - Started process (PID=159) to work on /home/airflow/.local/lib/python3.7/site-packages/airflow/example_dags/example_branch_operator.py
[2022-08-09 01:38:09,645] {processor.py:641} INFO - Processing file /home/airflow/.local/lib/python3.7/site-packages/airflow/example_dags/example_branch_operator.py for tasks to queue
[2022-08-09 01:38:09,647] {logging_mixin.py:115} INFO - [2022-08-09 01:38:09,647] {dagbag.py:507} INFO - Filling up the DagBag from /home/airflow/.local/lib/python3.7/site-packages/airflow/example_dags/example_branch_operator.py
[2022-08-09 01:38:09,662] {processor.py:651} INFO - DAG(s) dict_keys(['example_branch_operator']) retrieved from /home/airflow/.local/lib/python3.7/site-packages/airflow/example_dags/example_branch_operator.py
[2022-08-09 01:38:09,684] {logging_mixin.py:115} INFO - [2022-08-09 01:38:09,684] {dag.py:2371} INFO - Sync 1 DAGs
[2022-08-09 01:38:09,701] {logging_mixin.py:115} INFO - [2022-08-09 01:38:09,701] {dag.py:2919} INFO - Setting next_dagrun for example_branch_operator to 2022-08-08T00:00:00+00:00, run_after=2022-08-09T00:00:00+00:00
[2022-08-09 01:38:09,785] {processor.py:161} INFO - Processing /home/airflow/.local/lib/python3.7/site-packages/airflow/example_dags/example_branch_operator.py took 0.154 seconds
[2022-08-09 01:38:40,179] {processor.py:153} INFO - Started process (PID=222) to work on /home/airflow/.local/lib/python3.7/site-packages/airflow/example_dags/example_branch_operator.py
[2022-08-09 01:38:40,181] {processor.py:641} INFO - Processing file /home/airflow/.local/lib/python3.7/site-packages/airflow/example_dags/example_branch_operator.py for tasks to queue
[2022-08-09 01:38:40,182] {logging_mixin.py:115} INFO - [2022-08-09 01:38:40,182] {dagbag.py:507} INFO - Filling up the DagBag from /home/airflow/.local/lib/python3.7/site-packages/airflow/example_dags/example_branch_operator.py
[2022-08-09 01:38:40,189] {processor.py:651} INFO - DAG(s) dict_keys(['example_branch_operator']) retrieved from /home/airflow/.local/lib/python3.7/site-packages/airflow/example_dags/example_branch_operator.py
[2022-08-09 01:38:40,205] {logging_mixin.py:115} INFO - [2022-08-09 01:38:40,205] {dag.py:2371} INFO - Sync 1 DAGs
[2022-08-09 01:38:40,220] {logging_mixin.py:115} INFO - [2022-08-09 01:38:40,220] {dag.py:2919} INFO - Setting next_dagrun for example_branch_operator to 2022-08-08T00:00:00+00:00, run_after=2022-08-09T00:00:00+00:00
[2022-08-09 01:38:40,298] {processor.py:161} INFO - Processing /home/airflow/.local/lib/python3.7/site-packages/airflow/example_dags/example_branch_operator.py took 0.121 seconds
[2022-08-09 01:39:10,688] {processor.py:153} INFO - Started process (PID=283) to work on /home/airflow/.local/lib/python3.7/site-packages/airflow/example_dags/example_branch_operator.py
[2022-08-09 01:39:10,690] {processor.py:641} INFO - Processing file /home/airflow/.local/lib/python3.7/site-packages/airflow/example_dags/example_branch_operator.py for tasks to queue
[2022-08-09 01:39:10,692] {logging_mixin.py:115} INFO - [2022-08-09 01:39:10,692] {dagbag.py:507} INFO - Filling up the DagBag from /home/airflow/.local/lib/python3.7/site-packages/airflow/example_dags/example_branch_operator.py
[2022-08-09 01:39:10,699] {processor.py:651} INFO - DAG(s) dict_keys(['example_branch_operator']) retrieved from /home/airflow/.local/lib/python3.7/site-packages/airflow/example_dags/example_branch_operator.py
[2022-08-09 01:39:10,716] {logging_mixin.py:115} INFO - [2022-08-09 01:39:10,716] {dag.py:2371} INFO - Sync 1 DAGs
[2022-08-09 01:39:10,731] {logging_mixin.py:115} INFO - [2022-08-09 01:39:10,731] {dag.py:2919} INFO - Setting next_dagrun for example_branch_operator to 2022-08-08T00:00:00+00:00, run_after=2022-08-09T00:00:00+00:00
[2022-08-09 01:39:10,810] {processor.py:161} INFO - Processing /home/airflow/.local/lib/python3.7/site-packages/airflow/example_dags/example_branch_operator.py took 0.125 seconds
[2022-08-09 01:39:41,200] {processor.py:153} INFO - Started process (PID=339) to work on /home/airflow/.local/lib/python3.7/site-packages/airflow/example_dags/example_branch_operator.py
[2022-08-09 01:39:41,203] {processor.py:641} INFO - Processing file /home/airflow/.local/lib/python3.7/site-packages/airflow/example_dags/example_branch_operator.py for tasks to queue
[2022-08-09 01:39:41,206] {logging_mixin.py:115} INFO - [2022-08-09 01:39:41,206] {dagbag.py:507} INFO - Filling up the DagBag from /home/airflow/.local/lib/python3.7/site-packages/airflow/example_dags/example_branch_operator.py
[2022-08-09 01:39:41,218] {processor.py:651} INFO - DAG(s) dict_keys(['example_branch_operator']) retrieved from /home/airflow/.local/lib/python3.7/site-packages/airflow/example_dags/example_branch_operator.py
[2022-08-09 01:39:41,240] {logging_mixin.py:115} INFO - [2022-08-09 01:39:41,240] {dag.py:2371} INFO - Sync 1 DAGs
[2022-08-09 01:39:41,256] {logging_mixin.py:115} INFO - [2022-08-09 01:39:41,256] {dag.py:2919} INFO - Setting next_dagrun for example_branch_operator to 2022-08-08T00:00:00+00:00, run_after=2022-08-09T00:00:00+00:00
[2022-08-09 01:39:41,331] {processor.py:161} INFO - Processing /home/airflow/.local/lib/python3.7/site-packages/airflow/example_dags/example_branch_operator.py took 0.137 seconds
[2022-08-09 01:40:11,797] {processor.py:153} INFO - Started process (PID=402) to work on /home/airflow/.local/lib/python3.7/site-packages/airflow/example_dags/example_branch_operator.py
[2022-08-09 01:40:11,798] {processor.py:641} INFO - Processing file /home/airflow/.local/lib/python3.7/site-packages/airflow/example_dags/example_branch_operator.py for tasks to queue
[2022-08-09 01:40:11,800] {logging_mixin.py:115} INFO - [2022-08-09 01:40:11,800] {dagbag.py:507} INFO - Filling up the DagBag from /home/airflow/.local/lib/python3.7/site-packages/airflow/example_dags/example_branch_operator.py
[2022-08-09 01:40:11,807] {processor.py:651} INFO - DAG(s) dict_keys(['example_branch_operator']) retrieved from /home/airflow/.local/lib/python3.7/site-packages/airflow/example_dags/example_branch_operator.py
[2022-08-09 01:40:11,822] {logging_mixin.py:115} INFO - [2022-08-09 01:40:11,822] {dag.py:2371} INFO - Sync 1 DAGs
[2022-08-09 01:40:11,836] {logging_mixin.py:115} INFO - [2022-08-09 01:40:11,836] {dag.py:2919} INFO - Setting next_dagrun for example_branch_operator to 2022-08-08T00:00:00+00:00, run_after=2022-08-09T00:00:00+00:00
[2022-08-09 01:40:11,915] {processor.py:161} INFO - Processing /home/airflow/.local/lib/python3.7/site-packages/airflow/example_dags/example_branch_operator.py took 0.120 seconds
[2022-08-09 01:40:42,318] {processor.py:153} INFO - Started process (PID=465) to work on /home/airflow/.local/lib/python3.7/site-packages/airflow/example_dags/example_branch_operator.py
[2022-08-09 01:40:42,322] {processor.py:641} INFO - Processing file /home/airflow/.local/lib/python3.7/site-packages/airflow/example_dags/example_branch_operator.py for tasks to queue
[2022-08-09 01:40:42,324] {logging_mixin.py:115} INFO - [2022-08-09 01:40:42,324] {dagbag.py:507} INFO - Filling up the DagBag from /home/airflow/.local/lib/python3.7/site-packages/airflow/example_dags/example_branch_operator.py
[2022-08-09 01:40:42,334] {processor.py:651} INFO - DAG(s) dict_keys(['example_branch_operator']) retrieved from /home/airflow/.local/lib/python3.7/site-packages/airflow/example_dags/example_branch_operator.py
[2022-08-09 01:40:42,353] {logging_mixin.py:115} INFO - [2022-08-09 01:40:42,353] {dag.py:2371} INFO - Sync 1 DAGs
[2022-08-09 01:40:42,369] {logging_mixin.py:115} INFO - [2022-08-09 01:40:42,369] {dag.py:2919} INFO - Setting next_dagrun for example_branch_operator to 2022-08-08T00:00:00+00:00, run_after=2022-08-09T00:00:00+00:00
[2022-08-09 01:40:42,446] {processor.py:161} INFO - Processing /home/airflow/.local/lib/python3.7/site-packages/airflow/example_dags/example_branch_operator.py took 0.132 seconds
[2022-08-09 01:41:12,913] {processor.py:153} INFO - Started process (PID=528) to work on /home/airflow/.local/lib/python3.7/site-packages/airflow/example_dags/example_branch_operator.py
[2022-08-09 01:41:12,916] {processor.py:641} INFO - Processing file /home/airflow/.local/lib/python3.7/site-packages/airflow/example_dags/example_branch_operator.py for tasks to queue
[2022-08-09 01:41:12,919] {logging_mixin.py:115} INFO - [2022-08-09 01:41:12,919] {dagbag.py:507} INFO - Filling up the DagBag from /home/airflow/.local/lib/python3.7/site-packages/airflow/example_dags/example_branch_operator.py
[2022-08-09 01:41:12,931] {processor.py:651} INFO - DAG(s) dict_keys(['example_branch_operator']) retrieved from /home/airflow/.local/lib/python3.7/site-packages/airflow/example_dags/example_branch_operator.py
[2022-08-09 01:41:12,952] {logging_mixin.py:115} INFO - [2022-08-09 01:41:12,952] {dag.py:2371} INFO - Sync 1 DAGs
[2022-08-09 01:41:12,969] {logging_mixin.py:115} INFO - [2022-08-09 01:41:12,968] {dag.py:2919} INFO - Setting next_dagrun for example_branch_operator to 2022-08-08T00:00:00+00:00, run_after=2022-08-09T00:00:00+00:00
[2022-08-09 01:41:13,045] {processor.py:161} INFO - Processing /home/airflow/.local/lib/python3.7/site-packages/airflow/example_dags/example_branch_operator.py took 0.139 seconds
[2022-08-09 01:41:43,436] {processor.py:153} INFO - Started process (PID=591) to work on /home/airflow/.local/lib/python3.7/site-packages/airflow/example_dags/example_branch_operator.py
[2022-08-09 01:41:43,439] {processor.py:641} INFO - Processing file /home/airflow/.local/lib/python3.7/site-packages/airflow/example_dags/example_branch_operator.py for tasks to queue
[2022-08-09 01:41:43,441] {logging_mixin.py:115} INFO - [2022-08-09 01:41:43,441] {dagbag.py:507} INFO - Filling up the DagBag from /home/airflow/.local/lib/python3.7/site-packages/airflow/example_dags/example_branch_operator.py
[2022-08-09 01:41:43,454] {processor.py:651} INFO - DAG(s) dict_keys(['example_branch_operator']) retrieved from /home/airflow/.local/lib/python3.7/site-packages/airflow/example_dags/example_branch_operator.py
[2022-08-09 01:41:43,479] {logging_mixin.py:115} INFO - [2022-08-09 01:41:43,479] {dag.py:2371} INFO - Sync 1 DAGs
[2022-08-09 01:41:43,499] {logging_mixin.py:115} INFO - [2022-08-09 01:41:43,498] {dag.py:2919} INFO - Setting next_dagrun for example_branch_operator to 2022-08-08T00:00:00+00:00, run_after=2022-08-09T00:00:00+00:00
[2022-08-09 01:41:43,582] {processor.py:161} INFO - Processing /home/airflow/.local/lib/python3.7/site-packages/airflow/example_dags/example_branch_operator.py took 0.152 seconds
[2022-08-09 01:42:14,011] {processor.py:153} INFO - Started process (PID=654) to work on /home/airflow/.local/lib/python3.7/site-packages/airflow/example_dags/example_branch_operator.py
[2022-08-09 01:42:14,013] {processor.py:641} INFO - Processing file /home/airflow/.local/lib/python3.7/site-packages/airflow/example_dags/example_branch_operator.py for tasks to queue
[2022-08-09 01:42:14,015] {logging_mixin.py:115} INFO - [2022-08-09 01:42:14,015] {dagbag.py:507} INFO - Filling up the DagBag from /home/airflow/.local/lib/python3.7/site-packages/airflow/example_dags/example_branch_operator.py
[2022-08-09 01:42:14,026] {processor.py:651} INFO - DAG(s) dict_keys(['example_branch_operator']) retrieved from /home/airflow/.local/lib/python3.7/site-packages/airflow/example_dags/example_branch_operator.py
[2022-08-09 01:42:14,045] {logging_mixin.py:115} INFO - [2022-08-09 01:42:14,045] {dag.py:2371} INFO - Sync 1 DAGs
[2022-08-09 01:42:14,135] {logging_mixin.py:115} INFO - [2022-08-09 01:42:14,135] {dag.py:2919} INFO - Setting next_dagrun for example_branch_operator to 2022-08-08T00:00:00+00:00, run_after=2022-08-09T00:00:00+00:00
[2022-08-09 01:42:14,143] {processor.py:161} INFO - Processing /home/airflow/.local/lib/python3.7/site-packages/airflow/example_dags/example_branch_operator.py took 0.135 seconds
[2022-08-09 01:42:44,827] {processor.py:153} INFO - Started process (PID=717) to work on /home/airflow/.local/lib/python3.7/site-packages/airflow/example_dags/example_branch_operator.py
[2022-08-09 01:42:44,831] {processor.py:641} INFO - Processing file /home/airflow/.local/lib/python3.7/site-packages/airflow/example_dags/example_branch_operator.py for tasks to queue
[2022-08-09 01:42:44,832] {logging_mixin.py:115} INFO - [2022-08-09 01:42:44,832] {dagbag.py:507} INFO - Filling up the DagBag from /home/airflow/.local/lib/python3.7/site-packages/airflow/example_dags/example_branch_operator.py
[2022-08-09 01:42:44,840] {processor.py:651} INFO - DAG(s) dict_keys(['example_branch_operator']) retrieved from /home/airflow/.local/lib/python3.7/site-packages/airflow/example_dags/example_branch_operator.py
[2022-08-09 01:42:44,855] {logging_mixin.py:115} INFO - [2022-08-09 01:42:44,855] {dag.py:2371} INFO - Sync 1 DAGs
[2022-08-09 01:42:44,952] {logging_mixin.py:115} INFO - [2022-08-09 01:42:44,952] {dag.py:2919} INFO - Setting next_dagrun for example_branch_operator to 2022-08-08T00:00:00+00:00, run_after=2022-08-09T00:00:00+00:00
[2022-08-09 01:42:44,961] {processor.py:161} INFO - Processing /home/airflow/.local/lib/python3.7/site-packages/airflow/example_dags/example_branch_operator.py took 0.136 seconds
[2022-08-09 01:43:15,842] {processor.py:153} INFO - Started process (PID=772) to work on /home/airflow/.local/lib/python3.7/site-packages/airflow/example_dags/example_branch_operator.py
[2022-08-09 01:43:15,843] {processor.py:641} INFO - Processing file /home/airflow/.local/lib/python3.7/site-packages/airflow/example_dags/example_branch_operator.py for tasks to queue
[2022-08-09 01:43:15,844] {logging_mixin.py:115} INFO - [2022-08-09 01:43:15,844] {dagbag.py:507} INFO - Filling up the DagBag from /home/airflow/.local/lib/python3.7/site-packages/airflow/example_dags/example_branch_operator.py
[2022-08-09 01:43:15,852] {processor.py:651} INFO - DAG(s) dict_keys(['example_branch_operator']) retrieved from /home/airflow/.local/lib/python3.7/site-packages/airflow/example_dags/example_branch_operator.py
[2022-08-09 01:43:15,872] {logging_mixin.py:115} INFO - [2022-08-09 01:43:15,872] {dag.py:2371} INFO - Sync 1 DAGs
[2022-08-09 01:43:15,975] {logging_mixin.py:115} INFO - [2022-08-09 01:43:15,974] {dag.py:2919} INFO - Setting next_dagrun for example_branch_operator to 2022-08-08T00:00:00+00:00, run_after=2022-08-09T00:00:00+00:00
[2022-08-09 01:43:15,985] {processor.py:161} INFO - Processing /home/airflow/.local/lib/python3.7/site-packages/airflow/example_dags/example_branch_operator.py took 0.145 seconds
[2022-08-09 01:43:46,789] {processor.py:153} INFO - Started process (PID=836) to work on /home/airflow/.local/lib/python3.7/site-packages/airflow/example_dags/example_branch_operator.py
[2022-08-09 01:43:46,791] {processor.py:641} INFO - Processing file /home/airflow/.local/lib/python3.7/site-packages/airflow/example_dags/example_branch_operator.py for tasks to queue
[2022-08-09 01:43:46,792] {logging_mixin.py:115} INFO - [2022-08-09 01:43:46,792] {dagbag.py:507} INFO - Filling up the DagBag from /home/airflow/.local/lib/python3.7/site-packages/airflow/example_dags/example_branch_operator.py
[2022-08-09 01:43:46,808] {processor.py:651} INFO - DAG(s) dict_keys(['example_branch_operator']) retrieved from /home/airflow/.local/lib/python3.7/site-packages/airflow/example_dags/example_branch_operator.py
[2022-08-09 01:43:46,831] {logging_mixin.py:115} INFO - [2022-08-09 01:43:46,831] {dag.py:2371} INFO - Sync 1 DAGs
[2022-08-09 01:43:46,925] {logging_mixin.py:115} INFO - [2022-08-09 01:43:46,925] {dag.py:2919} INFO - Setting next_dagrun for example_branch_operator to 2022-08-08T00:00:00+00:00, run_after=2022-08-09T00:00:00+00:00
[2022-08-09 01:43:46,932] {processor.py:161} INFO - Processing /home/airflow/.local/lib/python3.7/site-packages/airflow/example_dags/example_branch_operator.py took 0.149 seconds
[2022-08-09 01:44:17,769] {processor.py:153} INFO - Started process (PID=899) to work on /home/airflow/.local/lib/python3.7/site-packages/airflow/example_dags/example_branch_operator.py
[2022-08-09 01:44:17,770] {processor.py:641} INFO - Processing file /home/airflow/.local/lib/python3.7/site-packages/airflow/example_dags/example_branch_operator.py for tasks to queue
[2022-08-09 01:44:17,771] {logging_mixin.py:115} INFO - [2022-08-09 01:44:17,771] {dagbag.py:507} INFO - Filling up the DagBag from /home/airflow/.local/lib/python3.7/site-packages/airflow/example_dags/example_branch_operator.py
[2022-08-09 01:44:17,778] {processor.py:651} INFO - DAG(s) dict_keys(['example_branch_operator']) retrieved from /home/airflow/.local/lib/python3.7/site-packages/airflow/example_dags/example_branch_operator.py
[2022-08-09 01:44:17,792] {logging_mixin.py:115} INFO - [2022-08-09 01:44:17,792] {dag.py:2371} INFO - Sync 1 DAGs
[2022-08-09 01:44:17,881] {logging_mixin.py:115} INFO - [2022-08-09 01:44:17,881] {dag.py:2919} INFO - Setting next_dagrun for example_branch_operator to 2022-08-08T00:00:00+00:00, run_after=2022-08-09T00:00:00+00:00
[2022-08-09 01:44:17,889] {processor.py:161} INFO - Processing /home/airflow/.local/lib/python3.7/site-packages/airflow/example_dags/example_branch_operator.py took 0.123 seconds
[2022-08-09 01:44:48,787] {processor.py:153} INFO - Started process (PID=963) to work on /home/airflow/.local/lib/python3.7/site-packages/airflow/example_dags/example_branch_operator.py
[2022-08-09 01:44:48,790] {processor.py:641} INFO - Processing file /home/airflow/.local/lib/python3.7/site-packages/airflow/example_dags/example_branch_operator.py for tasks to queue
[2022-08-09 01:44:48,791] {logging_mixin.py:115} INFO - [2022-08-09 01:44:48,791] {dagbag.py:507} INFO - Filling up the DagBag from /home/airflow/.local/lib/python3.7/site-packages/airflow/example_dags/example_branch_operator.py
[2022-08-09 01:44:48,803] {processor.py:651} INFO - DAG(s) dict_keys(['example_branch_operator']) retrieved from /home/airflow/.local/lib/python3.7/site-packages/airflow/example_dags/example_branch_operator.py
[2022-08-09 01:44:48,824] {logging_mixin.py:115} INFO - [2022-08-09 01:44:48,824] {dag.py:2371} INFO - Sync 1 DAGs
[2022-08-09 01:44:48,915] {logging_mixin.py:115} INFO - [2022-08-09 01:44:48,915] {dag.py:2919} INFO - Setting next_dagrun for example_branch_operator to 2022-08-08T00:00:00+00:00, run_after=2022-08-09T00:00:00+00:00
[2022-08-09 01:44:48,923] {processor.py:161} INFO - Processing /home/airflow/.local/lib/python3.7/site-packages/airflow/example_dags/example_branch_operator.py took 0.141 seconds
[2022-08-09 01:45:19,675] {processor.py:153} INFO - Started process (PID=1026) to work on /home/airflow/.local/lib/python3.7/site-packages/airflow/example_dags/example_branch_operator.py
[2022-08-09 01:45:19,677] {processor.py:641} INFO - Processing file /home/airflow/.local/lib/python3.7/site-packages/airflow/example_dags/example_branch_operator.py for tasks to queue
[2022-08-09 01:45:19,679] {logging_mixin.py:115} INFO - [2022-08-09 01:45:19,679] {dagbag.py:507} INFO - Filling up the DagBag from /home/airflow/.local/lib/python3.7/site-packages/airflow/example_dags/example_branch_operator.py
[2022-08-09 01:45:19,687] {processor.py:651} INFO - DAG(s) dict_keys(['example_branch_operator']) retrieved from /home/airflow/.local/lib/python3.7/site-packages/airflow/example_dags/example_branch_operator.py
[2022-08-09 01:45:19,707] {logging_mixin.py:115} INFO - [2022-08-09 01:45:19,707] {dag.py:2371} INFO - Sync 1 DAGs
[2022-08-09 01:45:19,816] {logging_mixin.py:115} INFO - [2022-08-09 01:45:19,815] {dag.py:2919} INFO - Setting next_dagrun for example_branch_operator to 2022-08-08T00:00:00+00:00, run_after=2022-08-09T00:00:00+00:00
[2022-08-09 01:45:19,824] {processor.py:161} INFO - Processing /home/airflow/.local/lib/python3.7/site-packages/airflow/example_dags/example_branch_operator.py took 0.152 seconds
[2022-08-09 01:45:49,894] {processor.py:153} INFO - Started process (PID=1090) to work on /home/airflow/.local/lib/python3.7/site-packages/airflow/example_dags/example_branch_operator.py
[2022-08-09 01:45:49,915] {processor.py:641} INFO - Processing file /home/airflow/.local/lib/python3.7/site-packages/airflow/example_dags/example_branch_operator.py for tasks to queue
[2022-08-09 01:45:49,917] {logging_mixin.py:115} INFO - [2022-08-09 01:45:49,917] {dagbag.py:507} INFO - Filling up the DagBag from /home/airflow/.local/lib/python3.7/site-packages/airflow/example_dags/example_branch_operator.py
[2022-08-09 01:45:49,930] {processor.py:651} INFO - DAG(s) dict_keys(['example_branch_operator']) retrieved from /home/airflow/.local/lib/python3.7/site-packages/airflow/example_dags/example_branch_operator.py
[2022-08-09 01:45:49,950] {logging_mixin.py:115} INFO - [2022-08-09 01:45:49,950] {dag.py:2371} INFO - Sync 1 DAGs
[2022-08-09 01:45:50,062] {logging_mixin.py:115} INFO - [2022-08-09 01:45:50,062] {dag.py:2919} INFO - Setting next_dagrun for example_branch_operator to 2022-08-08T00:00:00+00:00, run_after=2022-08-09T00:00:00+00:00
[2022-08-09 01:45:50,069] {processor.py:161} INFO - Processing /home/airflow/.local/lib/python3.7/site-packages/airflow/example_dags/example_branch_operator.py took 0.181 seconds
[2022-08-09 01:46:21,019] {processor.py:153} INFO - Started process (PID=1153) to work on /home/airflow/.local/lib/python3.7/site-packages/airflow/example_dags/example_branch_operator.py
[2022-08-09 01:46:21,022] {processor.py:641} INFO - Processing file /home/airflow/.local/lib/python3.7/site-packages/airflow/example_dags/example_branch_operator.py for tasks to queue
[2022-08-09 01:46:21,024] {logging_mixin.py:115} INFO - [2022-08-09 01:46:21,024] {dagbag.py:507} INFO - Filling up the DagBag from /home/airflow/.local/lib/python3.7/site-packages/airflow/example_dags/example_branch_operator.py
[2022-08-09 01:46:21,037] {processor.py:651} INFO - DAG(s) dict_keys(['example_branch_operator']) retrieved from /home/airflow/.local/lib/python3.7/site-packages/airflow/example_dags/example_branch_operator.py
[2022-08-09 01:46:21,059] {logging_mixin.py:115} INFO - [2022-08-09 01:46:21,059] {dag.py:2371} INFO - Sync 1 DAGs
[2022-08-09 01:46:21,151] {logging_mixin.py:115} INFO - [2022-08-09 01:46:21,151] {dag.py:2919} INFO - Setting next_dagrun for example_branch_operator to 2022-08-08T00:00:00+00:00, run_after=2022-08-09T00:00:00+00:00
[2022-08-09 01:46:21,160] {processor.py:161} INFO - Processing /home/airflow/.local/lib/python3.7/site-packages/airflow/example_dags/example_branch_operator.py took 0.147 seconds
[2022-08-09 01:46:51,705] {processor.py:153} INFO - Started process (PID=1217) to work on /home/airflow/.local/lib/python3.7/site-packages/airflow/example_dags/example_branch_operator.py
[2022-08-09 01:46:51,708] {processor.py:641} INFO - Processing file /home/airflow/.local/lib/python3.7/site-packages/airflow/example_dags/example_branch_operator.py for tasks to queue
[2022-08-09 01:46:51,709] {logging_mixin.py:115} INFO - [2022-08-09 01:46:51,709] {dagbag.py:507} INFO - Filling up the DagBag from /home/airflow/.local/lib/python3.7/site-packages/airflow/example_dags/example_branch_operator.py
[2022-08-09 01:46:51,720] {processor.py:651} INFO - DAG(s) dict_keys(['example_branch_operator']) retrieved from /home/airflow/.local/lib/python3.7/site-packages/airflow/example_dags/example_branch_operator.py
[2022-08-09 01:46:51,738] {logging_mixin.py:115} INFO - [2022-08-09 01:46:51,738] {dag.py:2371} INFO - Sync 1 DAGs
[2022-08-09 01:46:51,837] {logging_mixin.py:115} INFO - [2022-08-09 01:46:51,837] {dag.py:2919} INFO - Setting next_dagrun for example_branch_operator to 2022-08-08T00:00:00+00:00, run_after=2022-08-09T00:00:00+00:00
[2022-08-09 01:46:51,845] {processor.py:161} INFO - Processing /home/airflow/.local/lib/python3.7/site-packages/airflow/example_dags/example_branch_operator.py took 0.142 seconds
[2022-08-09 01:47:22,588] {processor.py:153} INFO - Started process (PID=1272) to work on /home/airflow/.local/lib/python3.7/site-packages/airflow/example_dags/example_branch_operator.py
[2022-08-09 01:47:22,590] {processor.py:641} INFO - Processing file /home/airflow/.local/lib/python3.7/site-packages/airflow/example_dags/example_branch_operator.py for tasks to queue
[2022-08-09 01:47:22,592] {logging_mixin.py:115} INFO - [2022-08-09 01:47:22,592] {dagbag.py:507} INFO - Filling up the DagBag from /home/airflow/.local/lib/python3.7/site-packages/airflow/example_dags/example_branch_operator.py
[2022-08-09 01:47:22,602] {processor.py:651} INFO - DAG(s) dict_keys(['example_branch_operator']) retrieved from /home/airflow/.local/lib/python3.7/site-packages/airflow/example_dags/example_branch_operator.py
[2022-08-09 01:47:22,622] {logging_mixin.py:115} INFO - [2022-08-09 01:47:22,622] {dag.py:2371} INFO - Sync 1 DAGs
[2022-08-09 01:47:22,712] {logging_mixin.py:115} INFO - [2022-08-09 01:47:22,712] {dag.py:2919} INFO - Setting next_dagrun for example_branch_operator to 2022-08-08T00:00:00+00:00, run_after=2022-08-09T00:00:00+00:00
[2022-08-09 01:47:22,719] {processor.py:161} INFO - Processing /home/airflow/.local/lib/python3.7/site-packages/airflow/example_dags/example_branch_operator.py took 0.134 seconds
[2022-08-09 01:47:53,409] {processor.py:153} INFO - Started process (PID=1335) to work on /home/airflow/.local/lib/python3.7/site-packages/airflow/example_dags/example_branch_operator.py
[2022-08-09 01:47:53,414] {processor.py:641} INFO - Processing file /home/airflow/.local/lib/python3.7/site-packages/airflow/example_dags/example_branch_operator.py for tasks to queue
[2022-08-09 01:47:53,415] {logging_mixin.py:115} INFO - [2022-08-09 01:47:53,415] {dagbag.py:507} INFO - Filling up the DagBag from /home/airflow/.local/lib/python3.7/site-packages/airflow/example_dags/example_branch_operator.py
[2022-08-09 01:47:53,427] {processor.py:651} INFO - DAG(s) dict_keys(['example_branch_operator']) retrieved from /home/airflow/.local/lib/python3.7/site-packages/airflow/example_dags/example_branch_operator.py
[2022-08-09 01:47:53,449] {logging_mixin.py:115} INFO - [2022-08-09 01:47:53,449] {dag.py:2371} INFO - Sync 1 DAGs
[2022-08-09 01:47:53,539] {logging_mixin.py:115} INFO - [2022-08-09 01:47:53,539] {dag.py:2919} INFO - Setting next_dagrun for example_branch_operator to 2022-08-08T00:00:00+00:00, run_after=2022-08-09T00:00:00+00:00
[2022-08-09 01:47:53,547] {processor.py:161} INFO - Processing /home/airflow/.local/lib/python3.7/site-packages/airflow/example_dags/example_branch_operator.py took 0.142 seconds
[2022-08-09 01:48:24,245] {processor.py:153} INFO - Started process (PID=1398) to work on /home/airflow/.local/lib/python3.7/site-packages/airflow/example_dags/example_branch_operator.py
[2022-08-09 01:48:24,246] {processor.py:641} INFO - Processing file /home/airflow/.local/lib/python3.7/site-packages/airflow/example_dags/example_branch_operator.py for tasks to queue
[2022-08-09 01:48:24,247] {logging_mixin.py:115} INFO - [2022-08-09 01:48:24,247] {dagbag.py:507} INFO - Filling up the DagBag from /home/airflow/.local/lib/python3.7/site-packages/airflow/example_dags/example_branch_operator.py
[2022-08-09 01:48:24,257] {processor.py:651} INFO - DAG(s) dict_keys(['example_branch_operator']) retrieved from /home/airflow/.local/lib/python3.7/site-packages/airflow/example_dags/example_branch_operator.py
[2022-08-09 01:48:24,277] {logging_mixin.py:115} INFO - [2022-08-09 01:48:24,277] {dag.py:2371} INFO - Sync 1 DAGs
[2022-08-09 01:48:24,427] {logging_mixin.py:115} INFO - [2022-08-09 01:48:24,427] {dag.py:2919} INFO - Setting next_dagrun for example_branch_operator to 2022-08-08T00:00:00+00:00, run_after=2022-08-09T00:00:00+00:00
[2022-08-09 01:48:24,434] {processor.py:161} INFO - Processing /home/airflow/.local/lib/python3.7/site-packages/airflow/example_dags/example_branch_operator.py took 0.191 seconds
[2022-08-09 01:48:55,153] {processor.py:153} INFO - Started process (PID=1461) to work on /home/airflow/.local/lib/python3.7/site-packages/airflow/example_dags/example_branch_operator.py
[2022-08-09 01:48:55,156] {processor.py:641} INFO - Processing file /home/airflow/.local/lib/python3.7/site-packages/airflow/example_dags/example_branch_operator.py for tasks to queue
[2022-08-09 01:48:55,158] {logging_mixin.py:115} INFO - [2022-08-09 01:48:55,158] {dagbag.py:507} INFO - Filling up the DagBag from /home/airflow/.local/lib/python3.7/site-packages/airflow/example_dags/example_branch_operator.py
[2022-08-09 01:48:55,176] {processor.py:651} INFO - DAG(s) dict_keys(['example_branch_operator']) retrieved from /home/airflow/.local/lib/python3.7/site-packages/airflow/example_dags/example_branch_operator.py
[2022-08-09 01:48:55,212] {logging_mixin.py:115} INFO - [2022-08-09 01:48:55,212] {dag.py:2371} INFO - Sync 1 DAGs
[2022-08-09 01:48:55,314] {logging_mixin.py:115} INFO - [2022-08-09 01:48:55,314] {dag.py:2919} INFO - Setting next_dagrun for example_branch_operator to 2022-08-08T00:00:00+00:00, run_after=2022-08-09T00:00:00+00:00
[2022-08-09 01:48:55,321] {processor.py:161} INFO - Processing /home/airflow/.local/lib/python3.7/site-packages/airflow/example_dags/example_branch_operator.py took 0.174 seconds
