[2022-08-09 01:37:12,978] {processor.py:153} INFO - Started process (PID=63) to work on /home/airflow/.local/lib/python3.7/site-packages/airflow/example_dags/example_task_group.py
[2022-08-09 01:37:12,980] {processor.py:641} INFO - Processing file /home/airflow/.local/lib/python3.7/site-packages/airflow/example_dags/example_task_group.py for tasks to queue
[2022-08-09 01:37:12,981] {logging_mixin.py:115} INFO - [2022-08-09 01:37:12,981] {dagbag.py:507} INFO - Filling up the DagBag from /home/airflow/.local/lib/python3.7/site-packages/airflow/example_dags/example_task_group.py
[2022-08-09 01:37:12,989] {processor.py:651} INFO - DAG(s) dict_keys(['example_task_group']) retrieved from /home/airflow/.local/lib/python3.7/site-packages/airflow/example_dags/example_task_group.py
[2022-08-09 01:37:13,037] {logging_mixin.py:115} INFO - [2022-08-09 01:37:13,037] {dag.py:2371} INFO - Sync 1 DAGs
[2022-08-09 01:37:13,069] {logging_mixin.py:115} INFO - [2022-08-09 01:37:13,069] {dag.py:2919} INFO - Setting next_dagrun for example_task_group to 2022-08-08T01:37:13.069504+00:00, run_after=2022-08-09T01:37:13.069504+00:00
[2022-08-09 01:37:13,287] {processor.py:161} INFO - Processing /home/airflow/.local/lib/python3.7/site-packages/airflow/example_dags/example_task_group.py took 0.314 seconds
[2022-08-09 01:37:43,374] {processor.py:153} INFO - Started process (PID=117) to work on /home/airflow/.local/lib/python3.7/site-packages/airflow/example_dags/example_task_group.py
[2022-08-09 01:37:43,376] {processor.py:641} INFO - Processing file /home/airflow/.local/lib/python3.7/site-packages/airflow/example_dags/example_task_group.py for tasks to queue
[2022-08-09 01:37:43,377] {logging_mixin.py:115} INFO - [2022-08-09 01:37:43,377] {dagbag.py:507} INFO - Filling up the DagBag from /home/airflow/.local/lib/python3.7/site-packages/airflow/example_dags/example_task_group.py
[2022-08-09 01:37:43,381] {processor.py:651} INFO - DAG(s) dict_keys(['example_task_group']) retrieved from /home/airflow/.local/lib/python3.7/site-packages/airflow/example_dags/example_task_group.py
[2022-08-09 01:37:43,398] {logging_mixin.py:115} INFO - [2022-08-09 01:37:43,398] {dag.py:2371} INFO - Sync 1 DAGs
[2022-08-09 01:37:43,413] {logging_mixin.py:115} INFO - [2022-08-09 01:37:43,413] {dag.py:2919} INFO - Setting next_dagrun for example_task_group to 2022-08-08T01:37:43.413450+00:00, run_after=2022-08-09T01:37:43.413450+00:00
[2022-08-09 01:37:43,504] {processor.py:161} INFO - Processing /home/airflow/.local/lib/python3.7/site-packages/airflow/example_dags/example_task_group.py took 0.132 seconds
[2022-08-09 01:38:14,108] {processor.py:153} INFO - Started process (PID=180) to work on /home/airflow/.local/lib/python3.7/site-packages/airflow/example_dags/example_task_group.py
[2022-08-09 01:38:14,109] {processor.py:641} INFO - Processing file /home/airflow/.local/lib/python3.7/site-packages/airflow/example_dags/example_task_group.py for tasks to queue
[2022-08-09 01:38:14,110] {logging_mixin.py:115} INFO - [2022-08-09 01:38:14,110] {dagbag.py:507} INFO - Filling up the DagBag from /home/airflow/.local/lib/python3.7/site-packages/airflow/example_dags/example_task_group.py
[2022-08-09 01:38:14,115] {processor.py:651} INFO - DAG(s) dict_keys(['example_task_group']) retrieved from /home/airflow/.local/lib/python3.7/site-packages/airflow/example_dags/example_task_group.py
[2022-08-09 01:38:14,132] {logging_mixin.py:115} INFO - [2022-08-09 01:38:14,132] {dag.py:2371} INFO - Sync 1 DAGs
[2022-08-09 01:38:14,148] {logging_mixin.py:115} INFO - [2022-08-09 01:38:14,147] {dag.py:2919} INFO - Setting next_dagrun for example_task_group to 2022-08-08T01:38:14.147786+00:00, run_after=2022-08-09T01:38:14.147786+00:00
[2022-08-09 01:38:14,242] {processor.py:161} INFO - Processing /home/airflow/.local/lib/python3.7/site-packages/airflow/example_dags/example_task_group.py took 0.136 seconds
[2022-08-09 01:38:44,641] {processor.py:153} INFO - Started process (PID=243) to work on /home/airflow/.local/lib/python3.7/site-packages/airflow/example_dags/example_task_group.py
[2022-08-09 01:38:44,642] {processor.py:641} INFO - Processing file /home/airflow/.local/lib/python3.7/site-packages/airflow/example_dags/example_task_group.py for tasks to queue
[2022-08-09 01:38:44,644] {logging_mixin.py:115} INFO - [2022-08-09 01:38:44,644] {dagbag.py:507} INFO - Filling up the DagBag from /home/airflow/.local/lib/python3.7/site-packages/airflow/example_dags/example_task_group.py
[2022-08-09 01:38:44,649] {processor.py:651} INFO - DAG(s) dict_keys(['example_task_group']) retrieved from /home/airflow/.local/lib/python3.7/site-packages/airflow/example_dags/example_task_group.py
[2022-08-09 01:38:44,666] {logging_mixin.py:115} INFO - [2022-08-09 01:38:44,666] {dag.py:2371} INFO - Sync 1 DAGs
[2022-08-09 01:38:44,681] {logging_mixin.py:115} INFO - [2022-08-09 01:38:44,681] {dag.py:2919} INFO - Setting next_dagrun for example_task_group to 2022-08-08T01:38:44.681681+00:00, run_after=2022-08-09T01:38:44.681681+00:00
[2022-08-09 01:38:44,771] {processor.py:161} INFO - Processing /home/airflow/.local/lib/python3.7/site-packages/airflow/example_dags/example_task_group.py took 0.132 seconds
[2022-08-09 01:39:15,165] {processor.py:153} INFO - Started process (PID=306) to work on /home/airflow/.local/lib/python3.7/site-packages/airflow/example_dags/example_task_group.py
[2022-08-09 01:39:15,167] {processor.py:641} INFO - Processing file /home/airflow/.local/lib/python3.7/site-packages/airflow/example_dags/example_task_group.py for tasks to queue
[2022-08-09 01:39:15,167] {logging_mixin.py:115} INFO - [2022-08-09 01:39:15,167] {dagbag.py:507} INFO - Filling up the DagBag from /home/airflow/.local/lib/python3.7/site-packages/airflow/example_dags/example_task_group.py
[2022-08-09 01:39:15,172] {processor.py:651} INFO - DAG(s) dict_keys(['example_task_group']) retrieved from /home/airflow/.local/lib/python3.7/site-packages/airflow/example_dags/example_task_group.py
[2022-08-09 01:39:15,189] {logging_mixin.py:115} INFO - [2022-08-09 01:39:15,189] {dag.py:2371} INFO - Sync 1 DAGs
[2022-08-09 01:39:15,205] {logging_mixin.py:115} INFO - [2022-08-09 01:39:15,204] {dag.py:2919} INFO - Setting next_dagrun for example_task_group to 2022-08-08T01:39:15.204831+00:00, run_after=2022-08-09T01:39:15.204831+00:00
[2022-08-09 01:39:15,295] {processor.py:161} INFO - Processing /home/airflow/.local/lib/python3.7/site-packages/airflow/example_dags/example_task_group.py took 0.131 seconds
[2022-08-09 01:39:45,791] {processor.py:153} INFO - Started process (PID=369) to work on /home/airflow/.local/lib/python3.7/site-packages/airflow/example_dags/example_task_group.py
[2022-08-09 01:39:45,792] {processor.py:641} INFO - Processing file /home/airflow/.local/lib/python3.7/site-packages/airflow/example_dags/example_task_group.py for tasks to queue
[2022-08-09 01:39:45,793] {logging_mixin.py:115} INFO - [2022-08-09 01:39:45,793] {dagbag.py:507} INFO - Filling up the DagBag from /home/airflow/.local/lib/python3.7/site-packages/airflow/example_dags/example_task_group.py
[2022-08-09 01:39:45,798] {processor.py:651} INFO - DAG(s) dict_keys(['example_task_group']) retrieved from /home/airflow/.local/lib/python3.7/site-packages/airflow/example_dags/example_task_group.py
[2022-08-09 01:39:45,813] {logging_mixin.py:115} INFO - [2022-08-09 01:39:45,813] {dag.py:2371} INFO - Sync 1 DAGs
[2022-08-09 01:39:45,825] {logging_mixin.py:115} INFO - [2022-08-09 01:39:45,825] {dag.py:2919} INFO - Setting next_dagrun for example_task_group to 2022-08-08T01:39:45.825260+00:00, run_after=2022-08-09T01:39:45.825260+00:00
[2022-08-09 01:39:45,908] {processor.py:161} INFO - Processing /home/airflow/.local/lib/python3.7/site-packages/airflow/example_dags/example_task_group.py took 0.118 seconds
[2022-08-09 01:40:16,282] {processor.py:153} INFO - Started process (PID=432) to work on /home/airflow/.local/lib/python3.7/site-packages/airflow/example_dags/example_task_group.py
[2022-08-09 01:40:16,283] {processor.py:641} INFO - Processing file /home/airflow/.local/lib/python3.7/site-packages/airflow/example_dags/example_task_group.py for tasks to queue
[2022-08-09 01:40:16,284] {logging_mixin.py:115} INFO - [2022-08-09 01:40:16,284] {dagbag.py:507} INFO - Filling up the DagBag from /home/airflow/.local/lib/python3.7/site-packages/airflow/example_dags/example_task_group.py
[2022-08-09 01:40:16,289] {processor.py:651} INFO - DAG(s) dict_keys(['example_task_group']) retrieved from /home/airflow/.local/lib/python3.7/site-packages/airflow/example_dags/example_task_group.py
[2022-08-09 01:40:16,307] {logging_mixin.py:115} INFO - [2022-08-09 01:40:16,307] {dag.py:2371} INFO - Sync 1 DAGs
[2022-08-09 01:40:16,322] {logging_mixin.py:115} INFO - [2022-08-09 01:40:16,322] {dag.py:2919} INFO - Setting next_dagrun for example_task_group to 2022-08-08T01:40:16.322445+00:00, run_after=2022-08-09T01:40:16.322445+00:00
[2022-08-09 01:40:16,413] {processor.py:161} INFO - Processing /home/airflow/.local/lib/python3.7/site-packages/airflow/example_dags/example_task_group.py took 0.133 seconds
[2022-08-09 01:40:46,757] {processor.py:153} INFO - Started process (PID=486) to work on /home/airflow/.local/lib/python3.7/site-packages/airflow/example_dags/example_task_group.py
[2022-08-09 01:40:46,758] {processor.py:641} INFO - Processing file /home/airflow/.local/lib/python3.7/site-packages/airflow/example_dags/example_task_group.py for tasks to queue
[2022-08-09 01:40:46,759] {logging_mixin.py:115} INFO - [2022-08-09 01:40:46,759] {dagbag.py:507} INFO - Filling up the DagBag from /home/airflow/.local/lib/python3.7/site-packages/airflow/example_dags/example_task_group.py
[2022-08-09 01:40:46,764] {processor.py:651} INFO - DAG(s) dict_keys(['example_task_group']) retrieved from /home/airflow/.local/lib/python3.7/site-packages/airflow/example_dags/example_task_group.py
[2022-08-09 01:40:46,782] {logging_mixin.py:115} INFO - [2022-08-09 01:40:46,781] {dag.py:2371} INFO - Sync 1 DAGs
[2022-08-09 01:40:46,798] {logging_mixin.py:115} INFO - [2022-08-09 01:40:46,798] {dag.py:2919} INFO - Setting next_dagrun for example_task_group to 2022-08-08T01:40:46.798117+00:00, run_after=2022-08-09T01:40:46.798117+00:00
[2022-08-09 01:40:46,881] {processor.py:161} INFO - Processing /home/airflow/.local/lib/python3.7/site-packages/airflow/example_dags/example_task_group.py took 0.126 seconds
[2022-08-09 01:41:17,360] {processor.py:153} INFO - Started process (PID=549) to work on /home/airflow/.local/lib/python3.7/site-packages/airflow/example_dags/example_task_group.py
[2022-08-09 01:41:17,361] {processor.py:641} INFO - Processing file /home/airflow/.local/lib/python3.7/site-packages/airflow/example_dags/example_task_group.py for tasks to queue
[2022-08-09 01:41:17,362] {logging_mixin.py:115} INFO - [2022-08-09 01:41:17,362] {dagbag.py:507} INFO - Filling up the DagBag from /home/airflow/.local/lib/python3.7/site-packages/airflow/example_dags/example_task_group.py
[2022-08-09 01:41:17,367] {processor.py:651} INFO - DAG(s) dict_keys(['example_task_group']) retrieved from /home/airflow/.local/lib/python3.7/site-packages/airflow/example_dags/example_task_group.py
[2022-08-09 01:41:17,384] {logging_mixin.py:115} INFO - [2022-08-09 01:41:17,384] {dag.py:2371} INFO - Sync 1 DAGs
[2022-08-09 01:41:17,400] {logging_mixin.py:115} INFO - [2022-08-09 01:41:17,400] {dag.py:2919} INFO - Setting next_dagrun for example_task_group to 2022-08-08T01:41:17.400105+00:00, run_after=2022-08-09T01:41:17.400105+00:00
[2022-08-09 01:41:17,490] {processor.py:161} INFO - Processing /home/airflow/.local/lib/python3.7/site-packages/airflow/example_dags/example_task_group.py took 0.132 seconds
[2022-08-09 01:41:47,880] {processor.py:153} INFO - Started process (PID=612) to work on /home/airflow/.local/lib/python3.7/site-packages/airflow/example_dags/example_task_group.py
[2022-08-09 01:41:47,881] {processor.py:641} INFO - Processing file /home/airflow/.local/lib/python3.7/site-packages/airflow/example_dags/example_task_group.py for tasks to queue
[2022-08-09 01:41:47,882] {logging_mixin.py:115} INFO - [2022-08-09 01:41:47,882] {dagbag.py:507} INFO - Filling up the DagBag from /home/airflow/.local/lib/python3.7/site-packages/airflow/example_dags/example_task_group.py
[2022-08-09 01:41:47,887] {processor.py:651} INFO - DAG(s) dict_keys(['example_task_group']) retrieved from /home/airflow/.local/lib/python3.7/site-packages/airflow/example_dags/example_task_group.py
[2022-08-09 01:41:47,905] {logging_mixin.py:115} INFO - [2022-08-09 01:41:47,905] {dag.py:2371} INFO - Sync 1 DAGs
[2022-08-09 01:41:47,921] {logging_mixin.py:115} INFO - [2022-08-09 01:41:47,921] {dag.py:2919} INFO - Setting next_dagrun for example_task_group to 2022-08-08T01:41:47.921462+00:00, run_after=2022-08-09T01:41:47.921462+00:00
[2022-08-09 01:41:48,014] {processor.py:161} INFO - Processing /home/airflow/.local/lib/python3.7/site-packages/airflow/example_dags/example_task_group.py took 0.136 seconds
[2022-08-09 01:42:18,648] {processor.py:153} INFO - Started process (PID=675) to work on /home/airflow/.local/lib/python3.7/site-packages/airflow/example_dags/example_task_group.py
[2022-08-09 01:42:18,650] {processor.py:641} INFO - Processing file /home/airflow/.local/lib/python3.7/site-packages/airflow/example_dags/example_task_group.py for tasks to queue
[2022-08-09 01:42:18,651] {logging_mixin.py:115} INFO - [2022-08-09 01:42:18,651] {dagbag.py:507} INFO - Filling up the DagBag from /home/airflow/.local/lib/python3.7/site-packages/airflow/example_dags/example_task_group.py
[2022-08-09 01:42:18,656] {processor.py:651} INFO - DAG(s) dict_keys(['example_task_group']) retrieved from /home/airflow/.local/lib/python3.7/site-packages/airflow/example_dags/example_task_group.py
[2022-08-09 01:42:18,673] {logging_mixin.py:115} INFO - [2022-08-09 01:42:18,673] {dag.py:2371} INFO - Sync 1 DAGs
[2022-08-09 01:42:18,762] {logging_mixin.py:115} INFO - [2022-08-09 01:42:18,761] {dag.py:2919} INFO - Setting next_dagrun for example_task_group to 2022-08-08T01:42:18.761842+00:00, run_after=2022-08-09T01:42:18.761842+00:00
[2022-08-09 01:42:18,770] {processor.py:161} INFO - Processing /home/airflow/.local/lib/python3.7/site-packages/airflow/example_dags/example_task_group.py took 0.124 seconds
[2022-08-09 01:42:49,557] {processor.py:153} INFO - Started process (PID=738) to work on /home/airflow/.local/lib/python3.7/site-packages/airflow/example_dags/example_task_group.py
[2022-08-09 01:42:49,558] {processor.py:641} INFO - Processing file /home/airflow/.local/lib/python3.7/site-packages/airflow/example_dags/example_task_group.py for tasks to queue
[2022-08-09 01:42:49,559] {logging_mixin.py:115} INFO - [2022-08-09 01:42:49,559] {dagbag.py:507} INFO - Filling up the DagBag from /home/airflow/.local/lib/python3.7/site-packages/airflow/example_dags/example_task_group.py
[2022-08-09 01:42:49,564] {processor.py:651} INFO - DAG(s) dict_keys(['example_task_group']) retrieved from /home/airflow/.local/lib/python3.7/site-packages/airflow/example_dags/example_task_group.py
[2022-08-09 01:42:49,581] {logging_mixin.py:115} INFO - [2022-08-09 01:42:49,581] {dag.py:2371} INFO - Sync 1 DAGs
[2022-08-09 01:42:49,672] {logging_mixin.py:115} INFO - [2022-08-09 01:42:49,672] {dag.py:2919} INFO - Setting next_dagrun for example_task_group to 2022-08-08T01:42:49.672070+00:00, run_after=2022-08-09T01:42:49.672070+00:00
[2022-08-09 01:42:49,681] {processor.py:161} INFO - Processing /home/airflow/.local/lib/python3.7/site-packages/airflow/example_dags/example_task_group.py took 0.125 seconds
[2022-08-09 01:43:20,492] {processor.py:153} INFO - Started process (PID=802) to work on /home/airflow/.local/lib/python3.7/site-packages/airflow/example_dags/example_task_group.py
[2022-08-09 01:43:20,493] {processor.py:641} INFO - Processing file /home/airflow/.local/lib/python3.7/site-packages/airflow/example_dags/example_task_group.py for tasks to queue
[2022-08-09 01:43:20,495] {logging_mixin.py:115} INFO - [2022-08-09 01:43:20,495] {dagbag.py:507} INFO - Filling up the DagBag from /home/airflow/.local/lib/python3.7/site-packages/airflow/example_dags/example_task_group.py
[2022-08-09 01:43:20,500] {processor.py:651} INFO - DAG(s) dict_keys(['example_task_group']) retrieved from /home/airflow/.local/lib/python3.7/site-packages/airflow/example_dags/example_task_group.py
[2022-08-09 01:43:20,518] {logging_mixin.py:115} INFO - [2022-08-09 01:43:20,517] {dag.py:2371} INFO - Sync 1 DAGs
[2022-08-09 01:43:20,607] {logging_mixin.py:115} INFO - [2022-08-09 01:43:20,607] {dag.py:2919} INFO - Setting next_dagrun for example_task_group to 2022-08-08T01:43:20.607310+00:00, run_after=2022-08-09T01:43:20.607310+00:00
[2022-08-09 01:43:20,617] {processor.py:161} INFO - Processing /home/airflow/.local/lib/python3.7/site-packages/airflow/example_dags/example_task_group.py took 0.127 seconds
[2022-08-09 01:43:51,467] {processor.py:153} INFO - Started process (PID=866) to work on /home/airflow/.local/lib/python3.7/site-packages/airflow/example_dags/example_task_group.py
[2022-08-09 01:43:51,468] {processor.py:641} INFO - Processing file /home/airflow/.local/lib/python3.7/site-packages/airflow/example_dags/example_task_group.py for tasks to queue
[2022-08-09 01:43:51,469] {logging_mixin.py:115} INFO - [2022-08-09 01:43:51,469] {dagbag.py:507} INFO - Filling up the DagBag from /home/airflow/.local/lib/python3.7/site-packages/airflow/example_dags/example_task_group.py
[2022-08-09 01:43:51,473] {processor.py:651} INFO - DAG(s) dict_keys(['example_task_group']) retrieved from /home/airflow/.local/lib/python3.7/site-packages/airflow/example_dags/example_task_group.py
[2022-08-09 01:43:51,490] {logging_mixin.py:115} INFO - [2022-08-09 01:43:51,490] {dag.py:2371} INFO - Sync 1 DAGs
[2022-08-09 01:43:51,581] {logging_mixin.py:115} INFO - [2022-08-09 01:43:51,581] {dag.py:2919} INFO - Setting next_dagrun for example_task_group to 2022-08-08T01:43:51.581495+00:00, run_after=2022-08-09T01:43:51.581495+00:00
[2022-08-09 01:43:51,590] {processor.py:161} INFO - Processing /home/airflow/.local/lib/python3.7/site-packages/airflow/example_dags/example_task_group.py took 0.126 seconds
[2022-08-09 01:44:22,533] {processor.py:153} INFO - Started process (PID=929) to work on /home/airflow/.local/lib/python3.7/site-packages/airflow/example_dags/example_task_group.py
[2022-08-09 01:44:22,535] {processor.py:641} INFO - Processing file /home/airflow/.local/lib/python3.7/site-packages/airflow/example_dags/example_task_group.py for tasks to queue
[2022-08-09 01:44:22,536] {logging_mixin.py:115} INFO - [2022-08-09 01:44:22,536] {dagbag.py:507} INFO - Filling up the DagBag from /home/airflow/.local/lib/python3.7/site-packages/airflow/example_dags/example_task_group.py
[2022-08-09 01:44:22,544] {processor.py:651} INFO - DAG(s) dict_keys(['example_task_group']) retrieved from /home/airflow/.local/lib/python3.7/site-packages/airflow/example_dags/example_task_group.py
[2022-08-09 01:44:22,570] {logging_mixin.py:115} INFO - [2022-08-09 01:44:22,570] {dag.py:2371} INFO - Sync 1 DAGs
[2022-08-09 01:44:22,655] {logging_mixin.py:115} INFO - [2022-08-09 01:44:22,655] {dag.py:2919} INFO - Setting next_dagrun for example_task_group to 2022-08-08T01:44:22.655315+00:00, run_after=2022-08-09T01:44:22.655315+00:00
[2022-08-09 01:44:22,663] {processor.py:161} INFO - Processing /home/airflow/.local/lib/python3.7/site-packages/airflow/example_dags/example_task_group.py took 0.132 seconds
[2022-08-09 01:44:53,385] {processor.py:153} INFO - Started process (PID=993) to work on /home/airflow/.local/lib/python3.7/site-packages/airflow/example_dags/example_task_group.py
[2022-08-09 01:44:53,386] {processor.py:641} INFO - Processing file /home/airflow/.local/lib/python3.7/site-packages/airflow/example_dags/example_task_group.py for tasks to queue
[2022-08-09 01:44:53,387] {logging_mixin.py:115} INFO - [2022-08-09 01:44:53,387] {dagbag.py:507} INFO - Filling up the DagBag from /home/airflow/.local/lib/python3.7/site-packages/airflow/example_dags/example_task_group.py
[2022-08-09 01:44:53,391] {processor.py:651} INFO - DAG(s) dict_keys(['example_task_group']) retrieved from /home/airflow/.local/lib/python3.7/site-packages/airflow/example_dags/example_task_group.py
[2022-08-09 01:44:53,413] {logging_mixin.py:115} INFO - [2022-08-09 01:44:53,413] {dag.py:2371} INFO - Sync 1 DAGs
[2022-08-09 01:44:53,508] {logging_mixin.py:115} INFO - [2022-08-09 01:44:53,508] {dag.py:2919} INFO - Setting next_dagrun for example_task_group to 2022-08-08T01:44:53.507895+00:00, run_after=2022-08-09T01:44:53.507895+00:00
[2022-08-09 01:44:53,518] {processor.py:161} INFO - Processing /home/airflow/.local/lib/python3.7/site-packages/airflow/example_dags/example_task_group.py took 0.136 seconds
[2022-08-09 01:45:24,409] {processor.py:153} INFO - Started process (PID=1047) to work on /home/airflow/.local/lib/python3.7/site-packages/airflow/example_dags/example_task_group.py
[2022-08-09 01:45:24,410] {processor.py:641} INFO - Processing file /home/airflow/.local/lib/python3.7/site-packages/airflow/example_dags/example_task_group.py for tasks to queue
[2022-08-09 01:45:24,412] {logging_mixin.py:115} INFO - [2022-08-09 01:45:24,411] {dagbag.py:507} INFO - Filling up the DagBag from /home/airflow/.local/lib/python3.7/site-packages/airflow/example_dags/example_task_group.py
[2022-08-09 01:45:24,416] {processor.py:651} INFO - DAG(s) dict_keys(['example_task_group']) retrieved from /home/airflow/.local/lib/python3.7/site-packages/airflow/example_dags/example_task_group.py
[2022-08-09 01:45:24,434] {logging_mixin.py:115} INFO - [2022-08-09 01:45:24,434] {dag.py:2371} INFO - Sync 1 DAGs
[2022-08-09 01:45:24,532] {logging_mixin.py:115} INFO - [2022-08-09 01:45:24,532] {dag.py:2919} INFO - Setting next_dagrun for example_task_group to 2022-08-08T01:45:24.532020+00:00, run_after=2022-08-09T01:45:24.532020+00:00
[2022-08-09 01:45:24,541] {processor.py:161} INFO - Processing /home/airflow/.local/lib/python3.7/site-packages/airflow/example_dags/example_task_group.py took 0.134 seconds
[2022-08-09 01:45:54,651] {processor.py:153} INFO - Started process (PID=1111) to work on /home/airflow/.local/lib/python3.7/site-packages/airflow/example_dags/example_task_group.py
[2022-08-09 01:45:54,653] {processor.py:641} INFO - Processing file /home/airflow/.local/lib/python3.7/site-packages/airflow/example_dags/example_task_group.py for tasks to queue
[2022-08-09 01:45:54,653] {logging_mixin.py:115} INFO - [2022-08-09 01:45:54,653] {dagbag.py:507} INFO - Filling up the DagBag from /home/airflow/.local/lib/python3.7/site-packages/airflow/example_dags/example_task_group.py
[2022-08-09 01:45:54,658] {processor.py:651} INFO - DAG(s) dict_keys(['example_task_group']) retrieved from /home/airflow/.local/lib/python3.7/site-packages/airflow/example_dags/example_task_group.py
[2022-08-09 01:45:54,673] {logging_mixin.py:115} INFO - [2022-08-09 01:45:54,673] {dag.py:2371} INFO - Sync 1 DAGs
[2022-08-09 01:45:54,757] {logging_mixin.py:115} INFO - [2022-08-09 01:45:54,757] {dag.py:2919} INFO - Setting next_dagrun for example_task_group to 2022-08-08T01:45:54.757122+00:00, run_after=2022-08-09T01:45:54.757122+00:00
[2022-08-09 01:45:54,765] {processor.py:161} INFO - Processing /home/airflow/.local/lib/python3.7/site-packages/airflow/example_dags/example_task_group.py took 0.116 seconds
[2022-08-09 01:46:25,619] {processor.py:153} INFO - Started process (PID=1174) to work on /home/airflow/.local/lib/python3.7/site-packages/airflow/example_dags/example_task_group.py
[2022-08-09 01:46:25,621] {processor.py:641} INFO - Processing file /home/airflow/.local/lib/python3.7/site-packages/airflow/example_dags/example_task_group.py for tasks to queue
[2022-08-09 01:46:25,622] {logging_mixin.py:115} INFO - [2022-08-09 01:46:25,622] {dagbag.py:507} INFO - Filling up the DagBag from /home/airflow/.local/lib/python3.7/site-packages/airflow/example_dags/example_task_group.py
[2022-08-09 01:46:25,626] {processor.py:651} INFO - DAG(s) dict_keys(['example_task_group']) retrieved from /home/airflow/.local/lib/python3.7/site-packages/airflow/example_dags/example_task_group.py
[2022-08-09 01:46:25,645] {logging_mixin.py:115} INFO - [2022-08-09 01:46:25,645] {dag.py:2371} INFO - Sync 1 DAGs
[2022-08-09 01:46:25,734] {logging_mixin.py:115} INFO - [2022-08-09 01:46:25,734] {dag.py:2919} INFO - Setting next_dagrun for example_task_group to 2022-08-08T01:46:25.734388+00:00, run_after=2022-08-09T01:46:25.734388+00:00
[2022-08-09 01:46:25,742] {processor.py:161} INFO - Processing /home/airflow/.local/lib/python3.7/site-packages/airflow/example_dags/example_task_group.py took 0.125 seconds
[2022-08-09 01:46:56,286] {processor.py:153} INFO - Started process (PID=1238) to work on /home/airflow/.local/lib/python3.7/site-packages/airflow/example_dags/example_task_group.py
[2022-08-09 01:46:56,287] {processor.py:641} INFO - Processing file /home/airflow/.local/lib/python3.7/site-packages/airflow/example_dags/example_task_group.py for tasks to queue
[2022-08-09 01:46:56,288] {logging_mixin.py:115} INFO - [2022-08-09 01:46:56,288] {dagbag.py:507} INFO - Filling up the DagBag from /home/airflow/.local/lib/python3.7/site-packages/airflow/example_dags/example_task_group.py
[2022-08-09 01:46:56,292] {processor.py:651} INFO - DAG(s) dict_keys(['example_task_group']) retrieved from /home/airflow/.local/lib/python3.7/site-packages/airflow/example_dags/example_task_group.py
[2022-08-09 01:46:56,307] {logging_mixin.py:115} INFO - [2022-08-09 01:46:56,307] {dag.py:2371} INFO - Sync 1 DAGs
[2022-08-09 01:46:56,383] {logging_mixin.py:115} INFO - [2022-08-09 01:46:56,383] {dag.py:2919} INFO - Setting next_dagrun for example_task_group to 2022-08-08T01:46:56.383255+00:00, run_after=2022-08-09T01:46:56.383255+00:00
[2022-08-09 01:46:56,390] {processor.py:161} INFO - Processing /home/airflow/.local/lib/python3.7/site-packages/airflow/example_dags/example_task_group.py took 0.106 seconds
[2022-08-09 01:47:27,213] {processor.py:153} INFO - Started process (PID=1302) to work on /home/airflow/.local/lib/python3.7/site-packages/airflow/example_dags/example_task_group.py
[2022-08-09 01:47:27,214] {processor.py:641} INFO - Processing file /home/airflow/.local/lib/python3.7/site-packages/airflow/example_dags/example_task_group.py for tasks to queue
[2022-08-09 01:47:27,215] {logging_mixin.py:115} INFO - [2022-08-09 01:47:27,215] {dagbag.py:507} INFO - Filling up the DagBag from /home/airflow/.local/lib/python3.7/site-packages/airflow/example_dags/example_task_group.py
[2022-08-09 01:47:27,220] {processor.py:651} INFO - DAG(s) dict_keys(['example_task_group']) retrieved from /home/airflow/.local/lib/python3.7/site-packages/airflow/example_dags/example_task_group.py
[2022-08-09 01:47:27,237] {logging_mixin.py:115} INFO - [2022-08-09 01:47:27,237] {dag.py:2371} INFO - Sync 1 DAGs
[2022-08-09 01:47:27,329] {logging_mixin.py:115} INFO - [2022-08-09 01:47:27,329] {dag.py:2919} INFO - Setting next_dagrun for example_task_group to 2022-08-08T01:47:27.329247+00:00, run_after=2022-08-09T01:47:27.329247+00:00
[2022-08-09 01:47:27,337] {processor.py:161} INFO - Processing /home/airflow/.local/lib/python3.7/site-packages/airflow/example_dags/example_task_group.py took 0.126 seconds
[2022-08-09 01:47:57,972] {processor.py:153} INFO - Started process (PID=1365) to work on /home/airflow/.local/lib/python3.7/site-packages/airflow/example_dags/example_task_group.py
[2022-08-09 01:47:57,973] {processor.py:641} INFO - Processing file /home/airflow/.local/lib/python3.7/site-packages/airflow/example_dags/example_task_group.py for tasks to queue
[2022-08-09 01:47:57,974] {logging_mixin.py:115} INFO - [2022-08-09 01:47:57,974] {dagbag.py:507} INFO - Filling up the DagBag from /home/airflow/.local/lib/python3.7/site-packages/airflow/example_dags/example_task_group.py
[2022-08-09 01:47:57,979] {processor.py:651} INFO - DAG(s) dict_keys(['example_task_group']) retrieved from /home/airflow/.local/lib/python3.7/site-packages/airflow/example_dags/example_task_group.py
[2022-08-09 01:47:57,995] {logging_mixin.py:115} INFO - [2022-08-09 01:47:57,995] {dag.py:2371} INFO - Sync 1 DAGs
[2022-08-09 01:47:58,082] {logging_mixin.py:115} INFO - [2022-08-09 01:47:58,082] {dag.py:2919} INFO - Setting next_dagrun for example_task_group to 2022-08-08T01:47:58.082166+00:00, run_after=2022-08-09T01:47:58.082166+00:00
[2022-08-09 01:47:58,089] {processor.py:161} INFO - Processing /home/airflow/.local/lib/python3.7/site-packages/airflow/example_dags/example_task_group.py took 0.118 seconds
[2022-08-09 01:48:28,960] {processor.py:153} INFO - Started process (PID=1428) to work on /home/airflow/.local/lib/python3.7/site-packages/airflow/example_dags/example_task_group.py
[2022-08-09 01:48:28,962] {processor.py:641} INFO - Processing file /home/airflow/.local/lib/python3.7/site-packages/airflow/example_dags/example_task_group.py for tasks to queue
[2022-08-09 01:48:28,963] {logging_mixin.py:115} INFO - [2022-08-09 01:48:28,963] {dagbag.py:507} INFO - Filling up the DagBag from /home/airflow/.local/lib/python3.7/site-packages/airflow/example_dags/example_task_group.py
[2022-08-09 01:48:28,968] {processor.py:651} INFO - DAG(s) dict_keys(['example_task_group']) retrieved from /home/airflow/.local/lib/python3.7/site-packages/airflow/example_dags/example_task_group.py
[2022-08-09 01:48:28,985] {logging_mixin.py:115} INFO - [2022-08-09 01:48:28,985] {dag.py:2371} INFO - Sync 1 DAGs
[2022-08-09 01:48:29,073] {logging_mixin.py:115} INFO - [2022-08-09 01:48:29,073] {dag.py:2919} INFO - Setting next_dagrun for example_task_group to 2022-08-08T01:48:29.073171+00:00, run_after=2022-08-09T01:48:29.073171+00:00
[2022-08-09 01:48:29,081] {processor.py:161} INFO - Processing /home/airflow/.local/lib/python3.7/site-packages/airflow/example_dags/example_task_group.py took 0.124 seconds
[2022-08-09 01:48:59,833] {processor.py:153} INFO - Started process (PID=1491) to work on /home/airflow/.local/lib/python3.7/site-packages/airflow/example_dags/example_task_group.py
[2022-08-09 01:48:59,834] {processor.py:641} INFO - Processing file /home/airflow/.local/lib/python3.7/site-packages/airflow/example_dags/example_task_group.py for tasks to queue
[2022-08-09 01:48:59,835] {logging_mixin.py:115} INFO - [2022-08-09 01:48:59,835] {dagbag.py:507} INFO - Filling up the DagBag from /home/airflow/.local/lib/python3.7/site-packages/airflow/example_dags/example_task_group.py
[2022-08-09 01:48:59,840] {processor.py:651} INFO - DAG(s) dict_keys(['example_task_group']) retrieved from /home/airflow/.local/lib/python3.7/site-packages/airflow/example_dags/example_task_group.py
[2022-08-09 01:48:59,860] {logging_mixin.py:115} INFO - [2022-08-09 01:48:59,859] {dag.py:2371} INFO - Sync 1 DAGs
[2022-08-09 01:48:59,958] {logging_mixin.py:115} INFO - [2022-08-09 01:48:59,958] {dag.py:2919} INFO - Setting next_dagrun for example_task_group to 2022-08-08T01:48:59.958069+00:00, run_after=2022-08-09T01:48:59.958069+00:00
[2022-08-09 01:48:59,967] {processor.py:161} INFO - Processing /home/airflow/.local/lib/python3.7/site-packages/airflow/example_dags/example_task_group.py took 0.136 seconds
