[2022-08-09 01:37:09,183] {processor.py:153} INFO - Started process (PID=38) to work on /home/airflow/.local/lib/python3.7/site-packages/airflow/example_dags/example_nested_branch_dag.py
[2022-08-09 01:37:09,184] {processor.py:641} INFO - Processing file /home/airflow/.local/lib/python3.7/site-packages/airflow/example_dags/example_nested_branch_dag.py for tasks to queue
[2022-08-09 01:37:09,185] {logging_mixin.py:115} INFO - [2022-08-09 01:37:09,185] {dagbag.py:507} INFO - Filling up the DagBag from /home/airflow/.local/lib/python3.7/site-packages/airflow/example_dags/example_nested_branch_dag.py
[2022-08-09 01:37:09,193] {processor.py:651} INFO - DAG(s) dict_keys(['example_nested_branch_dag']) retrieved from /home/airflow/.local/lib/python3.7/site-packages/airflow/example_dags/example_nested_branch_dag.py
[2022-08-09 01:37:09,213] {logging_mixin.py:115} INFO - [2022-08-09 01:37:09,213] {dag.py:2371} INFO - Sync 1 DAGs
[2022-08-09 01:37:09,231] {logging_mixin.py:115} INFO - [2022-08-09 01:37:09,231] {dag.py:2919} INFO - Setting next_dagrun for example_nested_branch_dag to 2022-08-08T00:00:00+00:00, run_after=2022-08-09T00:00:00+00:00
[2022-08-09 01:37:09,367] {processor.py:161} INFO - Processing /home/airflow/.local/lib/python3.7/site-packages/airflow/example_dags/example_nested_branch_dag.py took 0.187 seconds
[2022-08-09 01:37:40,236] {processor.py:153} INFO - Started process (PID=101) to work on /home/airflow/.local/lib/python3.7/site-packages/airflow/example_dags/example_nested_branch_dag.py
[2022-08-09 01:37:40,238] {processor.py:641} INFO - Processing file /home/airflow/.local/lib/python3.7/site-packages/airflow/example_dags/example_nested_branch_dag.py for tasks to queue
[2022-08-09 01:37:40,239] {logging_mixin.py:115} INFO - [2022-08-09 01:37:40,239] {dagbag.py:507} INFO - Filling up the DagBag from /home/airflow/.local/lib/python3.7/site-packages/airflow/example_dags/example_nested_branch_dag.py
[2022-08-09 01:37:40,245] {processor.py:651} INFO - DAG(s) dict_keys(['example_nested_branch_dag']) retrieved from /home/airflow/.local/lib/python3.7/site-packages/airflow/example_dags/example_nested_branch_dag.py
[2022-08-09 01:37:40,261] {logging_mixin.py:115} INFO - [2022-08-09 01:37:40,261] {dag.py:2371} INFO - Sync 1 DAGs
[2022-08-09 01:37:40,275] {logging_mixin.py:115} INFO - [2022-08-09 01:37:40,275] {dag.py:2919} INFO - Setting next_dagrun for example_nested_branch_dag to 2022-08-08T00:00:00+00:00, run_after=2022-08-09T00:00:00+00:00
[2022-08-09 01:37:40,365] {processor.py:161} INFO - Processing /home/airflow/.local/lib/python3.7/site-packages/airflow/example_dags/example_nested_branch_dag.py took 0.131 seconds
[2022-08-09 01:38:10,963] {processor.py:153} INFO - Started process (PID=164) to work on /home/airflow/.local/lib/python3.7/site-packages/airflow/example_dags/example_nested_branch_dag.py
[2022-08-09 01:38:10,967] {processor.py:641} INFO - Processing file /home/airflow/.local/lib/python3.7/site-packages/airflow/example_dags/example_nested_branch_dag.py for tasks to queue
[2022-08-09 01:38:10,969] {logging_mixin.py:115} INFO - [2022-08-09 01:38:10,968] {dagbag.py:507} INFO - Filling up the DagBag from /home/airflow/.local/lib/python3.7/site-packages/airflow/example_dags/example_nested_branch_dag.py
[2022-08-09 01:38:10,978] {processor.py:651} INFO - DAG(s) dict_keys(['example_nested_branch_dag']) retrieved from /home/airflow/.local/lib/python3.7/site-packages/airflow/example_dags/example_nested_branch_dag.py
[2022-08-09 01:38:11,012] {logging_mixin.py:115} INFO - [2022-08-09 01:38:11,011] {dag.py:2371} INFO - Sync 1 DAGs
[2022-08-09 01:38:11,030] {logging_mixin.py:115} INFO - [2022-08-09 01:38:11,030] {dag.py:2919} INFO - Setting next_dagrun for example_nested_branch_dag to 2022-08-08T00:00:00+00:00, run_after=2022-08-09T00:00:00+00:00
[2022-08-09 01:38:11,128] {processor.py:161} INFO - Processing /home/airflow/.local/lib/python3.7/site-packages/airflow/example_dags/example_nested_branch_dag.py took 0.166 seconds
[2022-08-09 01:38:41,421] {processor.py:153} INFO - Started process (PID=227) to work on /home/airflow/.local/lib/python3.7/site-packages/airflow/example_dags/example_nested_branch_dag.py
[2022-08-09 01:38:41,423] {processor.py:641} INFO - Processing file /home/airflow/.local/lib/python3.7/site-packages/airflow/example_dags/example_nested_branch_dag.py for tasks to queue
[2022-08-09 01:38:41,424] {logging_mixin.py:115} INFO - [2022-08-09 01:38:41,424] {dagbag.py:507} INFO - Filling up the DagBag from /home/airflow/.local/lib/python3.7/site-packages/airflow/example_dags/example_nested_branch_dag.py
[2022-08-09 01:38:41,430] {processor.py:651} INFO - DAG(s) dict_keys(['example_nested_branch_dag']) retrieved from /home/airflow/.local/lib/python3.7/site-packages/airflow/example_dags/example_nested_branch_dag.py
[2022-08-09 01:38:41,446] {logging_mixin.py:115} INFO - [2022-08-09 01:38:41,446] {dag.py:2371} INFO - Sync 1 DAGs
[2022-08-09 01:38:41,460] {logging_mixin.py:115} INFO - [2022-08-09 01:38:41,460] {dag.py:2919} INFO - Setting next_dagrun for example_nested_branch_dag to 2022-08-08T00:00:00+00:00, run_after=2022-08-09T00:00:00+00:00
[2022-08-09 01:38:41,553] {processor.py:161} INFO - Processing /home/airflow/.local/lib/python3.7/site-packages/airflow/example_dags/example_nested_branch_dag.py took 0.134 seconds
[2022-08-09 01:39:11,954] {processor.py:153} INFO - Started process (PID=290) to work on /home/airflow/.local/lib/python3.7/site-packages/airflow/example_dags/example_nested_branch_dag.py
[2022-08-09 01:39:11,957] {processor.py:641} INFO - Processing file /home/airflow/.local/lib/python3.7/site-packages/airflow/example_dags/example_nested_branch_dag.py for tasks to queue
[2022-08-09 01:39:11,958] {logging_mixin.py:115} INFO - [2022-08-09 01:39:11,958] {dagbag.py:507} INFO - Filling up the DagBag from /home/airflow/.local/lib/python3.7/site-packages/airflow/example_dags/example_nested_branch_dag.py
[2022-08-09 01:39:11,965] {processor.py:651} INFO - DAG(s) dict_keys(['example_nested_branch_dag']) retrieved from /home/airflow/.local/lib/python3.7/site-packages/airflow/example_dags/example_nested_branch_dag.py
[2022-08-09 01:39:11,982] {logging_mixin.py:115} INFO - [2022-08-09 01:39:11,982] {dag.py:2371} INFO - Sync 1 DAGs
[2022-08-09 01:39:11,996] {logging_mixin.py:115} INFO - [2022-08-09 01:39:11,996] {dag.py:2919} INFO - Setting next_dagrun for example_nested_branch_dag to 2022-08-08T00:00:00+00:00, run_after=2022-08-09T00:00:00+00:00
[2022-08-09 01:39:12,081] {processor.py:161} INFO - Processing /home/airflow/.local/lib/python3.7/site-packages/airflow/example_dags/example_nested_branch_dag.py took 0.129 seconds
[2022-08-09 01:39:42,502] {processor.py:153} INFO - Started process (PID=344) to work on /home/airflow/.local/lib/python3.7/site-packages/airflow/example_dags/example_nested_branch_dag.py
[2022-08-09 01:39:42,504] {processor.py:641} INFO - Processing file /home/airflow/.local/lib/python3.7/site-packages/airflow/example_dags/example_nested_branch_dag.py for tasks to queue
[2022-08-09 01:39:42,506] {logging_mixin.py:115} INFO - [2022-08-09 01:39:42,506] {dagbag.py:507} INFO - Filling up the DagBag from /home/airflow/.local/lib/python3.7/site-packages/airflow/example_dags/example_nested_branch_dag.py
[2022-08-09 01:39:42,512] {processor.py:651} INFO - DAG(s) dict_keys(['example_nested_branch_dag']) retrieved from /home/airflow/.local/lib/python3.7/site-packages/airflow/example_dags/example_nested_branch_dag.py
[2022-08-09 01:39:42,537] {logging_mixin.py:115} INFO - [2022-08-09 01:39:42,536] {dag.py:2371} INFO - Sync 1 DAGs
[2022-08-09 01:39:42,551] {logging_mixin.py:115} INFO - [2022-08-09 01:39:42,551] {dag.py:2919} INFO - Setting next_dagrun for example_nested_branch_dag to 2022-08-08T00:00:00+00:00, run_after=2022-08-09T00:00:00+00:00
[2022-08-09 01:39:42,634] {processor.py:161} INFO - Processing /home/airflow/.local/lib/python3.7/site-packages/airflow/example_dags/example_nested_branch_dag.py took 0.134 seconds
[2022-08-09 01:40:13,091] {processor.py:153} INFO - Started process (PID=407) to work on /home/airflow/.local/lib/python3.7/site-packages/airflow/example_dags/example_nested_branch_dag.py
[2022-08-09 01:40:13,092] {processor.py:641} INFO - Processing file /home/airflow/.local/lib/python3.7/site-packages/airflow/example_dags/example_nested_branch_dag.py for tasks to queue
[2022-08-09 01:40:13,094] {logging_mixin.py:115} INFO - [2022-08-09 01:40:13,094] {dagbag.py:507} INFO - Filling up the DagBag from /home/airflow/.local/lib/python3.7/site-packages/airflow/example_dags/example_nested_branch_dag.py
[2022-08-09 01:40:13,099] {processor.py:651} INFO - DAG(s) dict_keys(['example_nested_branch_dag']) retrieved from /home/airflow/.local/lib/python3.7/site-packages/airflow/example_dags/example_nested_branch_dag.py
[2022-08-09 01:40:13,114] {logging_mixin.py:115} INFO - [2022-08-09 01:40:13,114] {dag.py:2371} INFO - Sync 1 DAGs
[2022-08-09 01:40:13,128] {logging_mixin.py:115} INFO - [2022-08-09 01:40:13,128] {dag.py:2919} INFO - Setting next_dagrun for example_nested_branch_dag to 2022-08-08T00:00:00+00:00, run_after=2022-08-09T00:00:00+00:00
[2022-08-09 01:40:13,211] {processor.py:161} INFO - Processing /home/airflow/.local/lib/python3.7/site-packages/airflow/example_dags/example_nested_branch_dag.py took 0.122 seconds
[2022-08-09 01:40:43,617] {processor.py:153} INFO - Started process (PID=470) to work on /home/airflow/.local/lib/python3.7/site-packages/airflow/example_dags/example_nested_branch_dag.py
[2022-08-09 01:40:43,618] {processor.py:641} INFO - Processing file /home/airflow/.local/lib/python3.7/site-packages/airflow/example_dags/example_nested_branch_dag.py for tasks to queue
[2022-08-09 01:40:43,619] {logging_mixin.py:115} INFO - [2022-08-09 01:40:43,619] {dagbag.py:507} INFO - Filling up the DagBag from /home/airflow/.local/lib/python3.7/site-packages/airflow/example_dags/example_nested_branch_dag.py
[2022-08-09 01:40:43,625] {processor.py:651} INFO - DAG(s) dict_keys(['example_nested_branch_dag']) retrieved from /home/airflow/.local/lib/python3.7/site-packages/airflow/example_dags/example_nested_branch_dag.py
[2022-08-09 01:40:43,640] {logging_mixin.py:115} INFO - [2022-08-09 01:40:43,640] {dag.py:2371} INFO - Sync 1 DAGs
[2022-08-09 01:40:43,655] {logging_mixin.py:115} INFO - [2022-08-09 01:40:43,655] {dag.py:2919} INFO - Setting next_dagrun for example_nested_branch_dag to 2022-08-08T00:00:00+00:00, run_after=2022-08-09T00:00:00+00:00
[2022-08-09 01:40:43,739] {processor.py:161} INFO - Processing /home/airflow/.local/lib/python3.7/site-packages/airflow/example_dags/example_nested_branch_dag.py took 0.124 seconds
[2022-08-09 01:41:14,218] {processor.py:153} INFO - Started process (PID=533) to work on /home/airflow/.local/lib/python3.7/site-packages/airflow/example_dags/example_nested_branch_dag.py
[2022-08-09 01:41:14,219] {processor.py:641} INFO - Processing file /home/airflow/.local/lib/python3.7/site-packages/airflow/example_dags/example_nested_branch_dag.py for tasks to queue
[2022-08-09 01:41:14,220] {logging_mixin.py:115} INFO - [2022-08-09 01:41:14,220] {dagbag.py:507} INFO - Filling up the DagBag from /home/airflow/.local/lib/python3.7/site-packages/airflow/example_dags/example_nested_branch_dag.py
[2022-08-09 01:41:14,227] {processor.py:651} INFO - DAG(s) dict_keys(['example_nested_branch_dag']) retrieved from /home/airflow/.local/lib/python3.7/site-packages/airflow/example_dags/example_nested_branch_dag.py
[2022-08-09 01:41:14,242] {logging_mixin.py:115} INFO - [2022-08-09 01:41:14,242] {dag.py:2371} INFO - Sync 1 DAGs
[2022-08-09 01:41:14,256] {logging_mixin.py:115} INFO - [2022-08-09 01:41:14,256] {dag.py:2919} INFO - Setting next_dagrun for example_nested_branch_dag to 2022-08-08T00:00:00+00:00, run_after=2022-08-09T00:00:00+00:00
[2022-08-09 01:41:14,346] {processor.py:161} INFO - Processing /home/airflow/.local/lib/python3.7/site-packages/airflow/example_dags/example_nested_branch_dag.py took 0.130 seconds
[2022-08-09 01:41:44,736] {processor.py:153} INFO - Started process (PID=596) to work on /home/airflow/.local/lib/python3.7/site-packages/airflow/example_dags/example_nested_branch_dag.py
[2022-08-09 01:41:44,738] {processor.py:641} INFO - Processing file /home/airflow/.local/lib/python3.7/site-packages/airflow/example_dags/example_nested_branch_dag.py for tasks to queue
[2022-08-09 01:41:44,739] {logging_mixin.py:115} INFO - [2022-08-09 01:41:44,739] {dagbag.py:507} INFO - Filling up the DagBag from /home/airflow/.local/lib/python3.7/site-packages/airflow/example_dags/example_nested_branch_dag.py
[2022-08-09 01:41:44,745] {processor.py:651} INFO - DAG(s) dict_keys(['example_nested_branch_dag']) retrieved from /home/airflow/.local/lib/python3.7/site-packages/airflow/example_dags/example_nested_branch_dag.py
[2022-08-09 01:41:44,761] {logging_mixin.py:115} INFO - [2022-08-09 01:41:44,761] {dag.py:2371} INFO - Sync 1 DAGs
[2022-08-09 01:41:44,774] {logging_mixin.py:115} INFO - [2022-08-09 01:41:44,774] {dag.py:2919} INFO - Setting next_dagrun for example_nested_branch_dag to 2022-08-08T00:00:00+00:00, run_after=2022-08-09T00:00:00+00:00
[2022-08-09 01:41:44,860] {processor.py:161} INFO - Processing /home/airflow/.local/lib/python3.7/site-packages/airflow/example_dags/example_nested_branch_dag.py took 0.126 seconds
[2022-08-09 01:42:15,382] {processor.py:153} INFO - Started process (PID=659) to work on /home/airflow/.local/lib/python3.7/site-packages/airflow/example_dags/example_nested_branch_dag.py
[2022-08-09 01:42:15,383] {processor.py:641} INFO - Processing file /home/airflow/.local/lib/python3.7/site-packages/airflow/example_dags/example_nested_branch_dag.py for tasks to queue
[2022-08-09 01:42:15,384] {logging_mixin.py:115} INFO - [2022-08-09 01:42:15,383] {dagbag.py:507} INFO - Filling up the DagBag from /home/airflow/.local/lib/python3.7/site-packages/airflow/example_dags/example_nested_branch_dag.py
[2022-08-09 01:42:15,389] {processor.py:651} INFO - DAG(s) dict_keys(['example_nested_branch_dag']) retrieved from /home/airflow/.local/lib/python3.7/site-packages/airflow/example_dags/example_nested_branch_dag.py
[2022-08-09 01:42:15,404] {logging_mixin.py:115} INFO - [2022-08-09 01:42:15,404] {dag.py:2371} INFO - Sync 1 DAGs
[2022-08-09 01:42:15,502] {logging_mixin.py:115} INFO - [2022-08-09 01:42:15,502] {dag.py:2919} INFO - Setting next_dagrun for example_nested_branch_dag to 2022-08-08T00:00:00+00:00, run_after=2022-08-09T00:00:00+00:00
[2022-08-09 01:42:15,510] {processor.py:161} INFO - Processing /home/airflow/.local/lib/python3.7/site-packages/airflow/example_dags/example_nested_branch_dag.py took 0.130 seconds
[2022-08-09 01:42:46,208] {processor.py:153} INFO - Started process (PID=722) to work on /home/airflow/.local/lib/python3.7/site-packages/airflow/example_dags/example_nested_branch_dag.py
[2022-08-09 01:42:46,209] {processor.py:641} INFO - Processing file /home/airflow/.local/lib/python3.7/site-packages/airflow/example_dags/example_nested_branch_dag.py for tasks to queue
[2022-08-09 01:42:46,210] {logging_mixin.py:115} INFO - [2022-08-09 01:42:46,210] {dagbag.py:507} INFO - Filling up the DagBag from /home/airflow/.local/lib/python3.7/site-packages/airflow/example_dags/example_nested_branch_dag.py
[2022-08-09 01:42:46,216] {processor.py:651} INFO - DAG(s) dict_keys(['example_nested_branch_dag']) retrieved from /home/airflow/.local/lib/python3.7/site-packages/airflow/example_dags/example_nested_branch_dag.py
[2022-08-09 01:42:46,231] {logging_mixin.py:115} INFO - [2022-08-09 01:42:46,231] {dag.py:2371} INFO - Sync 1 DAGs
[2022-08-09 01:42:46,323] {logging_mixin.py:115} INFO - [2022-08-09 01:42:46,323] {dag.py:2919} INFO - Setting next_dagrun for example_nested_branch_dag to 2022-08-08T00:00:00+00:00, run_after=2022-08-09T00:00:00+00:00
[2022-08-09 01:42:46,330] {processor.py:161} INFO - Processing /home/airflow/.local/lib/python3.7/site-packages/airflow/example_dags/example_nested_branch_dag.py took 0.124 seconds
[2022-08-09 01:43:17,189] {processor.py:153} INFO - Started process (PID=786) to work on /home/airflow/.local/lib/python3.7/site-packages/airflow/example_dags/example_nested_branch_dag.py
[2022-08-09 01:43:17,191] {processor.py:641} INFO - Processing file /home/airflow/.local/lib/python3.7/site-packages/airflow/example_dags/example_nested_branch_dag.py for tasks to queue
[2022-08-09 01:43:17,192] {logging_mixin.py:115} INFO - [2022-08-09 01:43:17,192] {dagbag.py:507} INFO - Filling up the DagBag from /home/airflow/.local/lib/python3.7/site-packages/airflow/example_dags/example_nested_branch_dag.py
[2022-08-09 01:43:17,199] {processor.py:651} INFO - DAG(s) dict_keys(['example_nested_branch_dag']) retrieved from /home/airflow/.local/lib/python3.7/site-packages/airflow/example_dags/example_nested_branch_dag.py
[2022-08-09 01:43:17,215] {logging_mixin.py:115} INFO - [2022-08-09 01:43:17,215] {dag.py:2371} INFO - Sync 1 DAGs
[2022-08-09 01:43:17,309] {logging_mixin.py:115} INFO - [2022-08-09 01:43:17,309] {dag.py:2919} INFO - Setting next_dagrun for example_nested_branch_dag to 2022-08-08T00:00:00+00:00, run_after=2022-08-09T00:00:00+00:00
[2022-08-09 01:43:17,317] {processor.py:161} INFO - Processing /home/airflow/.local/lib/python3.7/site-packages/airflow/example_dags/example_nested_branch_dag.py took 0.130 seconds
[2022-08-09 01:43:48,142] {processor.py:153} INFO - Started process (PID=841) to work on /home/airflow/.local/lib/python3.7/site-packages/airflow/example_dags/example_nested_branch_dag.py
[2022-08-09 01:43:48,144] {processor.py:641} INFO - Processing file /home/airflow/.local/lib/python3.7/site-packages/airflow/example_dags/example_nested_branch_dag.py for tasks to queue
[2022-08-09 01:43:48,145] {logging_mixin.py:115} INFO - [2022-08-09 01:43:48,145] {dagbag.py:507} INFO - Filling up the DagBag from /home/airflow/.local/lib/python3.7/site-packages/airflow/example_dags/example_nested_branch_dag.py
[2022-08-09 01:43:48,152] {processor.py:651} INFO - DAG(s) dict_keys(['example_nested_branch_dag']) retrieved from /home/airflow/.local/lib/python3.7/site-packages/airflow/example_dags/example_nested_branch_dag.py
[2022-08-09 01:43:48,170] {logging_mixin.py:115} INFO - [2022-08-09 01:43:48,170] {dag.py:2371} INFO - Sync 1 DAGs
[2022-08-09 01:43:48,262] {logging_mixin.py:115} INFO - [2022-08-09 01:43:48,262] {dag.py:2919} INFO - Setting next_dagrun for example_nested_branch_dag to 2022-08-08T00:00:00+00:00, run_after=2022-08-09T00:00:00+00:00
[2022-08-09 01:43:48,269] {processor.py:161} INFO - Processing /home/airflow/.local/lib/python3.7/site-packages/airflow/example_dags/example_nested_branch_dag.py took 0.130 seconds
[2022-08-09 01:44:19,130] {processor.py:153} INFO - Started process (PID=904) to work on /home/airflow/.local/lib/python3.7/site-packages/airflow/example_dags/example_nested_branch_dag.py
[2022-08-09 01:44:19,131] {processor.py:641} INFO - Processing file /home/airflow/.local/lib/python3.7/site-packages/airflow/example_dags/example_nested_branch_dag.py for tasks to queue
[2022-08-09 01:44:19,132] {logging_mixin.py:115} INFO - [2022-08-09 01:44:19,132] {dagbag.py:507} INFO - Filling up the DagBag from /home/airflow/.local/lib/python3.7/site-packages/airflow/example_dags/example_nested_branch_dag.py
[2022-08-09 01:44:19,138] {processor.py:651} INFO - DAG(s) dict_keys(['example_nested_branch_dag']) retrieved from /home/airflow/.local/lib/python3.7/site-packages/airflow/example_dags/example_nested_branch_dag.py
[2022-08-09 01:44:19,153] {logging_mixin.py:115} INFO - [2022-08-09 01:44:19,153] {dag.py:2371} INFO - Sync 1 DAGs
[2022-08-09 01:44:19,251] {logging_mixin.py:115} INFO - [2022-08-09 01:44:19,250] {dag.py:2919} INFO - Setting next_dagrun for example_nested_branch_dag to 2022-08-08T00:00:00+00:00, run_after=2022-08-09T00:00:00+00:00
[2022-08-09 01:44:19,258] {processor.py:161} INFO - Processing /home/airflow/.local/lib/python3.7/site-packages/airflow/example_dags/example_nested_branch_dag.py took 0.129 seconds
[2022-08-09 01:44:50,145] {processor.py:153} INFO - Started process (PID=968) to work on /home/airflow/.local/lib/python3.7/site-packages/airflow/example_dags/example_nested_branch_dag.py
[2022-08-09 01:44:50,146] {processor.py:641} INFO - Processing file /home/airflow/.local/lib/python3.7/site-packages/airflow/example_dags/example_nested_branch_dag.py for tasks to queue
[2022-08-09 01:44:50,147] {logging_mixin.py:115} INFO - [2022-08-09 01:44:50,147] {dagbag.py:507} INFO - Filling up the DagBag from /home/airflow/.local/lib/python3.7/site-packages/airflow/example_dags/example_nested_branch_dag.py
[2022-08-09 01:44:50,154] {processor.py:651} INFO - DAG(s) dict_keys(['example_nested_branch_dag']) retrieved from /home/airflow/.local/lib/python3.7/site-packages/airflow/example_dags/example_nested_branch_dag.py
[2022-08-09 01:44:50,170] {logging_mixin.py:115} INFO - [2022-08-09 01:44:50,170] {dag.py:2371} INFO - Sync 1 DAGs
[2022-08-09 01:44:50,262] {logging_mixin.py:115} INFO - [2022-08-09 01:44:50,262] {dag.py:2919} INFO - Setting next_dagrun for example_nested_branch_dag to 2022-08-08T00:00:00+00:00, run_after=2022-08-09T00:00:00+00:00
[2022-08-09 01:44:50,268] {processor.py:161} INFO - Processing /home/airflow/.local/lib/python3.7/site-packages/airflow/example_dags/example_nested_branch_dag.py took 0.125 seconds
[2022-08-09 01:45:21,050] {processor.py:153} INFO - Started process (PID=1031) to work on /home/airflow/.local/lib/python3.7/site-packages/airflow/example_dags/example_nested_branch_dag.py
[2022-08-09 01:45:21,051] {processor.py:641} INFO - Processing file /home/airflow/.local/lib/python3.7/site-packages/airflow/example_dags/example_nested_branch_dag.py for tasks to queue
[2022-08-09 01:45:21,052] {logging_mixin.py:115} INFO - [2022-08-09 01:45:21,052] {dagbag.py:507} INFO - Filling up the DagBag from /home/airflow/.local/lib/python3.7/site-packages/airflow/example_dags/example_nested_branch_dag.py
[2022-08-09 01:45:21,058] {processor.py:651} INFO - DAG(s) dict_keys(['example_nested_branch_dag']) retrieved from /home/airflow/.local/lib/python3.7/site-packages/airflow/example_dags/example_nested_branch_dag.py
[2022-08-09 01:45:21,072] {logging_mixin.py:115} INFO - [2022-08-09 01:45:21,072] {dag.py:2371} INFO - Sync 1 DAGs
[2022-08-09 01:45:21,160] {logging_mixin.py:115} INFO - [2022-08-09 01:45:21,160] {dag.py:2919} INFO - Setting next_dagrun for example_nested_branch_dag to 2022-08-08T00:00:00+00:00, run_after=2022-08-09T00:00:00+00:00
[2022-08-09 01:45:21,167] {processor.py:161} INFO - Processing /home/airflow/.local/lib/python3.7/site-packages/airflow/example_dags/example_nested_branch_dag.py took 0.119 seconds
[2022-08-09 01:45:51,294] {processor.py:153} INFO - Started process (PID=1094) to work on /home/airflow/.local/lib/python3.7/site-packages/airflow/example_dags/example_nested_branch_dag.py
[2022-08-09 01:45:51,296] {processor.py:641} INFO - Processing file /home/airflow/.local/lib/python3.7/site-packages/airflow/example_dags/example_nested_branch_dag.py for tasks to queue
[2022-08-09 01:45:51,297] {logging_mixin.py:115} INFO - [2022-08-09 01:45:51,297] {dagbag.py:507} INFO - Filling up the DagBag from /home/airflow/.local/lib/python3.7/site-packages/airflow/example_dags/example_nested_branch_dag.py
[2022-08-09 01:45:51,303] {processor.py:651} INFO - DAG(s) dict_keys(['example_nested_branch_dag']) retrieved from /home/airflow/.local/lib/python3.7/site-packages/airflow/example_dags/example_nested_branch_dag.py
[2022-08-09 01:45:51,319] {logging_mixin.py:115} INFO - [2022-08-09 01:45:51,319] {dag.py:2371} INFO - Sync 1 DAGs
[2022-08-09 01:45:51,407] {logging_mixin.py:115} INFO - [2022-08-09 01:45:51,406] {dag.py:2919} INFO - Setting next_dagrun for example_nested_branch_dag to 2022-08-08T00:00:00+00:00, run_after=2022-08-09T00:00:00+00:00
[2022-08-09 01:45:51,414] {processor.py:161} INFO - Processing /home/airflow/.local/lib/python3.7/site-packages/airflow/example_dags/example_nested_branch_dag.py took 0.121 seconds
[2022-08-09 01:46:22,402] {processor.py:153} INFO - Started process (PID=1158) to work on /home/airflow/.local/lib/python3.7/site-packages/airflow/example_dags/example_nested_branch_dag.py
[2022-08-09 01:46:22,403] {processor.py:641} INFO - Processing file /home/airflow/.local/lib/python3.7/site-packages/airflow/example_dags/example_nested_branch_dag.py for tasks to queue
[2022-08-09 01:46:22,404] {logging_mixin.py:115} INFO - [2022-08-09 01:46:22,404] {dagbag.py:507} INFO - Filling up the DagBag from /home/airflow/.local/lib/python3.7/site-packages/airflow/example_dags/example_nested_branch_dag.py
[2022-08-09 01:46:22,410] {processor.py:651} INFO - DAG(s) dict_keys(['example_nested_branch_dag']) retrieved from /home/airflow/.local/lib/python3.7/site-packages/airflow/example_dags/example_nested_branch_dag.py
[2022-08-09 01:46:22,427] {logging_mixin.py:115} INFO - [2022-08-09 01:46:22,427] {dag.py:2371} INFO - Sync 1 DAGs
[2022-08-09 01:46:22,524] {logging_mixin.py:115} INFO - [2022-08-09 01:46:22,524] {dag.py:2919} INFO - Setting next_dagrun for example_nested_branch_dag to 2022-08-08T00:00:00+00:00, run_after=2022-08-09T00:00:00+00:00
[2022-08-09 01:46:22,532] {processor.py:161} INFO - Processing /home/airflow/.local/lib/python3.7/site-packages/airflow/example_dags/example_nested_branch_dag.py took 0.132 seconds
[2022-08-09 01:46:53,035] {processor.py:153} INFO - Started process (PID=1222) to work on /home/airflow/.local/lib/python3.7/site-packages/airflow/example_dags/example_nested_branch_dag.py
[2022-08-09 01:46:53,037] {processor.py:641} INFO - Processing file /home/airflow/.local/lib/python3.7/site-packages/airflow/example_dags/example_nested_branch_dag.py for tasks to queue
[2022-08-09 01:46:53,038] {logging_mixin.py:115} INFO - [2022-08-09 01:46:53,038] {dagbag.py:507} INFO - Filling up the DagBag from /home/airflow/.local/lib/python3.7/site-packages/airflow/example_dags/example_nested_branch_dag.py
[2022-08-09 01:46:53,044] {processor.py:651} INFO - DAG(s) dict_keys(['example_nested_branch_dag']) retrieved from /home/airflow/.local/lib/python3.7/site-packages/airflow/example_dags/example_nested_branch_dag.py
[2022-08-09 01:46:53,059] {logging_mixin.py:115} INFO - [2022-08-09 01:46:53,059] {dag.py:2371} INFO - Sync 1 DAGs
[2022-08-09 01:46:53,158] {logging_mixin.py:115} INFO - [2022-08-09 01:46:53,158] {dag.py:2919} INFO - Setting next_dagrun for example_nested_branch_dag to 2022-08-08T00:00:00+00:00, run_after=2022-08-09T00:00:00+00:00
[2022-08-09 01:46:53,164] {processor.py:161} INFO - Processing /home/airflow/.local/lib/python3.7/site-packages/airflow/example_dags/example_nested_branch_dag.py took 0.130 seconds
[2022-08-09 01:47:23,949] {processor.py:153} INFO - Started process (PID=1286) to work on /home/airflow/.local/lib/python3.7/site-packages/airflow/example_dags/example_nested_branch_dag.py
[2022-08-09 01:47:23,949] {processor.py:641} INFO - Processing file /home/airflow/.local/lib/python3.7/site-packages/airflow/example_dags/example_nested_branch_dag.py for tasks to queue
[2022-08-09 01:47:23,950] {logging_mixin.py:115} INFO - [2022-08-09 01:47:23,950] {dagbag.py:507} INFO - Filling up the DagBag from /home/airflow/.local/lib/python3.7/site-packages/airflow/example_dags/example_nested_branch_dag.py
[2022-08-09 01:47:23,956] {processor.py:651} INFO - DAG(s) dict_keys(['example_nested_branch_dag']) retrieved from /home/airflow/.local/lib/python3.7/site-packages/airflow/example_dags/example_nested_branch_dag.py
[2022-08-09 01:47:23,973] {logging_mixin.py:115} INFO - [2022-08-09 01:47:23,972] {dag.py:2371} INFO - Sync 1 DAGs
[2022-08-09 01:47:24,072] {logging_mixin.py:115} INFO - [2022-08-09 01:47:24,072] {dag.py:2919} INFO - Setting next_dagrun for example_nested_branch_dag to 2022-08-08T00:00:00+00:00, run_after=2022-08-09T00:00:00+00:00
[2022-08-09 01:47:24,079] {processor.py:161} INFO - Processing /home/airflow/.local/lib/python3.7/site-packages/airflow/example_dags/example_nested_branch_dag.py took 0.133 seconds
[2022-08-09 01:47:54,770] {processor.py:153} INFO - Started process (PID=1340) to work on /home/airflow/.local/lib/python3.7/site-packages/airflow/example_dags/example_nested_branch_dag.py
[2022-08-09 01:47:54,771] {processor.py:641} INFO - Processing file /home/airflow/.local/lib/python3.7/site-packages/airflow/example_dags/example_nested_branch_dag.py for tasks to queue
[2022-08-09 01:47:54,772] {logging_mixin.py:115} INFO - [2022-08-09 01:47:54,772] {dagbag.py:507} INFO - Filling up the DagBag from /home/airflow/.local/lib/python3.7/site-packages/airflow/example_dags/example_nested_branch_dag.py
[2022-08-09 01:47:54,777] {processor.py:651} INFO - DAG(s) dict_keys(['example_nested_branch_dag']) retrieved from /home/airflow/.local/lib/python3.7/site-packages/airflow/example_dags/example_nested_branch_dag.py
[2022-08-09 01:47:54,794] {logging_mixin.py:115} INFO - [2022-08-09 01:47:54,794] {dag.py:2371} INFO - Sync 1 DAGs
[2022-08-09 01:47:54,884] {logging_mixin.py:115} INFO - [2022-08-09 01:47:54,884] {dag.py:2919} INFO - Setting next_dagrun for example_nested_branch_dag to 2022-08-08T00:00:00+00:00, run_after=2022-08-09T00:00:00+00:00
[2022-08-09 01:47:54,890] {processor.py:161} INFO - Processing /home/airflow/.local/lib/python3.7/site-packages/airflow/example_dags/example_nested_branch_dag.py took 0.122 seconds
[2022-08-09 01:48:25,603] {processor.py:153} INFO - Started process (PID=1403) to work on /home/airflow/.local/lib/python3.7/site-packages/airflow/example_dags/example_nested_branch_dag.py
[2022-08-09 01:48:25,605] {processor.py:641} INFO - Processing file /home/airflow/.local/lib/python3.7/site-packages/airflow/example_dags/example_nested_branch_dag.py for tasks to queue
[2022-08-09 01:48:25,606] {logging_mixin.py:115} INFO - [2022-08-09 01:48:25,606] {dagbag.py:507} INFO - Filling up the DagBag from /home/airflow/.local/lib/python3.7/site-packages/airflow/example_dags/example_nested_branch_dag.py
[2022-08-09 01:48:25,612] {processor.py:651} INFO - DAG(s) dict_keys(['example_nested_branch_dag']) retrieved from /home/airflow/.local/lib/python3.7/site-packages/airflow/example_dags/example_nested_branch_dag.py
[2022-08-09 01:48:25,628] {logging_mixin.py:115} INFO - [2022-08-09 01:48:25,627] {dag.py:2371} INFO - Sync 1 DAGs
[2022-08-09 01:48:25,728] {logging_mixin.py:115} INFO - [2022-08-09 01:48:25,728] {dag.py:2919} INFO - Setting next_dagrun for example_nested_branch_dag to 2022-08-08T00:00:00+00:00, run_after=2022-08-09T00:00:00+00:00
[2022-08-09 01:48:25,737] {processor.py:161} INFO - Processing /home/airflow/.local/lib/python3.7/site-packages/airflow/example_dags/example_nested_branch_dag.py took 0.136 seconds
[2022-08-09 01:48:56,512] {processor.py:153} INFO - Started process (PID=1466) to work on /home/airflow/.local/lib/python3.7/site-packages/airflow/example_dags/example_nested_branch_dag.py
[2022-08-09 01:48:56,514] {processor.py:641} INFO - Processing file /home/airflow/.local/lib/python3.7/site-packages/airflow/example_dags/example_nested_branch_dag.py for tasks to queue
[2022-08-09 01:48:56,515] {logging_mixin.py:115} INFO - [2022-08-09 01:48:56,515] {dagbag.py:507} INFO - Filling up the DagBag from /home/airflow/.local/lib/python3.7/site-packages/airflow/example_dags/example_nested_branch_dag.py
[2022-08-09 01:48:56,521] {processor.py:651} INFO - DAG(s) dict_keys(['example_nested_branch_dag']) retrieved from /home/airflow/.local/lib/python3.7/site-packages/airflow/example_dags/example_nested_branch_dag.py
[2022-08-09 01:48:56,543] {logging_mixin.py:115} INFO - [2022-08-09 01:48:56,543] {dag.py:2371} INFO - Sync 1 DAGs
[2022-08-09 01:48:56,656] {logging_mixin.py:115} INFO - [2022-08-09 01:48:56,656] {dag.py:2919} INFO - Setting next_dagrun for example_nested_branch_dag to 2022-08-08T00:00:00+00:00, run_after=2022-08-09T00:00:00+00:00
[2022-08-09 01:48:56,665] {processor.py:161} INFO - Processing /home/airflow/.local/lib/python3.7/site-packages/airflow/example_dags/example_nested_branch_dag.py took 0.155 seconds
[2022-08-09 01:49:27,415] {processor.py:153} INFO - Started process (PID=1529) to work on /home/airflow/.local/lib/python3.7/site-packages/airflow/example_dags/example_nested_branch_dag.py
[2022-08-09 01:49:27,416] {processor.py:641} INFO - Processing file /home/airflow/.local/lib/python3.7/site-packages/airflow/example_dags/example_nested_branch_dag.py for tasks to queue
[2022-08-09 01:49:27,417] {logging_mixin.py:115} INFO - [2022-08-09 01:49:27,417] {dagbag.py:507} INFO - Filling up the DagBag from /home/airflow/.local/lib/python3.7/site-packages/airflow/example_dags/example_nested_branch_dag.py
[2022-08-09 01:49:27,423] {processor.py:651} INFO - DAG(s) dict_keys(['example_nested_branch_dag']) retrieved from /home/airflow/.local/lib/python3.7/site-packages/airflow/example_dags/example_nested_branch_dag.py
[2022-08-09 01:49:27,441] {logging_mixin.py:115} INFO - [2022-08-09 01:49:27,441] {dag.py:2371} INFO - Sync 1 DAGs
[2022-08-09 01:49:27,544] {logging_mixin.py:115} INFO - [2022-08-09 01:49:27,544] {dag.py:2919} INFO - Setting next_dagrun for example_nested_branch_dag to 2022-08-08T00:00:00+00:00, run_after=2022-08-09T00:00:00+00:00
[2022-08-09 01:49:27,554] {processor.py:161} INFO - Processing /home/airflow/.local/lib/python3.7/site-packages/airflow/example_dags/example_nested_branch_dag.py took 0.140 seconds
[2022-08-09 01:49:58,384] {processor.py:153} INFO - Started process (PID=1592) to work on /home/airflow/.local/lib/python3.7/site-packages/airflow/example_dags/example_nested_branch_dag.py
[2022-08-09 01:49:58,386] {processor.py:641} INFO - Processing file /home/airflow/.local/lib/python3.7/site-packages/airflow/example_dags/example_nested_branch_dag.py for tasks to queue
[2022-08-09 01:49:58,387] {logging_mixin.py:115} INFO - [2022-08-09 01:49:58,386] {dagbag.py:507} INFO - Filling up the DagBag from /home/airflow/.local/lib/python3.7/site-packages/airflow/example_dags/example_nested_branch_dag.py
[2022-08-09 01:49:58,392] {processor.py:651} INFO - DAG(s) dict_keys(['example_nested_branch_dag']) retrieved from /home/airflow/.local/lib/python3.7/site-packages/airflow/example_dags/example_nested_branch_dag.py
[2022-08-09 01:49:58,410] {logging_mixin.py:115} INFO - [2022-08-09 01:49:58,410] {dag.py:2371} INFO - Sync 1 DAGs
[2022-08-09 01:49:58,501] {logging_mixin.py:115} INFO - [2022-08-09 01:49:58,501] {dag.py:2919} INFO - Setting next_dagrun for example_nested_branch_dag to 2022-08-08T00:00:00+00:00, run_after=2022-08-09T00:00:00+00:00
[2022-08-09 01:49:58,508] {processor.py:161} INFO - Processing /home/airflow/.local/lib/python3.7/site-packages/airflow/example_dags/example_nested_branch_dag.py took 0.126 seconds
