[2022-08-09 01:37:13,737] {processor.py:153} INFO - Started process (PID=69) to work on /home/airflow/.local/lib/python3.7/site-packages/airflow/example_dags/example_complex.py
[2022-08-09 01:37:13,740] {processor.py:641} INFO - Processing file /home/airflow/.local/lib/python3.7/site-packages/airflow/example_dags/example_complex.py for tasks to queue
[2022-08-09 01:37:13,741] {logging_mixin.py:115} INFO - [2022-08-09 01:37:13,741] {dagbag.py:507} INFO - Filling up the DagBag from /home/airflow/.local/lib/python3.7/site-packages/airflow/example_dags/example_complex.py
[2022-08-09 01:37:13,750] {processor.py:651} INFO - DAG(s) dict_keys(['example_complex']) retrieved from /home/airflow/.local/lib/python3.7/site-packages/airflow/example_dags/example_complex.py
[2022-08-09 01:37:13,780] {logging_mixin.py:115} INFO - [2022-08-09 01:37:13,780] {dag.py:2371} INFO - Sync 1 DAGs
[2022-08-09 01:37:13,804] {logging_mixin.py:115} INFO - [2022-08-09 01:37:13,804] {dag.py:2919} INFO - Setting next_dagrun for example_complex to None, run_after=None
[2022-08-09 01:37:14,038] {processor.py:161} INFO - Processing /home/airflow/.local/lib/python3.7/site-packages/airflow/example_dags/example_complex.py took 0.303 seconds
[2022-08-09 01:37:44,894] {processor.py:153} INFO - Started process (PID=123) to work on /home/airflow/.local/lib/python3.7/site-packages/airflow/example_dags/example_complex.py
[2022-08-09 01:37:44,897] {processor.py:641} INFO - Processing file /home/airflow/.local/lib/python3.7/site-packages/airflow/example_dags/example_complex.py for tasks to queue
[2022-08-09 01:37:44,899] {logging_mixin.py:115} INFO - [2022-08-09 01:37:44,899] {dagbag.py:507} INFO - Filling up the DagBag from /home/airflow/.local/lib/python3.7/site-packages/airflow/example_dags/example_complex.py
[2022-08-09 01:37:44,918] {processor.py:651} INFO - DAG(s) dict_keys(['example_complex']) retrieved from /home/airflow/.local/lib/python3.7/site-packages/airflow/example_dags/example_complex.py
[2022-08-09 01:37:44,941] {logging_mixin.py:115} INFO - [2022-08-09 01:37:44,941] {dag.py:2371} INFO - Sync 1 DAGs
[2022-08-09 01:37:44,954] {logging_mixin.py:115} INFO - [2022-08-09 01:37:44,954] {dag.py:2919} INFO - Setting next_dagrun for example_complex to None, run_after=None
[2022-08-09 01:37:45,038] {processor.py:161} INFO - Processing /home/airflow/.local/lib/python3.7/site-packages/airflow/example_dags/example_complex.py took 0.150 seconds
[2022-08-09 01:38:15,555] {processor.py:153} INFO - Started process (PID=186) to work on /home/airflow/.local/lib/python3.7/site-packages/airflow/example_dags/example_complex.py
[2022-08-09 01:38:15,558] {processor.py:641} INFO - Processing file /home/airflow/.local/lib/python3.7/site-packages/airflow/example_dags/example_complex.py for tasks to queue
[2022-08-09 01:38:15,561] {logging_mixin.py:115} INFO - [2022-08-09 01:38:15,560] {dagbag.py:507} INFO - Filling up the DagBag from /home/airflow/.local/lib/python3.7/site-packages/airflow/example_dags/example_complex.py
[2022-08-09 01:38:15,578] {processor.py:651} INFO - DAG(s) dict_keys(['example_complex']) retrieved from /home/airflow/.local/lib/python3.7/site-packages/airflow/example_dags/example_complex.py
[2022-08-09 01:38:15,602] {logging_mixin.py:115} INFO - [2022-08-09 01:38:15,602] {dag.py:2371} INFO - Sync 1 DAGs
[2022-08-09 01:38:15,616] {logging_mixin.py:115} INFO - [2022-08-09 01:38:15,616] {dag.py:2919} INFO - Setting next_dagrun for example_complex to None, run_after=None
[2022-08-09 01:38:15,693] {processor.py:161} INFO - Processing /home/airflow/.local/lib/python3.7/site-packages/airflow/example_dags/example_complex.py took 0.144 seconds
[2022-08-09 01:38:46,056] {processor.py:153} INFO - Started process (PID=249) to work on /home/airflow/.local/lib/python3.7/site-packages/airflow/example_dags/example_complex.py
[2022-08-09 01:38:46,059] {processor.py:641} INFO - Processing file /home/airflow/.local/lib/python3.7/site-packages/airflow/example_dags/example_complex.py for tasks to queue
[2022-08-09 01:38:46,061] {logging_mixin.py:115} INFO - [2022-08-09 01:38:46,061] {dagbag.py:507} INFO - Filling up the DagBag from /home/airflow/.local/lib/python3.7/site-packages/airflow/example_dags/example_complex.py
[2022-08-09 01:38:46,075] {processor.py:651} INFO - DAG(s) dict_keys(['example_complex']) retrieved from /home/airflow/.local/lib/python3.7/site-packages/airflow/example_dags/example_complex.py
[2022-08-09 01:38:46,097] {logging_mixin.py:115} INFO - [2022-08-09 01:38:46,097] {dag.py:2371} INFO - Sync 1 DAGs
[2022-08-09 01:38:46,110] {logging_mixin.py:115} INFO - [2022-08-09 01:38:46,110] {dag.py:2919} INFO - Setting next_dagrun for example_complex to None, run_after=None
[2022-08-09 01:38:46,193] {processor.py:161} INFO - Processing /home/airflow/.local/lib/python3.7/site-packages/airflow/example_dags/example_complex.py took 0.146 seconds
[2022-08-09 01:39:16,536] {processor.py:153} INFO - Started process (PID=312) to work on /home/airflow/.local/lib/python3.7/site-packages/airflow/example_dags/example_complex.py
[2022-08-09 01:39:16,538] {processor.py:641} INFO - Processing file /home/airflow/.local/lib/python3.7/site-packages/airflow/example_dags/example_complex.py for tasks to queue
[2022-08-09 01:39:16,540] {logging_mixin.py:115} INFO - [2022-08-09 01:39:16,540] {dagbag.py:507} INFO - Filling up the DagBag from /home/airflow/.local/lib/python3.7/site-packages/airflow/example_dags/example_complex.py
[2022-08-09 01:39:16,552] {processor.py:651} INFO - DAG(s) dict_keys(['example_complex']) retrieved from /home/airflow/.local/lib/python3.7/site-packages/airflow/example_dags/example_complex.py
[2022-08-09 01:39:16,572] {logging_mixin.py:115} INFO - [2022-08-09 01:39:16,572] {dag.py:2371} INFO - Sync 1 DAGs
[2022-08-09 01:39:16,585] {logging_mixin.py:115} INFO - [2022-08-09 01:39:16,585] {dag.py:2919} INFO - Setting next_dagrun for example_complex to None, run_after=None
[2022-08-09 01:39:16,662] {processor.py:161} INFO - Processing /home/airflow/.local/lib/python3.7/site-packages/airflow/example_dags/example_complex.py took 0.131 seconds
[2022-08-09 01:39:47,168] {processor.py:153} INFO - Started process (PID=375) to work on /home/airflow/.local/lib/python3.7/site-packages/airflow/example_dags/example_complex.py
[2022-08-09 01:39:47,171] {processor.py:641} INFO - Processing file /home/airflow/.local/lib/python3.7/site-packages/airflow/example_dags/example_complex.py for tasks to queue
[2022-08-09 01:39:47,174] {logging_mixin.py:115} INFO - [2022-08-09 01:39:47,174] {dagbag.py:507} INFO - Filling up the DagBag from /home/airflow/.local/lib/python3.7/site-packages/airflow/example_dags/example_complex.py
[2022-08-09 01:39:47,188] {processor.py:651} INFO - DAG(s) dict_keys(['example_complex']) retrieved from /home/airflow/.local/lib/python3.7/site-packages/airflow/example_dags/example_complex.py
[2022-08-09 01:39:47,211] {logging_mixin.py:115} INFO - [2022-08-09 01:39:47,211] {dag.py:2371} INFO - Sync 1 DAGs
[2022-08-09 01:39:47,225] {logging_mixin.py:115} INFO - [2022-08-09 01:39:47,225] {dag.py:2919} INFO - Setting next_dagrun for example_complex to None, run_after=None
[2022-08-09 01:39:47,305] {processor.py:161} INFO - Processing /home/airflow/.local/lib/python3.7/site-packages/airflow/example_dags/example_complex.py took 0.146 seconds
[2022-08-09 01:40:17,655] {processor.py:153} INFO - Started process (PID=438) to work on /home/airflow/.local/lib/python3.7/site-packages/airflow/example_dags/example_complex.py
[2022-08-09 01:40:17,657] {processor.py:641} INFO - Processing file /home/airflow/.local/lib/python3.7/site-packages/airflow/example_dags/example_complex.py for tasks to queue
[2022-08-09 01:40:17,658] {logging_mixin.py:115} INFO - [2022-08-09 01:40:17,658] {dagbag.py:507} INFO - Filling up the DagBag from /home/airflow/.local/lib/python3.7/site-packages/airflow/example_dags/example_complex.py
[2022-08-09 01:40:17,668] {processor.py:651} INFO - DAG(s) dict_keys(['example_complex']) retrieved from /home/airflow/.local/lib/python3.7/site-packages/airflow/example_dags/example_complex.py
[2022-08-09 01:40:17,684] {logging_mixin.py:115} INFO - [2022-08-09 01:40:17,684] {dag.py:2371} INFO - Sync 1 DAGs
[2022-08-09 01:40:17,697] {logging_mixin.py:115} INFO - [2022-08-09 01:40:17,697] {dag.py:2919} INFO - Setting next_dagrun for example_complex to None, run_after=None
[2022-08-09 01:40:17,818] {processor.py:161} INFO - Processing /home/airflow/.local/lib/python3.7/site-packages/airflow/example_dags/example_complex.py took 0.165 seconds
[2022-08-09 01:40:48,161] {processor.py:153} INFO - Started process (PID=501) to work on /home/airflow/.local/lib/python3.7/site-packages/airflow/example_dags/example_complex.py
[2022-08-09 01:40:48,164] {processor.py:641} INFO - Processing file /home/airflow/.local/lib/python3.7/site-packages/airflow/example_dags/example_complex.py for tasks to queue
[2022-08-09 01:40:48,166] {logging_mixin.py:115} INFO - [2022-08-09 01:40:48,165] {dagbag.py:507} INFO - Filling up the DagBag from /home/airflow/.local/lib/python3.7/site-packages/airflow/example_dags/example_complex.py
[2022-08-09 01:40:48,180] {processor.py:651} INFO - DAG(s) dict_keys(['example_complex']) retrieved from /home/airflow/.local/lib/python3.7/site-packages/airflow/example_dags/example_complex.py
[2022-08-09 01:40:48,204] {logging_mixin.py:115} INFO - [2022-08-09 01:40:48,204] {dag.py:2371} INFO - Sync 1 DAGs
[2022-08-09 01:40:48,217] {logging_mixin.py:115} INFO - [2022-08-09 01:40:48,217] {dag.py:2919} INFO - Setting next_dagrun for example_complex to None, run_after=None
[2022-08-09 01:40:48,295] {processor.py:161} INFO - Processing /home/airflow/.local/lib/python3.7/site-packages/airflow/example_dags/example_complex.py took 0.138 seconds
[2022-08-09 01:41:18,755] {processor.py:153} INFO - Started process (PID=555) to work on /home/airflow/.local/lib/python3.7/site-packages/airflow/example_dags/example_complex.py
[2022-08-09 01:41:18,757] {processor.py:641} INFO - Processing file /home/airflow/.local/lib/python3.7/site-packages/airflow/example_dags/example_complex.py for tasks to queue
[2022-08-09 01:41:18,758] {logging_mixin.py:115} INFO - [2022-08-09 01:41:18,758] {dagbag.py:507} INFO - Filling up the DagBag from /home/airflow/.local/lib/python3.7/site-packages/airflow/example_dags/example_complex.py
[2022-08-09 01:41:18,766] {processor.py:651} INFO - DAG(s) dict_keys(['example_complex']) retrieved from /home/airflow/.local/lib/python3.7/site-packages/airflow/example_dags/example_complex.py
[2022-08-09 01:41:18,783] {logging_mixin.py:115} INFO - [2022-08-09 01:41:18,783] {dag.py:2371} INFO - Sync 1 DAGs
[2022-08-09 01:41:18,797] {logging_mixin.py:115} INFO - [2022-08-09 01:41:18,797] {dag.py:2919} INFO - Setting next_dagrun for example_complex to None, run_after=None
[2022-08-09 01:41:18,875] {processor.py:161} INFO - Processing /home/airflow/.local/lib/python3.7/site-packages/airflow/example_dags/example_complex.py took 0.123 seconds
[2022-08-09 01:41:49,282] {processor.py:153} INFO - Started process (PID=618) to work on /home/airflow/.local/lib/python3.7/site-packages/airflow/example_dags/example_complex.py
[2022-08-09 01:41:49,286] {processor.py:641} INFO - Processing file /home/airflow/.local/lib/python3.7/site-packages/airflow/example_dags/example_complex.py for tasks to queue
[2022-08-09 01:41:49,288] {logging_mixin.py:115} INFO - [2022-08-09 01:41:49,288] {dagbag.py:507} INFO - Filling up the DagBag from /home/airflow/.local/lib/python3.7/site-packages/airflow/example_dags/example_complex.py
[2022-08-09 01:41:49,303] {processor.py:651} INFO - DAG(s) dict_keys(['example_complex']) retrieved from /home/airflow/.local/lib/python3.7/site-packages/airflow/example_dags/example_complex.py
[2022-08-09 01:41:49,325] {logging_mixin.py:115} INFO - [2022-08-09 01:41:49,325] {dag.py:2371} INFO - Sync 1 DAGs
[2022-08-09 01:41:49,338] {logging_mixin.py:115} INFO - [2022-08-09 01:41:49,338] {dag.py:2919} INFO - Setting next_dagrun for example_complex to None, run_after=None
[2022-08-09 01:41:49,418] {processor.py:161} INFO - Processing /home/airflow/.local/lib/python3.7/site-packages/airflow/example_dags/example_complex.py took 0.141 seconds
[2022-08-09 01:42:20,130] {processor.py:153} INFO - Started process (PID=681) to work on /home/airflow/.local/lib/python3.7/site-packages/airflow/example_dags/example_complex.py
[2022-08-09 01:42:20,133] {processor.py:641} INFO - Processing file /home/airflow/.local/lib/python3.7/site-packages/airflow/example_dags/example_complex.py for tasks to queue
[2022-08-09 01:42:20,135] {logging_mixin.py:115} INFO - [2022-08-09 01:42:20,135] {dagbag.py:507} INFO - Filling up the DagBag from /home/airflow/.local/lib/python3.7/site-packages/airflow/example_dags/example_complex.py
[2022-08-09 01:42:20,150] {processor.py:651} INFO - DAG(s) dict_keys(['example_complex']) retrieved from /home/airflow/.local/lib/python3.7/site-packages/airflow/example_dags/example_complex.py
[2022-08-09 01:42:20,173] {logging_mixin.py:115} INFO - [2022-08-09 01:42:20,173] {dag.py:2371} INFO - Sync 1 DAGs
[2022-08-09 01:42:20,257] {logging_mixin.py:115} INFO - [2022-08-09 01:42:20,257] {dag.py:2919} INFO - Setting next_dagrun for example_complex to None, run_after=None
[2022-08-09 01:42:20,263] {processor.py:161} INFO - Processing /home/airflow/.local/lib/python3.7/site-packages/airflow/example_dags/example_complex.py took 0.138 seconds
[2022-08-09 01:42:51,068] {processor.py:153} INFO - Started process (PID=744) to work on /home/airflow/.local/lib/python3.7/site-packages/airflow/example_dags/example_complex.py
[2022-08-09 01:42:51,071] {processor.py:641} INFO - Processing file /home/airflow/.local/lib/python3.7/site-packages/airflow/example_dags/example_complex.py for tasks to queue
[2022-08-09 01:42:51,073] {logging_mixin.py:115} INFO - [2022-08-09 01:42:51,073] {dagbag.py:507} INFO - Filling up the DagBag from /home/airflow/.local/lib/python3.7/site-packages/airflow/example_dags/example_complex.py
[2022-08-09 01:42:51,089] {processor.py:651} INFO - DAG(s) dict_keys(['example_complex']) retrieved from /home/airflow/.local/lib/python3.7/site-packages/airflow/example_dags/example_complex.py
[2022-08-09 01:42:51,111] {logging_mixin.py:115} INFO - [2022-08-09 01:42:51,111] {dag.py:2371} INFO - Sync 1 DAGs
[2022-08-09 01:42:51,195] {logging_mixin.py:115} INFO - [2022-08-09 01:42:51,194] {dag.py:2919} INFO - Setting next_dagrun for example_complex to None, run_after=None
[2022-08-09 01:42:51,202] {processor.py:161} INFO - Processing /home/airflow/.local/lib/python3.7/site-packages/airflow/example_dags/example_complex.py took 0.142 seconds
[2022-08-09 01:43:21,967] {processor.py:153} INFO - Started process (PID=808) to work on /home/airflow/.local/lib/python3.7/site-packages/airflow/example_dags/example_complex.py
[2022-08-09 01:43:21,967] {processor.py:641} INFO - Processing file /home/airflow/.local/lib/python3.7/site-packages/airflow/example_dags/example_complex.py for tasks to queue
[2022-08-09 01:43:21,968] {logging_mixin.py:115} INFO - [2022-08-09 01:43:21,968] {dagbag.py:507} INFO - Filling up the DagBag from /home/airflow/.local/lib/python3.7/site-packages/airflow/example_dags/example_complex.py
[2022-08-09 01:43:21,977] {processor.py:651} INFO - DAG(s) dict_keys(['example_complex']) retrieved from /home/airflow/.local/lib/python3.7/site-packages/airflow/example_dags/example_complex.py
[2022-08-09 01:43:21,999] {logging_mixin.py:115} INFO - [2022-08-09 01:43:21,999] {dag.py:2371} INFO - Sync 1 DAGs
[2022-08-09 01:43:22,086] {logging_mixin.py:115} INFO - [2022-08-09 01:43:22,086] {dag.py:2919} INFO - Setting next_dagrun for example_complex to None, run_after=None
[2022-08-09 01:43:22,093] {processor.py:161} INFO - Processing /home/airflow/.local/lib/python3.7/site-packages/airflow/example_dags/example_complex.py took 0.129 seconds
[2022-08-09 01:43:52,956] {processor.py:153} INFO - Started process (PID=872) to work on /home/airflow/.local/lib/python3.7/site-packages/airflow/example_dags/example_complex.py
[2022-08-09 01:43:52,960] {processor.py:641} INFO - Processing file /home/airflow/.local/lib/python3.7/site-packages/airflow/example_dags/example_complex.py for tasks to queue
[2022-08-09 01:43:52,962] {logging_mixin.py:115} INFO - [2022-08-09 01:43:52,961] {dagbag.py:507} INFO - Filling up the DagBag from /home/airflow/.local/lib/python3.7/site-packages/airflow/example_dags/example_complex.py
[2022-08-09 01:43:52,976] {processor.py:651} INFO - DAG(s) dict_keys(['example_complex']) retrieved from /home/airflow/.local/lib/python3.7/site-packages/airflow/example_dags/example_complex.py
[2022-08-09 01:43:52,998] {logging_mixin.py:115} INFO - [2022-08-09 01:43:52,998] {dag.py:2371} INFO - Sync 1 DAGs
[2022-08-09 01:43:53,088] {logging_mixin.py:115} INFO - [2022-08-09 01:43:53,088] {dag.py:2919} INFO - Setting next_dagrun for example_complex to None, run_after=None
[2022-08-09 01:43:53,094] {processor.py:161} INFO - Processing /home/airflow/.local/lib/python3.7/site-packages/airflow/example_dags/example_complex.py took 0.147 seconds
[2022-08-09 01:44:24,038] {processor.py:153} INFO - Started process (PID=935) to work on /home/airflow/.local/lib/python3.7/site-packages/airflow/example_dags/example_complex.py
[2022-08-09 01:44:24,042] {processor.py:641} INFO - Processing file /home/airflow/.local/lib/python3.7/site-packages/airflow/example_dags/example_complex.py for tasks to queue
[2022-08-09 01:44:24,044] {logging_mixin.py:115} INFO - [2022-08-09 01:44:24,044] {dagbag.py:507} INFO - Filling up the DagBag from /home/airflow/.local/lib/python3.7/site-packages/airflow/example_dags/example_complex.py
[2022-08-09 01:44:24,060] {processor.py:651} INFO - DAG(s) dict_keys(['example_complex']) retrieved from /home/airflow/.local/lib/python3.7/site-packages/airflow/example_dags/example_complex.py
[2022-08-09 01:44:24,084] {logging_mixin.py:115} INFO - [2022-08-09 01:44:24,084] {dag.py:2371} INFO - Sync 1 DAGs
[2022-08-09 01:44:24,166] {logging_mixin.py:115} INFO - [2022-08-09 01:44:24,166] {dag.py:2919} INFO - Setting next_dagrun for example_complex to None, run_after=None
[2022-08-09 01:44:24,173] {processor.py:161} INFO - Processing /home/airflow/.local/lib/python3.7/site-packages/airflow/example_dags/example_complex.py took 0.141 seconds
[2022-08-09 01:44:54,917] {processor.py:153} INFO - Started process (PID=999) to work on /home/airflow/.local/lib/python3.7/site-packages/airflow/example_dags/example_complex.py
[2022-08-09 01:44:54,919] {processor.py:641} INFO - Processing file /home/airflow/.local/lib/python3.7/site-packages/airflow/example_dags/example_complex.py for tasks to queue
[2022-08-09 01:44:54,921] {logging_mixin.py:115} INFO - [2022-08-09 01:44:54,921] {dagbag.py:507} INFO - Filling up the DagBag from /home/airflow/.local/lib/python3.7/site-packages/airflow/example_dags/example_complex.py
[2022-08-09 01:44:54,937] {processor.py:651} INFO - DAG(s) dict_keys(['example_complex']) retrieved from /home/airflow/.local/lib/python3.7/site-packages/airflow/example_dags/example_complex.py
[2022-08-09 01:44:54,960] {logging_mixin.py:115} INFO - [2022-08-09 01:44:54,960] {dag.py:2371} INFO - Sync 1 DAGs
[2022-08-09 01:44:55,043] {logging_mixin.py:115} INFO - [2022-08-09 01:44:55,043] {dag.py:2919} INFO - Setting next_dagrun for example_complex to None, run_after=None
[2022-08-09 01:44:55,050] {processor.py:161} INFO - Processing /home/airflow/.local/lib/python3.7/site-packages/airflow/example_dags/example_complex.py took 0.138 seconds
[2022-08-09 01:45:25,111] {processor.py:153} INFO - Started process (PID=1053) to work on /home/airflow/.local/lib/python3.7/site-packages/airflow/example_dags/example_complex.py
[2022-08-09 01:45:25,113] {processor.py:641} INFO - Processing file /home/airflow/.local/lib/python3.7/site-packages/airflow/example_dags/example_complex.py for tasks to queue
[2022-08-09 01:45:25,114] {logging_mixin.py:115} INFO - [2022-08-09 01:45:25,114] {dagbag.py:507} INFO - Filling up the DagBag from /home/airflow/.local/lib/python3.7/site-packages/airflow/example_dags/example_complex.py
[2022-08-09 01:45:25,122] {processor.py:651} INFO - DAG(s) dict_keys(['example_complex']) retrieved from /home/airflow/.local/lib/python3.7/site-packages/airflow/example_dags/example_complex.py
[2022-08-09 01:45:25,139] {logging_mixin.py:115} INFO - [2022-08-09 01:45:25,139] {dag.py:2371} INFO - Sync 1 DAGs
[2022-08-09 01:45:25,223] {logging_mixin.py:115} INFO - [2022-08-09 01:45:25,223] {dag.py:2919} INFO - Setting next_dagrun for example_complex to None, run_after=None
[2022-08-09 01:45:25,230] {processor.py:161} INFO - Processing /home/airflow/.local/lib/python3.7/site-packages/airflow/example_dags/example_complex.py took 0.121 seconds
[2022-08-09 01:45:55,319] {processor.py:153} INFO - Started process (PID=1117) to work on /home/airflow/.local/lib/python3.7/site-packages/airflow/example_dags/example_complex.py
[2022-08-09 01:45:55,320] {processor.py:641} INFO - Processing file /home/airflow/.local/lib/python3.7/site-packages/airflow/example_dags/example_complex.py for tasks to queue
[2022-08-09 01:45:55,321] {logging_mixin.py:115} INFO - [2022-08-09 01:45:55,321] {dagbag.py:507} INFO - Filling up the DagBag from /home/airflow/.local/lib/python3.7/site-packages/airflow/example_dags/example_complex.py
[2022-08-09 01:45:55,328] {processor.py:651} INFO - DAG(s) dict_keys(['example_complex']) retrieved from /home/airflow/.local/lib/python3.7/site-packages/airflow/example_dags/example_complex.py
[2022-08-09 01:45:55,345] {logging_mixin.py:115} INFO - [2022-08-09 01:45:55,345] {dag.py:2371} INFO - Sync 1 DAGs
[2022-08-09 01:45:55,426] {logging_mixin.py:115} INFO - [2022-08-09 01:45:55,426] {dag.py:2919} INFO - Setting next_dagrun for example_complex to None, run_after=None
[2022-08-09 01:45:55,433] {processor.py:161} INFO - Processing /home/airflow/.local/lib/python3.7/site-packages/airflow/example_dags/example_complex.py took 0.116 seconds
[2022-08-09 01:46:26,072] {processor.py:153} INFO - Started process (PID=1180) to work on /home/airflow/.local/lib/python3.7/site-packages/airflow/example_dags/example_complex.py
[2022-08-09 01:46:26,073] {processor.py:641} INFO - Processing file /home/airflow/.local/lib/python3.7/site-packages/airflow/example_dags/example_complex.py for tasks to queue
[2022-08-09 01:46:26,074] {logging_mixin.py:115} INFO - [2022-08-09 01:46:26,074] {dagbag.py:507} INFO - Filling up the DagBag from /home/airflow/.local/lib/python3.7/site-packages/airflow/example_dags/example_complex.py
[2022-08-09 01:46:26,082] {processor.py:651} INFO - DAG(s) dict_keys(['example_complex']) retrieved from /home/airflow/.local/lib/python3.7/site-packages/airflow/example_dags/example_complex.py
[2022-08-09 01:46:26,100] {logging_mixin.py:115} INFO - [2022-08-09 01:46:26,100] {dag.py:2371} INFO - Sync 1 DAGs
[2022-08-09 01:46:26,189] {logging_mixin.py:115} INFO - [2022-08-09 01:46:26,189] {dag.py:2919} INFO - Setting next_dagrun for example_complex to None, run_after=None
[2022-08-09 01:46:26,197] {processor.py:161} INFO - Processing /home/airflow/.local/lib/python3.7/site-packages/airflow/example_dags/example_complex.py took 0.127 seconds
[2022-08-09 01:46:56,732] {processor.py:153} INFO - Started process (PID=1244) to work on /home/airflow/.local/lib/python3.7/site-packages/airflow/example_dags/example_complex.py
[2022-08-09 01:46:56,735] {processor.py:641} INFO - Processing file /home/airflow/.local/lib/python3.7/site-packages/airflow/example_dags/example_complex.py for tasks to queue
[2022-08-09 01:46:56,736] {logging_mixin.py:115} INFO - [2022-08-09 01:46:56,736] {dagbag.py:507} INFO - Filling up the DagBag from /home/airflow/.local/lib/python3.7/site-packages/airflow/example_dags/example_complex.py
[2022-08-09 01:46:56,745] {processor.py:651} INFO - DAG(s) dict_keys(['example_complex']) retrieved from /home/airflow/.local/lib/python3.7/site-packages/airflow/example_dags/example_complex.py
[2022-08-09 01:46:56,764] {logging_mixin.py:115} INFO - [2022-08-09 01:46:56,764] {dag.py:2371} INFO - Sync 1 DAGs
[2022-08-09 01:46:56,867] {logging_mixin.py:115} INFO - [2022-08-09 01:46:56,867] {dag.py:2919} INFO - Setting next_dagrun for example_complex to None, run_after=None
[2022-08-09 01:46:56,873] {processor.py:161} INFO - Processing /home/airflow/.local/lib/python3.7/site-packages/airflow/example_dags/example_complex.py took 0.145 seconds
[2022-08-09 01:47:27,673] {processor.py:153} INFO - Started process (PID=1308) to work on /home/airflow/.local/lib/python3.7/site-packages/airflow/example_dags/example_complex.py
[2022-08-09 01:47:27,675] {processor.py:641} INFO - Processing file /home/airflow/.local/lib/python3.7/site-packages/airflow/example_dags/example_complex.py for tasks to queue
[2022-08-09 01:47:27,677] {logging_mixin.py:115} INFO - [2022-08-09 01:47:27,676] {dagbag.py:507} INFO - Filling up the DagBag from /home/airflow/.local/lib/python3.7/site-packages/airflow/example_dags/example_complex.py
[2022-08-09 01:47:27,687] {processor.py:651} INFO - DAG(s) dict_keys(['example_complex']) retrieved from /home/airflow/.local/lib/python3.7/site-packages/airflow/example_dags/example_complex.py
[2022-08-09 01:47:27,707] {logging_mixin.py:115} INFO - [2022-08-09 01:47:27,707] {dag.py:2371} INFO - Sync 1 DAGs
[2022-08-09 01:47:27,804] {logging_mixin.py:115} INFO - [2022-08-09 01:47:27,804] {dag.py:2919} INFO - Setting next_dagrun for example_complex to None, run_after=None
[2022-08-09 01:47:27,812] {processor.py:161} INFO - Processing /home/airflow/.local/lib/python3.7/site-packages/airflow/example_dags/example_complex.py took 0.141 seconds
[2022-08-09 01:47:58,406] {processor.py:153} INFO - Started process (PID=1371) to work on /home/airflow/.local/lib/python3.7/site-packages/airflow/example_dags/example_complex.py
[2022-08-09 01:47:58,408] {processor.py:641} INFO - Processing file /home/airflow/.local/lib/python3.7/site-packages/airflow/example_dags/example_complex.py for tasks to queue
[2022-08-09 01:47:58,409] {logging_mixin.py:115} INFO - [2022-08-09 01:47:58,409] {dagbag.py:507} INFO - Filling up the DagBag from /home/airflow/.local/lib/python3.7/site-packages/airflow/example_dags/example_complex.py
[2022-08-09 01:47:58,417] {processor.py:651} INFO - DAG(s) dict_keys(['example_complex']) retrieved from /home/airflow/.local/lib/python3.7/site-packages/airflow/example_dags/example_complex.py
[2022-08-09 01:47:58,443] {logging_mixin.py:115} INFO - [2022-08-09 01:47:58,443] {dag.py:2371} INFO - Sync 1 DAGs
[2022-08-09 01:47:58,535] {logging_mixin.py:115} INFO - [2022-08-09 01:47:58,535] {dag.py:2919} INFO - Setting next_dagrun for example_complex to None, run_after=None
[2022-08-09 01:47:58,543] {processor.py:161} INFO - Processing /home/airflow/.local/lib/python3.7/site-packages/airflow/example_dags/example_complex.py took 0.140 seconds
[2022-08-09 01:48:29,414] {processor.py:153} INFO - Started process (PID=1434) to work on /home/airflow/.local/lib/python3.7/site-packages/airflow/example_dags/example_complex.py
[2022-08-09 01:48:29,416] {processor.py:641} INFO - Processing file /home/airflow/.local/lib/python3.7/site-packages/airflow/example_dags/example_complex.py for tasks to queue
[2022-08-09 01:48:29,417] {logging_mixin.py:115} INFO - [2022-08-09 01:48:29,417] {dagbag.py:507} INFO - Filling up the DagBag from /home/airflow/.local/lib/python3.7/site-packages/airflow/example_dags/example_complex.py
[2022-08-09 01:48:29,426] {processor.py:651} INFO - DAG(s) dict_keys(['example_complex']) retrieved from /home/airflow/.local/lib/python3.7/site-packages/airflow/example_dags/example_complex.py
[2022-08-09 01:48:29,446] {logging_mixin.py:115} INFO - [2022-08-09 01:48:29,446] {dag.py:2371} INFO - Sync 1 DAGs
[2022-08-09 01:48:29,538] {logging_mixin.py:115} INFO - [2022-08-09 01:48:29,538] {dag.py:2919} INFO - Setting next_dagrun for example_complex to None, run_after=None
[2022-08-09 01:48:29,547] {processor.py:161} INFO - Processing /home/airflow/.local/lib/python3.7/site-packages/airflow/example_dags/example_complex.py took 0.135 seconds
[2022-08-09 01:49:00,328] {processor.py:153} INFO - Started process (PID=1497) to work on /home/airflow/.local/lib/python3.7/site-packages/airflow/example_dags/example_complex.py
[2022-08-09 01:49:00,330] {processor.py:641} INFO - Processing file /home/airflow/.local/lib/python3.7/site-packages/airflow/example_dags/example_complex.py for tasks to queue
[2022-08-09 01:49:00,331] {logging_mixin.py:115} INFO - [2022-08-09 01:49:00,331] {dagbag.py:507} INFO - Filling up the DagBag from /home/airflow/.local/lib/python3.7/site-packages/airflow/example_dags/example_complex.py
[2022-08-09 01:49:00,343] {processor.py:651} INFO - DAG(s) dict_keys(['example_complex']) retrieved from /home/airflow/.local/lib/python3.7/site-packages/airflow/example_dags/example_complex.py
[2022-08-09 01:49:00,378] {logging_mixin.py:115} INFO - [2022-08-09 01:49:00,378] {dag.py:2371} INFO - Sync 1 DAGs
[2022-08-09 01:49:00,492] {logging_mixin.py:115} INFO - [2022-08-09 01:49:00,492] {dag.py:2919} INFO - Setting next_dagrun for example_complex to None, run_after=None
[2022-08-09 01:49:00,501] {processor.py:161} INFO - Processing /home/airflow/.local/lib/python3.7/site-packages/airflow/example_dags/example_complex.py took 0.176 seconds
[2022-08-09 01:49:31,287] {processor.py:153} INFO - Started process (PID=1551) to work on /home/airflow/.local/lib/python3.7/site-packages/airflow/example_dags/example_complex.py
[2022-08-09 01:49:31,289] {processor.py:641} INFO - Processing file /home/airflow/.local/lib/python3.7/site-packages/airflow/example_dags/example_complex.py for tasks to queue
[2022-08-09 01:49:31,290] {logging_mixin.py:115} INFO - [2022-08-09 01:49:31,290] {dagbag.py:507} INFO - Filling up the DagBag from /home/airflow/.local/lib/python3.7/site-packages/airflow/example_dags/example_complex.py
[2022-08-09 01:49:31,297] {processor.py:651} INFO - DAG(s) dict_keys(['example_complex']) retrieved from /home/airflow/.local/lib/python3.7/site-packages/airflow/example_dags/example_complex.py
[2022-08-09 01:49:31,318] {logging_mixin.py:115} INFO - [2022-08-09 01:49:31,318] {dag.py:2371} INFO - Sync 1 DAGs
[2022-08-09 01:49:31,411] {logging_mixin.py:115} INFO - [2022-08-09 01:49:31,410] {dag.py:2919} INFO - Setting next_dagrun for example_complex to None, run_after=None
[2022-08-09 01:49:31,418] {processor.py:161} INFO - Processing /home/airflow/.local/lib/python3.7/site-packages/airflow/example_dags/example_complex.py took 0.135 seconds
[2022-08-09 01:50:02,134] {processor.py:153} INFO - Started process (PID=1614) to work on /home/airflow/.local/lib/python3.7/site-packages/airflow/example_dags/example_complex.py
[2022-08-09 01:50:02,135] {processor.py:641} INFO - Processing file /home/airflow/.local/lib/python3.7/site-packages/airflow/example_dags/example_complex.py for tasks to queue
[2022-08-09 01:50:02,136] {logging_mixin.py:115} INFO - [2022-08-09 01:50:02,136] {dagbag.py:507} INFO - Filling up the DagBag from /home/airflow/.local/lib/python3.7/site-packages/airflow/example_dags/example_complex.py
[2022-08-09 01:50:02,144] {processor.py:651} INFO - DAG(s) dict_keys(['example_complex']) retrieved from /home/airflow/.local/lib/python3.7/site-packages/airflow/example_dags/example_complex.py
[2022-08-09 01:50:02,164] {logging_mixin.py:115} INFO - [2022-08-09 01:50:02,164] {dag.py:2371} INFO - Sync 1 DAGs
[2022-08-09 01:50:02,256] {logging_mixin.py:115} INFO - [2022-08-09 01:50:02,256] {dag.py:2919} INFO - Setting next_dagrun for example_complex to None, run_after=None
[2022-08-09 01:50:02,264] {processor.py:161} INFO - Processing /home/airflow/.local/lib/python3.7/site-packages/airflow/example_dags/example_complex.py took 0.132 seconds
