[2022-08-09 01:37:11,286] {processor.py:153} INFO - Started process (PID=55) to work on /home/airflow/.local/lib/python3.7/site-packages/airflow/example_dags/example_branch_datetime_operator.py
[2022-08-09 01:37:11,288] {processor.py:641} INFO - Processing file /home/airflow/.local/lib/python3.7/site-packages/airflow/example_dags/example_branch_datetime_operator.py for tasks to queue
[2022-08-09 01:37:11,289] {logging_mixin.py:115} INFO - [2022-08-09 01:37:11,289] {dagbag.py:507} INFO - Filling up the DagBag from /home/airflow/.local/lib/python3.7/site-packages/airflow/example_dags/example_branch_datetime_operator.py
[2022-08-09 01:37:11,308] {processor.py:651} INFO - DAG(s) dict_keys(['example_branch_datetime_operator_2']) retrieved from /home/airflow/.local/lib/python3.7/site-packages/airflow/example_dags/example_branch_datetime_operator.py
[2022-08-09 01:37:11,432] {logging_mixin.py:115} INFO - [2022-08-09 01:37:11,432] {dag.py:2371} INFO - Sync 1 DAGs
[2022-08-09 01:37:11,515] {logging_mixin.py:115} INFO - [2022-08-09 01:37:11,514] {dag.py:2919} INFO - Setting next_dagrun for example_branch_datetime_operator_2 to 2022-08-08T00:00:00+00:00, run_after=2022-08-09T00:00:00+00:00
[2022-08-09 01:37:11,961] {processor.py:161} INFO - Processing /home/airflow/.local/lib/python3.7/site-packages/airflow/example_dags/example_branch_datetime_operator.py took 0.677 seconds
[2022-08-09 01:37:42,040] {processor.py:153} INFO - Started process (PID=111) to work on /home/airflow/.local/lib/python3.7/site-packages/airflow/example_dags/example_branch_datetime_operator.py
[2022-08-09 01:37:42,042] {processor.py:641} INFO - Processing file /home/airflow/.local/lib/python3.7/site-packages/airflow/example_dags/example_branch_datetime_operator.py for tasks to queue
[2022-08-09 01:37:42,043] {logging_mixin.py:115} INFO - [2022-08-09 01:37:42,043] {dagbag.py:507} INFO - Filling up the DagBag from /home/airflow/.local/lib/python3.7/site-packages/airflow/example_dags/example_branch_datetime_operator.py
[2022-08-09 01:37:42,048] {processor.py:651} INFO - DAG(s) dict_keys(['example_branch_datetime_operator_2']) retrieved from /home/airflow/.local/lib/python3.7/site-packages/airflow/example_dags/example_branch_datetime_operator.py
[2022-08-09 01:37:42,067] {logging_mixin.py:115} INFO - [2022-08-09 01:37:42,067] {dag.py:2371} INFO - Sync 1 DAGs
[2022-08-09 01:37:42,082] {logging_mixin.py:115} INFO - [2022-08-09 01:37:42,082] {dag.py:2919} INFO - Setting next_dagrun for example_branch_datetime_operator_2 to 2022-08-08T00:00:00+00:00, run_after=2022-08-09T00:00:00+00:00
[2022-08-09 01:37:42,166] {processor.py:161} INFO - Processing /home/airflow/.local/lib/python3.7/site-packages/airflow/example_dags/example_branch_datetime_operator.py took 0.128 seconds
[2022-08-09 01:38:12,754] {processor.py:153} INFO - Started process (PID=174) to work on /home/airflow/.local/lib/python3.7/site-packages/airflow/example_dags/example_branch_datetime_operator.py
[2022-08-09 01:38:12,756] {processor.py:641} INFO - Processing file /home/airflow/.local/lib/python3.7/site-packages/airflow/example_dags/example_branch_datetime_operator.py for tasks to queue
[2022-08-09 01:38:12,757] {logging_mixin.py:115} INFO - [2022-08-09 01:38:12,757] {dagbag.py:507} INFO - Filling up the DagBag from /home/airflow/.local/lib/python3.7/site-packages/airflow/example_dags/example_branch_datetime_operator.py
[2022-08-09 01:38:12,763] {processor.py:651} INFO - DAG(s) dict_keys(['example_branch_datetime_operator_2']) retrieved from /home/airflow/.local/lib/python3.7/site-packages/airflow/example_dags/example_branch_datetime_operator.py
[2022-08-09 01:38:12,782] {logging_mixin.py:115} INFO - [2022-08-09 01:38:12,782] {dag.py:2371} INFO - Sync 1 DAGs
[2022-08-09 01:38:12,798] {logging_mixin.py:115} INFO - [2022-08-09 01:38:12,798] {dag.py:2919} INFO - Setting next_dagrun for example_branch_datetime_operator_2 to 2022-08-08T00:00:00+00:00, run_after=2022-08-09T00:00:00+00:00
[2022-08-09 01:38:12,883] {processor.py:161} INFO - Processing /home/airflow/.local/lib/python3.7/site-packages/airflow/example_dags/example_branch_datetime_operator.py took 0.131 seconds
[2022-08-09 01:38:43,265] {processor.py:153} INFO - Started process (PID=237) to work on /home/airflow/.local/lib/python3.7/site-packages/airflow/example_dags/example_branch_datetime_operator.py
[2022-08-09 01:38:43,267] {processor.py:641} INFO - Processing file /home/airflow/.local/lib/python3.7/site-packages/airflow/example_dags/example_branch_datetime_operator.py for tasks to queue
[2022-08-09 01:38:43,268] {logging_mixin.py:115} INFO - [2022-08-09 01:38:43,268] {dagbag.py:507} INFO - Filling up the DagBag from /home/airflow/.local/lib/python3.7/site-packages/airflow/example_dags/example_branch_datetime_operator.py
[2022-08-09 01:38:43,275] {processor.py:651} INFO - DAG(s) dict_keys(['example_branch_datetime_operator_2']) retrieved from /home/airflow/.local/lib/python3.7/site-packages/airflow/example_dags/example_branch_datetime_operator.py
[2022-08-09 01:38:43,294] {logging_mixin.py:115} INFO - [2022-08-09 01:38:43,294] {dag.py:2371} INFO - Sync 1 DAGs
[2022-08-09 01:38:43,311] {logging_mixin.py:115} INFO - [2022-08-09 01:38:43,310] {dag.py:2919} INFO - Setting next_dagrun for example_branch_datetime_operator_2 to 2022-08-08T00:00:00+00:00, run_after=2022-08-09T00:00:00+00:00
[2022-08-09 01:38:43,393] {processor.py:161} INFO - Processing /home/airflow/.local/lib/python3.7/site-packages/airflow/example_dags/example_branch_datetime_operator.py took 0.130 seconds
[2022-08-09 01:39:13,769] {processor.py:153} INFO - Started process (PID=300) to work on /home/airflow/.local/lib/python3.7/site-packages/airflow/example_dags/example_branch_datetime_operator.py
[2022-08-09 01:39:13,771] {processor.py:641} INFO - Processing file /home/airflow/.local/lib/python3.7/site-packages/airflow/example_dags/example_branch_datetime_operator.py for tasks to queue
[2022-08-09 01:39:13,772] {logging_mixin.py:115} INFO - [2022-08-09 01:39:13,772] {dagbag.py:507} INFO - Filling up the DagBag from /home/airflow/.local/lib/python3.7/site-packages/airflow/example_dags/example_branch_datetime_operator.py
[2022-08-09 01:39:13,777] {processor.py:651} INFO - DAG(s) dict_keys(['example_branch_datetime_operator_2']) retrieved from /home/airflow/.local/lib/python3.7/site-packages/airflow/example_dags/example_branch_datetime_operator.py
[2022-08-09 01:39:13,795] {logging_mixin.py:115} INFO - [2022-08-09 01:39:13,794] {dag.py:2371} INFO - Sync 1 DAGs
[2022-08-09 01:39:13,812] {logging_mixin.py:115} INFO - [2022-08-09 01:39:13,812] {dag.py:2919} INFO - Setting next_dagrun for example_branch_datetime_operator_2 to 2022-08-08T00:00:00+00:00, run_after=2022-08-09T00:00:00+00:00
[2022-08-09 01:39:13,895] {processor.py:161} INFO - Processing /home/airflow/.local/lib/python3.7/site-packages/airflow/example_dags/example_branch_datetime_operator.py took 0.128 seconds
[2022-08-09 01:39:44,347] {processor.py:153} INFO - Started process (PID=363) to work on /home/airflow/.local/lib/python3.7/site-packages/airflow/example_dags/example_branch_datetime_operator.py
[2022-08-09 01:39:44,349] {processor.py:641} INFO - Processing file /home/airflow/.local/lib/python3.7/site-packages/airflow/example_dags/example_branch_datetime_operator.py for tasks to queue
[2022-08-09 01:39:44,350] {logging_mixin.py:115} INFO - [2022-08-09 01:39:44,350] {dagbag.py:507} INFO - Filling up the DagBag from /home/airflow/.local/lib/python3.7/site-packages/airflow/example_dags/example_branch_datetime_operator.py
[2022-08-09 01:39:44,355] {processor.py:651} INFO - DAG(s) dict_keys(['example_branch_datetime_operator_2']) retrieved from /home/airflow/.local/lib/python3.7/site-packages/airflow/example_dags/example_branch_datetime_operator.py
[2022-08-09 01:39:44,375] {logging_mixin.py:115} INFO - [2022-08-09 01:39:44,375] {dag.py:2371} INFO - Sync 1 DAGs
[2022-08-09 01:39:44,396] {logging_mixin.py:115} INFO - [2022-08-09 01:39:44,396] {dag.py:2919} INFO - Setting next_dagrun for example_branch_datetime_operator_2 to 2022-08-08T00:00:00+00:00, run_after=2022-08-09T00:00:00+00:00
[2022-08-09 01:39:44,494] {processor.py:161} INFO - Processing /home/airflow/.local/lib/python3.7/site-packages/airflow/example_dags/example_branch_datetime_operator.py took 0.149 seconds
[2022-08-09 01:40:14,908] {processor.py:153} INFO - Started process (PID=417) to work on /home/airflow/.local/lib/python3.7/site-packages/airflow/example_dags/example_branch_datetime_operator.py
[2022-08-09 01:40:14,910] {processor.py:641} INFO - Processing file /home/airflow/.local/lib/python3.7/site-packages/airflow/example_dags/example_branch_datetime_operator.py for tasks to queue
[2022-08-09 01:40:14,911] {logging_mixin.py:115} INFO - [2022-08-09 01:40:14,911] {dagbag.py:507} INFO - Filling up the DagBag from /home/airflow/.local/lib/python3.7/site-packages/airflow/example_dags/example_branch_datetime_operator.py
[2022-08-09 01:40:14,917] {processor.py:651} INFO - DAG(s) dict_keys(['example_branch_datetime_operator_2']) retrieved from /home/airflow/.local/lib/python3.7/site-packages/airflow/example_dags/example_branch_datetime_operator.py
[2022-08-09 01:40:14,938] {logging_mixin.py:115} INFO - [2022-08-09 01:40:14,938] {dag.py:2371} INFO - Sync 1 DAGs
[2022-08-09 01:40:14,958] {logging_mixin.py:115} INFO - [2022-08-09 01:40:14,957] {dag.py:2919} INFO - Setting next_dagrun for example_branch_datetime_operator_2 to 2022-08-08T00:00:00+00:00, run_after=2022-08-09T00:00:00+00:00
[2022-08-09 01:40:15,051] {processor.py:161} INFO - Processing /home/airflow/.local/lib/python3.7/site-packages/airflow/example_dags/example_branch_datetime_operator.py took 0.145 seconds
[2022-08-09 01:40:45,367] {processor.py:153} INFO - Started process (PID=480) to work on /home/airflow/.local/lib/python3.7/site-packages/airflow/example_dags/example_branch_datetime_operator.py
[2022-08-09 01:40:45,369] {processor.py:641} INFO - Processing file /home/airflow/.local/lib/python3.7/site-packages/airflow/example_dags/example_branch_datetime_operator.py for tasks to queue
[2022-08-09 01:40:45,370] {logging_mixin.py:115} INFO - [2022-08-09 01:40:45,370] {dagbag.py:507} INFO - Filling up the DagBag from /home/airflow/.local/lib/python3.7/site-packages/airflow/example_dags/example_branch_datetime_operator.py
[2022-08-09 01:40:45,375] {processor.py:651} INFO - DAG(s) dict_keys(['example_branch_datetime_operator_2']) retrieved from /home/airflow/.local/lib/python3.7/site-packages/airflow/example_dags/example_branch_datetime_operator.py
[2022-08-09 01:40:45,394] {logging_mixin.py:115} INFO - [2022-08-09 01:40:45,394] {dag.py:2371} INFO - Sync 1 DAGs
[2022-08-09 01:40:45,410] {logging_mixin.py:115} INFO - [2022-08-09 01:40:45,410] {dag.py:2919} INFO - Setting next_dagrun for example_branch_datetime_operator_2 to 2022-08-08T00:00:00+00:00, run_after=2022-08-09T00:00:00+00:00
[2022-08-09 01:40:45,492] {processor.py:161} INFO - Processing /home/airflow/.local/lib/python3.7/site-packages/airflow/example_dags/example_branch_datetime_operator.py took 0.127 seconds
[2022-08-09 01:41:15,971] {processor.py:153} INFO - Started process (PID=543) to work on /home/airflow/.local/lib/python3.7/site-packages/airflow/example_dags/example_branch_datetime_operator.py
[2022-08-09 01:41:15,973] {processor.py:641} INFO - Processing file /home/airflow/.local/lib/python3.7/site-packages/airflow/example_dags/example_branch_datetime_operator.py for tasks to queue
[2022-08-09 01:41:15,974] {logging_mixin.py:115} INFO - [2022-08-09 01:41:15,974] {dagbag.py:507} INFO - Filling up the DagBag from /home/airflow/.local/lib/python3.7/site-packages/airflow/example_dags/example_branch_datetime_operator.py
[2022-08-09 01:41:15,979] {processor.py:651} INFO - DAG(s) dict_keys(['example_branch_datetime_operator_2']) retrieved from /home/airflow/.local/lib/python3.7/site-packages/airflow/example_dags/example_branch_datetime_operator.py
[2022-08-09 01:41:15,997] {logging_mixin.py:115} INFO - [2022-08-09 01:41:15,997] {dag.py:2371} INFO - Sync 1 DAGs
[2022-08-09 01:41:16,013] {logging_mixin.py:115} INFO - [2022-08-09 01:41:16,013] {dag.py:2919} INFO - Setting next_dagrun for example_branch_datetime_operator_2 to 2022-08-08T00:00:00+00:00, run_after=2022-08-09T00:00:00+00:00
[2022-08-09 01:41:16,097] {processor.py:161} INFO - Processing /home/airflow/.local/lib/python3.7/site-packages/airflow/example_dags/example_branch_datetime_operator.py took 0.128 seconds
[2022-08-09 01:41:46,516] {processor.py:153} INFO - Started process (PID=606) to work on /home/airflow/.local/lib/python3.7/site-packages/airflow/example_dags/example_branch_datetime_operator.py
[2022-08-09 01:41:46,518] {processor.py:641} INFO - Processing file /home/airflow/.local/lib/python3.7/site-packages/airflow/example_dags/example_branch_datetime_operator.py for tasks to queue
[2022-08-09 01:41:46,519] {logging_mixin.py:115} INFO - [2022-08-09 01:41:46,519] {dagbag.py:507} INFO - Filling up the DagBag from /home/airflow/.local/lib/python3.7/site-packages/airflow/example_dags/example_branch_datetime_operator.py
[2022-08-09 01:41:46,525] {processor.py:651} INFO - DAG(s) dict_keys(['example_branch_datetime_operator_2']) retrieved from /home/airflow/.local/lib/python3.7/site-packages/airflow/example_dags/example_branch_datetime_operator.py
[2022-08-09 01:41:46,544] {logging_mixin.py:115} INFO - [2022-08-09 01:41:46,544] {dag.py:2371} INFO - Sync 1 DAGs
[2022-08-09 01:41:46,562] {logging_mixin.py:115} INFO - [2022-08-09 01:41:46,561] {dag.py:2919} INFO - Setting next_dagrun for example_branch_datetime_operator_2 to 2022-08-08T00:00:00+00:00, run_after=2022-08-09T00:00:00+00:00
[2022-08-09 01:41:46,645] {processor.py:161} INFO - Processing /home/airflow/.local/lib/python3.7/site-packages/airflow/example_dags/example_branch_datetime_operator.py took 0.131 seconds
[2022-08-09 01:42:17,192] {processor.py:153} INFO - Started process (PID=669) to work on /home/airflow/.local/lib/python3.7/site-packages/airflow/example_dags/example_branch_datetime_operator.py
[2022-08-09 01:42:17,193] {processor.py:641} INFO - Processing file /home/airflow/.local/lib/python3.7/site-packages/airflow/example_dags/example_branch_datetime_operator.py for tasks to queue
[2022-08-09 01:42:17,194] {logging_mixin.py:115} INFO - [2022-08-09 01:42:17,194] {dagbag.py:507} INFO - Filling up the DagBag from /home/airflow/.local/lib/python3.7/site-packages/airflow/example_dags/example_branch_datetime_operator.py
[2022-08-09 01:42:17,199] {processor.py:651} INFO - DAG(s) dict_keys(['example_branch_datetime_operator_2']) retrieved from /home/airflow/.local/lib/python3.7/site-packages/airflow/example_dags/example_branch_datetime_operator.py
[2022-08-09 01:42:17,215] {logging_mixin.py:115} INFO - [2022-08-09 01:42:17,215] {dag.py:2371} INFO - Sync 1 DAGs
[2022-08-09 01:42:17,303] {logging_mixin.py:115} INFO - [2022-08-09 01:42:17,303] {dag.py:2919} INFO - Setting next_dagrun for example_branch_datetime_operator_2 to 2022-08-08T00:00:00+00:00, run_after=2022-08-09T00:00:00+00:00
[2022-08-09 01:42:17,309] {processor.py:161} INFO - Processing /home/airflow/.local/lib/python3.7/site-packages/airflow/example_dags/example_branch_datetime_operator.py took 0.119 seconds
[2022-08-09 01:42:48,115] {processor.py:153} INFO - Started process (PID=732) to work on /home/airflow/.local/lib/python3.7/site-packages/airflow/example_dags/example_branch_datetime_operator.py
[2022-08-09 01:42:48,116] {processor.py:641} INFO - Processing file /home/airflow/.local/lib/python3.7/site-packages/airflow/example_dags/example_branch_datetime_operator.py for tasks to queue
[2022-08-09 01:42:48,117] {logging_mixin.py:115} INFO - [2022-08-09 01:42:48,117] {dagbag.py:507} INFO - Filling up the DagBag from /home/airflow/.local/lib/python3.7/site-packages/airflow/example_dags/example_branch_datetime_operator.py
[2022-08-09 01:42:48,122] {processor.py:651} INFO - DAG(s) dict_keys(['example_branch_datetime_operator_2']) retrieved from /home/airflow/.local/lib/python3.7/site-packages/airflow/example_dags/example_branch_datetime_operator.py
[2022-08-09 01:42:48,136] {logging_mixin.py:115} INFO - [2022-08-09 01:42:48,136] {dag.py:2371} INFO - Sync 1 DAGs
[2022-08-09 01:42:48,224] {logging_mixin.py:115} INFO - [2022-08-09 01:42:48,224] {dag.py:2919} INFO - Setting next_dagrun for example_branch_datetime_operator_2 to 2022-08-08T00:00:00+00:00, run_after=2022-08-09T00:00:00+00:00
[2022-08-09 01:42:48,233] {processor.py:161} INFO - Processing /home/airflow/.local/lib/python3.7/site-packages/airflow/example_dags/example_branch_datetime_operator.py took 0.120 seconds
[2022-08-09 01:43:19,164] {processor.py:153} INFO - Started process (PID=796) to work on /home/airflow/.local/lib/python3.7/site-packages/airflow/example_dags/example_branch_datetime_operator.py
[2022-08-09 01:43:19,165] {processor.py:641} INFO - Processing file /home/airflow/.local/lib/python3.7/site-packages/airflow/example_dags/example_branch_datetime_operator.py for tasks to queue
[2022-08-09 01:43:19,166] {logging_mixin.py:115} INFO - [2022-08-09 01:43:19,166] {dagbag.py:507} INFO - Filling up the DagBag from /home/airflow/.local/lib/python3.7/site-packages/airflow/example_dags/example_branch_datetime_operator.py
[2022-08-09 01:43:19,171] {processor.py:651} INFO - DAG(s) dict_keys(['example_branch_datetime_operator_2']) retrieved from /home/airflow/.local/lib/python3.7/site-packages/airflow/example_dags/example_branch_datetime_operator.py
[2022-08-09 01:43:19,188] {logging_mixin.py:115} INFO - [2022-08-09 01:43:19,188] {dag.py:2371} INFO - Sync 1 DAGs
[2022-08-09 01:43:19,280] {logging_mixin.py:115} INFO - [2022-08-09 01:43:19,280] {dag.py:2919} INFO - Setting next_dagrun for example_branch_datetime_operator_2 to 2022-08-08T00:00:00+00:00, run_after=2022-08-09T00:00:00+00:00
[2022-08-09 01:43:19,287] {processor.py:161} INFO - Processing /home/airflow/.local/lib/python3.7/site-packages/airflow/example_dags/example_branch_datetime_operator.py took 0.125 seconds
[2022-08-09 01:43:50,013] {processor.py:153} INFO - Started process (PID=860) to work on /home/airflow/.local/lib/python3.7/site-packages/airflow/example_dags/example_branch_datetime_operator.py
[2022-08-09 01:43:50,014] {processor.py:641} INFO - Processing file /home/airflow/.local/lib/python3.7/site-packages/airflow/example_dags/example_branch_datetime_operator.py for tasks to queue
[2022-08-09 01:43:50,015] {logging_mixin.py:115} INFO - [2022-08-09 01:43:50,015] {dagbag.py:507} INFO - Filling up the DagBag from /home/airflow/.local/lib/python3.7/site-packages/airflow/example_dags/example_branch_datetime_operator.py
[2022-08-09 01:43:50,020] {processor.py:651} INFO - DAG(s) dict_keys(['example_branch_datetime_operator_2']) retrieved from /home/airflow/.local/lib/python3.7/site-packages/airflow/example_dags/example_branch_datetime_operator.py
[2022-08-09 01:43:50,034] {logging_mixin.py:115} INFO - [2022-08-09 01:43:50,034] {dag.py:2371} INFO - Sync 1 DAGs
[2022-08-09 01:43:50,122] {logging_mixin.py:115} INFO - [2022-08-09 01:43:50,122] {dag.py:2919} INFO - Setting next_dagrun for example_branch_datetime_operator_2 to 2022-08-08T00:00:00+00:00, run_after=2022-08-09T00:00:00+00:00
[2022-08-09 01:43:50,129] {processor.py:161} INFO - Processing /home/airflow/.local/lib/python3.7/site-packages/airflow/example_dags/example_branch_datetime_operator.py took 0.118 seconds
[2022-08-09 01:44:21,048] {processor.py:153} INFO - Started process (PID=921) to work on /home/airflow/.local/lib/python3.7/site-packages/airflow/example_dags/example_branch_datetime_operator.py
[2022-08-09 01:44:21,049] {processor.py:641} INFO - Processing file /home/airflow/.local/lib/python3.7/site-packages/airflow/example_dags/example_branch_datetime_operator.py for tasks to queue
[2022-08-09 01:44:21,051] {logging_mixin.py:115} INFO - [2022-08-09 01:44:21,051] {dagbag.py:507} INFO - Filling up the DagBag from /home/airflow/.local/lib/python3.7/site-packages/airflow/example_dags/example_branch_datetime_operator.py
[2022-08-09 01:44:21,056] {processor.py:651} INFO - DAG(s) dict_keys(['example_branch_datetime_operator_2']) retrieved from /home/airflow/.local/lib/python3.7/site-packages/airflow/example_dags/example_branch_datetime_operator.py
[2022-08-09 01:44:21,072] {logging_mixin.py:115} INFO - [2022-08-09 01:44:21,072] {dag.py:2371} INFO - Sync 1 DAGs
[2022-08-09 01:44:21,165] {logging_mixin.py:115} INFO - [2022-08-09 01:44:21,165] {dag.py:2919} INFO - Setting next_dagrun for example_branch_datetime_operator_2 to 2022-08-08T00:00:00+00:00, run_after=2022-08-09T00:00:00+00:00
[2022-08-09 01:44:21,175] {processor.py:161} INFO - Processing /home/airflow/.local/lib/python3.7/site-packages/airflow/example_dags/example_branch_datetime_operator.py took 0.128 seconds
[2022-08-09 01:44:51,894] {processor.py:153} INFO - Started process (PID=978) to work on /home/airflow/.local/lib/python3.7/site-packages/airflow/example_dags/example_branch_datetime_operator.py
[2022-08-09 01:44:51,895] {processor.py:641} INFO - Processing file /home/airflow/.local/lib/python3.7/site-packages/airflow/example_dags/example_branch_datetime_operator.py for tasks to queue
[2022-08-09 01:44:51,896] {logging_mixin.py:115} INFO - [2022-08-09 01:44:51,896] {dagbag.py:507} INFO - Filling up the DagBag from /home/airflow/.local/lib/python3.7/site-packages/airflow/example_dags/example_branch_datetime_operator.py
[2022-08-09 01:44:51,900] {processor.py:651} INFO - DAG(s) dict_keys(['example_branch_datetime_operator_2']) retrieved from /home/airflow/.local/lib/python3.7/site-packages/airflow/example_dags/example_branch_datetime_operator.py
[2022-08-09 01:44:51,917] {logging_mixin.py:115} INFO - [2022-08-09 01:44:51,917] {dag.py:2371} INFO - Sync 1 DAGs
[2022-08-09 01:44:52,013] {logging_mixin.py:115} INFO - [2022-08-09 01:44:52,013] {dag.py:2919} INFO - Setting next_dagrun for example_branch_datetime_operator_2 to 2022-08-08T00:00:00+00:00, run_after=2022-08-09T00:00:00+00:00
[2022-08-09 01:44:52,020] {processor.py:161} INFO - Processing /home/airflow/.local/lib/python3.7/site-packages/airflow/example_dags/example_branch_datetime_operator.py took 0.129 seconds
[2022-08-09 01:45:22,942] {processor.py:153} INFO - Started process (PID=1041) to work on /home/airflow/.local/lib/python3.7/site-packages/airflow/example_dags/example_branch_datetime_operator.py
[2022-08-09 01:45:22,944] {processor.py:641} INFO - Processing file /home/airflow/.local/lib/python3.7/site-packages/airflow/example_dags/example_branch_datetime_operator.py for tasks to queue
[2022-08-09 01:45:22,945] {logging_mixin.py:115} INFO - [2022-08-09 01:45:22,945] {dagbag.py:507} INFO - Filling up the DagBag from /home/airflow/.local/lib/python3.7/site-packages/airflow/example_dags/example_branch_datetime_operator.py
[2022-08-09 01:45:22,951] {processor.py:651} INFO - DAG(s) dict_keys(['example_branch_datetime_operator_2']) retrieved from /home/airflow/.local/lib/python3.7/site-packages/airflow/example_dags/example_branch_datetime_operator.py
[2022-08-09 01:45:22,966] {logging_mixin.py:115} INFO - [2022-08-09 01:45:22,965] {dag.py:2371} INFO - Sync 1 DAGs
[2022-08-09 01:45:23,057] {logging_mixin.py:115} INFO - [2022-08-09 01:45:23,057] {dag.py:2919} INFO - Setting next_dagrun for example_branch_datetime_operator_2 to 2022-08-08T00:00:00+00:00, run_after=2022-08-09T00:00:00+00:00
[2022-08-09 01:45:23,064] {processor.py:161} INFO - Processing /home/airflow/.local/lib/python3.7/site-packages/airflow/example_dags/example_branch_datetime_operator.py took 0.124 seconds
[2022-08-09 01:45:53,185] {processor.py:153} INFO - Started process (PID=1105) to work on /home/airflow/.local/lib/python3.7/site-packages/airflow/example_dags/example_branch_datetime_operator.py
[2022-08-09 01:45:53,186] {processor.py:641} INFO - Processing file /home/airflow/.local/lib/python3.7/site-packages/airflow/example_dags/example_branch_datetime_operator.py for tasks to queue
[2022-08-09 01:45:53,187] {logging_mixin.py:115} INFO - [2022-08-09 01:45:53,187] {dagbag.py:507} INFO - Filling up the DagBag from /home/airflow/.local/lib/python3.7/site-packages/airflow/example_dags/example_branch_datetime_operator.py
[2022-08-09 01:45:53,191] {processor.py:651} INFO - DAG(s) dict_keys(['example_branch_datetime_operator_2']) retrieved from /home/airflow/.local/lib/python3.7/site-packages/airflow/example_dags/example_branch_datetime_operator.py
[2022-08-09 01:45:53,206] {logging_mixin.py:115} INFO - [2022-08-09 01:45:53,206] {dag.py:2371} INFO - Sync 1 DAGs
[2022-08-09 01:45:53,292] {logging_mixin.py:115} INFO - [2022-08-09 01:45:53,291] {dag.py:2919} INFO - Setting next_dagrun for example_branch_datetime_operator_2 to 2022-08-08T00:00:00+00:00, run_after=2022-08-09T00:00:00+00:00
[2022-08-09 01:45:53,300] {processor.py:161} INFO - Processing /home/airflow/.local/lib/python3.7/site-packages/airflow/example_dags/example_branch_datetime_operator.py took 0.117 seconds
[2022-08-09 01:46:24,193] {processor.py:153} INFO - Started process (PID=1168) to work on /home/airflow/.local/lib/python3.7/site-packages/airflow/example_dags/example_branch_datetime_operator.py
[2022-08-09 01:46:24,194] {processor.py:641} INFO - Processing file /home/airflow/.local/lib/python3.7/site-packages/airflow/example_dags/example_branch_datetime_operator.py for tasks to queue
[2022-08-09 01:46:24,195] {logging_mixin.py:115} INFO - [2022-08-09 01:46:24,195] {dagbag.py:507} INFO - Filling up the DagBag from /home/airflow/.local/lib/python3.7/site-packages/airflow/example_dags/example_branch_datetime_operator.py
[2022-08-09 01:46:24,199] {processor.py:651} INFO - DAG(s) dict_keys(['example_branch_datetime_operator_2']) retrieved from /home/airflow/.local/lib/python3.7/site-packages/airflow/example_dags/example_branch_datetime_operator.py
[2022-08-09 01:46:24,215] {logging_mixin.py:115} INFO - [2022-08-09 01:46:24,215] {dag.py:2371} INFO - Sync 1 DAGs
[2022-08-09 01:46:24,304] {logging_mixin.py:115} INFO - [2022-08-09 01:46:24,304] {dag.py:2919} INFO - Setting next_dagrun for example_branch_datetime_operator_2 to 2022-08-08T00:00:00+00:00, run_after=2022-08-09T00:00:00+00:00
[2022-08-09 01:46:24,311] {processor.py:161} INFO - Processing /home/airflow/.local/lib/python3.7/site-packages/airflow/example_dags/example_branch_datetime_operator.py took 0.120 seconds
[2022-08-09 01:46:54,794] {processor.py:153} INFO - Started process (PID=1232) to work on /home/airflow/.local/lib/python3.7/site-packages/airflow/example_dags/example_branch_datetime_operator.py
[2022-08-09 01:46:54,796] {processor.py:641} INFO - Processing file /home/airflow/.local/lib/python3.7/site-packages/airflow/example_dags/example_branch_datetime_operator.py for tasks to queue
[2022-08-09 01:46:54,797] {logging_mixin.py:115} INFO - [2022-08-09 01:46:54,797] {dagbag.py:507} INFO - Filling up the DagBag from /home/airflow/.local/lib/python3.7/site-packages/airflow/example_dags/example_branch_datetime_operator.py
[2022-08-09 01:46:54,803] {processor.py:651} INFO - DAG(s) dict_keys(['example_branch_datetime_operator_2']) retrieved from /home/airflow/.local/lib/python3.7/site-packages/airflow/example_dags/example_branch_datetime_operator.py
[2022-08-09 01:46:54,819] {logging_mixin.py:115} INFO - [2022-08-09 01:46:54,819] {dag.py:2371} INFO - Sync 1 DAGs
[2022-08-09 01:46:54,917] {logging_mixin.py:115} INFO - [2022-08-09 01:46:54,917] {dag.py:2919} INFO - Setting next_dagrun for example_branch_datetime_operator_2 to 2022-08-08T00:00:00+00:00, run_after=2022-08-09T00:00:00+00:00
[2022-08-09 01:46:54,924] {processor.py:161} INFO - Processing /home/airflow/.local/lib/python3.7/site-packages/airflow/example_dags/example_branch_datetime_operator.py took 0.132 seconds
[2022-08-09 01:47:25,726] {processor.py:153} INFO - Started process (PID=1296) to work on /home/airflow/.local/lib/python3.7/site-packages/airflow/example_dags/example_branch_datetime_operator.py
[2022-08-09 01:47:25,728] {processor.py:641} INFO - Processing file /home/airflow/.local/lib/python3.7/site-packages/airflow/example_dags/example_branch_datetime_operator.py for tasks to queue
[2022-08-09 01:47:25,729] {logging_mixin.py:115} INFO - [2022-08-09 01:47:25,729] {dagbag.py:507} INFO - Filling up the DagBag from /home/airflow/.local/lib/python3.7/site-packages/airflow/example_dags/example_branch_datetime_operator.py
[2022-08-09 01:47:25,738] {processor.py:651} INFO - DAG(s) dict_keys(['example_branch_datetime_operator_2']) retrieved from /home/airflow/.local/lib/python3.7/site-packages/airflow/example_dags/example_branch_datetime_operator.py
[2022-08-09 01:47:25,754] {logging_mixin.py:115} INFO - [2022-08-09 01:47:25,754] {dag.py:2371} INFO - Sync 1 DAGs
[2022-08-09 01:47:25,846] {logging_mixin.py:115} INFO - [2022-08-09 01:47:25,846] {dag.py:2919} INFO - Setting next_dagrun for example_branch_datetime_operator_2 to 2022-08-08T00:00:00+00:00, run_after=2022-08-09T00:00:00+00:00
[2022-08-09 01:47:25,853] {processor.py:161} INFO - Processing /home/airflow/.local/lib/python3.7/site-packages/airflow/example_dags/example_branch_datetime_operator.py took 0.128 seconds
[2022-08-09 01:47:56,532] {processor.py:153} INFO - Started process (PID=1359) to work on /home/airflow/.local/lib/python3.7/site-packages/airflow/example_dags/example_branch_datetime_operator.py
[2022-08-09 01:47:56,533] {processor.py:641} INFO - Processing file /home/airflow/.local/lib/python3.7/site-packages/airflow/example_dags/example_branch_datetime_operator.py for tasks to queue
[2022-08-09 01:47:56,534] {logging_mixin.py:115} INFO - [2022-08-09 01:47:56,534] {dagbag.py:507} INFO - Filling up the DagBag from /home/airflow/.local/lib/python3.7/site-packages/airflow/example_dags/example_branch_datetime_operator.py
[2022-08-09 01:47:56,539] {processor.py:651} INFO - DAG(s) dict_keys(['example_branch_datetime_operator_2']) retrieved from /home/airflow/.local/lib/python3.7/site-packages/airflow/example_dags/example_branch_datetime_operator.py
[2022-08-09 01:47:56,555] {logging_mixin.py:115} INFO - [2022-08-09 01:47:56,554] {dag.py:2371} INFO - Sync 1 DAGs
[2022-08-09 01:47:56,643] {logging_mixin.py:115} INFO - [2022-08-09 01:47:56,643] {dag.py:2919} INFO - Setting next_dagrun for example_branch_datetime_operator_2 to 2022-08-08T00:00:00+00:00, run_after=2022-08-09T00:00:00+00:00
[2022-08-09 01:47:56,650] {processor.py:161} INFO - Processing /home/airflow/.local/lib/python3.7/site-packages/airflow/example_dags/example_branch_datetime_operator.py took 0.121 seconds
[2022-08-09 01:48:27,614] {processor.py:153} INFO - Started process (PID=1422) to work on /home/airflow/.local/lib/python3.7/site-packages/airflow/example_dags/example_branch_datetime_operator.py
[2022-08-09 01:48:27,615] {processor.py:641} INFO - Processing file /home/airflow/.local/lib/python3.7/site-packages/airflow/example_dags/example_branch_datetime_operator.py for tasks to queue
[2022-08-09 01:48:27,617] {logging_mixin.py:115} INFO - [2022-08-09 01:48:27,617] {dagbag.py:507} INFO - Filling up the DagBag from /home/airflow/.local/lib/python3.7/site-packages/airflow/example_dags/example_branch_datetime_operator.py
[2022-08-09 01:48:27,622] {processor.py:651} INFO - DAG(s) dict_keys(['example_branch_datetime_operator_2']) retrieved from /home/airflow/.local/lib/python3.7/site-packages/airflow/example_dags/example_branch_datetime_operator.py
[2022-08-09 01:48:27,638] {logging_mixin.py:115} INFO - [2022-08-09 01:48:27,638] {dag.py:2371} INFO - Sync 1 DAGs
[2022-08-09 01:48:27,730] {logging_mixin.py:115} INFO - [2022-08-09 01:48:27,730] {dag.py:2919} INFO - Setting next_dagrun for example_branch_datetime_operator_2 to 2022-08-08T00:00:00+00:00, run_after=2022-08-09T00:00:00+00:00
[2022-08-09 01:48:27,737] {processor.py:161} INFO - Processing /home/airflow/.local/lib/python3.7/site-packages/airflow/example_dags/example_branch_datetime_operator.py took 0.125 seconds
[2022-08-09 01:48:58,341] {processor.py:153} INFO - Started process (PID=1476) to work on /home/airflow/.local/lib/python3.7/site-packages/airflow/example_dags/example_branch_datetime_operator.py
[2022-08-09 01:48:58,342] {processor.py:641} INFO - Processing file /home/airflow/.local/lib/python3.7/site-packages/airflow/example_dags/example_branch_datetime_operator.py for tasks to queue
[2022-08-09 01:48:58,343] {logging_mixin.py:115} INFO - [2022-08-09 01:48:58,343] {dagbag.py:507} INFO - Filling up the DagBag from /home/airflow/.local/lib/python3.7/site-packages/airflow/example_dags/example_branch_datetime_operator.py
[2022-08-09 01:48:58,348] {processor.py:651} INFO - DAG(s) dict_keys(['example_branch_datetime_operator_2']) retrieved from /home/airflow/.local/lib/python3.7/site-packages/airflow/example_dags/example_branch_datetime_operator.py
[2022-08-09 01:48:58,364] {logging_mixin.py:115} INFO - [2022-08-09 01:48:58,364] {dag.py:2371} INFO - Sync 1 DAGs
[2022-08-09 01:48:58,463] {logging_mixin.py:115} INFO - [2022-08-09 01:48:58,463] {dag.py:2919} INFO - Setting next_dagrun for example_branch_datetime_operator_2 to 2022-08-08T00:00:00+00:00, run_after=2022-08-09T00:00:00+00:00
[2022-08-09 01:48:58,473] {processor.py:161} INFO - Processing /home/airflow/.local/lib/python3.7/site-packages/airflow/example_dags/example_branch_datetime_operator.py took 0.134 seconds
[2022-08-09 01:49:29,254] {processor.py:153} INFO - Started process (PID=1539) to work on /home/airflow/.local/lib/python3.7/site-packages/airflow/example_dags/example_branch_datetime_operator.py
[2022-08-09 01:49:29,256] {processor.py:641} INFO - Processing file /home/airflow/.local/lib/python3.7/site-packages/airflow/example_dags/example_branch_datetime_operator.py for tasks to queue
[2022-08-09 01:49:29,257] {logging_mixin.py:115} INFO - [2022-08-09 01:49:29,257] {dagbag.py:507} INFO - Filling up the DagBag from /home/airflow/.local/lib/python3.7/site-packages/airflow/example_dags/example_branch_datetime_operator.py
[2022-08-09 01:49:29,266] {processor.py:651} INFO - DAG(s) dict_keys(['example_branch_datetime_operator_2']) retrieved from /home/airflow/.local/lib/python3.7/site-packages/airflow/example_dags/example_branch_datetime_operator.py
[2022-08-09 01:49:29,286] {logging_mixin.py:115} INFO - [2022-08-09 01:49:29,286] {dag.py:2371} INFO - Sync 1 DAGs
[2022-08-09 01:49:29,397] {logging_mixin.py:115} INFO - [2022-08-09 01:49:29,397] {dag.py:2919} INFO - Setting next_dagrun for example_branch_datetime_operator_2 to 2022-08-08T00:00:00+00:00, run_after=2022-08-09T00:00:00+00:00
[2022-08-09 01:49:29,404] {processor.py:161} INFO - Processing /home/airflow/.local/lib/python3.7/site-packages/airflow/example_dags/example_branch_datetime_operator.py took 0.153 seconds
[2022-08-09 01:50:00,152] {processor.py:153} INFO - Started process (PID=1602) to work on /home/airflow/.local/lib/python3.7/site-packages/airflow/example_dags/example_branch_datetime_operator.py
[2022-08-09 01:50:00,153] {processor.py:641} INFO - Processing file /home/airflow/.local/lib/python3.7/site-packages/airflow/example_dags/example_branch_datetime_operator.py for tasks to queue
[2022-08-09 01:50:00,154] {logging_mixin.py:115} INFO - [2022-08-09 01:50:00,154] {dagbag.py:507} INFO - Filling up the DagBag from /home/airflow/.local/lib/python3.7/site-packages/airflow/example_dags/example_branch_datetime_operator.py
[2022-08-09 01:50:00,158] {processor.py:651} INFO - DAG(s) dict_keys(['example_branch_datetime_operator_2']) retrieved from /home/airflow/.local/lib/python3.7/site-packages/airflow/example_dags/example_branch_datetime_operator.py
[2022-08-09 01:50:00,174] {logging_mixin.py:115} INFO - [2022-08-09 01:50:00,174] {dag.py:2371} INFO - Sync 1 DAGs
[2022-08-09 01:50:00,260] {logging_mixin.py:115} INFO - [2022-08-09 01:50:00,260] {dag.py:2919} INFO - Setting next_dagrun for example_branch_datetime_operator_2 to 2022-08-08T00:00:00+00:00, run_after=2022-08-09T00:00:00+00:00
[2022-08-09 01:50:00,267] {processor.py:161} INFO - Processing /home/airflow/.local/lib/python3.7/site-packages/airflow/example_dags/example_branch_datetime_operator.py took 0.116 seconds
