[2022-08-09 01:37:12,021] {processor.py:153} INFO - Started process (PID=59) to work on /home/airflow/.local/lib/python3.7/site-packages/airflow/example_dags/example_branch_day_of_week_operator.py
[2022-08-09 01:37:12,028] {processor.py:641} INFO - Processing file /home/airflow/.local/lib/python3.7/site-packages/airflow/example_dags/example_branch_day_of_week_operator.py for tasks to queue
[2022-08-09 01:37:12,032] {logging_mixin.py:115} INFO - [2022-08-09 01:37:12,032] {dagbag.py:507} INFO - Filling up the DagBag from /home/airflow/.local/lib/python3.7/site-packages/airflow/example_dags/example_branch_day_of_week_operator.py
[2022-08-09 01:37:12,078] {processor.py:651} INFO - DAG(s) dict_keys(['example_weekday_branch_operator']) retrieved from /home/airflow/.local/lib/python3.7/site-packages/airflow/example_dags/example_branch_day_of_week_operator.py
[2022-08-09 01:37:12,173] {logging_mixin.py:115} INFO - [2022-08-09 01:37:12,173] {dag.py:2371} INFO - Sync 1 DAGs
[2022-08-09 01:37:12,227] {logging_mixin.py:115} INFO - [2022-08-09 01:37:12,227] {dag.py:2919} INFO - Setting next_dagrun for example_weekday_branch_operator to 2022-08-08T00:00:00+00:00, run_after=2022-08-09T00:00:00+00:00
[2022-08-09 01:37:12,630] {processor.py:161} INFO - Processing /home/airflow/.local/lib/python3.7/site-packages/airflow/example_dags/example_branch_day_of_week_operator.py took 0.612 seconds
[2022-08-09 01:37:43,169] {processor.py:153} INFO - Started process (PID=113) to work on /home/airflow/.local/lib/python3.7/site-packages/airflow/example_dags/example_branch_day_of_week_operator.py
[2022-08-09 01:37:43,171] {processor.py:641} INFO - Processing file /home/airflow/.local/lib/python3.7/site-packages/airflow/example_dags/example_branch_day_of_week_operator.py for tasks to queue
[2022-08-09 01:37:43,171] {logging_mixin.py:115} INFO - [2022-08-09 01:37:43,171] {dagbag.py:507} INFO - Filling up the DagBag from /home/airflow/.local/lib/python3.7/site-packages/airflow/example_dags/example_branch_day_of_week_operator.py
[2022-08-09 01:37:43,176] {processor.py:651} INFO - DAG(s) dict_keys(['example_weekday_branch_operator']) retrieved from /home/airflow/.local/lib/python3.7/site-packages/airflow/example_dags/example_branch_day_of_week_operator.py
[2022-08-09 01:37:43,193] {logging_mixin.py:115} INFO - [2022-08-09 01:37:43,193] {dag.py:2371} INFO - Sync 1 DAGs
[2022-08-09 01:37:43,207] {logging_mixin.py:115} INFO - [2022-08-09 01:37:43,207] {dag.py:2919} INFO - Setting next_dagrun for example_weekday_branch_operator to 2022-08-08T00:00:00+00:00, run_after=2022-08-09T00:00:00+00:00
[2022-08-09 01:37:43,288] {processor.py:161} INFO - Processing /home/airflow/.local/lib/python3.7/site-packages/airflow/example_dags/example_branch_day_of_week_operator.py took 0.120 seconds
[2022-08-09 01:38:13,897] {processor.py:153} INFO - Started process (PID=176) to work on /home/airflow/.local/lib/python3.7/site-packages/airflow/example_dags/example_branch_day_of_week_operator.py
[2022-08-09 01:38:13,899] {processor.py:641} INFO - Processing file /home/airflow/.local/lib/python3.7/site-packages/airflow/example_dags/example_branch_day_of_week_operator.py for tasks to queue
[2022-08-09 01:38:13,900] {logging_mixin.py:115} INFO - [2022-08-09 01:38:13,900] {dagbag.py:507} INFO - Filling up the DagBag from /home/airflow/.local/lib/python3.7/site-packages/airflow/example_dags/example_branch_day_of_week_operator.py
[2022-08-09 01:38:13,908] {processor.py:651} INFO - DAG(s) dict_keys(['example_weekday_branch_operator']) retrieved from /home/airflow/.local/lib/python3.7/site-packages/airflow/example_dags/example_branch_day_of_week_operator.py
[2022-08-09 01:38:13,928] {logging_mixin.py:115} INFO - [2022-08-09 01:38:13,928] {dag.py:2371} INFO - Sync 1 DAGs
[2022-08-09 01:38:13,943] {logging_mixin.py:115} INFO - [2022-08-09 01:38:13,942] {dag.py:2919} INFO - Setting next_dagrun for example_weekday_branch_operator to 2022-08-08T00:00:00+00:00, run_after=2022-08-09T00:00:00+00:00
[2022-08-09 01:38:14,023] {processor.py:161} INFO - Processing /home/airflow/.local/lib/python3.7/site-packages/airflow/example_dags/example_branch_day_of_week_operator.py took 0.129 seconds
[2022-08-09 01:38:44,416] {processor.py:153} INFO - Started process (PID=239) to work on /home/airflow/.local/lib/python3.7/site-packages/airflow/example_dags/example_branch_day_of_week_operator.py
[2022-08-09 01:38:44,421] {processor.py:641} INFO - Processing file /home/airflow/.local/lib/python3.7/site-packages/airflow/example_dags/example_branch_day_of_week_operator.py for tasks to queue
[2022-08-09 01:38:44,423] {logging_mixin.py:115} INFO - [2022-08-09 01:38:44,423] {dagbag.py:507} INFO - Filling up the DagBag from /home/airflow/.local/lib/python3.7/site-packages/airflow/example_dags/example_branch_day_of_week_operator.py
[2022-08-09 01:38:44,435] {processor.py:651} INFO - DAG(s) dict_keys(['example_weekday_branch_operator']) retrieved from /home/airflow/.local/lib/python3.7/site-packages/airflow/example_dags/example_branch_day_of_week_operator.py
[2022-08-09 01:38:44,456] {logging_mixin.py:115} INFO - [2022-08-09 01:38:44,456] {dag.py:2371} INFO - Sync 1 DAGs
[2022-08-09 01:38:44,471] {logging_mixin.py:115} INFO - [2022-08-09 01:38:44,471] {dag.py:2919} INFO - Setting next_dagrun for example_weekday_branch_operator to 2022-08-08T00:00:00+00:00, run_after=2022-08-09T00:00:00+00:00
[2022-08-09 01:38:44,552] {processor.py:161} INFO - Processing /home/airflow/.local/lib/python3.7/site-packages/airflow/example_dags/example_branch_day_of_week_operator.py took 0.141 seconds
[2022-08-09 01:39:14,930] {processor.py:153} INFO - Started process (PID=302) to work on /home/airflow/.local/lib/python3.7/site-packages/airflow/example_dags/example_branch_day_of_week_operator.py
[2022-08-09 01:39:14,933] {processor.py:641} INFO - Processing file /home/airflow/.local/lib/python3.7/site-packages/airflow/example_dags/example_branch_day_of_week_operator.py for tasks to queue
[2022-08-09 01:39:14,935] {logging_mixin.py:115} INFO - [2022-08-09 01:39:14,935] {dagbag.py:507} INFO - Filling up the DagBag from /home/airflow/.local/lib/python3.7/site-packages/airflow/example_dags/example_branch_day_of_week_operator.py
[2022-08-09 01:39:14,946] {processor.py:651} INFO - DAG(s) dict_keys(['example_weekday_branch_operator']) retrieved from /home/airflow/.local/lib/python3.7/site-packages/airflow/example_dags/example_branch_day_of_week_operator.py
[2022-08-09 01:39:14,968] {logging_mixin.py:115} INFO - [2022-08-09 01:39:14,968] {dag.py:2371} INFO - Sync 1 DAGs
[2022-08-09 01:39:14,984] {logging_mixin.py:115} INFO - [2022-08-09 01:39:14,984] {dag.py:2919} INFO - Setting next_dagrun for example_weekday_branch_operator to 2022-08-08T00:00:00+00:00, run_after=2022-08-09T00:00:00+00:00
[2022-08-09 01:39:15,067] {processor.py:161} INFO - Processing /home/airflow/.local/lib/python3.7/site-packages/airflow/example_dags/example_branch_day_of_week_operator.py took 0.142 seconds
[2022-08-09 01:39:45,499] {processor.py:153} INFO - Started process (PID=365) to work on /home/airflow/.local/lib/python3.7/site-packages/airflow/example_dags/example_branch_day_of_week_operator.py
[2022-08-09 01:39:45,500] {processor.py:641} INFO - Processing file /home/airflow/.local/lib/python3.7/site-packages/airflow/example_dags/example_branch_day_of_week_operator.py for tasks to queue
[2022-08-09 01:39:45,502] {logging_mixin.py:115} INFO - [2022-08-09 01:39:45,502] {dagbag.py:507} INFO - Filling up the DagBag from /home/airflow/.local/lib/python3.7/site-packages/airflow/example_dags/example_branch_day_of_week_operator.py
[2022-08-09 01:39:45,507] {processor.py:651} INFO - DAG(s) dict_keys(['example_weekday_branch_operator']) retrieved from /home/airflow/.local/lib/python3.7/site-packages/airflow/example_dags/example_branch_day_of_week_operator.py
[2022-08-09 01:39:45,523] {logging_mixin.py:115} INFO - [2022-08-09 01:39:45,523] {dag.py:2371} INFO - Sync 1 DAGs
[2022-08-09 01:39:45,538] {logging_mixin.py:115} INFO - [2022-08-09 01:39:45,538] {dag.py:2919} INFO - Setting next_dagrun for example_weekday_branch_operator to 2022-08-08T00:00:00+00:00, run_after=2022-08-09T00:00:00+00:00
[2022-08-09 01:39:45,617] {processor.py:161} INFO - Processing /home/airflow/.local/lib/python3.7/site-packages/airflow/example_dags/example_branch_day_of_week_operator.py took 0.121 seconds
[2022-08-09 01:40:16,064] {processor.py:153} INFO - Started process (PID=428) to work on /home/airflow/.local/lib/python3.7/site-packages/airflow/example_dags/example_branch_day_of_week_operator.py
[2022-08-09 01:40:16,067] {processor.py:641} INFO - Processing file /home/airflow/.local/lib/python3.7/site-packages/airflow/example_dags/example_branch_day_of_week_operator.py for tasks to queue
[2022-08-09 01:40:16,068] {logging_mixin.py:115} INFO - [2022-08-09 01:40:16,068] {dagbag.py:507} INFO - Filling up the DagBag from /home/airflow/.local/lib/python3.7/site-packages/airflow/example_dags/example_branch_day_of_week_operator.py
[2022-08-09 01:40:16,075] {processor.py:651} INFO - DAG(s) dict_keys(['example_weekday_branch_operator']) retrieved from /home/airflow/.local/lib/python3.7/site-packages/airflow/example_dags/example_branch_day_of_week_operator.py
[2022-08-09 01:40:16,095] {logging_mixin.py:115} INFO - [2022-08-09 01:40:16,095] {dag.py:2371} INFO - Sync 1 DAGs
[2022-08-09 01:40:16,111] {logging_mixin.py:115} INFO - [2022-08-09 01:40:16,110] {dag.py:2919} INFO - Setting next_dagrun for example_weekday_branch_operator to 2022-08-08T00:00:00+00:00, run_after=2022-08-09T00:00:00+00:00
[2022-08-09 01:40:16,191] {processor.py:161} INFO - Processing /home/airflow/.local/lib/python3.7/site-packages/airflow/example_dags/example_branch_day_of_week_operator.py took 0.131 seconds
[2022-08-09 01:40:46,532] {processor.py:153} INFO - Started process (PID=482) to work on /home/airflow/.local/lib/python3.7/site-packages/airflow/example_dags/example_branch_day_of_week_operator.py
[2022-08-09 01:40:46,534] {processor.py:641} INFO - Processing file /home/airflow/.local/lib/python3.7/site-packages/airflow/example_dags/example_branch_day_of_week_operator.py for tasks to queue
[2022-08-09 01:40:46,537] {logging_mixin.py:115} INFO - [2022-08-09 01:40:46,537] {dagbag.py:507} INFO - Filling up the DagBag from /home/airflow/.local/lib/python3.7/site-packages/airflow/example_dags/example_branch_day_of_week_operator.py
[2022-08-09 01:40:46,547] {processor.py:651} INFO - DAG(s) dict_keys(['example_weekday_branch_operator']) retrieved from /home/airflow/.local/lib/python3.7/site-packages/airflow/example_dags/example_branch_day_of_week_operator.py
[2022-08-09 01:40:46,568] {logging_mixin.py:115} INFO - [2022-08-09 01:40:46,568] {dag.py:2371} INFO - Sync 1 DAGs
[2022-08-09 01:40:46,584] {logging_mixin.py:115} INFO - [2022-08-09 01:40:46,584] {dag.py:2919} INFO - Setting next_dagrun for example_weekday_branch_operator to 2022-08-08T00:00:00+00:00, run_after=2022-08-09T00:00:00+00:00
[2022-08-09 01:40:46,664] {processor.py:161} INFO - Processing /home/airflow/.local/lib/python3.7/site-packages/airflow/example_dags/example_branch_day_of_week_operator.py took 0.138 seconds
[2022-08-09 01:41:17,135] {processor.py:153} INFO - Started process (PID=545) to work on /home/airflow/.local/lib/python3.7/site-packages/airflow/example_dags/example_branch_day_of_week_operator.py
[2022-08-09 01:41:17,138] {processor.py:641} INFO - Processing file /home/airflow/.local/lib/python3.7/site-packages/airflow/example_dags/example_branch_day_of_week_operator.py for tasks to queue
[2022-08-09 01:41:17,140] {logging_mixin.py:115} INFO - [2022-08-09 01:41:17,139] {dagbag.py:507} INFO - Filling up the DagBag from /home/airflow/.local/lib/python3.7/site-packages/airflow/example_dags/example_branch_day_of_week_operator.py
[2022-08-09 01:41:17,150] {processor.py:651} INFO - DAG(s) dict_keys(['example_weekday_branch_operator']) retrieved from /home/airflow/.local/lib/python3.7/site-packages/airflow/example_dags/example_branch_day_of_week_operator.py
[2022-08-09 01:41:17,174] {logging_mixin.py:115} INFO - [2022-08-09 01:41:17,174] {dag.py:2371} INFO - Sync 1 DAGs
[2022-08-09 01:41:17,189] {logging_mixin.py:115} INFO - [2022-08-09 01:41:17,189] {dag.py:2919} INFO - Setting next_dagrun for example_weekday_branch_operator to 2022-08-08T00:00:00+00:00, run_after=2022-08-09T00:00:00+00:00
[2022-08-09 01:41:17,270] {processor.py:161} INFO - Processing /home/airflow/.local/lib/python3.7/site-packages/airflow/example_dags/example_branch_day_of_week_operator.py took 0.141 seconds
[2022-08-09 01:41:47,664] {processor.py:153} INFO - Started process (PID=608) to work on /home/airflow/.local/lib/python3.7/site-packages/airflow/example_dags/example_branch_day_of_week_operator.py
[2022-08-09 01:41:47,667] {processor.py:641} INFO - Processing file /home/airflow/.local/lib/python3.7/site-packages/airflow/example_dags/example_branch_day_of_week_operator.py for tasks to queue
[2022-08-09 01:41:47,669] {logging_mixin.py:115} INFO - [2022-08-09 01:41:47,669] {dagbag.py:507} INFO - Filling up the DagBag from /home/airflow/.local/lib/python3.7/site-packages/airflow/example_dags/example_branch_day_of_week_operator.py
[2022-08-09 01:41:47,677] {processor.py:651} INFO - DAG(s) dict_keys(['example_weekday_branch_operator']) retrieved from /home/airflow/.local/lib/python3.7/site-packages/airflow/example_dags/example_branch_day_of_week_operator.py
[2022-08-09 01:41:47,695] {logging_mixin.py:115} INFO - [2022-08-09 01:41:47,695] {dag.py:2371} INFO - Sync 1 DAGs
[2022-08-09 01:41:47,709] {logging_mixin.py:115} INFO - [2022-08-09 01:41:47,709] {dag.py:2919} INFO - Setting next_dagrun for example_weekday_branch_operator to 2022-08-08T00:00:00+00:00, run_after=2022-08-09T00:00:00+00:00
[2022-08-09 01:41:47,791] {processor.py:161} INFO - Processing /home/airflow/.local/lib/python3.7/site-packages/airflow/example_dags/example_branch_day_of_week_operator.py took 0.130 seconds
[2022-08-09 01:42:18,356] {processor.py:153} INFO - Started process (PID=671) to work on /home/airflow/.local/lib/python3.7/site-packages/airflow/example_dags/example_branch_day_of_week_operator.py
[2022-08-09 01:42:18,358] {processor.py:641} INFO - Processing file /home/airflow/.local/lib/python3.7/site-packages/airflow/example_dags/example_branch_day_of_week_operator.py for tasks to queue
[2022-08-09 01:42:18,360] {logging_mixin.py:115} INFO - [2022-08-09 01:42:18,360] {dagbag.py:507} INFO - Filling up the DagBag from /home/airflow/.local/lib/python3.7/site-packages/airflow/example_dags/example_branch_day_of_week_operator.py
[2022-08-09 01:42:18,369] {processor.py:651} INFO - DAG(s) dict_keys(['example_weekday_branch_operator']) retrieved from /home/airflow/.local/lib/python3.7/site-packages/airflow/example_dags/example_branch_day_of_week_operator.py
[2022-08-09 01:42:18,388] {logging_mixin.py:115} INFO - [2022-08-09 01:42:18,388] {dag.py:2371} INFO - Sync 1 DAGs
[2022-08-09 01:42:18,475] {logging_mixin.py:115} INFO - [2022-08-09 01:42:18,475] {dag.py:2919} INFO - Setting next_dagrun for example_weekday_branch_operator to 2022-08-08T00:00:00+00:00, run_after=2022-08-09T00:00:00+00:00
[2022-08-09 01:42:18,482] {processor.py:161} INFO - Processing /home/airflow/.local/lib/python3.7/site-packages/airflow/example_dags/example_branch_day_of_week_operator.py took 0.131 seconds
[2022-08-09 01:42:49,269] {processor.py:153} INFO - Started process (PID=734) to work on /home/airflow/.local/lib/python3.7/site-packages/airflow/example_dags/example_branch_day_of_week_operator.py
[2022-08-09 01:42:49,271] {processor.py:641} INFO - Processing file /home/airflow/.local/lib/python3.7/site-packages/airflow/example_dags/example_branch_day_of_week_operator.py for tasks to queue
[2022-08-09 01:42:49,273] {logging_mixin.py:115} INFO - [2022-08-09 01:42:49,273] {dagbag.py:507} INFO - Filling up the DagBag from /home/airflow/.local/lib/python3.7/site-packages/airflow/example_dags/example_branch_day_of_week_operator.py
[2022-08-09 01:42:49,281] {processor.py:651} INFO - DAG(s) dict_keys(['example_weekday_branch_operator']) retrieved from /home/airflow/.local/lib/python3.7/site-packages/airflow/example_dags/example_branch_day_of_week_operator.py
[2022-08-09 01:42:49,301] {logging_mixin.py:115} INFO - [2022-08-09 01:42:49,301] {dag.py:2371} INFO - Sync 1 DAGs
[2022-08-09 01:42:49,386] {logging_mixin.py:115} INFO - [2022-08-09 01:42:49,386] {dag.py:2919} INFO - Setting next_dagrun for example_weekday_branch_operator to 2022-08-08T00:00:00+00:00, run_after=2022-08-09T00:00:00+00:00
[2022-08-09 01:42:49,393] {processor.py:161} INFO - Processing /home/airflow/.local/lib/python3.7/site-packages/airflow/example_dags/example_branch_day_of_week_operator.py took 0.128 seconds
[2022-08-09 01:43:20,195] {processor.py:153} INFO - Started process (PID=798) to work on /home/airflow/.local/lib/python3.7/site-packages/airflow/example_dags/example_branch_day_of_week_operator.py
[2022-08-09 01:43:20,198] {processor.py:641} INFO - Processing file /home/airflow/.local/lib/python3.7/site-packages/airflow/example_dags/example_branch_day_of_week_operator.py for tasks to queue
[2022-08-09 01:43:20,200] {logging_mixin.py:115} INFO - [2022-08-09 01:43:20,200] {dagbag.py:507} INFO - Filling up the DagBag from /home/airflow/.local/lib/python3.7/site-packages/airflow/example_dags/example_branch_day_of_week_operator.py
[2022-08-09 01:43:20,210] {processor.py:651} INFO - DAG(s) dict_keys(['example_weekday_branch_operator']) retrieved from /home/airflow/.local/lib/python3.7/site-packages/airflow/example_dags/example_branch_day_of_week_operator.py
[2022-08-09 01:43:20,233] {logging_mixin.py:115} INFO - [2022-08-09 01:43:20,233] {dag.py:2371} INFO - Sync 1 DAGs
[2022-08-09 01:43:20,321] {logging_mixin.py:115} INFO - [2022-08-09 01:43:20,321] {dag.py:2919} INFO - Setting next_dagrun for example_weekday_branch_operator to 2022-08-08T00:00:00+00:00, run_after=2022-08-09T00:00:00+00:00
[2022-08-09 01:43:20,328] {processor.py:161} INFO - Processing /home/airflow/.local/lib/python3.7/site-packages/airflow/example_dags/example_branch_day_of_week_operator.py took 0.138 seconds
[2022-08-09 01:43:51,179] {processor.py:153} INFO - Started process (PID=862) to work on /home/airflow/.local/lib/python3.7/site-packages/airflow/example_dags/example_branch_day_of_week_operator.py
[2022-08-09 01:43:51,183] {processor.py:641} INFO - Processing file /home/airflow/.local/lib/python3.7/site-packages/airflow/example_dags/example_branch_day_of_week_operator.py for tasks to queue
[2022-08-09 01:43:51,185] {logging_mixin.py:115} INFO - [2022-08-09 01:43:51,185] {dagbag.py:507} INFO - Filling up the DagBag from /home/airflow/.local/lib/python3.7/site-packages/airflow/example_dags/example_branch_day_of_week_operator.py
[2022-08-09 01:43:51,194] {processor.py:651} INFO - DAG(s) dict_keys(['example_weekday_branch_operator']) retrieved from /home/airflow/.local/lib/python3.7/site-packages/airflow/example_dags/example_branch_day_of_week_operator.py
[2022-08-09 01:43:51,216] {logging_mixin.py:115} INFO - [2022-08-09 01:43:51,216] {dag.py:2371} INFO - Sync 1 DAGs
[2022-08-09 01:43:51,301] {logging_mixin.py:115} INFO - [2022-08-09 01:43:51,301] {dag.py:2919} INFO - Setting next_dagrun for example_weekday_branch_operator to 2022-08-08T00:00:00+00:00, run_after=2022-08-09T00:00:00+00:00
[2022-08-09 01:43:51,308] {processor.py:161} INFO - Processing /home/airflow/.local/lib/python3.7/site-packages/airflow/example_dags/example_branch_day_of_week_operator.py took 0.134 seconds
[2022-08-09 01:44:22,227] {processor.py:153} INFO - Started process (PID=925) to work on /home/airflow/.local/lib/python3.7/site-packages/airflow/example_dags/example_branch_day_of_week_operator.py
[2022-08-09 01:44:22,230] {processor.py:641} INFO - Processing file /home/airflow/.local/lib/python3.7/site-packages/airflow/example_dags/example_branch_day_of_week_operator.py for tasks to queue
[2022-08-09 01:44:22,232] {logging_mixin.py:115} INFO - [2022-08-09 01:44:22,232] {dagbag.py:507} INFO - Filling up the DagBag from /home/airflow/.local/lib/python3.7/site-packages/airflow/example_dags/example_branch_day_of_week_operator.py
[2022-08-09 01:44:22,242] {processor.py:651} INFO - DAG(s) dict_keys(['example_weekday_branch_operator']) retrieved from /home/airflow/.local/lib/python3.7/site-packages/airflow/example_dags/example_branch_day_of_week_operator.py
[2022-08-09 01:44:22,264] {logging_mixin.py:115} INFO - [2022-08-09 01:44:22,264] {dag.py:2371} INFO - Sync 1 DAGs
[2022-08-09 01:44:22,359] {logging_mixin.py:115} INFO - [2022-08-09 01:44:22,359] {dag.py:2919} INFO - Setting next_dagrun for example_weekday_branch_operator to 2022-08-08T00:00:00+00:00, run_after=2022-08-09T00:00:00+00:00
[2022-08-09 01:44:22,366] {processor.py:161} INFO - Processing /home/airflow/.local/lib/python3.7/site-packages/airflow/example_dags/example_branch_day_of_week_operator.py took 0.145 seconds
[2022-08-09 01:44:53,061] {processor.py:153} INFO - Started process (PID=980) to work on /home/airflow/.local/lib/python3.7/site-packages/airflow/example_dags/example_branch_day_of_week_operator.py
[2022-08-09 01:44:53,062] {processor.py:641} INFO - Processing file /home/airflow/.local/lib/python3.7/site-packages/airflow/example_dags/example_branch_day_of_week_operator.py for tasks to queue
[2022-08-09 01:44:53,064] {logging_mixin.py:115} INFO - [2022-08-09 01:44:53,064] {dagbag.py:507} INFO - Filling up the DagBag from /home/airflow/.local/lib/python3.7/site-packages/airflow/example_dags/example_branch_day_of_week_operator.py
[2022-08-09 01:44:53,069] {processor.py:651} INFO - DAG(s) dict_keys(['example_weekday_branch_operator']) retrieved from /home/airflow/.local/lib/python3.7/site-packages/airflow/example_dags/example_branch_day_of_week_operator.py
[2022-08-09 01:44:53,085] {logging_mixin.py:115} INFO - [2022-08-09 01:44:53,085] {dag.py:2371} INFO - Sync 1 DAGs
[2022-08-09 01:44:53,188] {logging_mixin.py:115} INFO - [2022-08-09 01:44:53,188] {dag.py:2919} INFO - Setting next_dagrun for example_weekday_branch_operator to 2022-08-08T00:00:00+00:00, run_after=2022-08-09T00:00:00+00:00
[2022-08-09 01:44:53,200] {processor.py:161} INFO - Processing /home/airflow/.local/lib/python3.7/site-packages/airflow/example_dags/example_branch_day_of_week_operator.py took 0.141 seconds
[2022-08-09 01:45:24,087] {processor.py:153} INFO - Started process (PID=1043) to work on /home/airflow/.local/lib/python3.7/site-packages/airflow/example_dags/example_branch_day_of_week_operator.py
[2022-08-09 01:45:24,089] {processor.py:641} INFO - Processing file /home/airflow/.local/lib/python3.7/site-packages/airflow/example_dags/example_branch_day_of_week_operator.py for tasks to queue
[2022-08-09 01:45:24,090] {logging_mixin.py:115} INFO - [2022-08-09 01:45:24,090] {dagbag.py:507} INFO - Filling up the DagBag from /home/airflow/.local/lib/python3.7/site-packages/airflow/example_dags/example_branch_day_of_week_operator.py
[2022-08-09 01:45:24,095] {processor.py:651} INFO - DAG(s) dict_keys(['example_weekday_branch_operator']) retrieved from /home/airflow/.local/lib/python3.7/site-packages/airflow/example_dags/example_branch_day_of_week_operator.py
[2022-08-09 01:45:24,113] {logging_mixin.py:115} INFO - [2022-08-09 01:45:24,113] {dag.py:2371} INFO - Sync 1 DAGs
[2022-08-09 01:45:24,212] {logging_mixin.py:115} INFO - [2022-08-09 01:45:24,211] {dag.py:2919} INFO - Setting next_dagrun for example_weekday_branch_operator to 2022-08-08T00:00:00+00:00, run_after=2022-08-09T00:00:00+00:00
[2022-08-09 01:45:24,219] {processor.py:161} INFO - Processing /home/airflow/.local/lib/python3.7/site-packages/airflow/example_dags/example_branch_day_of_week_operator.py took 0.135 seconds
[2022-08-09 01:45:54,344] {processor.py:153} INFO - Started process (PID=1107) to work on /home/airflow/.local/lib/python3.7/site-packages/airflow/example_dags/example_branch_day_of_week_operator.py
[2022-08-09 01:45:54,348] {processor.py:641} INFO - Processing file /home/airflow/.local/lib/python3.7/site-packages/airflow/example_dags/example_branch_day_of_week_operator.py for tasks to queue
[2022-08-09 01:45:54,350] {logging_mixin.py:115} INFO - [2022-08-09 01:45:54,350] {dagbag.py:507} INFO - Filling up the DagBag from /home/airflow/.local/lib/python3.7/site-packages/airflow/example_dags/example_branch_day_of_week_operator.py
[2022-08-09 01:45:54,360] {processor.py:651} INFO - DAG(s) dict_keys(['example_weekday_branch_operator']) retrieved from /home/airflow/.local/lib/python3.7/site-packages/airflow/example_dags/example_branch_day_of_week_operator.py
[2022-08-09 01:45:54,382] {logging_mixin.py:115} INFO - [2022-08-09 01:45:54,382] {dag.py:2371} INFO - Sync 1 DAGs
[2022-08-09 01:45:54,471] {logging_mixin.py:115} INFO - [2022-08-09 01:45:54,471] {dag.py:2919} INFO - Setting next_dagrun for example_weekday_branch_operator to 2022-08-08T00:00:00+00:00, run_after=2022-08-09T00:00:00+00:00
[2022-08-09 01:45:54,478] {processor.py:161} INFO - Processing /home/airflow/.local/lib/python3.7/site-packages/airflow/example_dags/example_branch_day_of_week_operator.py took 0.139 seconds
[2022-08-09 01:46:25,340] {processor.py:153} INFO - Started process (PID=1170) to work on /home/airflow/.local/lib/python3.7/site-packages/airflow/example_dags/example_branch_day_of_week_operator.py
[2022-08-09 01:46:25,343] {processor.py:641} INFO - Processing file /home/airflow/.local/lib/python3.7/site-packages/airflow/example_dags/example_branch_day_of_week_operator.py for tasks to queue
[2022-08-09 01:46:25,344] {logging_mixin.py:115} INFO - [2022-08-09 01:46:25,344] {dagbag.py:507} INFO - Filling up the DagBag from /home/airflow/.local/lib/python3.7/site-packages/airflow/example_dags/example_branch_day_of_week_operator.py
[2022-08-09 01:46:25,348] {processor.py:651} INFO - DAG(s) dict_keys(['example_weekday_branch_operator']) retrieved from /home/airflow/.local/lib/python3.7/site-packages/airflow/example_dags/example_branch_day_of_week_operator.py
[2022-08-09 01:46:25,364] {logging_mixin.py:115} INFO - [2022-08-09 01:46:25,364] {dag.py:2371} INFO - Sync 1 DAGs
[2022-08-09 01:46:25,446] {logging_mixin.py:115} INFO - [2022-08-09 01:46:25,446] {dag.py:2919} INFO - Setting next_dagrun for example_weekday_branch_operator to 2022-08-08T00:00:00+00:00, run_after=2022-08-09T00:00:00+00:00
[2022-08-09 01:46:25,453] {processor.py:161} INFO - Processing /home/airflow/.local/lib/python3.7/site-packages/airflow/example_dags/example_branch_day_of_week_operator.py took 0.116 seconds
[2022-08-09 01:46:55,988] {processor.py:153} INFO - Started process (PID=1234) to work on /home/airflow/.local/lib/python3.7/site-packages/airflow/example_dags/example_branch_day_of_week_operator.py
[2022-08-09 01:46:55,992] {processor.py:641} INFO - Processing file /home/airflow/.local/lib/python3.7/site-packages/airflow/example_dags/example_branch_day_of_week_operator.py for tasks to queue
[2022-08-09 01:46:55,994] {logging_mixin.py:115} INFO - [2022-08-09 01:46:55,994] {dagbag.py:507} INFO - Filling up the DagBag from /home/airflow/.local/lib/python3.7/site-packages/airflow/example_dags/example_branch_day_of_week_operator.py
[2022-08-09 01:46:56,004] {processor.py:651} INFO - DAG(s) dict_keys(['example_weekday_branch_operator']) retrieved from /home/airflow/.local/lib/python3.7/site-packages/airflow/example_dags/example_branch_day_of_week_operator.py
[2022-08-09 01:46:56,028] {logging_mixin.py:115} INFO - [2022-08-09 01:46:56,028] {dag.py:2371} INFO - Sync 1 DAGs
[2022-08-09 01:46:56,112] {logging_mixin.py:115} INFO - [2022-08-09 01:46:56,112] {dag.py:2919} INFO - Setting next_dagrun for example_weekday_branch_operator to 2022-08-08T00:00:00+00:00, run_after=2022-08-09T00:00:00+00:00
[2022-08-09 01:46:56,119] {processor.py:161} INFO - Processing /home/airflow/.local/lib/python3.7/site-packages/airflow/example_dags/example_branch_day_of_week_operator.py took 0.137 seconds
[2022-08-09 01:47:26,912] {processor.py:153} INFO - Started process (PID=1298) to work on /home/airflow/.local/lib/python3.7/site-packages/airflow/example_dags/example_branch_day_of_week_operator.py
[2022-08-09 01:47:26,916] {processor.py:641} INFO - Processing file /home/airflow/.local/lib/python3.7/site-packages/airflow/example_dags/example_branch_day_of_week_operator.py for tasks to queue
[2022-08-09 01:47:26,918] {logging_mixin.py:115} INFO - [2022-08-09 01:47:26,918] {dagbag.py:507} INFO - Filling up the DagBag from /home/airflow/.local/lib/python3.7/site-packages/airflow/example_dags/example_branch_day_of_week_operator.py
[2022-08-09 01:47:26,929] {processor.py:651} INFO - DAG(s) dict_keys(['example_weekday_branch_operator']) retrieved from /home/airflow/.local/lib/python3.7/site-packages/airflow/example_dags/example_branch_day_of_week_operator.py
[2022-08-09 01:47:26,952] {logging_mixin.py:115} INFO - [2022-08-09 01:47:26,952] {dag.py:2371} INFO - Sync 1 DAGs
[2022-08-09 01:47:27,039] {logging_mixin.py:115} INFO - [2022-08-09 01:47:27,039] {dag.py:2919} INFO - Setting next_dagrun for example_weekday_branch_operator to 2022-08-08T00:00:00+00:00, run_after=2022-08-09T00:00:00+00:00
[2022-08-09 01:47:27,045] {processor.py:161} INFO - Processing /home/airflow/.local/lib/python3.7/site-packages/airflow/example_dags/example_branch_day_of_week_operator.py took 0.140 seconds
[2022-08-09 01:47:57,685] {processor.py:153} INFO - Started process (PID=1361) to work on /home/airflow/.local/lib/python3.7/site-packages/airflow/example_dags/example_branch_day_of_week_operator.py
[2022-08-09 01:47:57,687] {processor.py:641} INFO - Processing file /home/airflow/.local/lib/python3.7/site-packages/airflow/example_dags/example_branch_day_of_week_operator.py for tasks to queue
[2022-08-09 01:47:57,689] {logging_mixin.py:115} INFO - [2022-08-09 01:47:57,689] {dagbag.py:507} INFO - Filling up the DagBag from /home/airflow/.local/lib/python3.7/site-packages/airflow/example_dags/example_branch_day_of_week_operator.py
[2022-08-09 01:47:57,695] {processor.py:651} INFO - DAG(s) dict_keys(['example_weekday_branch_operator']) retrieved from /home/airflow/.local/lib/python3.7/site-packages/airflow/example_dags/example_branch_day_of_week_operator.py
[2022-08-09 01:47:57,713] {logging_mixin.py:115} INFO - [2022-08-09 01:47:57,713] {dag.py:2371} INFO - Sync 1 DAGs
[2022-08-09 01:47:57,802] {logging_mixin.py:115} INFO - [2022-08-09 01:47:57,802] {dag.py:2919} INFO - Setting next_dagrun for example_weekday_branch_operator to 2022-08-08T00:00:00+00:00, run_after=2022-08-09T00:00:00+00:00
[2022-08-09 01:47:57,809] {processor.py:161} INFO - Processing /home/airflow/.local/lib/python3.7/site-packages/airflow/example_dags/example_branch_day_of_week_operator.py took 0.127 seconds
[2022-08-09 01:48:28,651] {processor.py:153} INFO - Started process (PID=1424) to work on /home/airflow/.local/lib/python3.7/site-packages/airflow/example_dags/example_branch_day_of_week_operator.py
[2022-08-09 01:48:28,655] {processor.py:641} INFO - Processing file /home/airflow/.local/lib/python3.7/site-packages/airflow/example_dags/example_branch_day_of_week_operator.py for tasks to queue
[2022-08-09 01:48:28,657] {logging_mixin.py:115} INFO - [2022-08-09 01:48:28,657] {dagbag.py:507} INFO - Filling up the DagBag from /home/airflow/.local/lib/python3.7/site-packages/airflow/example_dags/example_branch_day_of_week_operator.py
[2022-08-09 01:48:28,670] {processor.py:651} INFO - DAG(s) dict_keys(['example_weekday_branch_operator']) retrieved from /home/airflow/.local/lib/python3.7/site-packages/airflow/example_dags/example_branch_day_of_week_operator.py
[2022-08-09 01:48:28,693] {logging_mixin.py:115} INFO - [2022-08-09 01:48:28,693] {dag.py:2371} INFO - Sync 1 DAGs
[2022-08-09 01:48:28,785] {logging_mixin.py:115} INFO - [2022-08-09 01:48:28,785] {dag.py:2919} INFO - Setting next_dagrun for example_weekday_branch_operator to 2022-08-08T00:00:00+00:00, run_after=2022-08-09T00:00:00+00:00
[2022-08-09 01:48:28,792] {processor.py:161} INFO - Processing /home/airflow/.local/lib/python3.7/site-packages/airflow/example_dags/example_branch_day_of_week_operator.py took 0.147 seconds
[2022-08-09 01:48:59,509] {processor.py:153} INFO - Started process (PID=1478) to work on /home/airflow/.local/lib/python3.7/site-packages/airflow/example_dags/example_branch_day_of_week_operator.py
[2022-08-09 01:48:59,511] {processor.py:641} INFO - Processing file /home/airflow/.local/lib/python3.7/site-packages/airflow/example_dags/example_branch_day_of_week_operator.py for tasks to queue
[2022-08-09 01:48:59,512] {logging_mixin.py:115} INFO - [2022-08-09 01:48:59,512] {dagbag.py:507} INFO - Filling up the DagBag from /home/airflow/.local/lib/python3.7/site-packages/airflow/example_dags/example_branch_day_of_week_operator.py
[2022-08-09 01:48:59,520] {processor.py:651} INFO - DAG(s) dict_keys(['example_weekday_branch_operator']) retrieved from /home/airflow/.local/lib/python3.7/site-packages/airflow/example_dags/example_branch_day_of_week_operator.py
[2022-08-09 01:48:59,539] {logging_mixin.py:115} INFO - [2022-08-09 01:48:59,539] {dag.py:2371} INFO - Sync 1 DAGs
[2022-08-09 01:48:59,638] {logging_mixin.py:115} INFO - [2022-08-09 01:48:59,638] {dag.py:2919} INFO - Setting next_dagrun for example_weekday_branch_operator to 2022-08-08T00:00:00+00:00, run_after=2022-08-09T00:00:00+00:00
[2022-08-09 01:48:59,645] {processor.py:161} INFO - Processing /home/airflow/.local/lib/python3.7/site-packages/airflow/example_dags/example_branch_day_of_week_operator.py took 0.140 seconds
