[2022-08-09 01:37:12,835] {processor.py:153} INFO - Started process (PID=62) to work on /home/airflow/.local/lib/python3.7/site-packages/airflow/example_dags/example_branch_labels.py
[2022-08-09 01:37:12,837] {processor.py:641} INFO - Processing file /home/airflow/.local/lib/python3.7/site-packages/airflow/example_dags/example_branch_labels.py for tasks to queue
[2022-08-09 01:37:12,838] {logging_mixin.py:115} INFO - [2022-08-09 01:37:12,838] {dagbag.py:507} INFO - Filling up the DagBag from /home/airflow/.local/lib/python3.7/site-packages/airflow/example_dags/example_branch_labels.py
[2022-08-09 01:37:12,849] {processor.py:651} INFO - DAG(s) dict_keys(['example_branch_labels']) retrieved from /home/airflow/.local/lib/python3.7/site-packages/airflow/example_dags/example_branch_labels.py
[2022-08-09 01:37:12,885] {logging_mixin.py:115} INFO - [2022-08-09 01:37:12,885] {dag.py:2371} INFO - Sync 1 DAGs
[2022-08-09 01:37:12,909] {logging_mixin.py:115} INFO - [2022-08-09 01:37:12,909] {dag.py:2919} INFO - Setting next_dagrun for example_branch_labels to 2022-08-08T00:00:00+00:00, run_after=2022-08-09T00:00:00+00:00
[2022-08-09 01:37:12,928] {processor.py:161} INFO - Processing /home/airflow/.local/lib/python3.7/site-packages/airflow/example_dags/example_branch_labels.py took 0.111 seconds
[2022-08-09 01:37:43,314] {processor.py:153} INFO - Started process (PID=116) to work on /home/airflow/.local/lib/python3.7/site-packages/airflow/example_dags/example_branch_labels.py
[2022-08-09 01:37:43,316] {processor.py:641} INFO - Processing file /home/airflow/.local/lib/python3.7/site-packages/airflow/example_dags/example_branch_labels.py for tasks to queue
[2022-08-09 01:37:43,317] {logging_mixin.py:115} INFO - [2022-08-09 01:37:43,317] {dagbag.py:507} INFO - Filling up the DagBag from /home/airflow/.local/lib/python3.7/site-packages/airflow/example_dags/example_branch_labels.py
[2022-08-09 01:37:43,320] {processor.py:651} INFO - DAG(s) dict_keys(['example_branch_labels']) retrieved from /home/airflow/.local/lib/python3.7/site-packages/airflow/example_dags/example_branch_labels.py
[2022-08-09 01:37:43,337] {logging_mixin.py:115} INFO - [2022-08-09 01:37:43,337] {dag.py:2371} INFO - Sync 1 DAGs
[2022-08-09 01:37:43,350] {logging_mixin.py:115} INFO - [2022-08-09 01:37:43,350] {dag.py:2919} INFO - Setting next_dagrun for example_branch_labels to 2022-08-08T00:00:00+00:00, run_after=2022-08-09T00:00:00+00:00
[2022-08-09 01:37:43,358] {processor.py:161} INFO - Processing /home/airflow/.local/lib/python3.7/site-packages/airflow/example_dags/example_branch_labels.py took 0.045 seconds
[2022-08-09 01:38:14,049] {processor.py:153} INFO - Started process (PID=179) to work on /home/airflow/.local/lib/python3.7/site-packages/airflow/example_dags/example_branch_labels.py
[2022-08-09 01:38:14,050] {processor.py:641} INFO - Processing file /home/airflow/.local/lib/python3.7/site-packages/airflow/example_dags/example_branch_labels.py for tasks to queue
[2022-08-09 01:38:14,051] {logging_mixin.py:115} INFO - [2022-08-09 01:38:14,051] {dagbag.py:507} INFO - Filling up the DagBag from /home/airflow/.local/lib/python3.7/site-packages/airflow/example_dags/example_branch_labels.py
[2022-08-09 01:38:14,055] {processor.py:651} INFO - DAG(s) dict_keys(['example_branch_labels']) retrieved from /home/airflow/.local/lib/python3.7/site-packages/airflow/example_dags/example_branch_labels.py
[2022-08-09 01:38:14,071] {logging_mixin.py:115} INFO - [2022-08-09 01:38:14,070] {dag.py:2371} INFO - Sync 1 DAGs
[2022-08-09 01:38:14,084] {logging_mixin.py:115} INFO - [2022-08-09 01:38:14,084] {dag.py:2919} INFO - Setting next_dagrun for example_branch_labels to 2022-08-08T00:00:00+00:00, run_after=2022-08-09T00:00:00+00:00
[2022-08-09 01:38:14,091] {processor.py:161} INFO - Processing /home/airflow/.local/lib/python3.7/site-packages/airflow/example_dags/example_branch_labels.py took 0.044 seconds
[2022-08-09 01:38:44,581] {processor.py:153} INFO - Started process (PID=242) to work on /home/airflow/.local/lib/python3.7/site-packages/airflow/example_dags/example_branch_labels.py
[2022-08-09 01:38:44,583] {processor.py:641} INFO - Processing file /home/airflow/.local/lib/python3.7/site-packages/airflow/example_dags/example_branch_labels.py for tasks to queue
[2022-08-09 01:38:44,584] {logging_mixin.py:115} INFO - [2022-08-09 01:38:44,583] {dagbag.py:507} INFO - Filling up the DagBag from /home/airflow/.local/lib/python3.7/site-packages/airflow/example_dags/example_branch_labels.py
[2022-08-09 01:38:44,588] {processor.py:651} INFO - DAG(s) dict_keys(['example_branch_labels']) retrieved from /home/airflow/.local/lib/python3.7/site-packages/airflow/example_dags/example_branch_labels.py
[2022-08-09 01:38:44,604] {logging_mixin.py:115} INFO - [2022-08-09 01:38:44,604] {dag.py:2371} INFO - Sync 1 DAGs
[2022-08-09 01:38:44,618] {logging_mixin.py:115} INFO - [2022-08-09 01:38:44,618] {dag.py:2919} INFO - Setting next_dagrun for example_branch_labels to 2022-08-08T00:00:00+00:00, run_after=2022-08-09T00:00:00+00:00
[2022-08-09 01:38:44,625] {processor.py:161} INFO - Processing /home/airflow/.local/lib/python3.7/site-packages/airflow/example_dags/example_branch_labels.py took 0.046 seconds
[2022-08-09 01:39:15,106] {processor.py:153} INFO - Started process (PID=305) to work on /home/airflow/.local/lib/python3.7/site-packages/airflow/example_dags/example_branch_labels.py
[2022-08-09 01:39:15,107] {processor.py:641} INFO - Processing file /home/airflow/.local/lib/python3.7/site-packages/airflow/example_dags/example_branch_labels.py for tasks to queue
[2022-08-09 01:39:15,108] {logging_mixin.py:115} INFO - [2022-08-09 01:39:15,108] {dagbag.py:507} INFO - Filling up the DagBag from /home/airflow/.local/lib/python3.7/site-packages/airflow/example_dags/example_branch_labels.py
[2022-08-09 01:39:15,113] {processor.py:651} INFO - DAG(s) dict_keys(['example_branch_labels']) retrieved from /home/airflow/.local/lib/python3.7/site-packages/airflow/example_dags/example_branch_labels.py
[2022-08-09 01:39:15,128] {logging_mixin.py:115} INFO - [2022-08-09 01:39:15,128] {dag.py:2371} INFO - Sync 1 DAGs
[2022-08-09 01:39:15,142] {logging_mixin.py:115} INFO - [2022-08-09 01:39:15,142] {dag.py:2919} INFO - Setting next_dagrun for example_branch_labels to 2022-08-08T00:00:00+00:00, run_after=2022-08-09T00:00:00+00:00
[2022-08-09 01:39:15,149] {processor.py:161} INFO - Processing /home/airflow/.local/lib/python3.7/site-packages/airflow/example_dags/example_branch_labels.py took 0.045 seconds
[2022-08-09 01:39:45,788] {processor.py:153} INFO - Started process (PID=368) to work on /home/airflow/.local/lib/python3.7/site-packages/airflow/example_dags/example_branch_labels.py
[2022-08-09 01:39:45,789] {processor.py:641} INFO - Processing file /home/airflow/.local/lib/python3.7/site-packages/airflow/example_dags/example_branch_labels.py for tasks to queue
[2022-08-09 01:39:45,790] {logging_mixin.py:115} INFO - [2022-08-09 01:39:45,790] {dagbag.py:507} INFO - Filling up the DagBag from /home/airflow/.local/lib/python3.7/site-packages/airflow/example_dags/example_branch_labels.py
[2022-08-09 01:39:45,794] {processor.py:651} INFO - DAG(s) dict_keys(['example_branch_labels']) retrieved from /home/airflow/.local/lib/python3.7/site-packages/airflow/example_dags/example_branch_labels.py
[2022-08-09 01:39:45,811] {logging_mixin.py:115} INFO - [2022-08-09 01:39:45,811] {dag.py:2371} INFO - Sync 1 DAGs
[2022-08-09 01:39:45,825] {logging_mixin.py:115} INFO - [2022-08-09 01:39:45,825] {dag.py:2919} INFO - Setting next_dagrun for example_branch_labels to 2022-08-08T00:00:00+00:00, run_after=2022-08-09T00:00:00+00:00
[2022-08-09 01:39:45,832] {processor.py:161} INFO - Processing /home/airflow/.local/lib/python3.7/site-packages/airflow/example_dags/example_branch_labels.py took 0.046 seconds
[2022-08-09 01:40:16,220] {processor.py:153} INFO - Started process (PID=431) to work on /home/airflow/.local/lib/python3.7/site-packages/airflow/example_dags/example_branch_labels.py
[2022-08-09 01:40:16,222] {processor.py:641} INFO - Processing file /home/airflow/.local/lib/python3.7/site-packages/airflow/example_dags/example_branch_labels.py for tasks to queue
[2022-08-09 01:40:16,223] {logging_mixin.py:115} INFO - [2022-08-09 01:40:16,223] {dagbag.py:507} INFO - Filling up the DagBag from /home/airflow/.local/lib/python3.7/site-packages/airflow/example_dags/example_branch_labels.py
[2022-08-09 01:40:16,227] {processor.py:651} INFO - DAG(s) dict_keys(['example_branch_labels']) retrieved from /home/airflow/.local/lib/python3.7/site-packages/airflow/example_dags/example_branch_labels.py
[2022-08-09 01:40:16,243] {logging_mixin.py:115} INFO - [2022-08-09 01:40:16,243] {dag.py:2371} INFO - Sync 1 DAGs
[2022-08-09 01:40:16,258] {logging_mixin.py:115} INFO - [2022-08-09 01:40:16,258] {dag.py:2919} INFO - Setting next_dagrun for example_branch_labels to 2022-08-08T00:00:00+00:00, run_after=2022-08-09T00:00:00+00:00
[2022-08-09 01:40:16,265] {processor.py:161} INFO - Processing /home/airflow/.local/lib/python3.7/site-packages/airflow/example_dags/example_branch_labels.py took 0.047 seconds
[2022-08-09 01:40:46,693] {processor.py:153} INFO - Started process (PID=485) to work on /home/airflow/.local/lib/python3.7/site-packages/airflow/example_dags/example_branch_labels.py
[2022-08-09 01:40:46,694] {processor.py:641} INFO - Processing file /home/airflow/.local/lib/python3.7/site-packages/airflow/example_dags/example_branch_labels.py for tasks to queue
[2022-08-09 01:40:46,695] {logging_mixin.py:115} INFO - [2022-08-09 01:40:46,695] {dagbag.py:507} INFO - Filling up the DagBag from /home/airflow/.local/lib/python3.7/site-packages/airflow/example_dags/example_branch_labels.py
[2022-08-09 01:40:46,699] {processor.py:651} INFO - DAG(s) dict_keys(['example_branch_labels']) retrieved from /home/airflow/.local/lib/python3.7/site-packages/airflow/example_dags/example_branch_labels.py
[2022-08-09 01:40:46,715] {logging_mixin.py:115} INFO - [2022-08-09 01:40:46,715] {dag.py:2371} INFO - Sync 1 DAGs
[2022-08-09 01:40:46,730] {logging_mixin.py:115} INFO - [2022-08-09 01:40:46,730] {dag.py:2919} INFO - Setting next_dagrun for example_branch_labels to 2022-08-08T00:00:00+00:00, run_after=2022-08-09T00:00:00+00:00
[2022-08-09 01:40:46,740] {processor.py:161} INFO - Processing /home/airflow/.local/lib/python3.7/site-packages/airflow/example_dags/example_branch_labels.py took 0.049 seconds
[2022-08-09 01:41:17,300] {processor.py:153} INFO - Started process (PID=548) to work on /home/airflow/.local/lib/python3.7/site-packages/airflow/example_dags/example_branch_labels.py
[2022-08-09 01:41:17,301] {processor.py:641} INFO - Processing file /home/airflow/.local/lib/python3.7/site-packages/airflow/example_dags/example_branch_labels.py for tasks to queue
[2022-08-09 01:41:17,302] {logging_mixin.py:115} INFO - [2022-08-09 01:41:17,302] {dagbag.py:507} INFO - Filling up the DagBag from /home/airflow/.local/lib/python3.7/site-packages/airflow/example_dags/example_branch_labels.py
[2022-08-09 01:41:17,306] {processor.py:651} INFO - DAG(s) dict_keys(['example_branch_labels']) retrieved from /home/airflow/.local/lib/python3.7/site-packages/airflow/example_dags/example_branch_labels.py
[2022-08-09 01:41:17,322] {logging_mixin.py:115} INFO - [2022-08-09 01:41:17,322] {dag.py:2371} INFO - Sync 1 DAGs
[2022-08-09 01:41:17,336] {logging_mixin.py:115} INFO - [2022-08-09 01:41:17,336] {dag.py:2919} INFO - Setting next_dagrun for example_branch_labels to 2022-08-08T00:00:00+00:00, run_after=2022-08-09T00:00:00+00:00
[2022-08-09 01:41:17,343] {processor.py:161} INFO - Processing /home/airflow/.local/lib/python3.7/site-packages/airflow/example_dags/example_branch_labels.py took 0.045 seconds
[2022-08-09 01:41:47,819] {processor.py:153} INFO - Started process (PID=611) to work on /home/airflow/.local/lib/python3.7/site-packages/airflow/example_dags/example_branch_labels.py
[2022-08-09 01:41:47,820] {processor.py:641} INFO - Processing file /home/airflow/.local/lib/python3.7/site-packages/airflow/example_dags/example_branch_labels.py for tasks to queue
[2022-08-09 01:41:47,821] {logging_mixin.py:115} INFO - [2022-08-09 01:41:47,821] {dagbag.py:507} INFO - Filling up the DagBag from /home/airflow/.local/lib/python3.7/site-packages/airflow/example_dags/example_branch_labels.py
[2022-08-09 01:41:47,826] {processor.py:651} INFO - DAG(s) dict_keys(['example_branch_labels']) retrieved from /home/airflow/.local/lib/python3.7/site-packages/airflow/example_dags/example_branch_labels.py
[2022-08-09 01:41:47,842] {logging_mixin.py:115} INFO - [2022-08-09 01:41:47,842] {dag.py:2371} INFO - Sync 1 DAGs
[2022-08-09 01:41:47,856] {logging_mixin.py:115} INFO - [2022-08-09 01:41:47,856] {dag.py:2919} INFO - Setting next_dagrun for example_branch_labels to 2022-08-08T00:00:00+00:00, run_after=2022-08-09T00:00:00+00:00
[2022-08-09 01:41:47,863] {processor.py:161} INFO - Processing /home/airflow/.local/lib/python3.7/site-packages/airflow/example_dags/example_branch_labels.py took 0.046 seconds
[2022-08-09 01:42:18,511] {processor.py:153} INFO - Started process (PID=674) to work on /home/airflow/.local/lib/python3.7/site-packages/airflow/example_dags/example_branch_labels.py
[2022-08-09 01:42:18,512] {processor.py:641} INFO - Processing file /home/airflow/.local/lib/python3.7/site-packages/airflow/example_dags/example_branch_labels.py for tasks to queue
[2022-08-09 01:42:18,513] {logging_mixin.py:115} INFO - [2022-08-09 01:42:18,513] {dagbag.py:507} INFO - Filling up the DagBag from /home/airflow/.local/lib/python3.7/site-packages/airflow/example_dags/example_branch_labels.py
[2022-08-09 01:42:18,517] {processor.py:651} INFO - DAG(s) dict_keys(['example_branch_labels']) retrieved from /home/airflow/.local/lib/python3.7/site-packages/airflow/example_dags/example_branch_labels.py
[2022-08-09 01:42:18,533] {logging_mixin.py:115} INFO - [2022-08-09 01:42:18,533] {dag.py:2371} INFO - Sync 1 DAGs
[2022-08-09 01:42:18,621] {logging_mixin.py:115} INFO - [2022-08-09 01:42:18,621] {dag.py:2919} INFO - Setting next_dagrun for example_branch_labels to 2022-08-08T00:00:00+00:00, run_after=2022-08-09T00:00:00+00:00
[2022-08-09 01:42:18,628] {processor.py:161} INFO - Processing /home/airflow/.local/lib/python3.7/site-packages/airflow/example_dags/example_branch_labels.py took 0.118 seconds
[2022-08-09 01:42:49,419] {processor.py:153} INFO - Started process (PID=737) to work on /home/airflow/.local/lib/python3.7/site-packages/airflow/example_dags/example_branch_labels.py
[2022-08-09 01:42:49,420] {processor.py:641} INFO - Processing file /home/airflow/.local/lib/python3.7/site-packages/airflow/example_dags/example_branch_labels.py for tasks to queue
[2022-08-09 01:42:49,421] {logging_mixin.py:115} INFO - [2022-08-09 01:42:49,421] {dagbag.py:507} INFO - Filling up the DagBag from /home/airflow/.local/lib/python3.7/site-packages/airflow/example_dags/example_branch_labels.py
[2022-08-09 01:42:49,424] {processor.py:651} INFO - DAG(s) dict_keys(['example_branch_labels']) retrieved from /home/airflow/.local/lib/python3.7/site-packages/airflow/example_dags/example_branch_labels.py
[2022-08-09 01:42:49,442] {logging_mixin.py:115} INFO - [2022-08-09 01:42:49,442] {dag.py:2371} INFO - Sync 1 DAGs
[2022-08-09 01:42:49,531] {logging_mixin.py:115} INFO - [2022-08-09 01:42:49,531] {dag.py:2919} INFO - Setting next_dagrun for example_branch_labels to 2022-08-08T00:00:00+00:00, run_after=2022-08-09T00:00:00+00:00
[2022-08-09 01:42:49,537] {processor.py:161} INFO - Processing /home/airflow/.local/lib/python3.7/site-packages/airflow/example_dags/example_branch_labels.py took 0.120 seconds
[2022-08-09 01:43:20,355] {processor.py:153} INFO - Started process (PID=801) to work on /home/airflow/.local/lib/python3.7/site-packages/airflow/example_dags/example_branch_labels.py
[2022-08-09 01:43:20,356] {processor.py:641} INFO - Processing file /home/airflow/.local/lib/python3.7/site-packages/airflow/example_dags/example_branch_labels.py for tasks to queue
[2022-08-09 01:43:20,357] {logging_mixin.py:115} INFO - [2022-08-09 01:43:20,357] {dagbag.py:507} INFO - Filling up the DagBag from /home/airflow/.local/lib/python3.7/site-packages/airflow/example_dags/example_branch_labels.py
[2022-08-09 01:43:20,360] {processor.py:651} INFO - DAG(s) dict_keys(['example_branch_labels']) retrieved from /home/airflow/.local/lib/python3.7/site-packages/airflow/example_dags/example_branch_labels.py
[2022-08-09 01:43:20,378] {logging_mixin.py:115} INFO - [2022-08-09 01:43:20,378] {dag.py:2371} INFO - Sync 1 DAGs
[2022-08-09 01:43:20,465] {logging_mixin.py:115} INFO - [2022-08-09 01:43:20,465] {dag.py:2919} INFO - Setting next_dagrun for example_branch_labels to 2022-08-08T00:00:00+00:00, run_after=2022-08-09T00:00:00+00:00
[2022-08-09 01:43:20,472] {processor.py:161} INFO - Processing /home/airflow/.local/lib/python3.7/site-packages/airflow/example_dags/example_branch_labels.py took 0.119 seconds
[2022-08-09 01:43:51,335] {processor.py:153} INFO - Started process (PID=865) to work on /home/airflow/.local/lib/python3.7/site-packages/airflow/example_dags/example_branch_labels.py
[2022-08-09 01:43:51,336] {processor.py:641} INFO - Processing file /home/airflow/.local/lib/python3.7/site-packages/airflow/example_dags/example_branch_labels.py for tasks to queue
[2022-08-09 01:43:51,336] {logging_mixin.py:115} INFO - [2022-08-09 01:43:51,336] {dagbag.py:507} INFO - Filling up the DagBag from /home/airflow/.local/lib/python3.7/site-packages/airflow/example_dags/example_branch_labels.py
[2022-08-09 01:43:51,340] {processor.py:651} INFO - DAG(s) dict_keys(['example_branch_labels']) retrieved from /home/airflow/.local/lib/python3.7/site-packages/airflow/example_dags/example_branch_labels.py
[2022-08-09 01:43:51,355] {logging_mixin.py:115} INFO - [2022-08-09 01:43:51,355] {dag.py:2371} INFO - Sync 1 DAGs
[2022-08-09 01:43:51,439] {logging_mixin.py:115} INFO - [2022-08-09 01:43:51,439] {dag.py:2919} INFO - Setting next_dagrun for example_branch_labels to 2022-08-08T00:00:00+00:00, run_after=2022-08-09T00:00:00+00:00
[2022-08-09 01:43:51,445] {processor.py:161} INFO - Processing /home/airflow/.local/lib/python3.7/site-packages/airflow/example_dags/example_branch_labels.py took 0.113 seconds
[2022-08-09 01:44:22,396] {processor.py:153} INFO - Started process (PID=928) to work on /home/airflow/.local/lib/python3.7/site-packages/airflow/example_dags/example_branch_labels.py
[2022-08-09 01:44:22,397] {processor.py:641} INFO - Processing file /home/airflow/.local/lib/python3.7/site-packages/airflow/example_dags/example_branch_labels.py for tasks to queue
[2022-08-09 01:44:22,397] {logging_mixin.py:115} INFO - [2022-08-09 01:44:22,397] {dagbag.py:507} INFO - Filling up the DagBag from /home/airflow/.local/lib/python3.7/site-packages/airflow/example_dags/example_branch_labels.py
[2022-08-09 01:44:22,401] {processor.py:651} INFO - DAG(s) dict_keys(['example_branch_labels']) retrieved from /home/airflow/.local/lib/python3.7/site-packages/airflow/example_dags/example_branch_labels.py
[2022-08-09 01:44:22,417] {logging_mixin.py:115} INFO - [2022-08-09 01:44:22,417] {dag.py:2371} INFO - Sync 1 DAGs
[2022-08-09 01:44:22,505] {logging_mixin.py:115} INFO - [2022-08-09 01:44:22,505] {dag.py:2919} INFO - Setting next_dagrun for example_branch_labels to 2022-08-08T00:00:00+00:00, run_after=2022-08-09T00:00:00+00:00
[2022-08-09 01:44:22,512] {processor.py:161} INFO - Processing /home/airflow/.local/lib/python3.7/site-packages/airflow/example_dags/example_branch_labels.py took 0.118 seconds
[2022-08-09 01:44:53,237] {processor.py:153} INFO - Started process (PID=990) to work on /home/airflow/.local/lib/python3.7/site-packages/airflow/example_dags/example_branch_labels.py
[2022-08-09 01:44:53,238] {processor.py:641} INFO - Processing file /home/airflow/.local/lib/python3.7/site-packages/airflow/example_dags/example_branch_labels.py for tasks to queue
[2022-08-09 01:44:53,239] {logging_mixin.py:115} INFO - [2022-08-09 01:44:53,239] {dagbag.py:507} INFO - Filling up the DagBag from /home/airflow/.local/lib/python3.7/site-packages/airflow/example_dags/example_branch_labels.py
[2022-08-09 01:44:53,243] {processor.py:651} INFO - DAG(s) dict_keys(['example_branch_labels']) retrieved from /home/airflow/.local/lib/python3.7/site-packages/airflow/example_dags/example_branch_labels.py
[2022-08-09 01:44:53,259] {logging_mixin.py:115} INFO - [2022-08-09 01:44:53,259] {dag.py:2371} INFO - Sync 1 DAGs
[2022-08-09 01:44:53,355] {logging_mixin.py:115} INFO - [2022-08-09 01:44:53,355] {dag.py:2919} INFO - Setting next_dagrun for example_branch_labels to 2022-08-08T00:00:00+00:00, run_after=2022-08-09T00:00:00+00:00
[2022-08-09 01:44:53,362] {processor.py:161} INFO - Processing /home/airflow/.local/lib/python3.7/site-packages/airflow/example_dags/example_branch_labels.py took 0.127 seconds
[2022-08-09 01:45:24,403] {processor.py:153} INFO - Started process (PID=1046) to work on /home/airflow/.local/lib/python3.7/site-packages/airflow/example_dags/example_branch_labels.py
[2022-08-09 01:45:24,404] {processor.py:641} INFO - Processing file /home/airflow/.local/lib/python3.7/site-packages/airflow/example_dags/example_branch_labels.py for tasks to queue
[2022-08-09 01:45:24,405] {logging_mixin.py:115} INFO - [2022-08-09 01:45:24,405] {dagbag.py:507} INFO - Filling up the DagBag from /home/airflow/.local/lib/python3.7/site-packages/airflow/example_dags/example_branch_labels.py
[2022-08-09 01:45:24,410] {processor.py:651} INFO - DAG(s) dict_keys(['example_branch_labels']) retrieved from /home/airflow/.local/lib/python3.7/site-packages/airflow/example_dags/example_branch_labels.py
[2022-08-09 01:45:24,427] {logging_mixin.py:115} INFO - [2022-08-09 01:45:24,427] {dag.py:2371} INFO - Sync 1 DAGs
[2022-08-09 01:45:24,530] {logging_mixin.py:115} INFO - [2022-08-09 01:45:24,529] {dag.py:2919} INFO - Setting next_dagrun for example_branch_labels to 2022-08-08T00:00:00+00:00, run_after=2022-08-09T00:00:00+00:00
[2022-08-09 01:45:24,538] {processor.py:161} INFO - Processing /home/airflow/.local/lib/python3.7/site-packages/airflow/example_dags/example_branch_labels.py took 0.137 seconds
[2022-08-09 01:45:54,649] {processor.py:153} INFO - Started process (PID=1110) to work on /home/airflow/.local/lib/python3.7/site-packages/airflow/example_dags/example_branch_labels.py
[2022-08-09 01:45:54,651] {processor.py:641} INFO - Processing file /home/airflow/.local/lib/python3.7/site-packages/airflow/example_dags/example_branch_labels.py for tasks to queue
[2022-08-09 01:45:54,652] {logging_mixin.py:115} INFO - [2022-08-09 01:45:54,652] {dagbag.py:507} INFO - Filling up the DagBag from /home/airflow/.local/lib/python3.7/site-packages/airflow/example_dags/example_branch_labels.py
[2022-08-09 01:45:54,656] {processor.py:651} INFO - DAG(s) dict_keys(['example_branch_labels']) retrieved from /home/airflow/.local/lib/python3.7/site-packages/airflow/example_dags/example_branch_labels.py
[2022-08-09 01:45:54,671] {logging_mixin.py:115} INFO - [2022-08-09 01:45:54,671] {dag.py:2371} INFO - Sync 1 DAGs
[2022-08-09 01:45:54,755] {logging_mixin.py:115} INFO - [2022-08-09 01:45:54,755] {dag.py:2919} INFO - Setting next_dagrun for example_branch_labels to 2022-08-08T00:00:00+00:00, run_after=2022-08-09T00:00:00+00:00
[2022-08-09 01:45:54,763] {processor.py:161} INFO - Processing /home/airflow/.local/lib/python3.7/site-packages/airflow/example_dags/example_branch_labels.py took 0.115 seconds
[2022-08-09 01:46:25,481] {processor.py:153} INFO - Started process (PID=1173) to work on /home/airflow/.local/lib/python3.7/site-packages/airflow/example_dags/example_branch_labels.py
[2022-08-09 01:46:25,482] {processor.py:641} INFO - Processing file /home/airflow/.local/lib/python3.7/site-packages/airflow/example_dags/example_branch_labels.py for tasks to queue
[2022-08-09 01:46:25,483] {logging_mixin.py:115} INFO - [2022-08-09 01:46:25,483] {dagbag.py:507} INFO - Filling up the DagBag from /home/airflow/.local/lib/python3.7/site-packages/airflow/example_dags/example_branch_labels.py
[2022-08-09 01:46:25,487] {processor.py:651} INFO - DAG(s) dict_keys(['example_branch_labels']) retrieved from /home/airflow/.local/lib/python3.7/site-packages/airflow/example_dags/example_branch_labels.py
[2022-08-09 01:46:25,503] {logging_mixin.py:115} INFO - [2022-08-09 01:46:25,503] {dag.py:2371} INFO - Sync 1 DAGs
[2022-08-09 01:46:25,590] {logging_mixin.py:115} INFO - [2022-08-09 01:46:25,590] {dag.py:2919} INFO - Setting next_dagrun for example_branch_labels to 2022-08-08T00:00:00+00:00, run_after=2022-08-09T00:00:00+00:00
[2022-08-09 01:46:25,598] {processor.py:161} INFO - Processing /home/airflow/.local/lib/python3.7/site-packages/airflow/example_dags/example_branch_labels.py took 0.119 seconds
[2022-08-09 01:46:56,146] {processor.py:153} INFO - Started process (PID=1237) to work on /home/airflow/.local/lib/python3.7/site-packages/airflow/example_dags/example_branch_labels.py
[2022-08-09 01:46:56,147] {processor.py:641} INFO - Processing file /home/airflow/.local/lib/python3.7/site-packages/airflow/example_dags/example_branch_labels.py for tasks to queue
[2022-08-09 01:46:56,148] {logging_mixin.py:115} INFO - [2022-08-09 01:46:56,148] {dagbag.py:507} INFO - Filling up the DagBag from /home/airflow/.local/lib/python3.7/site-packages/airflow/example_dags/example_branch_labels.py
[2022-08-09 01:46:56,152] {processor.py:651} INFO - DAG(s) dict_keys(['example_branch_labels']) retrieved from /home/airflow/.local/lib/python3.7/site-packages/airflow/example_dags/example_branch_labels.py
[2022-08-09 01:46:56,169] {logging_mixin.py:115} INFO - [2022-08-09 01:46:56,169] {dag.py:2371} INFO - Sync 1 DAGs
[2022-08-09 01:46:56,257] {logging_mixin.py:115} INFO - [2022-08-09 01:46:56,257] {dag.py:2919} INFO - Setting next_dagrun for example_branch_labels to 2022-08-08T00:00:00+00:00, run_after=2022-08-09T00:00:00+00:00
[2022-08-09 01:46:56,264] {processor.py:161} INFO - Processing /home/airflow/.local/lib/python3.7/site-packages/airflow/example_dags/example_branch_labels.py took 0.120 seconds
[2022-08-09 01:47:27,074] {processor.py:153} INFO - Started process (PID=1301) to work on /home/airflow/.local/lib/python3.7/site-packages/airflow/example_dags/example_branch_labels.py
[2022-08-09 01:47:27,075] {processor.py:641} INFO - Processing file /home/airflow/.local/lib/python3.7/site-packages/airflow/example_dags/example_branch_labels.py for tasks to queue
[2022-08-09 01:47:27,076] {logging_mixin.py:115} INFO - [2022-08-09 01:47:27,076] {dagbag.py:507} INFO - Filling up the DagBag from /home/airflow/.local/lib/python3.7/site-packages/airflow/example_dags/example_branch_labels.py
[2022-08-09 01:47:27,080] {processor.py:651} INFO - DAG(s) dict_keys(['example_branch_labels']) retrieved from /home/airflow/.local/lib/python3.7/site-packages/airflow/example_dags/example_branch_labels.py
[2022-08-09 01:47:27,096] {logging_mixin.py:115} INFO - [2022-08-09 01:47:27,096] {dag.py:2371} INFO - Sync 1 DAGs
[2022-08-09 01:47:27,185] {logging_mixin.py:115} INFO - [2022-08-09 01:47:27,185] {dag.py:2919} INFO - Setting next_dagrun for example_branch_labels to 2022-08-08T00:00:00+00:00, run_after=2022-08-09T00:00:00+00:00
[2022-08-09 01:47:27,190] {processor.py:161} INFO - Processing /home/airflow/.local/lib/python3.7/site-packages/airflow/example_dags/example_branch_labels.py took 0.118 seconds
[2022-08-09 01:47:57,834] {processor.py:153} INFO - Started process (PID=1364) to work on /home/airflow/.local/lib/python3.7/site-packages/airflow/example_dags/example_branch_labels.py
[2022-08-09 01:47:57,835] {processor.py:641} INFO - Processing file /home/airflow/.local/lib/python3.7/site-packages/airflow/example_dags/example_branch_labels.py for tasks to queue
[2022-08-09 01:47:57,836] {logging_mixin.py:115} INFO - [2022-08-09 01:47:57,836] {dagbag.py:507} INFO - Filling up the DagBag from /home/airflow/.local/lib/python3.7/site-packages/airflow/example_dags/example_branch_labels.py
[2022-08-09 01:47:57,840] {processor.py:651} INFO - DAG(s) dict_keys(['example_branch_labels']) retrieved from /home/airflow/.local/lib/python3.7/site-packages/airflow/example_dags/example_branch_labels.py
[2022-08-09 01:47:57,857] {logging_mixin.py:115} INFO - [2022-08-09 01:47:57,857] {dag.py:2371} INFO - Sync 1 DAGs
[2022-08-09 01:47:57,945] {logging_mixin.py:115} INFO - [2022-08-09 01:47:57,945] {dag.py:2919} INFO - Setting next_dagrun for example_branch_labels to 2022-08-08T00:00:00+00:00, run_after=2022-08-09T00:00:00+00:00
[2022-08-09 01:47:57,951] {processor.py:161} INFO - Processing /home/airflow/.local/lib/python3.7/site-packages/airflow/example_dags/example_branch_labels.py took 0.119 seconds
[2022-08-09 01:48:28,827] {processor.py:153} INFO - Started process (PID=1427) to work on /home/airflow/.local/lib/python3.7/site-packages/airflow/example_dags/example_branch_labels.py
[2022-08-09 01:48:28,828] {processor.py:641} INFO - Processing file /home/airflow/.local/lib/python3.7/site-packages/airflow/example_dags/example_branch_labels.py for tasks to queue
[2022-08-09 01:48:28,829] {logging_mixin.py:115} INFO - [2022-08-09 01:48:28,829] {dagbag.py:507} INFO - Filling up the DagBag from /home/airflow/.local/lib/python3.7/site-packages/airflow/example_dags/example_branch_labels.py
[2022-08-09 01:48:28,833] {processor.py:651} INFO - DAG(s) dict_keys(['example_branch_labels']) retrieved from /home/airflow/.local/lib/python3.7/site-packages/airflow/example_dags/example_branch_labels.py
[2022-08-09 01:48:28,849] {logging_mixin.py:115} INFO - [2022-08-09 01:48:28,849] {dag.py:2371} INFO - Sync 1 DAGs
[2022-08-09 01:48:28,932] {logging_mixin.py:115} INFO - [2022-08-09 01:48:28,932] {dag.py:2919} INFO - Setting next_dagrun for example_branch_labels to 2022-08-08T00:00:00+00:00, run_after=2022-08-09T00:00:00+00:00
[2022-08-09 01:48:28,939] {processor.py:161} INFO - Processing /home/airflow/.local/lib/python3.7/site-packages/airflow/example_dags/example_branch_labels.py took 0.114 seconds
[2022-08-09 01:48:59,681] {processor.py:153} INFO - Started process (PID=1488) to work on /home/airflow/.local/lib/python3.7/site-packages/airflow/example_dags/example_branch_labels.py
[2022-08-09 01:48:59,683] {processor.py:641} INFO - Processing file /home/airflow/.local/lib/python3.7/site-packages/airflow/example_dags/example_branch_labels.py for tasks to queue
[2022-08-09 01:48:59,684] {logging_mixin.py:115} INFO - [2022-08-09 01:48:59,684] {dagbag.py:507} INFO - Filling up the DagBag from /home/airflow/.local/lib/python3.7/site-packages/airflow/example_dags/example_branch_labels.py
[2022-08-09 01:48:59,688] {processor.py:651} INFO - DAG(s) dict_keys(['example_branch_labels']) retrieved from /home/airflow/.local/lib/python3.7/site-packages/airflow/example_dags/example_branch_labels.py
[2022-08-09 01:48:59,705] {logging_mixin.py:115} INFO - [2022-08-09 01:48:59,705] {dag.py:2371} INFO - Sync 1 DAGs
[2022-08-09 01:48:59,801] {logging_mixin.py:115} INFO - [2022-08-09 01:48:59,801] {dag.py:2919} INFO - Setting next_dagrun for example_branch_labels to 2022-08-08T00:00:00+00:00, run_after=2022-08-09T00:00:00+00:00
[2022-08-09 01:48:59,808] {processor.py:161} INFO - Processing /home/airflow/.local/lib/python3.7/site-packages/airflow/example_dags/example_branch_labels.py took 0.129 seconds
[2022-08-09 01:49:30,608] {processor.py:153} INFO - Started process (PID=1544) to work on /home/airflow/.local/lib/python3.7/site-packages/airflow/example_dags/example_branch_labels.py
[2022-08-09 01:49:30,610] {processor.py:641} INFO - Processing file /home/airflow/.local/lib/python3.7/site-packages/airflow/example_dags/example_branch_labels.py for tasks to queue
[2022-08-09 01:49:30,613] {logging_mixin.py:115} INFO - [2022-08-09 01:49:30,613] {dagbag.py:507} INFO - Filling up the DagBag from /home/airflow/.local/lib/python3.7/site-packages/airflow/example_dags/example_branch_labels.py
[2022-08-09 01:49:30,627] {processor.py:651} INFO - DAG(s) dict_keys(['example_branch_labels']) retrieved from /home/airflow/.local/lib/python3.7/site-packages/airflow/example_dags/example_branch_labels.py
[2022-08-09 01:49:30,648] {logging_mixin.py:115} INFO - [2022-08-09 01:49:30,648] {dag.py:2371} INFO - Sync 1 DAGs
[2022-08-09 01:49:30,744] {logging_mixin.py:115} INFO - [2022-08-09 01:49:30,744] {dag.py:2919} INFO - Setting next_dagrun for example_branch_labels to 2022-08-08T00:00:00+00:00, run_after=2022-08-09T00:00:00+00:00
[2022-08-09 01:49:30,753] {processor.py:161} INFO - Processing /home/airflow/.local/lib/python3.7/site-packages/airflow/example_dags/example_branch_labels.py took 0.149 seconds
[2022-08-09 01:50:01,461] {processor.py:153} INFO - Started process (PID=1607) to work on /home/airflow/.local/lib/python3.7/site-packages/airflow/example_dags/example_branch_labels.py
[2022-08-09 01:50:01,463] {processor.py:641} INFO - Processing file /home/airflow/.local/lib/python3.7/site-packages/airflow/example_dags/example_branch_labels.py for tasks to queue
[2022-08-09 01:50:01,463] {logging_mixin.py:115} INFO - [2022-08-09 01:50:01,463] {dagbag.py:507} INFO - Filling up the DagBag from /home/airflow/.local/lib/python3.7/site-packages/airflow/example_dags/example_branch_labels.py
[2022-08-09 01:50:01,467] {processor.py:651} INFO - DAG(s) dict_keys(['example_branch_labels']) retrieved from /home/airflow/.local/lib/python3.7/site-packages/airflow/example_dags/example_branch_labels.py
[2022-08-09 01:50:01,484] {logging_mixin.py:115} INFO - [2022-08-09 01:50:01,484] {dag.py:2371} INFO - Sync 1 DAGs
[2022-08-09 01:50:01,603] {logging_mixin.py:115} INFO - [2022-08-09 01:50:01,602] {dag.py:2919} INFO - Setting next_dagrun for example_branch_labels to 2022-08-08T00:00:00+00:00, run_after=2022-08-09T00:00:00+00:00
[2022-08-09 01:50:01,612] {processor.py:161} INFO - Processing /home/airflow/.local/lib/python3.7/site-packages/airflow/example_dags/example_branch_labels.py took 0.153 seconds
