[2022-08-09 01:37:09,406] {processor.py:153} INFO - Started process (PID=39) to work on /home/airflow/.local/lib/python3.7/site-packages/airflow/example_dags/example_xcomargs.py
[2022-08-09 01:37:09,408] {processor.py:641} INFO - Processing file /home/airflow/.local/lib/python3.7/site-packages/airflow/example_dags/example_xcomargs.py for tasks to queue
[2022-08-09 01:37:09,409] {logging_mixin.py:115} INFO - [2022-08-09 01:37:09,409] {dagbag.py:507} INFO - Filling up the DagBag from /home/airflow/.local/lib/python3.7/site-packages/airflow/example_dags/example_xcomargs.py
[2022-08-09 01:37:09,440] {processor.py:651} INFO - DAG(s) dict_keys(['example_xcom_args', 'example_xcom_args_with_operators']) retrieved from /home/airflow/.local/lib/python3.7/site-packages/airflow/example_dags/example_xcomargs.py
[2022-08-09 01:37:09,684] {logging_mixin.py:115} INFO - [2022-08-09 01:37:09,684] {dag.py:2371} INFO - Sync 2 DAGs
[2022-08-09 01:37:09,708] {logging_mixin.py:115} INFO - [2022-08-09 01:37:09,708] {dag.py:2919} INFO - Setting next_dagrun for example_xcom_args to None, run_after=None
[2022-08-09 01:37:09,711] {logging_mixin.py:115} INFO - [2022-08-09 01:37:09,711] {dag.py:2919} INFO - Setting next_dagrun for example_xcom_args_with_operators to None, run_after=None
[2022-08-09 01:37:09,724] {processor.py:161} INFO - Processing /home/airflow/.local/lib/python3.7/site-packages/airflow/example_dags/example_xcomargs.py took 0.320 seconds
[2022-08-09 01:37:40,341] {processor.py:153} INFO - Started process (PID=102) to work on /home/airflow/.local/lib/python3.7/site-packages/airflow/example_dags/example_xcomargs.py
[2022-08-09 01:37:40,342] {processor.py:641} INFO - Processing file /home/airflow/.local/lib/python3.7/site-packages/airflow/example_dags/example_xcomargs.py for tasks to queue
[2022-08-09 01:37:40,344] {logging_mixin.py:115} INFO - [2022-08-09 01:37:40,343] {dagbag.py:507} INFO - Filling up the DagBag from /home/airflow/.local/lib/python3.7/site-packages/airflow/example_dags/example_xcomargs.py
[2022-08-09 01:37:40,362] {processor.py:651} INFO - DAG(s) dict_keys(['example_xcom_args', 'example_xcom_args_with_operators']) retrieved from /home/airflow/.local/lib/python3.7/site-packages/airflow/example_dags/example_xcomargs.py
[2022-08-09 01:37:40,486] {logging_mixin.py:115} INFO - [2022-08-09 01:37:40,486] {dag.py:2371} INFO - Sync 2 DAGs
[2022-08-09 01:37:40,498] {logging_mixin.py:115} INFO - [2022-08-09 01:37:40,498] {dag.py:2919} INFO - Setting next_dagrun for example_xcom_args to None, run_after=None
[2022-08-09 01:37:40,499] {logging_mixin.py:115} INFO - [2022-08-09 01:37:40,499] {dag.py:2919} INFO - Setting next_dagrun for example_xcom_args_with_operators to None, run_after=None
[2022-08-09 01:37:40,508] {processor.py:161} INFO - Processing /home/airflow/.local/lib/python3.7/site-packages/airflow/example_dags/example_xcomargs.py took 0.170 seconds
[2022-08-09 01:38:11,053] {processor.py:153} INFO - Started process (PID=165) to work on /home/airflow/.local/lib/python3.7/site-packages/airflow/example_dags/example_xcomargs.py
[2022-08-09 01:38:11,054] {processor.py:641} INFO - Processing file /home/airflow/.local/lib/python3.7/site-packages/airflow/example_dags/example_xcomargs.py for tasks to queue
[2022-08-09 01:38:11,055] {logging_mixin.py:115} INFO - [2022-08-09 01:38:11,055] {dagbag.py:507} INFO - Filling up the DagBag from /home/airflow/.local/lib/python3.7/site-packages/airflow/example_dags/example_xcomargs.py
[2022-08-09 01:38:11,066] {processor.py:651} INFO - DAG(s) dict_keys(['example_xcom_args', 'example_xcom_args_with_operators']) retrieved from /home/airflow/.local/lib/python3.7/site-packages/airflow/example_dags/example_xcomargs.py
[2022-08-09 01:38:11,198] {logging_mixin.py:115} INFO - [2022-08-09 01:38:11,198] {dag.py:2371} INFO - Sync 2 DAGs
[2022-08-09 01:38:11,208] {logging_mixin.py:115} INFO - [2022-08-09 01:38:11,208] {dag.py:2919} INFO - Setting next_dagrun for example_xcom_args to None, run_after=None
[2022-08-09 01:38:11,210] {logging_mixin.py:115} INFO - [2022-08-09 01:38:11,210] {dag.py:2919} INFO - Setting next_dagrun for example_xcom_args_with_operators to None, run_after=None
[2022-08-09 01:38:11,219] {processor.py:161} INFO - Processing /home/airflow/.local/lib/python3.7/site-packages/airflow/example_dags/example_xcomargs.py took 0.168 seconds
[2022-08-09 01:38:41,521] {processor.py:153} INFO - Started process (PID=228) to work on /home/airflow/.local/lib/python3.7/site-packages/airflow/example_dags/example_xcomargs.py
[2022-08-09 01:38:41,523] {processor.py:641} INFO - Processing file /home/airflow/.local/lib/python3.7/site-packages/airflow/example_dags/example_xcomargs.py for tasks to queue
[2022-08-09 01:38:41,524] {logging_mixin.py:115} INFO - [2022-08-09 01:38:41,524] {dagbag.py:507} INFO - Filling up the DagBag from /home/airflow/.local/lib/python3.7/site-packages/airflow/example_dags/example_xcomargs.py
[2022-08-09 01:38:41,538] {processor.py:651} INFO - DAG(s) dict_keys(['example_xcom_args', 'example_xcom_args_with_operators']) retrieved from /home/airflow/.local/lib/python3.7/site-packages/airflow/example_dags/example_xcomargs.py
[2022-08-09 01:38:41,666] {logging_mixin.py:115} INFO - [2022-08-09 01:38:41,666] {dag.py:2371} INFO - Sync 2 DAGs
[2022-08-09 01:38:41,677] {logging_mixin.py:115} INFO - [2022-08-09 01:38:41,677] {dag.py:2919} INFO - Setting next_dagrun for example_xcom_args to None, run_after=None
[2022-08-09 01:38:41,679] {logging_mixin.py:115} INFO - [2022-08-09 01:38:41,679] {dag.py:2919} INFO - Setting next_dagrun for example_xcom_args_with_operators to None, run_after=None
[2022-08-09 01:38:41,687] {processor.py:161} INFO - Processing /home/airflow/.local/lib/python3.7/site-packages/airflow/example_dags/example_xcomargs.py took 0.168 seconds
[2022-08-09 01:39:12,034] {processor.py:153} INFO - Started process (PID=291) to work on /home/airflow/.local/lib/python3.7/site-packages/airflow/example_dags/example_xcomargs.py
[2022-08-09 01:39:12,036] {processor.py:641} INFO - Processing file /home/airflow/.local/lib/python3.7/site-packages/airflow/example_dags/example_xcomargs.py for tasks to queue
[2022-08-09 01:39:12,037] {logging_mixin.py:115} INFO - [2022-08-09 01:39:12,037] {dagbag.py:507} INFO - Filling up the DagBag from /home/airflow/.local/lib/python3.7/site-packages/airflow/example_dags/example_xcomargs.py
[2022-08-09 01:39:12,048] {processor.py:651} INFO - DAG(s) dict_keys(['example_xcom_args', 'example_xcom_args_with_operators']) retrieved from /home/airflow/.local/lib/python3.7/site-packages/airflow/example_dags/example_xcomargs.py
[2022-08-09 01:39:12,181] {logging_mixin.py:115} INFO - [2022-08-09 01:39:12,181] {dag.py:2371} INFO - Sync 2 DAGs
[2022-08-09 01:39:12,193] {logging_mixin.py:115} INFO - [2022-08-09 01:39:12,193] {dag.py:2919} INFO - Setting next_dagrun for example_xcom_args to None, run_after=None
[2022-08-09 01:39:12,194] {logging_mixin.py:115} INFO - [2022-08-09 01:39:12,194] {dag.py:2919} INFO - Setting next_dagrun for example_xcom_args_with_operators to None, run_after=None
[2022-08-09 01:39:12,203] {processor.py:161} INFO - Processing /home/airflow/.local/lib/python3.7/site-packages/airflow/example_dags/example_xcomargs.py took 0.170 seconds
[2022-08-09 01:39:42,602] {processor.py:153} INFO - Started process (PID=345) to work on /home/airflow/.local/lib/python3.7/site-packages/airflow/example_dags/example_xcomargs.py
[2022-08-09 01:39:42,603] {processor.py:641} INFO - Processing file /home/airflow/.local/lib/python3.7/site-packages/airflow/example_dags/example_xcomargs.py for tasks to queue
[2022-08-09 01:39:42,604] {logging_mixin.py:115} INFO - [2022-08-09 01:39:42,604] {dagbag.py:507} INFO - Filling up the DagBag from /home/airflow/.local/lib/python3.7/site-packages/airflow/example_dags/example_xcomargs.py
[2022-08-09 01:39:42,616] {processor.py:651} INFO - DAG(s) dict_keys(['example_xcom_args', 'example_xcom_args_with_operators']) retrieved from /home/airflow/.local/lib/python3.7/site-packages/airflow/example_dags/example_xcomargs.py
[2022-08-09 01:39:42,734] {logging_mixin.py:115} INFO - [2022-08-09 01:39:42,734] {dag.py:2371} INFO - Sync 2 DAGs
[2022-08-09 01:39:42,746] {logging_mixin.py:115} INFO - [2022-08-09 01:39:42,746] {dag.py:2919} INFO - Setting next_dagrun for example_xcom_args to None, run_after=None
[2022-08-09 01:39:42,753] {logging_mixin.py:115} INFO - [2022-08-09 01:39:42,752] {dag.py:2919} INFO - Setting next_dagrun for example_xcom_args_with_operators to None, run_after=None
[2022-08-09 01:39:42,762] {processor.py:161} INFO - Processing /home/airflow/.local/lib/python3.7/site-packages/airflow/example_dags/example_xcomargs.py took 0.163 seconds
[2022-08-09 01:40:13,167] {processor.py:153} INFO - Started process (PID=408) to work on /home/airflow/.local/lib/python3.7/site-packages/airflow/example_dags/example_xcomargs.py
[2022-08-09 01:40:13,169] {processor.py:641} INFO - Processing file /home/airflow/.local/lib/python3.7/site-packages/airflow/example_dags/example_xcomargs.py for tasks to queue
[2022-08-09 01:40:13,170] {logging_mixin.py:115} INFO - [2022-08-09 01:40:13,170] {dagbag.py:507} INFO - Filling up the DagBag from /home/airflow/.local/lib/python3.7/site-packages/airflow/example_dags/example_xcomargs.py
[2022-08-09 01:40:13,181] {processor.py:651} INFO - DAG(s) dict_keys(['example_xcom_args', 'example_xcom_args_with_operators']) retrieved from /home/airflow/.local/lib/python3.7/site-packages/airflow/example_dags/example_xcomargs.py
[2022-08-09 01:40:13,299] {logging_mixin.py:115} INFO - [2022-08-09 01:40:13,298] {dag.py:2371} INFO - Sync 2 DAGs
[2022-08-09 01:40:13,309] {logging_mixin.py:115} INFO - [2022-08-09 01:40:13,309] {dag.py:2919} INFO - Setting next_dagrun for example_xcom_args to None, run_after=None
[2022-08-09 01:40:13,310] {logging_mixin.py:115} INFO - [2022-08-09 01:40:13,310] {dag.py:2919} INFO - Setting next_dagrun for example_xcom_args_with_operators to None, run_after=None
[2022-08-09 01:40:13,317] {processor.py:161} INFO - Processing /home/airflow/.local/lib/python3.7/site-packages/airflow/example_dags/example_xcomargs.py took 0.152 seconds
[2022-08-09 01:40:43,696] {processor.py:153} INFO - Started process (PID=471) to work on /home/airflow/.local/lib/python3.7/site-packages/airflow/example_dags/example_xcomargs.py
[2022-08-09 01:40:43,697] {processor.py:641} INFO - Processing file /home/airflow/.local/lib/python3.7/site-packages/airflow/example_dags/example_xcomargs.py for tasks to queue
[2022-08-09 01:40:43,698] {logging_mixin.py:115} INFO - [2022-08-09 01:40:43,698] {dagbag.py:507} INFO - Filling up the DagBag from /home/airflow/.local/lib/python3.7/site-packages/airflow/example_dags/example_xcomargs.py
[2022-08-09 01:40:43,709] {processor.py:651} INFO - DAG(s) dict_keys(['example_xcom_args', 'example_xcom_args_with_operators']) retrieved from /home/airflow/.local/lib/python3.7/site-packages/airflow/example_dags/example_xcomargs.py
[2022-08-09 01:40:43,828] {logging_mixin.py:115} INFO - [2022-08-09 01:40:43,828] {dag.py:2371} INFO - Sync 2 DAGs
[2022-08-09 01:40:43,838] {logging_mixin.py:115} INFO - [2022-08-09 01:40:43,838] {dag.py:2919} INFO - Setting next_dagrun for example_xcom_args to None, run_after=None
[2022-08-09 01:40:43,839] {logging_mixin.py:115} INFO - [2022-08-09 01:40:43,839] {dag.py:2919} INFO - Setting next_dagrun for example_xcom_args_with_operators to None, run_after=None
[2022-08-09 01:40:43,847] {processor.py:161} INFO - Processing /home/airflow/.local/lib/python3.7/site-packages/airflow/example_dags/example_xcomargs.py took 0.153 seconds
[2022-08-09 01:41:14,296] {processor.py:153} INFO - Started process (PID=534) to work on /home/airflow/.local/lib/python3.7/site-packages/airflow/example_dags/example_xcomargs.py
[2022-08-09 01:41:14,298] {processor.py:641} INFO - Processing file /home/airflow/.local/lib/python3.7/site-packages/airflow/example_dags/example_xcomargs.py for tasks to queue
[2022-08-09 01:41:14,299] {logging_mixin.py:115} INFO - [2022-08-09 01:41:14,299] {dagbag.py:507} INFO - Filling up the DagBag from /home/airflow/.local/lib/python3.7/site-packages/airflow/example_dags/example_xcomargs.py
[2022-08-09 01:41:14,309] {processor.py:651} INFO - DAG(s) dict_keys(['example_xcom_args', 'example_xcom_args_with_operators']) retrieved from /home/airflow/.local/lib/python3.7/site-packages/airflow/example_dags/example_xcomargs.py
[2022-08-09 01:41:14,428] {logging_mixin.py:115} INFO - [2022-08-09 01:41:14,428] {dag.py:2371} INFO - Sync 2 DAGs
[2022-08-09 01:41:14,439] {logging_mixin.py:115} INFO - [2022-08-09 01:41:14,439] {dag.py:2919} INFO - Setting next_dagrun for example_xcom_args to None, run_after=None
[2022-08-09 01:41:14,441] {logging_mixin.py:115} INFO - [2022-08-09 01:41:14,440] {dag.py:2919} INFO - Setting next_dagrun for example_xcom_args_with_operators to None, run_after=None
[2022-08-09 01:41:14,448] {processor.py:161} INFO - Processing /home/airflow/.local/lib/python3.7/site-packages/airflow/example_dags/example_xcomargs.py took 0.154 seconds
[2022-08-09 01:41:44,836] {processor.py:153} INFO - Started process (PID=597) to work on /home/airflow/.local/lib/python3.7/site-packages/airflow/example_dags/example_xcomargs.py
[2022-08-09 01:41:44,838] {processor.py:641} INFO - Processing file /home/airflow/.local/lib/python3.7/site-packages/airflow/example_dags/example_xcomargs.py for tasks to queue
[2022-08-09 01:41:44,839] {logging_mixin.py:115} INFO - [2022-08-09 01:41:44,839] {dagbag.py:507} INFO - Filling up the DagBag from /home/airflow/.local/lib/python3.7/site-packages/airflow/example_dags/example_xcomargs.py
[2022-08-09 01:41:44,853] {processor.py:651} INFO - DAG(s) dict_keys(['example_xcom_args', 'example_xcom_args_with_operators']) retrieved from /home/airflow/.local/lib/python3.7/site-packages/airflow/example_dags/example_xcomargs.py
[2022-08-09 01:41:44,971] {logging_mixin.py:115} INFO - [2022-08-09 01:41:44,970] {dag.py:2371} INFO - Sync 2 DAGs
[2022-08-09 01:41:44,981] {logging_mixin.py:115} INFO - [2022-08-09 01:41:44,981] {dag.py:2919} INFO - Setting next_dagrun for example_xcom_args to None, run_after=None
[2022-08-09 01:41:44,983] {logging_mixin.py:115} INFO - [2022-08-09 01:41:44,982] {dag.py:2919} INFO - Setting next_dagrun for example_xcom_args_with_operators to None, run_after=None
[2022-08-09 01:41:44,991] {processor.py:161} INFO - Processing /home/airflow/.local/lib/python3.7/site-packages/airflow/example_dags/example_xcomargs.py took 0.157 seconds
[2022-08-09 01:42:15,464] {processor.py:153} INFO - Started process (PID=660) to work on /home/airflow/.local/lib/python3.7/site-packages/airflow/example_dags/example_xcomargs.py
[2022-08-09 01:42:15,465] {processor.py:641} INFO - Processing file /home/airflow/.local/lib/python3.7/site-packages/airflow/example_dags/example_xcomargs.py for tasks to queue
[2022-08-09 01:42:15,466] {logging_mixin.py:115} INFO - [2022-08-09 01:42:15,466] {dagbag.py:507} INFO - Filling up the DagBag from /home/airflow/.local/lib/python3.7/site-packages/airflow/example_dags/example_xcomargs.py
[2022-08-09 01:42:15,478] {processor.py:651} INFO - DAG(s) dict_keys(['example_xcom_args', 'example_xcom_args_with_operators']) retrieved from /home/airflow/.local/lib/python3.7/site-packages/airflow/example_dags/example_xcomargs.py
[2022-08-09 01:42:15,597] {logging_mixin.py:115} INFO - [2022-08-09 01:42:15,597] {dag.py:2371} INFO - Sync 2 DAGs
[2022-08-09 01:42:15,609] {logging_mixin.py:115} INFO - [2022-08-09 01:42:15,608] {dag.py:2919} INFO - Setting next_dagrun for example_xcom_args to None, run_after=None
[2022-08-09 01:42:15,610] {logging_mixin.py:115} INFO - [2022-08-09 01:42:15,610] {dag.py:2919} INFO - Setting next_dagrun for example_xcom_args_with_operators to None, run_after=None
[2022-08-09 01:42:15,619] {processor.py:161} INFO - Processing /home/airflow/.local/lib/python3.7/site-packages/airflow/example_dags/example_xcomargs.py took 0.157 seconds
[2022-08-09 01:42:46,285] {processor.py:153} INFO - Started process (PID=723) to work on /home/airflow/.local/lib/python3.7/site-packages/airflow/example_dags/example_xcomargs.py
[2022-08-09 01:42:46,287] {processor.py:641} INFO - Processing file /home/airflow/.local/lib/python3.7/site-packages/airflow/example_dags/example_xcomargs.py for tasks to queue
[2022-08-09 01:42:46,287] {logging_mixin.py:115} INFO - [2022-08-09 01:42:46,287] {dagbag.py:507} INFO - Filling up the DagBag from /home/airflow/.local/lib/python3.7/site-packages/airflow/example_dags/example_xcomargs.py
[2022-08-09 01:42:46,299] {processor.py:651} INFO - DAG(s) dict_keys(['example_xcom_args', 'example_xcom_args_with_operators']) retrieved from /home/airflow/.local/lib/python3.7/site-packages/airflow/example_dags/example_xcomargs.py
[2022-08-09 01:42:46,418] {logging_mixin.py:115} INFO - [2022-08-09 01:42:46,418] {dag.py:2371} INFO - Sync 2 DAGs
[2022-08-09 01:42:46,429] {logging_mixin.py:115} INFO - [2022-08-09 01:42:46,429] {dag.py:2919} INFO - Setting next_dagrun for example_xcom_args to None, run_after=None
[2022-08-09 01:42:46,430] {logging_mixin.py:115} INFO - [2022-08-09 01:42:46,430] {dag.py:2919} INFO - Setting next_dagrun for example_xcom_args_with_operators to None, run_after=None
[2022-08-09 01:42:46,438] {processor.py:161} INFO - Processing /home/airflow/.local/lib/python3.7/site-packages/airflow/example_dags/example_xcomargs.py took 0.155 seconds
[2022-08-09 01:43:17,273] {processor.py:153} INFO - Started process (PID=787) to work on /home/airflow/.local/lib/python3.7/site-packages/airflow/example_dags/example_xcomargs.py
[2022-08-09 01:43:17,275] {processor.py:641} INFO - Processing file /home/airflow/.local/lib/python3.7/site-packages/airflow/example_dags/example_xcomargs.py for tasks to queue
[2022-08-09 01:43:17,276] {logging_mixin.py:115} INFO - [2022-08-09 01:43:17,276] {dagbag.py:507} INFO - Filling up the DagBag from /home/airflow/.local/lib/python3.7/site-packages/airflow/example_dags/example_xcomargs.py
[2022-08-09 01:43:17,289] {processor.py:651} INFO - DAG(s) dict_keys(['example_xcom_args', 'example_xcom_args_with_operators']) retrieved from /home/airflow/.local/lib/python3.7/site-packages/airflow/example_dags/example_xcomargs.py
[2022-08-09 01:43:17,421] {logging_mixin.py:115} INFO - [2022-08-09 01:43:17,420] {dag.py:2371} INFO - Sync 2 DAGs
[2022-08-09 01:43:17,433] {logging_mixin.py:115} INFO - [2022-08-09 01:43:17,432] {dag.py:2919} INFO - Setting next_dagrun for example_xcom_args to None, run_after=None
[2022-08-09 01:43:17,434] {logging_mixin.py:115} INFO - [2022-08-09 01:43:17,434] {dag.py:2919} INFO - Setting next_dagrun for example_xcom_args_with_operators to None, run_after=None
[2022-08-09 01:43:17,444] {processor.py:161} INFO - Processing /home/airflow/.local/lib/python3.7/site-packages/airflow/example_dags/example_xcomargs.py took 0.173 seconds
[2022-08-09 01:43:48,248] {processor.py:153} INFO - Started process (PID=842) to work on /home/airflow/.local/lib/python3.7/site-packages/airflow/example_dags/example_xcomargs.py
[2022-08-09 01:43:48,250] {processor.py:641} INFO - Processing file /home/airflow/.local/lib/python3.7/site-packages/airflow/example_dags/example_xcomargs.py for tasks to queue
[2022-08-09 01:43:48,251] {logging_mixin.py:115} INFO - [2022-08-09 01:43:48,251] {dagbag.py:507} INFO - Filling up the DagBag from /home/airflow/.local/lib/python3.7/site-packages/airflow/example_dags/example_xcomargs.py
[2022-08-09 01:43:48,264] {processor.py:651} INFO - DAG(s) dict_keys(['example_xcom_args', 'example_xcom_args_with_operators']) retrieved from /home/airflow/.local/lib/python3.7/site-packages/airflow/example_dags/example_xcomargs.py
[2022-08-09 01:43:48,382] {logging_mixin.py:115} INFO - [2022-08-09 01:43:48,382] {dag.py:2371} INFO - Sync 2 DAGs
[2022-08-09 01:43:48,393] {logging_mixin.py:115} INFO - [2022-08-09 01:43:48,393] {dag.py:2919} INFO - Setting next_dagrun for example_xcom_args to None, run_after=None
[2022-08-09 01:43:48,395] {logging_mixin.py:115} INFO - [2022-08-09 01:43:48,395] {dag.py:2919} INFO - Setting next_dagrun for example_xcom_args_with_operators to None, run_after=None
[2022-08-09 01:43:48,404] {processor.py:161} INFO - Processing /home/airflow/.local/lib/python3.7/site-packages/airflow/example_dags/example_xcomargs.py took 0.158 seconds
[2022-08-09 01:44:19,210] {processor.py:153} INFO - Started process (PID=905) to work on /home/airflow/.local/lib/python3.7/site-packages/airflow/example_dags/example_xcomargs.py
[2022-08-09 01:44:19,212] {processor.py:641} INFO - Processing file /home/airflow/.local/lib/python3.7/site-packages/airflow/example_dags/example_xcomargs.py for tasks to queue
[2022-08-09 01:44:19,213] {logging_mixin.py:115} INFO - [2022-08-09 01:44:19,213] {dagbag.py:507} INFO - Filling up the DagBag from /home/airflow/.local/lib/python3.7/site-packages/airflow/example_dags/example_xcomargs.py
[2022-08-09 01:44:19,224] {processor.py:651} INFO - DAG(s) dict_keys(['example_xcom_args', 'example_xcom_args_with_operators']) retrieved from /home/airflow/.local/lib/python3.7/site-packages/airflow/example_dags/example_xcomargs.py
[2022-08-09 01:44:19,248] {logging_mixin.py:115} INFO - [2022-08-09 01:44:19,247] {dag.py:2371} INFO - Sync 2 DAGs
[2022-08-09 01:44:19,336] {logging_mixin.py:115} INFO - [2022-08-09 01:44:19,336] {dag.py:2919} INFO - Setting next_dagrun for example_xcom_args to None, run_after=None
[2022-08-09 01:44:19,337] {logging_mixin.py:115} INFO - [2022-08-09 01:44:19,337] {dag.py:2919} INFO - Setting next_dagrun for example_xcom_args_with_operators to None, run_after=None
[2022-08-09 01:44:19,344] {processor.py:161} INFO - Processing /home/airflow/.local/lib/python3.7/site-packages/airflow/example_dags/example_xcomargs.py took 0.136 seconds
[2022-08-09 01:44:50,241] {processor.py:153} INFO - Started process (PID=969) to work on /home/airflow/.local/lib/python3.7/site-packages/airflow/example_dags/example_xcomargs.py
[2022-08-09 01:44:50,242] {processor.py:641} INFO - Processing file /home/airflow/.local/lib/python3.7/site-packages/airflow/example_dags/example_xcomargs.py for tasks to queue
[2022-08-09 01:44:50,243] {logging_mixin.py:115} INFO - [2022-08-09 01:44:50,243] {dagbag.py:507} INFO - Filling up the DagBag from /home/airflow/.local/lib/python3.7/site-packages/airflow/example_dags/example_xcomargs.py
[2022-08-09 01:44:50,257] {processor.py:651} INFO - DAG(s) dict_keys(['example_xcom_args', 'example_xcom_args_with_operators']) retrieved from /home/airflow/.local/lib/python3.7/site-packages/airflow/example_dags/example_xcomargs.py
[2022-08-09 01:44:50,276] {logging_mixin.py:115} INFO - [2022-08-09 01:44:50,276] {dag.py:2371} INFO - Sync 2 DAGs
[2022-08-09 01:44:50,367] {logging_mixin.py:115} INFO - [2022-08-09 01:44:50,367] {dag.py:2919} INFO - Setting next_dagrun for example_xcom_args to None, run_after=None
[2022-08-09 01:44:50,368] {logging_mixin.py:115} INFO - [2022-08-09 01:44:50,368] {dag.py:2919} INFO - Setting next_dagrun for example_xcom_args_with_operators to None, run_after=None
[2022-08-09 01:44:50,375] {processor.py:161} INFO - Processing /home/airflow/.local/lib/python3.7/site-packages/airflow/example_dags/example_xcomargs.py took 0.137 seconds
[2022-08-09 01:45:21,163] {processor.py:153} INFO - Started process (PID=1032) to work on /home/airflow/.local/lib/python3.7/site-packages/airflow/example_dags/example_xcomargs.py
[2022-08-09 01:45:21,165] {processor.py:641} INFO - Processing file /home/airflow/.local/lib/python3.7/site-packages/airflow/example_dags/example_xcomargs.py for tasks to queue
[2022-08-09 01:45:21,165] {logging_mixin.py:115} INFO - [2022-08-09 01:45:21,165] {dagbag.py:507} INFO - Filling up the DagBag from /home/airflow/.local/lib/python3.7/site-packages/airflow/example_dags/example_xcomargs.py
[2022-08-09 01:45:21,176] {processor.py:651} INFO - DAG(s) dict_keys(['example_xcom_args', 'example_xcom_args_with_operators']) retrieved from /home/airflow/.local/lib/python3.7/site-packages/airflow/example_dags/example_xcomargs.py
[2022-08-09 01:45:21,293] {logging_mixin.py:115} INFO - [2022-08-09 01:45:21,293] {dag.py:2371} INFO - Sync 2 DAGs
[2022-08-09 01:45:21,305] {logging_mixin.py:115} INFO - [2022-08-09 01:45:21,305] {dag.py:2919} INFO - Setting next_dagrun for example_xcom_args to None, run_after=None
[2022-08-09 01:45:21,306] {logging_mixin.py:115} INFO - [2022-08-09 01:45:21,306] {dag.py:2919} INFO - Setting next_dagrun for example_xcom_args_with_operators to None, run_after=None
[2022-08-09 01:45:21,314] {processor.py:161} INFO - Processing /home/airflow/.local/lib/python3.7/site-packages/airflow/example_dags/example_xcomargs.py took 0.153 seconds
[2022-08-09 01:45:51,436] {processor.py:153} INFO - Started process (PID=1096) to work on /home/airflow/.local/lib/python3.7/site-packages/airflow/example_dags/example_xcomargs.py
[2022-08-09 01:45:51,437] {processor.py:641} INFO - Processing file /home/airflow/.local/lib/python3.7/site-packages/airflow/example_dags/example_xcomargs.py for tasks to queue
[2022-08-09 01:45:51,438] {logging_mixin.py:115} INFO - [2022-08-09 01:45:51,438] {dagbag.py:507} INFO - Filling up the DagBag from /home/airflow/.local/lib/python3.7/site-packages/airflow/example_dags/example_xcomargs.py
[2022-08-09 01:45:51,448] {processor.py:651} INFO - DAG(s) dict_keys(['example_xcom_args', 'example_xcom_args_with_operators']) retrieved from /home/airflow/.local/lib/python3.7/site-packages/airflow/example_dags/example_xcomargs.py
[2022-08-09 01:45:51,567] {logging_mixin.py:115} INFO - [2022-08-09 01:45:51,567] {dag.py:2371} INFO - Sync 2 DAGs
[2022-08-09 01:45:51,578] {logging_mixin.py:115} INFO - [2022-08-09 01:45:51,578] {dag.py:2919} INFO - Setting next_dagrun for example_xcom_args to None, run_after=None
[2022-08-09 01:45:51,579] {logging_mixin.py:115} INFO - [2022-08-09 01:45:51,579] {dag.py:2919} INFO - Setting next_dagrun for example_xcom_args_with_operators to None, run_after=None
[2022-08-09 01:45:51,586] {processor.py:161} INFO - Processing /home/airflow/.local/lib/python3.7/site-packages/airflow/example_dags/example_xcomargs.py took 0.152 seconds
[2022-08-09 01:46:22,499] {processor.py:153} INFO - Started process (PID=1159) to work on /home/airflow/.local/lib/python3.7/site-packages/airflow/example_dags/example_xcomargs.py
[2022-08-09 01:46:22,501] {processor.py:641} INFO - Processing file /home/airflow/.local/lib/python3.7/site-packages/airflow/example_dags/example_xcomargs.py for tasks to queue
[2022-08-09 01:46:22,503] {logging_mixin.py:115} INFO - [2022-08-09 01:46:22,502] {dagbag.py:507} INFO - Filling up the DagBag from /home/airflow/.local/lib/python3.7/site-packages/airflow/example_dags/example_xcomargs.py
[2022-08-09 01:46:22,516] {processor.py:651} INFO - DAG(s) dict_keys(['example_xcom_args', 'example_xcom_args_with_operators']) retrieved from /home/airflow/.local/lib/python3.7/site-packages/airflow/example_dags/example_xcomargs.py
[2022-08-09 01:46:22,537] {logging_mixin.py:115} INFO - [2022-08-09 01:46:22,537] {dag.py:2371} INFO - Sync 2 DAGs
[2022-08-09 01:46:22,636] {logging_mixin.py:115} INFO - [2022-08-09 01:46:22,635] {dag.py:2919} INFO - Setting next_dagrun for example_xcom_args to None, run_after=None
[2022-08-09 01:46:22,637] {logging_mixin.py:115} INFO - [2022-08-09 01:46:22,637] {dag.py:2919} INFO - Setting next_dagrun for example_xcom_args_with_operators to None, run_after=None
[2022-08-09 01:46:22,644] {processor.py:161} INFO - Processing /home/airflow/.local/lib/python3.7/site-packages/airflow/example_dags/example_xcomargs.py took 0.147 seconds
[2022-08-09 01:46:53,154] {processor.py:153} INFO - Started process (PID=1223) to work on /home/airflow/.local/lib/python3.7/site-packages/airflow/example_dags/example_xcomargs.py
[2022-08-09 01:46:53,155] {processor.py:641} INFO - Processing file /home/airflow/.local/lib/python3.7/site-packages/airflow/example_dags/example_xcomargs.py for tasks to queue
[2022-08-09 01:46:53,156] {logging_mixin.py:115} INFO - [2022-08-09 01:46:53,156] {dagbag.py:507} INFO - Filling up the DagBag from /home/airflow/.local/lib/python3.7/site-packages/airflow/example_dags/example_xcomargs.py
[2022-08-09 01:46:53,167] {processor.py:651} INFO - DAG(s) dict_keys(['example_xcom_args', 'example_xcom_args_with_operators']) retrieved from /home/airflow/.local/lib/python3.7/site-packages/airflow/example_dags/example_xcomargs.py
[2022-08-09 01:46:53,186] {logging_mixin.py:115} INFO - [2022-08-09 01:46:53,186] {dag.py:2371} INFO - Sync 2 DAGs
[2022-08-09 01:46:53,276] {logging_mixin.py:115} INFO - [2022-08-09 01:46:53,276] {dag.py:2919} INFO - Setting next_dagrun for example_xcom_args to None, run_after=None
[2022-08-09 01:46:53,277] {logging_mixin.py:115} INFO - [2022-08-09 01:46:53,277] {dag.py:2919} INFO - Setting next_dagrun for example_xcom_args_with_operators to None, run_after=None
[2022-08-09 01:46:53,287] {processor.py:161} INFO - Processing /home/airflow/.local/lib/python3.7/site-packages/airflow/example_dags/example_xcomargs.py took 0.135 seconds
[2022-08-09 01:47:24,022] {processor.py:153} INFO - Started process (PID=1287) to work on /home/airflow/.local/lib/python3.7/site-packages/airflow/example_dags/example_xcomargs.py
[2022-08-09 01:47:24,024] {processor.py:641} INFO - Processing file /home/airflow/.local/lib/python3.7/site-packages/airflow/example_dags/example_xcomargs.py for tasks to queue
[2022-08-09 01:47:24,025] {logging_mixin.py:115} INFO - [2022-08-09 01:47:24,025] {dagbag.py:507} INFO - Filling up the DagBag from /home/airflow/.local/lib/python3.7/site-packages/airflow/example_dags/example_xcomargs.py
[2022-08-09 01:47:24,036] {processor.py:651} INFO - DAG(s) dict_keys(['example_xcom_args', 'example_xcom_args_with_operators']) retrieved from /home/airflow/.local/lib/python3.7/site-packages/airflow/example_dags/example_xcomargs.py
[2022-08-09 01:47:24,159] {logging_mixin.py:115} INFO - [2022-08-09 01:47:24,159] {dag.py:2371} INFO - Sync 2 DAGs
[2022-08-09 01:47:24,169] {logging_mixin.py:115} INFO - [2022-08-09 01:47:24,169] {dag.py:2919} INFO - Setting next_dagrun for example_xcom_args to None, run_after=None
[2022-08-09 01:47:24,171] {logging_mixin.py:115} INFO - [2022-08-09 01:47:24,171] {dag.py:2919} INFO - Setting next_dagrun for example_xcom_args_with_operators to None, run_after=None
[2022-08-09 01:47:24,178] {processor.py:161} INFO - Processing /home/airflow/.local/lib/python3.7/site-packages/airflow/example_dags/example_xcomargs.py took 0.158 seconds
[2022-08-09 01:47:54,877] {processor.py:153} INFO - Started process (PID=1341) to work on /home/airflow/.local/lib/python3.7/site-packages/airflow/example_dags/example_xcomargs.py
[2022-08-09 01:47:54,879] {processor.py:641} INFO - Processing file /home/airflow/.local/lib/python3.7/site-packages/airflow/example_dags/example_xcomargs.py for tasks to queue
[2022-08-09 01:47:54,880] {logging_mixin.py:115} INFO - [2022-08-09 01:47:54,880] {dagbag.py:507} INFO - Filling up the DagBag from /home/airflow/.local/lib/python3.7/site-packages/airflow/example_dags/example_xcomargs.py
[2022-08-09 01:47:54,890] {processor.py:651} INFO - DAG(s) dict_keys(['example_xcom_args', 'example_xcom_args_with_operators']) retrieved from /home/airflow/.local/lib/python3.7/site-packages/airflow/example_dags/example_xcomargs.py
[2022-08-09 01:47:55,000] {logging_mixin.py:115} INFO - [2022-08-09 01:47:55,000] {dag.py:2371} INFO - Sync 2 DAGs
[2022-08-09 01:47:55,011] {logging_mixin.py:115} INFO - [2022-08-09 01:47:55,011] {dag.py:2919} INFO - Setting next_dagrun for example_xcom_args to None, run_after=None
[2022-08-09 01:47:55,013] {logging_mixin.py:115} INFO - [2022-08-09 01:47:55,013] {dag.py:2919} INFO - Setting next_dagrun for example_xcom_args_with_operators to None, run_after=None
[2022-08-09 01:47:55,022] {processor.py:161} INFO - Processing /home/airflow/.local/lib/python3.7/site-packages/airflow/example_dags/example_xcomargs.py took 0.148 seconds
[2022-08-09 01:48:25,733] {processor.py:153} INFO - Started process (PID=1404) to work on /home/airflow/.local/lib/python3.7/site-packages/airflow/example_dags/example_xcomargs.py
[2022-08-09 01:48:25,734] {processor.py:641} INFO - Processing file /home/airflow/.local/lib/python3.7/site-packages/airflow/example_dags/example_xcomargs.py for tasks to queue
[2022-08-09 01:48:25,735] {logging_mixin.py:115} INFO - [2022-08-09 01:48:25,735] {dagbag.py:507} INFO - Filling up the DagBag from /home/airflow/.local/lib/python3.7/site-packages/airflow/example_dags/example_xcomargs.py
[2022-08-09 01:48:25,748] {processor.py:651} INFO - DAG(s) dict_keys(['example_xcom_args', 'example_xcom_args_with_operators']) retrieved from /home/airflow/.local/lib/python3.7/site-packages/airflow/example_dags/example_xcomargs.py
[2022-08-09 01:48:25,859] {logging_mixin.py:115} INFO - [2022-08-09 01:48:25,859] {dag.py:2371} INFO - Sync 2 DAGs
[2022-08-09 01:48:25,873] {logging_mixin.py:115} INFO - [2022-08-09 01:48:25,873] {dag.py:2919} INFO - Setting next_dagrun for example_xcom_args to None, run_after=None
[2022-08-09 01:48:25,875] {logging_mixin.py:115} INFO - [2022-08-09 01:48:25,874] {dag.py:2919} INFO - Setting next_dagrun for example_xcom_args_with_operators to None, run_after=None
[2022-08-09 01:48:25,884] {processor.py:161} INFO - Processing /home/airflow/.local/lib/python3.7/site-packages/airflow/example_dags/example_xcomargs.py took 0.153 seconds
[2022-08-09 01:48:56,641] {processor.py:153} INFO - Started process (PID=1467) to work on /home/airflow/.local/lib/python3.7/site-packages/airflow/example_dags/example_xcomargs.py
[2022-08-09 01:48:56,643] {processor.py:641} INFO - Processing file /home/airflow/.local/lib/python3.7/site-packages/airflow/example_dags/example_xcomargs.py for tasks to queue
[2022-08-09 01:48:56,645] {logging_mixin.py:115} INFO - [2022-08-09 01:48:56,645] {dagbag.py:507} INFO - Filling up the DagBag from /home/airflow/.local/lib/python3.7/site-packages/airflow/example_dags/example_xcomargs.py
[2022-08-09 01:48:56,664] {processor.py:651} INFO - DAG(s) dict_keys(['example_xcom_args', 'example_xcom_args_with_operators']) retrieved from /home/airflow/.local/lib/python3.7/site-packages/airflow/example_dags/example_xcomargs.py
[2022-08-09 01:48:56,787] {logging_mixin.py:115} INFO - [2022-08-09 01:48:56,787] {dag.py:2371} INFO - Sync 2 DAGs
[2022-08-09 01:48:56,800] {logging_mixin.py:115} INFO - [2022-08-09 01:48:56,800] {dag.py:2919} INFO - Setting next_dagrun for example_xcom_args to None, run_after=None
[2022-08-09 01:48:56,801] {logging_mixin.py:115} INFO - [2022-08-09 01:48:56,801] {dag.py:2919} INFO - Setting next_dagrun for example_xcom_args_with_operators to None, run_after=None
[2022-08-09 01:48:56,810] {processor.py:161} INFO - Processing /home/airflow/.local/lib/python3.7/site-packages/airflow/example_dags/example_xcomargs.py took 0.173 seconds
