[2022-08-09 01:37:10,752] {processor.py:153} INFO - Started process (PID=46) to work on /home/airflow/.local/lib/python3.7/site-packages/airflow/example_dags/tutorial.py
[2022-08-09 01:37:10,761] {processor.py:641} INFO - Processing file /home/airflow/.local/lib/python3.7/site-packages/airflow/example_dags/tutorial.py for tasks to queue
[2022-08-09 01:37:10,768] {logging_mixin.py:115} INFO - [2022-08-09 01:37:10,763] {dagbag.py:507} INFO - Filling up the DagBag from /home/airflow/.local/lib/python3.7/site-packages/airflow/example_dags/tutorial.py
[2022-08-09 01:37:10,785] {processor.py:651} INFO - DAG(s) dict_keys(['tutorial']) retrieved from /home/airflow/.local/lib/python3.7/site-packages/airflow/example_dags/tutorial.py
[2022-08-09 01:37:10,910] {logging_mixin.py:115} INFO - [2022-08-09 01:37:10,910] {dag.py:2371} INFO - Sync 1 DAGs
[2022-08-09 01:37:10,997] {logging_mixin.py:115} INFO - [2022-08-09 01:37:10,997] {dag.py:2919} INFO - Setting next_dagrun for tutorial to 2022-08-08T01:37:10.996781+00:00, run_after=2022-08-09T01:37:10.996781+00:00
[2022-08-09 01:37:11,017] {processor.py:161} INFO - Processing /home/airflow/.local/lib/python3.7/site-packages/airflow/example_dags/tutorial.py took 0.269 seconds
[2022-08-09 01:37:41,869] {processor.py:153} INFO - Started process (PID=109) to work on /home/airflow/.local/lib/python3.7/site-packages/airflow/example_dags/tutorial.py
[2022-08-09 01:37:41,871] {processor.py:641} INFO - Processing file /home/airflow/.local/lib/python3.7/site-packages/airflow/example_dags/tutorial.py for tasks to queue
[2022-08-09 01:37:41,873] {logging_mixin.py:115} INFO - [2022-08-09 01:37:41,872] {dagbag.py:507} INFO - Filling up the DagBag from /home/airflow/.local/lib/python3.7/site-packages/airflow/example_dags/tutorial.py
[2022-08-09 01:37:41,881] {processor.py:651} INFO - DAG(s) dict_keys(['tutorial']) retrieved from /home/airflow/.local/lib/python3.7/site-packages/airflow/example_dags/tutorial.py
[2022-08-09 01:37:41,900] {logging_mixin.py:115} INFO - [2022-08-09 01:37:41,900] {dag.py:2371} INFO - Sync 1 DAGs
[2022-08-09 01:37:41,916] {logging_mixin.py:115} INFO - [2022-08-09 01:37:41,916] {dag.py:2919} INFO - Setting next_dagrun for tutorial to 2022-08-08T01:37:41.915851+00:00, run_after=2022-08-09T01:37:41.915851+00:00
[2022-08-09 01:37:41,925] {processor.py:161} INFO - Processing /home/airflow/.local/lib/python3.7/site-packages/airflow/example_dags/tutorial.py took 0.061 seconds
[2022-08-09 01:38:12,590] {processor.py:153} INFO - Started process (PID=172) to work on /home/airflow/.local/lib/python3.7/site-packages/airflow/example_dags/tutorial.py
[2022-08-09 01:38:12,591] {processor.py:641} INFO - Processing file /home/airflow/.local/lib/python3.7/site-packages/airflow/example_dags/tutorial.py for tasks to queue
[2022-08-09 01:38:12,592] {logging_mixin.py:115} INFO - [2022-08-09 01:38:12,592] {dagbag.py:507} INFO - Filling up the DagBag from /home/airflow/.local/lib/python3.7/site-packages/airflow/example_dags/tutorial.py
[2022-08-09 01:38:12,596] {processor.py:651} INFO - DAG(s) dict_keys(['tutorial']) retrieved from /home/airflow/.local/lib/python3.7/site-packages/airflow/example_dags/tutorial.py
[2022-08-09 01:38:12,613] {logging_mixin.py:115} INFO - [2022-08-09 01:38:12,613] {dag.py:2371} INFO - Sync 1 DAGs
[2022-08-09 01:38:12,627] {logging_mixin.py:115} INFO - [2022-08-09 01:38:12,626] {dag.py:2919} INFO - Setting next_dagrun for tutorial to 2022-08-08T01:38:12.626840+00:00, run_after=2022-08-09T01:38:12.626840+00:00
[2022-08-09 01:38:12,634] {processor.py:161} INFO - Processing /home/airflow/.local/lib/python3.7/site-packages/airflow/example_dags/tutorial.py took 0.046 seconds
[2022-08-09 01:38:43,099] {processor.py:153} INFO - Started process (PID=235) to work on /home/airflow/.local/lib/python3.7/site-packages/airflow/example_dags/tutorial.py
[2022-08-09 01:38:43,102] {processor.py:641} INFO - Processing file /home/airflow/.local/lib/python3.7/site-packages/airflow/example_dags/tutorial.py for tasks to queue
[2022-08-09 01:38:43,103] {logging_mixin.py:115} INFO - [2022-08-09 01:38:43,103] {dagbag.py:507} INFO - Filling up the DagBag from /home/airflow/.local/lib/python3.7/site-packages/airflow/example_dags/tutorial.py
[2022-08-09 01:38:43,112] {processor.py:651} INFO - DAG(s) dict_keys(['tutorial']) retrieved from /home/airflow/.local/lib/python3.7/site-packages/airflow/example_dags/tutorial.py
[2022-08-09 01:38:43,134] {logging_mixin.py:115} INFO - [2022-08-09 01:38:43,134] {dag.py:2371} INFO - Sync 1 DAGs
[2022-08-09 01:38:43,149] {logging_mixin.py:115} INFO - [2022-08-09 01:38:43,149] {dag.py:2919} INFO - Setting next_dagrun for tutorial to 2022-08-08T01:38:43.149152+00:00, run_after=2022-08-09T01:38:43.149152+00:00
[2022-08-09 01:38:43,156] {processor.py:161} INFO - Processing /home/airflow/.local/lib/python3.7/site-packages/airflow/example_dags/tutorial.py took 0.062 seconds
[2022-08-09 01:39:13,613] {processor.py:153} INFO - Started process (PID=298) to work on /home/airflow/.local/lib/python3.7/site-packages/airflow/example_dags/tutorial.py
[2022-08-09 01:39:13,615] {processor.py:641} INFO - Processing file /home/airflow/.local/lib/python3.7/site-packages/airflow/example_dags/tutorial.py for tasks to queue
[2022-08-09 01:39:13,616] {logging_mixin.py:115} INFO - [2022-08-09 01:39:13,616] {dagbag.py:507} INFO - Filling up the DagBag from /home/airflow/.local/lib/python3.7/site-packages/airflow/example_dags/tutorial.py
[2022-08-09 01:39:13,622] {processor.py:651} INFO - DAG(s) dict_keys(['tutorial']) retrieved from /home/airflow/.local/lib/python3.7/site-packages/airflow/example_dags/tutorial.py
[2022-08-09 01:39:13,643] {logging_mixin.py:115} INFO - [2022-08-09 01:39:13,643] {dag.py:2371} INFO - Sync 1 DAGs
[2022-08-09 01:39:13,657] {logging_mixin.py:115} INFO - [2022-08-09 01:39:13,657] {dag.py:2919} INFO - Setting next_dagrun for tutorial to 2022-08-08T01:39:13.657311+00:00, run_after=2022-08-09T01:39:13.657311+00:00
[2022-08-09 01:39:13,665] {processor.py:161} INFO - Processing /home/airflow/.local/lib/python3.7/site-packages/airflow/example_dags/tutorial.py took 0.056 seconds
[2022-08-09 01:39:44,185] {processor.py:153} INFO - Started process (PID=361) to work on /home/airflow/.local/lib/python3.7/site-packages/airflow/example_dags/tutorial.py
[2022-08-09 01:39:44,187] {processor.py:641} INFO - Processing file /home/airflow/.local/lib/python3.7/site-packages/airflow/example_dags/tutorial.py for tasks to queue
[2022-08-09 01:39:44,188] {logging_mixin.py:115} INFO - [2022-08-09 01:39:44,188] {dagbag.py:507} INFO - Filling up the DagBag from /home/airflow/.local/lib/python3.7/site-packages/airflow/example_dags/tutorial.py
[2022-08-09 01:39:44,195] {processor.py:651} INFO - DAG(s) dict_keys(['tutorial']) retrieved from /home/airflow/.local/lib/python3.7/site-packages/airflow/example_dags/tutorial.py
[2022-08-09 01:39:44,217] {logging_mixin.py:115} INFO - [2022-08-09 01:39:44,217] {dag.py:2371} INFO - Sync 1 DAGs
[2022-08-09 01:39:44,232] {logging_mixin.py:115} INFO - [2022-08-09 01:39:44,232] {dag.py:2919} INFO - Setting next_dagrun for tutorial to 2022-08-08T01:39:44.232115+00:00, run_after=2022-08-09T01:39:44.232115+00:00
[2022-08-09 01:39:44,239] {processor.py:161} INFO - Processing /home/airflow/.local/lib/python3.7/site-packages/airflow/example_dags/tutorial.py took 0.059 seconds
[2022-08-09 01:40:14,730] {processor.py:153} INFO - Started process (PID=415) to work on /home/airflow/.local/lib/python3.7/site-packages/airflow/example_dags/tutorial.py
[2022-08-09 01:40:14,733] {processor.py:641} INFO - Processing file /home/airflow/.local/lib/python3.7/site-packages/airflow/example_dags/tutorial.py for tasks to queue
[2022-08-09 01:40:14,735] {logging_mixin.py:115} INFO - [2022-08-09 01:40:14,735] {dagbag.py:507} INFO - Filling up the DagBag from /home/airflow/.local/lib/python3.7/site-packages/airflow/example_dags/tutorial.py
[2022-08-09 01:40:14,742] {processor.py:651} INFO - DAG(s) dict_keys(['tutorial']) retrieved from /home/airflow/.local/lib/python3.7/site-packages/airflow/example_dags/tutorial.py
[2022-08-09 01:40:14,767] {logging_mixin.py:115} INFO - [2022-08-09 01:40:14,767] {dag.py:2371} INFO - Sync 1 DAGs
[2022-08-09 01:40:14,789] {logging_mixin.py:115} INFO - [2022-08-09 01:40:14,789] {dag.py:2919} INFO - Setting next_dagrun for tutorial to 2022-08-08T01:40:14.789679+00:00, run_after=2022-08-09T01:40:14.789679+00:00
[2022-08-09 01:40:14,798] {processor.py:161} INFO - Processing /home/airflow/.local/lib/python3.7/site-packages/airflow/example_dags/tutorial.py took 0.073 seconds
[2022-08-09 01:40:45,216] {processor.py:153} INFO - Started process (PID=478) to work on /home/airflow/.local/lib/python3.7/site-packages/airflow/example_dags/tutorial.py
[2022-08-09 01:40:45,217] {processor.py:641} INFO - Processing file /home/airflow/.local/lib/python3.7/site-packages/airflow/example_dags/tutorial.py for tasks to queue
[2022-08-09 01:40:45,219] {logging_mixin.py:115} INFO - [2022-08-09 01:40:45,218] {dagbag.py:507} INFO - Filling up the DagBag from /home/airflow/.local/lib/python3.7/site-packages/airflow/example_dags/tutorial.py
[2022-08-09 01:40:45,223] {processor.py:651} INFO - DAG(s) dict_keys(['tutorial']) retrieved from /home/airflow/.local/lib/python3.7/site-packages/airflow/example_dags/tutorial.py
[2022-08-09 01:40:45,239] {logging_mixin.py:115} INFO - [2022-08-09 01:40:45,238] {dag.py:2371} INFO - Sync 1 DAGs
[2022-08-09 01:40:45,252] {logging_mixin.py:115} INFO - [2022-08-09 01:40:45,252] {dag.py:2919} INFO - Setting next_dagrun for tutorial to 2022-08-08T01:40:45.252421+00:00, run_after=2022-08-09T01:40:45.252421+00:00
[2022-08-09 01:40:45,260] {processor.py:161} INFO - Processing /home/airflow/.local/lib/python3.7/site-packages/airflow/example_dags/tutorial.py took 0.045 seconds
[2022-08-09 01:41:15,811] {processor.py:153} INFO - Started process (PID=541) to work on /home/airflow/.local/lib/python3.7/site-packages/airflow/example_dags/tutorial.py
[2022-08-09 01:41:15,813] {processor.py:641} INFO - Processing file /home/airflow/.local/lib/python3.7/site-packages/airflow/example_dags/tutorial.py for tasks to queue
[2022-08-09 01:41:15,814] {logging_mixin.py:115} INFO - [2022-08-09 01:41:15,814] {dagbag.py:507} INFO - Filling up the DagBag from /home/airflow/.local/lib/python3.7/site-packages/airflow/example_dags/tutorial.py
[2022-08-09 01:41:15,820] {processor.py:651} INFO - DAG(s) dict_keys(['tutorial']) retrieved from /home/airflow/.local/lib/python3.7/site-packages/airflow/example_dags/tutorial.py
[2022-08-09 01:41:15,837] {logging_mixin.py:115} INFO - [2022-08-09 01:41:15,837] {dag.py:2371} INFO - Sync 1 DAGs
[2022-08-09 01:41:15,852] {logging_mixin.py:115} INFO - [2022-08-09 01:41:15,852] {dag.py:2919} INFO - Setting next_dagrun for tutorial to 2022-08-08T01:41:15.852216+00:00, run_after=2022-08-09T01:41:15.852216+00:00
[2022-08-09 01:41:15,859] {processor.py:161} INFO - Processing /home/airflow/.local/lib/python3.7/site-packages/airflow/example_dags/tutorial.py took 0.051 seconds
[2022-08-09 01:41:46,366] {processor.py:153} INFO - Started process (PID=604) to work on /home/airflow/.local/lib/python3.7/site-packages/airflow/example_dags/tutorial.py
[2022-08-09 01:41:46,368] {processor.py:641} INFO - Processing file /home/airflow/.local/lib/python3.7/site-packages/airflow/example_dags/tutorial.py for tasks to queue
[2022-08-09 01:41:46,369] {logging_mixin.py:115} INFO - [2022-08-09 01:41:46,369] {dagbag.py:507} INFO - Filling up the DagBag from /home/airflow/.local/lib/python3.7/site-packages/airflow/example_dags/tutorial.py
[2022-08-09 01:41:46,374] {processor.py:651} INFO - DAG(s) dict_keys(['tutorial']) retrieved from /home/airflow/.local/lib/python3.7/site-packages/airflow/example_dags/tutorial.py
[2022-08-09 01:41:46,392] {logging_mixin.py:115} INFO - [2022-08-09 01:41:46,392] {dag.py:2371} INFO - Sync 1 DAGs
[2022-08-09 01:41:46,406] {logging_mixin.py:115} INFO - [2022-08-09 01:41:46,406] {dag.py:2919} INFO - Setting next_dagrun for tutorial to 2022-08-08T01:41:46.406577+00:00, run_after=2022-08-09T01:41:46.406577+00:00
[2022-08-09 01:41:46,414] {processor.py:161} INFO - Processing /home/airflow/.local/lib/python3.7/site-packages/airflow/example_dags/tutorial.py took 0.050 seconds
[2022-08-09 01:42:17,033] {processor.py:153} INFO - Started process (PID=667) to work on /home/airflow/.local/lib/python3.7/site-packages/airflow/example_dags/tutorial.py
[2022-08-09 01:42:17,035] {processor.py:641} INFO - Processing file /home/airflow/.local/lib/python3.7/site-packages/airflow/example_dags/tutorial.py for tasks to queue
[2022-08-09 01:42:17,036] {logging_mixin.py:115} INFO - [2022-08-09 01:42:17,036] {dagbag.py:507} INFO - Filling up the DagBag from /home/airflow/.local/lib/python3.7/site-packages/airflow/example_dags/tutorial.py
[2022-08-09 01:42:17,043] {processor.py:651} INFO - DAG(s) dict_keys(['tutorial']) retrieved from /home/airflow/.local/lib/python3.7/site-packages/airflow/example_dags/tutorial.py
[2022-08-09 01:42:17,067] {logging_mixin.py:115} INFO - [2022-08-09 01:42:17,067] {dag.py:2371} INFO - Sync 1 DAGs
[2022-08-09 01:42:17,154] {logging_mixin.py:115} INFO - [2022-08-09 01:42:17,154] {dag.py:2919} INFO - Setting next_dagrun for tutorial to 2022-08-08T01:42:17.154318+00:00, run_after=2022-08-09T01:42:17.154318+00:00
[2022-08-09 01:42:17,162] {processor.py:161} INFO - Processing /home/airflow/.local/lib/python3.7/site-packages/airflow/example_dags/tutorial.py took 0.134 seconds
[2022-08-09 01:42:47,835] {processor.py:153} INFO - Started process (PID=730) to work on /home/airflow/.local/lib/python3.7/site-packages/airflow/example_dags/tutorial.py
[2022-08-09 01:42:47,837] {processor.py:641} INFO - Processing file /home/airflow/.local/lib/python3.7/site-packages/airflow/example_dags/tutorial.py for tasks to queue
[2022-08-09 01:42:47,838] {logging_mixin.py:115} INFO - [2022-08-09 01:42:47,838] {dagbag.py:507} INFO - Filling up the DagBag from /home/airflow/.local/lib/python3.7/site-packages/airflow/example_dags/tutorial.py
[2022-08-09 01:42:47,844] {processor.py:651} INFO - DAG(s) dict_keys(['tutorial']) retrieved from /home/airflow/.local/lib/python3.7/site-packages/airflow/example_dags/tutorial.py
[2022-08-09 01:42:47,865] {logging_mixin.py:115} INFO - [2022-08-09 01:42:47,865] {dag.py:2371} INFO - Sync 1 DAGs
[2022-08-09 01:42:47,954] {logging_mixin.py:115} INFO - [2022-08-09 01:42:47,954] {dag.py:2919} INFO - Setting next_dagrun for tutorial to 2022-08-08T01:42:47.954178+00:00, run_after=2022-08-09T01:42:47.954178+00:00
[2022-08-09 01:42:47,961] {processor.py:161} INFO - Processing /home/airflow/.local/lib/python3.7/site-packages/airflow/example_dags/tutorial.py took 0.132 seconds
[2022-08-09 01:43:18,879] {processor.py:153} INFO - Started process (PID=794) to work on /home/airflow/.local/lib/python3.7/site-packages/airflow/example_dags/tutorial.py
[2022-08-09 01:43:18,881] {processor.py:641} INFO - Processing file /home/airflow/.local/lib/python3.7/site-packages/airflow/example_dags/tutorial.py for tasks to queue
[2022-08-09 01:43:18,883] {logging_mixin.py:115} INFO - [2022-08-09 01:43:18,883] {dagbag.py:507} INFO - Filling up the DagBag from /home/airflow/.local/lib/python3.7/site-packages/airflow/example_dags/tutorial.py
[2022-08-09 01:43:18,890] {processor.py:651} INFO - DAG(s) dict_keys(['tutorial']) retrieved from /home/airflow/.local/lib/python3.7/site-packages/airflow/example_dags/tutorial.py
[2022-08-09 01:43:18,911] {logging_mixin.py:115} INFO - [2022-08-09 01:43:18,911] {dag.py:2371} INFO - Sync 1 DAGs
[2022-08-09 01:43:19,000] {logging_mixin.py:115} INFO - [2022-08-09 01:43:19,000] {dag.py:2919} INFO - Setting next_dagrun for tutorial to 2022-08-08T01:43:18.999961+00:00, run_after=2022-08-09T01:43:18.999961+00:00
[2022-08-09 01:43:19,008] {processor.py:161} INFO - Processing /home/airflow/.local/lib/python3.7/site-packages/airflow/example_dags/tutorial.py took 0.133 seconds
[2022-08-09 01:43:49,744] {processor.py:153} INFO - Started process (PID=858) to work on /home/airflow/.local/lib/python3.7/site-packages/airflow/example_dags/tutorial.py
[2022-08-09 01:43:49,746] {processor.py:641} INFO - Processing file /home/airflow/.local/lib/python3.7/site-packages/airflow/example_dags/tutorial.py for tasks to queue
[2022-08-09 01:43:49,747] {logging_mixin.py:115} INFO - [2022-08-09 01:43:49,747] {dagbag.py:507} INFO - Filling up the DagBag from /home/airflow/.local/lib/python3.7/site-packages/airflow/example_dags/tutorial.py
[2022-08-09 01:43:49,752] {processor.py:651} INFO - DAG(s) dict_keys(['tutorial']) retrieved from /home/airflow/.local/lib/python3.7/site-packages/airflow/example_dags/tutorial.py
[2022-08-09 01:43:49,769] {logging_mixin.py:115} INFO - [2022-08-09 01:43:49,769] {dag.py:2371} INFO - Sync 1 DAGs
[2022-08-09 01:43:49,857] {logging_mixin.py:115} INFO - [2022-08-09 01:43:49,857] {dag.py:2919} INFO - Setting next_dagrun for tutorial to 2022-08-08T01:43:49.857006+00:00, run_after=2022-08-09T01:43:49.857006+00:00
[2022-08-09 01:43:49,864] {processor.py:161} INFO - Processing /home/airflow/.local/lib/python3.7/site-packages/airflow/example_dags/tutorial.py took 0.123 seconds
[2022-08-09 01:44:20,753] {processor.py:153} INFO - Started process (PID=912) to work on /home/airflow/.local/lib/python3.7/site-packages/airflow/example_dags/tutorial.py
[2022-08-09 01:44:20,755] {processor.py:641} INFO - Processing file /home/airflow/.local/lib/python3.7/site-packages/airflow/example_dags/tutorial.py for tasks to queue
[2022-08-09 01:44:20,757] {logging_mixin.py:115} INFO - [2022-08-09 01:44:20,757] {dagbag.py:507} INFO - Filling up the DagBag from /home/airflow/.local/lib/python3.7/site-packages/airflow/example_dags/tutorial.py
[2022-08-09 01:44:20,763] {processor.py:651} INFO - DAG(s) dict_keys(['tutorial']) retrieved from /home/airflow/.local/lib/python3.7/site-packages/airflow/example_dags/tutorial.py
[2022-08-09 01:44:20,786] {logging_mixin.py:115} INFO - [2022-08-09 01:44:20,786] {dag.py:2371} INFO - Sync 1 DAGs
[2022-08-09 01:44:20,876] {logging_mixin.py:115} INFO - [2022-08-09 01:44:20,876] {dag.py:2919} INFO - Setting next_dagrun for tutorial to 2022-08-08T01:44:20.876523+00:00, run_after=2022-08-09T01:44:20.876523+00:00
[2022-08-09 01:44:20,885] {processor.py:161} INFO - Processing /home/airflow/.local/lib/python3.7/site-packages/airflow/example_dags/tutorial.py took 0.136 seconds
[2022-08-09 01:44:51,738] {processor.py:153} INFO - Started process (PID=976) to work on /home/airflow/.local/lib/python3.7/site-packages/airflow/example_dags/tutorial.py
[2022-08-09 01:44:51,740] {processor.py:641} INFO - Processing file /home/airflow/.local/lib/python3.7/site-packages/airflow/example_dags/tutorial.py for tasks to queue
[2022-08-09 01:44:51,741] {logging_mixin.py:115} INFO - [2022-08-09 01:44:51,741] {dagbag.py:507} INFO - Filling up the DagBag from /home/airflow/.local/lib/python3.7/site-packages/airflow/example_dags/tutorial.py
[2022-08-09 01:44:51,745] {processor.py:651} INFO - DAG(s) dict_keys(['tutorial']) retrieved from /home/airflow/.local/lib/python3.7/site-packages/airflow/example_dags/tutorial.py
[2022-08-09 01:44:51,761] {logging_mixin.py:115} INFO - [2022-08-09 01:44:51,761] {dag.py:2371} INFO - Sync 1 DAGs
[2022-08-09 01:44:51,858] {logging_mixin.py:115} INFO - [2022-08-09 01:44:51,858] {dag.py:2919} INFO - Setting next_dagrun for tutorial to 2022-08-08T01:44:51.858382+00:00, run_after=2022-08-09T01:44:51.858382+00:00
[2022-08-09 01:44:51,867] {processor.py:161} INFO - Processing /home/airflow/.local/lib/python3.7/site-packages/airflow/example_dags/tutorial.py took 0.132 seconds
[2022-08-09 01:45:22,660] {processor.py:153} INFO - Started process (PID=1039) to work on /home/airflow/.local/lib/python3.7/site-packages/airflow/example_dags/tutorial.py
[2022-08-09 01:45:22,661] {processor.py:641} INFO - Processing file /home/airflow/.local/lib/python3.7/site-packages/airflow/example_dags/tutorial.py for tasks to queue
[2022-08-09 01:45:22,663] {logging_mixin.py:115} INFO - [2022-08-09 01:45:22,663] {dagbag.py:507} INFO - Filling up the DagBag from /home/airflow/.local/lib/python3.7/site-packages/airflow/example_dags/tutorial.py
[2022-08-09 01:45:22,668] {processor.py:651} INFO - DAG(s) dict_keys(['tutorial']) retrieved from /home/airflow/.local/lib/python3.7/site-packages/airflow/example_dags/tutorial.py
[2022-08-09 01:45:22,686] {logging_mixin.py:115} INFO - [2022-08-09 01:45:22,686] {dag.py:2371} INFO - Sync 1 DAGs
[2022-08-09 01:45:22,779] {logging_mixin.py:115} INFO - [2022-08-09 01:45:22,779] {dag.py:2919} INFO - Setting next_dagrun for tutorial to 2022-08-08T01:45:22.779664+00:00, run_after=2022-08-09T01:45:22.779664+00:00
[2022-08-09 01:45:22,786] {processor.py:161} INFO - Processing /home/airflow/.local/lib/python3.7/site-packages/airflow/example_dags/tutorial.py took 0.130 seconds
[2022-08-09 01:45:52,920] {processor.py:153} INFO - Started process (PID=1103) to work on /home/airflow/.local/lib/python3.7/site-packages/airflow/example_dags/tutorial.py
[2022-08-09 01:45:52,921] {processor.py:641} INFO - Processing file /home/airflow/.local/lib/python3.7/site-packages/airflow/example_dags/tutorial.py for tasks to queue
[2022-08-09 01:45:52,922] {logging_mixin.py:115} INFO - [2022-08-09 01:45:52,922] {dagbag.py:507} INFO - Filling up the DagBag from /home/airflow/.local/lib/python3.7/site-packages/airflow/example_dags/tutorial.py
[2022-08-09 01:45:52,925] {processor.py:651} INFO - DAG(s) dict_keys(['tutorial']) retrieved from /home/airflow/.local/lib/python3.7/site-packages/airflow/example_dags/tutorial.py
[2022-08-09 01:45:52,941] {logging_mixin.py:115} INFO - [2022-08-09 01:45:52,941] {dag.py:2371} INFO - Sync 1 DAGs
[2022-08-09 01:45:53,028] {logging_mixin.py:115} INFO - [2022-08-09 01:45:53,028] {dag.py:2919} INFO - Setting next_dagrun for tutorial to 2022-08-08T01:45:53.028291+00:00, run_after=2022-08-09T01:45:53.028291+00:00
[2022-08-09 01:45:53,035] {processor.py:161} INFO - Processing /home/airflow/.local/lib/python3.7/site-packages/airflow/example_dags/tutorial.py took 0.118 seconds
[2022-08-09 01:46:24,016] {processor.py:153} INFO - Started process (PID=1166) to work on /home/airflow/.local/lib/python3.7/site-packages/airflow/example_dags/tutorial.py
[2022-08-09 01:46:24,019] {processor.py:641} INFO - Processing file /home/airflow/.local/lib/python3.7/site-packages/airflow/example_dags/tutorial.py for tasks to queue
[2022-08-09 01:46:24,021] {logging_mixin.py:115} INFO - [2022-08-09 01:46:24,020] {dagbag.py:507} INFO - Filling up the DagBag from /home/airflow/.local/lib/python3.7/site-packages/airflow/example_dags/tutorial.py
[2022-08-09 01:46:24,027] {processor.py:651} INFO - DAG(s) dict_keys(['tutorial']) retrieved from /home/airflow/.local/lib/python3.7/site-packages/airflow/example_dags/tutorial.py
[2022-08-09 01:46:24,058] {logging_mixin.py:115} INFO - [2022-08-09 01:46:24,058] {dag.py:2371} INFO - Sync 1 DAGs
[2022-08-09 01:46:24,157] {logging_mixin.py:115} INFO - [2022-08-09 01:46:24,157] {dag.py:2919} INFO - Setting next_dagrun for tutorial to 2022-08-08T01:46:24.157414+00:00, run_after=2022-08-09T01:46:24.157414+00:00
[2022-08-09 01:46:24,165] {processor.py:161} INFO - Processing /home/airflow/.local/lib/python3.7/site-packages/airflow/example_dags/tutorial.py took 0.154 seconds
[2022-08-09 01:46:54,638] {processor.py:153} INFO - Started process (PID=1230) to work on /home/airflow/.local/lib/python3.7/site-packages/airflow/example_dags/tutorial.py
[2022-08-09 01:46:54,641] {processor.py:641} INFO - Processing file /home/airflow/.local/lib/python3.7/site-packages/airflow/example_dags/tutorial.py for tasks to queue
[2022-08-09 01:46:54,642] {logging_mixin.py:115} INFO - [2022-08-09 01:46:54,642] {dagbag.py:507} INFO - Filling up the DagBag from /home/airflow/.local/lib/python3.7/site-packages/airflow/example_dags/tutorial.py
[2022-08-09 01:46:54,647] {processor.py:651} INFO - DAG(s) dict_keys(['tutorial']) retrieved from /home/airflow/.local/lib/python3.7/site-packages/airflow/example_dags/tutorial.py
[2022-08-09 01:46:54,665] {logging_mixin.py:115} INFO - [2022-08-09 01:46:54,665] {dag.py:2371} INFO - Sync 1 DAGs
[2022-08-09 01:46:54,751] {logging_mixin.py:115} INFO - [2022-08-09 01:46:54,751] {dag.py:2919} INFO - Setting next_dagrun for tutorial to 2022-08-08T01:46:54.751558+00:00, run_after=2022-08-09T01:46:54.751558+00:00
[2022-08-09 01:46:54,759] {processor.py:161} INFO - Processing /home/airflow/.local/lib/python3.7/site-packages/airflow/example_dags/tutorial.py took 0.124 seconds
[2022-08-09 01:47:25,571] {processor.py:153} INFO - Started process (PID=1294) to work on /home/airflow/.local/lib/python3.7/site-packages/airflow/example_dags/tutorial.py
[2022-08-09 01:47:25,573] {processor.py:641} INFO - Processing file /home/airflow/.local/lib/python3.7/site-packages/airflow/example_dags/tutorial.py for tasks to queue
[2022-08-09 01:47:25,575] {logging_mixin.py:115} INFO - [2022-08-09 01:47:25,575] {dagbag.py:507} INFO - Filling up the DagBag from /home/airflow/.local/lib/python3.7/site-packages/airflow/example_dags/tutorial.py
[2022-08-09 01:47:25,582] {processor.py:651} INFO - DAG(s) dict_keys(['tutorial']) retrieved from /home/airflow/.local/lib/python3.7/site-packages/airflow/example_dags/tutorial.py
[2022-08-09 01:47:25,604] {logging_mixin.py:115} INFO - [2022-08-09 01:47:25,604] {dag.py:2371} INFO - Sync 1 DAGs
[2022-08-09 01:47:25,696] {logging_mixin.py:115} INFO - [2022-08-09 01:47:25,696] {dag.py:2919} INFO - Setting next_dagrun for tutorial to 2022-08-08T01:47:25.696093+00:00, run_after=2022-08-09T01:47:25.696093+00:00
[2022-08-09 01:47:25,703] {processor.py:161} INFO - Processing /home/airflow/.local/lib/python3.7/site-packages/airflow/example_dags/tutorial.py took 0.138 seconds
[2022-08-09 01:47:56,383] {processor.py:153} INFO - Started process (PID=1357) to work on /home/airflow/.local/lib/python3.7/site-packages/airflow/example_dags/tutorial.py
[2022-08-09 01:47:56,385] {processor.py:641} INFO - Processing file /home/airflow/.local/lib/python3.7/site-packages/airflow/example_dags/tutorial.py for tasks to queue
[2022-08-09 01:47:56,387] {logging_mixin.py:115} INFO - [2022-08-09 01:47:56,387] {dagbag.py:507} INFO - Filling up the DagBag from /home/airflow/.local/lib/python3.7/site-packages/airflow/example_dags/tutorial.py
[2022-08-09 01:47:56,393] {processor.py:651} INFO - DAG(s) dict_keys(['tutorial']) retrieved from /home/airflow/.local/lib/python3.7/site-packages/airflow/example_dags/tutorial.py
[2022-08-09 01:47:56,414] {logging_mixin.py:115} INFO - [2022-08-09 01:47:56,414] {dag.py:2371} INFO - Sync 1 DAGs
[2022-08-09 01:47:56,497] {logging_mixin.py:115} INFO - [2022-08-09 01:47:56,497] {dag.py:2919} INFO - Setting next_dagrun for tutorial to 2022-08-08T01:47:56.497336+00:00, run_after=2022-08-09T01:47:56.497336+00:00
[2022-08-09 01:47:56,505] {processor.py:161} INFO - Processing /home/airflow/.local/lib/python3.7/site-packages/airflow/example_dags/tutorial.py took 0.126 seconds
[2022-08-09 01:48:27,292] {processor.py:153} INFO - Started process (PID=1411) to work on /home/airflow/.local/lib/python3.7/site-packages/airflow/example_dags/tutorial.py
[2022-08-09 01:48:27,295] {processor.py:641} INFO - Processing file /home/airflow/.local/lib/python3.7/site-packages/airflow/example_dags/tutorial.py for tasks to queue
[2022-08-09 01:48:27,297] {logging_mixin.py:115} INFO - [2022-08-09 01:48:27,297] {dagbag.py:507} INFO - Filling up the DagBag from /home/airflow/.local/lib/python3.7/site-packages/airflow/example_dags/tutorial.py
[2022-08-09 01:48:27,304] {processor.py:651} INFO - DAG(s) dict_keys(['tutorial']) retrieved from /home/airflow/.local/lib/python3.7/site-packages/airflow/example_dags/tutorial.py
[2022-08-09 01:48:27,328] {logging_mixin.py:115} INFO - [2022-08-09 01:48:27,328] {dag.py:2371} INFO - Sync 1 DAGs
[2022-08-09 01:48:27,417] {logging_mixin.py:115} INFO - [2022-08-09 01:48:27,417] {dag.py:2919} INFO - Setting next_dagrun for tutorial to 2022-08-08T01:48:27.417169+00:00, run_after=2022-08-09T01:48:27.417169+00:00
[2022-08-09 01:48:27,427] {processor.py:161} INFO - Processing /home/airflow/.local/lib/python3.7/site-packages/airflow/example_dags/tutorial.py took 0.140 seconds
[2022-08-09 01:48:58,187] {processor.py:153} INFO - Started process (PID=1474) to work on /home/airflow/.local/lib/python3.7/site-packages/airflow/example_dags/tutorial.py
[2022-08-09 01:48:58,189] {processor.py:641} INFO - Processing file /home/airflow/.local/lib/python3.7/site-packages/airflow/example_dags/tutorial.py for tasks to queue
[2022-08-09 01:48:58,190] {logging_mixin.py:115} INFO - [2022-08-09 01:48:58,189] {dagbag.py:507} INFO - Filling up the DagBag from /home/airflow/.local/lib/python3.7/site-packages/airflow/example_dags/tutorial.py
[2022-08-09 01:48:58,194] {processor.py:651} INFO - DAG(s) dict_keys(['tutorial']) retrieved from /home/airflow/.local/lib/python3.7/site-packages/airflow/example_dags/tutorial.py
[2022-08-09 01:48:58,210] {logging_mixin.py:115} INFO - [2022-08-09 01:48:58,210] {dag.py:2371} INFO - Sync 1 DAGs
[2022-08-09 01:48:58,305] {logging_mixin.py:115} INFO - [2022-08-09 01:48:58,305] {dag.py:2919} INFO - Setting next_dagrun for tutorial to 2022-08-08T01:48:58.305395+00:00, run_after=2022-08-09T01:48:58.305395+00:00
[2022-08-09 01:48:58,313] {processor.py:161} INFO - Processing /home/airflow/.local/lib/python3.7/site-packages/airflow/example_dags/tutorial.py took 0.128 seconds
[2022-08-09 01:49:29,054] {processor.py:153} INFO - Started process (PID=1537) to work on /home/airflow/.local/lib/python3.7/site-packages/airflow/example_dags/tutorial.py
[2022-08-09 01:49:29,057] {processor.py:641} INFO - Processing file /home/airflow/.local/lib/python3.7/site-packages/airflow/example_dags/tutorial.py for tasks to queue
[2022-08-09 01:49:29,058] {logging_mixin.py:115} INFO - [2022-08-09 01:49:29,058] {dagbag.py:507} INFO - Filling up the DagBag from /home/airflow/.local/lib/python3.7/site-packages/airflow/example_dags/tutorial.py
[2022-08-09 01:49:29,065] {processor.py:651} INFO - DAG(s) dict_keys(['tutorial']) retrieved from /home/airflow/.local/lib/python3.7/site-packages/airflow/example_dags/tutorial.py
[2022-08-09 01:49:29,083] {logging_mixin.py:115} INFO - [2022-08-09 01:49:29,083] {dag.py:2371} INFO - Sync 1 DAGs
[2022-08-09 01:49:29,198] {logging_mixin.py:115} INFO - [2022-08-09 01:49:29,198] {dag.py:2919} INFO - Setting next_dagrun for tutorial to 2022-08-08T01:49:29.198206+00:00, run_after=2022-08-09T01:49:29.198206+00:00
[2022-08-09 01:49:29,207] {processor.py:161} INFO - Processing /home/airflow/.local/lib/python3.7/site-packages/airflow/example_dags/tutorial.py took 0.154 seconds
[2022-08-09 01:50:00,001] {processor.py:153} INFO - Started process (PID=1600) to work on /home/airflow/.local/lib/python3.7/site-packages/airflow/example_dags/tutorial.py
[2022-08-09 01:50:00,004] {processor.py:641} INFO - Processing file /home/airflow/.local/lib/python3.7/site-packages/airflow/example_dags/tutorial.py for tasks to queue
[2022-08-09 01:50:00,005] {logging_mixin.py:115} INFO - [2022-08-09 01:50:00,005] {dagbag.py:507} INFO - Filling up the DagBag from /home/airflow/.local/lib/python3.7/site-packages/airflow/example_dags/tutorial.py
[2022-08-09 01:50:00,011] {processor.py:651} INFO - DAG(s) dict_keys(['tutorial']) retrieved from /home/airflow/.local/lib/python3.7/site-packages/airflow/example_dags/tutorial.py
[2022-08-09 01:50:00,032] {logging_mixin.py:115} INFO - [2022-08-09 01:50:00,032] {dag.py:2371} INFO - Sync 1 DAGs
[2022-08-09 01:50:00,122] {logging_mixin.py:115} INFO - [2022-08-09 01:50:00,122] {dag.py:2919} INFO - Setting next_dagrun for tutorial to 2022-08-08T01:50:00.122471+00:00, run_after=2022-08-09T01:50:00.122471+00:00
[2022-08-09 01:50:00,129] {processor.py:161} INFO - Processing /home/airflow/.local/lib/python3.7/site-packages/airflow/example_dags/tutorial.py took 0.132 seconds
