[2022-08-09 13:24:18,448] {taskinstance.py:1159} INFO - Dependencies all met for <TaskInstance: parallel_dag.load_b manual__2022-08-09T13:24:06.413126+00:00 [queued]>
[2022-08-09 13:24:18,454] {taskinstance.py:1159} INFO - Dependencies all met for <TaskInstance: parallel_dag.load_b manual__2022-08-09T13:24:06.413126+00:00 [queued]>
[2022-08-09 13:24:18,455] {taskinstance.py:1356} INFO - 
--------------------------------------------------------------------------------
[2022-08-09 13:24:18,456] {taskinstance.py:1357} INFO - Starting attempt 1 of 1
[2022-08-09 13:24:18,457] {taskinstance.py:1358} INFO - 
--------------------------------------------------------------------------------
[2022-08-09 13:24:18,465] {taskinstance.py:1377} INFO - Executing <Task(BashOperator): load_b> on 2022-08-09 13:24:06.413126+00:00
[2022-08-09 13:24:18,469] {standard_task_runner.py:52} INFO - Started process 178 to run task
[2022-08-09 13:24:18,473] {standard_task_runner.py:79} INFO - Running: ['***', 'tasks', 'run', 'parallel_dag', 'load_b', 'manual__2022-08-09T13:24:06.413126+00:00', '--job-id', '56', '--raw', '--subdir', 'DAGS_FOLDER/parallel_dag.py', '--cfg-path', '/tmp/tmprp3_mpvq', '--error-file', '/tmp/tmpu6ilsep6']
[2022-08-09 13:24:18,474] {standard_task_runner.py:80} INFO - Job 56: Subtask load_b
[2022-08-09 13:24:18,509] {task_command.py:369} INFO - Running <TaskInstance: parallel_dag.load_b manual__2022-08-09T13:24:06.413126+00:00 [running]> on host 40fffbcee5cb
[2022-08-09 13:24:18,550] {taskinstance.py:1571} INFO - Exporting the following env vars:
AIRFLOW_CTX_DAG_OWNER=***
AIRFLOW_CTX_DAG_ID=parallel_dag
AIRFLOW_CTX_TASK_ID=load_b
AIRFLOW_CTX_EXECUTION_DATE=2022-08-09T13:24:06.413126+00:00
AIRFLOW_CTX_TRY_NUMBER=1
AIRFLOW_CTX_DAG_RUN_ID=manual__2022-08-09T13:24:06.413126+00:00
[2022-08-09 13:24:18,552] {subprocess.py:62} INFO - Tmp dir root location: 
 /tmp
[2022-08-09 13:24:18,553] {subprocess.py:74} INFO - Running command: ['bash', '-c', 'sleep 10']
[2022-08-09 13:24:18,560] {subprocess.py:85} INFO - Output:
[2022-08-09 13:24:28,562] {subprocess.py:96} INFO - Command exited with return code 0
[2022-08-09 13:24:28,580] {taskinstance.py:1400} INFO - Marking task as SUCCESS. dag_id=parallel_dag, task_id=load_b, execution_date=20220809T132406, start_date=20220809T132418, end_date=20220809T132428
[2022-08-09 13:24:28,628] {local_task_job.py:156} INFO - Task exited with return code 0
[2022-08-09 13:24:28,643] {local_task_job.py:273} INFO - 0 downstream tasks scheduled from follow-on schedule check
