[2022-08-09 19:44:45,556] {processor.py:153} INFO - Started process (PID=13226) to work on /opt/airflow/dags/subdags/subdag_transforms.py
[2022-08-09 19:44:45,558] {processor.py:641} INFO - Processing file /opt/airflow/dags/subdags/subdag_transforms.py for tasks to queue
[2022-08-09 19:44:45,559] {logging_mixin.py:115} INFO - [2022-08-09 19:44:45,559] {dagbag.py:507} INFO - Filling up the DagBag from /opt/airflow/dags/subdags/subdag_transforms.py
[2022-08-09 19:44:45,571] {processor.py:653} WARNING - No viable dags retrieved from /opt/airflow/dags/subdags/subdag_transforms.py
[2022-08-09 19:44:45,581] {processor.py:161} INFO - Processing /opt/airflow/dags/subdags/subdag_transforms.py took 0.027 seconds
[2022-08-09 19:45:07,813] {processor.py:153} INFO - Started process (PID=13250) to work on /opt/airflow/dags/subdags/subdag_transforms.py
[2022-08-09 19:45:07,815] {processor.py:641} INFO - Processing file /opt/airflow/dags/subdags/subdag_transforms.py for tasks to queue
[2022-08-09 19:45:07,816] {logging_mixin.py:115} INFO - [2022-08-09 19:45:07,816] {dagbag.py:507} INFO - Filling up the DagBag from /opt/airflow/dags/subdags/subdag_transforms.py
[2022-08-09 19:45:07,838] {processor.py:653} WARNING - No viable dags retrieved from /opt/airflow/dags/subdags/subdag_transforms.py
[2022-08-09 19:45:07,852] {processor.py:161} INFO - Processing /opt/airflow/dags/subdags/subdag_transforms.py took 0.042 seconds
[2022-08-09 19:45:38,137] {processor.py:153} INFO - Started process (PID=13283) to work on /opt/airflow/dags/subdags/subdag_transforms.py
[2022-08-09 19:45:38,140] {processor.py:641} INFO - Processing file /opt/airflow/dags/subdags/subdag_transforms.py for tasks to queue
[2022-08-09 19:45:38,142] {logging_mixin.py:115} INFO - [2022-08-09 19:45:38,142] {dagbag.py:507} INFO - Filling up the DagBag from /opt/airflow/dags/subdags/subdag_transforms.py
[2022-08-09 19:45:38,156] {processor.py:653} WARNING - No viable dags retrieved from /opt/airflow/dags/subdags/subdag_transforms.py
[2022-08-09 19:45:38,170] {processor.py:161} INFO - Processing /opt/airflow/dags/subdags/subdag_transforms.py took 0.039 seconds
[2022-08-09 19:46:08,457] {processor.py:153} INFO - Started process (PID=13306) to work on /opt/airflow/dags/subdags/subdag_transforms.py
[2022-08-09 19:46:08,459] {processor.py:641} INFO - Processing file /opt/airflow/dags/subdags/subdag_transforms.py for tasks to queue
[2022-08-09 19:46:08,461] {logging_mixin.py:115} INFO - [2022-08-09 19:46:08,461] {dagbag.py:507} INFO - Filling up the DagBag from /opt/airflow/dags/subdags/subdag_transforms.py
[2022-08-09 19:46:08,471] {processor.py:653} WARNING - No viable dags retrieved from /opt/airflow/dags/subdags/subdag_transforms.py
[2022-08-09 19:46:08,486] {processor.py:161} INFO - Processing /opt/airflow/dags/subdags/subdag_transforms.py took 0.034 seconds
[2022-08-09 19:46:38,766] {processor.py:153} INFO - Started process (PID=13339) to work on /opt/airflow/dags/subdags/subdag_transforms.py
[2022-08-09 19:46:38,768] {processor.py:641} INFO - Processing file /opt/airflow/dags/subdags/subdag_transforms.py for tasks to queue
[2022-08-09 19:46:38,770] {logging_mixin.py:115} INFO - [2022-08-09 19:46:38,770] {dagbag.py:507} INFO - Filling up the DagBag from /opt/airflow/dags/subdags/subdag_transforms.py
[2022-08-09 19:46:38,776] {processor.py:653} WARNING - No viable dags retrieved from /opt/airflow/dags/subdags/subdag_transforms.py
[2022-08-09 19:46:38,786] {processor.py:161} INFO - Processing /opt/airflow/dags/subdags/subdag_transforms.py took 0.022 seconds
[2022-08-09 19:47:09,147] {processor.py:153} INFO - Started process (PID=13373) to work on /opt/airflow/dags/subdags/subdag_transforms.py
[2022-08-09 19:47:09,149] {processor.py:641} INFO - Processing file /opt/airflow/dags/subdags/subdag_transforms.py for tasks to queue
[2022-08-09 19:47:09,151] {logging_mixin.py:115} INFO - [2022-08-09 19:47:09,151] {dagbag.py:507} INFO - Filling up the DagBag from /opt/airflow/dags/subdags/subdag_transforms.py
[2022-08-09 19:47:09,162] {processor.py:653} WARNING - No viable dags retrieved from /opt/airflow/dags/subdags/subdag_transforms.py
[2022-08-09 19:47:09,179] {processor.py:161} INFO - Processing /opt/airflow/dags/subdags/subdag_transforms.py took 0.039 seconds
[2022-08-09 19:47:39,474] {processor.py:153} INFO - Started process (PID=13406) to work on /opt/airflow/dags/subdags/subdag_transforms.py
[2022-08-09 19:47:39,476] {processor.py:641} INFO - Processing file /opt/airflow/dags/subdags/subdag_transforms.py for tasks to queue
[2022-08-09 19:47:39,478] {logging_mixin.py:115} INFO - [2022-08-09 19:47:39,478] {dagbag.py:507} INFO - Filling up the DagBag from /opt/airflow/dags/subdags/subdag_transforms.py
[2022-08-09 19:47:39,488] {processor.py:653} WARNING - No viable dags retrieved from /opt/airflow/dags/subdags/subdag_transforms.py
[2022-08-09 19:47:39,507] {processor.py:161} INFO - Processing /opt/airflow/dags/subdags/subdag_transforms.py took 0.035 seconds
[2022-08-09 19:47:42,522] {processor.py:153} INFO - Started process (PID=13407) to work on /opt/airflow/dags/subdags/subdag_transforms.py
[2022-08-09 19:47:42,524] {processor.py:641} INFO - Processing file /opt/airflow/dags/subdags/subdag_transforms.py for tasks to queue
[2022-08-09 19:47:42,526] {logging_mixin.py:115} INFO - [2022-08-09 19:47:42,526] {dagbag.py:507} INFO - Filling up the DagBag from /opt/airflow/dags/subdags/subdag_transforms.py
[2022-08-09 19:47:42,549] {processor.py:653} WARNING - No viable dags retrieved from /opt/airflow/dags/subdags/subdag_transforms.py
[2022-08-09 19:47:42,562] {processor.py:161} INFO - Processing /opt/airflow/dags/subdags/subdag_transforms.py took 0.045 seconds
[2022-08-09 19:48:12,910] {processor.py:153} INFO - Started process (PID=13440) to work on /opt/airflow/dags/subdags/subdag_transforms.py
[2022-08-09 19:48:12,914] {processor.py:641} INFO - Processing file /opt/airflow/dags/subdags/subdag_transforms.py for tasks to queue
[2022-08-09 19:48:12,916] {logging_mixin.py:115} INFO - [2022-08-09 19:48:12,915] {dagbag.py:507} INFO - Filling up the DagBag from /opt/airflow/dags/subdags/subdag_transforms.py
[2022-08-09 19:48:12,928] {processor.py:653} WARNING - No viable dags retrieved from /opt/airflow/dags/subdags/subdag_transforms.py
[2022-08-09 19:48:12,946] {processor.py:161} INFO - Processing /opt/airflow/dags/subdags/subdag_transforms.py took 0.041 seconds
[2022-08-09 19:48:43,246] {processor.py:153} INFO - Started process (PID=13472) to work on /opt/airflow/dags/subdags/subdag_transforms.py
[2022-08-09 19:48:43,248] {processor.py:641} INFO - Processing file /opt/airflow/dags/subdags/subdag_transforms.py for tasks to queue
[2022-08-09 19:48:43,251] {logging_mixin.py:115} INFO - [2022-08-09 19:48:43,250] {dagbag.py:507} INFO - Filling up the DagBag from /opt/airflow/dags/subdags/subdag_transforms.py
[2022-08-09 19:48:43,262] {processor.py:653} WARNING - No viable dags retrieved from /opt/airflow/dags/subdags/subdag_transforms.py
[2022-08-09 19:48:43,277] {processor.py:161} INFO - Processing /opt/airflow/dags/subdags/subdag_transforms.py took 0.037 seconds
[2022-08-09 19:49:13,553] {processor.py:153} INFO - Started process (PID=13505) to work on /opt/airflow/dags/subdags/subdag_transforms.py
[2022-08-09 19:49:13,556] {processor.py:641} INFO - Processing file /opt/airflow/dags/subdags/subdag_transforms.py for tasks to queue
[2022-08-09 19:49:13,557] {logging_mixin.py:115} INFO - [2022-08-09 19:49:13,557] {dagbag.py:507} INFO - Filling up the DagBag from /opt/airflow/dags/subdags/subdag_transforms.py
[2022-08-09 19:49:13,565] {processor.py:653} WARNING - No viable dags retrieved from /opt/airflow/dags/subdags/subdag_transforms.py
[2022-08-09 19:49:13,588] {processor.py:161} INFO - Processing /opt/airflow/dags/subdags/subdag_transforms.py took 0.040 seconds
[2022-08-09 19:49:43,931] {processor.py:153} INFO - Started process (PID=13529) to work on /opt/airflow/dags/subdags/subdag_transforms.py
[2022-08-09 19:49:43,934] {processor.py:641} INFO - Processing file /opt/airflow/dags/subdags/subdag_transforms.py for tasks to queue
[2022-08-09 19:49:43,935] {logging_mixin.py:115} INFO - [2022-08-09 19:49:43,935] {dagbag.py:507} INFO - Filling up the DagBag from /opt/airflow/dags/subdags/subdag_transforms.py
[2022-08-09 19:49:43,946] {processor.py:653} WARNING - No viable dags retrieved from /opt/airflow/dags/subdags/subdag_transforms.py
[2022-08-09 19:49:43,959] {processor.py:161} INFO - Processing /opt/airflow/dags/subdags/subdag_transforms.py took 0.032 seconds
[2022-08-09 19:50:14,305] {processor.py:153} INFO - Started process (PID=13563) to work on /opt/airflow/dags/subdags/subdag_transforms.py
[2022-08-09 19:50:14,308] {processor.py:641} INFO - Processing file /opt/airflow/dags/subdags/subdag_transforms.py for tasks to queue
[2022-08-09 19:50:14,310] {logging_mixin.py:115} INFO - [2022-08-09 19:50:14,310] {dagbag.py:507} INFO - Filling up the DagBag from /opt/airflow/dags/subdags/subdag_transforms.py
[2022-08-09 19:50:14,323] {processor.py:653} WARNING - No viable dags retrieved from /opt/airflow/dags/subdags/subdag_transforms.py
[2022-08-09 19:50:14,339] {processor.py:161} INFO - Processing /opt/airflow/dags/subdags/subdag_transforms.py took 0.040 seconds
[2022-08-09 19:50:44,643] {processor.py:153} INFO - Started process (PID=13598) to work on /opt/airflow/dags/subdags/subdag_transforms.py
[2022-08-09 19:50:44,647] {processor.py:641} INFO - Processing file /opt/airflow/dags/subdags/subdag_transforms.py for tasks to queue
[2022-08-09 19:50:44,649] {logging_mixin.py:115} INFO - [2022-08-09 19:50:44,649] {dagbag.py:507} INFO - Filling up the DagBag from /opt/airflow/dags/subdags/subdag_transforms.py
[2022-08-09 19:50:44,661] {processor.py:653} WARNING - No viable dags retrieved from /opt/airflow/dags/subdags/subdag_transforms.py
[2022-08-09 19:50:44,674] {processor.py:161} INFO - Processing /opt/airflow/dags/subdags/subdag_transforms.py took 0.035 seconds
[2022-08-09 19:51:14,896] {processor.py:153} INFO - Started process (PID=13631) to work on /opt/airflow/dags/subdags/subdag_transforms.py
[2022-08-09 19:51:14,899] {processor.py:641} INFO - Processing file /opt/airflow/dags/subdags/subdag_transforms.py for tasks to queue
[2022-08-09 19:51:14,900] {logging_mixin.py:115} INFO - [2022-08-09 19:51:14,900] {dagbag.py:507} INFO - Filling up the DagBag from /opt/airflow/dags/subdags/subdag_transforms.py
[2022-08-09 19:51:14,910] {processor.py:653} WARNING - No viable dags retrieved from /opt/airflow/dags/subdags/subdag_transforms.py
[2022-08-09 19:51:14,924] {processor.py:161} INFO - Processing /opt/airflow/dags/subdags/subdag_transforms.py took 0.033 seconds
[2022-08-09 19:51:45,189] {processor.py:153} INFO - Started process (PID=13665) to work on /opt/airflow/dags/subdags/subdag_transforms.py
[2022-08-09 19:51:45,191] {processor.py:641} INFO - Processing file /opt/airflow/dags/subdags/subdag_transforms.py for tasks to queue
[2022-08-09 19:51:45,192] {logging_mixin.py:115} INFO - [2022-08-09 19:51:45,192] {dagbag.py:507} INFO - Filling up the DagBag from /opt/airflow/dags/subdags/subdag_transforms.py
[2022-08-09 19:51:45,198] {processor.py:653} WARNING - No viable dags retrieved from /opt/airflow/dags/subdags/subdag_transforms.py
[2022-08-09 19:51:45,207] {processor.py:161} INFO - Processing /opt/airflow/dags/subdags/subdag_transforms.py took 0.020 seconds
[2022-08-09 19:52:15,533] {processor.py:153} INFO - Started process (PID=13689) to work on /opt/airflow/dags/subdags/subdag_transforms.py
[2022-08-09 19:52:15,536] {processor.py:641} INFO - Processing file /opt/airflow/dags/subdags/subdag_transforms.py for tasks to queue
[2022-08-09 19:52:15,537] {logging_mixin.py:115} INFO - [2022-08-09 19:52:15,537] {dagbag.py:507} INFO - Filling up the DagBag from /opt/airflow/dags/subdags/subdag_transforms.py
[2022-08-09 19:52:15,548] {processor.py:653} WARNING - No viable dags retrieved from /opt/airflow/dags/subdags/subdag_transforms.py
[2022-08-09 19:52:15,561] {processor.py:161} INFO - Processing /opt/airflow/dags/subdags/subdag_transforms.py took 0.033 seconds
[2022-08-09 19:52:45,844] {processor.py:153} INFO - Started process (PID=13723) to work on /opt/airflow/dags/subdags/subdag_transforms.py
[2022-08-09 19:52:45,847] {processor.py:641} INFO - Processing file /opt/airflow/dags/subdags/subdag_transforms.py for tasks to queue
[2022-08-09 19:52:45,851] {logging_mixin.py:115} INFO - [2022-08-09 19:52:45,851] {dagbag.py:507} INFO - Filling up the DagBag from /opt/airflow/dags/subdags/subdag_transforms.py
[2022-08-09 19:52:45,862] {processor.py:653} WARNING - No viable dags retrieved from /opt/airflow/dags/subdags/subdag_transforms.py
[2022-08-09 19:52:45,877] {processor.py:161} INFO - Processing /opt/airflow/dags/subdags/subdag_transforms.py took 0.040 seconds
[2022-08-09 19:53:16,174] {processor.py:153} INFO - Started process (PID=13754) to work on /opt/airflow/dags/subdags/subdag_transforms.py
[2022-08-09 19:53:16,175] {processor.py:641} INFO - Processing file /opt/airflow/dags/subdags/subdag_transforms.py for tasks to queue
[2022-08-09 19:53:16,178] {logging_mixin.py:115} INFO - [2022-08-09 19:53:16,177] {dagbag.py:507} INFO - Filling up the DagBag from /opt/airflow/dags/subdags/subdag_transforms.py
[2022-08-09 19:53:16,185] {processor.py:653} WARNING - No viable dags retrieved from /opt/airflow/dags/subdags/subdag_transforms.py
[2022-08-09 19:53:16,200] {processor.py:161} INFO - Processing /opt/airflow/dags/subdags/subdag_transforms.py took 0.031 seconds
[2022-08-09 19:53:46,530] {processor.py:153} INFO - Started process (PID=13786) to work on /opt/airflow/dags/subdags/subdag_transforms.py
[2022-08-09 19:53:46,534] {processor.py:641} INFO - Processing file /opt/airflow/dags/subdags/subdag_transforms.py for tasks to queue
[2022-08-09 19:53:46,536] {logging_mixin.py:115} INFO - [2022-08-09 19:53:46,536] {dagbag.py:507} INFO - Filling up the DagBag from /opt/airflow/dags/subdags/subdag_transforms.py
[2022-08-09 19:53:46,549] {processor.py:653} WARNING - No viable dags retrieved from /opt/airflow/dags/subdags/subdag_transforms.py
[2022-08-09 19:53:46,569] {processor.py:161} INFO - Processing /opt/airflow/dags/subdags/subdag_transforms.py took 0.047 seconds
[2022-08-09 19:53:50,571] {processor.py:153} INFO - Started process (PID=13787) to work on /opt/airflow/dags/subdags/subdag_transforms.py
[2022-08-09 19:53:50,573] {processor.py:641} INFO - Processing file /opt/airflow/dags/subdags/subdag_transforms.py for tasks to queue
[2022-08-09 19:53:50,575] {logging_mixin.py:115} INFO - [2022-08-09 19:53:50,575] {dagbag.py:507} INFO - Filling up the DagBag from /opt/airflow/dags/subdags/subdag_transforms.py
[2022-08-09 19:53:50,603] {processor.py:653} WARNING - No viable dags retrieved from /opt/airflow/dags/subdags/subdag_transforms.py
[2022-08-09 19:53:50,615] {processor.py:161} INFO - Processing /opt/airflow/dags/subdags/subdag_transforms.py took 0.048 seconds
[2022-08-09 19:54:20,870] {processor.py:153} INFO - Started process (PID=13826) to work on /opt/airflow/dags/subdags/subdag_transforms.py
[2022-08-09 19:54:20,874] {processor.py:641} INFO - Processing file /opt/airflow/dags/subdags/subdag_transforms.py for tasks to queue
[2022-08-09 19:54:20,876] {logging_mixin.py:115} INFO - [2022-08-09 19:54:20,876] {dagbag.py:507} INFO - Filling up the DagBag from /opt/airflow/dags/subdags/subdag_transforms.py
[2022-08-09 19:54:20,885] {processor.py:653} WARNING - No viable dags retrieved from /opt/airflow/dags/subdags/subdag_transforms.py
[2022-08-09 19:54:20,905] {processor.py:161} INFO - Processing /opt/airflow/dags/subdags/subdag_transforms.py took 0.041 seconds
[2022-08-09 19:54:51,225] {processor.py:153} INFO - Started process (PID=13860) to work on /opt/airflow/dags/subdags/subdag_transforms.py
[2022-08-09 19:54:51,227] {processor.py:641} INFO - Processing file /opt/airflow/dags/subdags/subdag_transforms.py for tasks to queue
[2022-08-09 19:54:51,228] {logging_mixin.py:115} INFO - [2022-08-09 19:54:51,228] {dagbag.py:507} INFO - Filling up the DagBag from /opt/airflow/dags/subdags/subdag_transforms.py
[2022-08-09 19:54:51,234] {processor.py:653} WARNING - No viable dags retrieved from /opt/airflow/dags/subdags/subdag_transforms.py
[2022-08-09 19:54:51,245] {processor.py:161} INFO - Processing /opt/airflow/dags/subdags/subdag_transforms.py took 0.022 seconds
[2022-08-09 19:55:21,591] {processor.py:153} INFO - Started process (PID=13893) to work on /opt/airflow/dags/subdags/subdag_transforms.py
[2022-08-09 19:55:21,596] {processor.py:641} INFO - Processing file /opt/airflow/dags/subdags/subdag_transforms.py for tasks to queue
[2022-08-09 19:55:21,597] {logging_mixin.py:115} INFO - [2022-08-09 19:55:21,597] {dagbag.py:507} INFO - Filling up the DagBag from /opt/airflow/dags/subdags/subdag_transforms.py
[2022-08-09 19:55:21,604] {processor.py:653} WARNING - No viable dags retrieved from /opt/airflow/dags/subdags/subdag_transforms.py
[2022-08-09 19:55:21,619] {processor.py:161} INFO - Processing /opt/airflow/dags/subdags/subdag_transforms.py took 0.032 seconds
[2022-08-09 19:55:51,916] {processor.py:153} INFO - Started process (PID=13917) to work on /opt/airflow/dags/subdags/subdag_transforms.py
[2022-08-09 19:55:51,918] {processor.py:641} INFO - Processing file /opt/airflow/dags/subdags/subdag_transforms.py for tasks to queue
[2022-08-09 19:55:51,919] {logging_mixin.py:115} INFO - [2022-08-09 19:55:51,919] {dagbag.py:507} INFO - Filling up the DagBag from /opt/airflow/dags/subdags/subdag_transforms.py
[2022-08-09 19:55:51,927] {processor.py:653} WARNING - No viable dags retrieved from /opt/airflow/dags/subdags/subdag_transforms.py
[2022-08-09 19:55:51,940] {processor.py:161} INFO - Processing /opt/airflow/dags/subdags/subdag_transforms.py took 0.029 seconds
[2022-08-09 19:56:22,183] {processor.py:153} INFO - Started process (PID=13948) to work on /opt/airflow/dags/subdags/subdag_transforms.py
[2022-08-09 19:56:22,187] {processor.py:641} INFO - Processing file /opt/airflow/dags/subdags/subdag_transforms.py for tasks to queue
[2022-08-09 19:56:22,188] {logging_mixin.py:115} INFO - [2022-08-09 19:56:22,188] {dagbag.py:507} INFO - Filling up the DagBag from /opt/airflow/dags/subdags/subdag_transforms.py
[2022-08-09 19:56:22,198] {processor.py:653} WARNING - No viable dags retrieved from /opt/airflow/dags/subdags/subdag_transforms.py
[2022-08-09 19:56:22,212] {processor.py:161} INFO - Processing /opt/airflow/dags/subdags/subdag_transforms.py took 0.033 seconds
[2022-08-09 19:56:52,492] {processor.py:153} INFO - Started process (PID=13981) to work on /opt/airflow/dags/subdags/subdag_transforms.py
[2022-08-09 19:56:52,494] {processor.py:641} INFO - Processing file /opt/airflow/dags/subdags/subdag_transforms.py for tasks to queue
[2022-08-09 19:56:52,495] {logging_mixin.py:115} INFO - [2022-08-09 19:56:52,495] {dagbag.py:507} INFO - Filling up the DagBag from /opt/airflow/dags/subdags/subdag_transforms.py
[2022-08-09 19:56:52,501] {processor.py:653} WARNING - No viable dags retrieved from /opt/airflow/dags/subdags/subdag_transforms.py
[2022-08-09 19:56:52,512] {processor.py:161} INFO - Processing /opt/airflow/dags/subdags/subdag_transforms.py took 0.022 seconds
[2022-08-09 19:57:22,845] {processor.py:153} INFO - Started process (PID=14014) to work on /opt/airflow/dags/subdags/subdag_transforms.py
[2022-08-09 19:57:22,848] {processor.py:641} INFO - Processing file /opt/airflow/dags/subdags/subdag_transforms.py for tasks to queue
[2022-08-09 19:57:22,850] {logging_mixin.py:115} INFO - [2022-08-09 19:57:22,850] {dagbag.py:507} INFO - Filling up the DagBag from /opt/airflow/dags/subdags/subdag_transforms.py
[2022-08-09 19:57:22,861] {processor.py:653} WARNING - No viable dags retrieved from /opt/airflow/dags/subdags/subdag_transforms.py
[2022-08-09 19:57:22,877] {processor.py:161} INFO - Processing /opt/airflow/dags/subdags/subdag_transforms.py took 0.038 seconds
[2022-08-09 19:57:53,110] {processor.py:153} INFO - Started process (PID=14048) to work on /opt/airflow/dags/subdags/subdag_transforms.py
[2022-08-09 19:57:53,113] {processor.py:641} INFO - Processing file /opt/airflow/dags/subdags/subdag_transforms.py for tasks to queue
[2022-08-09 19:57:53,114] {logging_mixin.py:115} INFO - [2022-08-09 19:57:53,114] {dagbag.py:507} INFO - Filling up the DagBag from /opt/airflow/dags/subdags/subdag_transforms.py
[2022-08-09 19:57:53,124] {processor.py:653} WARNING - No viable dags retrieved from /opt/airflow/dags/subdags/subdag_transforms.py
[2022-08-09 19:57:53,140] {processor.py:161} INFO - Processing /opt/airflow/dags/subdags/subdag_transforms.py took 0.034 seconds
[2022-08-09 19:58:23,442] {processor.py:153} INFO - Started process (PID=14073) to work on /opt/airflow/dags/subdags/subdag_transforms.py
[2022-08-09 19:58:23,445] {processor.py:641} INFO - Processing file /opt/airflow/dags/subdags/subdag_transforms.py for tasks to queue
[2022-08-09 19:58:23,447] {logging_mixin.py:115} INFO - [2022-08-09 19:58:23,447] {dagbag.py:507} INFO - Filling up the DagBag from /opt/airflow/dags/subdags/subdag_transforms.py
[2022-08-09 19:58:23,457] {processor.py:653} WARNING - No viable dags retrieved from /opt/airflow/dags/subdags/subdag_transforms.py
[2022-08-09 19:58:23,472] {processor.py:161} INFO - Processing /opt/airflow/dags/subdags/subdag_transforms.py took 0.035 seconds
[2022-08-09 19:58:53,765] {processor.py:153} INFO - Started process (PID=14107) to work on /opt/airflow/dags/subdags/subdag_transforms.py
[2022-08-09 19:58:53,767] {processor.py:641} INFO - Processing file /opt/airflow/dags/subdags/subdag_transforms.py for tasks to queue
[2022-08-09 19:58:53,767] {logging_mixin.py:115} INFO - [2022-08-09 19:58:53,767] {dagbag.py:507} INFO - Filling up the DagBag from /opt/airflow/dags/subdags/subdag_transforms.py
[2022-08-09 19:58:53,773] {processor.py:653} WARNING - No viable dags retrieved from /opt/airflow/dags/subdags/subdag_transforms.py
[2022-08-09 19:58:53,783] {processor.py:161} INFO - Processing /opt/airflow/dags/subdags/subdag_transforms.py took 0.021 seconds
[2022-08-09 19:59:24,039] {processor.py:153} INFO - Started process (PID=14140) to work on /opt/airflow/dags/subdags/subdag_transforms.py
[2022-08-09 19:59:24,041] {processor.py:641} INFO - Processing file /opt/airflow/dags/subdags/subdag_transforms.py for tasks to queue
[2022-08-09 19:59:24,043] {logging_mixin.py:115} INFO - [2022-08-09 19:59:24,042] {dagbag.py:507} INFO - Filling up the DagBag from /opt/airflow/dags/subdags/subdag_transforms.py
[2022-08-09 19:59:24,050] {processor.py:653} WARNING - No viable dags retrieved from /opt/airflow/dags/subdags/subdag_transforms.py
[2022-08-09 19:59:24,062] {processor.py:161} INFO - Processing /opt/airflow/dags/subdags/subdag_transforms.py took 0.027 seconds
[2022-08-09 19:59:54,389] {processor.py:153} INFO - Started process (PID=14174) to work on /opt/airflow/dags/subdags/subdag_transforms.py
[2022-08-09 19:59:54,390] {processor.py:641} INFO - Processing file /opt/airflow/dags/subdags/subdag_transforms.py for tasks to queue
[2022-08-09 19:59:54,391] {logging_mixin.py:115} INFO - [2022-08-09 19:59:54,391] {dagbag.py:507} INFO - Filling up the DagBag from /opt/airflow/dags/subdags/subdag_transforms.py
[2022-08-09 19:59:54,397] {processor.py:653} WARNING - No viable dags retrieved from /opt/airflow/dags/subdags/subdag_transforms.py
[2022-08-09 19:59:54,406] {processor.py:161} INFO - Processing /opt/airflow/dags/subdags/subdag_transforms.py took 0.020 seconds
[2022-08-09 20:00:24,649] {processor.py:153} INFO - Started process (PID=14207) to work on /opt/airflow/dags/subdags/subdag_transforms.py
[2022-08-09 20:00:24,651] {processor.py:641} INFO - Processing file /opt/airflow/dags/subdags/subdag_transforms.py for tasks to queue
[2022-08-09 20:00:24,652] {logging_mixin.py:115} INFO - [2022-08-09 20:00:24,652] {dagbag.py:507} INFO - Filling up the DagBag from /opt/airflow/dags/subdags/subdag_transforms.py
[2022-08-09 20:00:24,657] {processor.py:653} WARNING - No viable dags retrieved from /opt/airflow/dags/subdags/subdag_transforms.py
[2022-08-09 20:00:24,668] {processor.py:161} INFO - Processing /opt/airflow/dags/subdags/subdag_transforms.py took 0.022 seconds
[2022-08-09 20:00:55,025] {processor.py:153} INFO - Started process (PID=14231) to work on /opt/airflow/dags/subdags/subdag_transforms.py
[2022-08-09 20:00:55,028] {processor.py:641} INFO - Processing file /opt/airflow/dags/subdags/subdag_transforms.py for tasks to queue
[2022-08-09 20:00:55,032] {logging_mixin.py:115} INFO - [2022-08-09 20:00:55,031] {dagbag.py:507} INFO - Filling up the DagBag from /opt/airflow/dags/subdags/subdag_transforms.py
[2022-08-09 20:00:55,047] {processor.py:653} WARNING - No viable dags retrieved from /opt/airflow/dags/subdags/subdag_transforms.py
[2022-08-09 20:00:55,067] {processor.py:161} INFO - Processing /opt/airflow/dags/subdags/subdag_transforms.py took 0.046 seconds
[2022-08-09 20:01:25,389] {processor.py:153} INFO - Started process (PID=14264) to work on /opt/airflow/dags/subdags/subdag_transforms.py
[2022-08-09 20:01:25,392] {processor.py:641} INFO - Processing file /opt/airflow/dags/subdags/subdag_transforms.py for tasks to queue
[2022-08-09 20:01:25,394] {logging_mixin.py:115} INFO - [2022-08-09 20:01:25,394] {dagbag.py:507} INFO - Filling up the DagBag from /opt/airflow/dags/subdags/subdag_transforms.py
[2022-08-09 20:01:25,406] {processor.py:653} WARNING - No viable dags retrieved from /opt/airflow/dags/subdags/subdag_transforms.py
[2022-08-09 20:01:25,423] {processor.py:161} INFO - Processing /opt/airflow/dags/subdags/subdag_transforms.py took 0.040 seconds
[2022-08-09 20:01:55,731] {processor.py:153} INFO - Started process (PID=14295) to work on /opt/airflow/dags/subdags/subdag_transforms.py
[2022-08-09 20:01:55,734] {processor.py:641} INFO - Processing file /opt/airflow/dags/subdags/subdag_transforms.py for tasks to queue
[2022-08-09 20:01:55,736] {logging_mixin.py:115} INFO - [2022-08-09 20:01:55,736] {dagbag.py:507} INFO - Filling up the DagBag from /opt/airflow/dags/subdags/subdag_transforms.py
[2022-08-09 20:01:55,748] {processor.py:653} WARNING - No viable dags retrieved from /opt/airflow/dags/subdags/subdag_transforms.py
[2022-08-09 20:01:55,762] {processor.py:161} INFO - Processing /opt/airflow/dags/subdags/subdag_transforms.py took 0.036 seconds
[2022-08-09 20:02:25,991] {processor.py:153} INFO - Started process (PID=14329) to work on /opt/airflow/dags/subdags/subdag_transforms.py
[2022-08-09 20:02:25,995] {processor.py:641} INFO - Processing file /opt/airflow/dags/subdags/subdag_transforms.py for tasks to queue
[2022-08-09 20:02:25,997] {logging_mixin.py:115} INFO - [2022-08-09 20:02:25,996] {dagbag.py:507} INFO - Filling up the DagBag from /opt/airflow/dags/subdags/subdag_transforms.py
[2022-08-09 20:02:26,010] {processor.py:653} WARNING - No viable dags retrieved from /opt/airflow/dags/subdags/subdag_transforms.py
[2022-08-09 20:02:26,030] {processor.py:161} INFO - Processing /opt/airflow/dags/subdags/subdag_transforms.py took 0.045 seconds
[2022-08-09 20:02:56,273] {processor.py:153} INFO - Started process (PID=14363) to work on /opt/airflow/dags/subdags/subdag_transforms.py
[2022-08-09 20:02:56,275] {processor.py:641} INFO - Processing file /opt/airflow/dags/subdags/subdag_transforms.py for tasks to queue
[2022-08-09 20:02:56,276] {logging_mixin.py:115} INFO - [2022-08-09 20:02:56,276] {dagbag.py:507} INFO - Filling up the DagBag from /opt/airflow/dags/subdags/subdag_transforms.py
[2022-08-09 20:02:56,283] {processor.py:653} WARNING - No viable dags retrieved from /opt/airflow/dags/subdags/subdag_transforms.py
[2022-08-09 20:02:56,295] {processor.py:161} INFO - Processing /opt/airflow/dags/subdags/subdag_transforms.py took 0.026 seconds
[2022-08-09 20:03:26,578] {processor.py:153} INFO - Started process (PID=14387) to work on /opt/airflow/dags/subdags/subdag_transforms.py
[2022-08-09 20:03:26,580] {processor.py:641} INFO - Processing file /opt/airflow/dags/subdags/subdag_transforms.py for tasks to queue
[2022-08-09 20:03:26,581] {logging_mixin.py:115} INFO - [2022-08-09 20:03:26,581] {dagbag.py:507} INFO - Filling up the DagBag from /opt/airflow/dags/subdags/subdag_transforms.py
[2022-08-09 20:03:26,587] {processor.py:653} WARNING - No viable dags retrieved from /opt/airflow/dags/subdags/subdag_transforms.py
[2022-08-09 20:03:26,596] {processor.py:161} INFO - Processing /opt/airflow/dags/subdags/subdag_transforms.py took 0.020 seconds
[2022-08-09 20:03:56,870] {processor.py:153} INFO - Started process (PID=14418) to work on /opt/airflow/dags/subdags/subdag_transforms.py
[2022-08-09 20:03:56,873] {processor.py:641} INFO - Processing file /opt/airflow/dags/subdags/subdag_transforms.py for tasks to queue
[2022-08-09 20:03:56,876] {logging_mixin.py:115} INFO - [2022-08-09 20:03:56,875] {dagbag.py:507} INFO - Filling up the DagBag from /opt/airflow/dags/subdags/subdag_transforms.py
[2022-08-09 20:03:56,884] {processor.py:653} WARNING - No viable dags retrieved from /opt/airflow/dags/subdags/subdag_transforms.py
[2022-08-09 20:03:56,896] {processor.py:161} INFO - Processing /opt/airflow/dags/subdags/subdag_transforms.py took 0.029 seconds
[2022-08-09 20:04:27,187] {processor.py:153} INFO - Started process (PID=14450) to work on /opt/airflow/dags/subdags/subdag_transforms.py
[2022-08-09 20:04:27,190] {processor.py:641} INFO - Processing file /opt/airflow/dags/subdags/subdag_transforms.py for tasks to queue
[2022-08-09 20:04:27,191] {logging_mixin.py:115} INFO - [2022-08-09 20:04:27,191] {dagbag.py:507} INFO - Filling up the DagBag from /opt/airflow/dags/subdags/subdag_transforms.py
[2022-08-09 20:04:27,198] {processor.py:653} WARNING - No viable dags retrieved from /opt/airflow/dags/subdags/subdag_transforms.py
[2022-08-09 20:04:27,215] {processor.py:161} INFO - Processing /opt/airflow/dags/subdags/subdag_transforms.py took 0.032 seconds
[2022-08-09 20:04:57,513] {processor.py:153} INFO - Started process (PID=14482) to work on /opt/airflow/dags/subdags/subdag_transforms.py
[2022-08-09 20:04:57,516] {processor.py:641} INFO - Processing file /opt/airflow/dags/subdags/subdag_transforms.py for tasks to queue
[2022-08-09 20:04:57,518] {logging_mixin.py:115} INFO - [2022-08-09 20:04:57,518] {dagbag.py:507} INFO - Filling up the DagBag from /opt/airflow/dags/subdags/subdag_transforms.py
[2022-08-09 20:04:57,529] {processor.py:653} WARNING - No viable dags retrieved from /opt/airflow/dags/subdags/subdag_transforms.py
[2022-08-09 20:04:57,544] {processor.py:161} INFO - Processing /opt/airflow/dags/subdags/subdag_transforms.py took 0.037 seconds
[2022-08-09 20:05:27,759] {processor.py:153} INFO - Started process (PID=14514) to work on /opt/airflow/dags/subdags/subdag_transforms.py
[2022-08-09 20:05:27,762] {processor.py:641} INFO - Processing file /opt/airflow/dags/subdags/subdag_transforms.py for tasks to queue
[2022-08-09 20:05:27,763] {logging_mixin.py:115} INFO - [2022-08-09 20:05:27,762] {dagbag.py:507} INFO - Filling up the DagBag from /opt/airflow/dags/subdags/subdag_transforms.py
[2022-08-09 20:05:27,768] {processor.py:653} WARNING - No viable dags retrieved from /opt/airflow/dags/subdags/subdag_transforms.py
[2022-08-09 20:05:27,778] {processor.py:161} INFO - Processing /opt/airflow/dags/subdags/subdag_transforms.py took 0.021 seconds
[2022-08-09 20:05:58,027] {processor.py:153} INFO - Started process (PID=14538) to work on /opt/airflow/dags/subdags/subdag_transforms.py
[2022-08-09 20:05:58,031] {processor.py:641} INFO - Processing file /opt/airflow/dags/subdags/subdag_transforms.py for tasks to queue
[2022-08-09 20:05:58,033] {logging_mixin.py:115} INFO - [2022-08-09 20:05:58,033] {dagbag.py:507} INFO - Filling up the DagBag from /opt/airflow/dags/subdags/subdag_transforms.py
[2022-08-09 20:05:58,045] {processor.py:653} WARNING - No viable dags retrieved from /opt/airflow/dags/subdags/subdag_transforms.py
[2022-08-09 20:05:58,060] {processor.py:161} INFO - Processing /opt/airflow/dags/subdags/subdag_transforms.py took 0.038 seconds
[2022-08-09 20:06:28,326] {processor.py:153} INFO - Started process (PID=14571) to work on /opt/airflow/dags/subdags/subdag_transforms.py
[2022-08-09 20:06:28,330] {processor.py:641} INFO - Processing file /opt/airflow/dags/subdags/subdag_transforms.py for tasks to queue
[2022-08-09 20:06:28,332] {logging_mixin.py:115} INFO - [2022-08-09 20:06:28,332] {dagbag.py:507} INFO - Filling up the DagBag from /opt/airflow/dags/subdags/subdag_transforms.py
[2022-08-09 20:06:28,344] {processor.py:653} WARNING - No viable dags retrieved from /opt/airflow/dags/subdags/subdag_transforms.py
[2022-08-09 20:06:28,360] {processor.py:161} INFO - Processing /opt/airflow/dags/subdags/subdag_transforms.py took 0.039 seconds
[2022-08-09 20:06:58,657] {processor.py:153} INFO - Started process (PID=14604) to work on /opt/airflow/dags/subdags/subdag_transforms.py
[2022-08-09 20:06:58,662] {processor.py:641} INFO - Processing file /opt/airflow/dags/subdags/subdag_transforms.py for tasks to queue
[2022-08-09 20:06:58,664] {logging_mixin.py:115} INFO - [2022-08-09 20:06:58,664] {dagbag.py:507} INFO - Filling up the DagBag from /opt/airflow/dags/subdags/subdag_transforms.py
[2022-08-09 20:06:58,677] {processor.py:653} WARNING - No viable dags retrieved from /opt/airflow/dags/subdags/subdag_transforms.py
[2022-08-09 20:06:58,695] {processor.py:161} INFO - Processing /opt/airflow/dags/subdags/subdag_transforms.py took 0.044 seconds
[2022-08-09 20:07:28,962] {processor.py:153} INFO - Started process (PID=14638) to work on /opt/airflow/dags/subdags/subdag_transforms.py
[2022-08-09 20:07:28,964] {processor.py:641} INFO - Processing file /opt/airflow/dags/subdags/subdag_transforms.py for tasks to queue
[2022-08-09 20:07:28,965] {logging_mixin.py:115} INFO - [2022-08-09 20:07:28,965] {dagbag.py:507} INFO - Filling up the DagBag from /opt/airflow/dags/subdags/subdag_transforms.py
[2022-08-09 20:07:28,970] {processor.py:653} WARNING - No viable dags retrieved from /opt/airflow/dags/subdags/subdag_transforms.py
[2022-08-09 20:07:28,981] {processor.py:161} INFO - Processing /opt/airflow/dags/subdags/subdag_transforms.py took 0.021 seconds
[2022-08-09 20:07:59,223] {processor.py:153} INFO - Started process (PID=14672) to work on /opt/airflow/dags/subdags/subdag_transforms.py
[2022-08-09 20:07:59,225] {processor.py:641} INFO - Processing file /opt/airflow/dags/subdags/subdag_transforms.py for tasks to queue
[2022-08-09 20:07:59,226] {logging_mixin.py:115} INFO - [2022-08-09 20:07:59,225] {dagbag.py:507} INFO - Filling up the DagBag from /opt/airflow/dags/subdags/subdag_transforms.py
[2022-08-09 20:07:59,231] {processor.py:653} WARNING - No viable dags retrieved from /opt/airflow/dags/subdags/subdag_transforms.py
[2022-08-09 20:07:59,241] {processor.py:161} INFO - Processing /opt/airflow/dags/subdags/subdag_transforms.py took 0.020 seconds
