[2022-08-09 19:14:24,260] {taskinstance.py:1159} INFO - Dependencies all met for <TaskInstance: group_dag.downloads.download_c scheduled__2022-08-08T00:00:00+00:00 [queued]>
[2022-08-09 19:14:24,269] {taskinstance.py:1159} INFO - Dependencies all met for <TaskInstance: group_dag.downloads.download_c scheduled__2022-08-08T00:00:00+00:00 [queued]>
[2022-08-09 19:14:24,271] {taskinstance.py:1356} INFO - 
--------------------------------------------------------------------------------
[2022-08-09 19:14:24,272] {taskinstance.py:1357} INFO - Starting attempt 1 of 1
[2022-08-09 19:14:24,273] {taskinstance.py:1358} INFO - 
--------------------------------------------------------------------------------
[2022-08-09 19:14:24,293] {taskinstance.py:1377} INFO - Executing <Task(BashOperator): download_c> on 2022-08-08 00:00:00+00:00
[2022-08-09 19:14:24,300] {standard_task_runner.py:52} INFO - Started process 9594 to run task
[2022-08-09 19:14:24,304] {standard_task_runner.py:79} INFO - Running: ['***', 'tasks', 'run', 'group_dag.downloads', 'download_c', 'scheduled__2022-08-08T00:00:00+00:00', '--job-id', '59', '--raw', '--subdir', 'DAGS_FOLDER/group_dag.py', '--cfg-path', '/tmp/tmp4re9xyb5', '--error-file', '/tmp/tmpir8sueaa']
[2022-08-09 19:14:24,306] {standard_task_runner.py:80} INFO - Job 59: Subtask download_c
[2022-08-09 19:14:24,348] {task_command.py:369} INFO - Running <TaskInstance: group_dag.downloads.download_c scheduled__2022-08-08T00:00:00+00:00 [running]> on host 40fffbcee5cb
[2022-08-09 19:14:24,398] {taskinstance.py:1571} INFO - Exporting the following env vars:
AIRFLOW_CTX_DAG_OWNER=***
AIRFLOW_CTX_DAG_ID=group_dag.downloads
AIRFLOW_CTX_TASK_ID=download_c
AIRFLOW_CTX_EXECUTION_DATE=2022-08-08T00:00:00+00:00
AIRFLOW_CTX_TRY_NUMBER=1
AIRFLOW_CTX_DAG_RUN_ID=scheduled__2022-08-08T00:00:00+00:00
[2022-08-09 19:14:24,400] {subprocess.py:62} INFO - Tmp dir root location: 
 /tmp
[2022-08-09 19:14:24,401] {subprocess.py:74} INFO - Running command: ['bash', '-c', 'sleep 10']
[2022-08-09 19:14:24,412] {subprocess.py:85} INFO - Output:
[2022-08-09 19:14:34,416] {subprocess.py:96} INFO - Command exited with return code 0
[2022-08-09 19:14:34,435] {taskinstance.py:1400} INFO - Marking task as SUCCESS. dag_id=group_dag.downloads, task_id=download_c, execution_date=20220808T000000, start_date=20220809T191424, end_date=20220809T191434
[2022-08-09 19:14:34,472] {local_task_job.py:156} INFO - Task exited with return code 0
[2022-08-09 19:14:34,498] {local_task_job.py:273} INFO - 0 downstream tasks scheduled from follow-on schedule check
