[2022-08-02 22:59:49,435] {taskinstance.py:1159} INFO - Dependencies all met for <TaskInstance: example_bash_operator.runme_1 scheduled__2022-08-01T00:00:00+00:00 [queued]>
[2022-08-02 22:59:49,441] {taskinstance.py:1159} INFO - Dependencies all met for <TaskInstance: example_bash_operator.runme_1 scheduled__2022-08-01T00:00:00+00:00 [queued]>
[2022-08-02 22:59:49,443] {taskinstance.py:1356} INFO - 
--------------------------------------------------------------------------------
[2022-08-02 22:59:49,444] {taskinstance.py:1357} INFO - Starting attempt 1 of 1
[2022-08-02 22:59:49,444] {taskinstance.py:1358} INFO - 
--------------------------------------------------------------------------------
[2022-08-02 22:59:49,460] {taskinstance.py:1377} INFO - Executing <Task(BashOperator): runme_1> on 2022-08-01 00:00:00+00:00
[2022-08-02 22:59:49,464] {standard_task_runner.py:52} INFO - Started process 674 to run task
[2022-08-02 22:59:49,468] {standard_task_runner.py:79} INFO - Running: ['***', 'tasks', 'run', 'example_bash_operator', 'runme_1', 'scheduled__2022-08-01T00:00:00+00:00', '--job-id', '15', '--raw', '--subdir', '/home/***/.local/lib/python3.7/site-packages/***/example_dags/example_bash_operator.py', '--cfg-path', '/tmp/tmpn1gwoj2h', '--error-file', '/tmp/tmpqoxqx47p']
[2022-08-02 22:59:49,471] {standard_task_runner.py:80} INFO - Job 15: Subtask runme_1
[2022-08-02 22:59:49,542] {task_command.py:369} INFO - Running <TaskInstance: example_bash_operator.runme_1 scheduled__2022-08-01T00:00:00+00:00 [running]> on host d834662d9040
[2022-08-02 22:59:49,653] {taskinstance.py:1571} INFO - Exporting the following env vars:
AIRFLOW_CTX_DAG_OWNER=***
AIRFLOW_CTX_DAG_ID=example_bash_operator
AIRFLOW_CTX_TASK_ID=runme_1
AIRFLOW_CTX_EXECUTION_DATE=2022-08-01T00:00:00+00:00
AIRFLOW_CTX_TRY_NUMBER=1
AIRFLOW_CTX_DAG_RUN_ID=scheduled__2022-08-01T00:00:00+00:00
[2022-08-02 22:59:49,655] {subprocess.py:62} INFO - Tmp dir root location: 
 /tmp
[2022-08-02 22:59:49,657] {subprocess.py:74} INFO - Running command: ['bash', '-c', 'echo "example_bash_operator__runme_1__20220801" && sleep 1']
[2022-08-02 22:59:49,677] {subprocess.py:85} INFO - Output:
[2022-08-02 22:59:49,678] {subprocess.py:92} INFO - example_bash_operator__runme_1__20220801
[2022-08-02 22:59:50,676] {subprocess.py:96} INFO - Command exited with return code 0
[2022-08-02 22:59:50,706] {taskinstance.py:1400} INFO - Marking task as SUCCESS. dag_id=example_bash_operator, task_id=runme_1, execution_date=20220801T000000, start_date=20220802T225949, end_date=20220802T225950
[2022-08-02 22:59:50,738] {local_task_job.py:156} INFO - Task exited with return code 0
[2022-08-02 22:59:50,762] {local_task_job.py:273} INFO - 1 downstream tasks scheduled from follow-on schedule check
