[2022-08-09 13:24:07,472] {taskinstance.py:1159} INFO - Dependencies all met for <TaskInstance: parallel_dag.extract_a manual__2022-08-09T13:24:06.413126+00:00 [queued]>
[2022-08-09 13:24:07,480] {taskinstance.py:1159} INFO - Dependencies all met for <TaskInstance: parallel_dag.extract_a manual__2022-08-09T13:24:06.413126+00:00 [queued]>
[2022-08-09 13:24:07,481] {taskinstance.py:1356} INFO - 
--------------------------------------------------------------------------------
[2022-08-09 13:24:07,482] {taskinstance.py:1357} INFO - Starting attempt 1 of 1
[2022-08-09 13:24:07,482] {taskinstance.py:1358} INFO - 
--------------------------------------------------------------------------------
[2022-08-09 13:24:07,492] {taskinstance.py:1377} INFO - Executing <Task(BashOperator): extract_a> on 2022-08-09 13:24:06.413126+00:00
[2022-08-09 13:24:07,497] {standard_task_runner.py:52} INFO - Started process 161 to run task
[2022-08-09 13:24:07,499] {standard_task_runner.py:79} INFO - Running: ['***', 'tasks', 'run', 'parallel_dag', 'extract_a', 'manual__2022-08-09T13:24:06.413126+00:00', '--job-id', '53', '--raw', '--subdir', 'DAGS_FOLDER/parallel_dag.py', '--cfg-path', '/tmp/tmph38l1f6q', '--error-file', '/tmp/tmpgcfs9rax']
[2022-08-09 13:24:07,500] {standard_task_runner.py:80} INFO - Job 53: Subtask extract_a
[2022-08-09 13:24:07,537] {task_command.py:369} INFO - Running <TaskInstance: parallel_dag.extract_a manual__2022-08-09T13:24:06.413126+00:00 [running]> on host 40fffbcee5cb
[2022-08-09 13:24:07,580] {taskinstance.py:1571} INFO - Exporting the following env vars:
AIRFLOW_CTX_DAG_OWNER=***
AIRFLOW_CTX_DAG_ID=parallel_dag
AIRFLOW_CTX_TASK_ID=extract_a
AIRFLOW_CTX_EXECUTION_DATE=2022-08-09T13:24:06.413126+00:00
AIRFLOW_CTX_TRY_NUMBER=1
AIRFLOW_CTX_DAG_RUN_ID=manual__2022-08-09T13:24:06.413126+00:00
[2022-08-09 13:24:07,581] {subprocess.py:62} INFO - Tmp dir root location: 
 /tmp
[2022-08-09 13:24:07,582] {subprocess.py:74} INFO - Running command: ['bash', '-c', 'sleep 10']
[2022-08-09 13:24:07,590] {subprocess.py:85} INFO - Output:
[2022-08-09 13:24:17,593] {subprocess.py:96} INFO - Command exited with return code 0
[2022-08-09 13:24:17,616] {taskinstance.py:1400} INFO - Marking task as SUCCESS. dag_id=parallel_dag, task_id=extract_a, execution_date=20220809T132406, start_date=20220809T132407, end_date=20220809T132417
[2022-08-09 13:24:17,648] {local_task_job.py:156} INFO - Task exited with return code 0
[2022-08-09 13:24:17,669] {local_task_job.py:273} INFO - 1 downstream tasks scheduled from follow-on schedule check
