[2022-08-09 21:14:22,194] {taskinstance.py:1159} INFO - Dependencies all met for <TaskInstance: xcom_dag.processing_tasks.training_model_a manual__2022-08-09T21:14:16.962361+00:00 [queued]>
[2022-08-09 21:14:22,220] {taskinstance.py:1159} INFO - Dependencies all met for <TaskInstance: xcom_dag.processing_tasks.training_model_a manual__2022-08-09T21:14:16.962361+00:00 [queued]>
[2022-08-09 21:14:22,224] {taskinstance.py:1356} INFO - 
--------------------------------------------------------------------------------
[2022-08-09 21:14:22,227] {taskinstance.py:1357} INFO - Starting attempt 1 of 1
[2022-08-09 21:14:22,228] {taskinstance.py:1358} INFO - 
--------------------------------------------------------------------------------
[2022-08-09 21:14:22,256] {taskinstance.py:1377} INFO - Executing <Task(PythonOperator): processing_tasks.training_model_a> on 2022-08-09 21:14:16.962361+00:00
[2022-08-09 21:14:22,262] {standard_task_runner.py:52} INFO - Started process 15649 to run task
[2022-08-09 21:14:22,269] {standard_task_runner.py:79} INFO - Running: ['***', 'tasks', 'run', 'xcom_dag', 'processing_tasks.training_model_a', 'manual__2022-08-09T21:14:16.962361+00:00', '--job-id', '117', '--raw', '--subdir', 'DAGS_FOLDER/xcom_dag.py', '--cfg-path', '/tmp/tmpcsj0da3n', '--error-file', '/tmp/tmp0updtysk']
[2022-08-09 21:14:22,270] {standard_task_runner.py:80} INFO - Job 117: Subtask processing_tasks.training_model_a
[2022-08-09 21:14:22,348] {task_command.py:369} INFO - Running <TaskInstance: xcom_dag.processing_tasks.training_model_a manual__2022-08-09T21:14:16.962361+00:00 [running]> on host 40fffbcee5cb
[2022-08-09 21:14:22,449] {taskinstance.py:1571} INFO - Exporting the following env vars:
AIRFLOW_CTX_DAG_OWNER=***
AIRFLOW_CTX_DAG_ID=xcom_dag
AIRFLOW_CTX_TASK_ID=processing_tasks.training_model_a
AIRFLOW_CTX_EXECUTION_DATE=2022-08-09T21:14:16.962361+00:00
AIRFLOW_CTX_TRY_NUMBER=1
AIRFLOW_CTX_DAG_RUN_ID=manual__2022-08-09T21:14:16.962361+00:00
[2022-08-09 21:14:22,451] {logging_mixin.py:115} INFO - model's accuracy: 3.76468570148467
[2022-08-09 21:14:22,465] {python.py:173} INFO - Done. Returned value was: None
[2022-08-09 21:14:22,478] {taskinstance.py:1400} INFO - Marking task as SUCCESS. dag_id=xcom_dag, task_id=processing_tasks.training_model_a, execution_date=20220809T211416, start_date=20220809T211422, end_date=20220809T211422
[2022-08-09 21:14:22,523] {local_task_job.py:156} INFO - Task exited with return code 0
[2022-08-09 21:14:22,563] {local_task_job.py:273} INFO - 0 downstream tasks scheduled from follow-on schedule check
