[2022-08-06 00:01:55,942] {processor.py:153} INFO - Started process (PID=3453) to work on /home/airflow/.local/lib/python3.7/site-packages/airflow/example_dags/example_skip_dag.py
[2022-08-06 00:01:55,945] {processor.py:641} INFO - Processing file /home/airflow/.local/lib/python3.7/site-packages/airflow/example_dags/example_skip_dag.py for tasks to queue
[2022-08-06 00:01:55,946] {logging_mixin.py:115} INFO - [2022-08-06 00:01:55,946] {dagbag.py:507} INFO - Filling up the DagBag from /home/airflow/.local/lib/python3.7/site-packages/airflow/example_dags/example_skip_dag.py
[2022-08-06 00:01:55,956] {processor.py:651} INFO - DAG(s) dict_keys(['example_skip_dag']) retrieved from /home/airflow/.local/lib/python3.7/site-packages/airflow/example_dags/example_skip_dag.py
[2022-08-06 00:01:55,999] {logging_mixin.py:115} INFO - [2022-08-06 00:01:55,999] {dag.py:2371} INFO - Sync 1 DAGs
[2022-08-06 00:01:56,021] {logging_mixin.py:115} INFO - [2022-08-06 00:01:56,021] {dag.py:2919} INFO - Setting next_dagrun for example_skip_dag to 2022-08-05T00:01:56.020698+00:00, run_after=2022-08-06T00:01:56.020698+00:00
[2022-08-06 00:01:56,032] {processor.py:161} INFO - Processing /home/airflow/.local/lib/python3.7/site-packages/airflow/example_dags/example_skip_dag.py took 0.096 seconds
[2022-08-06 00:02:26,886] {processor.py:153} INFO - Started process (PID=3514) to work on /home/airflow/.local/lib/python3.7/site-packages/airflow/example_dags/example_skip_dag.py
[2022-08-06 00:02:26,887] {processor.py:641} INFO - Processing file /home/airflow/.local/lib/python3.7/site-packages/airflow/example_dags/example_skip_dag.py for tasks to queue
[2022-08-06 00:02:26,888] {logging_mixin.py:115} INFO - [2022-08-06 00:02:26,888] {dagbag.py:507} INFO - Filling up the DagBag from /home/airflow/.local/lib/python3.7/site-packages/airflow/example_dags/example_skip_dag.py
[2022-08-06 00:02:26,892] {processor.py:651} INFO - DAG(s) dict_keys(['example_skip_dag']) retrieved from /home/airflow/.local/lib/python3.7/site-packages/airflow/example_dags/example_skip_dag.py
[2022-08-06 00:02:26,912] {logging_mixin.py:115} INFO - [2022-08-06 00:02:26,912] {dag.py:2371} INFO - Sync 1 DAGs
[2022-08-06 00:02:26,927] {logging_mixin.py:115} INFO - [2022-08-06 00:02:26,927] {dag.py:2919} INFO - Setting next_dagrun for example_skip_dag to 2022-08-05T00:02:26.927563+00:00, run_after=2022-08-06T00:02:26.927563+00:00
[2022-08-06 00:02:26,936] {processor.py:161} INFO - Processing /home/airflow/.local/lib/python3.7/site-packages/airflow/example_dags/example_skip_dag.py took 0.053 seconds
[2022-08-06 00:02:57,298] {processor.py:153} INFO - Started process (PID=3575) to work on /home/airflow/.local/lib/python3.7/site-packages/airflow/example_dags/example_skip_dag.py
[2022-08-06 00:02:57,299] {processor.py:641} INFO - Processing file /home/airflow/.local/lib/python3.7/site-packages/airflow/example_dags/example_skip_dag.py for tasks to queue
[2022-08-06 00:02:57,300] {logging_mixin.py:115} INFO - [2022-08-06 00:02:57,300] {dagbag.py:507} INFO - Filling up the DagBag from /home/airflow/.local/lib/python3.7/site-packages/airflow/example_dags/example_skip_dag.py
[2022-08-06 00:02:57,304] {processor.py:651} INFO - DAG(s) dict_keys(['example_skip_dag']) retrieved from /home/airflow/.local/lib/python3.7/site-packages/airflow/example_dags/example_skip_dag.py
[2022-08-06 00:02:57,323] {logging_mixin.py:115} INFO - [2022-08-06 00:02:57,323] {dag.py:2371} INFO - Sync 1 DAGs
[2022-08-06 00:02:57,341] {logging_mixin.py:115} INFO - [2022-08-06 00:02:57,341] {dag.py:2919} INFO - Setting next_dagrun for example_skip_dag to 2022-08-05T00:02:57.341138+00:00, run_after=2022-08-06T00:02:57.341138+00:00
[2022-08-06 00:02:57,349] {processor.py:161} INFO - Processing /home/airflow/.local/lib/python3.7/site-packages/airflow/example_dags/example_skip_dag.py took 0.054 seconds
[2022-08-06 00:03:27,789] {processor.py:153} INFO - Started process (PID=3638) to work on /home/airflow/.local/lib/python3.7/site-packages/airflow/example_dags/example_skip_dag.py
[2022-08-06 00:03:27,791] {processor.py:641} INFO - Processing file /home/airflow/.local/lib/python3.7/site-packages/airflow/example_dags/example_skip_dag.py for tasks to queue
[2022-08-06 00:03:27,792] {logging_mixin.py:115} INFO - [2022-08-06 00:03:27,792] {dagbag.py:507} INFO - Filling up the DagBag from /home/airflow/.local/lib/python3.7/site-packages/airflow/example_dags/example_skip_dag.py
[2022-08-06 00:03:27,797] {processor.py:651} INFO - DAG(s) dict_keys(['example_skip_dag']) retrieved from /home/airflow/.local/lib/python3.7/site-packages/airflow/example_dags/example_skip_dag.py
[2022-08-06 00:03:27,816] {logging_mixin.py:115} INFO - [2022-08-06 00:03:27,816] {dag.py:2371} INFO - Sync 1 DAGs
[2022-08-06 00:03:27,829] {logging_mixin.py:115} INFO - [2022-08-06 00:03:27,829] {dag.py:2919} INFO - Setting next_dagrun for example_skip_dag to 2022-08-05T00:03:27.829471+00:00, run_after=2022-08-06T00:03:27.829471+00:00
[2022-08-06 00:03:27,837] {processor.py:161} INFO - Processing /home/airflow/.local/lib/python3.7/site-packages/airflow/example_dags/example_skip_dag.py took 0.049 seconds
[2022-08-06 00:03:58,331] {processor.py:153} INFO - Started process (PID=3700) to work on /home/airflow/.local/lib/python3.7/site-packages/airflow/example_dags/example_skip_dag.py
[2022-08-06 00:03:58,333] {processor.py:641} INFO - Processing file /home/airflow/.local/lib/python3.7/site-packages/airflow/example_dags/example_skip_dag.py for tasks to queue
[2022-08-06 00:03:58,334] {logging_mixin.py:115} INFO - [2022-08-06 00:03:58,334] {dagbag.py:507} INFO - Filling up the DagBag from /home/airflow/.local/lib/python3.7/site-packages/airflow/example_dags/example_skip_dag.py
[2022-08-06 00:03:58,338] {processor.py:651} INFO - DAG(s) dict_keys(['example_skip_dag']) retrieved from /home/airflow/.local/lib/python3.7/site-packages/airflow/example_dags/example_skip_dag.py
[2022-08-06 00:03:58,358] {logging_mixin.py:115} INFO - [2022-08-06 00:03:58,358] {dag.py:2371} INFO - Sync 1 DAGs
[2022-08-06 00:03:58,378] {logging_mixin.py:115} INFO - [2022-08-06 00:03:58,378] {dag.py:2919} INFO - Setting next_dagrun for example_skip_dag to 2022-08-05T00:03:58.378511+00:00, run_after=2022-08-06T00:03:58.378511+00:00
[2022-08-06 00:03:58,386] {processor.py:161} INFO - Processing /home/airflow/.local/lib/python3.7/site-packages/airflow/example_dags/example_skip_dag.py took 0.057 seconds
[2022-08-06 00:04:28,488] {processor.py:153} INFO - Started process (PID=3760) to work on /home/airflow/.local/lib/python3.7/site-packages/airflow/example_dags/example_skip_dag.py
[2022-08-06 00:04:28,490] {processor.py:641} INFO - Processing file /home/airflow/.local/lib/python3.7/site-packages/airflow/example_dags/example_skip_dag.py for tasks to queue
[2022-08-06 00:04:28,493] {logging_mixin.py:115} INFO - [2022-08-06 00:04:28,493] {dagbag.py:507} INFO - Filling up the DagBag from /home/airflow/.local/lib/python3.7/site-packages/airflow/example_dags/example_skip_dag.py
[2022-08-06 00:04:28,497] {processor.py:651} INFO - DAG(s) dict_keys(['example_skip_dag']) retrieved from /home/airflow/.local/lib/python3.7/site-packages/airflow/example_dags/example_skip_dag.py
[2022-08-06 00:04:28,522] {logging_mixin.py:115} INFO - [2022-08-06 00:04:28,522] {dag.py:2371} INFO - Sync 1 DAGs
[2022-08-06 00:04:28,582] {logging_mixin.py:115} INFO - [2022-08-06 00:04:28,582] {dag.py:2919} INFO - Setting next_dagrun for example_skip_dag to 2022-08-05T00:04:28.582041+00:00, run_after=2022-08-06T00:04:28.582041+00:00
[2022-08-06 00:04:28,637] {processor.py:161} INFO - Processing /home/airflow/.local/lib/python3.7/site-packages/airflow/example_dags/example_skip_dag.py took 0.152 seconds
[2022-08-06 00:04:59,416] {processor.py:153} INFO - Started process (PID=3815) to work on /home/airflow/.local/lib/python3.7/site-packages/airflow/example_dags/example_skip_dag.py
[2022-08-06 00:04:59,417] {processor.py:641} INFO - Processing file /home/airflow/.local/lib/python3.7/site-packages/airflow/example_dags/example_skip_dag.py for tasks to queue
[2022-08-06 00:04:59,418] {logging_mixin.py:115} INFO - [2022-08-06 00:04:59,418] {dagbag.py:507} INFO - Filling up the DagBag from /home/airflow/.local/lib/python3.7/site-packages/airflow/example_dags/example_skip_dag.py
[2022-08-06 00:04:59,422] {processor.py:651} INFO - DAG(s) dict_keys(['example_skip_dag']) retrieved from /home/airflow/.local/lib/python3.7/site-packages/airflow/example_dags/example_skip_dag.py
[2022-08-06 00:04:59,439] {logging_mixin.py:115} INFO - [2022-08-06 00:04:59,439] {dag.py:2371} INFO - Sync 1 DAGs
[2022-08-06 00:04:59,452] {logging_mixin.py:115} INFO - [2022-08-06 00:04:59,452] {dag.py:2919} INFO - Setting next_dagrun for example_skip_dag to 2022-08-05T00:04:59.451933+00:00, run_after=2022-08-06T00:04:59.451933+00:00
[2022-08-06 00:04:59,460] {processor.py:161} INFO - Processing /home/airflow/.local/lib/python3.7/site-packages/airflow/example_dags/example_skip_dag.py took 0.046 seconds
[2022-08-06 00:07:17,413] {processor.py:153} INFO - Started process (PID=65) to work on /home/airflow/.local/lib/python3.7/site-packages/airflow/example_dags/example_skip_dag.py
[2022-08-06 00:07:17,415] {processor.py:641} INFO - Processing file /home/airflow/.local/lib/python3.7/site-packages/airflow/example_dags/example_skip_dag.py for tasks to queue
[2022-08-06 00:07:17,416] {logging_mixin.py:115} INFO - [2022-08-06 00:07:17,416] {dagbag.py:507} INFO - Filling up the DagBag from /home/airflow/.local/lib/python3.7/site-packages/airflow/example_dags/example_skip_dag.py
[2022-08-06 00:07:17,433] {processor.py:651} INFO - DAG(s) dict_keys(['example_skip_dag']) retrieved from /home/airflow/.local/lib/python3.7/site-packages/airflow/example_dags/example_skip_dag.py
[2022-08-06 00:07:17,486] {logging_mixin.py:115} INFO - [2022-08-06 00:07:17,486] {dag.py:2371} INFO - Sync 1 DAGs
[2022-08-06 00:07:17,524] {logging_mixin.py:115} INFO - [2022-08-06 00:07:17,524] {dag.py:2919} INFO - Setting next_dagrun for example_skip_dag to 2022-08-05T00:07:17.524583+00:00, run_after=2022-08-06T00:07:17.524583+00:00
[2022-08-06 00:07:17,545] {processor.py:161} INFO - Processing /home/airflow/.local/lib/python3.7/site-packages/airflow/example_dags/example_skip_dag.py took 0.135 seconds
[2022-08-06 00:07:47,791] {processor.py:153} INFO - Started process (PID=118) to work on /home/airflow/.local/lib/python3.7/site-packages/airflow/example_dags/example_skip_dag.py
[2022-08-06 00:07:47,792] {processor.py:641} INFO - Processing file /home/airflow/.local/lib/python3.7/site-packages/airflow/example_dags/example_skip_dag.py for tasks to queue
[2022-08-06 00:07:47,793] {logging_mixin.py:115} INFO - [2022-08-06 00:07:47,793] {dagbag.py:507} INFO - Filling up the DagBag from /home/airflow/.local/lib/python3.7/site-packages/airflow/example_dags/example_skip_dag.py
[2022-08-06 00:07:47,797] {processor.py:651} INFO - DAG(s) dict_keys(['example_skip_dag']) retrieved from /home/airflow/.local/lib/python3.7/site-packages/airflow/example_dags/example_skip_dag.py
[2022-08-06 00:07:47,844] {logging_mixin.py:115} INFO - [2022-08-06 00:07:47,844] {dag.py:2371} INFO - Sync 1 DAGs
[2022-08-06 00:07:47,921] {logging_mixin.py:115} INFO - [2022-08-06 00:07:47,920] {dag.py:2919} INFO - Setting next_dagrun for example_skip_dag to 2022-08-05T00:07:47.920722+00:00, run_after=2022-08-06T00:07:47.920722+00:00
[2022-08-06 00:07:47,939] {processor.py:161} INFO - Processing /home/airflow/.local/lib/python3.7/site-packages/airflow/example_dags/example_skip_dag.py took 0.151 seconds
[2022-08-06 00:08:18,788] {processor.py:153} INFO - Started process (PID=179) to work on /home/airflow/.local/lib/python3.7/site-packages/airflow/example_dags/example_skip_dag.py
[2022-08-06 00:08:18,790] {processor.py:641} INFO - Processing file /home/airflow/.local/lib/python3.7/site-packages/airflow/example_dags/example_skip_dag.py for tasks to queue
[2022-08-06 00:08:18,791] {logging_mixin.py:115} INFO - [2022-08-06 00:08:18,791] {dagbag.py:507} INFO - Filling up the DagBag from /home/airflow/.local/lib/python3.7/site-packages/airflow/example_dags/example_skip_dag.py
[2022-08-06 00:08:18,795] {processor.py:651} INFO - DAG(s) dict_keys(['example_skip_dag']) retrieved from /home/airflow/.local/lib/python3.7/site-packages/airflow/example_dags/example_skip_dag.py
[2022-08-06 00:08:18,814] {logging_mixin.py:115} INFO - [2022-08-06 00:08:18,814] {dag.py:2371} INFO - Sync 1 DAGs
[2022-08-06 00:08:18,828] {logging_mixin.py:115} INFO - [2022-08-06 00:08:18,828] {dag.py:2919} INFO - Setting next_dagrun for example_skip_dag to 2022-08-05T00:08:18.828575+00:00, run_after=2022-08-06T00:08:18.828575+00:00
[2022-08-06 00:08:18,835] {processor.py:161} INFO - Processing /home/airflow/.local/lib/python3.7/site-packages/airflow/example_dags/example_skip_dag.py took 0.050 seconds
[2022-08-06 00:08:49,385] {processor.py:153} INFO - Started process (PID=241) to work on /home/airflow/.local/lib/python3.7/site-packages/airflow/example_dags/example_skip_dag.py
[2022-08-06 00:08:49,387] {processor.py:641} INFO - Processing file /home/airflow/.local/lib/python3.7/site-packages/airflow/example_dags/example_skip_dag.py for tasks to queue
[2022-08-06 00:08:49,388] {logging_mixin.py:115} INFO - [2022-08-06 00:08:49,388] {dagbag.py:507} INFO - Filling up the DagBag from /home/airflow/.local/lib/python3.7/site-packages/airflow/example_dags/example_skip_dag.py
[2022-08-06 00:08:49,393] {processor.py:651} INFO - DAG(s) dict_keys(['example_skip_dag']) retrieved from /home/airflow/.local/lib/python3.7/site-packages/airflow/example_dags/example_skip_dag.py
[2022-08-06 00:08:49,412] {logging_mixin.py:115} INFO - [2022-08-06 00:08:49,411] {dag.py:2371} INFO - Sync 1 DAGs
[2022-08-06 00:08:49,426] {logging_mixin.py:115} INFO - [2022-08-06 00:08:49,426] {dag.py:2919} INFO - Setting next_dagrun for example_skip_dag to 2022-08-05T00:08:49.426677+00:00, run_after=2022-08-06T00:08:49.426677+00:00
[2022-08-06 00:08:49,434] {processor.py:161} INFO - Processing /home/airflow/.local/lib/python3.7/site-packages/airflow/example_dags/example_skip_dag.py took 0.051 seconds
[2022-08-06 00:09:20,006] {processor.py:153} INFO - Started process (PID=303) to work on /home/airflow/.local/lib/python3.7/site-packages/airflow/example_dags/example_skip_dag.py
[2022-08-06 00:09:20,008] {processor.py:641} INFO - Processing file /home/airflow/.local/lib/python3.7/site-packages/airflow/example_dags/example_skip_dag.py for tasks to queue
[2022-08-06 00:09:20,009] {logging_mixin.py:115} INFO - [2022-08-06 00:09:20,009] {dagbag.py:507} INFO - Filling up the DagBag from /home/airflow/.local/lib/python3.7/site-packages/airflow/example_dags/example_skip_dag.py
[2022-08-06 00:09:20,015] {processor.py:651} INFO - DAG(s) dict_keys(['example_skip_dag']) retrieved from /home/airflow/.local/lib/python3.7/site-packages/airflow/example_dags/example_skip_dag.py
[2022-08-06 00:09:20,036] {logging_mixin.py:115} INFO - [2022-08-06 00:09:20,036] {dag.py:2371} INFO - Sync 1 DAGs
[2022-08-06 00:09:20,059] {logging_mixin.py:115} INFO - [2022-08-06 00:09:20,059] {dag.py:2919} INFO - Setting next_dagrun for example_skip_dag to 2022-08-05T00:09:20.059307+00:00, run_after=2022-08-06T00:09:20.059307+00:00
[2022-08-06 00:09:20,066] {processor.py:161} INFO - Processing /home/airflow/.local/lib/python3.7/site-packages/airflow/example_dags/example_skip_dag.py took 0.064 seconds
[2022-08-06 00:09:50,744] {processor.py:153} INFO - Started process (PID=365) to work on /home/airflow/.local/lib/python3.7/site-packages/airflow/example_dags/example_skip_dag.py
[2022-08-06 00:09:50,746] {processor.py:641} INFO - Processing file /home/airflow/.local/lib/python3.7/site-packages/airflow/example_dags/example_skip_dag.py for tasks to queue
[2022-08-06 00:09:50,747] {logging_mixin.py:115} INFO - [2022-08-06 00:09:50,747] {dagbag.py:507} INFO - Filling up the DagBag from /home/airflow/.local/lib/python3.7/site-packages/airflow/example_dags/example_skip_dag.py
[2022-08-06 00:09:50,753] {processor.py:651} INFO - DAG(s) dict_keys(['example_skip_dag']) retrieved from /home/airflow/.local/lib/python3.7/site-packages/airflow/example_dags/example_skip_dag.py
[2022-08-06 00:09:50,775] {logging_mixin.py:115} INFO - [2022-08-06 00:09:50,775] {dag.py:2371} INFO - Sync 1 DAGs
[2022-08-06 00:09:50,792] {logging_mixin.py:115} INFO - [2022-08-06 00:09:50,792] {dag.py:2919} INFO - Setting next_dagrun for example_skip_dag to 2022-08-05T00:09:50.792346+00:00, run_after=2022-08-06T00:09:50.792346+00:00
[2022-08-06 00:09:50,804] {processor.py:161} INFO - Processing /home/airflow/.local/lib/python3.7/site-packages/airflow/example_dags/example_skip_dag.py took 0.062 seconds
[2022-08-06 00:10:21,527] {processor.py:153} INFO - Started process (PID=428) to work on /home/airflow/.local/lib/python3.7/site-packages/airflow/example_dags/example_skip_dag.py
[2022-08-06 00:10:21,529] {processor.py:641} INFO - Processing file /home/airflow/.local/lib/python3.7/site-packages/airflow/example_dags/example_skip_dag.py for tasks to queue
[2022-08-06 00:10:21,530] {logging_mixin.py:115} INFO - [2022-08-06 00:10:21,530] {dagbag.py:507} INFO - Filling up the DagBag from /home/airflow/.local/lib/python3.7/site-packages/airflow/example_dags/example_skip_dag.py
[2022-08-06 00:10:21,533] {processor.py:651} INFO - DAG(s) dict_keys(['example_skip_dag']) retrieved from /home/airflow/.local/lib/python3.7/site-packages/airflow/example_dags/example_skip_dag.py
[2022-08-06 00:10:21,550] {logging_mixin.py:115} INFO - [2022-08-06 00:10:21,550] {dag.py:2371} INFO - Sync 1 DAGs
[2022-08-06 00:10:21,564] {logging_mixin.py:115} INFO - [2022-08-06 00:10:21,564] {dag.py:2919} INFO - Setting next_dagrun for example_skip_dag to 2022-08-05T00:10:21.564557+00:00, run_after=2022-08-06T00:10:21.564557+00:00
[2022-08-06 00:10:21,572] {processor.py:161} INFO - Processing /home/airflow/.local/lib/python3.7/site-packages/airflow/example_dags/example_skip_dag.py took 0.049 seconds
[2022-08-06 00:10:52,420] {processor.py:153} INFO - Started process (PID=488) to work on /home/airflow/.local/lib/python3.7/site-packages/airflow/example_dags/example_skip_dag.py
[2022-08-06 00:10:52,423] {processor.py:641} INFO - Processing file /home/airflow/.local/lib/python3.7/site-packages/airflow/example_dags/example_skip_dag.py for tasks to queue
[2022-08-06 00:10:52,424] {logging_mixin.py:115} INFO - [2022-08-06 00:10:52,424] {dagbag.py:507} INFO - Filling up the DagBag from /home/airflow/.local/lib/python3.7/site-packages/airflow/example_dags/example_skip_dag.py
[2022-08-06 00:10:52,431] {processor.py:651} INFO - DAG(s) dict_keys(['example_skip_dag']) retrieved from /home/airflow/.local/lib/python3.7/site-packages/airflow/example_dags/example_skip_dag.py
[2022-08-06 00:10:52,455] {logging_mixin.py:115} INFO - [2022-08-06 00:10:52,455] {dag.py:2371} INFO - Sync 1 DAGs
[2022-08-06 00:10:52,487] {logging_mixin.py:115} INFO - [2022-08-06 00:10:52,487] {dag.py:2919} INFO - Setting next_dagrun for example_skip_dag to 2022-08-05T00:10:52.487292+00:00, run_after=2022-08-06T00:10:52.487292+00:00
[2022-08-06 00:10:52,515] {processor.py:161} INFO - Processing /home/airflow/.local/lib/python3.7/site-packages/airflow/example_dags/example_skip_dag.py took 0.098 seconds
[2022-08-06 00:11:23,114] {processor.py:153} INFO - Started process (PID=541) to work on /home/airflow/.local/lib/python3.7/site-packages/airflow/example_dags/example_skip_dag.py
[2022-08-06 00:11:23,116] {processor.py:641} INFO - Processing file /home/airflow/.local/lib/python3.7/site-packages/airflow/example_dags/example_skip_dag.py for tasks to queue
[2022-08-06 00:11:23,117] {logging_mixin.py:115} INFO - [2022-08-06 00:11:23,117] {dagbag.py:507} INFO - Filling up the DagBag from /home/airflow/.local/lib/python3.7/site-packages/airflow/example_dags/example_skip_dag.py
[2022-08-06 00:11:23,121] {processor.py:651} INFO - DAG(s) dict_keys(['example_skip_dag']) retrieved from /home/airflow/.local/lib/python3.7/site-packages/airflow/example_dags/example_skip_dag.py
[2022-08-06 00:11:23,148] {logging_mixin.py:115} INFO - [2022-08-06 00:11:23,148] {dag.py:2371} INFO - Sync 1 DAGs
[2022-08-06 00:11:23,166] {logging_mixin.py:115} INFO - [2022-08-06 00:11:23,166] {dag.py:2919} INFO - Setting next_dagrun for example_skip_dag to 2022-08-05T00:11:23.166514+00:00, run_after=2022-08-06T00:11:23.166514+00:00
[2022-08-06 00:11:23,178] {processor.py:161} INFO - Processing /home/airflow/.local/lib/python3.7/site-packages/airflow/example_dags/example_skip_dag.py took 0.066 seconds
[2022-08-06 00:11:53,696] {processor.py:153} INFO - Started process (PID=603) to work on /home/airflow/.local/lib/python3.7/site-packages/airflow/example_dags/example_skip_dag.py
[2022-08-06 00:11:53,697] {processor.py:641} INFO - Processing file /home/airflow/.local/lib/python3.7/site-packages/airflow/example_dags/example_skip_dag.py for tasks to queue
[2022-08-06 00:11:53,698] {logging_mixin.py:115} INFO - [2022-08-06 00:11:53,698] {dagbag.py:507} INFO - Filling up the DagBag from /home/airflow/.local/lib/python3.7/site-packages/airflow/example_dags/example_skip_dag.py
[2022-08-06 00:11:53,702] {processor.py:651} INFO - DAG(s) dict_keys(['example_skip_dag']) retrieved from /home/airflow/.local/lib/python3.7/site-packages/airflow/example_dags/example_skip_dag.py
[2022-08-06 00:11:53,720] {logging_mixin.py:115} INFO - [2022-08-06 00:11:53,719] {dag.py:2371} INFO - Sync 1 DAGs
[2022-08-06 00:11:53,733] {logging_mixin.py:115} INFO - [2022-08-06 00:11:53,733] {dag.py:2919} INFO - Setting next_dagrun for example_skip_dag to 2022-08-05T00:11:53.733654+00:00, run_after=2022-08-06T00:11:53.733654+00:00
[2022-08-06 00:11:53,741] {processor.py:161} INFO - Processing /home/airflow/.local/lib/python3.7/site-packages/airflow/example_dags/example_skip_dag.py took 0.047 seconds
[2022-08-06 00:12:24,512] {processor.py:153} INFO - Started process (PID=665) to work on /home/airflow/.local/lib/python3.7/site-packages/airflow/example_dags/example_skip_dag.py
[2022-08-06 00:12:24,515] {processor.py:641} INFO - Processing file /home/airflow/.local/lib/python3.7/site-packages/airflow/example_dags/example_skip_dag.py for tasks to queue
[2022-08-06 00:12:24,517] {logging_mixin.py:115} INFO - [2022-08-06 00:12:24,517] {dagbag.py:507} INFO - Filling up the DagBag from /home/airflow/.local/lib/python3.7/site-packages/airflow/example_dags/example_skip_dag.py
[2022-08-06 00:12:24,522] {processor.py:651} INFO - DAG(s) dict_keys(['example_skip_dag']) retrieved from /home/airflow/.local/lib/python3.7/site-packages/airflow/example_dags/example_skip_dag.py
[2022-08-06 00:12:24,550] {logging_mixin.py:115} INFO - [2022-08-06 00:12:24,550] {dag.py:2371} INFO - Sync 1 DAGs
[2022-08-06 00:12:24,658] {logging_mixin.py:115} INFO - [2022-08-06 00:12:24,658] {dag.py:2919} INFO - Setting next_dagrun for example_skip_dag to 2022-08-05T00:12:24.658406+00:00, run_after=2022-08-06T00:12:24.658406+00:00
[2022-08-06 00:12:24,666] {processor.py:161} INFO - Processing /home/airflow/.local/lib/python3.7/site-packages/airflow/example_dags/example_skip_dag.py took 0.157 seconds
[2022-08-06 00:12:55,489] {processor.py:153} INFO - Started process (PID=728) to work on /home/airflow/.local/lib/python3.7/site-packages/airflow/example_dags/example_skip_dag.py
[2022-08-06 00:12:55,491] {processor.py:641} INFO - Processing file /home/airflow/.local/lib/python3.7/site-packages/airflow/example_dags/example_skip_dag.py for tasks to queue
[2022-08-06 00:12:55,491] {logging_mixin.py:115} INFO - [2022-08-06 00:12:55,491] {dagbag.py:507} INFO - Filling up the DagBag from /home/airflow/.local/lib/python3.7/site-packages/airflow/example_dags/example_skip_dag.py
[2022-08-06 00:12:55,495] {processor.py:651} INFO - DAG(s) dict_keys(['example_skip_dag']) retrieved from /home/airflow/.local/lib/python3.7/site-packages/airflow/example_dags/example_skip_dag.py
[2022-08-06 00:12:55,512] {logging_mixin.py:115} INFO - [2022-08-06 00:12:55,512] {dag.py:2371} INFO - Sync 1 DAGs
[2022-08-06 00:12:55,616] {logging_mixin.py:115} INFO - [2022-08-06 00:12:55,616] {dag.py:2919} INFO - Setting next_dagrun for example_skip_dag to 2022-08-05T00:12:55.616018+00:00, run_after=2022-08-06T00:12:55.616018+00:00
[2022-08-06 00:12:55,623] {processor.py:161} INFO - Processing /home/airflow/.local/lib/python3.7/site-packages/airflow/example_dags/example_skip_dag.py took 0.136 seconds
[2022-08-06 00:13:26,412] {processor.py:153} INFO - Started process (PID=790) to work on /home/airflow/.local/lib/python3.7/site-packages/airflow/example_dags/example_skip_dag.py
[2022-08-06 00:13:26,414] {processor.py:641} INFO - Processing file /home/airflow/.local/lib/python3.7/site-packages/airflow/example_dags/example_skip_dag.py for tasks to queue
[2022-08-06 00:13:26,415] {logging_mixin.py:115} INFO - [2022-08-06 00:13:26,415] {dagbag.py:507} INFO - Filling up the DagBag from /home/airflow/.local/lib/python3.7/site-packages/airflow/example_dags/example_skip_dag.py
[2022-08-06 00:13:26,418] {processor.py:651} INFO - DAG(s) dict_keys(['example_skip_dag']) retrieved from /home/airflow/.local/lib/python3.7/site-packages/airflow/example_dags/example_skip_dag.py
[2022-08-06 00:13:26,434] {logging_mixin.py:115} INFO - [2022-08-06 00:13:26,434] {dag.py:2371} INFO - Sync 1 DAGs
[2022-08-06 00:13:26,533] {logging_mixin.py:115} INFO - [2022-08-06 00:13:26,533] {dag.py:2919} INFO - Setting next_dagrun for example_skip_dag to 2022-08-05T00:13:26.533021+00:00, run_after=2022-08-06T00:13:26.533021+00:00
[2022-08-06 00:13:26,540] {processor.py:161} INFO - Processing /home/airflow/.local/lib/python3.7/site-packages/airflow/example_dags/example_skip_dag.py took 0.130 seconds
[2022-08-06 00:13:57,397] {processor.py:153} INFO - Started process (PID=851) to work on /home/airflow/.local/lib/python3.7/site-packages/airflow/example_dags/example_skip_dag.py
[2022-08-06 00:13:57,398] {processor.py:641} INFO - Processing file /home/airflow/.local/lib/python3.7/site-packages/airflow/example_dags/example_skip_dag.py for tasks to queue
[2022-08-06 00:13:57,399] {logging_mixin.py:115} INFO - [2022-08-06 00:13:57,399] {dagbag.py:507} INFO - Filling up the DagBag from /home/airflow/.local/lib/python3.7/site-packages/airflow/example_dags/example_skip_dag.py
[2022-08-06 00:13:57,403] {processor.py:651} INFO - DAG(s) dict_keys(['example_skip_dag']) retrieved from /home/airflow/.local/lib/python3.7/site-packages/airflow/example_dags/example_skip_dag.py
[2022-08-06 00:13:57,420] {logging_mixin.py:115} INFO - [2022-08-06 00:13:57,420] {dag.py:2371} INFO - Sync 1 DAGs
[2022-08-06 00:13:57,520] {logging_mixin.py:115} INFO - [2022-08-06 00:13:57,520] {dag.py:2919} INFO - Setting next_dagrun for example_skip_dag to 2022-08-05T00:13:57.520131+00:00, run_after=2022-08-06T00:13:57.520131+00:00
[2022-08-06 00:13:57,528] {processor.py:161} INFO - Processing /home/airflow/.local/lib/python3.7/site-packages/airflow/example_dags/example_skip_dag.py took 0.133 seconds
[2022-08-06 00:14:28,102] {processor.py:153} INFO - Started process (PID=914) to work on /home/airflow/.local/lib/python3.7/site-packages/airflow/example_dags/example_skip_dag.py
[2022-08-06 00:14:28,103] {processor.py:641} INFO - Processing file /home/airflow/.local/lib/python3.7/site-packages/airflow/example_dags/example_skip_dag.py for tasks to queue
[2022-08-06 00:14:28,104] {logging_mixin.py:115} INFO - [2022-08-06 00:14:28,104] {dagbag.py:507} INFO - Filling up the DagBag from /home/airflow/.local/lib/python3.7/site-packages/airflow/example_dags/example_skip_dag.py
[2022-08-06 00:14:28,108] {processor.py:651} INFO - DAG(s) dict_keys(['example_skip_dag']) retrieved from /home/airflow/.local/lib/python3.7/site-packages/airflow/example_dags/example_skip_dag.py
[2022-08-06 00:14:28,132] {logging_mixin.py:115} INFO - [2022-08-06 00:14:28,131] {dag.py:2371} INFO - Sync 1 DAGs
[2022-08-06 00:14:28,247] {logging_mixin.py:115} INFO - [2022-08-06 00:14:28,247] {dag.py:2919} INFO - Setting next_dagrun for example_skip_dag to 2022-08-05T00:14:28.247233+00:00, run_after=2022-08-06T00:14:28.247233+00:00
[2022-08-06 00:14:28,258] {processor.py:161} INFO - Processing /home/airflow/.local/lib/python3.7/site-packages/airflow/example_dags/example_skip_dag.py took 0.158 seconds
[2022-08-06 00:14:59,093] {processor.py:153} INFO - Started process (PID=967) to work on /home/airflow/.local/lib/python3.7/site-packages/airflow/example_dags/example_skip_dag.py
[2022-08-06 00:14:59,094] {processor.py:641} INFO - Processing file /home/airflow/.local/lib/python3.7/site-packages/airflow/example_dags/example_skip_dag.py for tasks to queue
[2022-08-06 00:14:59,095] {logging_mixin.py:115} INFO - [2022-08-06 00:14:59,095] {dagbag.py:507} INFO - Filling up the DagBag from /home/airflow/.local/lib/python3.7/site-packages/airflow/example_dags/example_skip_dag.py
[2022-08-06 00:14:59,099] {processor.py:651} INFO - DAG(s) dict_keys(['example_skip_dag']) retrieved from /home/airflow/.local/lib/python3.7/site-packages/airflow/example_dags/example_skip_dag.py
[2022-08-06 00:14:59,116] {logging_mixin.py:115} INFO - [2022-08-06 00:14:59,116] {dag.py:2371} INFO - Sync 1 DAGs
[2022-08-06 00:14:59,209] {logging_mixin.py:115} INFO - [2022-08-06 00:14:59,209] {dag.py:2919} INFO - Setting next_dagrun for example_skip_dag to 2022-08-05T00:14:59.209768+00:00, run_after=2022-08-06T00:14:59.209768+00:00
[2022-08-06 00:14:59,216] {processor.py:161} INFO - Processing /home/airflow/.local/lib/python3.7/site-packages/airflow/example_dags/example_skip_dag.py took 0.125 seconds
[2022-08-06 00:15:30,032] {processor.py:153} INFO - Started process (PID=1028) to work on /home/airflow/.local/lib/python3.7/site-packages/airflow/example_dags/example_skip_dag.py
[2022-08-06 00:15:30,034] {processor.py:641} INFO - Processing file /home/airflow/.local/lib/python3.7/site-packages/airflow/example_dags/example_skip_dag.py for tasks to queue
[2022-08-06 00:15:30,035] {logging_mixin.py:115} INFO - [2022-08-06 00:15:30,035] {dagbag.py:507} INFO - Filling up the DagBag from /home/airflow/.local/lib/python3.7/site-packages/airflow/example_dags/example_skip_dag.py
[2022-08-06 00:15:30,039] {processor.py:651} INFO - DAG(s) dict_keys(['example_skip_dag']) retrieved from /home/airflow/.local/lib/python3.7/site-packages/airflow/example_dags/example_skip_dag.py
[2022-08-06 00:15:30,056] {logging_mixin.py:115} INFO - [2022-08-06 00:15:30,056] {dag.py:2371} INFO - Sync 1 DAGs
[2022-08-06 00:15:30,154] {logging_mixin.py:115} INFO - [2022-08-06 00:15:30,154] {dag.py:2919} INFO - Setting next_dagrun for example_skip_dag to 2022-08-05T00:15:30.154467+00:00, run_after=2022-08-06T00:15:30.154467+00:00
[2022-08-06 00:15:30,162] {processor.py:161} INFO - Processing /home/airflow/.local/lib/python3.7/site-packages/airflow/example_dags/example_skip_dag.py took 0.132 seconds
[2022-08-06 00:16:00,812] {processor.py:153} INFO - Started process (PID=1090) to work on /home/airflow/.local/lib/python3.7/site-packages/airflow/example_dags/example_skip_dag.py
[2022-08-06 00:16:00,813] {processor.py:641} INFO - Processing file /home/airflow/.local/lib/python3.7/site-packages/airflow/example_dags/example_skip_dag.py for tasks to queue
[2022-08-06 00:16:00,813] {logging_mixin.py:115} INFO - [2022-08-06 00:16:00,813] {dagbag.py:507} INFO - Filling up the DagBag from /home/airflow/.local/lib/python3.7/site-packages/airflow/example_dags/example_skip_dag.py
[2022-08-06 00:16:00,817] {processor.py:651} INFO - DAG(s) dict_keys(['example_skip_dag']) retrieved from /home/airflow/.local/lib/python3.7/site-packages/airflow/example_dags/example_skip_dag.py
[2022-08-06 00:16:00,834] {logging_mixin.py:115} INFO - [2022-08-06 00:16:00,834] {dag.py:2371} INFO - Sync 1 DAGs
[2022-08-06 00:16:00,940] {logging_mixin.py:115} INFO - [2022-08-06 00:16:00,940] {dag.py:2919} INFO - Setting next_dagrun for example_skip_dag to 2022-08-05T00:16:00.940019+00:00, run_after=2022-08-06T00:16:00.940019+00:00
[2022-08-06 00:16:00,947] {processor.py:161} INFO - Processing /home/airflow/.local/lib/python3.7/site-packages/airflow/example_dags/example_skip_dag.py took 0.138 seconds
[2022-08-06 00:16:31,663] {processor.py:153} INFO - Started process (PID=1152) to work on /home/airflow/.local/lib/python3.7/site-packages/airflow/example_dags/example_skip_dag.py
[2022-08-06 00:16:31,664] {processor.py:641} INFO - Processing file /home/airflow/.local/lib/python3.7/site-packages/airflow/example_dags/example_skip_dag.py for tasks to queue
[2022-08-06 00:16:31,665] {logging_mixin.py:115} INFO - [2022-08-06 00:16:31,665] {dagbag.py:507} INFO - Filling up the DagBag from /home/airflow/.local/lib/python3.7/site-packages/airflow/example_dags/example_skip_dag.py
[2022-08-06 00:16:31,668] {processor.py:651} INFO - DAG(s) dict_keys(['example_skip_dag']) retrieved from /home/airflow/.local/lib/python3.7/site-packages/airflow/example_dags/example_skip_dag.py
[2022-08-06 00:16:31,686] {logging_mixin.py:115} INFO - [2022-08-06 00:16:31,686] {dag.py:2371} INFO - Sync 1 DAGs
[2022-08-06 00:16:31,775] {logging_mixin.py:115} INFO - [2022-08-06 00:16:31,774] {dag.py:2919} INFO - Setting next_dagrun for example_skip_dag to 2022-08-05T00:16:31.774876+00:00, run_after=2022-08-06T00:16:31.774876+00:00
[2022-08-06 00:16:31,783] {processor.py:161} INFO - Processing /home/airflow/.local/lib/python3.7/site-packages/airflow/example_dags/example_skip_dag.py took 0.122 seconds
[2022-08-06 00:34:33,502] {processor.py:153} INFO - Started process (PID=1206) to work on /home/airflow/.local/lib/python3.7/site-packages/airflow/example_dags/example_skip_dag.py
[2022-08-06 00:34:33,505] {processor.py:641} INFO - Processing file /home/airflow/.local/lib/python3.7/site-packages/airflow/example_dags/example_skip_dag.py for tasks to queue
[2022-08-06 00:34:33,509] {logging_mixin.py:115} INFO - [2022-08-06 00:34:33,509] {dagbag.py:507} INFO - Filling up the DagBag from /home/airflow/.local/lib/python3.7/site-packages/airflow/example_dags/example_skip_dag.py
[2022-08-06 00:34:33,514] {processor.py:651} INFO - DAG(s) dict_keys(['example_skip_dag']) retrieved from /home/airflow/.local/lib/python3.7/site-packages/airflow/example_dags/example_skip_dag.py
[2022-08-06 00:34:33,539] {logging_mixin.py:115} INFO - [2022-08-06 00:34:33,539] {dag.py:2371} INFO - Sync 1 DAGs
[2022-08-06 00:34:33,658] {logging_mixin.py:115} INFO - [2022-08-06 00:34:33,658] {dag.py:2919} INFO - Setting next_dagrun for example_skip_dag to 2022-08-05T00:34:33.658704+00:00, run_after=2022-08-06T00:34:33.658704+00:00
[2022-08-06 00:34:33,668] {processor.py:161} INFO - Processing /home/airflow/.local/lib/python3.7/site-packages/airflow/example_dags/example_skip_dag.py took 0.168 seconds
[2022-08-06 01:23:27,084] {processor.py:153} INFO - Started process (PID=1267) to work on /home/airflow/.local/lib/python3.7/site-packages/airflow/example_dags/example_skip_dag.py
[2022-08-06 01:23:27,086] {processor.py:641} INFO - Processing file /home/airflow/.local/lib/python3.7/site-packages/airflow/example_dags/example_skip_dag.py for tasks to queue
[2022-08-06 01:23:27,088] {logging_mixin.py:115} INFO - [2022-08-06 01:23:27,088] {dagbag.py:507} INFO - Filling up the DagBag from /home/airflow/.local/lib/python3.7/site-packages/airflow/example_dags/example_skip_dag.py
[2022-08-06 01:23:27,092] {processor.py:651} INFO - DAG(s) dict_keys(['example_skip_dag']) retrieved from /home/airflow/.local/lib/python3.7/site-packages/airflow/example_dags/example_skip_dag.py
[2022-08-06 01:23:27,125] {logging_mixin.py:115} INFO - [2022-08-06 01:23:27,125] {dag.py:2371} INFO - Sync 1 DAGs
[2022-08-06 01:23:27,282] {logging_mixin.py:115} INFO - [2022-08-06 01:23:27,282] {dag.py:2919} INFO - Setting next_dagrun for example_skip_dag to 2022-08-05T01:23:27.282364+00:00, run_after=2022-08-06T01:23:27.282364+00:00
[2022-08-06 01:23:27,296] {processor.py:161} INFO - Processing /home/airflow/.local/lib/python3.7/site-packages/airflow/example_dags/example_skip_dag.py took 0.214 seconds
[2022-08-06 01:39:34,884] {processor.py:153} INFO - Started process (PID=1330) to work on /home/airflow/.local/lib/python3.7/site-packages/airflow/example_dags/example_skip_dag.py
[2022-08-06 01:39:34,887] {processor.py:641} INFO - Processing file /home/airflow/.local/lib/python3.7/site-packages/airflow/example_dags/example_skip_dag.py for tasks to queue
[2022-08-06 01:39:34,889] {logging_mixin.py:115} INFO - [2022-08-06 01:39:34,889] {dagbag.py:507} INFO - Filling up the DagBag from /home/airflow/.local/lib/python3.7/site-packages/airflow/example_dags/example_skip_dag.py
[2022-08-06 01:39:34,895] {processor.py:651} INFO - DAG(s) dict_keys(['example_skip_dag']) retrieved from /home/airflow/.local/lib/python3.7/site-packages/airflow/example_dags/example_skip_dag.py
[2022-08-06 01:39:35,067] {logging_mixin.py:115} INFO - [2022-08-06 01:39:35,066] {dag.py:2371} INFO - Sync 1 DAGs
[2022-08-06 01:39:35,102] {logging_mixin.py:115} INFO - [2022-08-06 01:39:35,102] {dag.py:2919} INFO - Setting next_dagrun for example_skip_dag to 2022-08-05T01:39:35.102002+00:00, run_after=2022-08-06T01:39:35.102002+00:00
[2022-08-06 01:39:35,117] {processor.py:161} INFO - Processing /home/airflow/.local/lib/python3.7/site-packages/airflow/example_dags/example_skip_dag.py took 0.236 seconds
[2022-08-06 01:40:05,541] {processor.py:153} INFO - Started process (PID=1392) to work on /home/airflow/.local/lib/python3.7/site-packages/airflow/example_dags/example_skip_dag.py
[2022-08-06 01:40:05,543] {processor.py:641} INFO - Processing file /home/airflow/.local/lib/python3.7/site-packages/airflow/example_dags/example_skip_dag.py for tasks to queue
[2022-08-06 01:40:05,544] {logging_mixin.py:115} INFO - [2022-08-06 01:40:05,544] {dagbag.py:507} INFO - Filling up the DagBag from /home/airflow/.local/lib/python3.7/site-packages/airflow/example_dags/example_skip_dag.py
[2022-08-06 01:40:05,547] {processor.py:651} INFO - DAG(s) dict_keys(['example_skip_dag']) retrieved from /home/airflow/.local/lib/python3.7/site-packages/airflow/example_dags/example_skip_dag.py
[2022-08-06 01:40:05,641] {logging_mixin.py:115} INFO - [2022-08-06 01:40:05,641] {dag.py:2371} INFO - Sync 1 DAGs
[2022-08-06 01:40:05,652] {logging_mixin.py:115} INFO - [2022-08-06 01:40:05,652] {dag.py:2919} INFO - Setting next_dagrun for example_skip_dag to 2022-08-05T01:40:05.652304+00:00, run_after=2022-08-06T01:40:05.652304+00:00
[2022-08-06 01:40:05,660] {processor.py:161} INFO - Processing /home/airflow/.local/lib/python3.7/site-packages/airflow/example_dags/example_skip_dag.py took 0.121 seconds
[2022-08-06 01:40:35,893] {processor.py:153} INFO - Started process (PID=1454) to work on /home/airflow/.local/lib/python3.7/site-packages/airflow/example_dags/example_skip_dag.py
[2022-08-06 01:40:35,895] {processor.py:641} INFO - Processing file /home/airflow/.local/lib/python3.7/site-packages/airflow/example_dags/example_skip_dag.py for tasks to queue
[2022-08-06 01:40:35,896] {logging_mixin.py:115} INFO - [2022-08-06 01:40:35,896] {dagbag.py:507} INFO - Filling up the DagBag from /home/airflow/.local/lib/python3.7/site-packages/airflow/example_dags/example_skip_dag.py
[2022-08-06 01:40:35,901] {processor.py:651} INFO - DAG(s) dict_keys(['example_skip_dag']) retrieved from /home/airflow/.local/lib/python3.7/site-packages/airflow/example_dags/example_skip_dag.py
[2022-08-06 01:40:36,000] {logging_mixin.py:115} INFO - [2022-08-06 01:40:36,000] {dag.py:2371} INFO - Sync 1 DAGs
[2022-08-06 01:40:36,012] {logging_mixin.py:115} INFO - [2022-08-06 01:40:36,012] {dag.py:2919} INFO - Setting next_dagrun for example_skip_dag to 2022-08-05T01:40:36.012525+00:00, run_after=2022-08-06T01:40:36.012525+00:00
[2022-08-06 01:40:36,020] {processor.py:161} INFO - Processing /home/airflow/.local/lib/python3.7/site-packages/airflow/example_dags/example_skip_dag.py took 0.129 seconds
[2022-08-06 01:41:06,720] {processor.py:153} INFO - Started process (PID=1508) to work on /home/airflow/.local/lib/python3.7/site-packages/airflow/example_dags/example_skip_dag.py
[2022-08-06 01:41:06,721] {processor.py:641} INFO - Processing file /home/airflow/.local/lib/python3.7/site-packages/airflow/example_dags/example_skip_dag.py for tasks to queue
[2022-08-06 01:41:06,722] {logging_mixin.py:115} INFO - [2022-08-06 01:41:06,722] {dagbag.py:507} INFO - Filling up the DagBag from /home/airflow/.local/lib/python3.7/site-packages/airflow/example_dags/example_skip_dag.py
[2022-08-06 01:41:06,726] {processor.py:651} INFO - DAG(s) dict_keys(['example_skip_dag']) retrieved from /home/airflow/.local/lib/python3.7/site-packages/airflow/example_dags/example_skip_dag.py
[2022-08-06 01:41:06,826] {logging_mixin.py:115} INFO - [2022-08-06 01:41:06,826] {dag.py:2371} INFO - Sync 1 DAGs
[2022-08-06 01:41:06,840] {logging_mixin.py:115} INFO - [2022-08-06 01:41:06,840] {dag.py:2919} INFO - Setting next_dagrun for example_skip_dag to 2022-08-05T01:41:06.840402+00:00, run_after=2022-08-06T01:41:06.840402+00:00
[2022-08-06 01:41:06,848] {processor.py:161} INFO - Processing /home/airflow/.local/lib/python3.7/site-packages/airflow/example_dags/example_skip_dag.py took 0.130 seconds
[2022-08-06 01:41:38,236] {processor.py:153} INFO - Started process (PID=1570) to work on /home/airflow/.local/lib/python3.7/site-packages/airflow/example_dags/example_skip_dag.py
[2022-08-06 01:41:38,237] {processor.py:641} INFO - Processing file /home/airflow/.local/lib/python3.7/site-packages/airflow/example_dags/example_skip_dag.py for tasks to queue
[2022-08-06 01:41:38,239] {logging_mixin.py:115} INFO - [2022-08-06 01:41:38,239] {dagbag.py:507} INFO - Filling up the DagBag from /home/airflow/.local/lib/python3.7/site-packages/airflow/example_dags/example_skip_dag.py
[2022-08-06 01:41:38,244] {processor.py:651} INFO - DAG(s) dict_keys(['example_skip_dag']) retrieved from /home/airflow/.local/lib/python3.7/site-packages/airflow/example_dags/example_skip_dag.py
[2022-08-06 01:41:38,358] {logging_mixin.py:115} INFO - [2022-08-06 01:41:38,358] {dag.py:2371} INFO - Sync 1 DAGs
[2022-08-06 01:41:38,371] {logging_mixin.py:115} INFO - [2022-08-06 01:41:38,370] {dag.py:2919} INFO - Setting next_dagrun for example_skip_dag to 2022-08-05T01:41:38.370867+00:00, run_after=2022-08-06T01:41:38.370867+00:00
[2022-08-06 01:41:38,381] {processor.py:161} INFO - Processing /home/airflow/.local/lib/python3.7/site-packages/airflow/example_dags/example_skip_dag.py took 0.149 seconds
[2022-08-06 01:42:08,535] {processor.py:153} INFO - Started process (PID=1630) to work on /home/airflow/.local/lib/python3.7/site-packages/airflow/example_dags/example_skip_dag.py
[2022-08-06 01:42:08,536] {processor.py:641} INFO - Processing file /home/airflow/.local/lib/python3.7/site-packages/airflow/example_dags/example_skip_dag.py for tasks to queue
[2022-08-06 01:42:08,537] {logging_mixin.py:115} INFO - [2022-08-06 01:42:08,537] {dagbag.py:507} INFO - Filling up the DagBag from /home/airflow/.local/lib/python3.7/site-packages/airflow/example_dags/example_skip_dag.py
[2022-08-06 01:42:08,540] {processor.py:651} INFO - DAG(s) dict_keys(['example_skip_dag']) retrieved from /home/airflow/.local/lib/python3.7/site-packages/airflow/example_dags/example_skip_dag.py
[2022-08-06 01:42:08,632] {logging_mixin.py:115} INFO - [2022-08-06 01:42:08,632] {dag.py:2371} INFO - Sync 1 DAGs
[2022-08-06 01:42:08,643] {logging_mixin.py:115} INFO - [2022-08-06 01:42:08,643] {dag.py:2919} INFO - Setting next_dagrun for example_skip_dag to 2022-08-05T01:42:08.643721+00:00, run_after=2022-08-06T01:42:08.643721+00:00
[2022-08-06 01:42:08,651] {processor.py:161} INFO - Processing /home/airflow/.local/lib/python3.7/site-packages/airflow/example_dags/example_skip_dag.py took 0.119 seconds
[2022-08-06 01:42:38,848] {processor.py:153} INFO - Started process (PID=1692) to work on /home/airflow/.local/lib/python3.7/site-packages/airflow/example_dags/example_skip_dag.py
[2022-08-06 01:42:38,852] {processor.py:641} INFO - Processing file /home/airflow/.local/lib/python3.7/site-packages/airflow/example_dags/example_skip_dag.py for tasks to queue
[2022-08-06 01:42:38,853] {logging_mixin.py:115} INFO - [2022-08-06 01:42:38,853] {dagbag.py:507} INFO - Filling up the DagBag from /home/airflow/.local/lib/python3.7/site-packages/airflow/example_dags/example_skip_dag.py
[2022-08-06 01:42:38,857] {processor.py:651} INFO - DAG(s) dict_keys(['example_skip_dag']) retrieved from /home/airflow/.local/lib/python3.7/site-packages/airflow/example_dags/example_skip_dag.py
[2022-08-06 01:42:38,996] {logging_mixin.py:115} INFO - [2022-08-06 01:42:38,996] {dag.py:2371} INFO - Sync 1 DAGs
[2022-08-06 01:42:39,010] {logging_mixin.py:115} INFO - [2022-08-06 01:42:39,010] {dag.py:2919} INFO - Setting next_dagrun for example_skip_dag to 2022-08-05T01:42:39.010436+00:00, run_after=2022-08-06T01:42:39.010436+00:00
[2022-08-06 01:42:39,020] {processor.py:161} INFO - Processing /home/airflow/.local/lib/python3.7/site-packages/airflow/example_dags/example_skip_dag.py took 0.174 seconds
[2022-08-06 01:43:09,143] {processor.py:153} INFO - Started process (PID=1754) to work on /home/airflow/.local/lib/python3.7/site-packages/airflow/example_dags/example_skip_dag.py
[2022-08-06 01:43:09,145] {processor.py:641} INFO - Processing file /home/airflow/.local/lib/python3.7/site-packages/airflow/example_dags/example_skip_dag.py for tasks to queue
[2022-08-06 01:43:09,146] {logging_mixin.py:115} INFO - [2022-08-06 01:43:09,146] {dagbag.py:507} INFO - Filling up the DagBag from /home/airflow/.local/lib/python3.7/site-packages/airflow/example_dags/example_skip_dag.py
[2022-08-06 01:43:09,150] {processor.py:651} INFO - DAG(s) dict_keys(['example_skip_dag']) retrieved from /home/airflow/.local/lib/python3.7/site-packages/airflow/example_dags/example_skip_dag.py
[2022-08-06 01:43:09,257] {logging_mixin.py:115} INFO - [2022-08-06 01:43:09,257] {dag.py:2371} INFO - Sync 1 DAGs
[2022-08-06 01:43:09,268] {logging_mixin.py:115} INFO - [2022-08-06 01:43:09,268] {dag.py:2919} INFO - Setting next_dagrun for example_skip_dag to 2022-08-05T01:43:09.268622+00:00, run_after=2022-08-06T01:43:09.268622+00:00
[2022-08-06 01:43:09,275] {processor.py:161} INFO - Processing /home/airflow/.local/lib/python3.7/site-packages/airflow/example_dags/example_skip_dag.py took 0.134 seconds
[2022-08-06 01:43:40,045] {processor.py:153} INFO - Started process (PID=1816) to work on /home/airflow/.local/lib/python3.7/site-packages/airflow/example_dags/example_skip_dag.py
[2022-08-06 01:43:40,046] {processor.py:641} INFO - Processing file /home/airflow/.local/lib/python3.7/site-packages/airflow/example_dags/example_skip_dag.py for tasks to queue
[2022-08-06 01:43:40,047] {logging_mixin.py:115} INFO - [2022-08-06 01:43:40,047] {dagbag.py:507} INFO - Filling up the DagBag from /home/airflow/.local/lib/python3.7/site-packages/airflow/example_dags/example_skip_dag.py
[2022-08-06 01:43:40,051] {processor.py:651} INFO - DAG(s) dict_keys(['example_skip_dag']) retrieved from /home/airflow/.local/lib/python3.7/site-packages/airflow/example_dags/example_skip_dag.py
[2022-08-06 01:43:40,157] {logging_mixin.py:115} INFO - [2022-08-06 01:43:40,157] {dag.py:2371} INFO - Sync 1 DAGs
[2022-08-06 01:43:40,168] {logging_mixin.py:115} INFO - [2022-08-06 01:43:40,168] {dag.py:2919} INFO - Setting next_dagrun for example_skip_dag to 2022-08-05T01:43:40.168358+00:00, run_after=2022-08-06T01:43:40.168358+00:00
[2022-08-06 01:43:40,175] {processor.py:161} INFO - Processing /home/airflow/.local/lib/python3.7/site-packages/airflow/example_dags/example_skip_dag.py took 0.133 seconds
[2022-08-06 01:44:11,042] {processor.py:153} INFO - Started process (PID=1876) to work on /home/airflow/.local/lib/python3.7/site-packages/airflow/example_dags/example_skip_dag.py
[2022-08-06 01:44:11,045] {processor.py:641} INFO - Processing file /home/airflow/.local/lib/python3.7/site-packages/airflow/example_dags/example_skip_dag.py for tasks to queue
[2022-08-06 01:44:11,050] {logging_mixin.py:115} INFO - [2022-08-06 01:44:11,050] {dagbag.py:507} INFO - Filling up the DagBag from /home/airflow/.local/lib/python3.7/site-packages/airflow/example_dags/example_skip_dag.py
[2022-08-06 01:44:11,057] {processor.py:651} INFO - DAG(s) dict_keys(['example_skip_dag']) retrieved from /home/airflow/.local/lib/python3.7/site-packages/airflow/example_dags/example_skip_dag.py
[2022-08-06 01:44:11,187] {logging_mixin.py:115} INFO - [2022-08-06 01:44:11,187] {dag.py:2371} INFO - Sync 1 DAGs
[2022-08-06 01:44:11,201] {logging_mixin.py:115} INFO - [2022-08-06 01:44:11,201] {dag.py:2919} INFO - Setting next_dagrun for example_skip_dag to 2022-08-05T01:44:11.201605+00:00, run_after=2022-08-06T01:44:11.201605+00:00
[2022-08-06 01:44:11,209] {processor.py:161} INFO - Processing /home/airflow/.local/lib/python3.7/site-packages/airflow/example_dags/example_skip_dag.py took 0.169 seconds
[2022-08-06 01:44:41,522] {processor.py:153} INFO - Started process (PID=1931) to work on /home/airflow/.local/lib/python3.7/site-packages/airflow/example_dags/example_skip_dag.py
[2022-08-06 01:44:41,524] {processor.py:641} INFO - Processing file /home/airflow/.local/lib/python3.7/site-packages/airflow/example_dags/example_skip_dag.py for tasks to queue
[2022-08-06 01:44:41,526] {logging_mixin.py:115} INFO - [2022-08-06 01:44:41,526] {dagbag.py:507} INFO - Filling up the DagBag from /home/airflow/.local/lib/python3.7/site-packages/airflow/example_dags/example_skip_dag.py
[2022-08-06 01:44:41,530] {processor.py:651} INFO - DAG(s) dict_keys(['example_skip_dag']) retrieved from /home/airflow/.local/lib/python3.7/site-packages/airflow/example_dags/example_skip_dag.py
[2022-08-06 01:44:41,622] {logging_mixin.py:115} INFO - [2022-08-06 01:44:41,622] {dag.py:2371} INFO - Sync 1 DAGs
[2022-08-06 01:44:41,634] {logging_mixin.py:115} INFO - [2022-08-06 01:44:41,634] {dag.py:2919} INFO - Setting next_dagrun for example_skip_dag to 2022-08-05T01:44:41.634333+00:00, run_after=2022-08-06T01:44:41.634333+00:00
[2022-08-06 01:44:41,641] {processor.py:161} INFO - Processing /home/airflow/.local/lib/python3.7/site-packages/airflow/example_dags/example_skip_dag.py took 0.121 seconds
[2022-08-06 01:45:11,919] {processor.py:153} INFO - Started process (PID=1992) to work on /home/airflow/.local/lib/python3.7/site-packages/airflow/example_dags/example_skip_dag.py
[2022-08-06 01:45:11,921] {processor.py:641} INFO - Processing file /home/airflow/.local/lib/python3.7/site-packages/airflow/example_dags/example_skip_dag.py for tasks to queue
[2022-08-06 01:45:11,922] {logging_mixin.py:115} INFO - [2022-08-06 01:45:11,922] {dagbag.py:507} INFO - Filling up the DagBag from /home/airflow/.local/lib/python3.7/site-packages/airflow/example_dags/example_skip_dag.py
[2022-08-06 01:45:11,926] {processor.py:651} INFO - DAG(s) dict_keys(['example_skip_dag']) retrieved from /home/airflow/.local/lib/python3.7/site-packages/airflow/example_dags/example_skip_dag.py
[2022-08-06 01:45:12,023] {logging_mixin.py:115} INFO - [2022-08-06 01:45:12,023] {dag.py:2371} INFO - Sync 1 DAGs
[2022-08-06 01:45:12,035] {logging_mixin.py:115} INFO - [2022-08-06 01:45:12,035] {dag.py:2919} INFO - Setting next_dagrun for example_skip_dag to 2022-08-05T01:45:12.035065+00:00, run_after=2022-08-06T01:45:12.035065+00:00
[2022-08-06 01:45:12,043] {processor.py:161} INFO - Processing /home/airflow/.local/lib/python3.7/site-packages/airflow/example_dags/example_skip_dag.py took 0.126 seconds
[2022-08-06 01:45:42,205] {processor.py:153} INFO - Started process (PID=2054) to work on /home/airflow/.local/lib/python3.7/site-packages/airflow/example_dags/example_skip_dag.py
[2022-08-06 01:45:42,207] {processor.py:641} INFO - Processing file /home/airflow/.local/lib/python3.7/site-packages/airflow/example_dags/example_skip_dag.py for tasks to queue
[2022-08-06 01:45:42,207] {logging_mixin.py:115} INFO - [2022-08-06 01:45:42,207] {dagbag.py:507} INFO - Filling up the DagBag from /home/airflow/.local/lib/python3.7/site-packages/airflow/example_dags/example_skip_dag.py
[2022-08-06 01:45:42,211] {processor.py:651} INFO - DAG(s) dict_keys(['example_skip_dag']) retrieved from /home/airflow/.local/lib/python3.7/site-packages/airflow/example_dags/example_skip_dag.py
[2022-08-06 01:45:42,306] {logging_mixin.py:115} INFO - [2022-08-06 01:45:42,306] {dag.py:2371} INFO - Sync 1 DAGs
[2022-08-06 01:45:42,317] {logging_mixin.py:115} INFO - [2022-08-06 01:45:42,317] {dag.py:2919} INFO - Setting next_dagrun for example_skip_dag to 2022-08-05T01:45:42.317173+00:00, run_after=2022-08-06T01:45:42.317173+00:00
[2022-08-06 01:45:42,324] {processor.py:161} INFO - Processing /home/airflow/.local/lib/python3.7/site-packages/airflow/example_dags/example_skip_dag.py took 0.121 seconds
[2022-08-06 01:46:12,598] {processor.py:153} INFO - Started process (PID=2116) to work on /home/airflow/.local/lib/python3.7/site-packages/airflow/example_dags/example_skip_dag.py
[2022-08-06 01:46:12,599] {processor.py:641} INFO - Processing file /home/airflow/.local/lib/python3.7/site-packages/airflow/example_dags/example_skip_dag.py for tasks to queue
[2022-08-06 01:46:12,600] {logging_mixin.py:115} INFO - [2022-08-06 01:46:12,600] {dagbag.py:507} INFO - Filling up the DagBag from /home/airflow/.local/lib/python3.7/site-packages/airflow/example_dags/example_skip_dag.py
[2022-08-06 01:46:12,605] {processor.py:651} INFO - DAG(s) dict_keys(['example_skip_dag']) retrieved from /home/airflow/.local/lib/python3.7/site-packages/airflow/example_dags/example_skip_dag.py
[2022-08-06 01:46:12,692] {logging_mixin.py:115} INFO - [2022-08-06 01:46:12,692] {dag.py:2371} INFO - Sync 1 DAGs
[2022-08-06 01:46:12,702] {logging_mixin.py:115} INFO - [2022-08-06 01:46:12,702] {dag.py:2919} INFO - Setting next_dagrun for example_skip_dag to 2022-08-05T01:46:12.702829+00:00, run_after=2022-08-06T01:46:12.702829+00:00
[2022-08-06 01:46:12,709] {processor.py:161} INFO - Processing /home/airflow/.local/lib/python3.7/site-packages/airflow/example_dags/example_skip_dag.py took 0.114 seconds
[2022-08-06 01:46:42,849] {processor.py:153} INFO - Started process (PID=2179) to work on /home/airflow/.local/lib/python3.7/site-packages/airflow/example_dags/example_skip_dag.py
[2022-08-06 01:46:42,850] {processor.py:641} INFO - Processing file /home/airflow/.local/lib/python3.7/site-packages/airflow/example_dags/example_skip_dag.py for tasks to queue
[2022-08-06 01:46:42,852] {logging_mixin.py:115} INFO - [2022-08-06 01:46:42,851] {dagbag.py:507} INFO - Filling up the DagBag from /home/airflow/.local/lib/python3.7/site-packages/airflow/example_dags/example_skip_dag.py
[2022-08-06 01:46:42,855] {processor.py:651} INFO - DAG(s) dict_keys(['example_skip_dag']) retrieved from /home/airflow/.local/lib/python3.7/site-packages/airflow/example_dags/example_skip_dag.py
[2022-08-06 01:46:42,975] {logging_mixin.py:115} INFO - [2022-08-06 01:46:42,975] {dag.py:2371} INFO - Sync 1 DAGs
[2022-08-06 01:46:42,993] {logging_mixin.py:115} INFO - [2022-08-06 01:46:42,993] {dag.py:2919} INFO - Setting next_dagrun for example_skip_dag to 2022-08-05T01:46:42.993013+00:00, run_after=2022-08-06T01:46:42.993013+00:00
[2022-08-06 01:46:43,002] {processor.py:161} INFO - Processing /home/airflow/.local/lib/python3.7/site-packages/airflow/example_dags/example_skip_dag.py took 0.156 seconds
[2022-08-06 01:47:13,119] {processor.py:153} INFO - Started process (PID=2232) to work on /home/airflow/.local/lib/python3.7/site-packages/airflow/example_dags/example_skip_dag.py
[2022-08-06 01:47:13,121] {processor.py:641} INFO - Processing file /home/airflow/.local/lib/python3.7/site-packages/airflow/example_dags/example_skip_dag.py for tasks to queue
[2022-08-06 01:47:13,122] {logging_mixin.py:115} INFO - [2022-08-06 01:47:13,122] {dagbag.py:507} INFO - Filling up the DagBag from /home/airflow/.local/lib/python3.7/site-packages/airflow/example_dags/example_skip_dag.py
[2022-08-06 01:47:13,126] {processor.py:651} INFO - DAG(s) dict_keys(['example_skip_dag']) retrieved from /home/airflow/.local/lib/python3.7/site-packages/airflow/example_dags/example_skip_dag.py
[2022-08-06 01:47:13,233] {logging_mixin.py:115} INFO - [2022-08-06 01:47:13,233] {dag.py:2371} INFO - Sync 1 DAGs
[2022-08-06 01:47:13,244] {logging_mixin.py:115} INFO - [2022-08-06 01:47:13,244] {dag.py:2919} INFO - Setting next_dagrun for example_skip_dag to 2022-08-05T01:47:13.244791+00:00, run_after=2022-08-06T01:47:13.244791+00:00
[2022-08-06 01:47:13,252] {processor.py:161} INFO - Processing /home/airflow/.local/lib/python3.7/site-packages/airflow/example_dags/example_skip_dag.py took 0.135 seconds
[2022-08-06 01:47:44,210] {processor.py:153} INFO - Started process (PID=2294) to work on /home/airflow/.local/lib/python3.7/site-packages/airflow/example_dags/example_skip_dag.py
[2022-08-06 01:47:44,211] {processor.py:641} INFO - Processing file /home/airflow/.local/lib/python3.7/site-packages/airflow/example_dags/example_skip_dag.py for tasks to queue
[2022-08-06 01:47:44,212] {logging_mixin.py:115} INFO - [2022-08-06 01:47:44,212] {dagbag.py:507} INFO - Filling up the DagBag from /home/airflow/.local/lib/python3.7/site-packages/airflow/example_dags/example_skip_dag.py
[2022-08-06 01:47:44,216] {processor.py:651} INFO - DAG(s) dict_keys(['example_skip_dag']) retrieved from /home/airflow/.local/lib/python3.7/site-packages/airflow/example_dags/example_skip_dag.py
[2022-08-06 01:47:44,325] {logging_mixin.py:115} INFO - [2022-08-06 01:47:44,325] {dag.py:2371} INFO - Sync 1 DAGs
[2022-08-06 01:47:44,341] {logging_mixin.py:115} INFO - [2022-08-06 01:47:44,340] {dag.py:2919} INFO - Setting next_dagrun for example_skip_dag to 2022-08-05T01:47:44.340876+00:00, run_after=2022-08-06T01:47:44.340876+00:00
[2022-08-06 01:47:44,351] {processor.py:161} INFO - Processing /home/airflow/.local/lib/python3.7/site-packages/airflow/example_dags/example_skip_dag.py took 0.143 seconds
[2022-08-06 01:48:15,173] {processor.py:153} INFO - Started process (PID=2356) to work on /home/airflow/.local/lib/python3.7/site-packages/airflow/example_dags/example_skip_dag.py
[2022-08-06 01:48:15,174] {processor.py:641} INFO - Processing file /home/airflow/.local/lib/python3.7/site-packages/airflow/example_dags/example_skip_dag.py for tasks to queue
[2022-08-06 01:48:15,175] {logging_mixin.py:115} INFO - [2022-08-06 01:48:15,175] {dagbag.py:507} INFO - Filling up the DagBag from /home/airflow/.local/lib/python3.7/site-packages/airflow/example_dags/example_skip_dag.py
[2022-08-06 01:48:15,179] {processor.py:651} INFO - DAG(s) dict_keys(['example_skip_dag']) retrieved from /home/airflow/.local/lib/python3.7/site-packages/airflow/example_dags/example_skip_dag.py
[2022-08-06 01:48:15,273] {logging_mixin.py:115} INFO - [2022-08-06 01:48:15,273] {dag.py:2371} INFO - Sync 1 DAGs
[2022-08-06 01:48:15,286] {logging_mixin.py:115} INFO - [2022-08-06 01:48:15,285] {dag.py:2919} INFO - Setting next_dagrun for example_skip_dag to 2022-08-05T01:48:15.285871+00:00, run_after=2022-08-06T01:48:15.285871+00:00
[2022-08-06 01:48:15,293] {processor.py:161} INFO - Processing /home/airflow/.local/lib/python3.7/site-packages/airflow/example_dags/example_skip_dag.py took 0.123 seconds
[2022-08-06 01:48:46,073] {processor.py:153} INFO - Started process (PID=2417) to work on /home/airflow/.local/lib/python3.7/site-packages/airflow/example_dags/example_skip_dag.py
[2022-08-06 01:48:46,075] {processor.py:641} INFO - Processing file /home/airflow/.local/lib/python3.7/site-packages/airflow/example_dags/example_skip_dag.py for tasks to queue
[2022-08-06 01:48:46,076] {logging_mixin.py:115} INFO - [2022-08-06 01:48:46,076] {dagbag.py:507} INFO - Filling up the DagBag from /home/airflow/.local/lib/python3.7/site-packages/airflow/example_dags/example_skip_dag.py
[2022-08-06 01:48:46,079] {processor.py:651} INFO - DAG(s) dict_keys(['example_skip_dag']) retrieved from /home/airflow/.local/lib/python3.7/site-packages/airflow/example_dags/example_skip_dag.py
[2022-08-06 01:48:46,191] {logging_mixin.py:115} INFO - [2022-08-06 01:48:46,191] {dag.py:2371} INFO - Sync 1 DAGs
[2022-08-06 01:48:46,212] {logging_mixin.py:115} INFO - [2022-08-06 01:48:46,212] {dag.py:2919} INFO - Setting next_dagrun for example_skip_dag to 2022-08-05T01:48:46.212103+00:00, run_after=2022-08-06T01:48:46.212103+00:00
[2022-08-06 01:48:46,224] {processor.py:161} INFO - Processing /home/airflow/.local/lib/python3.7/site-packages/airflow/example_dags/example_skip_dag.py took 0.152 seconds
[2022-08-06 01:49:17,093] {processor.py:153} INFO - Started process (PID=2481) to work on /home/airflow/.local/lib/python3.7/site-packages/airflow/example_dags/example_skip_dag.py
[2022-08-06 01:49:17,094] {processor.py:641} INFO - Processing file /home/airflow/.local/lib/python3.7/site-packages/airflow/example_dags/example_skip_dag.py for tasks to queue
[2022-08-06 01:49:17,095] {logging_mixin.py:115} INFO - [2022-08-06 01:49:17,095] {dagbag.py:507} INFO - Filling up the DagBag from /home/airflow/.local/lib/python3.7/site-packages/airflow/example_dags/example_skip_dag.py
[2022-08-06 01:49:17,099] {processor.py:651} INFO - DAG(s) dict_keys(['example_skip_dag']) retrieved from /home/airflow/.local/lib/python3.7/site-packages/airflow/example_dags/example_skip_dag.py
[2022-08-06 01:49:17,223] {logging_mixin.py:115} INFO - [2022-08-06 01:49:17,223] {dag.py:2371} INFO - Sync 1 DAGs
[2022-08-06 01:49:17,237] {logging_mixin.py:115} INFO - [2022-08-06 01:49:17,237] {dag.py:2919} INFO - Setting next_dagrun for example_skip_dag to 2022-08-05T01:49:17.236917+00:00, run_after=2022-08-06T01:49:17.236917+00:00
[2022-08-06 01:49:17,245] {processor.py:161} INFO - Processing /home/airflow/.local/lib/python3.7/site-packages/airflow/example_dags/example_skip_dag.py took 0.154 seconds
[2022-08-06 01:49:48,229] {processor.py:153} INFO - Started process (PID=2544) to work on /home/airflow/.local/lib/python3.7/site-packages/airflow/example_dags/example_skip_dag.py
[2022-08-06 01:49:48,233] {processor.py:641} INFO - Processing file /home/airflow/.local/lib/python3.7/site-packages/airflow/example_dags/example_skip_dag.py for tasks to queue
[2022-08-06 01:49:48,235] {logging_mixin.py:115} INFO - [2022-08-06 01:49:48,235] {dagbag.py:507} INFO - Filling up the DagBag from /home/airflow/.local/lib/python3.7/site-packages/airflow/example_dags/example_skip_dag.py
[2022-08-06 01:49:48,245] {processor.py:651} INFO - DAG(s) dict_keys(['example_skip_dag']) retrieved from /home/airflow/.local/lib/python3.7/site-packages/airflow/example_dags/example_skip_dag.py
[2022-08-06 01:49:48,277] {logging_mixin.py:115} INFO - [2022-08-06 01:49:48,277] {dag.py:2371} INFO - Sync 1 DAGs
[2022-08-06 01:49:48,291] {logging_mixin.py:115} INFO - [2022-08-06 01:49:48,291] {dag.py:2919} INFO - Setting next_dagrun for example_skip_dag to 2022-08-05T01:49:48.291694+00:00, run_after=2022-08-06T01:49:48.291694+00:00
[2022-08-06 01:49:48,301] {processor.py:161} INFO - Processing /home/airflow/.local/lib/python3.7/site-packages/airflow/example_dags/example_skip_dag.py took 0.076 seconds
[2022-08-06 01:50:18,855] {processor.py:153} INFO - Started process (PID=2606) to work on /home/airflow/.local/lib/python3.7/site-packages/airflow/example_dags/example_skip_dag.py
[2022-08-06 01:50:18,858] {processor.py:641} INFO - Processing file /home/airflow/.local/lib/python3.7/site-packages/airflow/example_dags/example_skip_dag.py for tasks to queue
[2022-08-06 01:50:18,862] {logging_mixin.py:115} INFO - [2022-08-06 01:50:18,861] {dagbag.py:507} INFO - Filling up the DagBag from /home/airflow/.local/lib/python3.7/site-packages/airflow/example_dags/example_skip_dag.py
[2022-08-06 01:50:18,870] {processor.py:651} INFO - DAG(s) dict_keys(['example_skip_dag']) retrieved from /home/airflow/.local/lib/python3.7/site-packages/airflow/example_dags/example_skip_dag.py
[2022-08-06 01:50:18,902] {logging_mixin.py:115} INFO - [2022-08-06 01:50:18,902] {dag.py:2371} INFO - Sync 1 DAGs
[2022-08-06 01:50:18,918] {logging_mixin.py:115} INFO - [2022-08-06 01:50:18,918] {dag.py:2919} INFO - Setting next_dagrun for example_skip_dag to 2022-08-05T01:50:18.918183+00:00, run_after=2022-08-06T01:50:18.918183+00:00
[2022-08-06 01:50:18,930] {processor.py:161} INFO - Processing /home/airflow/.local/lib/python3.7/site-packages/airflow/example_dags/example_skip_dag.py took 0.081 seconds
[2022-08-06 01:50:49,577] {processor.py:153} INFO - Started process (PID=2659) to work on /home/airflow/.local/lib/python3.7/site-packages/airflow/example_dags/example_skip_dag.py
[2022-08-06 01:50:49,580] {processor.py:641} INFO - Processing file /home/airflow/.local/lib/python3.7/site-packages/airflow/example_dags/example_skip_dag.py for tasks to queue
[2022-08-06 01:50:49,582] {logging_mixin.py:115} INFO - [2022-08-06 01:50:49,582] {dagbag.py:507} INFO - Filling up the DagBag from /home/airflow/.local/lib/python3.7/site-packages/airflow/example_dags/example_skip_dag.py
[2022-08-06 01:50:49,592] {processor.py:651} INFO - DAG(s) dict_keys(['example_skip_dag']) retrieved from /home/airflow/.local/lib/python3.7/site-packages/airflow/example_dags/example_skip_dag.py
[2022-08-06 01:50:49,616] {logging_mixin.py:115} INFO - [2022-08-06 01:50:49,616] {dag.py:2371} INFO - Sync 1 DAGs
[2022-08-06 01:50:49,630] {logging_mixin.py:115} INFO - [2022-08-06 01:50:49,630] {dag.py:2919} INFO - Setting next_dagrun for example_skip_dag to 2022-08-05T01:50:49.630299+00:00, run_after=2022-08-06T01:50:49.630299+00:00
[2022-08-06 01:50:49,637] {processor.py:161} INFO - Processing /home/airflow/.local/lib/python3.7/site-packages/airflow/example_dags/example_skip_dag.py took 0.067 seconds
[2022-08-06 01:51:20,040] {processor.py:153} INFO - Started process (PID=2722) to work on /home/airflow/.local/lib/python3.7/site-packages/airflow/example_dags/example_skip_dag.py
[2022-08-06 01:51:20,042] {processor.py:641} INFO - Processing file /home/airflow/.local/lib/python3.7/site-packages/airflow/example_dags/example_skip_dag.py for tasks to queue
[2022-08-06 01:51:20,043] {logging_mixin.py:115} INFO - [2022-08-06 01:51:20,043] {dagbag.py:507} INFO - Filling up the DagBag from /home/airflow/.local/lib/python3.7/site-packages/airflow/example_dags/example_skip_dag.py
[2022-08-06 01:51:20,047] {processor.py:651} INFO - DAG(s) dict_keys(['example_skip_dag']) retrieved from /home/airflow/.local/lib/python3.7/site-packages/airflow/example_dags/example_skip_dag.py
[2022-08-06 01:51:20,064] {logging_mixin.py:115} INFO - [2022-08-06 01:51:20,064] {dag.py:2371} INFO - Sync 1 DAGs
[2022-08-06 01:51:20,077] {logging_mixin.py:115} INFO - [2022-08-06 01:51:20,077] {dag.py:2919} INFO - Setting next_dagrun for example_skip_dag to 2022-08-05T01:51:20.077041+00:00, run_after=2022-08-06T01:51:20.077041+00:00
[2022-08-06 01:51:20,084] {processor.py:161} INFO - Processing /home/airflow/.local/lib/python3.7/site-packages/airflow/example_dags/example_skip_dag.py took 0.047 seconds
[2022-08-06 01:51:50,609] {processor.py:153} INFO - Started process (PID=2784) to work on /home/airflow/.local/lib/python3.7/site-packages/airflow/example_dags/example_skip_dag.py
[2022-08-06 01:51:50,612] {processor.py:641} INFO - Processing file /home/airflow/.local/lib/python3.7/site-packages/airflow/example_dags/example_skip_dag.py for tasks to queue
[2022-08-06 01:51:50,614] {logging_mixin.py:115} INFO - [2022-08-06 01:51:50,614] {dagbag.py:507} INFO - Filling up the DagBag from /home/airflow/.local/lib/python3.7/site-packages/airflow/example_dags/example_skip_dag.py
[2022-08-06 01:51:50,622] {processor.py:651} INFO - DAG(s) dict_keys(['example_skip_dag']) retrieved from /home/airflow/.local/lib/python3.7/site-packages/airflow/example_dags/example_skip_dag.py
[2022-08-06 01:51:50,643] {logging_mixin.py:115} INFO - [2022-08-06 01:51:50,643] {dag.py:2371} INFO - Sync 1 DAGs
[2022-08-06 01:51:50,658] {logging_mixin.py:115} INFO - [2022-08-06 01:51:50,657] {dag.py:2919} INFO - Setting next_dagrun for example_skip_dag to 2022-08-05T01:51:50.657774+00:00, run_after=2022-08-06T01:51:50.657774+00:00
[2022-08-06 01:51:50,664] {processor.py:161} INFO - Processing /home/airflow/.local/lib/python3.7/site-packages/airflow/example_dags/example_skip_dag.py took 0.060 seconds
[2022-08-06 01:52:21,109] {processor.py:153} INFO - Started process (PID=2843) to work on /home/airflow/.local/lib/python3.7/site-packages/airflow/example_dags/example_skip_dag.py
[2022-08-06 01:52:21,113] {processor.py:641} INFO - Processing file /home/airflow/.local/lib/python3.7/site-packages/airflow/example_dags/example_skip_dag.py for tasks to queue
[2022-08-06 01:52:21,115] {logging_mixin.py:115} INFO - [2022-08-06 01:52:21,115] {dagbag.py:507} INFO - Filling up the DagBag from /home/airflow/.local/lib/python3.7/site-packages/airflow/example_dags/example_skip_dag.py
[2022-08-06 01:52:21,126] {processor.py:651} INFO - DAG(s) dict_keys(['example_skip_dag']) retrieved from /home/airflow/.local/lib/python3.7/site-packages/airflow/example_dags/example_skip_dag.py
[2022-08-06 01:52:21,150] {logging_mixin.py:115} INFO - [2022-08-06 01:52:21,150] {dag.py:2371} INFO - Sync 1 DAGs
[2022-08-06 01:52:21,164] {logging_mixin.py:115} INFO - [2022-08-06 01:52:21,164] {dag.py:2919} INFO - Setting next_dagrun for example_skip_dag to 2022-08-05T01:52:21.164026+00:00, run_after=2022-08-06T01:52:21.164026+00:00
[2022-08-06 01:52:21,171] {processor.py:161} INFO - Processing /home/airflow/.local/lib/python3.7/site-packages/airflow/example_dags/example_skip_dag.py took 0.067 seconds
[2022-08-06 01:52:51,734] {processor.py:153} INFO - Started process (PID=2906) to work on /home/airflow/.local/lib/python3.7/site-packages/airflow/example_dags/example_skip_dag.py
[2022-08-06 01:52:51,738] {processor.py:641} INFO - Processing file /home/airflow/.local/lib/python3.7/site-packages/airflow/example_dags/example_skip_dag.py for tasks to queue
[2022-08-06 01:52:51,741] {logging_mixin.py:115} INFO - [2022-08-06 01:52:51,741] {dagbag.py:507} INFO - Filling up the DagBag from /home/airflow/.local/lib/python3.7/site-packages/airflow/example_dags/example_skip_dag.py
[2022-08-06 01:52:51,748] {processor.py:651} INFO - DAG(s) dict_keys(['example_skip_dag']) retrieved from /home/airflow/.local/lib/python3.7/site-packages/airflow/example_dags/example_skip_dag.py
[2022-08-06 01:52:51,771] {logging_mixin.py:115} INFO - [2022-08-06 01:52:51,771] {dag.py:2371} INFO - Sync 1 DAGs
[2022-08-06 01:52:51,785] {logging_mixin.py:115} INFO - [2022-08-06 01:52:51,785] {dag.py:2919} INFO - Setting next_dagrun for example_skip_dag to 2022-08-05T01:52:51.785477+00:00, run_after=2022-08-06T01:52:51.785477+00:00
[2022-08-06 01:52:51,792] {processor.py:161} INFO - Processing /home/airflow/.local/lib/python3.7/site-packages/airflow/example_dags/example_skip_dag.py took 0.063 seconds
[2022-08-06 01:53:22,199] {processor.py:153} INFO - Started process (PID=2968) to work on /home/airflow/.local/lib/python3.7/site-packages/airflow/example_dags/example_skip_dag.py
[2022-08-06 01:53:22,201] {processor.py:641} INFO - Processing file /home/airflow/.local/lib/python3.7/site-packages/airflow/example_dags/example_skip_dag.py for tasks to queue
[2022-08-06 01:53:22,202] {logging_mixin.py:115} INFO - [2022-08-06 01:53:22,202] {dagbag.py:507} INFO - Filling up the DagBag from /home/airflow/.local/lib/python3.7/site-packages/airflow/example_dags/example_skip_dag.py
[2022-08-06 01:53:22,208] {processor.py:651} INFO - DAG(s) dict_keys(['example_skip_dag']) retrieved from /home/airflow/.local/lib/python3.7/site-packages/airflow/example_dags/example_skip_dag.py
[2022-08-06 01:53:22,230] {logging_mixin.py:115} INFO - [2022-08-06 01:53:22,230] {dag.py:2371} INFO - Sync 1 DAGs
[2022-08-06 01:53:22,247] {logging_mixin.py:115} INFO - [2022-08-06 01:53:22,247] {dag.py:2919} INFO - Setting next_dagrun for example_skip_dag to 2022-08-05T01:53:22.247235+00:00, run_after=2022-08-06T01:53:22.247235+00:00
[2022-08-06 01:53:22,258] {processor.py:161} INFO - Processing /home/airflow/.local/lib/python3.7/site-packages/airflow/example_dags/example_skip_dag.py took 0.063 seconds
[2022-08-06 01:53:52,946] {processor.py:153} INFO - Started process (PID=3021) to work on /home/airflow/.local/lib/python3.7/site-packages/airflow/example_dags/example_skip_dag.py
[2022-08-06 01:53:52,950] {processor.py:641} INFO - Processing file /home/airflow/.local/lib/python3.7/site-packages/airflow/example_dags/example_skip_dag.py for tasks to queue
[2022-08-06 01:53:52,952] {logging_mixin.py:115} INFO - [2022-08-06 01:53:52,952] {dagbag.py:507} INFO - Filling up the DagBag from /home/airflow/.local/lib/python3.7/site-packages/airflow/example_dags/example_skip_dag.py
[2022-08-06 01:53:52,960] {processor.py:651} INFO - DAG(s) dict_keys(['example_skip_dag']) retrieved from /home/airflow/.local/lib/python3.7/site-packages/airflow/example_dags/example_skip_dag.py
[2022-08-06 01:53:52,988] {logging_mixin.py:115} INFO - [2022-08-06 01:53:52,988] {dag.py:2371} INFO - Sync 1 DAGs
[2022-08-06 01:53:53,004] {logging_mixin.py:115} INFO - [2022-08-06 01:53:53,004] {dag.py:2919} INFO - Setting next_dagrun for example_skip_dag to 2022-08-05T01:53:53.003892+00:00, run_after=2022-08-06T01:53:53.003892+00:00
[2022-08-06 01:53:53,015] {processor.py:161} INFO - Processing /home/airflow/.local/lib/python3.7/site-packages/airflow/example_dags/example_skip_dag.py took 0.075 seconds
[2022-08-06 01:54:23,500] {processor.py:153} INFO - Started process (PID=3083) to work on /home/airflow/.local/lib/python3.7/site-packages/airflow/example_dags/example_skip_dag.py
[2022-08-06 01:54:23,502] {processor.py:641} INFO - Processing file /home/airflow/.local/lib/python3.7/site-packages/airflow/example_dags/example_skip_dag.py for tasks to queue
[2022-08-06 01:54:23,503] {logging_mixin.py:115} INFO - [2022-08-06 01:54:23,503] {dagbag.py:507} INFO - Filling up the DagBag from /home/airflow/.local/lib/python3.7/site-packages/airflow/example_dags/example_skip_dag.py
[2022-08-06 01:54:23,508] {processor.py:651} INFO - DAG(s) dict_keys(['example_skip_dag']) retrieved from /home/airflow/.local/lib/python3.7/site-packages/airflow/example_dags/example_skip_dag.py
[2022-08-06 01:54:23,525] {logging_mixin.py:115} INFO - [2022-08-06 01:54:23,525] {dag.py:2371} INFO - Sync 1 DAGs
[2022-08-06 01:54:23,539] {logging_mixin.py:115} INFO - [2022-08-06 01:54:23,539] {dag.py:2919} INFO - Setting next_dagrun for example_skip_dag to 2022-08-05T01:54:23.539026+00:00, run_after=2022-08-06T01:54:23.539026+00:00
[2022-08-06 01:54:23,546] {processor.py:161} INFO - Processing /home/airflow/.local/lib/python3.7/site-packages/airflow/example_dags/example_skip_dag.py took 0.049 seconds
