[2022-08-06 00:01:56,271] {processor.py:153} INFO - Started process (PID=3457) to work on /home/airflow/.local/lib/python3.7/site-packages/airflow/example_dags/example_short_circuit_operator.py
[2022-08-06 00:01:56,272] {processor.py:641} INFO - Processing file /home/airflow/.local/lib/python3.7/site-packages/airflow/example_dags/example_short_circuit_operator.py for tasks to queue
[2022-08-06 00:01:56,273] {logging_mixin.py:115} INFO - [2022-08-06 00:01:56,273] {dagbag.py:507} INFO - Filling up the DagBag from /home/airflow/.local/lib/python3.7/site-packages/airflow/example_dags/example_short_circuit_operator.py
[2022-08-06 00:01:56,280] {processor.py:651} INFO - DAG(s) dict_keys(['example_short_circuit_operator']) retrieved from /home/airflow/.local/lib/python3.7/site-packages/airflow/example_dags/example_short_circuit_operator.py
[2022-08-06 00:01:56,301] {logging_mixin.py:115} INFO - [2022-08-06 00:01:56,300] {dag.py:2371} INFO - Sync 1 DAGs
[2022-08-06 00:01:56,322] {logging_mixin.py:115} INFO - [2022-08-06 00:01:56,321] {dag.py:2919} INFO - Setting next_dagrun for example_short_circuit_operator to 2022-08-05T00:01:56.321805+00:00, run_after=2022-08-06T00:01:56.321805+00:00
[2022-08-06 00:01:56,345] {processor.py:161} INFO - Processing /home/airflow/.local/lib/python3.7/site-packages/airflow/example_dags/example_short_circuit_operator.py took 0.076 seconds
[2022-08-06 00:02:27,029] {processor.py:153} INFO - Started process (PID=3518) to work on /home/airflow/.local/lib/python3.7/site-packages/airflow/example_dags/example_short_circuit_operator.py
[2022-08-06 00:02:27,030] {processor.py:641} INFO - Processing file /home/airflow/.local/lib/python3.7/site-packages/airflow/example_dags/example_short_circuit_operator.py for tasks to queue
[2022-08-06 00:02:27,031] {logging_mixin.py:115} INFO - [2022-08-06 00:02:27,031] {dagbag.py:507} INFO - Filling up the DagBag from /home/airflow/.local/lib/python3.7/site-packages/airflow/example_dags/example_short_circuit_operator.py
[2022-08-06 00:02:27,038] {processor.py:651} INFO - DAG(s) dict_keys(['example_short_circuit_operator']) retrieved from /home/airflow/.local/lib/python3.7/site-packages/airflow/example_dags/example_short_circuit_operator.py
[2022-08-06 00:02:27,055] {logging_mixin.py:115} INFO - [2022-08-06 00:02:27,055] {dag.py:2371} INFO - Sync 1 DAGs
[2022-08-06 00:02:27,071] {logging_mixin.py:115} INFO - [2022-08-06 00:02:27,071] {dag.py:2919} INFO - Setting next_dagrun for example_short_circuit_operator to 2022-08-05T00:02:27.070956+00:00, run_after=2022-08-06T00:02:27.070956+00:00
[2022-08-06 00:02:27,078] {processor.py:161} INFO - Processing /home/airflow/.local/lib/python3.7/site-packages/airflow/example_dags/example_short_circuit_operator.py took 0.051 seconds
[2022-08-06 00:02:57,450] {processor.py:153} INFO - Started process (PID=3579) to work on /home/airflow/.local/lib/python3.7/site-packages/airflow/example_dags/example_short_circuit_operator.py
[2022-08-06 00:02:57,454] {processor.py:641} INFO - Processing file /home/airflow/.local/lib/python3.7/site-packages/airflow/example_dags/example_short_circuit_operator.py for tasks to queue
[2022-08-06 00:02:57,455] {logging_mixin.py:115} INFO - [2022-08-06 00:02:57,455] {dagbag.py:507} INFO - Filling up the DagBag from /home/airflow/.local/lib/python3.7/site-packages/airflow/example_dags/example_short_circuit_operator.py
[2022-08-06 00:02:57,462] {processor.py:651} INFO - DAG(s) dict_keys(['example_short_circuit_operator']) retrieved from /home/airflow/.local/lib/python3.7/site-packages/airflow/example_dags/example_short_circuit_operator.py
[2022-08-06 00:02:57,482] {logging_mixin.py:115} INFO - [2022-08-06 00:02:57,482] {dag.py:2371} INFO - Sync 1 DAGs
[2022-08-06 00:02:57,505] {logging_mixin.py:115} INFO - [2022-08-06 00:02:57,505] {dag.py:2919} INFO - Setting next_dagrun for example_short_circuit_operator to 2022-08-05T00:02:57.505450+00:00, run_after=2022-08-06T00:02:57.505450+00:00
[2022-08-06 00:02:57,515] {processor.py:161} INFO - Processing /home/airflow/.local/lib/python3.7/site-packages/airflow/example_dags/example_short_circuit_operator.py took 0.067 seconds
[2022-08-06 00:03:27,920] {processor.py:153} INFO - Started process (PID=3642) to work on /home/airflow/.local/lib/python3.7/site-packages/airflow/example_dags/example_short_circuit_operator.py
[2022-08-06 00:03:27,922] {processor.py:641} INFO - Processing file /home/airflow/.local/lib/python3.7/site-packages/airflow/example_dags/example_short_circuit_operator.py for tasks to queue
[2022-08-06 00:03:27,922] {logging_mixin.py:115} INFO - [2022-08-06 00:03:27,922] {dagbag.py:507} INFO - Filling up the DagBag from /home/airflow/.local/lib/python3.7/site-packages/airflow/example_dags/example_short_circuit_operator.py
[2022-08-06 00:03:27,928] {processor.py:651} INFO - DAG(s) dict_keys(['example_short_circuit_operator']) retrieved from /home/airflow/.local/lib/python3.7/site-packages/airflow/example_dags/example_short_circuit_operator.py
[2022-08-06 00:03:27,945] {logging_mixin.py:115} INFO - [2022-08-06 00:03:27,945] {dag.py:2371} INFO - Sync 1 DAGs
[2022-08-06 00:03:27,959] {logging_mixin.py:115} INFO - [2022-08-06 00:03:27,959] {dag.py:2919} INFO - Setting next_dagrun for example_short_circuit_operator to 2022-08-05T00:03:27.958905+00:00, run_after=2022-08-06T00:03:27.958905+00:00
[2022-08-06 00:03:27,966] {processor.py:161} INFO - Processing /home/airflow/.local/lib/python3.7/site-packages/airflow/example_dags/example_short_circuit_operator.py took 0.048 seconds
[2022-08-06 00:03:58,470] {processor.py:153} INFO - Started process (PID=3704) to work on /home/airflow/.local/lib/python3.7/site-packages/airflow/example_dags/example_short_circuit_operator.py
[2022-08-06 00:03:58,471] {processor.py:641} INFO - Processing file /home/airflow/.local/lib/python3.7/site-packages/airflow/example_dags/example_short_circuit_operator.py for tasks to queue
[2022-08-06 00:03:58,472] {logging_mixin.py:115} INFO - [2022-08-06 00:03:58,472] {dagbag.py:507} INFO - Filling up the DagBag from /home/airflow/.local/lib/python3.7/site-packages/airflow/example_dags/example_short_circuit_operator.py
[2022-08-06 00:03:58,478] {processor.py:651} INFO - DAG(s) dict_keys(['example_short_circuit_operator']) retrieved from /home/airflow/.local/lib/python3.7/site-packages/airflow/example_dags/example_short_circuit_operator.py
[2022-08-06 00:03:58,493] {logging_mixin.py:115} INFO - [2022-08-06 00:03:58,493] {dag.py:2371} INFO - Sync 1 DAGs
[2022-08-06 00:03:58,508] {logging_mixin.py:115} INFO - [2022-08-06 00:03:58,508] {dag.py:2919} INFO - Setting next_dagrun for example_short_circuit_operator to 2022-08-05T00:03:58.508658+00:00, run_after=2022-08-06T00:03:58.508658+00:00
[2022-08-06 00:03:58,518] {processor.py:161} INFO - Processing /home/airflow/.local/lib/python3.7/site-packages/airflow/example_dags/example_short_circuit_operator.py took 0.050 seconds
[2022-08-06 00:04:28,907] {processor.py:153} INFO - Started process (PID=3766) to work on /home/airflow/.local/lib/python3.7/site-packages/airflow/example_dags/example_short_circuit_operator.py
[2022-08-06 00:04:28,910] {processor.py:641} INFO - Processing file /home/airflow/.local/lib/python3.7/site-packages/airflow/example_dags/example_short_circuit_operator.py for tasks to queue
[2022-08-06 00:04:28,913] {logging_mixin.py:115} INFO - [2022-08-06 00:04:28,912] {dagbag.py:507} INFO - Filling up the DagBag from /home/airflow/.local/lib/python3.7/site-packages/airflow/example_dags/example_short_circuit_operator.py
[2022-08-06 00:04:28,925] {processor.py:651} INFO - DAG(s) dict_keys(['example_short_circuit_operator']) retrieved from /home/airflow/.local/lib/python3.7/site-packages/airflow/example_dags/example_short_circuit_operator.py
[2022-08-06 00:04:28,953] {logging_mixin.py:115} INFO - [2022-08-06 00:04:28,953] {dag.py:2371} INFO - Sync 1 DAGs
[2022-08-06 00:04:28,978] {logging_mixin.py:115} INFO - [2022-08-06 00:04:28,977] {dag.py:2919} INFO - Setting next_dagrun for example_short_circuit_operator to 2022-08-05T00:04:28.977808+00:00, run_after=2022-08-06T00:04:28.977808+00:00
[2022-08-06 00:04:28,997] {processor.py:161} INFO - Processing /home/airflow/.local/lib/python3.7/site-packages/airflow/example_dags/example_short_circuit_operator.py took 0.095 seconds
[2022-08-06 00:04:59,557] {processor.py:153} INFO - Started process (PID=3819) to work on /home/airflow/.local/lib/python3.7/site-packages/airflow/example_dags/example_short_circuit_operator.py
[2022-08-06 00:04:59,558] {processor.py:641} INFO - Processing file /home/airflow/.local/lib/python3.7/site-packages/airflow/example_dags/example_short_circuit_operator.py for tasks to queue
[2022-08-06 00:04:59,559] {logging_mixin.py:115} INFO - [2022-08-06 00:04:59,559] {dagbag.py:507} INFO - Filling up the DagBag from /home/airflow/.local/lib/python3.7/site-packages/airflow/example_dags/example_short_circuit_operator.py
[2022-08-06 00:04:59,565] {processor.py:651} INFO - DAG(s) dict_keys(['example_short_circuit_operator']) retrieved from /home/airflow/.local/lib/python3.7/site-packages/airflow/example_dags/example_short_circuit_operator.py
[2022-08-06 00:04:59,581] {logging_mixin.py:115} INFO - [2022-08-06 00:04:59,581] {dag.py:2371} INFO - Sync 1 DAGs
[2022-08-06 00:04:59,594] {logging_mixin.py:115} INFO - [2022-08-06 00:04:59,594] {dag.py:2919} INFO - Setting next_dagrun for example_short_circuit_operator to 2022-08-05T00:04:59.594334+00:00, run_after=2022-08-06T00:04:59.594334+00:00
[2022-08-06 00:04:59,602] {processor.py:161} INFO - Processing /home/airflow/.local/lib/python3.7/site-packages/airflow/example_dags/example_short_circuit_operator.py took 0.047 seconds
[2022-08-06 00:07:18,058] {processor.py:153} INFO - Started process (PID=69) to work on /home/airflow/.local/lib/python3.7/site-packages/airflow/example_dags/example_short_circuit_operator.py
[2022-08-06 00:07:18,060] {processor.py:641} INFO - Processing file /home/airflow/.local/lib/python3.7/site-packages/airflow/example_dags/example_short_circuit_operator.py for tasks to queue
[2022-08-06 00:07:18,062] {logging_mixin.py:115} INFO - [2022-08-06 00:07:18,062] {dagbag.py:507} INFO - Filling up the DagBag from /home/airflow/.local/lib/python3.7/site-packages/airflow/example_dags/example_short_circuit_operator.py
[2022-08-06 00:07:18,084] {processor.py:651} INFO - DAG(s) dict_keys(['example_short_circuit_operator']) retrieved from /home/airflow/.local/lib/python3.7/site-packages/airflow/example_dags/example_short_circuit_operator.py
[2022-08-06 00:07:18,115] {logging_mixin.py:115} INFO - [2022-08-06 00:07:18,115] {dag.py:2371} INFO - Sync 1 DAGs
[2022-08-06 00:07:18,146] {logging_mixin.py:115} INFO - [2022-08-06 00:07:18,146] {dag.py:2919} INFO - Setting next_dagrun for example_short_circuit_operator to 2022-08-05T00:07:18.146145+00:00, run_after=2022-08-06T00:07:18.146145+00:00
[2022-08-06 00:07:18,273] {processor.py:161} INFO - Processing /home/airflow/.local/lib/python3.7/site-packages/airflow/example_dags/example_short_circuit_operator.py took 0.223 seconds
[2022-08-06 00:07:48,402] {processor.py:153} INFO - Started process (PID=122) to work on /home/airflow/.local/lib/python3.7/site-packages/airflow/example_dags/example_short_circuit_operator.py
[2022-08-06 00:07:48,404] {processor.py:641} INFO - Processing file /home/airflow/.local/lib/python3.7/site-packages/airflow/example_dags/example_short_circuit_operator.py for tasks to queue
[2022-08-06 00:07:48,405] {logging_mixin.py:115} INFO - [2022-08-06 00:07:48,405] {dagbag.py:507} INFO - Filling up the DagBag from /home/airflow/.local/lib/python3.7/site-packages/airflow/example_dags/example_short_circuit_operator.py
[2022-08-06 00:07:48,410] {processor.py:651} INFO - DAG(s) dict_keys(['example_short_circuit_operator']) retrieved from /home/airflow/.local/lib/python3.7/site-packages/airflow/example_dags/example_short_circuit_operator.py
[2022-08-06 00:07:48,426] {logging_mixin.py:115} INFO - [2022-08-06 00:07:48,426] {dag.py:2371} INFO - Sync 1 DAGs
[2022-08-06 00:07:48,439] {logging_mixin.py:115} INFO - [2022-08-06 00:07:48,438] {dag.py:2919} INFO - Setting next_dagrun for example_short_circuit_operator to 2022-08-05T00:07:48.438837+00:00, run_after=2022-08-06T00:07:48.438837+00:00
[2022-08-06 00:07:48,548] {processor.py:161} INFO - Processing /home/airflow/.local/lib/python3.7/site-packages/airflow/example_dags/example_short_circuit_operator.py took 0.148 seconds
[2022-08-06 00:08:19,010] {processor.py:153} INFO - Started process (PID=183) to work on /home/airflow/.local/lib/python3.7/site-packages/airflow/example_dags/example_short_circuit_operator.py
[2022-08-06 00:08:19,011] {processor.py:641} INFO - Processing file /home/airflow/.local/lib/python3.7/site-packages/airflow/example_dags/example_short_circuit_operator.py for tasks to queue
[2022-08-06 00:08:19,012] {logging_mixin.py:115} INFO - [2022-08-06 00:08:19,012] {dagbag.py:507} INFO - Filling up the DagBag from /home/airflow/.local/lib/python3.7/site-packages/airflow/example_dags/example_short_circuit_operator.py
[2022-08-06 00:08:19,017] {processor.py:651} INFO - DAG(s) dict_keys(['example_short_circuit_operator']) retrieved from /home/airflow/.local/lib/python3.7/site-packages/airflow/example_dags/example_short_circuit_operator.py
[2022-08-06 00:08:19,033] {logging_mixin.py:115} INFO - [2022-08-06 00:08:19,033] {dag.py:2371} INFO - Sync 1 DAGs
[2022-08-06 00:08:19,047] {logging_mixin.py:115} INFO - [2022-08-06 00:08:19,047] {dag.py:2919} INFO - Setting next_dagrun for example_short_circuit_operator to 2022-08-05T00:08:19.047474+00:00, run_after=2022-08-06T00:08:19.047474+00:00
[2022-08-06 00:08:19,131] {processor.py:161} INFO - Processing /home/airflow/.local/lib/python3.7/site-packages/airflow/example_dags/example_short_circuit_operator.py took 0.123 seconds
[2022-08-06 00:08:49,728] {processor.py:153} INFO - Started process (PID=245) to work on /home/airflow/.local/lib/python3.7/site-packages/airflow/example_dags/example_short_circuit_operator.py
[2022-08-06 00:08:49,731] {processor.py:641} INFO - Processing file /home/airflow/.local/lib/python3.7/site-packages/airflow/example_dags/example_short_circuit_operator.py for tasks to queue
[2022-08-06 00:08:49,732] {logging_mixin.py:115} INFO - [2022-08-06 00:08:49,732] {dagbag.py:507} INFO - Filling up the DagBag from /home/airflow/.local/lib/python3.7/site-packages/airflow/example_dags/example_short_circuit_operator.py
[2022-08-06 00:08:49,737] {processor.py:651} INFO - DAG(s) dict_keys(['example_short_circuit_operator']) retrieved from /home/airflow/.local/lib/python3.7/site-packages/airflow/example_dags/example_short_circuit_operator.py
[2022-08-06 00:08:49,754] {logging_mixin.py:115} INFO - [2022-08-06 00:08:49,754] {dag.py:2371} INFO - Sync 1 DAGs
[2022-08-06 00:08:49,767] {logging_mixin.py:115} INFO - [2022-08-06 00:08:49,767] {dag.py:2919} INFO - Setting next_dagrun for example_short_circuit_operator to 2022-08-05T00:08:49.767020+00:00, run_after=2022-08-06T00:08:49.767020+00:00
[2022-08-06 00:08:49,852] {processor.py:161} INFO - Processing /home/airflow/.local/lib/python3.7/site-packages/airflow/example_dags/example_short_circuit_operator.py took 0.126 seconds
[2022-08-06 00:09:20,239] {processor.py:153} INFO - Started process (PID=307) to work on /home/airflow/.local/lib/python3.7/site-packages/airflow/example_dags/example_short_circuit_operator.py
[2022-08-06 00:09:20,240] {processor.py:641} INFO - Processing file /home/airflow/.local/lib/python3.7/site-packages/airflow/example_dags/example_short_circuit_operator.py for tasks to queue
[2022-08-06 00:09:20,241] {logging_mixin.py:115} INFO - [2022-08-06 00:09:20,241] {dagbag.py:507} INFO - Filling up the DagBag from /home/airflow/.local/lib/python3.7/site-packages/airflow/example_dags/example_short_circuit_operator.py
[2022-08-06 00:09:20,247] {processor.py:651} INFO - DAG(s) dict_keys(['example_short_circuit_operator']) retrieved from /home/airflow/.local/lib/python3.7/site-packages/airflow/example_dags/example_short_circuit_operator.py
[2022-08-06 00:09:20,265] {logging_mixin.py:115} INFO - [2022-08-06 00:09:20,265] {dag.py:2371} INFO - Sync 1 DAGs
[2022-08-06 00:09:20,280] {logging_mixin.py:115} INFO - [2022-08-06 00:09:20,280] {dag.py:2919} INFO - Setting next_dagrun for example_short_circuit_operator to 2022-08-05T00:09:20.280381+00:00, run_after=2022-08-06T00:09:20.280381+00:00
[2022-08-06 00:09:20,368] {processor.py:161} INFO - Processing /home/airflow/.local/lib/python3.7/site-packages/airflow/example_dags/example_short_circuit_operator.py took 0.131 seconds
[2022-08-06 00:09:50,984] {processor.py:153} INFO - Started process (PID=369) to work on /home/airflow/.local/lib/python3.7/site-packages/airflow/example_dags/example_short_circuit_operator.py
[2022-08-06 00:09:50,985] {processor.py:641} INFO - Processing file /home/airflow/.local/lib/python3.7/site-packages/airflow/example_dags/example_short_circuit_operator.py for tasks to queue
[2022-08-06 00:09:50,987] {logging_mixin.py:115} INFO - [2022-08-06 00:09:50,987] {dagbag.py:507} INFO - Filling up the DagBag from /home/airflow/.local/lib/python3.7/site-packages/airflow/example_dags/example_short_circuit_operator.py
[2022-08-06 00:09:50,992] {processor.py:651} INFO - DAG(s) dict_keys(['example_short_circuit_operator']) retrieved from /home/airflow/.local/lib/python3.7/site-packages/airflow/example_dags/example_short_circuit_operator.py
[2022-08-06 00:09:51,010] {logging_mixin.py:115} INFO - [2022-08-06 00:09:51,010] {dag.py:2371} INFO - Sync 1 DAGs
[2022-08-06 00:09:51,025] {logging_mixin.py:115} INFO - [2022-08-06 00:09:51,025] {dag.py:2919} INFO - Setting next_dagrun for example_short_circuit_operator to 2022-08-05T00:09:51.025260+00:00, run_after=2022-08-06T00:09:51.025260+00:00
[2022-08-06 00:09:51,106] {processor.py:161} INFO - Processing /home/airflow/.local/lib/python3.7/site-packages/airflow/example_dags/example_short_circuit_operator.py took 0.125 seconds
[2022-08-06 00:10:21,865] {processor.py:153} INFO - Started process (PID=432) to work on /home/airflow/.local/lib/python3.7/site-packages/airflow/example_dags/example_short_circuit_operator.py
[2022-08-06 00:10:21,866] {processor.py:641} INFO - Processing file /home/airflow/.local/lib/python3.7/site-packages/airflow/example_dags/example_short_circuit_operator.py for tasks to queue
[2022-08-06 00:10:21,868] {logging_mixin.py:115} INFO - [2022-08-06 00:10:21,868] {dagbag.py:507} INFO - Filling up the DagBag from /home/airflow/.local/lib/python3.7/site-packages/airflow/example_dags/example_short_circuit_operator.py
[2022-08-06 00:10:21,875] {processor.py:651} INFO - DAG(s) dict_keys(['example_short_circuit_operator']) retrieved from /home/airflow/.local/lib/python3.7/site-packages/airflow/example_dags/example_short_circuit_operator.py
[2022-08-06 00:10:21,895] {logging_mixin.py:115} INFO - [2022-08-06 00:10:21,895] {dag.py:2371} INFO - Sync 1 DAGs
[2022-08-06 00:10:21,908] {logging_mixin.py:115} INFO - [2022-08-06 00:10:21,908] {dag.py:2919} INFO - Setting next_dagrun for example_short_circuit_operator to 2022-08-05T00:10:21.908392+00:00, run_after=2022-08-06T00:10:21.908392+00:00
[2022-08-06 00:10:21,990] {processor.py:161} INFO - Processing /home/airflow/.local/lib/python3.7/site-packages/airflow/example_dags/example_short_circuit_operator.py took 0.128 seconds
[2022-08-06 00:10:52,770] {processor.py:153} INFO - Started process (PID=492) to work on /home/airflow/.local/lib/python3.7/site-packages/airflow/example_dags/example_short_circuit_operator.py
[2022-08-06 00:10:52,772] {processor.py:641} INFO - Processing file /home/airflow/.local/lib/python3.7/site-packages/airflow/example_dags/example_short_circuit_operator.py for tasks to queue
[2022-08-06 00:10:52,774] {logging_mixin.py:115} INFO - [2022-08-06 00:10:52,774] {dagbag.py:507} INFO - Filling up the DagBag from /home/airflow/.local/lib/python3.7/site-packages/airflow/example_dags/example_short_circuit_operator.py
[2022-08-06 00:10:52,782] {processor.py:651} INFO - DAG(s) dict_keys(['example_short_circuit_operator']) retrieved from /home/airflow/.local/lib/python3.7/site-packages/airflow/example_dags/example_short_circuit_operator.py
[2022-08-06 00:10:52,804] {logging_mixin.py:115} INFO - [2022-08-06 00:10:52,803] {dag.py:2371} INFO - Sync 1 DAGs
[2022-08-06 00:10:52,820] {logging_mixin.py:115} INFO - [2022-08-06 00:10:52,820] {dag.py:2919} INFO - Setting next_dagrun for example_short_circuit_operator to 2022-08-05T00:10:52.820090+00:00, run_after=2022-08-06T00:10:52.820090+00:00
[2022-08-06 00:10:52,950] {processor.py:161} INFO - Processing /home/airflow/.local/lib/python3.7/site-packages/airflow/example_dags/example_short_circuit_operator.py took 0.183 seconds
[2022-08-06 00:11:23,468] {processor.py:153} INFO - Started process (PID=545) to work on /home/airflow/.local/lib/python3.7/site-packages/airflow/example_dags/example_short_circuit_operator.py
[2022-08-06 00:11:23,470] {processor.py:641} INFO - Processing file /home/airflow/.local/lib/python3.7/site-packages/airflow/example_dags/example_short_circuit_operator.py for tasks to queue
[2022-08-06 00:11:23,471] {logging_mixin.py:115} INFO - [2022-08-06 00:11:23,471] {dagbag.py:507} INFO - Filling up the DagBag from /home/airflow/.local/lib/python3.7/site-packages/airflow/example_dags/example_short_circuit_operator.py
[2022-08-06 00:11:23,476] {processor.py:651} INFO - DAG(s) dict_keys(['example_short_circuit_operator']) retrieved from /home/airflow/.local/lib/python3.7/site-packages/airflow/example_dags/example_short_circuit_operator.py
[2022-08-06 00:11:23,491] {logging_mixin.py:115} INFO - [2022-08-06 00:11:23,491] {dag.py:2371} INFO - Sync 1 DAGs
[2022-08-06 00:11:23,506] {logging_mixin.py:115} INFO - [2022-08-06 00:11:23,506] {dag.py:2919} INFO - Setting next_dagrun for example_short_circuit_operator to 2022-08-05T00:11:23.506179+00:00, run_after=2022-08-06T00:11:23.506179+00:00
[2022-08-06 00:11:23,586] {processor.py:161} INFO - Processing /home/airflow/.local/lib/python3.7/site-packages/airflow/example_dags/example_short_circuit_operator.py took 0.120 seconds
[2022-08-06 00:11:53,921] {processor.py:153} INFO - Started process (PID=607) to work on /home/airflow/.local/lib/python3.7/site-packages/airflow/example_dags/example_short_circuit_operator.py
[2022-08-06 00:11:53,922] {processor.py:641} INFO - Processing file /home/airflow/.local/lib/python3.7/site-packages/airflow/example_dags/example_short_circuit_operator.py for tasks to queue
[2022-08-06 00:11:53,923] {logging_mixin.py:115} INFO - [2022-08-06 00:11:53,923] {dagbag.py:507} INFO - Filling up the DagBag from /home/airflow/.local/lib/python3.7/site-packages/airflow/example_dags/example_short_circuit_operator.py
[2022-08-06 00:11:53,928] {processor.py:651} INFO - DAG(s) dict_keys(['example_short_circuit_operator']) retrieved from /home/airflow/.local/lib/python3.7/site-packages/airflow/example_dags/example_short_circuit_operator.py
[2022-08-06 00:11:53,945] {logging_mixin.py:115} INFO - [2022-08-06 00:11:53,945] {dag.py:2371} INFO - Sync 1 DAGs
[2022-08-06 00:11:53,960] {logging_mixin.py:115} INFO - [2022-08-06 00:11:53,960] {dag.py:2919} INFO - Setting next_dagrun for example_short_circuit_operator to 2022-08-05T00:11:53.960014+00:00, run_after=2022-08-06T00:11:53.960014+00:00
[2022-08-06 00:11:54,055] {processor.py:161} INFO - Processing /home/airflow/.local/lib/python3.7/site-packages/airflow/example_dags/example_short_circuit_operator.py took 0.137 seconds
[2022-08-06 00:12:24,854] {processor.py:153} INFO - Started process (PID=669) to work on /home/airflow/.local/lib/python3.7/site-packages/airflow/example_dags/example_short_circuit_operator.py
[2022-08-06 00:12:24,856] {processor.py:641} INFO - Processing file /home/airflow/.local/lib/python3.7/site-packages/airflow/example_dags/example_short_circuit_operator.py for tasks to queue
[2022-08-06 00:12:24,856] {logging_mixin.py:115} INFO - [2022-08-06 00:12:24,856] {dagbag.py:507} INFO - Filling up the DagBag from /home/airflow/.local/lib/python3.7/site-packages/airflow/example_dags/example_short_circuit_operator.py
[2022-08-06 00:12:24,862] {processor.py:651} INFO - DAG(s) dict_keys(['example_short_circuit_operator']) retrieved from /home/airflow/.local/lib/python3.7/site-packages/airflow/example_dags/example_short_circuit_operator.py
[2022-08-06 00:12:24,880] {logging_mixin.py:115} INFO - [2022-08-06 00:12:24,879] {dag.py:2371} INFO - Sync 1 DAGs
[2022-08-06 00:12:25,027] {logging_mixin.py:115} INFO - [2022-08-06 00:12:25,027] {dag.py:2919} INFO - Setting next_dagrun for example_short_circuit_operator to 2022-08-05T00:12:25.027352+00:00, run_after=2022-08-06T00:12:25.027352+00:00
[2022-08-06 00:12:25,037] {processor.py:161} INFO - Processing /home/airflow/.local/lib/python3.7/site-packages/airflow/example_dags/example_short_circuit_operator.py took 0.185 seconds
[2022-08-06 00:12:55,803] {processor.py:153} INFO - Started process (PID=732) to work on /home/airflow/.local/lib/python3.7/site-packages/airflow/example_dags/example_short_circuit_operator.py
[2022-08-06 00:12:55,804] {processor.py:641} INFO - Processing file /home/airflow/.local/lib/python3.7/site-packages/airflow/example_dags/example_short_circuit_operator.py for tasks to queue
[2022-08-06 00:12:55,805] {logging_mixin.py:115} INFO - [2022-08-06 00:12:55,805] {dagbag.py:507} INFO - Filling up the DagBag from /home/airflow/.local/lib/python3.7/site-packages/airflow/example_dags/example_short_circuit_operator.py
[2022-08-06 00:12:55,811] {processor.py:651} INFO - DAG(s) dict_keys(['example_short_circuit_operator']) retrieved from /home/airflow/.local/lib/python3.7/site-packages/airflow/example_dags/example_short_circuit_operator.py
[2022-08-06 00:12:55,827] {logging_mixin.py:115} INFO - [2022-08-06 00:12:55,827] {dag.py:2371} INFO - Sync 1 DAGs
[2022-08-06 00:12:55,926] {logging_mixin.py:115} INFO - [2022-08-06 00:12:55,926] {dag.py:2919} INFO - Setting next_dagrun for example_short_circuit_operator to 2022-08-05T00:12:55.925900+00:00, run_after=2022-08-06T00:12:55.925900+00:00
[2022-08-06 00:12:55,985] {processor.py:161} INFO - Processing /home/airflow/.local/lib/python3.7/site-packages/airflow/example_dags/example_short_circuit_operator.py took 0.185 seconds
[2022-08-06 00:13:26,720] {processor.py:153} INFO - Started process (PID=794) to work on /home/airflow/.local/lib/python3.7/site-packages/airflow/example_dags/example_short_circuit_operator.py
[2022-08-06 00:13:26,721] {processor.py:641} INFO - Processing file /home/airflow/.local/lib/python3.7/site-packages/airflow/example_dags/example_short_circuit_operator.py for tasks to queue
[2022-08-06 00:13:26,722] {logging_mixin.py:115} INFO - [2022-08-06 00:13:26,722] {dagbag.py:507} INFO - Filling up the DagBag from /home/airflow/.local/lib/python3.7/site-packages/airflow/example_dags/example_short_circuit_operator.py
[2022-08-06 00:13:26,728] {processor.py:651} INFO - DAG(s) dict_keys(['example_short_circuit_operator']) retrieved from /home/airflow/.local/lib/python3.7/site-packages/airflow/example_dags/example_short_circuit_operator.py
[2022-08-06 00:13:26,744] {logging_mixin.py:115} INFO - [2022-08-06 00:13:26,744] {dag.py:2371} INFO - Sync 1 DAGs
[2022-08-06 00:13:26,835] {logging_mixin.py:115} INFO - [2022-08-06 00:13:26,834] {dag.py:2919} INFO - Setting next_dagrun for example_short_circuit_operator to 2022-08-05T00:13:26.834890+00:00, run_after=2022-08-06T00:13:26.834890+00:00
[2022-08-06 00:13:26,841] {processor.py:161} INFO - Processing /home/airflow/.local/lib/python3.7/site-packages/airflow/example_dags/example_short_circuit_operator.py took 0.124 seconds
[2022-08-06 00:13:57,706] {processor.py:153} INFO - Started process (PID=855) to work on /home/airflow/.local/lib/python3.7/site-packages/airflow/example_dags/example_short_circuit_operator.py
[2022-08-06 00:13:57,707] {processor.py:641} INFO - Processing file /home/airflow/.local/lib/python3.7/site-packages/airflow/example_dags/example_short_circuit_operator.py for tasks to queue
[2022-08-06 00:13:57,708] {logging_mixin.py:115} INFO - [2022-08-06 00:13:57,708] {dagbag.py:507} INFO - Filling up the DagBag from /home/airflow/.local/lib/python3.7/site-packages/airflow/example_dags/example_short_circuit_operator.py
[2022-08-06 00:13:57,713] {processor.py:651} INFO - DAG(s) dict_keys(['example_short_circuit_operator']) retrieved from /home/airflow/.local/lib/python3.7/site-packages/airflow/example_dags/example_short_circuit_operator.py
[2022-08-06 00:13:57,731] {logging_mixin.py:115} INFO - [2022-08-06 00:13:57,730] {dag.py:2371} INFO - Sync 1 DAGs
[2022-08-06 00:13:57,821] {logging_mixin.py:115} INFO - [2022-08-06 00:13:57,821] {dag.py:2919} INFO - Setting next_dagrun for example_short_circuit_operator to 2022-08-05T00:13:57.821266+00:00, run_after=2022-08-06T00:13:57.821266+00:00
[2022-08-06 00:13:57,833] {processor.py:161} INFO - Processing /home/airflow/.local/lib/python3.7/site-packages/airflow/example_dags/example_short_circuit_operator.py took 0.129 seconds
[2022-08-06 00:14:28,477] {processor.py:153} INFO - Started process (PID=918) to work on /home/airflow/.local/lib/python3.7/site-packages/airflow/example_dags/example_short_circuit_operator.py
[2022-08-06 00:14:28,479] {processor.py:641} INFO - Processing file /home/airflow/.local/lib/python3.7/site-packages/airflow/example_dags/example_short_circuit_operator.py for tasks to queue
[2022-08-06 00:14:28,480] {logging_mixin.py:115} INFO - [2022-08-06 00:14:28,480] {dagbag.py:507} INFO - Filling up the DagBag from /home/airflow/.local/lib/python3.7/site-packages/airflow/example_dags/example_short_circuit_operator.py
[2022-08-06 00:14:28,487] {processor.py:651} INFO - DAG(s) dict_keys(['example_short_circuit_operator']) retrieved from /home/airflow/.local/lib/python3.7/site-packages/airflow/example_dags/example_short_circuit_operator.py
[2022-08-06 00:14:28,508] {logging_mixin.py:115} INFO - [2022-08-06 00:14:28,508] {dag.py:2371} INFO - Sync 1 DAGs
[2022-08-06 00:14:28,641] {logging_mixin.py:115} INFO - [2022-08-06 00:14:28,641] {dag.py:2919} INFO - Setting next_dagrun for example_short_circuit_operator to 2022-08-05T00:14:28.640857+00:00, run_after=2022-08-06T00:14:28.640857+00:00
[2022-08-06 00:14:28,657] {processor.py:161} INFO - Processing /home/airflow/.local/lib/python3.7/site-packages/airflow/example_dags/example_short_circuit_operator.py took 0.182 seconds
[2022-08-06 00:14:59,386] {processor.py:153} INFO - Started process (PID=971) to work on /home/airflow/.local/lib/python3.7/site-packages/airflow/example_dags/example_short_circuit_operator.py
[2022-08-06 00:14:59,387] {processor.py:641} INFO - Processing file /home/airflow/.local/lib/python3.7/site-packages/airflow/example_dags/example_short_circuit_operator.py for tasks to queue
[2022-08-06 00:14:59,388] {logging_mixin.py:115} INFO - [2022-08-06 00:14:59,388] {dagbag.py:507} INFO - Filling up the DagBag from /home/airflow/.local/lib/python3.7/site-packages/airflow/example_dags/example_short_circuit_operator.py
[2022-08-06 00:14:59,394] {processor.py:651} INFO - DAG(s) dict_keys(['example_short_circuit_operator']) retrieved from /home/airflow/.local/lib/python3.7/site-packages/airflow/example_dags/example_short_circuit_operator.py
[2022-08-06 00:14:59,410] {logging_mixin.py:115} INFO - [2022-08-06 00:14:59,410] {dag.py:2371} INFO - Sync 1 DAGs
[2022-08-06 00:14:59,499] {logging_mixin.py:115} INFO - [2022-08-06 00:14:59,499] {dag.py:2919} INFO - Setting next_dagrun for example_short_circuit_operator to 2022-08-05T00:14:59.499765+00:00, run_after=2022-08-06T00:14:59.499765+00:00
[2022-08-06 00:14:59,506] {processor.py:161} INFO - Processing /home/airflow/.local/lib/python3.7/site-packages/airflow/example_dags/example_short_circuit_operator.py took 0.122 seconds
[2022-08-06 00:15:30,330] {processor.py:153} INFO - Started process (PID=1032) to work on /home/airflow/.local/lib/python3.7/site-packages/airflow/example_dags/example_short_circuit_operator.py
[2022-08-06 00:15:30,334] {processor.py:641} INFO - Processing file /home/airflow/.local/lib/python3.7/site-packages/airflow/example_dags/example_short_circuit_operator.py for tasks to queue
[2022-08-06 00:15:30,335] {logging_mixin.py:115} INFO - [2022-08-06 00:15:30,335] {dagbag.py:507} INFO - Filling up the DagBag from /home/airflow/.local/lib/python3.7/site-packages/airflow/example_dags/example_short_circuit_operator.py
[2022-08-06 00:15:30,341] {processor.py:651} INFO - DAG(s) dict_keys(['example_short_circuit_operator']) retrieved from /home/airflow/.local/lib/python3.7/site-packages/airflow/example_dags/example_short_circuit_operator.py
[2022-08-06 00:15:30,357] {logging_mixin.py:115} INFO - [2022-08-06 00:15:30,357] {dag.py:2371} INFO - Sync 1 DAGs
[2022-08-06 00:15:30,446] {logging_mixin.py:115} INFO - [2022-08-06 00:15:30,446] {dag.py:2919} INFO - Setting next_dagrun for example_short_circuit_operator to 2022-08-05T00:15:30.446673+00:00, run_after=2022-08-06T00:15:30.446673+00:00
[2022-08-06 00:15:30,456] {processor.py:161} INFO - Processing /home/airflow/.local/lib/python3.7/site-packages/airflow/example_dags/example_short_circuit_operator.py took 0.128 seconds
[2022-08-06 00:16:01,129] {processor.py:153} INFO - Started process (PID=1094) to work on /home/airflow/.local/lib/python3.7/site-packages/airflow/example_dags/example_short_circuit_operator.py
[2022-08-06 00:16:01,131] {processor.py:641} INFO - Processing file /home/airflow/.local/lib/python3.7/site-packages/airflow/example_dags/example_short_circuit_operator.py for tasks to queue
[2022-08-06 00:16:01,132] {logging_mixin.py:115} INFO - [2022-08-06 00:16:01,131] {dagbag.py:507} INFO - Filling up the DagBag from /home/airflow/.local/lib/python3.7/site-packages/airflow/example_dags/example_short_circuit_operator.py
[2022-08-06 00:16:01,138] {processor.py:651} INFO - DAG(s) dict_keys(['example_short_circuit_operator']) retrieved from /home/airflow/.local/lib/python3.7/site-packages/airflow/example_dags/example_short_circuit_operator.py
[2022-08-06 00:16:01,156] {logging_mixin.py:115} INFO - [2022-08-06 00:16:01,156] {dag.py:2371} INFO - Sync 1 DAGs
[2022-08-06 00:16:01,255] {logging_mixin.py:115} INFO - [2022-08-06 00:16:01,255] {dag.py:2919} INFO - Setting next_dagrun for example_short_circuit_operator to 2022-08-05T00:16:01.254949+00:00, run_after=2022-08-06T00:16:01.254949+00:00
[2022-08-06 00:16:01,261] {processor.py:161} INFO - Processing /home/airflow/.local/lib/python3.7/site-packages/airflow/example_dags/example_short_circuit_operator.py took 0.135 seconds
[2022-08-06 00:16:31,952] {processor.py:153} INFO - Started process (PID=1156) to work on /home/airflow/.local/lib/python3.7/site-packages/airflow/example_dags/example_short_circuit_operator.py
[2022-08-06 00:16:31,953] {processor.py:641} INFO - Processing file /home/airflow/.local/lib/python3.7/site-packages/airflow/example_dags/example_short_circuit_operator.py for tasks to queue
[2022-08-06 00:16:31,954] {logging_mixin.py:115} INFO - [2022-08-06 00:16:31,954] {dagbag.py:507} INFO - Filling up the DagBag from /home/airflow/.local/lib/python3.7/site-packages/airflow/example_dags/example_short_circuit_operator.py
[2022-08-06 00:16:31,960] {processor.py:651} INFO - DAG(s) dict_keys(['example_short_circuit_operator']) retrieved from /home/airflow/.local/lib/python3.7/site-packages/airflow/example_dags/example_short_circuit_operator.py
[2022-08-06 00:16:31,975] {logging_mixin.py:115} INFO - [2022-08-06 00:16:31,975] {dag.py:2371} INFO - Sync 1 DAGs
[2022-08-06 00:16:32,058] {logging_mixin.py:115} INFO - [2022-08-06 00:16:32,058] {dag.py:2919} INFO - Setting next_dagrun for example_short_circuit_operator to 2022-08-05T00:16:32.058045+00:00, run_after=2022-08-06T00:16:32.058045+00:00
[2022-08-06 00:16:32,064] {processor.py:161} INFO - Processing /home/airflow/.local/lib/python3.7/site-packages/airflow/example_dags/example_short_circuit_operator.py took 0.114 seconds
[2022-08-06 00:34:33,914] {processor.py:153} INFO - Started process (PID=1210) to work on /home/airflow/.local/lib/python3.7/site-packages/airflow/example_dags/example_short_circuit_operator.py
[2022-08-06 00:34:33,916] {processor.py:641} INFO - Processing file /home/airflow/.local/lib/python3.7/site-packages/airflow/example_dags/example_short_circuit_operator.py for tasks to queue
[2022-08-06 00:34:33,917] {logging_mixin.py:115} INFO - [2022-08-06 00:34:33,917] {dagbag.py:507} INFO - Filling up the DagBag from /home/airflow/.local/lib/python3.7/site-packages/airflow/example_dags/example_short_circuit_operator.py
[2022-08-06 00:34:33,923] {processor.py:651} INFO - DAG(s) dict_keys(['example_short_circuit_operator']) retrieved from /home/airflow/.local/lib/python3.7/site-packages/airflow/example_dags/example_short_circuit_operator.py
[2022-08-06 00:34:33,947] {logging_mixin.py:115} INFO - [2022-08-06 00:34:33,947] {dag.py:2371} INFO - Sync 1 DAGs
[2022-08-06 00:34:34,101] {logging_mixin.py:115} INFO - [2022-08-06 00:34:34,101] {dag.py:2919} INFO - Setting next_dagrun for example_short_circuit_operator to 2022-08-05T00:34:34.101211+00:00, run_after=2022-08-06T00:34:34.101211+00:00
[2022-08-06 00:34:34,110] {processor.py:161} INFO - Processing /home/airflow/.local/lib/python3.7/site-packages/airflow/example_dags/example_short_circuit_operator.py took 0.198 seconds
[2022-08-06 01:23:27,543] {processor.py:153} INFO - Started process (PID=1271) to work on /home/airflow/.local/lib/python3.7/site-packages/airflow/example_dags/example_short_circuit_operator.py
[2022-08-06 01:23:27,545] {processor.py:641} INFO - Processing file /home/airflow/.local/lib/python3.7/site-packages/airflow/example_dags/example_short_circuit_operator.py for tasks to queue
[2022-08-06 01:23:27,546] {logging_mixin.py:115} INFO - [2022-08-06 01:23:27,546] {dagbag.py:507} INFO - Filling up the DagBag from /home/airflow/.local/lib/python3.7/site-packages/airflow/example_dags/example_short_circuit_operator.py
[2022-08-06 01:23:27,554] {processor.py:651} INFO - DAG(s) dict_keys(['example_short_circuit_operator']) retrieved from /home/airflow/.local/lib/python3.7/site-packages/airflow/example_dags/example_short_circuit_operator.py
[2022-08-06 01:23:27,575] {logging_mixin.py:115} INFO - [2022-08-06 01:23:27,575] {dag.py:2371} INFO - Sync 1 DAGs
[2022-08-06 01:23:27,672] {logging_mixin.py:115} INFO - [2022-08-06 01:23:27,672] {dag.py:2919} INFO - Setting next_dagrun for example_short_circuit_operator to 2022-08-05T01:23:27.672709+00:00, run_after=2022-08-06T01:23:27.672709+00:00
[2022-08-06 01:23:27,681] {processor.py:161} INFO - Processing /home/airflow/.local/lib/python3.7/site-packages/airflow/example_dags/example_short_circuit_operator.py took 0.140 seconds
[2022-08-06 01:39:35,457] {processor.py:153} INFO - Started process (PID=1334) to work on /home/airflow/.local/lib/python3.7/site-packages/airflow/example_dags/example_short_circuit_operator.py
[2022-08-06 01:39:35,459] {processor.py:641} INFO - Processing file /home/airflow/.local/lib/python3.7/site-packages/airflow/example_dags/example_short_circuit_operator.py for tasks to queue
[2022-08-06 01:39:35,460] {logging_mixin.py:115} INFO - [2022-08-06 01:39:35,460] {dagbag.py:507} INFO - Filling up the DagBag from /home/airflow/.local/lib/python3.7/site-packages/airflow/example_dags/example_short_circuit_operator.py
[2022-08-06 01:39:35,476] {processor.py:651} INFO - DAG(s) dict_keys(['example_short_circuit_operator']) retrieved from /home/airflow/.local/lib/python3.7/site-packages/airflow/example_dags/example_short_circuit_operator.py
[2022-08-06 01:39:35,620] {logging_mixin.py:115} INFO - [2022-08-06 01:39:35,620] {dag.py:2371} INFO - Sync 1 DAGs
[2022-08-06 01:39:35,638] {logging_mixin.py:115} INFO - [2022-08-06 01:39:35,638] {dag.py:2919} INFO - Setting next_dagrun for example_short_circuit_operator to 2022-08-05T01:39:35.638190+00:00, run_after=2022-08-06T01:39:35.638190+00:00
[2022-08-06 01:39:35,647] {processor.py:161} INFO - Processing /home/airflow/.local/lib/python3.7/site-packages/airflow/example_dags/example_short_circuit_operator.py took 0.193 seconds
[2022-08-06 01:40:05,840] {processor.py:153} INFO - Started process (PID=1396) to work on /home/airflow/.local/lib/python3.7/site-packages/airflow/example_dags/example_short_circuit_operator.py
[2022-08-06 01:40:05,841] {processor.py:641} INFO - Processing file /home/airflow/.local/lib/python3.7/site-packages/airflow/example_dags/example_short_circuit_operator.py for tasks to queue
[2022-08-06 01:40:05,842] {logging_mixin.py:115} INFO - [2022-08-06 01:40:05,842] {dagbag.py:507} INFO - Filling up the DagBag from /home/airflow/.local/lib/python3.7/site-packages/airflow/example_dags/example_short_circuit_operator.py
[2022-08-06 01:40:05,849] {processor.py:651} INFO - DAG(s) dict_keys(['example_short_circuit_operator']) retrieved from /home/airflow/.local/lib/python3.7/site-packages/airflow/example_dags/example_short_circuit_operator.py
[2022-08-06 01:40:05,942] {logging_mixin.py:115} INFO - [2022-08-06 01:40:05,942] {dag.py:2371} INFO - Sync 1 DAGs
[2022-08-06 01:40:05,952] {logging_mixin.py:115} INFO - [2022-08-06 01:40:05,952] {dag.py:2919} INFO - Setting next_dagrun for example_short_circuit_operator to 2022-08-05T01:40:05.952782+00:00, run_after=2022-08-06T01:40:05.952782+00:00
[2022-08-06 01:40:05,959] {processor.py:161} INFO - Processing /home/airflow/.local/lib/python3.7/site-packages/airflow/example_dags/example_short_circuit_operator.py took 0.122 seconds
[2022-08-06 01:40:36,199] {processor.py:153} INFO - Started process (PID=1458) to work on /home/airflow/.local/lib/python3.7/site-packages/airflow/example_dags/example_short_circuit_operator.py
[2022-08-06 01:40:36,200] {processor.py:641} INFO - Processing file /home/airflow/.local/lib/python3.7/site-packages/airflow/example_dags/example_short_circuit_operator.py for tasks to queue
[2022-08-06 01:40:36,202] {logging_mixin.py:115} INFO - [2022-08-06 01:40:36,202] {dagbag.py:507} INFO - Filling up the DagBag from /home/airflow/.local/lib/python3.7/site-packages/airflow/example_dags/example_short_circuit_operator.py
[2022-08-06 01:40:36,210] {processor.py:651} INFO - DAG(s) dict_keys(['example_short_circuit_operator']) retrieved from /home/airflow/.local/lib/python3.7/site-packages/airflow/example_dags/example_short_circuit_operator.py
[2022-08-06 01:40:36,308] {logging_mixin.py:115} INFO - [2022-08-06 01:40:36,308] {dag.py:2371} INFO - Sync 1 DAGs
[2022-08-06 01:40:36,320] {logging_mixin.py:115} INFO - [2022-08-06 01:40:36,320] {dag.py:2919} INFO - Setting next_dagrun for example_short_circuit_operator to 2022-08-05T01:40:36.320013+00:00, run_after=2022-08-06T01:40:36.320013+00:00
[2022-08-06 01:40:36,327] {processor.py:161} INFO - Processing /home/airflow/.local/lib/python3.7/site-packages/airflow/example_dags/example_short_circuit_operator.py took 0.130 seconds
[2022-08-06 01:41:07,074] {processor.py:153} INFO - Started process (PID=1519) to work on /home/airflow/.local/lib/python3.7/site-packages/airflow/example_dags/example_short_circuit_operator.py
[2022-08-06 01:41:07,077] {processor.py:641} INFO - Processing file /home/airflow/.local/lib/python3.7/site-packages/airflow/example_dags/example_short_circuit_operator.py for tasks to queue
[2022-08-06 01:41:07,078] {logging_mixin.py:115} INFO - [2022-08-06 01:41:07,078] {dagbag.py:507} INFO - Filling up the DagBag from /home/airflow/.local/lib/python3.7/site-packages/airflow/example_dags/example_short_circuit_operator.py
[2022-08-06 01:41:07,087] {processor.py:651} INFO - DAG(s) dict_keys(['example_short_circuit_operator']) retrieved from /home/airflow/.local/lib/python3.7/site-packages/airflow/example_dags/example_short_circuit_operator.py
[2022-08-06 01:41:07,203] {logging_mixin.py:115} INFO - [2022-08-06 01:41:07,203] {dag.py:2371} INFO - Sync 1 DAGs
[2022-08-06 01:41:07,226] {logging_mixin.py:115} INFO - [2022-08-06 01:41:07,226] {dag.py:2919} INFO - Setting next_dagrun for example_short_circuit_operator to 2022-08-05T01:41:07.225735+00:00, run_after=2022-08-06T01:41:07.225735+00:00
[2022-08-06 01:41:07,234] {processor.py:161} INFO - Processing /home/airflow/.local/lib/python3.7/site-packages/airflow/example_dags/example_short_circuit_operator.py took 0.163 seconds
[2022-08-06 01:41:38,703] {processor.py:153} INFO - Started process (PID=1574) to work on /home/airflow/.local/lib/python3.7/site-packages/airflow/example_dags/example_short_circuit_operator.py
[2022-08-06 01:41:38,704] {processor.py:641} INFO - Processing file /home/airflow/.local/lib/python3.7/site-packages/airflow/example_dags/example_short_circuit_operator.py for tasks to queue
[2022-08-06 01:41:38,705] {logging_mixin.py:115} INFO - [2022-08-06 01:41:38,705] {dagbag.py:507} INFO - Filling up the DagBag from /home/airflow/.local/lib/python3.7/site-packages/airflow/example_dags/example_short_circuit_operator.py
[2022-08-06 01:41:38,712] {processor.py:651} INFO - DAG(s) dict_keys(['example_short_circuit_operator']) retrieved from /home/airflow/.local/lib/python3.7/site-packages/airflow/example_dags/example_short_circuit_operator.py
[2022-08-06 01:41:38,829] {logging_mixin.py:115} INFO - [2022-08-06 01:41:38,829] {dag.py:2371} INFO - Sync 1 DAGs
[2022-08-06 01:41:38,839] {logging_mixin.py:115} INFO - [2022-08-06 01:41:38,839] {dag.py:2919} INFO - Setting next_dagrun for example_short_circuit_operator to 2022-08-05T01:41:38.839278+00:00, run_after=2022-08-06T01:41:38.839278+00:00
[2022-08-06 01:41:38,845] {processor.py:161} INFO - Processing /home/airflow/.local/lib/python3.7/site-packages/airflow/example_dags/example_short_circuit_operator.py took 0.144 seconds
[2022-08-06 01:42:08,956] {processor.py:153} INFO - Started process (PID=1634) to work on /home/airflow/.local/lib/python3.7/site-packages/airflow/example_dags/example_short_circuit_operator.py
[2022-08-06 01:42:08,958] {processor.py:641} INFO - Processing file /home/airflow/.local/lib/python3.7/site-packages/airflow/example_dags/example_short_circuit_operator.py for tasks to queue
[2022-08-06 01:42:08,959] {logging_mixin.py:115} INFO - [2022-08-06 01:42:08,959] {dagbag.py:507} INFO - Filling up the DagBag from /home/airflow/.local/lib/python3.7/site-packages/airflow/example_dags/example_short_circuit_operator.py
[2022-08-06 01:42:08,966] {processor.py:651} INFO - DAG(s) dict_keys(['example_short_circuit_operator']) retrieved from /home/airflow/.local/lib/python3.7/site-packages/airflow/example_dags/example_short_circuit_operator.py
[2022-08-06 01:42:09,058] {logging_mixin.py:115} INFO - [2022-08-06 01:42:09,058] {dag.py:2371} INFO - Sync 1 DAGs
[2022-08-06 01:42:09,073] {logging_mixin.py:115} INFO - [2022-08-06 01:42:09,073] {dag.py:2919} INFO - Setting next_dagrun for example_short_circuit_operator to 2022-08-05T01:42:09.073655+00:00, run_after=2022-08-06T01:42:09.073655+00:00
[2022-08-06 01:42:09,080] {processor.py:161} INFO - Processing /home/airflow/.local/lib/python3.7/site-packages/airflow/example_dags/example_short_circuit_operator.py took 0.126 seconds
[2022-08-06 01:42:39,248] {processor.py:153} INFO - Started process (PID=1696) to work on /home/airflow/.local/lib/python3.7/site-packages/airflow/example_dags/example_short_circuit_operator.py
[2022-08-06 01:42:39,249] {processor.py:641} INFO - Processing file /home/airflow/.local/lib/python3.7/site-packages/airflow/example_dags/example_short_circuit_operator.py for tasks to queue
[2022-08-06 01:42:39,250] {logging_mixin.py:115} INFO - [2022-08-06 01:42:39,250] {dagbag.py:507} INFO - Filling up the DagBag from /home/airflow/.local/lib/python3.7/site-packages/airflow/example_dags/example_short_circuit_operator.py
[2022-08-06 01:42:39,262] {processor.py:651} INFO - DAG(s) dict_keys(['example_short_circuit_operator']) retrieved from /home/airflow/.local/lib/python3.7/site-packages/airflow/example_dags/example_short_circuit_operator.py
[2022-08-06 01:42:39,383] {logging_mixin.py:115} INFO - [2022-08-06 01:42:39,383] {dag.py:2371} INFO - Sync 1 DAGs
[2022-08-06 01:42:39,397] {logging_mixin.py:115} INFO - [2022-08-06 01:42:39,397] {dag.py:2919} INFO - Setting next_dagrun for example_short_circuit_operator to 2022-08-05T01:42:39.397002+00:00, run_after=2022-08-06T01:42:39.397002+00:00
[2022-08-06 01:42:39,406] {processor.py:161} INFO - Processing /home/airflow/.local/lib/python3.7/site-packages/airflow/example_dags/example_short_circuit_operator.py took 0.161 seconds
[2022-08-06 01:43:09,471] {processor.py:153} INFO - Started process (PID=1758) to work on /home/airflow/.local/lib/python3.7/site-packages/airflow/example_dags/example_short_circuit_operator.py
[2022-08-06 01:43:09,473] {processor.py:641} INFO - Processing file /home/airflow/.local/lib/python3.7/site-packages/airflow/example_dags/example_short_circuit_operator.py for tasks to queue
[2022-08-06 01:43:09,474] {logging_mixin.py:115} INFO - [2022-08-06 01:43:09,474] {dagbag.py:507} INFO - Filling up the DagBag from /home/airflow/.local/lib/python3.7/site-packages/airflow/example_dags/example_short_circuit_operator.py
[2022-08-06 01:43:09,481] {processor.py:651} INFO - DAG(s) dict_keys(['example_short_circuit_operator']) retrieved from /home/airflow/.local/lib/python3.7/site-packages/airflow/example_dags/example_short_circuit_operator.py
[2022-08-06 01:43:09,582] {logging_mixin.py:115} INFO - [2022-08-06 01:43:09,582] {dag.py:2371} INFO - Sync 1 DAGs
[2022-08-06 01:43:09,595] {logging_mixin.py:115} INFO - [2022-08-06 01:43:09,595] {dag.py:2919} INFO - Setting next_dagrun for example_short_circuit_operator to 2022-08-05T01:43:09.595277+00:00, run_after=2022-08-06T01:43:09.595277+00:00
[2022-08-06 01:43:09,602] {processor.py:161} INFO - Processing /home/airflow/.local/lib/python3.7/site-packages/airflow/example_dags/example_short_circuit_operator.py took 0.133 seconds
[2022-08-06 01:43:40,364] {processor.py:153} INFO - Started process (PID=1820) to work on /home/airflow/.local/lib/python3.7/site-packages/airflow/example_dags/example_short_circuit_operator.py
[2022-08-06 01:43:40,365] {processor.py:641} INFO - Processing file /home/airflow/.local/lib/python3.7/site-packages/airflow/example_dags/example_short_circuit_operator.py for tasks to queue
[2022-08-06 01:43:40,366] {logging_mixin.py:115} INFO - [2022-08-06 01:43:40,366] {dagbag.py:507} INFO - Filling up the DagBag from /home/airflow/.local/lib/python3.7/site-packages/airflow/example_dags/example_short_circuit_operator.py
[2022-08-06 01:43:40,374] {processor.py:651} INFO - DAG(s) dict_keys(['example_short_circuit_operator']) retrieved from /home/airflow/.local/lib/python3.7/site-packages/airflow/example_dags/example_short_circuit_operator.py
[2022-08-06 01:43:40,475] {logging_mixin.py:115} INFO - [2022-08-06 01:43:40,475] {dag.py:2371} INFO - Sync 1 DAGs
[2022-08-06 01:43:40,486] {logging_mixin.py:115} INFO - [2022-08-06 01:43:40,485] {dag.py:2919} INFO - Setting next_dagrun for example_short_circuit_operator to 2022-08-05T01:43:40.485833+00:00, run_after=2022-08-06T01:43:40.485833+00:00
[2022-08-06 01:43:40,492] {processor.py:161} INFO - Processing /home/airflow/.local/lib/python3.7/site-packages/airflow/example_dags/example_short_circuit_operator.py took 0.131 seconds
[2022-08-06 01:44:11,452] {processor.py:153} INFO - Started process (PID=1882) to work on /home/airflow/.local/lib/python3.7/site-packages/airflow/example_dags/example_short_circuit_operator.py
[2022-08-06 01:44:11,454] {processor.py:641} INFO - Processing file /home/airflow/.local/lib/python3.7/site-packages/airflow/example_dags/example_short_circuit_operator.py for tasks to queue
[2022-08-06 01:44:11,456] {logging_mixin.py:115} INFO - [2022-08-06 01:44:11,456] {dagbag.py:507} INFO - Filling up the DagBag from /home/airflow/.local/lib/python3.7/site-packages/airflow/example_dags/example_short_circuit_operator.py
[2022-08-06 01:44:11,465] {processor.py:651} INFO - DAG(s) dict_keys(['example_short_circuit_operator']) retrieved from /home/airflow/.local/lib/python3.7/site-packages/airflow/example_dags/example_short_circuit_operator.py
[2022-08-06 01:44:11,602] {logging_mixin.py:115} INFO - [2022-08-06 01:44:11,602] {dag.py:2371} INFO - Sync 1 DAGs
[2022-08-06 01:44:11,615] {logging_mixin.py:115} INFO - [2022-08-06 01:44:11,615] {dag.py:2919} INFO - Setting next_dagrun for example_short_circuit_operator to 2022-08-05T01:44:11.615572+00:00, run_after=2022-08-06T01:44:11.615572+00:00
[2022-08-06 01:44:11,626] {processor.py:161} INFO - Processing /home/airflow/.local/lib/python3.7/site-packages/airflow/example_dags/example_short_circuit_operator.py took 0.177 seconds
[2022-08-06 01:44:41,811] {processor.py:153} INFO - Started process (PID=1935) to work on /home/airflow/.local/lib/python3.7/site-packages/airflow/example_dags/example_short_circuit_operator.py
[2022-08-06 01:44:41,812] {processor.py:641} INFO - Processing file /home/airflow/.local/lib/python3.7/site-packages/airflow/example_dags/example_short_circuit_operator.py for tasks to queue
[2022-08-06 01:44:41,813] {logging_mixin.py:115} INFO - [2022-08-06 01:44:41,813] {dagbag.py:507} INFO - Filling up the DagBag from /home/airflow/.local/lib/python3.7/site-packages/airflow/example_dags/example_short_circuit_operator.py
[2022-08-06 01:44:41,898] {processor.py:651} INFO - DAG(s) dict_keys(['example_short_circuit_operator']) retrieved from /home/airflow/.local/lib/python3.7/site-packages/airflow/example_dags/example_short_circuit_operator.py
[2022-08-06 01:44:41,911] {logging_mixin.py:115} INFO - [2022-08-06 01:44:41,911] {dag.py:2371} INFO - Sync 1 DAGs
[2022-08-06 01:44:41,920] {logging_mixin.py:115} INFO - [2022-08-06 01:44:41,920] {dag.py:2919} INFO - Setting next_dagrun for example_short_circuit_operator to 2022-08-05T01:44:41.920341+00:00, run_after=2022-08-06T01:44:41.920341+00:00
[2022-08-06 01:44:41,927] {processor.py:161} INFO - Processing /home/airflow/.local/lib/python3.7/site-packages/airflow/example_dags/example_short_circuit_operator.py took 0.119 seconds
[2022-08-06 01:45:12,238] {processor.py:153} INFO - Started process (PID=1996) to work on /home/airflow/.local/lib/python3.7/site-packages/airflow/example_dags/example_short_circuit_operator.py
[2022-08-06 01:45:12,239] {processor.py:641} INFO - Processing file /home/airflow/.local/lib/python3.7/site-packages/airflow/example_dags/example_short_circuit_operator.py for tasks to queue
[2022-08-06 01:45:12,240] {logging_mixin.py:115} INFO - [2022-08-06 01:45:12,240] {dagbag.py:507} INFO - Filling up the DagBag from /home/airflow/.local/lib/python3.7/site-packages/airflow/example_dags/example_short_circuit_operator.py
[2022-08-06 01:45:12,325] {processor.py:651} INFO - DAG(s) dict_keys(['example_short_circuit_operator']) retrieved from /home/airflow/.local/lib/python3.7/site-packages/airflow/example_dags/example_short_circuit_operator.py
[2022-08-06 01:45:12,340] {logging_mixin.py:115} INFO - [2022-08-06 01:45:12,340] {dag.py:2371} INFO - Sync 1 DAGs
[2022-08-06 01:45:12,352] {logging_mixin.py:115} INFO - [2022-08-06 01:45:12,352] {dag.py:2919} INFO - Setting next_dagrun for example_short_circuit_operator to 2022-08-05T01:45:12.352158+00:00, run_after=2022-08-06T01:45:12.352158+00:00
[2022-08-06 01:45:12,360] {processor.py:161} INFO - Processing /home/airflow/.local/lib/python3.7/site-packages/airflow/example_dags/example_short_circuit_operator.py took 0.124 seconds
[2022-08-06 01:45:42,660] {processor.py:153} INFO - Started process (PID=2058) to work on /home/airflow/.local/lib/python3.7/site-packages/airflow/example_dags/example_short_circuit_operator.py
[2022-08-06 01:45:42,661] {processor.py:641} INFO - Processing file /home/airflow/.local/lib/python3.7/site-packages/airflow/example_dags/example_short_circuit_operator.py for tasks to queue
[2022-08-06 01:45:42,662] {logging_mixin.py:115} INFO - [2022-08-06 01:45:42,662] {dagbag.py:507} INFO - Filling up the DagBag from /home/airflow/.local/lib/python3.7/site-packages/airflow/example_dags/example_short_circuit_operator.py
[2022-08-06 01:45:42,743] {processor.py:651} INFO - DAG(s) dict_keys(['example_short_circuit_operator']) retrieved from /home/airflow/.local/lib/python3.7/site-packages/airflow/example_dags/example_short_circuit_operator.py
[2022-08-06 01:45:42,757] {logging_mixin.py:115} INFO - [2022-08-06 01:45:42,757] {dag.py:2371} INFO - Sync 1 DAGs
[2022-08-06 01:45:42,767] {logging_mixin.py:115} INFO - [2022-08-06 01:45:42,767] {dag.py:2919} INFO - Setting next_dagrun for example_short_circuit_operator to 2022-08-05T01:45:42.767648+00:00, run_after=2022-08-06T01:45:42.767648+00:00
[2022-08-06 01:45:42,774] {processor.py:161} INFO - Processing /home/airflow/.local/lib/python3.7/site-packages/airflow/example_dags/example_short_circuit_operator.py took 0.116 seconds
[2022-08-06 01:46:13,000] {processor.py:153} INFO - Started process (PID=2120) to work on /home/airflow/.local/lib/python3.7/site-packages/airflow/example_dags/example_short_circuit_operator.py
[2022-08-06 01:46:13,001] {processor.py:641} INFO - Processing file /home/airflow/.local/lib/python3.7/site-packages/airflow/example_dags/example_short_circuit_operator.py for tasks to queue
[2022-08-06 01:46:13,002] {logging_mixin.py:115} INFO - [2022-08-06 01:46:13,002] {dagbag.py:507} INFO - Filling up the DagBag from /home/airflow/.local/lib/python3.7/site-packages/airflow/example_dags/example_short_circuit_operator.py
[2022-08-06 01:46:13,079] {processor.py:651} INFO - DAG(s) dict_keys(['example_short_circuit_operator']) retrieved from /home/airflow/.local/lib/python3.7/site-packages/airflow/example_dags/example_short_circuit_operator.py
[2022-08-06 01:46:13,091] {logging_mixin.py:115} INFO - [2022-08-06 01:46:13,091] {dag.py:2371} INFO - Sync 1 DAGs
[2022-08-06 01:46:13,101] {logging_mixin.py:115} INFO - [2022-08-06 01:46:13,101] {dag.py:2919} INFO - Setting next_dagrun for example_short_circuit_operator to 2022-08-05T01:46:13.101493+00:00, run_after=2022-08-06T01:46:13.101493+00:00
[2022-08-06 01:46:13,107] {processor.py:161} INFO - Processing /home/airflow/.local/lib/python3.7/site-packages/airflow/example_dags/example_short_circuit_operator.py took 0.109 seconds
[2022-08-06 01:46:43,221] {processor.py:153} INFO - Started process (PID=2183) to work on /home/airflow/.local/lib/python3.7/site-packages/airflow/example_dags/example_short_circuit_operator.py
[2022-08-06 01:46:43,222] {processor.py:641} INFO - Processing file /home/airflow/.local/lib/python3.7/site-packages/airflow/example_dags/example_short_circuit_operator.py for tasks to queue
[2022-08-06 01:46:43,223] {logging_mixin.py:115} INFO - [2022-08-06 01:46:43,223] {dagbag.py:507} INFO - Filling up the DagBag from /home/airflow/.local/lib/python3.7/site-packages/airflow/example_dags/example_short_circuit_operator.py
[2022-08-06 01:46:43,310] {processor.py:651} INFO - DAG(s) dict_keys(['example_short_circuit_operator']) retrieved from /home/airflow/.local/lib/python3.7/site-packages/airflow/example_dags/example_short_circuit_operator.py
[2022-08-06 01:46:43,324] {logging_mixin.py:115} INFO - [2022-08-06 01:46:43,324] {dag.py:2371} INFO - Sync 1 DAGs
[2022-08-06 01:46:43,337] {logging_mixin.py:115} INFO - [2022-08-06 01:46:43,337] {dag.py:2919} INFO - Setting next_dagrun for example_short_circuit_operator to 2022-08-05T01:46:43.337374+00:00, run_after=2022-08-06T01:46:43.337374+00:00
[2022-08-06 01:46:43,345] {processor.py:161} INFO - Processing /home/airflow/.local/lib/python3.7/site-packages/airflow/example_dags/example_short_circuit_operator.py took 0.127 seconds
[2022-08-06 01:47:13,437] {processor.py:153} INFO - Started process (PID=2236) to work on /home/airflow/.local/lib/python3.7/site-packages/airflow/example_dags/example_short_circuit_operator.py
[2022-08-06 01:47:13,439] {processor.py:641} INFO - Processing file /home/airflow/.local/lib/python3.7/site-packages/airflow/example_dags/example_short_circuit_operator.py for tasks to queue
[2022-08-06 01:47:13,440] {logging_mixin.py:115} INFO - [2022-08-06 01:47:13,440] {dagbag.py:507} INFO - Filling up the DagBag from /home/airflow/.local/lib/python3.7/site-packages/airflow/example_dags/example_short_circuit_operator.py
[2022-08-06 01:47:13,541] {processor.py:651} INFO - DAG(s) dict_keys(['example_short_circuit_operator']) retrieved from /home/airflow/.local/lib/python3.7/site-packages/airflow/example_dags/example_short_circuit_operator.py
[2022-08-06 01:47:13,555] {logging_mixin.py:115} INFO - [2022-08-06 01:47:13,555] {dag.py:2371} INFO - Sync 1 DAGs
[2022-08-06 01:47:13,566] {logging_mixin.py:115} INFO - [2022-08-06 01:47:13,566] {dag.py:2919} INFO - Setting next_dagrun for example_short_circuit_operator to 2022-08-05T01:47:13.566082+00:00, run_after=2022-08-06T01:47:13.566082+00:00
[2022-08-06 01:47:13,573] {processor.py:161} INFO - Processing /home/airflow/.local/lib/python3.7/site-packages/airflow/example_dags/example_short_circuit_operator.py took 0.137 seconds
[2022-08-06 01:47:44,538] {processor.py:153} INFO - Started process (PID=2298) to work on /home/airflow/.local/lib/python3.7/site-packages/airflow/example_dags/example_short_circuit_operator.py
[2022-08-06 01:47:44,540] {processor.py:641} INFO - Processing file /home/airflow/.local/lib/python3.7/site-packages/airflow/example_dags/example_short_circuit_operator.py for tasks to queue
[2022-08-06 01:47:44,541] {logging_mixin.py:115} INFO - [2022-08-06 01:47:44,541] {dagbag.py:507} INFO - Filling up the DagBag from /home/airflow/.local/lib/python3.7/site-packages/airflow/example_dags/example_short_circuit_operator.py
[2022-08-06 01:47:44,639] {processor.py:651} INFO - DAG(s) dict_keys(['example_short_circuit_operator']) retrieved from /home/airflow/.local/lib/python3.7/site-packages/airflow/example_dags/example_short_circuit_operator.py
[2022-08-06 01:47:44,654] {logging_mixin.py:115} INFO - [2022-08-06 01:47:44,654] {dag.py:2371} INFO - Sync 1 DAGs
[2022-08-06 01:47:44,670] {logging_mixin.py:115} INFO - [2022-08-06 01:47:44,670] {dag.py:2919} INFO - Setting next_dagrun for example_short_circuit_operator to 2022-08-05T01:47:44.670077+00:00, run_after=2022-08-06T01:47:44.670077+00:00
[2022-08-06 01:47:44,684] {processor.py:161} INFO - Processing /home/airflow/.local/lib/python3.7/site-packages/airflow/example_dags/example_short_circuit_operator.py took 0.148 seconds
[2022-08-06 01:48:15,486] {processor.py:153} INFO - Started process (PID=2360) to work on /home/airflow/.local/lib/python3.7/site-packages/airflow/example_dags/example_short_circuit_operator.py
[2022-08-06 01:48:15,488] {processor.py:641} INFO - Processing file /home/airflow/.local/lib/python3.7/site-packages/airflow/example_dags/example_short_circuit_operator.py for tasks to queue
[2022-08-06 01:48:15,489] {logging_mixin.py:115} INFO - [2022-08-06 01:48:15,489] {dagbag.py:507} INFO - Filling up the DagBag from /home/airflow/.local/lib/python3.7/site-packages/airflow/example_dags/example_short_circuit_operator.py
[2022-08-06 01:48:15,583] {processor.py:651} INFO - DAG(s) dict_keys(['example_short_circuit_operator']) retrieved from /home/airflow/.local/lib/python3.7/site-packages/airflow/example_dags/example_short_circuit_operator.py
[2022-08-06 01:48:15,596] {logging_mixin.py:115} INFO - [2022-08-06 01:48:15,596] {dag.py:2371} INFO - Sync 1 DAGs
[2022-08-06 01:48:15,609] {logging_mixin.py:115} INFO - [2022-08-06 01:48:15,609] {dag.py:2919} INFO - Setting next_dagrun for example_short_circuit_operator to 2022-08-05T01:48:15.609161+00:00, run_after=2022-08-06T01:48:15.609161+00:00
[2022-08-06 01:48:15,617] {processor.py:161} INFO - Processing /home/airflow/.local/lib/python3.7/site-packages/airflow/example_dags/example_short_circuit_operator.py took 0.133 seconds
[2022-08-06 01:48:46,450] {processor.py:153} INFO - Started process (PID=2421) to work on /home/airflow/.local/lib/python3.7/site-packages/airflow/example_dags/example_short_circuit_operator.py
[2022-08-06 01:48:46,451] {processor.py:641} INFO - Processing file /home/airflow/.local/lib/python3.7/site-packages/airflow/example_dags/example_short_circuit_operator.py for tasks to queue
[2022-08-06 01:48:46,452] {logging_mixin.py:115} INFO - [2022-08-06 01:48:46,452] {dagbag.py:507} INFO - Filling up the DagBag from /home/airflow/.local/lib/python3.7/site-packages/airflow/example_dags/example_short_circuit_operator.py
[2022-08-06 01:48:46,550] {processor.py:651} INFO - DAG(s) dict_keys(['example_short_circuit_operator']) retrieved from /home/airflow/.local/lib/python3.7/site-packages/airflow/example_dags/example_short_circuit_operator.py
[2022-08-06 01:48:46,567] {logging_mixin.py:115} INFO - [2022-08-06 01:48:46,567] {dag.py:2371} INFO - Sync 1 DAGs
[2022-08-06 01:48:46,579] {logging_mixin.py:115} INFO - [2022-08-06 01:48:46,579] {dag.py:2919} INFO - Setting next_dagrun for example_short_circuit_operator to 2022-08-05T01:48:46.579375+00:00, run_after=2022-08-06T01:48:46.579375+00:00
[2022-08-06 01:48:46,587] {processor.py:161} INFO - Processing /home/airflow/.local/lib/python3.7/site-packages/airflow/example_dags/example_short_circuit_operator.py took 0.140 seconds
[2022-08-06 01:49:17,447] {processor.py:153} INFO - Started process (PID=2485) to work on /home/airflow/.local/lib/python3.7/site-packages/airflow/example_dags/example_short_circuit_operator.py
[2022-08-06 01:49:17,449] {processor.py:641} INFO - Processing file /home/airflow/.local/lib/python3.7/site-packages/airflow/example_dags/example_short_circuit_operator.py for tasks to queue
[2022-08-06 01:49:17,450] {logging_mixin.py:115} INFO - [2022-08-06 01:49:17,449] {dagbag.py:507} INFO - Filling up the DagBag from /home/airflow/.local/lib/python3.7/site-packages/airflow/example_dags/example_short_circuit_operator.py
[2022-08-06 01:49:17,548] {processor.py:651} INFO - DAG(s) dict_keys(['example_short_circuit_operator']) retrieved from /home/airflow/.local/lib/python3.7/site-packages/airflow/example_dags/example_short_circuit_operator.py
[2022-08-06 01:49:17,562] {logging_mixin.py:115} INFO - [2022-08-06 01:49:17,562] {dag.py:2371} INFO - Sync 1 DAGs
[2022-08-06 01:49:17,574] {logging_mixin.py:115} INFO - [2022-08-06 01:49:17,574] {dag.py:2919} INFO - Setting next_dagrun for example_short_circuit_operator to 2022-08-05T01:49:17.574122+00:00, run_after=2022-08-06T01:49:17.574122+00:00
[2022-08-06 01:49:17,581] {processor.py:161} INFO - Processing /home/airflow/.local/lib/python3.7/site-packages/airflow/example_dags/example_short_circuit_operator.py took 0.136 seconds
[2022-08-06 01:49:48,399] {processor.py:153} INFO - Started process (PID=2548) to work on /home/airflow/.local/lib/python3.7/site-packages/airflow/example_dags/example_short_circuit_operator.py
[2022-08-06 01:49:48,400] {processor.py:641} INFO - Processing file /home/airflow/.local/lib/python3.7/site-packages/airflow/example_dags/example_short_circuit_operator.py for tasks to queue
[2022-08-06 01:49:48,401] {logging_mixin.py:115} INFO - [2022-08-06 01:49:48,401] {dagbag.py:507} INFO - Filling up the DagBag from /home/airflow/.local/lib/python3.7/site-packages/airflow/example_dags/example_short_circuit_operator.py
[2022-08-06 01:49:48,408] {processor.py:651} INFO - DAG(s) dict_keys(['example_short_circuit_operator']) retrieved from /home/airflow/.local/lib/python3.7/site-packages/airflow/example_dags/example_short_circuit_operator.py
[2022-08-06 01:49:48,425] {logging_mixin.py:115} INFO - [2022-08-06 01:49:48,425] {dag.py:2371} INFO - Sync 1 DAGs
[2022-08-06 01:49:48,438] {logging_mixin.py:115} INFO - [2022-08-06 01:49:48,438] {dag.py:2919} INFO - Setting next_dagrun for example_short_circuit_operator to 2022-08-05T01:49:48.438084+00:00, run_after=2022-08-06T01:49:48.438084+00:00
[2022-08-06 01:49:48,444] {processor.py:161} INFO - Processing /home/airflow/.local/lib/python3.7/site-packages/airflow/example_dags/example_short_circuit_operator.py took 0.047 seconds
[2022-08-06 01:50:19,048] {processor.py:153} INFO - Started process (PID=2610) to work on /home/airflow/.local/lib/python3.7/site-packages/airflow/example_dags/example_short_circuit_operator.py
[2022-08-06 01:50:19,050] {processor.py:641} INFO - Processing file /home/airflow/.local/lib/python3.7/site-packages/airflow/example_dags/example_short_circuit_operator.py for tasks to queue
[2022-08-06 01:50:19,052] {logging_mixin.py:115} INFO - [2022-08-06 01:50:19,051] {dagbag.py:507} INFO - Filling up the DagBag from /home/airflow/.local/lib/python3.7/site-packages/airflow/example_dags/example_short_circuit_operator.py
[2022-08-06 01:50:19,060] {processor.py:651} INFO - DAG(s) dict_keys(['example_short_circuit_operator']) retrieved from /home/airflow/.local/lib/python3.7/site-packages/airflow/example_dags/example_short_circuit_operator.py
[2022-08-06 01:50:19,085] {logging_mixin.py:115} INFO - [2022-08-06 01:50:19,085] {dag.py:2371} INFO - Sync 1 DAGs
[2022-08-06 01:50:19,103] {logging_mixin.py:115} INFO - [2022-08-06 01:50:19,103] {dag.py:2919} INFO - Setting next_dagrun for example_short_circuit_operator to 2022-08-05T01:50:19.103349+00:00, run_after=2022-08-06T01:50:19.103349+00:00
[2022-08-06 01:50:19,126] {processor.py:161} INFO - Processing /home/airflow/.local/lib/python3.7/site-packages/airflow/example_dags/example_short_circuit_operator.py took 0.081 seconds
[2022-08-06 01:50:49,726] {processor.py:153} INFO - Started process (PID=2663) to work on /home/airflow/.local/lib/python3.7/site-packages/airflow/example_dags/example_short_circuit_operator.py
[2022-08-06 01:50:49,727] {processor.py:641} INFO - Processing file /home/airflow/.local/lib/python3.7/site-packages/airflow/example_dags/example_short_circuit_operator.py for tasks to queue
[2022-08-06 01:50:49,728] {logging_mixin.py:115} INFO - [2022-08-06 01:50:49,728] {dagbag.py:507} INFO - Filling up the DagBag from /home/airflow/.local/lib/python3.7/site-packages/airflow/example_dags/example_short_circuit_operator.py
[2022-08-06 01:50:49,735] {processor.py:651} INFO - DAG(s) dict_keys(['example_short_circuit_operator']) retrieved from /home/airflow/.local/lib/python3.7/site-packages/airflow/example_dags/example_short_circuit_operator.py
[2022-08-06 01:50:49,753] {logging_mixin.py:115} INFO - [2022-08-06 01:50:49,753] {dag.py:2371} INFO - Sync 1 DAGs
[2022-08-06 01:50:49,766] {logging_mixin.py:115} INFO - [2022-08-06 01:50:49,766] {dag.py:2919} INFO - Setting next_dagrun for example_short_circuit_operator to 2022-08-05T01:50:49.766264+00:00, run_after=2022-08-06T01:50:49.766264+00:00
[2022-08-06 01:50:49,774] {processor.py:161} INFO - Processing /home/airflow/.local/lib/python3.7/site-packages/airflow/example_dags/example_short_circuit_operator.py took 0.050 seconds
[2022-08-06 01:51:20,184] {processor.py:153} INFO - Started process (PID=2726) to work on /home/airflow/.local/lib/python3.7/site-packages/airflow/example_dags/example_short_circuit_operator.py
[2022-08-06 01:51:20,186] {processor.py:641} INFO - Processing file /home/airflow/.local/lib/python3.7/site-packages/airflow/example_dags/example_short_circuit_operator.py for tasks to queue
[2022-08-06 01:51:20,187] {logging_mixin.py:115} INFO - [2022-08-06 01:51:20,187] {dagbag.py:507} INFO - Filling up the DagBag from /home/airflow/.local/lib/python3.7/site-packages/airflow/example_dags/example_short_circuit_operator.py
[2022-08-06 01:51:20,193] {processor.py:651} INFO - DAG(s) dict_keys(['example_short_circuit_operator']) retrieved from /home/airflow/.local/lib/python3.7/site-packages/airflow/example_dags/example_short_circuit_operator.py
[2022-08-06 01:51:20,211] {logging_mixin.py:115} INFO - [2022-08-06 01:51:20,211] {dag.py:2371} INFO - Sync 1 DAGs
[2022-08-06 01:51:20,224] {logging_mixin.py:115} INFO - [2022-08-06 01:51:20,224] {dag.py:2919} INFO - Setting next_dagrun for example_short_circuit_operator to 2022-08-05T01:51:20.224173+00:00, run_after=2022-08-06T01:51:20.224173+00:00
[2022-08-06 01:51:20,233] {processor.py:161} INFO - Processing /home/airflow/.local/lib/python3.7/site-packages/airflow/example_dags/example_short_circuit_operator.py took 0.051 seconds
[2022-08-06 01:51:50,754] {processor.py:153} INFO - Started process (PID=2788) to work on /home/airflow/.local/lib/python3.7/site-packages/airflow/example_dags/example_short_circuit_operator.py
[2022-08-06 01:51:50,755] {processor.py:641} INFO - Processing file /home/airflow/.local/lib/python3.7/site-packages/airflow/example_dags/example_short_circuit_operator.py for tasks to queue
[2022-08-06 01:51:50,756] {logging_mixin.py:115} INFO - [2022-08-06 01:51:50,756] {dagbag.py:507} INFO - Filling up the DagBag from /home/airflow/.local/lib/python3.7/site-packages/airflow/example_dags/example_short_circuit_operator.py
[2022-08-06 01:51:50,762] {processor.py:651} INFO - DAG(s) dict_keys(['example_short_circuit_operator']) retrieved from /home/airflow/.local/lib/python3.7/site-packages/airflow/example_dags/example_short_circuit_operator.py
[2022-08-06 01:51:50,780] {logging_mixin.py:115} INFO - [2022-08-06 01:51:50,780] {dag.py:2371} INFO - Sync 1 DAGs
[2022-08-06 01:51:50,793] {logging_mixin.py:115} INFO - [2022-08-06 01:51:50,793] {dag.py:2919} INFO - Setting next_dagrun for example_short_circuit_operator to 2022-08-05T01:51:50.793437+00:00, run_after=2022-08-06T01:51:50.793437+00:00
[2022-08-06 01:51:50,801] {processor.py:161} INFO - Processing /home/airflow/.local/lib/python3.7/site-packages/airflow/example_dags/example_short_circuit_operator.py took 0.050 seconds
[2022-08-06 01:52:21,269] {processor.py:153} INFO - Started process (PID=2847) to work on /home/airflow/.local/lib/python3.7/site-packages/airflow/example_dags/example_short_circuit_operator.py
[2022-08-06 01:52:21,271] {processor.py:641} INFO - Processing file /home/airflow/.local/lib/python3.7/site-packages/airflow/example_dags/example_short_circuit_operator.py for tasks to queue
[2022-08-06 01:52:21,272] {logging_mixin.py:115} INFO - [2022-08-06 01:52:21,272] {dagbag.py:507} INFO - Filling up the DagBag from /home/airflow/.local/lib/python3.7/site-packages/airflow/example_dags/example_short_circuit_operator.py
[2022-08-06 01:52:21,279] {processor.py:651} INFO - DAG(s) dict_keys(['example_short_circuit_operator']) retrieved from /home/airflow/.local/lib/python3.7/site-packages/airflow/example_dags/example_short_circuit_operator.py
[2022-08-06 01:52:21,295] {logging_mixin.py:115} INFO - [2022-08-06 01:52:21,295] {dag.py:2371} INFO - Sync 1 DAGs
[2022-08-06 01:52:21,306] {logging_mixin.py:115} INFO - [2022-08-06 01:52:21,306] {dag.py:2919} INFO - Setting next_dagrun for example_short_circuit_operator to 2022-08-05T01:52:21.306358+00:00, run_after=2022-08-06T01:52:21.306358+00:00
[2022-08-06 01:52:21,312] {processor.py:161} INFO - Processing /home/airflow/.local/lib/python3.7/site-packages/airflow/example_dags/example_short_circuit_operator.py took 0.045 seconds
[2022-08-06 01:52:51,880] {processor.py:153} INFO - Started process (PID=2910) to work on /home/airflow/.local/lib/python3.7/site-packages/airflow/example_dags/example_short_circuit_operator.py
[2022-08-06 01:52:51,882] {processor.py:641} INFO - Processing file /home/airflow/.local/lib/python3.7/site-packages/airflow/example_dags/example_short_circuit_operator.py for tasks to queue
[2022-08-06 01:52:51,883] {logging_mixin.py:115} INFO - [2022-08-06 01:52:51,883] {dagbag.py:507} INFO - Filling up the DagBag from /home/airflow/.local/lib/python3.7/site-packages/airflow/example_dags/example_short_circuit_operator.py
[2022-08-06 01:52:51,889] {processor.py:651} INFO - DAG(s) dict_keys(['example_short_circuit_operator']) retrieved from /home/airflow/.local/lib/python3.7/site-packages/airflow/example_dags/example_short_circuit_operator.py
[2022-08-06 01:52:51,909] {logging_mixin.py:115} INFO - [2022-08-06 01:52:51,909] {dag.py:2371} INFO - Sync 1 DAGs
[2022-08-06 01:52:51,922] {logging_mixin.py:115} INFO - [2022-08-06 01:52:51,922] {dag.py:2919} INFO - Setting next_dagrun for example_short_circuit_operator to 2022-08-05T01:52:51.922537+00:00, run_after=2022-08-06T01:52:51.922537+00:00
[2022-08-06 01:52:51,930] {processor.py:161} INFO - Processing /home/airflow/.local/lib/python3.7/site-packages/airflow/example_dags/example_short_circuit_operator.py took 0.052 seconds
[2022-08-06 01:53:22,393] {processor.py:153} INFO - Started process (PID=2972) to work on /home/airflow/.local/lib/python3.7/site-packages/airflow/example_dags/example_short_circuit_operator.py
[2022-08-06 01:53:22,396] {processor.py:641} INFO - Processing file /home/airflow/.local/lib/python3.7/site-packages/airflow/example_dags/example_short_circuit_operator.py for tasks to queue
[2022-08-06 01:53:22,397] {logging_mixin.py:115} INFO - [2022-08-06 01:53:22,397] {dagbag.py:507} INFO - Filling up the DagBag from /home/airflow/.local/lib/python3.7/site-packages/airflow/example_dags/example_short_circuit_operator.py
[2022-08-06 01:53:22,405] {processor.py:651} INFO - DAG(s) dict_keys(['example_short_circuit_operator']) retrieved from /home/airflow/.local/lib/python3.7/site-packages/airflow/example_dags/example_short_circuit_operator.py
[2022-08-06 01:53:22,425] {logging_mixin.py:115} INFO - [2022-08-06 01:53:22,425] {dag.py:2371} INFO - Sync 1 DAGs
[2022-08-06 01:53:22,442] {logging_mixin.py:115} INFO - [2022-08-06 01:53:22,442] {dag.py:2919} INFO - Setting next_dagrun for example_short_circuit_operator to 2022-08-05T01:53:22.441902+00:00, run_after=2022-08-06T01:53:22.441902+00:00
[2022-08-06 01:53:22,453] {processor.py:161} INFO - Processing /home/airflow/.local/lib/python3.7/site-packages/airflow/example_dags/example_short_circuit_operator.py took 0.062 seconds
[2022-08-06 01:53:53,105] {processor.py:153} INFO - Started process (PID=3025) to work on /home/airflow/.local/lib/python3.7/site-packages/airflow/example_dags/example_short_circuit_operator.py
[2022-08-06 01:53:53,107] {processor.py:641} INFO - Processing file /home/airflow/.local/lib/python3.7/site-packages/airflow/example_dags/example_short_circuit_operator.py for tasks to queue
[2022-08-06 01:53:53,108] {logging_mixin.py:115} INFO - [2022-08-06 01:53:53,108] {dagbag.py:507} INFO - Filling up the DagBag from /home/airflow/.local/lib/python3.7/site-packages/airflow/example_dags/example_short_circuit_operator.py
[2022-08-06 01:53:53,114] {processor.py:651} INFO - DAG(s) dict_keys(['example_short_circuit_operator']) retrieved from /home/airflow/.local/lib/python3.7/site-packages/airflow/example_dags/example_short_circuit_operator.py
[2022-08-06 01:53:53,130] {logging_mixin.py:115} INFO - [2022-08-06 01:53:53,130] {dag.py:2371} INFO - Sync 1 DAGs
[2022-08-06 01:53:53,141] {logging_mixin.py:115} INFO - [2022-08-06 01:53:53,141] {dag.py:2919} INFO - Setting next_dagrun for example_short_circuit_operator to 2022-08-05T01:53:53.141122+00:00, run_after=2022-08-06T01:53:53.141122+00:00
[2022-08-06 01:53:53,147] {processor.py:161} INFO - Processing /home/airflow/.local/lib/python3.7/site-packages/airflow/example_dags/example_short_circuit_operator.py took 0.044 seconds
[2022-08-06 01:54:23,634] {processor.py:153} INFO - Started process (PID=3087) to work on /home/airflow/.local/lib/python3.7/site-packages/airflow/example_dags/example_short_circuit_operator.py
[2022-08-06 01:54:23,635] {processor.py:641} INFO - Processing file /home/airflow/.local/lib/python3.7/site-packages/airflow/example_dags/example_short_circuit_operator.py for tasks to queue
[2022-08-06 01:54:23,636] {logging_mixin.py:115} INFO - [2022-08-06 01:54:23,636] {dagbag.py:507} INFO - Filling up the DagBag from /home/airflow/.local/lib/python3.7/site-packages/airflow/example_dags/example_short_circuit_operator.py
[2022-08-06 01:54:23,641] {processor.py:651} INFO - DAG(s) dict_keys(['example_short_circuit_operator']) retrieved from /home/airflow/.local/lib/python3.7/site-packages/airflow/example_dags/example_short_circuit_operator.py
[2022-08-06 01:54:23,658] {logging_mixin.py:115} INFO - [2022-08-06 01:54:23,658] {dag.py:2371} INFO - Sync 1 DAGs
[2022-08-06 01:54:23,670] {logging_mixin.py:115} INFO - [2022-08-06 01:54:23,670] {dag.py:2919} INFO - Setting next_dagrun for example_short_circuit_operator to 2022-08-05T01:54:23.670263+00:00, run_after=2022-08-06T01:54:23.670263+00:00
[2022-08-06 01:54:23,677] {processor.py:161} INFO - Processing /home/airflow/.local/lib/python3.7/site-packages/airflow/example_dags/example_short_circuit_operator.py took 0.044 seconds
