[2022-08-06 00:01:55,475] {processor.py:153} INFO - Started process (PID=3448) to work on /home/airflow/.local/lib/python3.7/site-packages/airflow/example_dags/example_task_group_decorator.py
[2022-08-06 00:01:55,479] {processor.py:641} INFO - Processing file /home/airflow/.local/lib/python3.7/site-packages/airflow/example_dags/example_task_group_decorator.py for tasks to queue
[2022-08-06 00:01:55,483] {logging_mixin.py:115} INFO - [2022-08-06 00:01:55,482] {dagbag.py:507} INFO - Filling up the DagBag from /home/airflow/.local/lib/python3.7/site-packages/airflow/example_dags/example_task_group_decorator.py
[2022-08-06 00:01:55,509] {processor.py:651} INFO - DAG(s) dict_keys(['example_task_group_decorator']) retrieved from /home/airflow/.local/lib/python3.7/site-packages/airflow/example_dags/example_task_group_decorator.py
[2022-08-06 00:01:55,592] {logging_mixin.py:115} INFO - [2022-08-06 00:01:55,592] {dag.py:2371} INFO - Sync 1 DAGs
[2022-08-06 00:01:55,613] {logging_mixin.py:115} INFO - [2022-08-06 00:01:55,613] {dag.py:2919} INFO - Setting next_dagrun for example_task_group_decorator to 2022-08-05T00:01:55.613453+00:00, run_after=2022-08-06T00:01:55.613453+00:00
[2022-08-06 00:01:55,630] {processor.py:161} INFO - Processing /home/airflow/.local/lib/python3.7/site-packages/airflow/example_dags/example_task_group_decorator.py took 0.162 seconds
[2022-08-06 00:02:25,660] {processor.py:153} INFO - Started process (PID=3509) to work on /home/airflow/.local/lib/python3.7/site-packages/airflow/example_dags/example_task_group_decorator.py
[2022-08-06 00:02:25,661] {processor.py:641} INFO - Processing file /home/airflow/.local/lib/python3.7/site-packages/airflow/example_dags/example_task_group_decorator.py for tasks to queue
[2022-08-06 00:02:25,662] {logging_mixin.py:115} INFO - [2022-08-06 00:02:25,662] {dagbag.py:507} INFO - Filling up the DagBag from /home/airflow/.local/lib/python3.7/site-packages/airflow/example_dags/example_task_group_decorator.py
[2022-08-06 00:02:25,676] {processor.py:651} INFO - DAG(s) dict_keys(['example_task_group_decorator']) retrieved from /home/airflow/.local/lib/python3.7/site-packages/airflow/example_dags/example_task_group_decorator.py
[2022-08-06 00:02:25,712] {logging_mixin.py:115} INFO - [2022-08-06 00:02:25,712] {dag.py:2371} INFO - Sync 1 DAGs
[2022-08-06 00:02:25,724] {logging_mixin.py:115} INFO - [2022-08-06 00:02:25,724] {dag.py:2919} INFO - Setting next_dagrun for example_task_group_decorator to 2022-08-05T00:02:25.723926+00:00, run_after=2022-08-06T00:02:25.723926+00:00
[2022-08-06 00:02:25,732] {processor.py:161} INFO - Processing /home/airflow/.local/lib/python3.7/site-packages/airflow/example_dags/example_task_group_decorator.py took 0.075 seconds
[2022-08-06 00:02:56,114] {processor.py:153} INFO - Started process (PID=3570) to work on /home/airflow/.local/lib/python3.7/site-packages/airflow/example_dags/example_task_group_decorator.py
[2022-08-06 00:02:56,115] {processor.py:641} INFO - Processing file /home/airflow/.local/lib/python3.7/site-packages/airflow/example_dags/example_task_group_decorator.py for tasks to queue
[2022-08-06 00:02:56,116] {logging_mixin.py:115} INFO - [2022-08-06 00:02:56,116] {dagbag.py:507} INFO - Filling up the DagBag from /home/airflow/.local/lib/python3.7/site-packages/airflow/example_dags/example_task_group_decorator.py
[2022-08-06 00:02:56,129] {processor.py:651} INFO - DAG(s) dict_keys(['example_task_group_decorator']) retrieved from /home/airflow/.local/lib/python3.7/site-packages/airflow/example_dags/example_task_group_decorator.py
[2022-08-06 00:02:56,164] {logging_mixin.py:115} INFO - [2022-08-06 00:02:56,164] {dag.py:2371} INFO - Sync 1 DAGs
[2022-08-06 00:02:56,178] {logging_mixin.py:115} INFO - [2022-08-06 00:02:56,178] {dag.py:2919} INFO - Setting next_dagrun for example_task_group_decorator to 2022-08-05T00:02:56.178268+00:00, run_after=2022-08-06T00:02:56.178268+00:00
[2022-08-06 00:02:56,186] {processor.py:161} INFO - Processing /home/airflow/.local/lib/python3.7/site-packages/airflow/example_dags/example_task_group_decorator.py took 0.074 seconds
[2022-08-06 00:03:26,564] {processor.py:153} INFO - Started process (PID=3633) to work on /home/airflow/.local/lib/python3.7/site-packages/airflow/example_dags/example_task_group_decorator.py
[2022-08-06 00:03:26,565] {processor.py:641} INFO - Processing file /home/airflow/.local/lib/python3.7/site-packages/airflow/example_dags/example_task_group_decorator.py for tasks to queue
[2022-08-06 00:03:26,566] {logging_mixin.py:115} INFO - [2022-08-06 00:03:26,566] {dagbag.py:507} INFO - Filling up the DagBag from /home/airflow/.local/lib/python3.7/site-packages/airflow/example_dags/example_task_group_decorator.py
[2022-08-06 00:03:26,579] {processor.py:651} INFO - DAG(s) dict_keys(['example_task_group_decorator']) retrieved from /home/airflow/.local/lib/python3.7/site-packages/airflow/example_dags/example_task_group_decorator.py
[2022-08-06 00:03:26,623] {logging_mixin.py:115} INFO - [2022-08-06 00:03:26,623] {dag.py:2371} INFO - Sync 1 DAGs
[2022-08-06 00:03:26,634] {logging_mixin.py:115} INFO - [2022-08-06 00:03:26,634] {dag.py:2919} INFO - Setting next_dagrun for example_task_group_decorator to 2022-08-05T00:03:26.634152+00:00, run_after=2022-08-06T00:03:26.634152+00:00
[2022-08-06 00:03:26,641] {processor.py:161} INFO - Processing /home/airflow/.local/lib/python3.7/site-packages/airflow/example_dags/example_task_group_decorator.py took 0.079 seconds
[2022-08-06 00:03:57,124] {processor.py:153} INFO - Started process (PID=3695) to work on /home/airflow/.local/lib/python3.7/site-packages/airflow/example_dags/example_task_group_decorator.py
[2022-08-06 00:03:57,125] {processor.py:641} INFO - Processing file /home/airflow/.local/lib/python3.7/site-packages/airflow/example_dags/example_task_group_decorator.py for tasks to queue
[2022-08-06 00:03:57,126] {logging_mixin.py:115} INFO - [2022-08-06 00:03:57,126] {dagbag.py:507} INFO - Filling up the DagBag from /home/airflow/.local/lib/python3.7/site-packages/airflow/example_dags/example_task_group_decorator.py
[2022-08-06 00:03:57,142] {processor.py:651} INFO - DAG(s) dict_keys(['example_task_group_decorator']) retrieved from /home/airflow/.local/lib/python3.7/site-packages/airflow/example_dags/example_task_group_decorator.py
[2022-08-06 00:03:57,164] {logging_mixin.py:115} INFO - [2022-08-06 00:03:57,164] {dag.py:2371} INFO - Sync 1 DAGs
[2022-08-06 00:03:57,183] {logging_mixin.py:115} INFO - [2022-08-06 00:03:57,183] {dag.py:2919} INFO - Setting next_dagrun for example_task_group_decorator to 2022-08-05T00:03:57.183243+00:00, run_after=2022-08-06T00:03:57.183243+00:00
[2022-08-06 00:03:57,194] {processor.py:161} INFO - Processing /home/airflow/.local/lib/python3.7/site-packages/airflow/example_dags/example_task_group_decorator.py took 0.073 seconds
[2022-08-06 00:04:27,272] {processor.py:153} INFO - Started process (PID=3748) to work on /home/airflow/.local/lib/python3.7/site-packages/airflow/example_dags/example_task_group_decorator.py
[2022-08-06 00:04:27,273] {processor.py:641} INFO - Processing file /home/airflow/.local/lib/python3.7/site-packages/airflow/example_dags/example_task_group_decorator.py for tasks to queue
[2022-08-06 00:04:27,274] {logging_mixin.py:115} INFO - [2022-08-06 00:04:27,274] {dagbag.py:507} INFO - Filling up the DagBag from /home/airflow/.local/lib/python3.7/site-packages/airflow/example_dags/example_task_group_decorator.py
[2022-08-06 00:04:27,288] {processor.py:651} INFO - DAG(s) dict_keys(['example_task_group_decorator']) retrieved from /home/airflow/.local/lib/python3.7/site-packages/airflow/example_dags/example_task_group_decorator.py
[2022-08-06 00:04:27,306] {logging_mixin.py:115} INFO - [2022-08-06 00:04:27,306] {dag.py:2371} INFO - Sync 1 DAGs
[2022-08-06 00:04:27,320] {logging_mixin.py:115} INFO - [2022-08-06 00:04:27,320] {dag.py:2919} INFO - Setting next_dagrun for example_task_group_decorator to 2022-08-05T00:04:27.320667+00:00, run_after=2022-08-06T00:04:27.320667+00:00
[2022-08-06 00:04:27,328] {processor.py:161} INFO - Processing /home/airflow/.local/lib/python3.7/site-packages/airflow/example_dags/example_task_group_decorator.py took 0.058 seconds
[2022-08-06 00:04:58,221] {processor.py:153} INFO - Started process (PID=3810) to work on /home/airflow/.local/lib/python3.7/site-packages/airflow/example_dags/example_task_group_decorator.py
[2022-08-06 00:04:58,222] {processor.py:641} INFO - Processing file /home/airflow/.local/lib/python3.7/site-packages/airflow/example_dags/example_task_group_decorator.py for tasks to queue
[2022-08-06 00:04:58,223] {logging_mixin.py:115} INFO - [2022-08-06 00:04:58,223] {dagbag.py:507} INFO - Filling up the DagBag from /home/airflow/.local/lib/python3.7/site-packages/airflow/example_dags/example_task_group_decorator.py
[2022-08-06 00:04:58,237] {processor.py:651} INFO - DAG(s) dict_keys(['example_task_group_decorator']) retrieved from /home/airflow/.local/lib/python3.7/site-packages/airflow/example_dags/example_task_group_decorator.py
[2022-08-06 00:04:58,254] {logging_mixin.py:115} INFO - [2022-08-06 00:04:58,254] {dag.py:2371} INFO - Sync 1 DAGs
[2022-08-06 00:04:58,266] {logging_mixin.py:115} INFO - [2022-08-06 00:04:58,266] {dag.py:2919} INFO - Setting next_dagrun for example_task_group_decorator to 2022-08-05T00:04:58.266131+00:00, run_after=2022-08-06T00:04:58.266131+00:00
[2022-08-06 00:04:58,273] {processor.py:161} INFO - Processing /home/airflow/.local/lib/python3.7/site-packages/airflow/example_dags/example_task_group_decorator.py took 0.054 seconds
[2022-08-06 00:07:16,319] {processor.py:153} INFO - Started process (PID=58) to work on /home/airflow/.local/lib/python3.7/site-packages/airflow/example_dags/example_task_group_decorator.py
[2022-08-06 00:07:16,321] {processor.py:641} INFO - Processing file /home/airflow/.local/lib/python3.7/site-packages/airflow/example_dags/example_task_group_decorator.py for tasks to queue
[2022-08-06 00:07:16,323] {logging_mixin.py:115} INFO - [2022-08-06 00:07:16,323] {dagbag.py:507} INFO - Filling up the DagBag from /home/airflow/.local/lib/python3.7/site-packages/airflow/example_dags/example_task_group_decorator.py
[2022-08-06 00:07:16,352] {processor.py:651} INFO - DAG(s) dict_keys(['example_task_group_decorator']) retrieved from /home/airflow/.local/lib/python3.7/site-packages/airflow/example_dags/example_task_group_decorator.py
[2022-08-06 00:07:16,630] {logging_mixin.py:115} INFO - [2022-08-06 00:07:16,630] {dag.py:2371} INFO - Sync 1 DAGs
[2022-08-06 00:07:16,676] {logging_mixin.py:115} INFO - [2022-08-06 00:07:16,676] {dag.py:2919} INFO - Setting next_dagrun for example_task_group_decorator to 2022-08-05T00:07:16.676285+00:00, run_after=2022-08-06T00:07:16.676285+00:00
[2022-08-06 00:07:16,704] {processor.py:161} INFO - Processing /home/airflow/.local/lib/python3.7/site-packages/airflow/example_dags/example_task_group_decorator.py took 0.388 seconds
[2022-08-06 00:07:47,488] {processor.py:153} INFO - Started process (PID=113) to work on /home/airflow/.local/lib/python3.7/site-packages/airflow/example_dags/example_task_group_decorator.py
[2022-08-06 00:07:47,491] {processor.py:641} INFO - Processing file /home/airflow/.local/lib/python3.7/site-packages/airflow/example_dags/example_task_group_decorator.py for tasks to queue
[2022-08-06 00:07:47,493] {logging_mixin.py:115} INFO - [2022-08-06 00:07:47,493] {dagbag.py:507} INFO - Filling up the DagBag from /home/airflow/.local/lib/python3.7/site-packages/airflow/example_dags/example_task_group_decorator.py
[2022-08-06 00:07:47,519] {processor.py:651} INFO - DAG(s) dict_keys(['example_task_group_decorator']) retrieved from /home/airflow/.local/lib/python3.7/site-packages/airflow/example_dags/example_task_group_decorator.py
[2022-08-06 00:07:47,647] {logging_mixin.py:115} INFO - [2022-08-06 00:07:47,647] {dag.py:2371} INFO - Sync 1 DAGs
[2022-08-06 00:07:47,658] {logging_mixin.py:115} INFO - [2022-08-06 00:07:47,658] {dag.py:2919} INFO - Setting next_dagrun for example_task_group_decorator to 2022-08-05T00:07:47.658817+00:00, run_after=2022-08-06T00:07:47.658817+00:00
[2022-08-06 00:07:47,668] {processor.py:161} INFO - Processing /home/airflow/.local/lib/python3.7/site-packages/airflow/example_dags/example_task_group_decorator.py took 0.186 seconds
[2022-08-06 00:08:18,489] {processor.py:153} INFO - Started process (PID=174) to work on /home/airflow/.local/lib/python3.7/site-packages/airflow/example_dags/example_task_group_decorator.py
[2022-08-06 00:08:18,496] {processor.py:641} INFO - Processing file /home/airflow/.local/lib/python3.7/site-packages/airflow/example_dags/example_task_group_decorator.py for tasks to queue
[2022-08-06 00:08:18,498] {logging_mixin.py:115} INFO - [2022-08-06 00:08:18,498] {dagbag.py:507} INFO - Filling up the DagBag from /home/airflow/.local/lib/python3.7/site-packages/airflow/example_dags/example_task_group_decorator.py
[2022-08-06 00:08:18,520] {processor.py:651} INFO - DAG(s) dict_keys(['example_task_group_decorator']) retrieved from /home/airflow/.local/lib/python3.7/site-packages/airflow/example_dags/example_task_group_decorator.py
[2022-08-06 00:08:18,640] {logging_mixin.py:115} INFO - [2022-08-06 00:08:18,640] {dag.py:2371} INFO - Sync 1 DAGs
[2022-08-06 00:08:18,651] {logging_mixin.py:115} INFO - [2022-08-06 00:08:18,651] {dag.py:2919} INFO - Setting next_dagrun for example_task_group_decorator to 2022-08-05T00:08:18.651396+00:00, run_after=2022-08-06T00:08:18.651396+00:00
[2022-08-06 00:08:18,660] {processor.py:161} INFO - Processing /home/airflow/.local/lib/python3.7/site-packages/airflow/example_dags/example_task_group_decorator.py took 0.177 seconds
[2022-08-06 00:08:49,027] {processor.py:153} INFO - Started process (PID=236) to work on /home/airflow/.local/lib/python3.7/site-packages/airflow/example_dags/example_task_group_decorator.py
[2022-08-06 00:08:49,030] {processor.py:641} INFO - Processing file /home/airflow/.local/lib/python3.7/site-packages/airflow/example_dags/example_task_group_decorator.py for tasks to queue
[2022-08-06 00:08:49,032] {logging_mixin.py:115} INFO - [2022-08-06 00:08:49,032] {dagbag.py:507} INFO - Filling up the DagBag from /home/airflow/.local/lib/python3.7/site-packages/airflow/example_dags/example_task_group_decorator.py
[2022-08-06 00:08:49,057] {processor.py:651} INFO - DAG(s) dict_keys(['example_task_group_decorator']) retrieved from /home/airflow/.local/lib/python3.7/site-packages/airflow/example_dags/example_task_group_decorator.py
[2022-08-06 00:08:49,228] {logging_mixin.py:115} INFO - [2022-08-06 00:08:49,227] {dag.py:2371} INFO - Sync 1 DAGs
[2022-08-06 00:08:49,239] {logging_mixin.py:115} INFO - [2022-08-06 00:08:49,239] {dag.py:2919} INFO - Setting next_dagrun for example_task_group_decorator to 2022-08-05T00:08:49.239495+00:00, run_after=2022-08-06T00:08:49.239495+00:00
[2022-08-06 00:08:49,249] {processor.py:161} INFO - Processing /home/airflow/.local/lib/python3.7/site-packages/airflow/example_dags/example_task_group_decorator.py took 0.228 seconds
[2022-08-06 00:09:19,708] {processor.py:153} INFO - Started process (PID=298) to work on /home/airflow/.local/lib/python3.7/site-packages/airflow/example_dags/example_task_group_decorator.py
[2022-08-06 00:09:19,711] {processor.py:641} INFO - Processing file /home/airflow/.local/lib/python3.7/site-packages/airflow/example_dags/example_task_group_decorator.py for tasks to queue
[2022-08-06 00:09:19,712] {logging_mixin.py:115} INFO - [2022-08-06 00:09:19,712] {dagbag.py:507} INFO - Filling up the DagBag from /home/airflow/.local/lib/python3.7/site-packages/airflow/example_dags/example_task_group_decorator.py
[2022-08-06 00:09:19,729] {processor.py:651} INFO - DAG(s) dict_keys(['example_task_group_decorator']) retrieved from /home/airflow/.local/lib/python3.7/site-packages/airflow/example_dags/example_task_group_decorator.py
[2022-08-06 00:09:19,746] {logging_mixin.py:115} INFO - [2022-08-06 00:09:19,746] {dag.py:2371} INFO - Sync 1 DAGs
[2022-08-06 00:09:19,849] {logging_mixin.py:115} INFO - [2022-08-06 00:09:19,849] {dag.py:2919} INFO - Setting next_dagrun for example_task_group_decorator to 2022-08-05T00:09:19.849688+00:00, run_after=2022-08-06T00:09:19.849688+00:00
[2022-08-06 00:09:19,857] {processor.py:161} INFO - Processing /home/airflow/.local/lib/python3.7/site-packages/airflow/example_dags/example_task_group_decorator.py took 0.151 seconds
[2022-08-06 00:09:50,425] {processor.py:153} INFO - Started process (PID=360) to work on /home/airflow/.local/lib/python3.7/site-packages/airflow/example_dags/example_task_group_decorator.py
[2022-08-06 00:09:50,427] {processor.py:641} INFO - Processing file /home/airflow/.local/lib/python3.7/site-packages/airflow/example_dags/example_task_group_decorator.py for tasks to queue
[2022-08-06 00:09:50,428] {logging_mixin.py:115} INFO - [2022-08-06 00:09:50,428] {dagbag.py:507} INFO - Filling up the DagBag from /home/airflow/.local/lib/python3.7/site-packages/airflow/example_dags/example_task_group_decorator.py
[2022-08-06 00:09:50,443] {processor.py:651} INFO - DAG(s) dict_keys(['example_task_group_decorator']) retrieved from /home/airflow/.local/lib/python3.7/site-packages/airflow/example_dags/example_task_group_decorator.py
[2022-08-06 00:09:50,580] {logging_mixin.py:115} INFO - [2022-08-06 00:09:50,580] {dag.py:2371} INFO - Sync 1 DAGs
[2022-08-06 00:09:50,592] {logging_mixin.py:115} INFO - [2022-08-06 00:09:50,592] {dag.py:2919} INFO - Setting next_dagrun for example_task_group_decorator to 2022-08-05T00:09:50.592480+00:00, run_after=2022-08-06T00:09:50.592480+00:00
[2022-08-06 00:09:50,602] {processor.py:161} INFO - Processing /home/airflow/.local/lib/python3.7/site-packages/airflow/example_dags/example_task_group_decorator.py took 0.179 seconds
[2022-08-06 00:10:21,196] {processor.py:153} INFO - Started process (PID=423) to work on /home/airflow/.local/lib/python3.7/site-packages/airflow/example_dags/example_task_group_decorator.py
[2022-08-06 00:10:21,199] {processor.py:641} INFO - Processing file /home/airflow/.local/lib/python3.7/site-packages/airflow/example_dags/example_task_group_decorator.py for tasks to queue
[2022-08-06 00:10:21,202] {logging_mixin.py:115} INFO - [2022-08-06 00:10:21,202] {dagbag.py:507} INFO - Filling up the DagBag from /home/airflow/.local/lib/python3.7/site-packages/airflow/example_dags/example_task_group_decorator.py
[2022-08-06 00:10:21,225] {processor.py:651} INFO - DAG(s) dict_keys(['example_task_group_decorator']) retrieved from /home/airflow/.local/lib/python3.7/site-packages/airflow/example_dags/example_task_group_decorator.py
[2022-08-06 00:10:21,246] {logging_mixin.py:115} INFO - [2022-08-06 00:10:21,246] {dag.py:2371} INFO - Sync 1 DAGs
[2022-08-06 00:10:21,367] {logging_mixin.py:115} INFO - [2022-08-06 00:10:21,367] {dag.py:2919} INFO - Setting next_dagrun for example_task_group_decorator to 2022-08-05T00:10:21.366915+00:00, run_after=2022-08-06T00:10:21.366915+00:00
[2022-08-06 00:10:21,379] {processor.py:161} INFO - Processing /home/airflow/.local/lib/python3.7/site-packages/airflow/example_dags/example_task_group_decorator.py took 0.190 seconds
[2022-08-06 00:10:51,947] {processor.py:153} INFO - Started process (PID=475) to work on /home/airflow/.local/lib/python3.7/site-packages/airflow/example_dags/example_task_group_decorator.py
[2022-08-06 00:10:51,950] {processor.py:641} INFO - Processing file /home/airflow/.local/lib/python3.7/site-packages/airflow/example_dags/example_task_group_decorator.py for tasks to queue
[2022-08-06 00:10:51,951] {logging_mixin.py:115} INFO - [2022-08-06 00:10:51,951] {dagbag.py:507} INFO - Filling up the DagBag from /home/airflow/.local/lib/python3.7/site-packages/airflow/example_dags/example_task_group_decorator.py
[2022-08-06 00:10:51,995] {processor.py:651} INFO - DAG(s) dict_keys(['example_task_group_decorator']) retrieved from /home/airflow/.local/lib/python3.7/site-packages/airflow/example_dags/example_task_group_decorator.py
[2022-08-06 00:10:52,134] {logging_mixin.py:115} INFO - [2022-08-06 00:10:52,134] {dag.py:2371} INFO - Sync 1 DAGs
[2022-08-06 00:10:52,154] {logging_mixin.py:115} INFO - [2022-08-06 00:10:52,154] {dag.py:2919} INFO - Setting next_dagrun for example_task_group_decorator to 2022-08-05T00:10:52.154225+00:00, run_after=2022-08-06T00:10:52.154225+00:00
[2022-08-06 00:10:52,165] {processor.py:161} INFO - Processing /home/airflow/.local/lib/python3.7/site-packages/airflow/example_dags/example_task_group_decorator.py took 0.223 seconds
[2022-08-06 00:11:22,832] {processor.py:153} INFO - Started process (PID=536) to work on /home/airflow/.local/lib/python3.7/site-packages/airflow/example_dags/example_task_group_decorator.py
[2022-08-06 00:11:22,834] {processor.py:641} INFO - Processing file /home/airflow/.local/lib/python3.7/site-packages/airflow/example_dags/example_task_group_decorator.py for tasks to queue
[2022-08-06 00:11:22,835] {logging_mixin.py:115} INFO - [2022-08-06 00:11:22,835] {dagbag.py:507} INFO - Filling up the DagBag from /home/airflow/.local/lib/python3.7/site-packages/airflow/example_dags/example_task_group_decorator.py
[2022-08-06 00:11:22,849] {processor.py:651} INFO - DAG(s) dict_keys(['example_task_group_decorator']) retrieved from /home/airflow/.local/lib/python3.7/site-packages/airflow/example_dags/example_task_group_decorator.py
[2022-08-06 00:11:22,964] {logging_mixin.py:115} INFO - [2022-08-06 00:11:22,964] {dag.py:2371} INFO - Sync 1 DAGs
[2022-08-06 00:11:22,975] {logging_mixin.py:115} INFO - [2022-08-06 00:11:22,975] {dag.py:2919} INFO - Setting next_dagrun for example_task_group_decorator to 2022-08-05T00:11:22.975266+00:00, run_after=2022-08-06T00:11:22.975266+00:00
[2022-08-06 00:11:22,984] {processor.py:161} INFO - Processing /home/airflow/.local/lib/python3.7/site-packages/airflow/example_dags/example_task_group_decorator.py took 0.154 seconds
[2022-08-06 00:11:53,397] {processor.py:153} INFO - Started process (PID=598) to work on /home/airflow/.local/lib/python3.7/site-packages/airflow/example_dags/example_task_group_decorator.py
[2022-08-06 00:11:53,398] {processor.py:641} INFO - Processing file /home/airflow/.local/lib/python3.7/site-packages/airflow/example_dags/example_task_group_decorator.py for tasks to queue
[2022-08-06 00:11:53,400] {logging_mixin.py:115} INFO - [2022-08-06 00:11:53,400] {dagbag.py:507} INFO - Filling up the DagBag from /home/airflow/.local/lib/python3.7/site-packages/airflow/example_dags/example_task_group_decorator.py
[2022-08-06 00:11:53,418] {processor.py:651} INFO - DAG(s) dict_keys(['example_task_group_decorator']) retrieved from /home/airflow/.local/lib/python3.7/site-packages/airflow/example_dags/example_task_group_decorator.py
[2022-08-06 00:11:53,435] {logging_mixin.py:115} INFO - [2022-08-06 00:11:53,435] {dag.py:2371} INFO - Sync 1 DAGs
[2022-08-06 00:11:53,528] {logging_mixin.py:115} INFO - [2022-08-06 00:11:53,528] {dag.py:2919} INFO - Setting next_dagrun for example_task_group_decorator to 2022-08-05T00:11:53.528404+00:00, run_after=2022-08-06T00:11:53.528404+00:00
[2022-08-06 00:11:53,536] {processor.py:161} INFO - Processing /home/airflow/.local/lib/python3.7/site-packages/airflow/example_dags/example_task_group_decorator.py took 0.143 seconds
[2022-08-06 00:12:24,098] {processor.py:153} INFO - Started process (PID=660) to work on /home/airflow/.local/lib/python3.7/site-packages/airflow/example_dags/example_task_group_decorator.py
[2022-08-06 00:12:24,100] {processor.py:641} INFO - Processing file /home/airflow/.local/lib/python3.7/site-packages/airflow/example_dags/example_task_group_decorator.py for tasks to queue
[2022-08-06 00:12:24,102] {logging_mixin.py:115} INFO - [2022-08-06 00:12:24,102] {dagbag.py:507} INFO - Filling up the DagBag from /home/airflow/.local/lib/python3.7/site-packages/airflow/example_dags/example_task_group_decorator.py
[2022-08-06 00:12:24,133] {processor.py:651} INFO - DAG(s) dict_keys(['example_task_group_decorator']) retrieved from /home/airflow/.local/lib/python3.7/site-packages/airflow/example_dags/example_task_group_decorator.py
[2022-08-06 00:12:24,264] {logging_mixin.py:115} INFO - [2022-08-06 00:12:24,264] {dag.py:2371} INFO - Sync 1 DAGs
[2022-08-06 00:12:24,280] {logging_mixin.py:115} INFO - [2022-08-06 00:12:24,280] {dag.py:2919} INFO - Setting next_dagrun for example_task_group_decorator to 2022-08-05T00:12:24.280439+00:00, run_after=2022-08-06T00:12:24.280439+00:00
[2022-08-06 00:12:24,288] {processor.py:161} INFO - Processing /home/airflow/.local/lib/python3.7/site-packages/airflow/example_dags/example_task_group_decorator.py took 0.195 seconds
[2022-08-06 00:12:55,145] {processor.py:153} INFO - Started process (PID=723) to work on /home/airflow/.local/lib/python3.7/site-packages/airflow/example_dags/example_task_group_decorator.py
[2022-08-06 00:12:55,149] {processor.py:641} INFO - Processing file /home/airflow/.local/lib/python3.7/site-packages/airflow/example_dags/example_task_group_decorator.py for tasks to queue
[2022-08-06 00:12:55,151] {logging_mixin.py:115} INFO - [2022-08-06 00:12:55,151] {dagbag.py:507} INFO - Filling up the DagBag from /home/airflow/.local/lib/python3.7/site-packages/airflow/example_dags/example_task_group_decorator.py
[2022-08-06 00:12:55,172] {processor.py:651} INFO - DAG(s) dict_keys(['example_task_group_decorator']) retrieved from /home/airflow/.local/lib/python3.7/site-packages/airflow/example_dags/example_task_group_decorator.py
[2022-08-06 00:12:55,284] {logging_mixin.py:115} INFO - [2022-08-06 00:12:55,284] {dag.py:2371} INFO - Sync 1 DAGs
[2022-08-06 00:12:55,295] {logging_mixin.py:115} INFO - [2022-08-06 00:12:55,295] {dag.py:2919} INFO - Setting next_dagrun for example_task_group_decorator to 2022-08-05T00:12:55.295678+00:00, run_after=2022-08-06T00:12:55.295678+00:00
[2022-08-06 00:12:55,303] {processor.py:161} INFO - Processing /home/airflow/.local/lib/python3.7/site-packages/airflow/example_dags/example_task_group_decorator.py took 0.164 seconds
[2022-08-06 00:13:26,102] {processor.py:153} INFO - Started process (PID=785) to work on /home/airflow/.local/lib/python3.7/site-packages/airflow/example_dags/example_task_group_decorator.py
[2022-08-06 00:13:26,105] {processor.py:641} INFO - Processing file /home/airflow/.local/lib/python3.7/site-packages/airflow/example_dags/example_task_group_decorator.py for tasks to queue
[2022-08-06 00:13:26,106] {logging_mixin.py:115} INFO - [2022-08-06 00:13:26,106] {dagbag.py:507} INFO - Filling up the DagBag from /home/airflow/.local/lib/python3.7/site-packages/airflow/example_dags/example_task_group_decorator.py
[2022-08-06 00:13:26,128] {processor.py:651} INFO - DAG(s) dict_keys(['example_task_group_decorator']) retrieved from /home/airflow/.local/lib/python3.7/site-packages/airflow/example_dags/example_task_group_decorator.py
[2022-08-06 00:13:26,149] {logging_mixin.py:115} INFO - [2022-08-06 00:13:26,149] {dag.py:2371} INFO - Sync 1 DAGs
[2022-08-06 00:13:26,232] {logging_mixin.py:115} INFO - [2022-08-06 00:13:26,231] {dag.py:2919} INFO - Setting next_dagrun for example_task_group_decorator to 2022-08-05T00:13:26.231832+00:00, run_after=2022-08-06T00:13:26.231832+00:00
[2022-08-06 00:13:26,239] {processor.py:161} INFO - Processing /home/airflow/.local/lib/python3.7/site-packages/airflow/example_dags/example_task_group_decorator.py took 0.140 seconds
[2022-08-06 00:13:57,047] {processor.py:153} INFO - Started process (PID=846) to work on /home/airflow/.local/lib/python3.7/site-packages/airflow/example_dags/example_task_group_decorator.py
[2022-08-06 00:13:57,048] {processor.py:641} INFO - Processing file /home/airflow/.local/lib/python3.7/site-packages/airflow/example_dags/example_task_group_decorator.py for tasks to queue
[2022-08-06 00:13:57,049] {logging_mixin.py:115} INFO - [2022-08-06 00:13:57,049] {dagbag.py:507} INFO - Filling up the DagBag from /home/airflow/.local/lib/python3.7/site-packages/airflow/example_dags/example_task_group_decorator.py
[2022-08-06 00:13:57,064] {processor.py:651} INFO - DAG(s) dict_keys(['example_task_group_decorator']) retrieved from /home/airflow/.local/lib/python3.7/site-packages/airflow/example_dags/example_task_group_decorator.py
[2022-08-06 00:13:57,180] {logging_mixin.py:115} INFO - [2022-08-06 00:13:57,180] {dag.py:2371} INFO - Sync 1 DAGs
[2022-08-06 00:13:57,191] {logging_mixin.py:115} INFO - [2022-08-06 00:13:57,191] {dag.py:2919} INFO - Setting next_dagrun for example_task_group_decorator to 2022-08-05T00:13:57.191573+00:00, run_after=2022-08-06T00:13:57.191573+00:00
[2022-08-06 00:13:57,199] {processor.py:161} INFO - Processing /home/airflow/.local/lib/python3.7/site-packages/airflow/example_dags/example_task_group_decorator.py took 0.154 seconds
[2022-08-06 00:14:27,733] {processor.py:153} INFO - Started process (PID=900) to work on /home/airflow/.local/lib/python3.7/site-packages/airflow/example_dags/example_task_group_decorator.py
[2022-08-06 00:14:27,736] {processor.py:641} INFO - Processing file /home/airflow/.local/lib/python3.7/site-packages/airflow/example_dags/example_task_group_decorator.py for tasks to queue
[2022-08-06 00:14:27,738] {logging_mixin.py:115} INFO - [2022-08-06 00:14:27,738] {dagbag.py:507} INFO - Filling up the DagBag from /home/airflow/.local/lib/python3.7/site-packages/airflow/example_dags/example_task_group_decorator.py
[2022-08-06 00:14:27,762] {processor.py:651} INFO - DAG(s) dict_keys(['example_task_group_decorator']) retrieved from /home/airflow/.local/lib/python3.7/site-packages/airflow/example_dags/example_task_group_decorator.py
[2022-08-06 00:14:27,790] {logging_mixin.py:115} INFO - [2022-08-06 00:14:27,790] {dag.py:2371} INFO - Sync 1 DAGs
[2022-08-06 00:14:27,889] {logging_mixin.py:115} INFO - [2022-08-06 00:14:27,889] {dag.py:2919} INFO - Setting next_dagrun for example_task_group_decorator to 2022-08-05T00:14:27.889420+00:00, run_after=2022-08-06T00:14:27.889420+00:00
[2022-08-06 00:14:27,898] {processor.py:161} INFO - Processing /home/airflow/.local/lib/python3.7/site-packages/airflow/example_dags/example_task_group_decorator.py took 0.171 seconds
[2022-08-06 00:14:58,755] {processor.py:153} INFO - Started process (PID=962) to work on /home/airflow/.local/lib/python3.7/site-packages/airflow/example_dags/example_task_group_decorator.py
[2022-08-06 00:14:58,757] {processor.py:641} INFO - Processing file /home/airflow/.local/lib/python3.7/site-packages/airflow/example_dags/example_task_group_decorator.py for tasks to queue
[2022-08-06 00:14:58,758] {logging_mixin.py:115} INFO - [2022-08-06 00:14:58,758] {dagbag.py:507} INFO - Filling up the DagBag from /home/airflow/.local/lib/python3.7/site-packages/airflow/example_dags/example_task_group_decorator.py
[2022-08-06 00:14:58,781] {processor.py:651} INFO - DAG(s) dict_keys(['example_task_group_decorator']) retrieved from /home/airflow/.local/lib/python3.7/site-packages/airflow/example_dags/example_task_group_decorator.py
[2022-08-06 00:14:58,903] {logging_mixin.py:115} INFO - [2022-08-06 00:14:58,903] {dag.py:2371} INFO - Sync 1 DAGs
[2022-08-06 00:14:58,915] {logging_mixin.py:115} INFO - [2022-08-06 00:14:58,915] {dag.py:2919} INFO - Setting next_dagrun for example_task_group_decorator to 2022-08-05T00:14:58.914942+00:00, run_after=2022-08-06T00:14:58.914942+00:00
[2022-08-06 00:14:58,924] {processor.py:161} INFO - Processing /home/airflow/.local/lib/python3.7/site-packages/airflow/example_dags/example_task_group_decorator.py took 0.174 seconds
[2022-08-06 00:15:29,708] {processor.py:153} INFO - Started process (PID=1023) to work on /home/airflow/.local/lib/python3.7/site-packages/airflow/example_dags/example_task_group_decorator.py
[2022-08-06 00:15:29,712] {processor.py:641} INFO - Processing file /home/airflow/.local/lib/python3.7/site-packages/airflow/example_dags/example_task_group_decorator.py for tasks to queue
[2022-08-06 00:15:29,713] {logging_mixin.py:115} INFO - [2022-08-06 00:15:29,713] {dagbag.py:507} INFO - Filling up the DagBag from /home/airflow/.local/lib/python3.7/site-packages/airflow/example_dags/example_task_group_decorator.py
[2022-08-06 00:15:29,732] {processor.py:651} INFO - DAG(s) dict_keys(['example_task_group_decorator']) retrieved from /home/airflow/.local/lib/python3.7/site-packages/airflow/example_dags/example_task_group_decorator.py
[2022-08-06 00:15:29,842] {logging_mixin.py:115} INFO - [2022-08-06 00:15:29,842] {dag.py:2371} INFO - Sync 1 DAGs
[2022-08-06 00:15:29,853] {logging_mixin.py:115} INFO - [2022-08-06 00:15:29,853] {dag.py:2919} INFO - Setting next_dagrun for example_task_group_decorator to 2022-08-05T00:15:29.853710+00:00, run_after=2022-08-06T00:15:29.853710+00:00
[2022-08-06 00:15:29,862] {processor.py:161} INFO - Processing /home/airflow/.local/lib/python3.7/site-packages/airflow/example_dags/example_task_group_decorator.py took 0.157 seconds
[2022-08-06 00:16:00,456] {processor.py:153} INFO - Started process (PID=1085) to work on /home/airflow/.local/lib/python3.7/site-packages/airflow/example_dags/example_task_group_decorator.py
[2022-08-06 00:16:00,458] {processor.py:641} INFO - Processing file /home/airflow/.local/lib/python3.7/site-packages/airflow/example_dags/example_task_group_decorator.py for tasks to queue
[2022-08-06 00:16:00,460] {logging_mixin.py:115} INFO - [2022-08-06 00:16:00,460] {dagbag.py:507} INFO - Filling up the DagBag from /home/airflow/.local/lib/python3.7/site-packages/airflow/example_dags/example_task_group_decorator.py
[2022-08-06 00:16:00,484] {processor.py:651} INFO - DAG(s) dict_keys(['example_task_group_decorator']) retrieved from /home/airflow/.local/lib/python3.7/site-packages/airflow/example_dags/example_task_group_decorator.py
[2022-08-06 00:16:00,600] {logging_mixin.py:115} INFO - [2022-08-06 00:16:00,600] {dag.py:2371} INFO - Sync 1 DAGs
[2022-08-06 00:16:00,611] {logging_mixin.py:115} INFO - [2022-08-06 00:16:00,611] {dag.py:2919} INFO - Setting next_dagrun for example_task_group_decorator to 2022-08-05T00:16:00.611591+00:00, run_after=2022-08-06T00:16:00.611591+00:00
[2022-08-06 00:16:00,619] {processor.py:161} INFO - Processing /home/airflow/.local/lib/python3.7/site-packages/airflow/example_dags/example_task_group_decorator.py took 0.167 seconds
[2022-08-06 00:16:31,348] {processor.py:153} INFO - Started process (PID=1147) to work on /home/airflow/.local/lib/python3.7/site-packages/airflow/example_dags/example_task_group_decorator.py
[2022-08-06 00:16:31,352] {processor.py:641} INFO - Processing file /home/airflow/.local/lib/python3.7/site-packages/airflow/example_dags/example_task_group_decorator.py for tasks to queue
[2022-08-06 00:16:31,354] {logging_mixin.py:115} INFO - [2022-08-06 00:16:31,354] {dagbag.py:507} INFO - Filling up the DagBag from /home/airflow/.local/lib/python3.7/site-packages/airflow/example_dags/example_task_group_decorator.py
[2022-08-06 00:16:31,377] {processor.py:651} INFO - DAG(s) dict_keys(['example_task_group_decorator']) retrieved from /home/airflow/.local/lib/python3.7/site-packages/airflow/example_dags/example_task_group_decorator.py
[2022-08-06 00:16:31,399] {logging_mixin.py:115} INFO - [2022-08-06 00:16:31,399] {dag.py:2371} INFO - Sync 1 DAGs
[2022-08-06 00:16:31,484] {logging_mixin.py:115} INFO - [2022-08-06 00:16:31,484] {dag.py:2919} INFO - Setting next_dagrun for example_task_group_decorator to 2022-08-05T00:16:31.483999+00:00, run_after=2022-08-06T00:16:31.483999+00:00
[2022-08-06 00:16:31,492] {processor.py:161} INFO - Processing /home/airflow/.local/lib/python3.7/site-packages/airflow/example_dags/example_task_group_decorator.py took 0.149 seconds
[2022-08-06 00:34:33,003] {processor.py:153} INFO - Started process (PID=1201) to work on /home/airflow/.local/lib/python3.7/site-packages/airflow/example_dags/example_task_group_decorator.py
[2022-08-06 00:34:33,005] {processor.py:641} INFO - Processing file /home/airflow/.local/lib/python3.7/site-packages/airflow/example_dags/example_task_group_decorator.py for tasks to queue
[2022-08-06 00:34:33,006] {logging_mixin.py:115} INFO - [2022-08-06 00:34:33,006] {dagbag.py:507} INFO - Filling up the DagBag from /home/airflow/.local/lib/python3.7/site-packages/airflow/example_dags/example_task_group_decorator.py
[2022-08-06 00:34:33,023] {processor.py:651} INFO - DAG(s) dict_keys(['example_task_group_decorator']) retrieved from /home/airflow/.local/lib/python3.7/site-packages/airflow/example_dags/example_task_group_decorator.py
[2022-08-06 00:34:33,160] {logging_mixin.py:115} INFO - [2022-08-06 00:34:33,159] {dag.py:2371} INFO - Sync 1 DAGs
[2022-08-06 00:34:33,175] {logging_mixin.py:115} INFO - [2022-08-06 00:34:33,175] {dag.py:2919} INFO - Setting next_dagrun for example_task_group_decorator to 2022-08-05T00:34:33.175577+00:00, run_after=2022-08-06T00:34:33.175577+00:00
[2022-08-06 00:34:33,186] {processor.py:161} INFO - Processing /home/airflow/.local/lib/python3.7/site-packages/airflow/example_dags/example_task_group_decorator.py took 0.185 seconds
[2022-08-06 01:23:26,387] {processor.py:153} INFO - Started process (PID=1262) to work on /home/airflow/.local/lib/python3.7/site-packages/airflow/example_dags/example_task_group_decorator.py
[2022-08-06 01:23:26,388] {processor.py:641} INFO - Processing file /home/airflow/.local/lib/python3.7/site-packages/airflow/example_dags/example_task_group_decorator.py for tasks to queue
[2022-08-06 01:23:26,389] {logging_mixin.py:115} INFO - [2022-08-06 01:23:26,389] {dagbag.py:507} INFO - Filling up the DagBag from /home/airflow/.local/lib/python3.7/site-packages/airflow/example_dags/example_task_group_decorator.py
[2022-08-06 01:23:26,410] {processor.py:651} INFO - DAG(s) dict_keys(['example_task_group_decorator']) retrieved from /home/airflow/.local/lib/python3.7/site-packages/airflow/example_dags/example_task_group_decorator.py
[2022-08-06 01:23:26,599] {logging_mixin.py:115} INFO - [2022-08-06 01:23:26,599] {dag.py:2371} INFO - Sync 1 DAGs
[2022-08-06 01:23:26,612] {logging_mixin.py:115} INFO - [2022-08-06 01:23:26,612] {dag.py:2919} INFO - Setting next_dagrun for example_task_group_decorator to 2022-08-05T01:23:26.612667+00:00, run_after=2022-08-06T01:23:26.612667+00:00
[2022-08-06 01:23:26,625] {processor.py:161} INFO - Processing /home/airflow/.local/lib/python3.7/site-packages/airflow/example_dags/example_task_group_decorator.py took 0.240 seconds
[2022-08-06 01:39:34,239] {processor.py:153} INFO - Started process (PID=1325) to work on /home/airflow/.local/lib/python3.7/site-packages/airflow/example_dags/example_task_group_decorator.py
[2022-08-06 01:39:34,245] {processor.py:641} INFO - Processing file /home/airflow/.local/lib/python3.7/site-packages/airflow/example_dags/example_task_group_decorator.py for tasks to queue
[2022-08-06 01:39:34,249] {logging_mixin.py:115} INFO - [2022-08-06 01:39:34,249] {dagbag.py:507} INFO - Filling up the DagBag from /home/airflow/.local/lib/python3.7/site-packages/airflow/example_dags/example_task_group_decorator.py
[2022-08-06 01:39:34,405] {processor.py:651} INFO - DAG(s) dict_keys(['example_task_group_decorator']) retrieved from /home/airflow/.local/lib/python3.7/site-packages/airflow/example_dags/example_task_group_decorator.py
[2022-08-06 01:39:34,457] {logging_mixin.py:115} INFO - [2022-08-06 01:39:34,457] {dag.py:2371} INFO - Sync 1 DAGs
[2022-08-06 01:39:34,472] {logging_mixin.py:115} INFO - [2022-08-06 01:39:34,472] {dag.py:2919} INFO - Setting next_dagrun for example_task_group_decorator to 2022-08-05T01:39:34.472523+00:00, run_after=2022-08-06T01:39:34.472523+00:00
[2022-08-06 01:39:34,485] {processor.py:161} INFO - Processing /home/airflow/.local/lib/python3.7/site-packages/airflow/example_dags/example_task_group_decorator.py took 0.251 seconds
[2022-08-06 01:40:05,215] {processor.py:153} INFO - Started process (PID=1387) to work on /home/airflow/.local/lib/python3.7/site-packages/airflow/example_dags/example_task_group_decorator.py
[2022-08-06 01:40:05,216] {processor.py:641} INFO - Processing file /home/airflow/.local/lib/python3.7/site-packages/airflow/example_dags/example_task_group_decorator.py for tasks to queue
[2022-08-06 01:40:05,217] {logging_mixin.py:115} INFO - [2022-08-06 01:40:05,217] {dagbag.py:507} INFO - Filling up the DagBag from /home/airflow/.local/lib/python3.7/site-packages/airflow/example_dags/example_task_group_decorator.py
[2022-08-06 01:40:05,313] {processor.py:651} INFO - DAG(s) dict_keys(['example_task_group_decorator']) retrieved from /home/airflow/.local/lib/python3.7/site-packages/airflow/example_dags/example_task_group_decorator.py
[2022-08-06 01:40:05,347] {logging_mixin.py:115} INFO - [2022-08-06 01:40:05,347] {dag.py:2371} INFO - Sync 1 DAGs
[2022-08-06 01:40:05,359] {logging_mixin.py:115} INFO - [2022-08-06 01:40:05,359] {dag.py:2919} INFO - Setting next_dagrun for example_task_group_decorator to 2022-08-05T01:40:05.359287+00:00, run_after=2022-08-06T01:40:05.359287+00:00
[2022-08-06 01:40:05,368] {processor.py:161} INFO - Processing /home/airflow/.local/lib/python3.7/site-packages/airflow/example_dags/example_task_group_decorator.py took 0.156 seconds
[2022-08-06 01:40:35,584] {processor.py:153} INFO - Started process (PID=1450) to work on /home/airflow/.local/lib/python3.7/site-packages/airflow/example_dags/example_task_group_decorator.py
[2022-08-06 01:40:35,586] {processor.py:641} INFO - Processing file /home/airflow/.local/lib/python3.7/site-packages/airflow/example_dags/example_task_group_decorator.py for tasks to queue
[2022-08-06 01:40:35,587] {logging_mixin.py:115} INFO - [2022-08-06 01:40:35,587] {dagbag.py:507} INFO - Filling up the DagBag from /home/airflow/.local/lib/python3.7/site-packages/airflow/example_dags/example_task_group_decorator.py
[2022-08-06 01:40:35,683] {processor.py:651} INFO - DAG(s) dict_keys(['example_task_group_decorator']) retrieved from /home/airflow/.local/lib/python3.7/site-packages/airflow/example_dags/example_task_group_decorator.py
[2022-08-06 01:40:35,716] {logging_mixin.py:115} INFO - [2022-08-06 01:40:35,716] {dag.py:2371} INFO - Sync 1 DAGs
[2022-08-06 01:40:35,729] {logging_mixin.py:115} INFO - [2022-08-06 01:40:35,729] {dag.py:2919} INFO - Setting next_dagrun for example_task_group_decorator to 2022-08-05T01:40:35.729087+00:00, run_after=2022-08-06T01:40:35.729087+00:00
[2022-08-06 01:40:35,740] {processor.py:161} INFO - Processing /home/airflow/.local/lib/python3.7/site-packages/airflow/example_dags/example_task_group_decorator.py took 0.157 seconds
[2022-08-06 01:41:06,383] {processor.py:153} INFO - Started process (PID=1503) to work on /home/airflow/.local/lib/python3.7/site-packages/airflow/example_dags/example_task_group_decorator.py
[2022-08-06 01:41:06,384] {processor.py:641} INFO - Processing file /home/airflow/.local/lib/python3.7/site-packages/airflow/example_dags/example_task_group_decorator.py for tasks to queue
[2022-08-06 01:41:06,385] {logging_mixin.py:115} INFO - [2022-08-06 01:41:06,385] {dagbag.py:507} INFO - Filling up the DagBag from /home/airflow/.local/lib/python3.7/site-packages/airflow/example_dags/example_task_group_decorator.py
[2022-08-06 01:41:06,491] {processor.py:651} INFO - DAG(s) dict_keys(['example_task_group_decorator']) retrieved from /home/airflow/.local/lib/python3.7/site-packages/airflow/example_dags/example_task_group_decorator.py
[2022-08-06 01:41:06,525] {logging_mixin.py:115} INFO - [2022-08-06 01:41:06,525] {dag.py:2371} INFO - Sync 1 DAGs
[2022-08-06 01:41:06,538] {logging_mixin.py:115} INFO - [2022-08-06 01:41:06,538] {dag.py:2919} INFO - Setting next_dagrun for example_task_group_decorator to 2022-08-05T01:41:06.538272+00:00, run_after=2022-08-06T01:41:06.538272+00:00
[2022-08-06 01:41:06,546] {processor.py:161} INFO - Processing /home/airflow/.local/lib/python3.7/site-packages/airflow/example_dags/example_task_group_decorator.py took 0.165 seconds
[2022-08-06 01:41:37,528] {processor.py:153} INFO - Started process (PID=1565) to work on /home/airflow/.local/lib/python3.7/site-packages/airflow/example_dags/example_task_group_decorator.py
[2022-08-06 01:41:37,529] {processor.py:641} INFO - Processing file /home/airflow/.local/lib/python3.7/site-packages/airflow/example_dags/example_task_group_decorator.py for tasks to queue
[2022-08-06 01:41:37,530] {logging_mixin.py:115} INFO - [2022-08-06 01:41:37,530] {dagbag.py:507} INFO - Filling up the DagBag from /home/airflow/.local/lib/python3.7/site-packages/airflow/example_dags/example_task_group_decorator.py
[2022-08-06 01:41:37,669] {processor.py:651} INFO - DAG(s) dict_keys(['example_task_group_decorator']) retrieved from /home/airflow/.local/lib/python3.7/site-packages/airflow/example_dags/example_task_group_decorator.py
[2022-08-06 01:41:37,802] {logging_mixin.py:115} INFO - [2022-08-06 01:41:37,801] {dag.py:2371} INFO - Sync 1 DAGs
[2022-08-06 01:41:37,820] {logging_mixin.py:115} INFO - [2022-08-06 01:41:37,819] {dag.py:2919} INFO - Setting next_dagrun for example_task_group_decorator to 2022-08-05T01:41:37.819811+00:00, run_after=2022-08-06T01:41:37.819811+00:00
[2022-08-06 01:41:37,828] {processor.py:161} INFO - Processing /home/airflow/.local/lib/python3.7/site-packages/airflow/example_dags/example_task_group_decorator.py took 0.302 seconds
[2022-08-06 01:42:08,026] {processor.py:153} INFO - Started process (PID=1625) to work on /home/airflow/.local/lib/python3.7/site-packages/airflow/example_dags/example_task_group_decorator.py
[2022-08-06 01:42:08,027] {processor.py:641} INFO - Processing file /home/airflow/.local/lib/python3.7/site-packages/airflow/example_dags/example_task_group_decorator.py for tasks to queue
[2022-08-06 01:42:08,028] {logging_mixin.py:115} INFO - [2022-08-06 01:42:08,028] {dagbag.py:507} INFO - Filling up the DagBag from /home/airflow/.local/lib/python3.7/site-packages/airflow/example_dags/example_task_group_decorator.py
[2022-08-06 01:42:08,115] {processor.py:651} INFO - DAG(s) dict_keys(['example_task_group_decorator']) retrieved from /home/airflow/.local/lib/python3.7/site-packages/airflow/example_dags/example_task_group_decorator.py
[2022-08-06 01:42:08,153] {logging_mixin.py:115} INFO - [2022-08-06 01:42:08,153] {dag.py:2371} INFO - Sync 1 DAGs
[2022-08-06 01:42:08,172] {logging_mixin.py:115} INFO - [2022-08-06 01:42:08,172] {dag.py:2919} INFO - Setting next_dagrun for example_task_group_decorator to 2022-08-05T01:42:08.172077+00:00, run_after=2022-08-06T01:42:08.172077+00:00
[2022-08-06 01:42:08,201] {processor.py:161} INFO - Processing /home/airflow/.local/lib/python3.7/site-packages/airflow/example_dags/example_task_group_decorator.py took 0.177 seconds
[2022-08-06 01:42:38,420] {processor.py:153} INFO - Started process (PID=1687) to work on /home/airflow/.local/lib/python3.7/site-packages/airflow/example_dags/example_task_group_decorator.py
[2022-08-06 01:42:38,422] {processor.py:641} INFO - Processing file /home/airflow/.local/lib/python3.7/site-packages/airflow/example_dags/example_task_group_decorator.py for tasks to queue
[2022-08-06 01:42:38,423] {logging_mixin.py:115} INFO - [2022-08-06 01:42:38,423] {dagbag.py:507} INFO - Filling up the DagBag from /home/airflow/.local/lib/python3.7/site-packages/airflow/example_dags/example_task_group_decorator.py
[2022-08-06 01:42:38,524] {processor.py:651} INFO - DAG(s) dict_keys(['example_task_group_decorator']) retrieved from /home/airflow/.local/lib/python3.7/site-packages/airflow/example_dags/example_task_group_decorator.py
[2022-08-06 01:42:38,560] {logging_mixin.py:115} INFO - [2022-08-06 01:42:38,560] {dag.py:2371} INFO - Sync 1 DAGs
[2022-08-06 01:42:38,575] {logging_mixin.py:115} INFO - [2022-08-06 01:42:38,575] {dag.py:2919} INFO - Setting next_dagrun for example_task_group_decorator to 2022-08-05T01:42:38.575201+00:00, run_after=2022-08-06T01:42:38.575201+00:00
[2022-08-06 01:42:38,585] {processor.py:161} INFO - Processing /home/airflow/.local/lib/python3.7/site-packages/airflow/example_dags/example_task_group_decorator.py took 0.168 seconds
[2022-08-06 01:43:08,772] {processor.py:153} INFO - Started process (PID=1750) to work on /home/airflow/.local/lib/python3.7/site-packages/airflow/example_dags/example_task_group_decorator.py
[2022-08-06 01:43:08,773] {processor.py:641} INFO - Processing file /home/airflow/.local/lib/python3.7/site-packages/airflow/example_dags/example_task_group_decorator.py for tasks to queue
[2022-08-06 01:43:08,774] {logging_mixin.py:115} INFO - [2022-08-06 01:43:08,774] {dagbag.py:507} INFO - Filling up the DagBag from /home/airflow/.local/lib/python3.7/site-packages/airflow/example_dags/example_task_group_decorator.py
[2022-08-06 01:43:08,881] {processor.py:651} INFO - DAG(s) dict_keys(['example_task_group_decorator']) retrieved from /home/airflow/.local/lib/python3.7/site-packages/airflow/example_dags/example_task_group_decorator.py
[2022-08-06 01:43:08,921] {logging_mixin.py:115} INFO - [2022-08-06 01:43:08,920] {dag.py:2371} INFO - Sync 1 DAGs
[2022-08-06 01:43:08,938] {logging_mixin.py:115} INFO - [2022-08-06 01:43:08,938] {dag.py:2919} INFO - Setting next_dagrun for example_task_group_decorator to 2022-08-05T01:43:08.938062+00:00, run_after=2022-08-06T01:43:08.938062+00:00
[2022-08-06 01:43:08,946] {processor.py:161} INFO - Processing /home/airflow/.local/lib/python3.7/site-packages/airflow/example_dags/example_task_group_decorator.py took 0.176 seconds
[2022-08-06 01:43:39,680] {processor.py:153} INFO - Started process (PID=1811) to work on /home/airflow/.local/lib/python3.7/site-packages/airflow/example_dags/example_task_group_decorator.py
[2022-08-06 01:43:39,681] {processor.py:641} INFO - Processing file /home/airflow/.local/lib/python3.7/site-packages/airflow/example_dags/example_task_group_decorator.py for tasks to queue
[2022-08-06 01:43:39,682] {logging_mixin.py:115} INFO - [2022-08-06 01:43:39,682] {dagbag.py:507} INFO - Filling up the DagBag from /home/airflow/.local/lib/python3.7/site-packages/airflow/example_dags/example_task_group_decorator.py
[2022-08-06 01:43:39,781] {processor.py:651} INFO - DAG(s) dict_keys(['example_task_group_decorator']) retrieved from /home/airflow/.local/lib/python3.7/site-packages/airflow/example_dags/example_task_group_decorator.py
[2022-08-06 01:43:39,816] {logging_mixin.py:115} INFO - [2022-08-06 01:43:39,816] {dag.py:2371} INFO - Sync 1 DAGs
[2022-08-06 01:43:39,831] {logging_mixin.py:115} INFO - [2022-08-06 01:43:39,831] {dag.py:2919} INFO - Setting next_dagrun for example_task_group_decorator to 2022-08-05T01:43:39.831022+00:00, run_after=2022-08-06T01:43:39.831022+00:00
[2022-08-06 01:43:39,838] {processor.py:161} INFO - Processing /home/airflow/.local/lib/python3.7/site-packages/airflow/example_dags/example_task_group_decorator.py took 0.161 seconds
[2022-08-06 01:44:10,647] {processor.py:153} INFO - Started process (PID=1864) to work on /home/airflow/.local/lib/python3.7/site-packages/airflow/example_dags/example_task_group_decorator.py
[2022-08-06 01:44:10,648] {processor.py:641} INFO - Processing file /home/airflow/.local/lib/python3.7/site-packages/airflow/example_dags/example_task_group_decorator.py for tasks to queue
[2022-08-06 01:44:10,649] {logging_mixin.py:115} INFO - [2022-08-06 01:44:10,649] {dagbag.py:507} INFO - Filling up the DagBag from /home/airflow/.local/lib/python3.7/site-packages/airflow/example_dags/example_task_group_decorator.py
[2022-08-06 01:44:10,750] {processor.py:651} INFO - DAG(s) dict_keys(['example_task_group_decorator']) retrieved from /home/airflow/.local/lib/python3.7/site-packages/airflow/example_dags/example_task_group_decorator.py
[2022-08-06 01:44:10,786] {logging_mixin.py:115} INFO - [2022-08-06 01:44:10,786] {dag.py:2371} INFO - Sync 1 DAGs
[2022-08-06 01:44:10,799] {logging_mixin.py:115} INFO - [2022-08-06 01:44:10,799] {dag.py:2919} INFO - Setting next_dagrun for example_task_group_decorator to 2022-08-05T01:44:10.799405+00:00, run_after=2022-08-06T01:44:10.799405+00:00
[2022-08-06 01:44:10,808] {processor.py:161} INFO - Processing /home/airflow/.local/lib/python3.7/site-packages/airflow/example_dags/example_task_group_decorator.py took 0.163 seconds
[2022-08-06 01:44:41,071] {processor.py:153} INFO - Started process (PID=1926) to work on /home/airflow/.local/lib/python3.7/site-packages/airflow/example_dags/example_task_group_decorator.py
[2022-08-06 01:44:41,072] {processor.py:641} INFO - Processing file /home/airflow/.local/lib/python3.7/site-packages/airflow/example_dags/example_task_group_decorator.py for tasks to queue
[2022-08-06 01:44:41,074] {logging_mixin.py:115} INFO - [2022-08-06 01:44:41,074] {dagbag.py:507} INFO - Filling up the DagBag from /home/airflow/.local/lib/python3.7/site-packages/airflow/example_dags/example_task_group_decorator.py
[2022-08-06 01:44:41,162] {processor.py:651} INFO - DAG(s) dict_keys(['example_task_group_decorator']) retrieved from /home/airflow/.local/lib/python3.7/site-packages/airflow/example_dags/example_task_group_decorator.py
[2022-08-06 01:44:41,190] {logging_mixin.py:115} INFO - [2022-08-06 01:44:41,190] {dag.py:2371} INFO - Sync 1 DAGs
[2022-08-06 01:44:41,200] {logging_mixin.py:115} INFO - [2022-08-06 01:44:41,200] {dag.py:2919} INFO - Setting next_dagrun for example_task_group_decorator to 2022-08-05T01:44:41.200197+00:00, run_after=2022-08-06T01:44:41.200197+00:00
[2022-08-06 01:44:41,207] {processor.py:161} INFO - Processing /home/airflow/.local/lib/python3.7/site-packages/airflow/example_dags/example_task_group_decorator.py took 0.138 seconds
[2022-08-06 01:45:11,344] {processor.py:153} INFO - Started process (PID=1987) to work on /home/airflow/.local/lib/python3.7/site-packages/airflow/example_dags/example_task_group_decorator.py
[2022-08-06 01:45:11,345] {processor.py:641} INFO - Processing file /home/airflow/.local/lib/python3.7/site-packages/airflow/example_dags/example_task_group_decorator.py for tasks to queue
[2022-08-06 01:45:11,346] {logging_mixin.py:115} INFO - [2022-08-06 01:45:11,346] {dagbag.py:507} INFO - Filling up the DagBag from /home/airflow/.local/lib/python3.7/site-packages/airflow/example_dags/example_task_group_decorator.py
[2022-08-06 01:45:11,442] {processor.py:651} INFO - DAG(s) dict_keys(['example_task_group_decorator']) retrieved from /home/airflow/.local/lib/python3.7/site-packages/airflow/example_dags/example_task_group_decorator.py
[2022-08-06 01:45:11,455] {logging_mixin.py:115} INFO - [2022-08-06 01:45:11,455] {dag.py:2371} INFO - Sync 1 DAGs
[2022-08-06 01:45:11,468] {logging_mixin.py:115} INFO - [2022-08-06 01:45:11,468] {dag.py:2919} INFO - Setting next_dagrun for example_task_group_decorator to 2022-08-05T01:45:11.468227+00:00, run_after=2022-08-06T01:45:11.468227+00:00
[2022-08-06 01:45:11,476] {processor.py:161} INFO - Processing /home/airflow/.local/lib/python3.7/site-packages/airflow/example_dags/example_task_group_decorator.py took 0.134 seconds
[2022-08-06 01:45:41,733] {processor.py:153} INFO - Started process (PID=2049) to work on /home/airflow/.local/lib/python3.7/site-packages/airflow/example_dags/example_task_group_decorator.py
[2022-08-06 01:45:41,735] {processor.py:641} INFO - Processing file /home/airflow/.local/lib/python3.7/site-packages/airflow/example_dags/example_task_group_decorator.py for tasks to queue
[2022-08-06 01:45:41,736] {logging_mixin.py:115} INFO - [2022-08-06 01:45:41,736] {dagbag.py:507} INFO - Filling up the DagBag from /home/airflow/.local/lib/python3.7/site-packages/airflow/example_dags/example_task_group_decorator.py
[2022-08-06 01:45:41,823] {processor.py:651} INFO - DAG(s) dict_keys(['example_task_group_decorator']) retrieved from /home/airflow/.local/lib/python3.7/site-packages/airflow/example_dags/example_task_group_decorator.py
[2022-08-06 01:45:41,852] {logging_mixin.py:115} INFO - [2022-08-06 01:45:41,852] {dag.py:2371} INFO - Sync 1 DAGs
[2022-08-06 01:45:41,863] {logging_mixin.py:115} INFO - [2022-08-06 01:45:41,862] {dag.py:2919} INFO - Setting next_dagrun for example_task_group_decorator to 2022-08-05T01:45:41.862892+00:00, run_after=2022-08-06T01:45:41.862892+00:00
[2022-08-06 01:45:41,870] {processor.py:161} INFO - Processing /home/airflow/.local/lib/python3.7/site-packages/airflow/example_dags/example_task_group_decorator.py took 0.139 seconds
[2022-08-06 01:46:12,153] {processor.py:153} INFO - Started process (PID=2111) to work on /home/airflow/.local/lib/python3.7/site-packages/airflow/example_dags/example_task_group_decorator.py
[2022-08-06 01:46:12,154] {processor.py:641} INFO - Processing file /home/airflow/.local/lib/python3.7/site-packages/airflow/example_dags/example_task_group_decorator.py for tasks to queue
[2022-08-06 01:46:12,155] {logging_mixin.py:115} INFO - [2022-08-06 01:46:12,155] {dagbag.py:507} INFO - Filling up the DagBag from /home/airflow/.local/lib/python3.7/site-packages/airflow/example_dags/example_task_group_decorator.py
[2022-08-06 01:46:12,241] {processor.py:651} INFO - DAG(s) dict_keys(['example_task_group_decorator']) retrieved from /home/airflow/.local/lib/python3.7/site-packages/airflow/example_dags/example_task_group_decorator.py
[2022-08-06 01:46:12,269] {logging_mixin.py:115} INFO - [2022-08-06 01:46:12,269] {dag.py:2371} INFO - Sync 1 DAGs
[2022-08-06 01:46:12,279] {logging_mixin.py:115} INFO - [2022-08-06 01:46:12,279] {dag.py:2919} INFO - Setting next_dagrun for example_task_group_decorator to 2022-08-05T01:46:12.279433+00:00, run_after=2022-08-06T01:46:12.279433+00:00
[2022-08-06 01:46:12,286] {processor.py:161} INFO - Processing /home/airflow/.local/lib/python3.7/site-packages/airflow/example_dags/example_task_group_decorator.py took 0.135 seconds
[2022-08-06 01:46:42,440] {processor.py:153} INFO - Started process (PID=2174) to work on /home/airflow/.local/lib/python3.7/site-packages/airflow/example_dags/example_task_group_decorator.py
[2022-08-06 01:46:42,442] {processor.py:641} INFO - Processing file /home/airflow/.local/lib/python3.7/site-packages/airflow/example_dags/example_task_group_decorator.py for tasks to queue
[2022-08-06 01:46:42,443] {logging_mixin.py:115} INFO - [2022-08-06 01:46:42,443] {dagbag.py:507} INFO - Filling up the DagBag from /home/airflow/.local/lib/python3.7/site-packages/airflow/example_dags/example_task_group_decorator.py
[2022-08-06 01:46:42,556] {processor.py:651} INFO - DAG(s) dict_keys(['example_task_group_decorator']) retrieved from /home/airflow/.local/lib/python3.7/site-packages/airflow/example_dags/example_task_group_decorator.py
[2022-08-06 01:46:42,594] {logging_mixin.py:115} INFO - [2022-08-06 01:46:42,593] {dag.py:2371} INFO - Sync 1 DAGs
[2022-08-06 01:46:42,612] {logging_mixin.py:115} INFO - [2022-08-06 01:46:42,612] {dag.py:2919} INFO - Setting next_dagrun for example_task_group_decorator to 2022-08-05T01:46:42.612427+00:00, run_after=2022-08-06T01:46:42.612427+00:00
[2022-08-06 01:46:42,629] {processor.py:161} INFO - Processing /home/airflow/.local/lib/python3.7/site-packages/airflow/example_dags/example_task_group_decorator.py took 0.190 seconds
[2022-08-06 01:47:12,774] {processor.py:153} INFO - Started process (PID=2227) to work on /home/airflow/.local/lib/python3.7/site-packages/airflow/example_dags/example_task_group_decorator.py
[2022-08-06 01:47:12,776] {processor.py:641} INFO - Processing file /home/airflow/.local/lib/python3.7/site-packages/airflow/example_dags/example_task_group_decorator.py for tasks to queue
[2022-08-06 01:47:12,777] {logging_mixin.py:115} INFO - [2022-08-06 01:47:12,777] {dagbag.py:507} INFO - Filling up the DagBag from /home/airflow/.local/lib/python3.7/site-packages/airflow/example_dags/example_task_group_decorator.py
[2022-08-06 01:47:12,869] {processor.py:651} INFO - DAG(s) dict_keys(['example_task_group_decorator']) retrieved from /home/airflow/.local/lib/python3.7/site-packages/airflow/example_dags/example_task_group_decorator.py
[2022-08-06 01:47:12,902] {logging_mixin.py:115} INFO - [2022-08-06 01:47:12,902] {dag.py:2371} INFO - Sync 1 DAGs
[2022-08-06 01:47:12,916] {logging_mixin.py:115} INFO - [2022-08-06 01:47:12,916] {dag.py:2919} INFO - Setting next_dagrun for example_task_group_decorator to 2022-08-05T01:47:12.916634+00:00, run_after=2022-08-06T01:47:12.916634+00:00
[2022-08-06 01:47:12,926] {processor.py:161} INFO - Processing /home/airflow/.local/lib/python3.7/site-packages/airflow/example_dags/example_task_group_decorator.py took 0.154 seconds
[2022-08-06 01:47:43,861] {processor.py:153} INFO - Started process (PID=2289) to work on /home/airflow/.local/lib/python3.7/site-packages/airflow/example_dags/example_task_group_decorator.py
[2022-08-06 01:47:43,862] {processor.py:641} INFO - Processing file /home/airflow/.local/lib/python3.7/site-packages/airflow/example_dags/example_task_group_decorator.py for tasks to queue
[2022-08-06 01:47:43,863] {logging_mixin.py:115} INFO - [2022-08-06 01:47:43,863] {dagbag.py:507} INFO - Filling up the DagBag from /home/airflow/.local/lib/python3.7/site-packages/airflow/example_dags/example_task_group_decorator.py
[2022-08-06 01:47:43,961] {processor.py:651} INFO - DAG(s) dict_keys(['example_task_group_decorator']) retrieved from /home/airflow/.local/lib/python3.7/site-packages/airflow/example_dags/example_task_group_decorator.py
[2022-08-06 01:47:43,993] {logging_mixin.py:115} INFO - [2022-08-06 01:47:43,993] {dag.py:2371} INFO - Sync 1 DAGs
[2022-08-06 01:47:44,006] {logging_mixin.py:115} INFO - [2022-08-06 01:47:44,006] {dag.py:2919} INFO - Setting next_dagrun for example_task_group_decorator to 2022-08-05T01:47:44.005908+00:00, run_after=2022-08-06T01:47:44.005908+00:00
[2022-08-06 01:47:44,014] {processor.py:161} INFO - Processing /home/airflow/.local/lib/python3.7/site-packages/airflow/example_dags/example_task_group_decorator.py took 0.155 seconds
[2022-08-06 01:48:14,718] {processor.py:153} INFO - Started process (PID=2351) to work on /home/airflow/.local/lib/python3.7/site-packages/airflow/example_dags/example_task_group_decorator.py
[2022-08-06 01:48:14,720] {processor.py:641} INFO - Processing file /home/airflow/.local/lib/python3.7/site-packages/airflow/example_dags/example_task_group_decorator.py for tasks to queue
[2022-08-06 01:48:14,721] {logging_mixin.py:115} INFO - [2022-08-06 01:48:14,721] {dagbag.py:507} INFO - Filling up the DagBag from /home/airflow/.local/lib/python3.7/site-packages/airflow/example_dags/example_task_group_decorator.py
[2022-08-06 01:48:14,802] {processor.py:651} INFO - DAG(s) dict_keys(['example_task_group_decorator']) retrieved from /home/airflow/.local/lib/python3.7/site-packages/airflow/example_dags/example_task_group_decorator.py
[2022-08-06 01:48:14,816] {logging_mixin.py:115} INFO - [2022-08-06 01:48:14,816] {dag.py:2371} INFO - Sync 1 DAGs
[2022-08-06 01:48:14,825] {logging_mixin.py:115} INFO - [2022-08-06 01:48:14,825] {dag.py:2919} INFO - Setting next_dagrun for example_task_group_decorator to 2022-08-05T01:48:14.825514+00:00, run_after=2022-08-06T01:48:14.825514+00:00
[2022-08-06 01:48:14,831] {processor.py:161} INFO - Processing /home/airflow/.local/lib/python3.7/site-packages/airflow/example_dags/example_task_group_decorator.py took 0.115 seconds
[2022-08-06 01:48:45,641] {processor.py:153} INFO - Started process (PID=2412) to work on /home/airflow/.local/lib/python3.7/site-packages/airflow/example_dags/example_task_group_decorator.py
[2022-08-06 01:48:45,642] {processor.py:641} INFO - Processing file /home/airflow/.local/lib/python3.7/site-packages/airflow/example_dags/example_task_group_decorator.py for tasks to queue
[2022-08-06 01:48:45,643] {logging_mixin.py:115} INFO - [2022-08-06 01:48:45,643] {dagbag.py:507} INFO - Filling up the DagBag from /home/airflow/.local/lib/python3.7/site-packages/airflow/example_dags/example_task_group_decorator.py
[2022-08-06 01:48:45,735] {processor.py:651} INFO - DAG(s) dict_keys(['example_task_group_decorator']) retrieved from /home/airflow/.local/lib/python3.7/site-packages/airflow/example_dags/example_task_group_decorator.py
[2022-08-06 01:48:45,768] {logging_mixin.py:115} INFO - [2022-08-06 01:48:45,767] {dag.py:2371} INFO - Sync 1 DAGs
[2022-08-06 01:48:45,779] {logging_mixin.py:115} INFO - [2022-08-06 01:48:45,779] {dag.py:2919} INFO - Setting next_dagrun for example_task_group_decorator to 2022-08-05T01:48:45.779509+00:00, run_after=2022-08-06T01:48:45.779509+00:00
[2022-08-06 01:48:45,788] {processor.py:161} INFO - Processing /home/airflow/.local/lib/python3.7/site-packages/airflow/example_dags/example_task_group_decorator.py took 0.149 seconds
[2022-08-06 01:49:16,641] {processor.py:153} INFO - Started process (PID=2476) to work on /home/airflow/.local/lib/python3.7/site-packages/airflow/example_dags/example_task_group_decorator.py
[2022-08-06 01:49:16,642] {processor.py:641} INFO - Processing file /home/airflow/.local/lib/python3.7/site-packages/airflow/example_dags/example_task_group_decorator.py for tasks to queue
[2022-08-06 01:49:16,643] {logging_mixin.py:115} INFO - [2022-08-06 01:49:16,643] {dagbag.py:507} INFO - Filling up the DagBag from /home/airflow/.local/lib/python3.7/site-packages/airflow/example_dags/example_task_group_decorator.py
[2022-08-06 01:49:16,749] {processor.py:651} INFO - DAG(s) dict_keys(['example_task_group_decorator']) retrieved from /home/airflow/.local/lib/python3.7/site-packages/airflow/example_dags/example_task_group_decorator.py
[2022-08-06 01:49:16,763] {logging_mixin.py:115} INFO - [2022-08-06 01:49:16,763] {dag.py:2371} INFO - Sync 1 DAGs
[2022-08-06 01:49:16,774] {logging_mixin.py:115} INFO - [2022-08-06 01:49:16,774] {dag.py:2919} INFO - Setting next_dagrun for example_task_group_decorator to 2022-08-05T01:49:16.774170+00:00, run_after=2022-08-06T01:49:16.774170+00:00
[2022-08-06 01:49:16,783] {processor.py:161} INFO - Processing /home/airflow/.local/lib/python3.7/site-packages/airflow/example_dags/example_task_group_decorator.py took 0.144 seconds
[2022-08-06 01:49:47,048] {processor.py:153} INFO - Started process (PID=2539) to work on /home/airflow/.local/lib/python3.7/site-packages/airflow/example_dags/example_task_group_decorator.py
[2022-08-06 01:49:47,049] {processor.py:641} INFO - Processing file /home/airflow/.local/lib/python3.7/site-packages/airflow/example_dags/example_task_group_decorator.py for tasks to queue
[2022-08-06 01:49:47,050] {logging_mixin.py:115} INFO - [2022-08-06 01:49:47,050] {dagbag.py:507} INFO - Filling up the DagBag from /home/airflow/.local/lib/python3.7/site-packages/airflow/example_dags/example_task_group_decorator.py
[2022-08-06 01:49:47,063] {processor.py:651} INFO - DAG(s) dict_keys(['example_task_group_decorator']) retrieved from /home/airflow/.local/lib/python3.7/site-packages/airflow/example_dags/example_task_group_decorator.py
[2022-08-06 01:49:47,100] {logging_mixin.py:115} INFO - [2022-08-06 01:49:47,100] {dag.py:2371} INFO - Sync 1 DAGs
[2022-08-06 01:49:47,113] {logging_mixin.py:115} INFO - [2022-08-06 01:49:47,113] {dag.py:2919} INFO - Setting next_dagrun for example_task_group_decorator to 2022-08-05T01:49:47.113206+00:00, run_after=2022-08-06T01:49:47.113206+00:00
[2022-08-06 01:49:47,121] {processor.py:161} INFO - Processing /home/airflow/.local/lib/python3.7/site-packages/airflow/example_dags/example_task_group_decorator.py took 0.076 seconds
[2022-08-06 01:50:17,641] {processor.py:153} INFO - Started process (PID=2592) to work on /home/airflow/.local/lib/python3.7/site-packages/airflow/example_dags/example_task_group_decorator.py
[2022-08-06 01:50:17,643] {processor.py:641} INFO - Processing file /home/airflow/.local/lib/python3.7/site-packages/airflow/example_dags/example_task_group_decorator.py for tasks to queue
[2022-08-06 01:50:17,643] {logging_mixin.py:115} INFO - [2022-08-06 01:50:17,643] {dagbag.py:507} INFO - Filling up the DagBag from /home/airflow/.local/lib/python3.7/site-packages/airflow/example_dags/example_task_group_decorator.py
[2022-08-06 01:50:17,658] {processor.py:651} INFO - DAG(s) dict_keys(['example_task_group_decorator']) retrieved from /home/airflow/.local/lib/python3.7/site-packages/airflow/example_dags/example_task_group_decorator.py
[2022-08-06 01:50:17,695] {logging_mixin.py:115} INFO - [2022-08-06 01:50:17,694] {dag.py:2371} INFO - Sync 1 DAGs
[2022-08-06 01:50:17,707] {logging_mixin.py:115} INFO - [2022-08-06 01:50:17,707] {dag.py:2919} INFO - Setting next_dagrun for example_task_group_decorator to 2022-08-05T01:50:17.707484+00:00, run_after=2022-08-06T01:50:17.707484+00:00
[2022-08-06 01:50:17,716] {processor.py:161} INFO - Processing /home/airflow/.local/lib/python3.7/site-packages/airflow/example_dags/example_task_group_decorator.py took 0.077 seconds
[2022-08-06 01:50:48,317] {processor.py:153} INFO - Started process (PID=2654) to work on /home/airflow/.local/lib/python3.7/site-packages/airflow/example_dags/example_task_group_decorator.py
[2022-08-06 01:50:48,318] {processor.py:641} INFO - Processing file /home/airflow/.local/lib/python3.7/site-packages/airflow/example_dags/example_task_group_decorator.py for tasks to queue
[2022-08-06 01:50:48,319] {logging_mixin.py:115} INFO - [2022-08-06 01:50:48,319] {dagbag.py:507} INFO - Filling up the DagBag from /home/airflow/.local/lib/python3.7/site-packages/airflow/example_dags/example_task_group_decorator.py
[2022-08-06 01:50:48,337] {processor.py:651} INFO - DAG(s) dict_keys(['example_task_group_decorator']) retrieved from /home/airflow/.local/lib/python3.7/site-packages/airflow/example_dags/example_task_group_decorator.py
[2022-08-06 01:50:48,381] {logging_mixin.py:115} INFO - [2022-08-06 01:50:48,381] {dag.py:2371} INFO - Sync 1 DAGs
[2022-08-06 01:50:48,396] {logging_mixin.py:115} INFO - [2022-08-06 01:50:48,396] {dag.py:2919} INFO - Setting next_dagrun for example_task_group_decorator to 2022-08-05T01:50:48.396713+00:00, run_after=2022-08-06T01:50:48.396713+00:00
[2022-08-06 01:50:48,406] {processor.py:161} INFO - Processing /home/airflow/.local/lib/python3.7/site-packages/airflow/example_dags/example_task_group_decorator.py took 0.091 seconds
[2022-08-06 01:51:18,906] {processor.py:153} INFO - Started process (PID=2717) to work on /home/airflow/.local/lib/python3.7/site-packages/airflow/example_dags/example_task_group_decorator.py
[2022-08-06 01:51:18,907] {processor.py:641} INFO - Processing file /home/airflow/.local/lib/python3.7/site-packages/airflow/example_dags/example_task_group_decorator.py for tasks to queue
[2022-08-06 01:51:18,908] {logging_mixin.py:115} INFO - [2022-08-06 01:51:18,908] {dagbag.py:507} INFO - Filling up the DagBag from /home/airflow/.local/lib/python3.7/site-packages/airflow/example_dags/example_task_group_decorator.py
[2022-08-06 01:51:18,923] {processor.py:651} INFO - DAG(s) dict_keys(['example_task_group_decorator']) retrieved from /home/airflow/.local/lib/python3.7/site-packages/airflow/example_dags/example_task_group_decorator.py
[2022-08-06 01:51:18,958] {logging_mixin.py:115} INFO - [2022-08-06 01:51:18,958] {dag.py:2371} INFO - Sync 1 DAGs
[2022-08-06 01:51:18,975] {logging_mixin.py:115} INFO - [2022-08-06 01:51:18,974] {dag.py:2919} INFO - Setting next_dagrun for example_task_group_decorator to 2022-08-05T01:51:18.974728+00:00, run_after=2022-08-06T01:51:18.974728+00:00
[2022-08-06 01:51:18,985] {processor.py:161} INFO - Processing /home/airflow/.local/lib/python3.7/site-packages/airflow/example_dags/example_task_group_decorator.py took 0.081 seconds
[2022-08-06 01:51:49,365] {processor.py:153} INFO - Started process (PID=2779) to work on /home/airflow/.local/lib/python3.7/site-packages/airflow/example_dags/example_task_group_decorator.py
[2022-08-06 01:51:49,367] {processor.py:641} INFO - Processing file /home/airflow/.local/lib/python3.7/site-packages/airflow/example_dags/example_task_group_decorator.py for tasks to queue
[2022-08-06 01:51:49,368] {logging_mixin.py:115} INFO - [2022-08-06 01:51:49,368] {dagbag.py:507} INFO - Filling up the DagBag from /home/airflow/.local/lib/python3.7/site-packages/airflow/example_dags/example_task_group_decorator.py
[2022-08-06 01:51:49,381] {processor.py:651} INFO - DAG(s) dict_keys(['example_task_group_decorator']) retrieved from /home/airflow/.local/lib/python3.7/site-packages/airflow/example_dags/example_task_group_decorator.py
[2022-08-06 01:51:49,417] {logging_mixin.py:115} INFO - [2022-08-06 01:51:49,417] {dag.py:2371} INFO - Sync 1 DAGs
[2022-08-06 01:51:49,430] {logging_mixin.py:115} INFO - [2022-08-06 01:51:49,430] {dag.py:2919} INFO - Setting next_dagrun for example_task_group_decorator to 2022-08-05T01:51:49.430282+00:00, run_after=2022-08-06T01:51:49.430282+00:00
[2022-08-06 01:51:49,438] {processor.py:161} INFO - Processing /home/airflow/.local/lib/python3.7/site-packages/airflow/example_dags/example_task_group_decorator.py took 0.074 seconds
[2022-08-06 01:52:19,879] {processor.py:153} INFO - Started process (PID=2838) to work on /home/airflow/.local/lib/python3.7/site-packages/airflow/example_dags/example_task_group_decorator.py
[2022-08-06 01:52:19,881] {processor.py:641} INFO - Processing file /home/airflow/.local/lib/python3.7/site-packages/airflow/example_dags/example_task_group_decorator.py for tasks to queue
[2022-08-06 01:52:19,882] {logging_mixin.py:115} INFO - [2022-08-06 01:52:19,882] {dagbag.py:507} INFO - Filling up the DagBag from /home/airflow/.local/lib/python3.7/site-packages/airflow/example_dags/example_task_group_decorator.py
[2022-08-06 01:52:19,896] {processor.py:651} INFO - DAG(s) dict_keys(['example_task_group_decorator']) retrieved from /home/airflow/.local/lib/python3.7/site-packages/airflow/example_dags/example_task_group_decorator.py
[2022-08-06 01:52:19,912] {logging_mixin.py:115} INFO - [2022-08-06 01:52:19,912] {dag.py:2371} INFO - Sync 1 DAGs
[2022-08-06 01:52:19,923] {logging_mixin.py:115} INFO - [2022-08-06 01:52:19,923] {dag.py:2919} INFO - Setting next_dagrun for example_task_group_decorator to 2022-08-05T01:52:19.923202+00:00, run_after=2022-08-06T01:52:19.923202+00:00
[2022-08-06 01:52:19,937] {processor.py:161} INFO - Processing /home/airflow/.local/lib/python3.7/site-packages/airflow/example_dags/example_task_group_decorator.py took 0.060 seconds
[2022-08-06 01:52:50,568] {processor.py:153} INFO - Started process (PID=2901) to work on /home/airflow/.local/lib/python3.7/site-packages/airflow/example_dags/example_task_group_decorator.py
[2022-08-06 01:52:50,569] {processor.py:641} INFO - Processing file /home/airflow/.local/lib/python3.7/site-packages/airflow/example_dags/example_task_group_decorator.py for tasks to queue
[2022-08-06 01:52:50,570] {logging_mixin.py:115} INFO - [2022-08-06 01:52:50,570] {dagbag.py:507} INFO - Filling up the DagBag from /home/airflow/.local/lib/python3.7/site-packages/airflow/example_dags/example_task_group_decorator.py
[2022-08-06 01:52:50,583] {processor.py:651} INFO - DAG(s) dict_keys(['example_task_group_decorator']) retrieved from /home/airflow/.local/lib/python3.7/site-packages/airflow/example_dags/example_task_group_decorator.py
[2022-08-06 01:52:50,599] {logging_mixin.py:115} INFO - [2022-08-06 01:52:50,599] {dag.py:2371} INFO - Sync 1 DAGs
[2022-08-06 01:52:50,611] {logging_mixin.py:115} INFO - [2022-08-06 01:52:50,611] {dag.py:2919} INFO - Setting next_dagrun for example_task_group_decorator to 2022-08-05T01:52:50.611241+00:00, run_after=2022-08-06T01:52:50.611241+00:00
[2022-08-06 01:52:50,619] {processor.py:161} INFO - Processing /home/airflow/.local/lib/python3.7/site-packages/airflow/example_dags/example_task_group_decorator.py took 0.053 seconds
