[2022-08-06 00:01:56,507] {processor.py:153} INFO - Started process (PID=3461) to work on /home/airflow/.local/lib/python3.7/site-packages/airflow/example_dags/example_latest_only_with_trigger.py
[2022-08-06 00:01:56,509] {processor.py:641} INFO - Processing file /home/airflow/.local/lib/python3.7/site-packages/airflow/example_dags/example_latest_only_with_trigger.py for tasks to queue
[2022-08-06 00:01:56,510] {logging_mixin.py:115} INFO - [2022-08-06 00:01:56,510] {dagbag.py:507} INFO - Filling up the DagBag from /home/airflow/.local/lib/python3.7/site-packages/airflow/example_dags/example_latest_only_with_trigger.py
[2022-08-06 00:01:56,515] {processor.py:651} INFO - DAG(s) dict_keys(['latest_only_with_trigger']) retrieved from /home/airflow/.local/lib/python3.7/site-packages/airflow/example_dags/example_latest_only_with_trigger.py
[2022-08-06 00:01:56,550] {logging_mixin.py:115} INFO - [2022-08-06 00:01:56,550] {dag.py:2371} INFO - Sync 1 DAGs
[2022-08-06 00:01:56,574] {logging_mixin.py:115} INFO - [2022-08-06 00:01:56,574] {dag.py:2919} INFO - Setting next_dagrun for latest_only_with_trigger to 2022-08-05T20:01:56.573845+00:00, run_after=2022-08-06T00:01:56.573845+00:00
[2022-08-06 00:01:56,585] {processor.py:161} INFO - Processing /home/airflow/.local/lib/python3.7/site-packages/airflow/example_dags/example_latest_only_with_trigger.py took 0.081 seconds
[2022-08-06 00:02:27,166] {processor.py:153} INFO - Started process (PID=3522) to work on /home/airflow/.local/lib/python3.7/site-packages/airflow/example_dags/example_latest_only_with_trigger.py
[2022-08-06 00:02:27,168] {processor.py:641} INFO - Processing file /home/airflow/.local/lib/python3.7/site-packages/airflow/example_dags/example_latest_only_with_trigger.py for tasks to queue
[2022-08-06 00:02:27,169] {logging_mixin.py:115} INFO - [2022-08-06 00:02:27,169] {dagbag.py:507} INFO - Filling up the DagBag from /home/airflow/.local/lib/python3.7/site-packages/airflow/example_dags/example_latest_only_with_trigger.py
[2022-08-06 00:02:27,174] {processor.py:651} INFO - DAG(s) dict_keys(['latest_only_with_trigger']) retrieved from /home/airflow/.local/lib/python3.7/site-packages/airflow/example_dags/example_latest_only_with_trigger.py
[2022-08-06 00:02:27,192] {logging_mixin.py:115} INFO - [2022-08-06 00:02:27,192] {dag.py:2371} INFO - Sync 1 DAGs
[2022-08-06 00:02:27,206] {logging_mixin.py:115} INFO - [2022-08-06 00:02:27,206] {dag.py:2919} INFO - Setting next_dagrun for latest_only_with_trigger to 2022-08-05T20:02:27.205973+00:00, run_after=2022-08-06T00:02:27.205973+00:00
[2022-08-06 00:02:27,214] {processor.py:161} INFO - Processing /home/airflow/.local/lib/python3.7/site-packages/airflow/example_dags/example_latest_only_with_trigger.py took 0.050 seconds
[2022-08-06 00:02:57,637] {processor.py:153} INFO - Started process (PID=3583) to work on /home/airflow/.local/lib/python3.7/site-packages/airflow/example_dags/example_latest_only_with_trigger.py
[2022-08-06 00:02:57,639] {processor.py:641} INFO - Processing file /home/airflow/.local/lib/python3.7/site-packages/airflow/example_dags/example_latest_only_with_trigger.py for tasks to queue
[2022-08-06 00:02:57,640] {logging_mixin.py:115} INFO - [2022-08-06 00:02:57,640] {dagbag.py:507} INFO - Filling up the DagBag from /home/airflow/.local/lib/python3.7/site-packages/airflow/example_dags/example_latest_only_with_trigger.py
[2022-08-06 00:02:57,646] {processor.py:651} INFO - DAG(s) dict_keys(['latest_only_with_trigger']) retrieved from /home/airflow/.local/lib/python3.7/site-packages/airflow/example_dags/example_latest_only_with_trigger.py
[2022-08-06 00:02:57,671] {logging_mixin.py:115} INFO - [2022-08-06 00:02:57,671] {dag.py:2371} INFO - Sync 1 DAGs
[2022-08-06 00:02:57,690] {logging_mixin.py:115} INFO - [2022-08-06 00:02:57,689] {dag.py:2919} INFO - Setting next_dagrun for latest_only_with_trigger to 2022-08-05T20:02:57.689792+00:00, run_after=2022-08-06T00:02:57.689792+00:00
[2022-08-06 00:02:57,702] {processor.py:161} INFO - Processing /home/airflow/.local/lib/python3.7/site-packages/airflow/example_dags/example_latest_only_with_trigger.py took 0.068 seconds
[2022-08-06 00:03:28,051] {processor.py:153} INFO - Started process (PID=3646) to work on /home/airflow/.local/lib/python3.7/site-packages/airflow/example_dags/example_latest_only_with_trigger.py
[2022-08-06 00:03:28,053] {processor.py:641} INFO - Processing file /home/airflow/.local/lib/python3.7/site-packages/airflow/example_dags/example_latest_only_with_trigger.py for tasks to queue
[2022-08-06 00:03:28,056] {logging_mixin.py:115} INFO - [2022-08-06 00:03:28,056] {dagbag.py:507} INFO - Filling up the DagBag from /home/airflow/.local/lib/python3.7/site-packages/airflow/example_dags/example_latest_only_with_trigger.py
[2022-08-06 00:03:28,059] {processor.py:651} INFO - DAG(s) dict_keys(['latest_only_with_trigger']) retrieved from /home/airflow/.local/lib/python3.7/site-packages/airflow/example_dags/example_latest_only_with_trigger.py
[2022-08-06 00:03:28,077] {logging_mixin.py:115} INFO - [2022-08-06 00:03:28,077] {dag.py:2371} INFO - Sync 1 DAGs
[2022-08-06 00:03:28,093] {logging_mixin.py:115} INFO - [2022-08-06 00:03:28,093] {dag.py:2919} INFO - Setting next_dagrun for latest_only_with_trigger to 2022-08-05T20:03:28.093254+00:00, run_after=2022-08-06T00:03:28.093254+00:00
[2022-08-06 00:03:28,100] {processor.py:161} INFO - Processing /home/airflow/.local/lib/python3.7/site-packages/airflow/example_dags/example_latest_only_with_trigger.py took 0.050 seconds
[2022-08-06 00:03:58,612] {processor.py:153} INFO - Started process (PID=3708) to work on /home/airflow/.local/lib/python3.7/site-packages/airflow/example_dags/example_latest_only_with_trigger.py
[2022-08-06 00:03:58,613] {processor.py:641} INFO - Processing file /home/airflow/.local/lib/python3.7/site-packages/airflow/example_dags/example_latest_only_with_trigger.py for tasks to queue
[2022-08-06 00:03:58,614] {logging_mixin.py:115} INFO - [2022-08-06 00:03:58,614] {dagbag.py:507} INFO - Filling up the DagBag from /home/airflow/.local/lib/python3.7/site-packages/airflow/example_dags/example_latest_only_with_trigger.py
[2022-08-06 00:03:58,618] {processor.py:651} INFO - DAG(s) dict_keys(['latest_only_with_trigger']) retrieved from /home/airflow/.local/lib/python3.7/site-packages/airflow/example_dags/example_latest_only_with_trigger.py
[2022-08-06 00:03:58,633] {logging_mixin.py:115} INFO - [2022-08-06 00:03:58,633] {dag.py:2371} INFO - Sync 1 DAGs
[2022-08-06 00:03:58,645] {logging_mixin.py:115} INFO - [2022-08-06 00:03:58,645] {dag.py:2919} INFO - Setting next_dagrun for latest_only_with_trigger to 2022-08-05T20:03:58.645441+00:00, run_after=2022-08-06T00:03:58.645441+00:00
[2022-08-06 00:03:58,653] {processor.py:161} INFO - Processing /home/airflow/.local/lib/python3.7/site-packages/airflow/example_dags/example_latest_only_with_trigger.py took 0.043 seconds
[2022-08-06 00:04:29,170] {processor.py:153} INFO - Started process (PID=3770) to work on /home/airflow/.local/lib/python3.7/site-packages/airflow/example_dags/example_latest_only_with_trigger.py
[2022-08-06 00:04:29,175] {processor.py:641} INFO - Processing file /home/airflow/.local/lib/python3.7/site-packages/airflow/example_dags/example_latest_only_with_trigger.py for tasks to queue
[2022-08-06 00:04:29,176] {logging_mixin.py:115} INFO - [2022-08-06 00:04:29,176] {dagbag.py:507} INFO - Filling up the DagBag from /home/airflow/.local/lib/python3.7/site-packages/airflow/example_dags/example_latest_only_with_trigger.py
[2022-08-06 00:04:29,181] {processor.py:651} INFO - DAG(s) dict_keys(['latest_only_with_trigger']) retrieved from /home/airflow/.local/lib/python3.7/site-packages/airflow/example_dags/example_latest_only_with_trigger.py
[2022-08-06 00:04:29,203] {logging_mixin.py:115} INFO - [2022-08-06 00:04:29,203] {dag.py:2371} INFO - Sync 1 DAGs
[2022-08-06 00:04:29,231] {logging_mixin.py:115} INFO - [2022-08-06 00:04:29,231] {dag.py:2919} INFO - Setting next_dagrun for latest_only_with_trigger to 2022-08-05T20:04:29.231004+00:00, run_after=2022-08-06T00:04:29.231004+00:00
[2022-08-06 00:04:29,255] {processor.py:161} INFO - Processing /home/airflow/.local/lib/python3.7/site-packages/airflow/example_dags/example_latest_only_with_trigger.py took 0.089 seconds
[2022-08-06 00:04:59,677] {processor.py:153} INFO - Started process (PID=3822) to work on /home/airflow/.local/lib/python3.7/site-packages/airflow/example_dags/example_latest_only_with_trigger.py
[2022-08-06 00:04:59,678] {processor.py:641} INFO - Processing file /home/airflow/.local/lib/python3.7/site-packages/airflow/example_dags/example_latest_only_with_trigger.py for tasks to queue
[2022-08-06 00:04:59,679] {logging_mixin.py:115} INFO - [2022-08-06 00:04:59,679] {dagbag.py:507} INFO - Filling up the DagBag from /home/airflow/.local/lib/python3.7/site-packages/airflow/example_dags/example_latest_only_with_trigger.py
[2022-08-06 00:04:59,683] {processor.py:651} INFO - DAG(s) dict_keys(['latest_only_with_trigger']) retrieved from /home/airflow/.local/lib/python3.7/site-packages/airflow/example_dags/example_latest_only_with_trigger.py
[2022-08-06 00:04:59,701] {logging_mixin.py:115} INFO - [2022-08-06 00:04:59,700] {dag.py:2371} INFO - Sync 1 DAGs
[2022-08-06 00:04:59,714] {logging_mixin.py:115} INFO - [2022-08-06 00:04:59,713] {dag.py:2919} INFO - Setting next_dagrun for latest_only_with_trigger to 2022-08-05T20:04:59.713804+00:00, run_after=2022-08-06T00:04:59.713804+00:00
[2022-08-06 00:04:59,721] {processor.py:161} INFO - Processing /home/airflow/.local/lib/python3.7/site-packages/airflow/example_dags/example_latest_only_with_trigger.py took 0.046 seconds
[2022-08-06 00:07:18,608] {processor.py:153} INFO - Started process (PID=73) to work on /home/airflow/.local/lib/python3.7/site-packages/airflow/example_dags/example_latest_only_with_trigger.py
[2022-08-06 00:07:18,611] {processor.py:641} INFO - Processing file /home/airflow/.local/lib/python3.7/site-packages/airflow/example_dags/example_latest_only_with_trigger.py for tasks to queue
[2022-08-06 00:07:18,614] {logging_mixin.py:115} INFO - [2022-08-06 00:07:18,614] {dagbag.py:507} INFO - Filling up the DagBag from /home/airflow/.local/lib/python3.7/site-packages/airflow/example_dags/example_latest_only_with_trigger.py
[2022-08-06 00:07:18,620] {processor.py:651} INFO - DAG(s) dict_keys(['latest_only_with_trigger']) retrieved from /home/airflow/.local/lib/python3.7/site-packages/airflow/example_dags/example_latest_only_with_trigger.py
[2022-08-06 00:07:18,653] {logging_mixin.py:115} INFO - [2022-08-06 00:07:18,653] {dag.py:2371} INFO - Sync 1 DAGs
[2022-08-06 00:07:18,674] {logging_mixin.py:115} INFO - [2022-08-06 00:07:18,673] {dag.py:2919} INFO - Setting next_dagrun for latest_only_with_trigger to 2022-08-05T20:07:18.673788+00:00, run_after=2022-08-06T00:07:18.673788+00:00
[2022-08-06 00:07:18,685] {processor.py:161} INFO - Processing /home/airflow/.local/lib/python3.7/site-packages/airflow/example_dags/example_latest_only_with_trigger.py took 0.079 seconds
[2022-08-06 00:07:48,734] {processor.py:153} INFO - Started process (PID=126) to work on /home/airflow/.local/lib/python3.7/site-packages/airflow/example_dags/example_latest_only_with_trigger.py
[2022-08-06 00:07:48,736] {processor.py:641} INFO - Processing file /home/airflow/.local/lib/python3.7/site-packages/airflow/example_dags/example_latest_only_with_trigger.py for tasks to queue
[2022-08-06 00:07:48,738] {logging_mixin.py:115} INFO - [2022-08-06 00:07:48,738] {dagbag.py:507} INFO - Filling up the DagBag from /home/airflow/.local/lib/python3.7/site-packages/airflow/example_dags/example_latest_only_with_trigger.py
[2022-08-06 00:07:48,743] {processor.py:651} INFO - DAG(s) dict_keys(['latest_only_with_trigger']) retrieved from /home/airflow/.local/lib/python3.7/site-packages/airflow/example_dags/example_latest_only_with_trigger.py
[2022-08-06 00:07:48,763] {logging_mixin.py:115} INFO - [2022-08-06 00:07:48,763] {dag.py:2371} INFO - Sync 1 DAGs
[2022-08-06 00:07:48,782] {logging_mixin.py:115} INFO - [2022-08-06 00:07:48,782] {dag.py:2919} INFO - Setting next_dagrun for latest_only_with_trigger to 2022-08-05T20:07:48.782649+00:00, run_after=2022-08-06T00:07:48.782649+00:00
[2022-08-06 00:07:48,792] {processor.py:161} INFO - Processing /home/airflow/.local/lib/python3.7/site-packages/airflow/example_dags/example_latest_only_with_trigger.py took 0.062 seconds
[2022-08-06 00:08:19,303] {processor.py:153} INFO - Started process (PID=187) to work on /home/airflow/.local/lib/python3.7/site-packages/airflow/example_dags/example_latest_only_with_trigger.py
[2022-08-06 00:08:19,305] {processor.py:641} INFO - Processing file /home/airflow/.local/lib/python3.7/site-packages/airflow/example_dags/example_latest_only_with_trigger.py for tasks to queue
[2022-08-06 00:08:19,306] {logging_mixin.py:115} INFO - [2022-08-06 00:08:19,306] {dagbag.py:507} INFO - Filling up the DagBag from /home/airflow/.local/lib/python3.7/site-packages/airflow/example_dags/example_latest_only_with_trigger.py
[2022-08-06 00:08:19,310] {processor.py:651} INFO - DAG(s) dict_keys(['latest_only_with_trigger']) retrieved from /home/airflow/.local/lib/python3.7/site-packages/airflow/example_dags/example_latest_only_with_trigger.py
[2022-08-06 00:08:19,328] {logging_mixin.py:115} INFO - [2022-08-06 00:08:19,327] {dag.py:2371} INFO - Sync 1 DAGs
[2022-08-06 00:08:19,344] {logging_mixin.py:115} INFO - [2022-08-06 00:08:19,344] {dag.py:2919} INFO - Setting next_dagrun for latest_only_with_trigger to 2022-08-05T20:08:19.344112+00:00, run_after=2022-08-06T00:08:19.344112+00:00
[2022-08-06 00:08:19,352] {processor.py:161} INFO - Processing /home/airflow/.local/lib/python3.7/site-packages/airflow/example_dags/example_latest_only_with_trigger.py took 0.051 seconds
[2022-08-06 00:08:50,036] {processor.py:153} INFO - Started process (PID=249) to work on /home/airflow/.local/lib/python3.7/site-packages/airflow/example_dags/example_latest_only_with_trigger.py
[2022-08-06 00:08:50,037] {processor.py:641} INFO - Processing file /home/airflow/.local/lib/python3.7/site-packages/airflow/example_dags/example_latest_only_with_trigger.py for tasks to queue
[2022-08-06 00:08:50,038] {logging_mixin.py:115} INFO - [2022-08-06 00:08:50,038] {dagbag.py:507} INFO - Filling up the DagBag from /home/airflow/.local/lib/python3.7/site-packages/airflow/example_dags/example_latest_only_with_trigger.py
[2022-08-06 00:08:50,042] {processor.py:651} INFO - DAG(s) dict_keys(['latest_only_with_trigger']) retrieved from /home/airflow/.local/lib/python3.7/site-packages/airflow/example_dags/example_latest_only_with_trigger.py
[2022-08-06 00:08:50,059] {logging_mixin.py:115} INFO - [2022-08-06 00:08:50,059] {dag.py:2371} INFO - Sync 1 DAGs
[2022-08-06 00:08:50,076] {logging_mixin.py:115} INFO - [2022-08-06 00:08:50,075] {dag.py:2919} INFO - Setting next_dagrun for latest_only_with_trigger to 2022-08-05T20:08:50.075826+00:00, run_after=2022-08-06T00:08:50.075826+00:00
[2022-08-06 00:08:50,083] {processor.py:161} INFO - Processing /home/airflow/.local/lib/python3.7/site-packages/airflow/example_dags/example_latest_only_with_trigger.py took 0.050 seconds
[2022-08-06 00:09:20,533] {processor.py:153} INFO - Started process (PID=311) to work on /home/airflow/.local/lib/python3.7/site-packages/airflow/example_dags/example_latest_only_with_trigger.py
[2022-08-06 00:09:20,534] {processor.py:641} INFO - Processing file /home/airflow/.local/lib/python3.7/site-packages/airflow/example_dags/example_latest_only_with_trigger.py for tasks to queue
[2022-08-06 00:09:20,535] {logging_mixin.py:115} INFO - [2022-08-06 00:09:20,535] {dagbag.py:507} INFO - Filling up the DagBag from /home/airflow/.local/lib/python3.7/site-packages/airflow/example_dags/example_latest_only_with_trigger.py
[2022-08-06 00:09:20,539] {processor.py:651} INFO - DAG(s) dict_keys(['latest_only_with_trigger']) retrieved from /home/airflow/.local/lib/python3.7/site-packages/airflow/example_dags/example_latest_only_with_trigger.py
[2022-08-06 00:09:20,556] {logging_mixin.py:115} INFO - [2022-08-06 00:09:20,556] {dag.py:2371} INFO - Sync 1 DAGs
[2022-08-06 00:09:20,572] {logging_mixin.py:115} INFO - [2022-08-06 00:09:20,572] {dag.py:2919} INFO - Setting next_dagrun for latest_only_with_trigger to 2022-08-05T20:09:20.572611+00:00, run_after=2022-08-06T00:09:20.572611+00:00
[2022-08-06 00:09:20,582] {processor.py:161} INFO - Processing /home/airflow/.local/lib/python3.7/site-packages/airflow/example_dags/example_latest_only_with_trigger.py took 0.051 seconds
[2022-08-06 00:09:51,269] {processor.py:153} INFO - Started process (PID=373) to work on /home/airflow/.local/lib/python3.7/site-packages/airflow/example_dags/example_latest_only_with_trigger.py
[2022-08-06 00:09:51,271] {processor.py:641} INFO - Processing file /home/airflow/.local/lib/python3.7/site-packages/airflow/example_dags/example_latest_only_with_trigger.py for tasks to queue
[2022-08-06 00:09:51,272] {logging_mixin.py:115} INFO - [2022-08-06 00:09:51,272] {dagbag.py:507} INFO - Filling up the DagBag from /home/airflow/.local/lib/python3.7/site-packages/airflow/example_dags/example_latest_only_with_trigger.py
[2022-08-06 00:09:51,276] {processor.py:651} INFO - DAG(s) dict_keys(['latest_only_with_trigger']) retrieved from /home/airflow/.local/lib/python3.7/site-packages/airflow/example_dags/example_latest_only_with_trigger.py
[2022-08-06 00:09:51,292] {logging_mixin.py:115} INFO - [2022-08-06 00:09:51,292] {dag.py:2371} INFO - Sync 1 DAGs
[2022-08-06 00:09:51,308] {logging_mixin.py:115} INFO - [2022-08-06 00:09:51,308] {dag.py:2919} INFO - Setting next_dagrun for latest_only_with_trigger to 2022-08-05T20:09:51.307985+00:00, run_after=2022-08-06T00:09:51.307985+00:00
[2022-08-06 00:09:51,316] {processor.py:161} INFO - Processing /home/airflow/.local/lib/python3.7/site-packages/airflow/example_dags/example_latest_only_with_trigger.py took 0.048 seconds
[2022-08-06 00:10:22,190] {processor.py:153} INFO - Started process (PID=436) to work on /home/airflow/.local/lib/python3.7/site-packages/airflow/example_dags/example_latest_only_with_trigger.py
[2022-08-06 00:10:22,191] {processor.py:641} INFO - Processing file /home/airflow/.local/lib/python3.7/site-packages/airflow/example_dags/example_latest_only_with_trigger.py for tasks to queue
[2022-08-06 00:10:22,192] {logging_mixin.py:115} INFO - [2022-08-06 00:10:22,192] {dagbag.py:507} INFO - Filling up the DagBag from /home/airflow/.local/lib/python3.7/site-packages/airflow/example_dags/example_latest_only_with_trigger.py
[2022-08-06 00:10:22,197] {processor.py:651} INFO - DAG(s) dict_keys(['latest_only_with_trigger']) retrieved from /home/airflow/.local/lib/python3.7/site-packages/airflow/example_dags/example_latest_only_with_trigger.py
[2022-08-06 00:10:22,215] {logging_mixin.py:115} INFO - [2022-08-06 00:10:22,215] {dag.py:2371} INFO - Sync 1 DAGs
[2022-08-06 00:10:22,231] {logging_mixin.py:115} INFO - [2022-08-06 00:10:22,231] {dag.py:2919} INFO - Setting next_dagrun for latest_only_with_trigger to 2022-08-05T20:10:22.231121+00:00, run_after=2022-08-06T00:10:22.231121+00:00
[2022-08-06 00:10:22,238] {processor.py:161} INFO - Processing /home/airflow/.local/lib/python3.7/site-packages/airflow/example_dags/example_latest_only_with_trigger.py took 0.050 seconds
[2022-08-06 00:10:53,167] {processor.py:153} INFO - Started process (PID=496) to work on /home/airflow/.local/lib/python3.7/site-packages/airflow/example_dags/example_latest_only_with_trigger.py
[2022-08-06 00:10:53,168] {processor.py:641} INFO - Processing file /home/airflow/.local/lib/python3.7/site-packages/airflow/example_dags/example_latest_only_with_trigger.py for tasks to queue
[2022-08-06 00:10:53,169] {logging_mixin.py:115} INFO - [2022-08-06 00:10:53,169] {dagbag.py:507} INFO - Filling up the DagBag from /home/airflow/.local/lib/python3.7/site-packages/airflow/example_dags/example_latest_only_with_trigger.py
[2022-08-06 00:10:53,174] {processor.py:651} INFO - DAG(s) dict_keys(['latest_only_with_trigger']) retrieved from /home/airflow/.local/lib/python3.7/site-packages/airflow/example_dags/example_latest_only_with_trigger.py
[2022-08-06 00:10:53,191] {logging_mixin.py:115} INFO - [2022-08-06 00:10:53,191] {dag.py:2371} INFO - Sync 1 DAGs
[2022-08-06 00:10:53,207] {logging_mixin.py:115} INFO - [2022-08-06 00:10:53,207] {dag.py:2919} INFO - Setting next_dagrun for latest_only_with_trigger to 2022-08-05T20:10:53.207256+00:00, run_after=2022-08-06T00:10:53.207256+00:00
[2022-08-06 00:10:53,216] {processor.py:161} INFO - Processing /home/airflow/.local/lib/python3.7/site-packages/airflow/example_dags/example_latest_only_with_trigger.py took 0.051 seconds
[2022-08-06 00:11:23,807] {processor.py:153} INFO - Started process (PID=549) to work on /home/airflow/.local/lib/python3.7/site-packages/airflow/example_dags/example_latest_only_with_trigger.py
[2022-08-06 00:11:23,808] {processor.py:641} INFO - Processing file /home/airflow/.local/lib/python3.7/site-packages/airflow/example_dags/example_latest_only_with_trigger.py for tasks to queue
[2022-08-06 00:11:23,809] {logging_mixin.py:115} INFO - [2022-08-06 00:11:23,809] {dagbag.py:507} INFO - Filling up the DagBag from /home/airflow/.local/lib/python3.7/site-packages/airflow/example_dags/example_latest_only_with_trigger.py
[2022-08-06 00:11:23,813] {processor.py:651} INFO - DAG(s) dict_keys(['latest_only_with_trigger']) retrieved from /home/airflow/.local/lib/python3.7/site-packages/airflow/example_dags/example_latest_only_with_trigger.py
[2022-08-06 00:11:23,830] {logging_mixin.py:115} INFO - [2022-08-06 00:11:23,830] {dag.py:2371} INFO - Sync 1 DAGs
[2022-08-06 00:11:23,846] {logging_mixin.py:115} INFO - [2022-08-06 00:11:23,846] {dag.py:2919} INFO - Setting next_dagrun for latest_only_with_trigger to 2022-08-05T20:11:23.846162+00:00, run_after=2022-08-06T00:11:23.846162+00:00
[2022-08-06 00:11:23,854] {processor.py:161} INFO - Processing /home/airflow/.local/lib/python3.7/site-packages/airflow/example_dags/example_latest_only_with_trigger.py took 0.049 seconds
[2022-08-06 00:11:54,215] {processor.py:153} INFO - Started process (PID=611) to work on /home/airflow/.local/lib/python3.7/site-packages/airflow/example_dags/example_latest_only_with_trigger.py
[2022-08-06 00:11:54,217] {processor.py:641} INFO - Processing file /home/airflow/.local/lib/python3.7/site-packages/airflow/example_dags/example_latest_only_with_trigger.py for tasks to queue
[2022-08-06 00:11:54,217] {logging_mixin.py:115} INFO - [2022-08-06 00:11:54,217] {dagbag.py:507} INFO - Filling up the DagBag from /home/airflow/.local/lib/python3.7/site-packages/airflow/example_dags/example_latest_only_with_trigger.py
[2022-08-06 00:11:54,222] {processor.py:651} INFO - DAG(s) dict_keys(['latest_only_with_trigger']) retrieved from /home/airflow/.local/lib/python3.7/site-packages/airflow/example_dags/example_latest_only_with_trigger.py
[2022-08-06 00:11:54,238] {logging_mixin.py:115} INFO - [2022-08-06 00:11:54,238] {dag.py:2371} INFO - Sync 1 DAGs
[2022-08-06 00:11:54,253] {logging_mixin.py:115} INFO - [2022-08-06 00:11:54,253] {dag.py:2919} INFO - Setting next_dagrun for latest_only_with_trigger to 2022-08-05T20:11:54.253714+00:00, run_after=2022-08-06T00:11:54.253714+00:00
[2022-08-06 00:11:54,262] {processor.py:161} INFO - Processing /home/airflow/.local/lib/python3.7/site-packages/airflow/example_dags/example_latest_only_with_trigger.py took 0.049 seconds
[2022-08-06 00:12:25,236] {processor.py:153} INFO - Started process (PID=673) to work on /home/airflow/.local/lib/python3.7/site-packages/airflow/example_dags/example_latest_only_with_trigger.py
[2022-08-06 00:12:25,237] {processor.py:641} INFO - Processing file /home/airflow/.local/lib/python3.7/site-packages/airflow/example_dags/example_latest_only_with_trigger.py for tasks to queue
[2022-08-06 00:12:25,238] {logging_mixin.py:115} INFO - [2022-08-06 00:12:25,238] {dagbag.py:507} INFO - Filling up the DagBag from /home/airflow/.local/lib/python3.7/site-packages/airflow/example_dags/example_latest_only_with_trigger.py
[2022-08-06 00:12:25,242] {processor.py:651} INFO - DAG(s) dict_keys(['latest_only_with_trigger']) retrieved from /home/airflow/.local/lib/python3.7/site-packages/airflow/example_dags/example_latest_only_with_trigger.py
[2022-08-06 00:12:25,259] {logging_mixin.py:115} INFO - [2022-08-06 00:12:25,259] {dag.py:2371} INFO - Sync 1 DAGs
[2022-08-06 00:12:25,361] {logging_mixin.py:115} INFO - [2022-08-06 00:12:25,361] {dag.py:2919} INFO - Setting next_dagrun for latest_only_with_trigger to 2022-08-05T20:12:25.361638+00:00, run_after=2022-08-06T00:12:25.361638+00:00
[2022-08-06 00:12:25,369] {processor.py:161} INFO - Processing /home/airflow/.local/lib/python3.7/site-packages/airflow/example_dags/example_latest_only_with_trigger.py took 0.136 seconds
[2022-08-06 00:12:56,199] {processor.py:153} INFO - Started process (PID=736) to work on /home/airflow/.local/lib/python3.7/site-packages/airflow/example_dags/example_latest_only_with_trigger.py
[2022-08-06 00:12:56,201] {processor.py:641} INFO - Processing file /home/airflow/.local/lib/python3.7/site-packages/airflow/example_dags/example_latest_only_with_trigger.py for tasks to queue
[2022-08-06 00:12:56,201] {logging_mixin.py:115} INFO - [2022-08-06 00:12:56,201] {dagbag.py:507} INFO - Filling up the DagBag from /home/airflow/.local/lib/python3.7/site-packages/airflow/example_dags/example_latest_only_with_trigger.py
[2022-08-06 00:12:56,205] {processor.py:651} INFO - DAG(s) dict_keys(['latest_only_with_trigger']) retrieved from /home/airflow/.local/lib/python3.7/site-packages/airflow/example_dags/example_latest_only_with_trigger.py
[2022-08-06 00:12:56,220] {logging_mixin.py:115} INFO - [2022-08-06 00:12:56,220] {dag.py:2371} INFO - Sync 1 DAGs
[2022-08-06 00:12:56,309] {logging_mixin.py:115} INFO - [2022-08-06 00:12:56,309] {dag.py:2919} INFO - Setting next_dagrun for latest_only_with_trigger to 2022-08-05T20:12:56.308944+00:00, run_after=2022-08-06T00:12:56.308944+00:00
[2022-08-06 00:12:56,316] {processor.py:161} INFO - Processing /home/airflow/.local/lib/python3.7/site-packages/airflow/example_dags/example_latest_only_with_trigger.py took 0.118 seconds
[2022-08-06 00:13:27,164] {processor.py:153} INFO - Started process (PID=798) to work on /home/airflow/.local/lib/python3.7/site-packages/airflow/example_dags/example_latest_only_with_trigger.py
[2022-08-06 00:13:27,165] {processor.py:641} INFO - Processing file /home/airflow/.local/lib/python3.7/site-packages/airflow/example_dags/example_latest_only_with_trigger.py for tasks to queue
[2022-08-06 00:13:27,166] {logging_mixin.py:115} INFO - [2022-08-06 00:13:27,166] {dagbag.py:507} INFO - Filling up the DagBag from /home/airflow/.local/lib/python3.7/site-packages/airflow/example_dags/example_latest_only_with_trigger.py
[2022-08-06 00:13:27,170] {processor.py:651} INFO - DAG(s) dict_keys(['latest_only_with_trigger']) retrieved from /home/airflow/.local/lib/python3.7/site-packages/airflow/example_dags/example_latest_only_with_trigger.py
[2022-08-06 00:13:27,188] {logging_mixin.py:115} INFO - [2022-08-06 00:13:27,188] {dag.py:2371} INFO - Sync 1 DAGs
[2022-08-06 00:13:27,284] {logging_mixin.py:115} INFO - [2022-08-06 00:13:27,284] {dag.py:2919} INFO - Setting next_dagrun for latest_only_with_trigger to 2022-08-05T20:13:27.284284+00:00, run_after=2022-08-06T00:13:27.284284+00:00
[2022-08-06 00:13:27,293] {processor.py:161} INFO - Processing /home/airflow/.local/lib/python3.7/site-packages/airflow/example_dags/example_latest_only_with_trigger.py took 0.131 seconds
[2022-08-06 00:13:58,003] {processor.py:153} INFO - Started process (PID=859) to work on /home/airflow/.local/lib/python3.7/site-packages/airflow/example_dags/example_latest_only_with_trigger.py
[2022-08-06 00:13:58,004] {processor.py:641} INFO - Processing file /home/airflow/.local/lib/python3.7/site-packages/airflow/example_dags/example_latest_only_with_trigger.py for tasks to queue
[2022-08-06 00:13:58,005] {logging_mixin.py:115} INFO - [2022-08-06 00:13:58,005] {dagbag.py:507} INFO - Filling up the DagBag from /home/airflow/.local/lib/python3.7/site-packages/airflow/example_dags/example_latest_only_with_trigger.py
[2022-08-06 00:13:58,015] {processor.py:651} INFO - DAG(s) dict_keys(['latest_only_with_trigger']) retrieved from /home/airflow/.local/lib/python3.7/site-packages/airflow/example_dags/example_latest_only_with_trigger.py
[2022-08-06 00:13:58,032] {logging_mixin.py:115} INFO - [2022-08-06 00:13:58,032] {dag.py:2371} INFO - Sync 1 DAGs
[2022-08-06 00:13:58,125] {logging_mixin.py:115} INFO - [2022-08-06 00:13:58,125] {dag.py:2919} INFO - Setting next_dagrun for latest_only_with_trigger to 2022-08-05T20:13:58.125654+00:00, run_after=2022-08-06T00:13:58.125654+00:00
[2022-08-06 00:13:58,144] {processor.py:161} INFO - Processing /home/airflow/.local/lib/python3.7/site-packages/airflow/example_dags/example_latest_only_with_trigger.py took 0.143 seconds
[2022-08-06 00:14:28,856] {processor.py:153} INFO - Started process (PID=922) to work on /home/airflow/.local/lib/python3.7/site-packages/airflow/example_dags/example_latest_only_with_trigger.py
[2022-08-06 00:14:28,857] {processor.py:641} INFO - Processing file /home/airflow/.local/lib/python3.7/site-packages/airflow/example_dags/example_latest_only_with_trigger.py for tasks to queue
[2022-08-06 00:14:28,858] {logging_mixin.py:115} INFO - [2022-08-06 00:14:28,858] {dagbag.py:507} INFO - Filling up the DagBag from /home/airflow/.local/lib/python3.7/site-packages/airflow/example_dags/example_latest_only_with_trigger.py
[2022-08-06 00:14:28,861] {processor.py:651} INFO - DAG(s) dict_keys(['latest_only_with_trigger']) retrieved from /home/airflow/.local/lib/python3.7/site-packages/airflow/example_dags/example_latest_only_with_trigger.py
[2022-08-06 00:14:28,875] {logging_mixin.py:115} INFO - [2022-08-06 00:14:28,875] {dag.py:2371} INFO - Sync 1 DAGs
[2022-08-06 00:14:28,964] {logging_mixin.py:115} INFO - [2022-08-06 00:14:28,963] {dag.py:2919} INFO - Setting next_dagrun for latest_only_with_trigger to 2022-08-05T20:14:28.963887+00:00, run_after=2022-08-06T00:14:28.963887+00:00
[2022-08-06 00:14:28,970] {processor.py:161} INFO - Processing /home/airflow/.local/lib/python3.7/site-packages/airflow/example_dags/example_latest_only_with_trigger.py took 0.117 seconds
[2022-08-06 00:14:59,674] {processor.py:153} INFO - Started process (PID=975) to work on /home/airflow/.local/lib/python3.7/site-packages/airflow/example_dags/example_latest_only_with_trigger.py
[2022-08-06 00:14:59,674] {processor.py:641} INFO - Processing file /home/airflow/.local/lib/python3.7/site-packages/airflow/example_dags/example_latest_only_with_trigger.py for tasks to queue
[2022-08-06 00:14:59,675] {logging_mixin.py:115} INFO - [2022-08-06 00:14:59,675] {dagbag.py:507} INFO - Filling up the DagBag from /home/airflow/.local/lib/python3.7/site-packages/airflow/example_dags/example_latest_only_with_trigger.py
[2022-08-06 00:14:59,679] {processor.py:651} INFO - DAG(s) dict_keys(['latest_only_with_trigger']) retrieved from /home/airflow/.local/lib/python3.7/site-packages/airflow/example_dags/example_latest_only_with_trigger.py
[2022-08-06 00:14:59,696] {logging_mixin.py:115} INFO - [2022-08-06 00:14:59,695] {dag.py:2371} INFO - Sync 1 DAGs
[2022-08-06 00:14:59,787] {logging_mixin.py:115} INFO - [2022-08-06 00:14:59,787] {dag.py:2919} INFO - Setting next_dagrun for latest_only_with_trigger to 2022-08-05T20:14:59.787620+00:00, run_after=2022-08-06T00:14:59.787620+00:00
[2022-08-06 00:14:59,796] {processor.py:161} INFO - Processing /home/airflow/.local/lib/python3.7/site-packages/airflow/example_dags/example_latest_only_with_trigger.py took 0.125 seconds
[2022-08-06 00:15:30,625] {processor.py:153} INFO - Started process (PID=1036) to work on /home/airflow/.local/lib/python3.7/site-packages/airflow/example_dags/example_latest_only_with_trigger.py
[2022-08-06 00:15:30,626] {processor.py:641} INFO - Processing file /home/airflow/.local/lib/python3.7/site-packages/airflow/example_dags/example_latest_only_with_trigger.py for tasks to queue
[2022-08-06 00:15:30,627] {logging_mixin.py:115} INFO - [2022-08-06 00:15:30,627] {dagbag.py:507} INFO - Filling up the DagBag from /home/airflow/.local/lib/python3.7/site-packages/airflow/example_dags/example_latest_only_with_trigger.py
[2022-08-06 00:15:30,631] {processor.py:651} INFO - DAG(s) dict_keys(['latest_only_with_trigger']) retrieved from /home/airflow/.local/lib/python3.7/site-packages/airflow/example_dags/example_latest_only_with_trigger.py
[2022-08-06 00:15:30,646] {logging_mixin.py:115} INFO - [2022-08-06 00:15:30,646] {dag.py:2371} INFO - Sync 1 DAGs
[2022-08-06 00:15:30,735] {logging_mixin.py:115} INFO - [2022-08-06 00:15:30,735] {dag.py:2919} INFO - Setting next_dagrun for latest_only_with_trigger to 2022-08-05T20:15:30.735649+00:00, run_after=2022-08-06T00:15:30.735649+00:00
[2022-08-06 00:15:30,744] {processor.py:161} INFO - Processing /home/airflow/.local/lib/python3.7/site-packages/airflow/example_dags/example_latest_only_with_trigger.py took 0.121 seconds
[2022-08-06 00:16:01,441] {processor.py:153} INFO - Started process (PID=1098) to work on /home/airflow/.local/lib/python3.7/site-packages/airflow/example_dags/example_latest_only_with_trigger.py
[2022-08-06 00:16:01,442] {processor.py:641} INFO - Processing file /home/airflow/.local/lib/python3.7/site-packages/airflow/example_dags/example_latest_only_with_trigger.py for tasks to queue
[2022-08-06 00:16:01,443] {logging_mixin.py:115} INFO - [2022-08-06 00:16:01,443] {dagbag.py:507} INFO - Filling up the DagBag from /home/airflow/.local/lib/python3.7/site-packages/airflow/example_dags/example_latest_only_with_trigger.py
[2022-08-06 00:16:01,447] {processor.py:651} INFO - DAG(s) dict_keys(['latest_only_with_trigger']) retrieved from /home/airflow/.local/lib/python3.7/site-packages/airflow/example_dags/example_latest_only_with_trigger.py
[2022-08-06 00:16:01,464] {logging_mixin.py:115} INFO - [2022-08-06 00:16:01,464] {dag.py:2371} INFO - Sync 1 DAGs
[2022-08-06 00:16:01,565] {logging_mixin.py:115} INFO - [2022-08-06 00:16:01,565] {dag.py:2919} INFO - Setting next_dagrun for latest_only_with_trigger to 2022-08-05T20:16:01.565006+00:00, run_after=2022-08-06T00:16:01.565006+00:00
[2022-08-06 00:16:01,572] {processor.py:161} INFO - Processing /home/airflow/.local/lib/python3.7/site-packages/airflow/example_dags/example_latest_only_with_trigger.py took 0.133 seconds
[2022-08-06 00:16:32,374] {processor.py:153} INFO - Started process (PID=1160) to work on /home/airflow/.local/lib/python3.7/site-packages/airflow/example_dags/example_latest_only_with_trigger.py
[2022-08-06 00:16:32,375] {processor.py:641} INFO - Processing file /home/airflow/.local/lib/python3.7/site-packages/airflow/example_dags/example_latest_only_with_trigger.py for tasks to queue
[2022-08-06 00:16:32,376] {logging_mixin.py:115} INFO - [2022-08-06 00:16:32,376] {dagbag.py:507} INFO - Filling up the DagBag from /home/airflow/.local/lib/python3.7/site-packages/airflow/example_dags/example_latest_only_with_trigger.py
[2022-08-06 00:16:32,379] {processor.py:651} INFO - DAG(s) dict_keys(['latest_only_with_trigger']) retrieved from /home/airflow/.local/lib/python3.7/site-packages/airflow/example_dags/example_latest_only_with_trigger.py
[2022-08-06 00:16:32,395] {logging_mixin.py:115} INFO - [2022-08-06 00:16:32,395] {dag.py:2371} INFO - Sync 1 DAGs
[2022-08-06 00:16:32,478] {logging_mixin.py:115} INFO - [2022-08-06 00:16:32,478] {dag.py:2919} INFO - Setting next_dagrun for latest_only_with_trigger to 2022-08-05T20:16:32.478480+00:00, run_after=2022-08-06T00:16:32.478480+00:00
[2022-08-06 00:16:32,485] {processor.py:161} INFO - Processing /home/airflow/.local/lib/python3.7/site-packages/airflow/example_dags/example_latest_only_with_trigger.py took 0.113 seconds
[2022-08-06 00:34:34,340] {processor.py:153} INFO - Started process (PID=1219) to work on /home/airflow/.local/lib/python3.7/site-packages/airflow/example_dags/example_latest_only_with_trigger.py
[2022-08-06 00:34:34,341] {processor.py:641} INFO - Processing file /home/airflow/.local/lib/python3.7/site-packages/airflow/example_dags/example_latest_only_with_trigger.py for tasks to queue
[2022-08-06 00:34:34,343] {logging_mixin.py:115} INFO - [2022-08-06 00:34:34,343] {dagbag.py:507} INFO - Filling up the DagBag from /home/airflow/.local/lib/python3.7/site-packages/airflow/example_dags/example_latest_only_with_trigger.py
[2022-08-06 00:34:34,349] {processor.py:651} INFO - DAG(s) dict_keys(['latest_only_with_trigger']) retrieved from /home/airflow/.local/lib/python3.7/site-packages/airflow/example_dags/example_latest_only_with_trigger.py
[2022-08-06 00:34:34,369] {logging_mixin.py:115} INFO - [2022-08-06 00:34:34,369] {dag.py:2371} INFO - Sync 1 DAGs
[2022-08-06 00:34:34,488] {logging_mixin.py:115} INFO - [2022-08-06 00:34:34,487] {dag.py:2919} INFO - Setting next_dagrun for latest_only_with_trigger to 2022-08-05T20:34:34.487791+00:00, run_after=2022-08-06T00:34:34.487791+00:00
[2022-08-06 00:34:34,506] {processor.py:161} INFO - Processing /home/airflow/.local/lib/python3.7/site-packages/airflow/example_dags/example_latest_only_with_trigger.py took 0.168 seconds
[2022-08-06 01:23:27,861] {processor.py:153} INFO - Started process (PID=1275) to work on /home/airflow/.local/lib/python3.7/site-packages/airflow/example_dags/example_latest_only_with_trigger.py
[2022-08-06 01:23:27,862] {processor.py:641} INFO - Processing file /home/airflow/.local/lib/python3.7/site-packages/airflow/example_dags/example_latest_only_with_trigger.py for tasks to queue
[2022-08-06 01:23:27,863] {logging_mixin.py:115} INFO - [2022-08-06 01:23:27,863] {dagbag.py:507} INFO - Filling up the DagBag from /home/airflow/.local/lib/python3.7/site-packages/airflow/example_dags/example_latest_only_with_trigger.py
[2022-08-06 01:23:27,867] {processor.py:651} INFO - DAG(s) dict_keys(['latest_only_with_trigger']) retrieved from /home/airflow/.local/lib/python3.7/site-packages/airflow/example_dags/example_latest_only_with_trigger.py
[2022-08-06 01:23:27,884] {logging_mixin.py:115} INFO - [2022-08-06 01:23:27,884] {dag.py:2371} INFO - Sync 1 DAGs
[2022-08-06 01:23:27,978] {logging_mixin.py:115} INFO - [2022-08-06 01:23:27,978] {dag.py:2919} INFO - Setting next_dagrun for latest_only_with_trigger to 2022-08-05T21:23:27.978003+00:00, run_after=2022-08-06T01:23:27.978003+00:00
[2022-08-06 01:23:27,985] {processor.py:161} INFO - Processing /home/airflow/.local/lib/python3.7/site-packages/airflow/example_dags/example_latest_only_with_trigger.py took 0.127 seconds
[2022-08-06 01:39:35,846] {processor.py:153} INFO - Started process (PID=1338) to work on /home/airflow/.local/lib/python3.7/site-packages/airflow/example_dags/example_latest_only_with_trigger.py
[2022-08-06 01:39:35,847] {processor.py:641} INFO - Processing file /home/airflow/.local/lib/python3.7/site-packages/airflow/example_dags/example_latest_only_with_trigger.py for tasks to queue
[2022-08-06 01:39:35,848] {logging_mixin.py:115} INFO - [2022-08-06 01:39:35,848] {dagbag.py:507} INFO - Filling up the DagBag from /home/airflow/.local/lib/python3.7/site-packages/airflow/example_dags/example_latest_only_with_trigger.py
[2022-08-06 01:39:35,853] {processor.py:651} INFO - DAG(s) dict_keys(['latest_only_with_trigger']) retrieved from /home/airflow/.local/lib/python3.7/site-packages/airflow/example_dags/example_latest_only_with_trigger.py
[2022-08-06 01:39:35,965] {logging_mixin.py:115} INFO - [2022-08-06 01:39:35,965] {dag.py:2371} INFO - Sync 1 DAGs
[2022-08-06 01:39:35,976] {logging_mixin.py:115} INFO - [2022-08-06 01:39:35,976] {dag.py:2919} INFO - Setting next_dagrun for latest_only_with_trigger to 2022-08-05T21:39:35.976406+00:00, run_after=2022-08-06T01:39:35.976406+00:00
[2022-08-06 01:39:35,984] {processor.py:161} INFO - Processing /home/airflow/.local/lib/python3.7/site-packages/airflow/example_dags/example_latest_only_with_trigger.py took 0.140 seconds
[2022-08-06 01:40:06,146] {processor.py:153} INFO - Started process (PID=1400) to work on /home/airflow/.local/lib/python3.7/site-packages/airflow/example_dags/example_latest_only_with_trigger.py
[2022-08-06 01:40:06,148] {processor.py:641} INFO - Processing file /home/airflow/.local/lib/python3.7/site-packages/airflow/example_dags/example_latest_only_with_trigger.py for tasks to queue
[2022-08-06 01:40:06,148] {logging_mixin.py:115} INFO - [2022-08-06 01:40:06,148] {dagbag.py:507} INFO - Filling up the DagBag from /home/airflow/.local/lib/python3.7/site-packages/airflow/example_dags/example_latest_only_with_trigger.py
[2022-08-06 01:40:06,152] {processor.py:651} INFO - DAG(s) dict_keys(['latest_only_with_trigger']) retrieved from /home/airflow/.local/lib/python3.7/site-packages/airflow/example_dags/example_latest_only_with_trigger.py
[2022-08-06 01:40:06,248] {logging_mixin.py:115} INFO - [2022-08-06 01:40:06,248] {dag.py:2371} INFO - Sync 1 DAGs
[2022-08-06 01:40:06,260] {logging_mixin.py:115} INFO - [2022-08-06 01:40:06,260] {dag.py:2919} INFO - Setting next_dagrun for latest_only_with_trigger to 2022-08-05T21:40:06.259941+00:00, run_after=2022-08-06T01:40:06.259941+00:00
[2022-08-06 01:40:06,266] {processor.py:161} INFO - Processing /home/airflow/.local/lib/python3.7/site-packages/airflow/example_dags/example_latest_only_with_trigger.py took 0.122 seconds
[2022-08-06 01:40:36,504] {processor.py:153} INFO - Started process (PID=1462) to work on /home/airflow/.local/lib/python3.7/site-packages/airflow/example_dags/example_latest_only_with_trigger.py
[2022-08-06 01:40:36,506] {processor.py:641} INFO - Processing file /home/airflow/.local/lib/python3.7/site-packages/airflow/example_dags/example_latest_only_with_trigger.py for tasks to queue
[2022-08-06 01:40:36,508] {logging_mixin.py:115} INFO - [2022-08-06 01:40:36,507] {dagbag.py:507} INFO - Filling up the DagBag from /home/airflow/.local/lib/python3.7/site-packages/airflow/example_dags/example_latest_only_with_trigger.py
[2022-08-06 01:40:36,514] {processor.py:651} INFO - DAG(s) dict_keys(['latest_only_with_trigger']) retrieved from /home/airflow/.local/lib/python3.7/site-packages/airflow/example_dags/example_latest_only_with_trigger.py
[2022-08-06 01:40:36,599] {logging_mixin.py:115} INFO - [2022-08-06 01:40:36,599] {dag.py:2371} INFO - Sync 1 DAGs
[2022-08-06 01:40:36,608] {logging_mixin.py:115} INFO - [2022-08-06 01:40:36,608] {dag.py:2919} INFO - Setting next_dagrun for latest_only_with_trigger to 2022-08-05T21:40:36.608822+00:00, run_after=2022-08-06T01:40:36.608822+00:00
[2022-08-06 01:40:36,614] {processor.py:161} INFO - Processing /home/airflow/.local/lib/python3.7/site-packages/airflow/example_dags/example_latest_only_with_trigger.py took 0.113 seconds
[2022-08-06 01:41:07,457] {processor.py:153} INFO - Started process (PID=1525) to work on /home/airflow/.local/lib/python3.7/site-packages/airflow/example_dags/example_latest_only_with_trigger.py
[2022-08-06 01:41:07,460] {processor.py:641} INFO - Processing file /home/airflow/.local/lib/python3.7/site-packages/airflow/example_dags/example_latest_only_with_trigger.py for tasks to queue
[2022-08-06 01:41:07,461] {logging_mixin.py:115} INFO - [2022-08-06 01:41:07,460] {dagbag.py:507} INFO - Filling up the DagBag from /home/airflow/.local/lib/python3.7/site-packages/airflow/example_dags/example_latest_only_with_trigger.py
[2022-08-06 01:41:07,465] {processor.py:651} INFO - DAG(s) dict_keys(['latest_only_with_trigger']) retrieved from /home/airflow/.local/lib/python3.7/site-packages/airflow/example_dags/example_latest_only_with_trigger.py
[2022-08-06 01:41:07,588] {logging_mixin.py:115} INFO - [2022-08-06 01:41:07,588] {dag.py:2371} INFO - Sync 1 DAGs
[2022-08-06 01:41:07,604] {logging_mixin.py:115} INFO - [2022-08-06 01:41:07,604] {dag.py:2919} INFO - Setting next_dagrun for latest_only_with_trigger to 2022-08-05T21:41:07.604085+00:00, run_after=2022-08-06T01:41:07.604085+00:00
[2022-08-06 01:41:07,621] {processor.py:161} INFO - Processing /home/airflow/.local/lib/python3.7/site-packages/airflow/example_dags/example_latest_only_with_trigger.py took 0.165 seconds
[2022-08-06 01:41:39,182] {processor.py:153} INFO - Started process (PID=1578) to work on /home/airflow/.local/lib/python3.7/site-packages/airflow/example_dags/example_latest_only_with_trigger.py
[2022-08-06 01:41:39,184] {processor.py:641} INFO - Processing file /home/airflow/.local/lib/python3.7/site-packages/airflow/example_dags/example_latest_only_with_trigger.py for tasks to queue
[2022-08-06 01:41:39,185] {logging_mixin.py:115} INFO - [2022-08-06 01:41:39,185] {dagbag.py:507} INFO - Filling up the DagBag from /home/airflow/.local/lib/python3.7/site-packages/airflow/example_dags/example_latest_only_with_trigger.py
[2022-08-06 01:41:39,189] {processor.py:651} INFO - DAG(s) dict_keys(['latest_only_with_trigger']) retrieved from /home/airflow/.local/lib/python3.7/site-packages/airflow/example_dags/example_latest_only_with_trigger.py
[2022-08-06 01:41:39,291] {logging_mixin.py:115} INFO - [2022-08-06 01:41:39,291] {dag.py:2371} INFO - Sync 1 DAGs
[2022-08-06 01:41:39,306] {logging_mixin.py:115} INFO - [2022-08-06 01:41:39,306] {dag.py:2919} INFO - Setting next_dagrun for latest_only_with_trigger to 2022-08-05T21:41:39.306507+00:00, run_after=2022-08-06T01:41:39.306507+00:00
[2022-08-06 01:41:39,314] {processor.py:161} INFO - Processing /home/airflow/.local/lib/python3.7/site-packages/airflow/example_dags/example_latest_only_with_trigger.py took 0.134 seconds
[2022-08-06 01:42:09,371] {processor.py:153} INFO - Started process (PID=1638) to work on /home/airflow/.local/lib/python3.7/site-packages/airflow/example_dags/example_latest_only_with_trigger.py
[2022-08-06 01:42:09,373] {processor.py:641} INFO - Processing file /home/airflow/.local/lib/python3.7/site-packages/airflow/example_dags/example_latest_only_with_trigger.py for tasks to queue
[2022-08-06 01:42:09,374] {logging_mixin.py:115} INFO - [2022-08-06 01:42:09,374] {dagbag.py:507} INFO - Filling up the DagBag from /home/airflow/.local/lib/python3.7/site-packages/airflow/example_dags/example_latest_only_with_trigger.py
[2022-08-06 01:42:09,377] {processor.py:651} INFO - DAG(s) dict_keys(['latest_only_with_trigger']) retrieved from /home/airflow/.local/lib/python3.7/site-packages/airflow/example_dags/example_latest_only_with_trigger.py
[2022-08-06 01:42:09,474] {logging_mixin.py:115} INFO - [2022-08-06 01:42:09,474] {dag.py:2371} INFO - Sync 1 DAGs
[2022-08-06 01:42:09,485] {logging_mixin.py:115} INFO - [2022-08-06 01:42:09,485] {dag.py:2919} INFO - Setting next_dagrun for latest_only_with_trigger to 2022-08-05T21:42:09.485526+00:00, run_after=2022-08-06T01:42:09.485526+00:00
[2022-08-06 01:42:09,491] {processor.py:161} INFO - Processing /home/airflow/.local/lib/python3.7/site-packages/airflow/example_dags/example_latest_only_with_trigger.py took 0.122 seconds
[2022-08-06 01:42:39,628] {processor.py:153} INFO - Started process (PID=1700) to work on /home/airflow/.local/lib/python3.7/site-packages/airflow/example_dags/example_latest_only_with_trigger.py
[2022-08-06 01:42:39,630] {processor.py:641} INFO - Processing file /home/airflow/.local/lib/python3.7/site-packages/airflow/example_dags/example_latest_only_with_trigger.py for tasks to queue
[2022-08-06 01:42:39,631] {logging_mixin.py:115} INFO - [2022-08-06 01:42:39,631] {dagbag.py:507} INFO - Filling up the DagBag from /home/airflow/.local/lib/python3.7/site-packages/airflow/example_dags/example_latest_only_with_trigger.py
[2022-08-06 01:42:39,636] {processor.py:651} INFO - DAG(s) dict_keys(['latest_only_with_trigger']) retrieved from /home/airflow/.local/lib/python3.7/site-packages/airflow/example_dags/example_latest_only_with_trigger.py
[2022-08-06 01:42:39,760] {logging_mixin.py:115} INFO - [2022-08-06 01:42:39,760] {dag.py:2371} INFO - Sync 1 DAGs
[2022-08-06 01:42:39,773] {logging_mixin.py:115} INFO - [2022-08-06 01:42:39,773] {dag.py:2919} INFO - Setting next_dagrun for latest_only_with_trigger to 2022-08-05T21:42:39.772981+00:00, run_after=2022-08-06T01:42:39.772981+00:00
[2022-08-06 01:42:39,783] {processor.py:161} INFO - Processing /home/airflow/.local/lib/python3.7/site-packages/airflow/example_dags/example_latest_only_with_trigger.py took 0.158 seconds
[2022-08-06 01:43:09,903] {processor.py:153} INFO - Started process (PID=1762) to work on /home/airflow/.local/lib/python3.7/site-packages/airflow/example_dags/example_latest_only_with_trigger.py
[2022-08-06 01:43:09,905] {processor.py:641} INFO - Processing file /home/airflow/.local/lib/python3.7/site-packages/airflow/example_dags/example_latest_only_with_trigger.py for tasks to queue
[2022-08-06 01:43:09,905] {logging_mixin.py:115} INFO - [2022-08-06 01:43:09,905] {dagbag.py:507} INFO - Filling up the DagBag from /home/airflow/.local/lib/python3.7/site-packages/airflow/example_dags/example_latest_only_with_trigger.py
[2022-08-06 01:43:09,909] {processor.py:651} INFO - DAG(s) dict_keys(['latest_only_with_trigger']) retrieved from /home/airflow/.local/lib/python3.7/site-packages/airflow/example_dags/example_latest_only_with_trigger.py
[2022-08-06 01:43:10,023] {logging_mixin.py:115} INFO - [2022-08-06 01:43:10,023] {dag.py:2371} INFO - Sync 1 DAGs
[2022-08-06 01:43:10,034] {logging_mixin.py:115} INFO - [2022-08-06 01:43:10,034] {dag.py:2919} INFO - Setting next_dagrun for latest_only_with_trigger to 2022-08-05T21:43:10.034756+00:00, run_after=2022-08-06T01:43:10.034756+00:00
[2022-08-06 01:43:10,042] {processor.py:161} INFO - Processing /home/airflow/.local/lib/python3.7/site-packages/airflow/example_dags/example_latest_only_with_trigger.py took 0.141 seconds
[2022-08-06 01:43:40,682] {processor.py:153} INFO - Started process (PID=1824) to work on /home/airflow/.local/lib/python3.7/site-packages/airflow/example_dags/example_latest_only_with_trigger.py
[2022-08-06 01:43:40,684] {processor.py:641} INFO - Processing file /home/airflow/.local/lib/python3.7/site-packages/airflow/example_dags/example_latest_only_with_trigger.py for tasks to queue
[2022-08-06 01:43:40,685] {logging_mixin.py:115} INFO - [2022-08-06 01:43:40,685] {dagbag.py:507} INFO - Filling up the DagBag from /home/airflow/.local/lib/python3.7/site-packages/airflow/example_dags/example_latest_only_with_trigger.py
[2022-08-06 01:43:40,688] {processor.py:651} INFO - DAG(s) dict_keys(['latest_only_with_trigger']) retrieved from /home/airflow/.local/lib/python3.7/site-packages/airflow/example_dags/example_latest_only_with_trigger.py
[2022-08-06 01:43:40,794] {logging_mixin.py:115} INFO - [2022-08-06 01:43:40,794] {dag.py:2371} INFO - Sync 1 DAGs
[2022-08-06 01:43:40,805] {logging_mixin.py:115} INFO - [2022-08-06 01:43:40,805] {dag.py:2919} INFO - Setting next_dagrun for latest_only_with_trigger to 2022-08-05T21:43:40.805144+00:00, run_after=2022-08-06T01:43:40.805144+00:00
[2022-08-06 01:43:40,811] {processor.py:161} INFO - Processing /home/airflow/.local/lib/python3.7/site-packages/airflow/example_dags/example_latest_only_with_trigger.py took 0.131 seconds
[2022-08-06 01:44:11,878] {processor.py:153} INFO - Started process (PID=1886) to work on /home/airflow/.local/lib/python3.7/site-packages/airflow/example_dags/example_latest_only_with_trigger.py
[2022-08-06 01:44:11,880] {processor.py:641} INFO - Processing file /home/airflow/.local/lib/python3.7/site-packages/airflow/example_dags/example_latest_only_with_trigger.py for tasks to queue
[2022-08-06 01:44:11,881] {logging_mixin.py:115} INFO - [2022-08-06 01:44:11,881] {dagbag.py:507} INFO - Filling up the DagBag from /home/airflow/.local/lib/python3.7/site-packages/airflow/example_dags/example_latest_only_with_trigger.py
[2022-08-06 01:44:11,885] {processor.py:651} INFO - DAG(s) dict_keys(['latest_only_with_trigger']) retrieved from /home/airflow/.local/lib/python3.7/site-packages/airflow/example_dags/example_latest_only_with_trigger.py
[2022-08-06 01:44:11,993] {logging_mixin.py:115} INFO - [2022-08-06 01:44:11,993] {dag.py:2371} INFO - Sync 1 DAGs
[2022-08-06 01:44:12,008] {logging_mixin.py:115} INFO - [2022-08-06 01:44:12,008] {dag.py:2919} INFO - Setting next_dagrun for latest_only_with_trigger to 2022-08-05T21:44:12.008322+00:00, run_after=2022-08-06T01:44:12.008322+00:00
[2022-08-06 01:44:12,018] {processor.py:161} INFO - Processing /home/airflow/.local/lib/python3.7/site-packages/airflow/example_dags/example_latest_only_with_trigger.py took 0.142 seconds
[2022-08-06 01:44:42,210] {processor.py:153} INFO - Started process (PID=1939) to work on /home/airflow/.local/lib/python3.7/site-packages/airflow/example_dags/example_latest_only_with_trigger.py
[2022-08-06 01:44:42,211] {processor.py:641} INFO - Processing file /home/airflow/.local/lib/python3.7/site-packages/airflow/example_dags/example_latest_only_with_trigger.py for tasks to queue
[2022-08-06 01:44:42,212] {logging_mixin.py:115} INFO - [2022-08-06 01:44:42,212] {dagbag.py:507} INFO - Filling up the DagBag from /home/airflow/.local/lib/python3.7/site-packages/airflow/example_dags/example_latest_only_with_trigger.py
[2022-08-06 01:44:42,216] {processor.py:651} INFO - DAG(s) dict_keys(['latest_only_with_trigger']) retrieved from /home/airflow/.local/lib/python3.7/site-packages/airflow/example_dags/example_latest_only_with_trigger.py
[2022-08-06 01:44:42,308] {logging_mixin.py:115} INFO - [2022-08-06 01:44:42,308] {dag.py:2371} INFO - Sync 1 DAGs
[2022-08-06 01:44:42,319] {logging_mixin.py:115} INFO - [2022-08-06 01:44:42,319] {dag.py:2919} INFO - Setting next_dagrun for latest_only_with_trigger to 2022-08-05T21:44:42.319625+00:00, run_after=2022-08-06T01:44:42.319625+00:00
[2022-08-06 01:44:42,325] {processor.py:161} INFO - Processing /home/airflow/.local/lib/python3.7/site-packages/airflow/example_dags/example_latest_only_with_trigger.py took 0.118 seconds
[2022-08-06 01:45:12,673] {processor.py:153} INFO - Started process (PID=2000) to work on /home/airflow/.local/lib/python3.7/site-packages/airflow/example_dags/example_latest_only_with_trigger.py
[2022-08-06 01:45:12,674] {processor.py:641} INFO - Processing file /home/airflow/.local/lib/python3.7/site-packages/airflow/example_dags/example_latest_only_with_trigger.py for tasks to queue
[2022-08-06 01:45:12,675] {logging_mixin.py:115} INFO - [2022-08-06 01:45:12,675] {dagbag.py:507} INFO - Filling up the DagBag from /home/airflow/.local/lib/python3.7/site-packages/airflow/example_dags/example_latest_only_with_trigger.py
[2022-08-06 01:45:12,678] {processor.py:651} INFO - DAG(s) dict_keys(['latest_only_with_trigger']) retrieved from /home/airflow/.local/lib/python3.7/site-packages/airflow/example_dags/example_latest_only_with_trigger.py
[2022-08-06 01:45:12,761] {logging_mixin.py:115} INFO - [2022-08-06 01:45:12,761] {dag.py:2371} INFO - Sync 1 DAGs
[2022-08-06 01:45:12,771] {logging_mixin.py:115} INFO - [2022-08-06 01:45:12,771] {dag.py:2919} INFO - Setting next_dagrun for latest_only_with_trigger to 2022-08-05T21:45:12.771237+00:00, run_after=2022-08-06T01:45:12.771237+00:00
[2022-08-06 01:45:12,777] {processor.py:161} INFO - Processing /home/airflow/.local/lib/python3.7/site-packages/airflow/example_dags/example_latest_only_with_trigger.py took 0.106 seconds
[2022-08-06 01:45:43,089] {processor.py:153} INFO - Started process (PID=2062) to work on /home/airflow/.local/lib/python3.7/site-packages/airflow/example_dags/example_latest_only_with_trigger.py
[2022-08-06 01:45:43,091] {processor.py:641} INFO - Processing file /home/airflow/.local/lib/python3.7/site-packages/airflow/example_dags/example_latest_only_with_trigger.py for tasks to queue
[2022-08-06 01:45:43,092] {logging_mixin.py:115} INFO - [2022-08-06 01:45:43,092] {dagbag.py:507} INFO - Filling up the DagBag from /home/airflow/.local/lib/python3.7/site-packages/airflow/example_dags/example_latest_only_with_trigger.py
[2022-08-06 01:45:43,097] {processor.py:651} INFO - DAG(s) dict_keys(['latest_only_with_trigger']) retrieved from /home/airflow/.local/lib/python3.7/site-packages/airflow/example_dags/example_latest_only_with_trigger.py
[2022-08-06 01:45:43,187] {logging_mixin.py:115} INFO - [2022-08-06 01:45:43,187] {dag.py:2371} INFO - Sync 1 DAGs
[2022-08-06 01:45:43,198] {logging_mixin.py:115} INFO - [2022-08-06 01:45:43,198] {dag.py:2919} INFO - Setting next_dagrun for latest_only_with_trigger to 2022-08-05T21:45:43.197966+00:00, run_after=2022-08-06T01:45:43.197966+00:00
[2022-08-06 01:45:43,205] {processor.py:161} INFO - Processing /home/airflow/.local/lib/python3.7/site-packages/airflow/example_dags/example_latest_only_with_trigger.py took 0.118 seconds
[2022-08-06 01:46:13,406] {processor.py:153} INFO - Started process (PID=2124) to work on /home/airflow/.local/lib/python3.7/site-packages/airflow/example_dags/example_latest_only_with_trigger.py
[2022-08-06 01:46:13,408] {processor.py:641} INFO - Processing file /home/airflow/.local/lib/python3.7/site-packages/airflow/example_dags/example_latest_only_with_trigger.py for tasks to queue
[2022-08-06 01:46:13,408] {logging_mixin.py:115} INFO - [2022-08-06 01:46:13,408] {dagbag.py:507} INFO - Filling up the DagBag from /home/airflow/.local/lib/python3.7/site-packages/airflow/example_dags/example_latest_only_with_trigger.py
[2022-08-06 01:46:13,412] {processor.py:651} INFO - DAG(s) dict_keys(['latest_only_with_trigger']) retrieved from /home/airflow/.local/lib/python3.7/site-packages/airflow/example_dags/example_latest_only_with_trigger.py
[2022-08-06 01:46:13,500] {logging_mixin.py:115} INFO - [2022-08-06 01:46:13,500] {dag.py:2371} INFO - Sync 1 DAGs
[2022-08-06 01:46:13,514] {logging_mixin.py:115} INFO - [2022-08-06 01:46:13,514] {dag.py:2919} INFO - Setting next_dagrun for latest_only_with_trigger to 2022-08-05T21:46:13.514065+00:00, run_after=2022-08-06T01:46:13.514065+00:00
[2022-08-06 01:46:13,520] {processor.py:161} INFO - Processing /home/airflow/.local/lib/python3.7/site-packages/airflow/example_dags/example_latest_only_with_trigger.py took 0.116 seconds
[2022-08-06 01:46:43,650] {processor.py:153} INFO - Started process (PID=2187) to work on /home/airflow/.local/lib/python3.7/site-packages/airflow/example_dags/example_latest_only_with_trigger.py
[2022-08-06 01:46:43,651] {processor.py:641} INFO - Processing file /home/airflow/.local/lib/python3.7/site-packages/airflow/example_dags/example_latest_only_with_trigger.py for tasks to queue
[2022-08-06 01:46:43,653] {logging_mixin.py:115} INFO - [2022-08-06 01:46:43,653] {dagbag.py:507} INFO - Filling up the DagBag from /home/airflow/.local/lib/python3.7/site-packages/airflow/example_dags/example_latest_only_with_trigger.py
[2022-08-06 01:46:43,657] {processor.py:651} INFO - DAG(s) dict_keys(['latest_only_with_trigger']) retrieved from /home/airflow/.local/lib/python3.7/site-packages/airflow/example_dags/example_latest_only_with_trigger.py
[2022-08-06 01:46:43,748] {logging_mixin.py:115} INFO - [2022-08-06 01:46:43,748] {dag.py:2371} INFO - Sync 1 DAGs
[2022-08-06 01:46:43,763] {logging_mixin.py:115} INFO - [2022-08-06 01:46:43,763] {dag.py:2919} INFO - Setting next_dagrun for latest_only_with_trigger to 2022-08-05T21:46:43.762994+00:00, run_after=2022-08-06T01:46:43.762994+00:00
[2022-08-06 01:46:43,771] {processor.py:161} INFO - Processing /home/airflow/.local/lib/python3.7/site-packages/airflow/example_dags/example_latest_only_with_trigger.py took 0.123 seconds
[2022-08-06 01:47:13,845] {processor.py:153} INFO - Started process (PID=2240) to work on /home/airflow/.local/lib/python3.7/site-packages/airflow/example_dags/example_latest_only_with_trigger.py
[2022-08-06 01:47:13,846] {processor.py:641} INFO - Processing file /home/airflow/.local/lib/python3.7/site-packages/airflow/example_dags/example_latest_only_with_trigger.py for tasks to queue
[2022-08-06 01:47:13,847] {logging_mixin.py:115} INFO - [2022-08-06 01:47:13,847] {dagbag.py:507} INFO - Filling up the DagBag from /home/airflow/.local/lib/python3.7/site-packages/airflow/example_dags/example_latest_only_with_trigger.py
[2022-08-06 01:47:13,853] {processor.py:651} INFO - DAG(s) dict_keys(['latest_only_with_trigger']) retrieved from /home/airflow/.local/lib/python3.7/site-packages/airflow/example_dags/example_latest_only_with_trigger.py
[2022-08-06 01:47:13,949] {logging_mixin.py:115} INFO - [2022-08-06 01:47:13,949] {dag.py:2371} INFO - Sync 1 DAGs
[2022-08-06 01:47:13,961] {logging_mixin.py:115} INFO - [2022-08-06 01:47:13,961] {dag.py:2919} INFO - Setting next_dagrun for latest_only_with_trigger to 2022-08-05T21:47:13.961089+00:00, run_after=2022-08-06T01:47:13.961089+00:00
[2022-08-06 01:47:13,968] {processor.py:161} INFO - Processing /home/airflow/.local/lib/python3.7/site-packages/airflow/example_dags/example_latest_only_with_trigger.py took 0.125 seconds
[2022-08-06 01:47:44,874] {processor.py:153} INFO - Started process (PID=2302) to work on /home/airflow/.local/lib/python3.7/site-packages/airflow/example_dags/example_latest_only_with_trigger.py
[2022-08-06 01:47:44,876] {processor.py:641} INFO - Processing file /home/airflow/.local/lib/python3.7/site-packages/airflow/example_dags/example_latest_only_with_trigger.py for tasks to queue
[2022-08-06 01:47:44,877] {logging_mixin.py:115} INFO - [2022-08-06 01:47:44,877] {dagbag.py:507} INFO - Filling up the DagBag from /home/airflow/.local/lib/python3.7/site-packages/airflow/example_dags/example_latest_only_with_trigger.py
[2022-08-06 01:47:44,881] {processor.py:651} INFO - DAG(s) dict_keys(['latest_only_with_trigger']) retrieved from /home/airflow/.local/lib/python3.7/site-packages/airflow/example_dags/example_latest_only_with_trigger.py
[2022-08-06 01:47:45,004] {logging_mixin.py:115} INFO - [2022-08-06 01:47:45,004] {dag.py:2371} INFO - Sync 1 DAGs
[2022-08-06 01:47:45,015] {logging_mixin.py:115} INFO - [2022-08-06 01:47:45,015] {dag.py:2919} INFO - Setting next_dagrun for latest_only_with_trigger to 2022-08-05T21:47:45.015711+00:00, run_after=2022-08-06T01:47:45.015711+00:00
[2022-08-06 01:47:45,022] {processor.py:161} INFO - Processing /home/airflow/.local/lib/python3.7/site-packages/airflow/example_dags/example_latest_only_with_trigger.py took 0.150 seconds
[2022-08-06 01:48:15,807] {processor.py:153} INFO - Started process (PID=2364) to work on /home/airflow/.local/lib/python3.7/site-packages/airflow/example_dags/example_latest_only_with_trigger.py
[2022-08-06 01:48:15,808] {processor.py:641} INFO - Processing file /home/airflow/.local/lib/python3.7/site-packages/airflow/example_dags/example_latest_only_with_trigger.py for tasks to queue
[2022-08-06 01:48:15,809] {logging_mixin.py:115} INFO - [2022-08-06 01:48:15,809] {dagbag.py:507} INFO - Filling up the DagBag from /home/airflow/.local/lib/python3.7/site-packages/airflow/example_dags/example_latest_only_with_trigger.py
[2022-08-06 01:48:15,813] {processor.py:651} INFO - DAG(s) dict_keys(['latest_only_with_trigger']) retrieved from /home/airflow/.local/lib/python3.7/site-packages/airflow/example_dags/example_latest_only_with_trigger.py
[2022-08-06 01:48:15,922] {logging_mixin.py:115} INFO - [2022-08-06 01:48:15,922] {dag.py:2371} INFO - Sync 1 DAGs
[2022-08-06 01:48:15,935] {logging_mixin.py:115} INFO - [2022-08-06 01:48:15,935] {dag.py:2919} INFO - Setting next_dagrun for latest_only_with_trigger to 2022-08-05T21:48:15.935162+00:00, run_after=2022-08-06T01:48:15.935162+00:00
[2022-08-06 01:48:15,944] {processor.py:161} INFO - Processing /home/airflow/.local/lib/python3.7/site-packages/airflow/example_dags/example_latest_only_with_trigger.py took 0.139 seconds
[2022-08-06 01:48:46,771] {processor.py:153} INFO - Started process (PID=2425) to work on /home/airflow/.local/lib/python3.7/site-packages/airflow/example_dags/example_latest_only_with_trigger.py
[2022-08-06 01:48:46,772] {processor.py:641} INFO - Processing file /home/airflow/.local/lib/python3.7/site-packages/airflow/example_dags/example_latest_only_with_trigger.py for tasks to queue
[2022-08-06 01:48:46,773] {logging_mixin.py:115} INFO - [2022-08-06 01:48:46,773] {dagbag.py:507} INFO - Filling up the DagBag from /home/airflow/.local/lib/python3.7/site-packages/airflow/example_dags/example_latest_only_with_trigger.py
[2022-08-06 01:48:46,777] {processor.py:651} INFO - DAG(s) dict_keys(['latest_only_with_trigger']) retrieved from /home/airflow/.local/lib/python3.7/site-packages/airflow/example_dags/example_latest_only_with_trigger.py
[2022-08-06 01:48:46,889] {logging_mixin.py:115} INFO - [2022-08-06 01:48:46,889] {dag.py:2371} INFO - Sync 1 DAGs
[2022-08-06 01:48:46,909] {logging_mixin.py:115} INFO - [2022-08-06 01:48:46,909] {dag.py:2919} INFO - Setting next_dagrun for latest_only_with_trigger to 2022-08-05T21:48:46.909687+00:00, run_after=2022-08-06T01:48:46.909687+00:00
[2022-08-06 01:48:46,918] {processor.py:161} INFO - Processing /home/airflow/.local/lib/python3.7/site-packages/airflow/example_dags/example_latest_only_with_trigger.py took 0.149 seconds
[2022-08-06 01:49:17,755] {processor.py:153} INFO - Started process (PID=2489) to work on /home/airflow/.local/lib/python3.7/site-packages/airflow/example_dags/example_latest_only_with_trigger.py
[2022-08-06 01:49:17,757] {processor.py:641} INFO - Processing file /home/airflow/.local/lib/python3.7/site-packages/airflow/example_dags/example_latest_only_with_trigger.py for tasks to queue
[2022-08-06 01:49:17,758] {logging_mixin.py:115} INFO - [2022-08-06 01:49:17,757] {dagbag.py:507} INFO - Filling up the DagBag from /home/airflow/.local/lib/python3.7/site-packages/airflow/example_dags/example_latest_only_with_trigger.py
[2022-08-06 01:49:17,762] {processor.py:651} INFO - DAG(s) dict_keys(['latest_only_with_trigger']) retrieved from /home/airflow/.local/lib/python3.7/site-packages/airflow/example_dags/example_latest_only_with_trigger.py
[2022-08-06 01:49:17,875] {logging_mixin.py:115} INFO - [2022-08-06 01:49:17,875] {dag.py:2371} INFO - Sync 1 DAGs
[2022-08-06 01:49:17,888] {logging_mixin.py:115} INFO - [2022-08-06 01:49:17,888] {dag.py:2919} INFO - Setting next_dagrun for latest_only_with_trigger to 2022-08-05T21:49:17.888071+00:00, run_after=2022-08-06T01:49:17.888071+00:00
[2022-08-06 01:49:17,896] {processor.py:161} INFO - Processing /home/airflow/.local/lib/python3.7/site-packages/airflow/example_dags/example_latest_only_with_trigger.py took 0.142 seconds
[2022-08-06 01:49:48,529] {processor.py:153} INFO - Started process (PID=2552) to work on /home/airflow/.local/lib/python3.7/site-packages/airflow/example_dags/example_latest_only_with_trigger.py
[2022-08-06 01:49:48,531] {processor.py:641} INFO - Processing file /home/airflow/.local/lib/python3.7/site-packages/airflow/example_dags/example_latest_only_with_trigger.py for tasks to queue
[2022-08-06 01:49:48,533] {logging_mixin.py:115} INFO - [2022-08-06 01:49:48,533] {dagbag.py:507} INFO - Filling up the DagBag from /home/airflow/.local/lib/python3.7/site-packages/airflow/example_dags/example_latest_only_with_trigger.py
[2022-08-06 01:49:48,541] {processor.py:651} INFO - DAG(s) dict_keys(['latest_only_with_trigger']) retrieved from /home/airflow/.local/lib/python3.7/site-packages/airflow/example_dags/example_latest_only_with_trigger.py
[2022-08-06 01:49:48,559] {logging_mixin.py:115} INFO - [2022-08-06 01:49:48,559] {dag.py:2371} INFO - Sync 1 DAGs
[2022-08-06 01:49:48,572] {logging_mixin.py:115} INFO - [2022-08-06 01:49:48,572] {dag.py:2919} INFO - Setting next_dagrun for latest_only_with_trigger to 2022-08-05T21:49:48.572633+00:00, run_after=2022-08-06T01:49:48.572633+00:00
[2022-08-06 01:49:48,580] {processor.py:161} INFO - Processing /home/airflow/.local/lib/python3.7/site-packages/airflow/example_dags/example_latest_only_with_trigger.py took 0.053 seconds
[2022-08-06 01:50:19,237] {processor.py:153} INFO - Started process (PID=2614) to work on /home/airflow/.local/lib/python3.7/site-packages/airflow/example_dags/example_latest_only_with_trigger.py
[2022-08-06 01:50:19,239] {processor.py:641} INFO - Processing file /home/airflow/.local/lib/python3.7/site-packages/airflow/example_dags/example_latest_only_with_trigger.py for tasks to queue
[2022-08-06 01:50:19,240] {logging_mixin.py:115} INFO - [2022-08-06 01:50:19,240] {dagbag.py:507} INFO - Filling up the DagBag from /home/airflow/.local/lib/python3.7/site-packages/airflow/example_dags/example_latest_only_with_trigger.py
[2022-08-06 01:50:19,245] {processor.py:651} INFO - DAG(s) dict_keys(['latest_only_with_trigger']) retrieved from /home/airflow/.local/lib/python3.7/site-packages/airflow/example_dags/example_latest_only_with_trigger.py
[2022-08-06 01:50:19,265] {logging_mixin.py:115} INFO - [2022-08-06 01:50:19,265] {dag.py:2371} INFO - Sync 1 DAGs
[2022-08-06 01:50:19,280] {logging_mixin.py:115} INFO - [2022-08-06 01:50:19,280] {dag.py:2919} INFO - Setting next_dagrun for latest_only_with_trigger to 2022-08-05T21:50:19.280744+00:00, run_after=2022-08-06T01:50:19.280744+00:00
[2022-08-06 01:50:19,291] {processor.py:161} INFO - Processing /home/airflow/.local/lib/python3.7/site-packages/airflow/example_dags/example_latest_only_with_trigger.py took 0.056 seconds
[2022-08-06 01:50:49,861] {processor.py:153} INFO - Started process (PID=2667) to work on /home/airflow/.local/lib/python3.7/site-packages/airflow/example_dags/example_latest_only_with_trigger.py
[2022-08-06 01:50:49,863] {processor.py:641} INFO - Processing file /home/airflow/.local/lib/python3.7/site-packages/airflow/example_dags/example_latest_only_with_trigger.py for tasks to queue
[2022-08-06 01:50:49,864] {logging_mixin.py:115} INFO - [2022-08-06 01:50:49,864] {dagbag.py:507} INFO - Filling up the DagBag from /home/airflow/.local/lib/python3.7/site-packages/airflow/example_dags/example_latest_only_with_trigger.py
[2022-08-06 01:50:49,869] {processor.py:651} INFO - DAG(s) dict_keys(['latest_only_with_trigger']) retrieved from /home/airflow/.local/lib/python3.7/site-packages/airflow/example_dags/example_latest_only_with_trigger.py
[2022-08-06 01:50:49,887] {logging_mixin.py:115} INFO - [2022-08-06 01:50:49,887] {dag.py:2371} INFO - Sync 1 DAGs
[2022-08-06 01:50:49,901] {logging_mixin.py:115} INFO - [2022-08-06 01:50:49,901] {dag.py:2919} INFO - Setting next_dagrun for latest_only_with_trigger to 2022-08-05T21:50:49.900911+00:00, run_after=2022-08-06T01:50:49.900911+00:00
[2022-08-06 01:50:49,908] {processor.py:161} INFO - Processing /home/airflow/.local/lib/python3.7/site-packages/airflow/example_dags/example_latest_only_with_trigger.py took 0.049 seconds
[2022-08-06 01:51:20,338] {processor.py:153} INFO - Started process (PID=2730) to work on /home/airflow/.local/lib/python3.7/site-packages/airflow/example_dags/example_latest_only_with_trigger.py
[2022-08-06 01:51:20,339] {processor.py:641} INFO - Processing file /home/airflow/.local/lib/python3.7/site-packages/airflow/example_dags/example_latest_only_with_trigger.py for tasks to queue
[2022-08-06 01:51:20,347] {logging_mixin.py:115} INFO - [2022-08-06 01:51:20,346] {dagbag.py:507} INFO - Filling up the DagBag from /home/airflow/.local/lib/python3.7/site-packages/airflow/example_dags/example_latest_only_with_trigger.py
[2022-08-06 01:51:20,352] {processor.py:651} INFO - DAG(s) dict_keys(['latest_only_with_trigger']) retrieved from /home/airflow/.local/lib/python3.7/site-packages/airflow/example_dags/example_latest_only_with_trigger.py
[2022-08-06 01:51:20,371] {logging_mixin.py:115} INFO - [2022-08-06 01:51:20,370] {dag.py:2371} INFO - Sync 1 DAGs
[2022-08-06 01:51:20,385] {logging_mixin.py:115} INFO - [2022-08-06 01:51:20,385] {dag.py:2919} INFO - Setting next_dagrun for latest_only_with_trigger to 2022-08-05T21:51:20.384905+00:00, run_after=2022-08-06T01:51:20.384905+00:00
[2022-08-06 01:51:20,391] {processor.py:161} INFO - Processing /home/airflow/.local/lib/python3.7/site-packages/airflow/example_dags/example_latest_only_with_trigger.py took 0.057 seconds
[2022-08-06 01:51:50,887] {processor.py:153} INFO - Started process (PID=2792) to work on /home/airflow/.local/lib/python3.7/site-packages/airflow/example_dags/example_latest_only_with_trigger.py
[2022-08-06 01:51:50,888] {processor.py:641} INFO - Processing file /home/airflow/.local/lib/python3.7/site-packages/airflow/example_dags/example_latest_only_with_trigger.py for tasks to queue
[2022-08-06 01:51:50,889] {logging_mixin.py:115} INFO - [2022-08-06 01:51:50,889] {dagbag.py:507} INFO - Filling up the DagBag from /home/airflow/.local/lib/python3.7/site-packages/airflow/example_dags/example_latest_only_with_trigger.py
[2022-08-06 01:51:50,893] {processor.py:651} INFO - DAG(s) dict_keys(['latest_only_with_trigger']) retrieved from /home/airflow/.local/lib/python3.7/site-packages/airflow/example_dags/example_latest_only_with_trigger.py
[2022-08-06 01:51:50,910] {logging_mixin.py:115} INFO - [2022-08-06 01:51:50,910] {dag.py:2371} INFO - Sync 1 DAGs
[2022-08-06 01:51:50,923] {logging_mixin.py:115} INFO - [2022-08-06 01:51:50,923] {dag.py:2919} INFO - Setting next_dagrun for latest_only_with_trigger to 2022-08-05T21:51:50.923025+00:00, run_after=2022-08-06T01:51:50.923025+00:00
[2022-08-06 01:51:50,930] {processor.py:161} INFO - Processing /home/airflow/.local/lib/python3.7/site-packages/airflow/example_dags/example_latest_only_with_trigger.py took 0.045 seconds
[2022-08-06 01:52:21,466] {processor.py:153} INFO - Started process (PID=2851) to work on /home/airflow/.local/lib/python3.7/site-packages/airflow/example_dags/example_latest_only_with_trigger.py
[2022-08-06 01:52:21,468] {processor.py:641} INFO - Processing file /home/airflow/.local/lib/python3.7/site-packages/airflow/example_dags/example_latest_only_with_trigger.py for tasks to queue
[2022-08-06 01:52:21,469] {logging_mixin.py:115} INFO - [2022-08-06 01:52:21,469] {dagbag.py:507} INFO - Filling up the DagBag from /home/airflow/.local/lib/python3.7/site-packages/airflow/example_dags/example_latest_only_with_trigger.py
[2022-08-06 01:52:21,474] {processor.py:651} INFO - DAG(s) dict_keys(['latest_only_with_trigger']) retrieved from /home/airflow/.local/lib/python3.7/site-packages/airflow/example_dags/example_latest_only_with_trigger.py
[2022-08-06 01:52:21,490] {logging_mixin.py:115} INFO - [2022-08-06 01:52:21,490] {dag.py:2371} INFO - Sync 1 DAGs
[2022-08-06 01:52:21,503] {logging_mixin.py:115} INFO - [2022-08-06 01:52:21,503] {dag.py:2919} INFO - Setting next_dagrun for latest_only_with_trigger to 2022-08-05T21:52:21.503002+00:00, run_after=2022-08-06T01:52:21.503002+00:00
[2022-08-06 01:52:21,515] {processor.py:161} INFO - Processing /home/airflow/.local/lib/python3.7/site-packages/airflow/example_dags/example_latest_only_with_trigger.py took 0.051 seconds
[2022-08-06 01:52:52,011] {processor.py:153} INFO - Started process (PID=2914) to work on /home/airflow/.local/lib/python3.7/site-packages/airflow/example_dags/example_latest_only_with_trigger.py
[2022-08-06 01:52:52,012] {processor.py:641} INFO - Processing file /home/airflow/.local/lib/python3.7/site-packages/airflow/example_dags/example_latest_only_with_trigger.py for tasks to queue
[2022-08-06 01:52:52,013] {logging_mixin.py:115} INFO - [2022-08-06 01:52:52,013] {dagbag.py:507} INFO - Filling up the DagBag from /home/airflow/.local/lib/python3.7/site-packages/airflow/example_dags/example_latest_only_with_trigger.py
[2022-08-06 01:52:52,017] {processor.py:651} INFO - DAG(s) dict_keys(['latest_only_with_trigger']) retrieved from /home/airflow/.local/lib/python3.7/site-packages/airflow/example_dags/example_latest_only_with_trigger.py
[2022-08-06 01:52:52,033] {logging_mixin.py:115} INFO - [2022-08-06 01:52:52,033] {dag.py:2371} INFO - Sync 1 DAGs
[2022-08-06 01:52:52,046] {logging_mixin.py:115} INFO - [2022-08-06 01:52:52,046] {dag.py:2919} INFO - Setting next_dagrun for latest_only_with_trigger to 2022-08-05T21:52:52.046148+00:00, run_after=2022-08-06T01:52:52.046148+00:00
[2022-08-06 01:52:52,052] {processor.py:161} INFO - Processing /home/airflow/.local/lib/python3.7/site-packages/airflow/example_dags/example_latest_only_with_trigger.py took 0.043 seconds
