[2022-08-06 00:01:56,290] {processor.py:153} INFO - Started process (PID=3458) to work on /home/airflow/.local/lib/python3.7/site-packages/airflow/example_dags/example_branch_operator_decorator.py
[2022-08-06 00:01:56,292] {processor.py:641} INFO - Processing file /home/airflow/.local/lib/python3.7/site-packages/airflow/example_dags/example_branch_operator_decorator.py for tasks to queue
[2022-08-06 00:01:56,293] {logging_mixin.py:115} INFO - [2022-08-06 00:01:56,293] {dagbag.py:507} INFO - Filling up the DagBag from /home/airflow/.local/lib/python3.7/site-packages/airflow/example_dags/example_branch_operator_decorator.py
[2022-08-06 00:01:56,306] {processor.py:651} INFO - DAG(s) dict_keys(['example_branch_python_operator_decorator']) retrieved from /home/airflow/.local/lib/python3.7/site-packages/airflow/example_dags/example_branch_operator_decorator.py
[2022-08-06 00:01:56,329] {logging_mixin.py:115} INFO - [2022-08-06 00:01:56,329] {dag.py:2371} INFO - Sync 1 DAGs
[2022-08-06 00:01:56,362] {logging_mixin.py:115} INFO - [2022-08-06 00:01:56,362] {dag.py:2919} INFO - Setting next_dagrun for example_branch_python_operator_decorator to 2022-08-05T00:00:00+00:00, run_after=2022-08-06T00:00:00+00:00
[2022-08-06 00:01:56,371] {processor.py:161} INFO - Processing /home/airflow/.local/lib/python3.7/site-packages/airflow/example_dags/example_branch_operator_decorator.py took 0.086 seconds
[2022-08-06 00:02:27,074] {processor.py:153} INFO - Started process (PID=3519) to work on /home/airflow/.local/lib/python3.7/site-packages/airflow/example_dags/example_branch_operator_decorator.py
[2022-08-06 00:02:27,076] {processor.py:641} INFO - Processing file /home/airflow/.local/lib/python3.7/site-packages/airflow/example_dags/example_branch_operator_decorator.py for tasks to queue
[2022-08-06 00:02:27,077] {logging_mixin.py:115} INFO - [2022-08-06 00:02:27,077] {dagbag.py:507} INFO - Filling up the DagBag from /home/airflow/.local/lib/python3.7/site-packages/airflow/example_dags/example_branch_operator_decorator.py
[2022-08-06 00:02:27,090] {processor.py:651} INFO - DAG(s) dict_keys(['example_branch_python_operator_decorator']) retrieved from /home/airflow/.local/lib/python3.7/site-packages/airflow/example_dags/example_branch_operator_decorator.py
[2022-08-06 00:02:27,110] {logging_mixin.py:115} INFO - [2022-08-06 00:02:27,110] {dag.py:2371} INFO - Sync 1 DAGs
[2022-08-06 00:02:27,125] {logging_mixin.py:115} INFO - [2022-08-06 00:02:27,125] {dag.py:2919} INFO - Setting next_dagrun for example_branch_python_operator_decorator to 2022-08-05T00:00:00+00:00, run_after=2022-08-06T00:00:00+00:00
[2022-08-06 00:02:27,133] {processor.py:161} INFO - Processing /home/airflow/.local/lib/python3.7/site-packages/airflow/example_dags/example_branch_operator_decorator.py took 0.060 seconds
[2022-08-06 00:02:57,506] {processor.py:153} INFO - Started process (PID=3580) to work on /home/airflow/.local/lib/python3.7/site-packages/airflow/example_dags/example_branch_operator_decorator.py
[2022-08-06 00:02:57,508] {processor.py:641} INFO - Processing file /home/airflow/.local/lib/python3.7/site-packages/airflow/example_dags/example_branch_operator_decorator.py for tasks to queue
[2022-08-06 00:02:57,508] {logging_mixin.py:115} INFO - [2022-08-06 00:02:57,508] {dagbag.py:507} INFO - Filling up the DagBag from /home/airflow/.local/lib/python3.7/site-packages/airflow/example_dags/example_branch_operator_decorator.py
[2022-08-06 00:02:57,522] {processor.py:651} INFO - DAG(s) dict_keys(['example_branch_python_operator_decorator']) retrieved from /home/airflow/.local/lib/python3.7/site-packages/airflow/example_dags/example_branch_operator_decorator.py
[2022-08-06 00:02:57,542] {logging_mixin.py:115} INFO - [2022-08-06 00:02:57,542] {dag.py:2371} INFO - Sync 1 DAGs
[2022-08-06 00:02:57,559] {logging_mixin.py:115} INFO - [2022-08-06 00:02:57,558] {dag.py:2919} INFO - Setting next_dagrun for example_branch_python_operator_decorator to 2022-08-05T00:00:00+00:00, run_after=2022-08-06T00:00:00+00:00
[2022-08-06 00:02:57,567] {processor.py:161} INFO - Processing /home/airflow/.local/lib/python3.7/site-packages/airflow/example_dags/example_branch_operator_decorator.py took 0.063 seconds
[2022-08-06 00:03:27,949] {processor.py:153} INFO - Started process (PID=3643) to work on /home/airflow/.local/lib/python3.7/site-packages/airflow/example_dags/example_branch_operator_decorator.py
[2022-08-06 00:03:27,951] {processor.py:641} INFO - Processing file /home/airflow/.local/lib/python3.7/site-packages/airflow/example_dags/example_branch_operator_decorator.py for tasks to queue
[2022-08-06 00:03:27,952] {logging_mixin.py:115} INFO - [2022-08-06 00:03:27,952] {dagbag.py:507} INFO - Filling up the DagBag from /home/airflow/.local/lib/python3.7/site-packages/airflow/example_dags/example_branch_operator_decorator.py
[2022-08-06 00:03:27,963] {processor.py:651} INFO - DAG(s) dict_keys(['example_branch_python_operator_decorator']) retrieved from /home/airflow/.local/lib/python3.7/site-packages/airflow/example_dags/example_branch_operator_decorator.py
[2022-08-06 00:03:27,980] {logging_mixin.py:115} INFO - [2022-08-06 00:03:27,980] {dag.py:2371} INFO - Sync 1 DAGs
[2022-08-06 00:03:27,993] {logging_mixin.py:115} INFO - [2022-08-06 00:03:27,993] {dag.py:2919} INFO - Setting next_dagrun for example_branch_python_operator_decorator to 2022-08-05T00:00:00+00:00, run_after=2022-08-06T00:00:00+00:00
[2022-08-06 00:03:28,002] {processor.py:161} INFO - Processing /home/airflow/.local/lib/python3.7/site-packages/airflow/example_dags/example_branch_operator_decorator.py took 0.054 seconds
[2022-08-06 00:03:58,516] {processor.py:153} INFO - Started process (PID=3705) to work on /home/airflow/.local/lib/python3.7/site-packages/airflow/example_dags/example_branch_operator_decorator.py
[2022-08-06 00:03:58,517] {processor.py:641} INFO - Processing file /home/airflow/.local/lib/python3.7/site-packages/airflow/example_dags/example_branch_operator_decorator.py for tasks to queue
[2022-08-06 00:03:58,518] {logging_mixin.py:115} INFO - [2022-08-06 00:03:58,518] {dagbag.py:507} INFO - Filling up the DagBag from /home/airflow/.local/lib/python3.7/site-packages/airflow/example_dags/example_branch_operator_decorator.py
[2022-08-06 00:03:58,534] {processor.py:651} INFO - DAG(s) dict_keys(['example_branch_python_operator_decorator']) retrieved from /home/airflow/.local/lib/python3.7/site-packages/airflow/example_dags/example_branch_operator_decorator.py
[2022-08-06 00:03:58,555] {logging_mixin.py:115} INFO - [2022-08-06 00:03:58,555] {dag.py:2371} INFO - Sync 1 DAGs
[2022-08-06 00:03:58,569] {logging_mixin.py:115} INFO - [2022-08-06 00:03:58,569] {dag.py:2919} INFO - Setting next_dagrun for example_branch_python_operator_decorator to 2022-08-05T00:00:00+00:00, run_after=2022-08-06T00:00:00+00:00
[2022-08-06 00:03:58,576] {processor.py:161} INFO - Processing /home/airflow/.local/lib/python3.7/site-packages/airflow/example_dags/example_branch_operator_decorator.py took 0.063 seconds
[2022-08-06 00:04:29,009] {processor.py:153} INFO - Started process (PID=3767) to work on /home/airflow/.local/lib/python3.7/site-packages/airflow/example_dags/example_branch_operator_decorator.py
[2022-08-06 00:04:29,012] {processor.py:641} INFO - Processing file /home/airflow/.local/lib/python3.7/site-packages/airflow/example_dags/example_branch_operator_decorator.py for tasks to queue
[2022-08-06 00:04:29,018] {logging_mixin.py:115} INFO - [2022-08-06 00:04:29,018] {dagbag.py:507} INFO - Filling up the DagBag from /home/airflow/.local/lib/python3.7/site-packages/airflow/example_dags/example_branch_operator_decorator.py
[2022-08-06 00:04:29,041] {processor.py:651} INFO - DAG(s) dict_keys(['example_branch_python_operator_decorator']) retrieved from /home/airflow/.local/lib/python3.7/site-packages/airflow/example_dags/example_branch_operator_decorator.py
[2022-08-06 00:04:29,067] {logging_mixin.py:115} INFO - [2022-08-06 00:04:29,067] {dag.py:2371} INFO - Sync 1 DAGs
[2022-08-06 00:04:29,089] {logging_mixin.py:115} INFO - [2022-08-06 00:04:29,089] {dag.py:2919} INFO - Setting next_dagrun for example_branch_python_operator_decorator to 2022-08-05T00:00:00+00:00, run_after=2022-08-06T00:00:00+00:00
[2022-08-06 00:04:29,109] {processor.py:161} INFO - Processing /home/airflow/.local/lib/python3.7/site-packages/airflow/example_dags/example_branch_operator_decorator.py took 0.104 seconds
[2022-08-06 00:04:59,605] {processor.py:153} INFO - Started process (PID=3820) to work on /home/airflow/.local/lib/python3.7/site-packages/airflow/example_dags/example_branch_operator_decorator.py
[2022-08-06 00:04:59,607] {processor.py:641} INFO - Processing file /home/airflow/.local/lib/python3.7/site-packages/airflow/example_dags/example_branch_operator_decorator.py for tasks to queue
[2022-08-06 00:04:59,608] {logging_mixin.py:115} INFO - [2022-08-06 00:04:59,608] {dagbag.py:507} INFO - Filling up the DagBag from /home/airflow/.local/lib/python3.7/site-packages/airflow/example_dags/example_branch_operator_decorator.py
[2022-08-06 00:04:59,623] {processor.py:651} INFO - DAG(s) dict_keys(['example_branch_python_operator_decorator']) retrieved from /home/airflow/.local/lib/python3.7/site-packages/airflow/example_dags/example_branch_operator_decorator.py
[2022-08-06 00:04:59,640] {logging_mixin.py:115} INFO - [2022-08-06 00:04:59,640] {dag.py:2371} INFO - Sync 1 DAGs
[2022-08-06 00:04:59,654] {logging_mixin.py:115} INFO - [2022-08-06 00:04:59,653] {dag.py:2919} INFO - Setting next_dagrun for example_branch_python_operator_decorator to 2022-08-05T00:00:00+00:00, run_after=2022-08-06T00:00:00+00:00
[2022-08-06 00:04:59,661] {processor.py:161} INFO - Processing /home/airflow/.local/lib/python3.7/site-packages/airflow/example_dags/example_branch_operator_decorator.py took 0.058 seconds
[2022-08-06 00:07:18,235] {processor.py:153} INFO - Started process (PID=70) to work on /home/airflow/.local/lib/python3.7/site-packages/airflow/example_dags/example_branch_operator_decorator.py
[2022-08-06 00:07:18,237] {processor.py:641} INFO - Processing file /home/airflow/.local/lib/python3.7/site-packages/airflow/example_dags/example_branch_operator_decorator.py for tasks to queue
[2022-08-06 00:07:18,239] {logging_mixin.py:115} INFO - [2022-08-06 00:07:18,239] {dagbag.py:507} INFO - Filling up the DagBag from /home/airflow/.local/lib/python3.7/site-packages/airflow/example_dags/example_branch_operator_decorator.py
[2022-08-06 00:07:18,261] {processor.py:651} INFO - DAG(s) dict_keys(['example_branch_python_operator_decorator']) retrieved from /home/airflow/.local/lib/python3.7/site-packages/airflow/example_dags/example_branch_operator_decorator.py
[2022-08-06 00:07:18,285] {logging_mixin.py:115} INFO - [2022-08-06 00:07:18,285] {dag.py:2371} INFO - Sync 1 DAGs
[2022-08-06 00:07:18,390] {logging_mixin.py:115} INFO - [2022-08-06 00:07:18,390] {dag.py:2919} INFO - Setting next_dagrun for example_branch_python_operator_decorator to 2022-08-05T00:00:00+00:00, run_after=2022-08-06T00:00:00+00:00
[2022-08-06 00:07:18,402] {processor.py:161} INFO - Processing /home/airflow/.local/lib/python3.7/site-packages/airflow/example_dags/example_branch_operator_decorator.py took 0.170 seconds
[2022-08-06 00:07:48,571] {processor.py:153} INFO - Started process (PID=123) to work on /home/airflow/.local/lib/python3.7/site-packages/airflow/example_dags/example_branch_operator_decorator.py
[2022-08-06 00:07:48,572] {processor.py:641} INFO - Processing file /home/airflow/.local/lib/python3.7/site-packages/airflow/example_dags/example_branch_operator_decorator.py for tasks to queue
[2022-08-06 00:07:48,573] {logging_mixin.py:115} INFO - [2022-08-06 00:07:48,573] {dagbag.py:507} INFO - Filling up the DagBag from /home/airflow/.local/lib/python3.7/site-packages/airflow/example_dags/example_branch_operator_decorator.py
[2022-08-06 00:07:48,584] {processor.py:651} INFO - DAG(s) dict_keys(['example_branch_python_operator_decorator']) retrieved from /home/airflow/.local/lib/python3.7/site-packages/airflow/example_dags/example_branch_operator_decorator.py
[2022-08-06 00:07:48,600] {logging_mixin.py:115} INFO - [2022-08-06 00:07:48,600] {dag.py:2371} INFO - Sync 1 DAGs
[2022-08-06 00:07:48,696] {logging_mixin.py:115} INFO - [2022-08-06 00:07:48,696] {dag.py:2919} INFO - Setting next_dagrun for example_branch_python_operator_decorator to 2022-08-05T00:00:00+00:00, run_after=2022-08-06T00:00:00+00:00
[2022-08-06 00:07:48,706] {processor.py:161} INFO - Processing /home/airflow/.local/lib/python3.7/site-packages/airflow/example_dags/example_branch_operator_decorator.py took 0.137 seconds
[2022-08-06 00:08:19,148] {processor.py:153} INFO - Started process (PID=184) to work on /home/airflow/.local/lib/python3.7/site-packages/airflow/example_dags/example_branch_operator_decorator.py
[2022-08-06 00:08:19,149] {processor.py:641} INFO - Processing file /home/airflow/.local/lib/python3.7/site-packages/airflow/example_dags/example_branch_operator_decorator.py for tasks to queue
[2022-08-06 00:08:19,150] {logging_mixin.py:115} INFO - [2022-08-06 00:08:19,150] {dagbag.py:507} INFO - Filling up the DagBag from /home/airflow/.local/lib/python3.7/site-packages/airflow/example_dags/example_branch_operator_decorator.py
[2022-08-06 00:08:19,163] {processor.py:651} INFO - DAG(s) dict_keys(['example_branch_python_operator_decorator']) retrieved from /home/airflow/.local/lib/python3.7/site-packages/airflow/example_dags/example_branch_operator_decorator.py
[2022-08-06 00:08:19,179] {logging_mixin.py:115} INFO - [2022-08-06 00:08:19,178] {dag.py:2371} INFO - Sync 1 DAGs
[2022-08-06 00:08:19,272] {logging_mixin.py:115} INFO - [2022-08-06 00:08:19,272] {dag.py:2919} INFO - Setting next_dagrun for example_branch_python_operator_decorator to 2022-08-05T00:00:00+00:00, run_after=2022-08-06T00:00:00+00:00
[2022-08-06 00:08:19,280] {processor.py:161} INFO - Processing /home/airflow/.local/lib/python3.7/site-packages/airflow/example_dags/example_branch_operator_decorator.py took 0.134 seconds
[2022-08-06 00:08:49,873] {processor.py:153} INFO - Started process (PID=246) to work on /home/airflow/.local/lib/python3.7/site-packages/airflow/example_dags/example_branch_operator_decorator.py
[2022-08-06 00:08:49,879] {processor.py:641} INFO - Processing file /home/airflow/.local/lib/python3.7/site-packages/airflow/example_dags/example_branch_operator_decorator.py for tasks to queue
[2022-08-06 00:08:49,880] {logging_mixin.py:115} INFO - [2022-08-06 00:08:49,880] {dagbag.py:507} INFO - Filling up the DagBag from /home/airflow/.local/lib/python3.7/site-packages/airflow/example_dags/example_branch_operator_decorator.py
[2022-08-06 00:08:49,891] {processor.py:651} INFO - DAG(s) dict_keys(['example_branch_python_operator_decorator']) retrieved from /home/airflow/.local/lib/python3.7/site-packages/airflow/example_dags/example_branch_operator_decorator.py
[2022-08-06 00:08:49,906] {logging_mixin.py:115} INFO - [2022-08-06 00:08:49,906] {dag.py:2371} INFO - Sync 1 DAGs
[2022-08-06 00:08:50,005] {logging_mixin.py:115} INFO - [2022-08-06 00:08:50,005] {dag.py:2919} INFO - Setting next_dagrun for example_branch_python_operator_decorator to 2022-08-05T00:00:00+00:00, run_after=2022-08-06T00:00:00+00:00
[2022-08-06 00:08:50,012] {processor.py:161} INFO - Processing /home/airflow/.local/lib/python3.7/site-packages/airflow/example_dags/example_branch_operator_decorator.py took 0.141 seconds
[2022-08-06 00:09:20,367] {processor.py:153} INFO - Started process (PID=308) to work on /home/airflow/.local/lib/python3.7/site-packages/airflow/example_dags/example_branch_operator_decorator.py
[2022-08-06 00:09:20,369] {processor.py:641} INFO - Processing file /home/airflow/.local/lib/python3.7/site-packages/airflow/example_dags/example_branch_operator_decorator.py for tasks to queue
[2022-08-06 00:09:20,370] {logging_mixin.py:115} INFO - [2022-08-06 00:09:20,370] {dagbag.py:507} INFO - Filling up the DagBag from /home/airflow/.local/lib/python3.7/site-packages/airflow/example_dags/example_branch_operator_decorator.py
[2022-08-06 00:09:20,382] {processor.py:651} INFO - DAG(s) dict_keys(['example_branch_python_operator_decorator']) retrieved from /home/airflow/.local/lib/python3.7/site-packages/airflow/example_dags/example_branch_operator_decorator.py
[2022-08-06 00:09:20,402] {logging_mixin.py:115} INFO - [2022-08-06 00:09:20,402] {dag.py:2371} INFO - Sync 1 DAGs
[2022-08-06 00:09:20,502] {logging_mixin.py:115} INFO - [2022-08-06 00:09:20,502] {dag.py:2919} INFO - Setting next_dagrun for example_branch_python_operator_decorator to 2022-08-05T00:00:00+00:00, run_after=2022-08-06T00:00:00+00:00
[2022-08-06 00:09:20,509] {processor.py:161} INFO - Processing /home/airflow/.local/lib/python3.7/site-packages/airflow/example_dags/example_branch_operator_decorator.py took 0.144 seconds
[2022-08-06 00:09:51,120] {processor.py:153} INFO - Started process (PID=370) to work on /home/airflow/.local/lib/python3.7/site-packages/airflow/example_dags/example_branch_operator_decorator.py
[2022-08-06 00:09:51,121] {processor.py:641} INFO - Processing file /home/airflow/.local/lib/python3.7/site-packages/airflow/example_dags/example_branch_operator_decorator.py for tasks to queue
[2022-08-06 00:09:51,122] {logging_mixin.py:115} INFO - [2022-08-06 00:09:51,122] {dagbag.py:507} INFO - Filling up the DagBag from /home/airflow/.local/lib/python3.7/site-packages/airflow/example_dags/example_branch_operator_decorator.py
[2022-08-06 00:09:51,133] {processor.py:651} INFO - DAG(s) dict_keys(['example_branch_python_operator_decorator']) retrieved from /home/airflow/.local/lib/python3.7/site-packages/airflow/example_dags/example_branch_operator_decorator.py
[2022-08-06 00:09:51,149] {logging_mixin.py:115} INFO - [2022-08-06 00:09:51,149] {dag.py:2371} INFO - Sync 1 DAGs
[2022-08-06 00:09:51,240] {logging_mixin.py:115} INFO - [2022-08-06 00:09:51,240] {dag.py:2919} INFO - Setting next_dagrun for example_branch_python_operator_decorator to 2022-08-05T00:00:00+00:00, run_after=2022-08-06T00:00:00+00:00
[2022-08-06 00:09:51,247] {processor.py:161} INFO - Processing /home/airflow/.local/lib/python3.7/site-packages/airflow/example_dags/example_branch_operator_decorator.py took 0.128 seconds
[2022-08-06 00:10:22,012] {processor.py:153} INFO - Started process (PID=433) to work on /home/airflow/.local/lib/python3.7/site-packages/airflow/example_dags/example_branch_operator_decorator.py
[2022-08-06 00:10:22,036] {processor.py:641} INFO - Processing file /home/airflow/.local/lib/python3.7/site-packages/airflow/example_dags/example_branch_operator_decorator.py for tasks to queue
[2022-08-06 00:10:22,037] {logging_mixin.py:115} INFO - [2022-08-06 00:10:22,037] {dagbag.py:507} INFO - Filling up the DagBag from /home/airflow/.local/lib/python3.7/site-packages/airflow/example_dags/example_branch_operator_decorator.py
[2022-08-06 00:10:22,051] {processor.py:651} INFO - DAG(s) dict_keys(['example_branch_python_operator_decorator']) retrieved from /home/airflow/.local/lib/python3.7/site-packages/airflow/example_dags/example_branch_operator_decorator.py
[2022-08-06 00:10:22,068] {logging_mixin.py:115} INFO - [2022-08-06 00:10:22,068] {dag.py:2371} INFO - Sync 1 DAGs
[2022-08-06 00:10:22,158] {logging_mixin.py:115} INFO - [2022-08-06 00:10:22,158] {dag.py:2919} INFO - Setting next_dagrun for example_branch_python_operator_decorator to 2022-08-05T00:00:00+00:00, run_after=2022-08-06T00:00:00+00:00
[2022-08-06 00:10:22,166] {processor.py:161} INFO - Processing /home/airflow/.local/lib/python3.7/site-packages/airflow/example_dags/example_branch_operator_decorator.py took 0.156 seconds
[2022-08-06 00:10:52,945] {processor.py:153} INFO - Started process (PID=493) to work on /home/airflow/.local/lib/python3.7/site-packages/airflow/example_dags/example_branch_operator_decorator.py
[2022-08-06 00:10:52,948] {processor.py:641} INFO - Processing file /home/airflow/.local/lib/python3.7/site-packages/airflow/example_dags/example_branch_operator_decorator.py for tasks to queue
[2022-08-06 00:10:52,950] {logging_mixin.py:115} INFO - [2022-08-06 00:10:52,950] {dagbag.py:507} INFO - Filling up the DagBag from /home/airflow/.local/lib/python3.7/site-packages/airflow/example_dags/example_branch_operator_decorator.py
[2022-08-06 00:10:52,980] {processor.py:651} INFO - DAG(s) dict_keys(['example_branch_python_operator_decorator']) retrieved from /home/airflow/.local/lib/python3.7/site-packages/airflow/example_dags/example_branch_operator_decorator.py
[2022-08-06 00:10:53,009] {logging_mixin.py:115} INFO - [2022-08-06 00:10:53,008] {dag.py:2371} INFO - Sync 1 DAGs
[2022-08-06 00:10:53,129] {logging_mixin.py:115} INFO - [2022-08-06 00:10:53,129] {dag.py:2919} INFO - Setting next_dagrun for example_branch_python_operator_decorator to 2022-08-05T00:00:00+00:00, run_after=2022-08-06T00:00:00+00:00
[2022-08-06 00:10:53,138] {processor.py:161} INFO - Processing /home/airflow/.local/lib/python3.7/site-packages/airflow/example_dags/example_branch_operator_decorator.py took 0.196 seconds
[2022-08-06 00:11:23,607] {processor.py:153} INFO - Started process (PID=546) to work on /home/airflow/.local/lib/python3.7/site-packages/airflow/example_dags/example_branch_operator_decorator.py
[2022-08-06 00:11:23,608] {processor.py:641} INFO - Processing file /home/airflow/.local/lib/python3.7/site-packages/airflow/example_dags/example_branch_operator_decorator.py for tasks to queue
[2022-08-06 00:11:23,609] {logging_mixin.py:115} INFO - [2022-08-06 00:11:23,609] {dagbag.py:507} INFO - Filling up the DagBag from /home/airflow/.local/lib/python3.7/site-packages/airflow/example_dags/example_branch_operator_decorator.py
[2022-08-06 00:11:23,618] {processor.py:651} INFO - DAG(s) dict_keys(['example_branch_python_operator_decorator']) retrieved from /home/airflow/.local/lib/python3.7/site-packages/airflow/example_dags/example_branch_operator_decorator.py
[2022-08-06 00:11:23,634] {logging_mixin.py:115} INFO - [2022-08-06 00:11:23,634] {dag.py:2371} INFO - Sync 1 DAGs
[2022-08-06 00:11:23,712] {logging_mixin.py:115} INFO - [2022-08-06 00:11:23,712] {dag.py:2919} INFO - Setting next_dagrun for example_branch_python_operator_decorator to 2022-08-05T00:00:00+00:00, run_after=2022-08-06T00:00:00+00:00
[2022-08-06 00:11:23,718] {processor.py:161} INFO - Processing /home/airflow/.local/lib/python3.7/site-packages/airflow/example_dags/example_branch_operator_decorator.py took 0.113 seconds
[2022-08-06 00:11:54,051] {processor.py:153} INFO - Started process (PID=608) to work on /home/airflow/.local/lib/python3.7/site-packages/airflow/example_dags/example_branch_operator_decorator.py
[2022-08-06 00:11:54,053] {processor.py:641} INFO - Processing file /home/airflow/.local/lib/python3.7/site-packages/airflow/example_dags/example_branch_operator_decorator.py for tasks to queue
[2022-08-06 00:11:54,054] {logging_mixin.py:115} INFO - [2022-08-06 00:11:54,054] {dagbag.py:507} INFO - Filling up the DagBag from /home/airflow/.local/lib/python3.7/site-packages/airflow/example_dags/example_branch_operator_decorator.py
[2022-08-06 00:11:54,067] {processor.py:651} INFO - DAG(s) dict_keys(['example_branch_python_operator_decorator']) retrieved from /home/airflow/.local/lib/python3.7/site-packages/airflow/example_dags/example_branch_operator_decorator.py
[2022-08-06 00:11:54,090] {logging_mixin.py:115} INFO - [2022-08-06 00:11:54,090] {dag.py:2371} INFO - Sync 1 DAGs
[2022-08-06 00:11:54,186] {logging_mixin.py:115} INFO - [2022-08-06 00:11:54,186] {dag.py:2919} INFO - Setting next_dagrun for example_branch_python_operator_decorator to 2022-08-05T00:00:00+00:00, run_after=2022-08-06T00:00:00+00:00
[2022-08-06 00:11:54,193] {processor.py:161} INFO - Processing /home/airflow/.local/lib/python3.7/site-packages/airflow/example_dags/example_branch_operator_decorator.py took 0.145 seconds
[2022-08-06 00:12:24,969] {processor.py:153} INFO - Started process (PID=670) to work on /home/airflow/.local/lib/python3.7/site-packages/airflow/example_dags/example_branch_operator_decorator.py
[2022-08-06 00:12:24,971] {processor.py:641} INFO - Processing file /home/airflow/.local/lib/python3.7/site-packages/airflow/example_dags/example_branch_operator_decorator.py for tasks to queue
[2022-08-06 00:12:24,972] {logging_mixin.py:115} INFO - [2022-08-06 00:12:24,972] {dagbag.py:507} INFO - Filling up the DagBag from /home/airflow/.local/lib/python3.7/site-packages/airflow/example_dags/example_branch_operator_decorator.py
[2022-08-06 00:12:25,003] {processor.py:651} INFO - DAG(s) dict_keys(['example_branch_python_operator_decorator']) retrieved from /home/airflow/.local/lib/python3.7/site-packages/airflow/example_dags/example_branch_operator_decorator.py
[2022-08-06 00:12:25,035] {logging_mixin.py:115} INFO - [2022-08-06 00:12:25,035] {dag.py:2371} INFO - Sync 1 DAGs
[2022-08-06 00:12:25,139] {logging_mixin.py:115} INFO - [2022-08-06 00:12:25,139] {dag.py:2919} INFO - Setting next_dagrun for example_branch_python_operator_decorator to 2022-08-05T00:00:00+00:00, run_after=2022-08-06T00:00:00+00:00
[2022-08-06 00:12:25,147] {processor.py:161} INFO - Processing /home/airflow/.local/lib/python3.7/site-packages/airflow/example_dags/example_branch_operator_decorator.py took 0.181 seconds
[2022-08-06 00:12:55,917] {processor.py:153} INFO - Started process (PID=733) to work on /home/airflow/.local/lib/python3.7/site-packages/airflow/example_dags/example_branch_operator_decorator.py
[2022-08-06 00:12:55,944] {processor.py:641} INFO - Processing file /home/airflow/.local/lib/python3.7/site-packages/airflow/example_dags/example_branch_operator_decorator.py for tasks to queue
[2022-08-06 00:12:55,983] {logging_mixin.py:115} INFO - [2022-08-06 00:12:55,983] {dagbag.py:507} INFO - Filling up the DagBag from /home/airflow/.local/lib/python3.7/site-packages/airflow/example_dags/example_branch_operator_decorator.py
[2022-08-06 00:12:56,020] {processor.py:651} INFO - DAG(s) dict_keys(['example_branch_python_operator_decorator']) retrieved from /home/airflow/.local/lib/python3.7/site-packages/airflow/example_dags/example_branch_operator_decorator.py
[2022-08-06 00:12:56,069] {logging_mixin.py:115} INFO - [2022-08-06 00:12:56,069] {dag.py:2371} INFO - Sync 1 DAGs
[2022-08-06 00:12:56,158] {logging_mixin.py:115} INFO - [2022-08-06 00:12:56,158] {dag.py:2919} INFO - Setting next_dagrun for example_branch_python_operator_decorator to 2022-08-05T00:00:00+00:00, run_after=2022-08-06T00:00:00+00:00
[2022-08-06 00:12:56,166] {processor.py:161} INFO - Processing /home/airflow/.local/lib/python3.7/site-packages/airflow/example_dags/example_branch_operator_decorator.py took 0.253 seconds
[2022-08-06 00:13:26,864] {processor.py:153} INFO - Started process (PID=795) to work on /home/airflow/.local/lib/python3.7/site-packages/airflow/example_dags/example_branch_operator_decorator.py
[2022-08-06 00:13:26,865] {processor.py:641} INFO - Processing file /home/airflow/.local/lib/python3.7/site-packages/airflow/example_dags/example_branch_operator_decorator.py for tasks to queue
[2022-08-06 00:13:26,866] {logging_mixin.py:115} INFO - [2022-08-06 00:13:26,866] {dagbag.py:507} INFO - Filling up the DagBag from /home/airflow/.local/lib/python3.7/site-packages/airflow/example_dags/example_branch_operator_decorator.py
[2022-08-06 00:13:26,877] {processor.py:651} INFO - DAG(s) dict_keys(['example_branch_python_operator_decorator']) retrieved from /home/airflow/.local/lib/python3.7/site-packages/airflow/example_dags/example_branch_operator_decorator.py
[2022-08-06 00:13:26,893] {logging_mixin.py:115} INFO - [2022-08-06 00:13:26,893] {dag.py:2371} INFO - Sync 1 DAGs
[2022-08-06 00:13:26,974] {logging_mixin.py:115} INFO - [2022-08-06 00:13:26,974] {dag.py:2919} INFO - Setting next_dagrun for example_branch_python_operator_decorator to 2022-08-05T00:00:00+00:00, run_after=2022-08-06T00:00:00+00:00
[2022-08-06 00:13:26,981] {processor.py:161} INFO - Processing /home/airflow/.local/lib/python3.7/site-packages/airflow/example_dags/example_branch_operator_decorator.py took 0.119 seconds
[2022-08-06 00:13:57,823] {processor.py:153} INFO - Started process (PID=856) to work on /home/airflow/.local/lib/python3.7/site-packages/airflow/example_dags/example_branch_operator_decorator.py
[2022-08-06 00:13:57,825] {processor.py:641} INFO - Processing file /home/airflow/.local/lib/python3.7/site-packages/airflow/example_dags/example_branch_operator_decorator.py for tasks to queue
[2022-08-06 00:13:57,826] {logging_mixin.py:115} INFO - [2022-08-06 00:13:57,826] {dagbag.py:507} INFO - Filling up the DagBag from /home/airflow/.local/lib/python3.7/site-packages/airflow/example_dags/example_branch_operator_decorator.py
[2022-08-06 00:13:57,836] {processor.py:651} INFO - DAG(s) dict_keys(['example_branch_python_operator_decorator']) retrieved from /home/airflow/.local/lib/python3.7/site-packages/airflow/example_dags/example_branch_operator_decorator.py
[2022-08-06 00:13:57,855] {logging_mixin.py:115} INFO - [2022-08-06 00:13:57,855] {dag.py:2371} INFO - Sync 1 DAGs
[2022-08-06 00:13:57,945] {logging_mixin.py:115} INFO - [2022-08-06 00:13:57,945] {dag.py:2919} INFO - Setting next_dagrun for example_branch_python_operator_decorator to 2022-08-05T00:00:00+00:00, run_after=2022-08-06T00:00:00+00:00
[2022-08-06 00:13:57,953] {processor.py:161} INFO - Processing /home/airflow/.local/lib/python3.7/site-packages/airflow/example_dags/example_branch_operator_decorator.py took 0.131 seconds
[2022-08-06 00:14:28,659] {processor.py:153} INFO - Started process (PID=919) to work on /home/airflow/.local/lib/python3.7/site-packages/airflow/example_dags/example_branch_operator_decorator.py
[2022-08-06 00:14:28,663] {processor.py:641} INFO - Processing file /home/airflow/.local/lib/python3.7/site-packages/airflow/example_dags/example_branch_operator_decorator.py for tasks to queue
[2022-08-06 00:14:28,670] {logging_mixin.py:115} INFO - [2022-08-06 00:14:28,670] {dagbag.py:507} INFO - Filling up the DagBag from /home/airflow/.local/lib/python3.7/site-packages/airflow/example_dags/example_branch_operator_decorator.py
[2022-08-06 00:14:28,688] {processor.py:651} INFO - DAG(s) dict_keys(['example_branch_python_operator_decorator']) retrieved from /home/airflow/.local/lib/python3.7/site-packages/airflow/example_dags/example_branch_operator_decorator.py
[2022-08-06 00:14:28,712] {logging_mixin.py:115} INFO - [2022-08-06 00:14:28,711] {dag.py:2371} INFO - Sync 1 DAGs
[2022-08-06 00:14:28,809] {logging_mixin.py:115} INFO - [2022-08-06 00:14:28,809] {dag.py:2919} INFO - Setting next_dagrun for example_branch_python_operator_decorator to 2022-08-05T00:00:00+00:00, run_after=2022-08-06T00:00:00+00:00
[2022-08-06 00:14:28,817] {processor.py:161} INFO - Processing /home/airflow/.local/lib/python3.7/site-packages/airflow/example_dags/example_branch_operator_decorator.py took 0.161 seconds
[2022-08-06 00:14:59,511] {processor.py:153} INFO - Started process (PID=972) to work on /home/airflow/.local/lib/python3.7/site-packages/airflow/example_dags/example_branch_operator_decorator.py
[2022-08-06 00:14:59,512] {processor.py:641} INFO - Processing file /home/airflow/.local/lib/python3.7/site-packages/airflow/example_dags/example_branch_operator_decorator.py for tasks to queue
[2022-08-06 00:14:59,513] {logging_mixin.py:115} INFO - [2022-08-06 00:14:59,513] {dagbag.py:507} INFO - Filling up the DagBag from /home/airflow/.local/lib/python3.7/site-packages/airflow/example_dags/example_branch_operator_decorator.py
[2022-08-06 00:14:59,527] {processor.py:651} INFO - DAG(s) dict_keys(['example_branch_python_operator_decorator']) retrieved from /home/airflow/.local/lib/python3.7/site-packages/airflow/example_dags/example_branch_operator_decorator.py
[2022-08-06 00:14:59,547] {logging_mixin.py:115} INFO - [2022-08-06 00:14:59,547] {dag.py:2371} INFO - Sync 1 DAGs
[2022-08-06 00:14:59,635] {logging_mixin.py:115} INFO - [2022-08-06 00:14:59,635] {dag.py:2919} INFO - Setting next_dagrun for example_branch_python_operator_decorator to 2022-08-05T00:00:00+00:00, run_after=2022-08-06T00:00:00+00:00
[2022-08-06 00:14:59,642] {processor.py:161} INFO - Processing /home/airflow/.local/lib/python3.7/site-packages/airflow/example_dags/example_branch_operator_decorator.py took 0.134 seconds
[2022-08-06 00:15:30,456] {processor.py:153} INFO - Started process (PID=1033) to work on /home/airflow/.local/lib/python3.7/site-packages/airflow/example_dags/example_branch_operator_decorator.py
[2022-08-06 00:15:30,457] {processor.py:641} INFO - Processing file /home/airflow/.local/lib/python3.7/site-packages/airflow/example_dags/example_branch_operator_decorator.py for tasks to queue
[2022-08-06 00:15:30,458] {logging_mixin.py:115} INFO - [2022-08-06 00:15:30,458] {dagbag.py:507} INFO - Filling up the DagBag from /home/airflow/.local/lib/python3.7/site-packages/airflow/example_dags/example_branch_operator_decorator.py
[2022-08-06 00:15:30,470] {processor.py:651} INFO - DAG(s) dict_keys(['example_branch_python_operator_decorator']) retrieved from /home/airflow/.local/lib/python3.7/site-packages/airflow/example_dags/example_branch_operator_decorator.py
[2022-08-06 00:15:30,490] {logging_mixin.py:115} INFO - [2022-08-06 00:15:30,490] {dag.py:2371} INFO - Sync 1 DAGs
[2022-08-06 00:15:30,578] {logging_mixin.py:115} INFO - [2022-08-06 00:15:30,578] {dag.py:2919} INFO - Setting next_dagrun for example_branch_python_operator_decorator to 2022-08-05T00:00:00+00:00, run_after=2022-08-06T00:00:00+00:00
[2022-08-06 00:15:30,585] {processor.py:161} INFO - Processing /home/airflow/.local/lib/python3.7/site-packages/airflow/example_dags/example_branch_operator_decorator.py took 0.131 seconds
[2022-08-06 00:16:01,226] {processor.py:153} INFO - Started process (PID=1095) to work on /home/airflow/.local/lib/python3.7/site-packages/airflow/example_dags/example_branch_operator_decorator.py
[2022-08-06 00:16:01,228] {processor.py:641} INFO - Processing file /home/airflow/.local/lib/python3.7/site-packages/airflow/example_dags/example_branch_operator_decorator.py for tasks to queue
[2022-08-06 00:16:01,229] {logging_mixin.py:115} INFO - [2022-08-06 00:16:01,229] {dagbag.py:507} INFO - Filling up the DagBag from /home/airflow/.local/lib/python3.7/site-packages/airflow/example_dags/example_branch_operator_decorator.py
[2022-08-06 00:16:01,240] {processor.py:651} INFO - DAG(s) dict_keys(['example_branch_python_operator_decorator']) retrieved from /home/airflow/.local/lib/python3.7/site-packages/airflow/example_dags/example_branch_operator_decorator.py
[2022-08-06 00:16:01,261] {logging_mixin.py:115} INFO - [2022-08-06 00:16:01,260] {dag.py:2371} INFO - Sync 1 DAGs
[2022-08-06 00:16:01,353] {logging_mixin.py:115} INFO - [2022-08-06 00:16:01,353] {dag.py:2919} INFO - Setting next_dagrun for example_branch_python_operator_decorator to 2022-08-05T00:00:00+00:00, run_after=2022-08-06T00:00:00+00:00
[2022-08-06 00:16:01,360] {processor.py:161} INFO - Processing /home/airflow/.local/lib/python3.7/site-packages/airflow/example_dags/example_branch_operator_decorator.py took 0.137 seconds
[2022-08-06 00:16:32,088] {processor.py:153} INFO - Started process (PID=1157) to work on /home/airflow/.local/lib/python3.7/site-packages/airflow/example_dags/example_branch_operator_decorator.py
[2022-08-06 00:16:32,089] {processor.py:641} INFO - Processing file /home/airflow/.local/lib/python3.7/site-packages/airflow/example_dags/example_branch_operator_decorator.py for tasks to queue
[2022-08-06 00:16:32,091] {logging_mixin.py:115} INFO - [2022-08-06 00:16:32,091] {dagbag.py:507} INFO - Filling up the DagBag from /home/airflow/.local/lib/python3.7/site-packages/airflow/example_dags/example_branch_operator_decorator.py
[2022-08-06 00:16:32,102] {processor.py:651} INFO - DAG(s) dict_keys(['example_branch_python_operator_decorator']) retrieved from /home/airflow/.local/lib/python3.7/site-packages/airflow/example_dags/example_branch_operator_decorator.py
[2022-08-06 00:16:32,120] {logging_mixin.py:115} INFO - [2022-08-06 00:16:32,120] {dag.py:2371} INFO - Sync 1 DAGs
[2022-08-06 00:16:32,207] {logging_mixin.py:115} INFO - [2022-08-06 00:16:32,206] {dag.py:2919} INFO - Setting next_dagrun for example_branch_python_operator_decorator to 2022-08-05T00:00:00+00:00, run_after=2022-08-06T00:00:00+00:00
[2022-08-06 00:16:32,215] {processor.py:161} INFO - Processing /home/airflow/.local/lib/python3.7/site-packages/airflow/example_dags/example_branch_operator_decorator.py took 0.130 seconds
[2022-08-06 00:34:34,090] {processor.py:153} INFO - Started process (PID=1211) to work on /home/airflow/.local/lib/python3.7/site-packages/airflow/example_dags/example_branch_operator_decorator.py
[2022-08-06 00:34:34,092] {processor.py:641} INFO - Processing file /home/airflow/.local/lib/python3.7/site-packages/airflow/example_dags/example_branch_operator_decorator.py for tasks to queue
[2022-08-06 00:34:34,094] {logging_mixin.py:115} INFO - [2022-08-06 00:34:34,094] {dagbag.py:507} INFO - Filling up the DagBag from /home/airflow/.local/lib/python3.7/site-packages/airflow/example_dags/example_branch_operator_decorator.py
[2022-08-06 00:34:34,109] {processor.py:651} INFO - DAG(s) dict_keys(['example_branch_python_operator_decorator']) retrieved from /home/airflow/.local/lib/python3.7/site-packages/airflow/example_dags/example_branch_operator_decorator.py
[2022-08-06 00:34:34,214] {logging_mixin.py:115} INFO - [2022-08-06 00:34:34,214] {dag.py:2371} INFO - Sync 1 DAGs
[2022-08-06 00:34:34,227] {logging_mixin.py:115} INFO - [2022-08-06 00:34:34,227] {dag.py:2919} INFO - Setting next_dagrun for example_branch_python_operator_decorator to 2022-08-05T00:00:00+00:00, run_after=2022-08-06T00:00:00+00:00
[2022-08-06 00:34:34,235] {processor.py:161} INFO - Processing /home/airflow/.local/lib/python3.7/site-packages/airflow/example_dags/example_branch_operator_decorator.py took 0.150 seconds
[2022-08-06 01:23:27,599] {processor.py:153} INFO - Started process (PID=1272) to work on /home/airflow/.local/lib/python3.7/site-packages/airflow/example_dags/example_branch_operator_decorator.py
[2022-08-06 01:23:27,600] {processor.py:641} INFO - Processing file /home/airflow/.local/lib/python3.7/site-packages/airflow/example_dags/example_branch_operator_decorator.py for tasks to queue
[2022-08-06 01:23:27,601] {logging_mixin.py:115} INFO - [2022-08-06 01:23:27,601] {dagbag.py:507} INFO - Filling up the DagBag from /home/airflow/.local/lib/python3.7/site-packages/airflow/example_dags/example_branch_operator_decorator.py
[2022-08-06 01:23:27,613] {processor.py:651} INFO - DAG(s) dict_keys(['example_branch_python_operator_decorator']) retrieved from /home/airflow/.local/lib/python3.7/site-packages/airflow/example_dags/example_branch_operator_decorator.py
[2022-08-06 01:23:27,714] {logging_mixin.py:115} INFO - [2022-08-06 01:23:27,714] {dag.py:2371} INFO - Sync 1 DAGs
[2022-08-06 01:23:27,725] {logging_mixin.py:115} INFO - [2022-08-06 01:23:27,725] {dag.py:2919} INFO - Setting next_dagrun for example_branch_python_operator_decorator to 2022-08-05T00:00:00+00:00, run_after=2022-08-06T00:00:00+00:00
[2022-08-06 01:23:27,732] {processor.py:161} INFO - Processing /home/airflow/.local/lib/python3.7/site-packages/airflow/example_dags/example_branch_operator_decorator.py took 0.136 seconds
[2022-08-06 01:39:35,594] {processor.py:153} INFO - Started process (PID=1335) to work on /home/airflow/.local/lib/python3.7/site-packages/airflow/example_dags/example_branch_operator_decorator.py
[2022-08-06 01:39:35,595] {processor.py:641} INFO - Processing file /home/airflow/.local/lib/python3.7/site-packages/airflow/example_dags/example_branch_operator_decorator.py for tasks to queue
[2022-08-06 01:39:35,598] {logging_mixin.py:115} INFO - [2022-08-06 01:39:35,597] {dagbag.py:507} INFO - Filling up the DagBag from /home/airflow/.local/lib/python3.7/site-packages/airflow/example_dags/example_branch_operator_decorator.py
[2022-08-06 01:39:35,730] {processor.py:651} INFO - DAG(s) dict_keys(['example_branch_python_operator_decorator']) retrieved from /home/airflow/.local/lib/python3.7/site-packages/airflow/example_dags/example_branch_operator_decorator.py
[2022-08-06 01:39:35,744] {logging_mixin.py:115} INFO - [2022-08-06 01:39:35,744] {dag.py:2371} INFO - Sync 1 DAGs
[2022-08-06 01:39:35,756] {logging_mixin.py:115} INFO - [2022-08-06 01:39:35,756] {dag.py:2919} INFO - Setting next_dagrun for example_branch_python_operator_decorator to 2022-08-05T00:00:00+00:00, run_after=2022-08-06T00:00:00+00:00
[2022-08-06 01:39:35,764] {processor.py:161} INFO - Processing /home/airflow/.local/lib/python3.7/site-packages/airflow/example_dags/example_branch_operator_decorator.py took 0.173 seconds
[2022-08-06 01:40:05,974] {processor.py:153} INFO - Started process (PID=1397) to work on /home/airflow/.local/lib/python3.7/site-packages/airflow/example_dags/example_branch_operator_decorator.py
[2022-08-06 01:40:05,976] {processor.py:641} INFO - Processing file /home/airflow/.local/lib/python3.7/site-packages/airflow/example_dags/example_branch_operator_decorator.py for tasks to queue
[2022-08-06 01:40:05,977] {logging_mixin.py:115} INFO - [2022-08-06 01:40:05,977] {dagbag.py:507} INFO - Filling up the DagBag from /home/airflow/.local/lib/python3.7/site-packages/airflow/example_dags/example_branch_operator_decorator.py
[2022-08-06 01:40:06,073] {processor.py:651} INFO - DAG(s) dict_keys(['example_branch_python_operator_decorator']) retrieved from /home/airflow/.local/lib/python3.7/site-packages/airflow/example_dags/example_branch_operator_decorator.py
[2022-08-06 01:40:06,089] {logging_mixin.py:115} INFO - [2022-08-06 01:40:06,089] {dag.py:2371} INFO - Sync 1 DAGs
[2022-08-06 01:40:06,102] {logging_mixin.py:115} INFO - [2022-08-06 01:40:06,102] {dag.py:2919} INFO - Setting next_dagrun for example_branch_python_operator_decorator to 2022-08-05T00:00:00+00:00, run_after=2022-08-06T00:00:00+00:00
[2022-08-06 01:40:06,111] {processor.py:161} INFO - Processing /home/airflow/.local/lib/python3.7/site-packages/airflow/example_dags/example_branch_operator_decorator.py took 0.139 seconds
[2022-08-06 01:40:36,215] {processor.py:153} INFO - Started process (PID=1459) to work on /home/airflow/.local/lib/python3.7/site-packages/airflow/example_dags/example_branch_operator_decorator.py
[2022-08-06 01:40:36,216] {processor.py:641} INFO - Processing file /home/airflow/.local/lib/python3.7/site-packages/airflow/example_dags/example_branch_operator_decorator.py for tasks to queue
[2022-08-06 01:40:36,217] {logging_mixin.py:115} INFO - [2022-08-06 01:40:36,217] {dagbag.py:507} INFO - Filling up the DagBag from /home/airflow/.local/lib/python3.7/site-packages/airflow/example_dags/example_branch_operator_decorator.py
[2022-08-06 01:40:36,312] {processor.py:651} INFO - DAG(s) dict_keys(['example_branch_python_operator_decorator']) retrieved from /home/airflow/.local/lib/python3.7/site-packages/airflow/example_dags/example_branch_operator_decorator.py
[2022-08-06 01:40:36,324] {logging_mixin.py:115} INFO - [2022-08-06 01:40:36,324] {dag.py:2371} INFO - Sync 1 DAGs
[2022-08-06 01:40:36,336] {logging_mixin.py:115} INFO - [2022-08-06 01:40:36,336] {dag.py:2919} INFO - Setting next_dagrun for example_branch_python_operator_decorator to 2022-08-05T00:00:00+00:00, run_after=2022-08-06T00:00:00+00:00
[2022-08-06 01:40:36,343] {processor.py:161} INFO - Processing /home/airflow/.local/lib/python3.7/site-packages/airflow/example_dags/example_branch_operator_decorator.py took 0.130 seconds
[2022-08-06 01:41:07,224] {processor.py:153} INFO - Started process (PID=1522) to work on /home/airflow/.local/lib/python3.7/site-packages/airflow/example_dags/example_branch_operator_decorator.py
[2022-08-06 01:41:07,226] {processor.py:641} INFO - Processing file /home/airflow/.local/lib/python3.7/site-packages/airflow/example_dags/example_branch_operator_decorator.py for tasks to queue
[2022-08-06 01:41:07,227] {logging_mixin.py:115} INFO - [2022-08-06 01:41:07,227] {dagbag.py:507} INFO - Filling up the DagBag from /home/airflow/.local/lib/python3.7/site-packages/airflow/example_dags/example_branch_operator_decorator.py
[2022-08-06 01:41:07,340] {processor.py:651} INFO - DAG(s) dict_keys(['example_branch_python_operator_decorator']) retrieved from /home/airflow/.local/lib/python3.7/site-packages/airflow/example_dags/example_branch_operator_decorator.py
[2022-08-06 01:41:07,354] {logging_mixin.py:115} INFO - [2022-08-06 01:41:07,354] {dag.py:2371} INFO - Sync 1 DAGs
[2022-08-06 01:41:07,368] {logging_mixin.py:115} INFO - [2022-08-06 01:41:07,368] {dag.py:2919} INFO - Setting next_dagrun for example_branch_python_operator_decorator to 2022-08-05T00:00:00+00:00, run_after=2022-08-06T00:00:00+00:00
[2022-08-06 01:41:07,377] {processor.py:161} INFO - Processing /home/airflow/.local/lib/python3.7/site-packages/airflow/example_dags/example_branch_operator_decorator.py took 0.155 seconds
[2022-08-06 01:41:38,876] {processor.py:153} INFO - Started process (PID=1575) to work on /home/airflow/.local/lib/python3.7/site-packages/airflow/example_dags/example_branch_operator_decorator.py
[2022-08-06 01:41:38,878] {processor.py:641} INFO - Processing file /home/airflow/.local/lib/python3.7/site-packages/airflow/example_dags/example_branch_operator_decorator.py for tasks to queue
[2022-08-06 01:41:38,880] {logging_mixin.py:115} INFO - [2022-08-06 01:41:38,879] {dagbag.py:507} INFO - Filling up the DagBag from /home/airflow/.local/lib/python3.7/site-packages/airflow/example_dags/example_branch_operator_decorator.py
[2022-08-06 01:41:38,979] {processor.py:651} INFO - DAG(s) dict_keys(['example_branch_python_operator_decorator']) retrieved from /home/airflow/.local/lib/python3.7/site-packages/airflow/example_dags/example_branch_operator_decorator.py
[2022-08-06 01:41:38,993] {logging_mixin.py:115} INFO - [2022-08-06 01:41:38,993] {dag.py:2371} INFO - Sync 1 DAGs
[2022-08-06 01:41:39,005] {logging_mixin.py:115} INFO - [2022-08-06 01:41:39,005] {dag.py:2919} INFO - Setting next_dagrun for example_branch_python_operator_decorator to 2022-08-05T00:00:00+00:00, run_after=2022-08-06T00:00:00+00:00
[2022-08-06 01:41:39,012] {processor.py:161} INFO - Processing /home/airflow/.local/lib/python3.7/site-packages/airflow/example_dags/example_branch_operator_decorator.py took 0.139 seconds
[2022-08-06 01:42:09,101] {processor.py:153} INFO - Started process (PID=1635) to work on /home/airflow/.local/lib/python3.7/site-packages/airflow/example_dags/example_branch_operator_decorator.py
[2022-08-06 01:42:09,103] {processor.py:641} INFO - Processing file /home/airflow/.local/lib/python3.7/site-packages/airflow/example_dags/example_branch_operator_decorator.py for tasks to queue
[2022-08-06 01:42:09,104] {logging_mixin.py:115} INFO - [2022-08-06 01:42:09,104] {dagbag.py:507} INFO - Filling up the DagBag from /home/airflow/.local/lib/python3.7/site-packages/airflow/example_dags/example_branch_operator_decorator.py
[2022-08-06 01:42:09,184] {processor.py:651} INFO - DAG(s) dict_keys(['example_branch_python_operator_decorator']) retrieved from /home/airflow/.local/lib/python3.7/site-packages/airflow/example_dags/example_branch_operator_decorator.py
[2022-08-06 01:42:09,197] {logging_mixin.py:115} INFO - [2022-08-06 01:42:09,197] {dag.py:2371} INFO - Sync 1 DAGs
[2022-08-06 01:42:09,207] {logging_mixin.py:115} INFO - [2022-08-06 01:42:09,207] {dag.py:2919} INFO - Setting next_dagrun for example_branch_python_operator_decorator to 2022-08-05T00:00:00+00:00, run_after=2022-08-06T00:00:00+00:00
[2022-08-06 01:42:09,212] {processor.py:161} INFO - Processing /home/airflow/.local/lib/python3.7/site-packages/airflow/example_dags/example_branch_operator_decorator.py took 0.113 seconds
[2022-08-06 01:42:39,383] {processor.py:153} INFO - Started process (PID=1697) to work on /home/airflow/.local/lib/python3.7/site-packages/airflow/example_dags/example_branch_operator_decorator.py
[2022-08-06 01:42:39,385] {processor.py:641} INFO - Processing file /home/airflow/.local/lib/python3.7/site-packages/airflow/example_dags/example_branch_operator_decorator.py for tasks to queue
[2022-08-06 01:42:39,387] {logging_mixin.py:115} INFO - [2022-08-06 01:42:39,387] {dagbag.py:507} INFO - Filling up the DagBag from /home/airflow/.local/lib/python3.7/site-packages/airflow/example_dags/example_branch_operator_decorator.py
[2022-08-06 01:42:39,497] {processor.py:651} INFO - DAG(s) dict_keys(['example_branch_python_operator_decorator']) retrieved from /home/airflow/.local/lib/python3.7/site-packages/airflow/example_dags/example_branch_operator_decorator.py
[2022-08-06 01:42:39,516] {logging_mixin.py:115} INFO - [2022-08-06 01:42:39,516] {dag.py:2371} INFO - Sync 1 DAGs
[2022-08-06 01:42:39,531] {logging_mixin.py:115} INFO - [2022-08-06 01:42:39,531] {dag.py:2919} INFO - Setting next_dagrun for example_branch_python_operator_decorator to 2022-08-05T00:00:00+00:00, run_after=2022-08-06T00:00:00+00:00
[2022-08-06 01:42:39,541] {processor.py:161} INFO - Processing /home/airflow/.local/lib/python3.7/site-packages/airflow/example_dags/example_branch_operator_decorator.py took 0.173 seconds
[2022-08-06 01:43:09,603] {processor.py:153} INFO - Started process (PID=1759) to work on /home/airflow/.local/lib/python3.7/site-packages/airflow/example_dags/example_branch_operator_decorator.py
[2022-08-06 01:43:09,604] {processor.py:641} INFO - Processing file /home/airflow/.local/lib/python3.7/site-packages/airflow/example_dags/example_branch_operator_decorator.py for tasks to queue
[2022-08-06 01:43:09,605] {logging_mixin.py:115} INFO - [2022-08-06 01:43:09,605] {dagbag.py:507} INFO - Filling up the DagBag from /home/airflow/.local/lib/python3.7/site-packages/airflow/example_dags/example_branch_operator_decorator.py
[2022-08-06 01:43:09,698] {processor.py:651} INFO - DAG(s) dict_keys(['example_branch_python_operator_decorator']) retrieved from /home/airflow/.local/lib/python3.7/site-packages/airflow/example_dags/example_branch_operator_decorator.py
[2022-08-06 01:43:09,713] {logging_mixin.py:115} INFO - [2022-08-06 01:43:09,713] {dag.py:2371} INFO - Sync 1 DAGs
[2022-08-06 01:43:09,726] {logging_mixin.py:115} INFO - [2022-08-06 01:43:09,726] {dag.py:2919} INFO - Setting next_dagrun for example_branch_python_operator_decorator to 2022-08-05T00:00:00+00:00, run_after=2022-08-06T00:00:00+00:00
[2022-08-06 01:43:09,733] {processor.py:161} INFO - Processing /home/airflow/.local/lib/python3.7/site-packages/airflow/example_dags/example_branch_operator_decorator.py took 0.133 seconds
[2022-08-06 01:43:40,469] {processor.py:153} INFO - Started process (PID=1821) to work on /home/airflow/.local/lib/python3.7/site-packages/airflow/example_dags/example_branch_operator_decorator.py
[2022-08-06 01:43:40,471] {processor.py:641} INFO - Processing file /home/airflow/.local/lib/python3.7/site-packages/airflow/example_dags/example_branch_operator_decorator.py for tasks to queue
[2022-08-06 01:43:40,472] {logging_mixin.py:115} INFO - [2022-08-06 01:43:40,472] {dagbag.py:507} INFO - Filling up the DagBag from /home/airflow/.local/lib/python3.7/site-packages/airflow/example_dags/example_branch_operator_decorator.py
[2022-08-06 01:43:40,568] {processor.py:651} INFO - DAG(s) dict_keys(['example_branch_python_operator_decorator']) retrieved from /home/airflow/.local/lib/python3.7/site-packages/airflow/example_dags/example_branch_operator_decorator.py
[2022-08-06 01:43:40,581] {logging_mixin.py:115} INFO - [2022-08-06 01:43:40,581] {dag.py:2371} INFO - Sync 1 DAGs
[2022-08-06 01:43:40,593] {logging_mixin.py:115} INFO - [2022-08-06 01:43:40,593] {dag.py:2919} INFO - Setting next_dagrun for example_branch_python_operator_decorator to 2022-08-05T00:00:00+00:00, run_after=2022-08-06T00:00:00+00:00
[2022-08-06 01:43:40,600] {processor.py:161} INFO - Processing /home/airflow/.local/lib/python3.7/site-packages/airflow/example_dags/example_branch_operator_decorator.py took 0.136 seconds
[2022-08-06 01:44:11,599] {processor.py:153} INFO - Started process (PID=1883) to work on /home/airflow/.local/lib/python3.7/site-packages/airflow/example_dags/example_branch_operator_decorator.py
[2022-08-06 01:44:11,601] {processor.py:641} INFO - Processing file /home/airflow/.local/lib/python3.7/site-packages/airflow/example_dags/example_branch_operator_decorator.py for tasks to queue
[2022-08-06 01:44:11,603] {logging_mixin.py:115} INFO - [2022-08-06 01:44:11,603] {dagbag.py:507} INFO - Filling up the DagBag from /home/airflow/.local/lib/python3.7/site-packages/airflow/example_dags/example_branch_operator_decorator.py
[2022-08-06 01:44:11,744] {processor.py:651} INFO - DAG(s) dict_keys(['example_branch_python_operator_decorator']) retrieved from /home/airflow/.local/lib/python3.7/site-packages/airflow/example_dags/example_branch_operator_decorator.py
[2022-08-06 01:44:11,772] {logging_mixin.py:115} INFO - [2022-08-06 01:44:11,772] {dag.py:2371} INFO - Sync 1 DAGs
[2022-08-06 01:44:11,790] {logging_mixin.py:115} INFO - [2022-08-06 01:44:11,789] {dag.py:2919} INFO - Setting next_dagrun for example_branch_python_operator_decorator to 2022-08-05T00:00:00+00:00, run_after=2022-08-06T00:00:00+00:00
[2022-08-06 01:44:11,802] {processor.py:161} INFO - Processing /home/airflow/.local/lib/python3.7/site-packages/airflow/example_dags/example_branch_operator_decorator.py took 0.206 seconds
[2022-08-06 01:44:41,948] {processor.py:153} INFO - Started process (PID=1936) to work on /home/airflow/.local/lib/python3.7/site-packages/airflow/example_dags/example_branch_operator_decorator.py
[2022-08-06 01:44:41,949] {processor.py:641} INFO - Processing file /home/airflow/.local/lib/python3.7/site-packages/airflow/example_dags/example_branch_operator_decorator.py for tasks to queue
[2022-08-06 01:44:41,950] {logging_mixin.py:115} INFO - [2022-08-06 01:44:41,950] {dagbag.py:507} INFO - Filling up the DagBag from /home/airflow/.local/lib/python3.7/site-packages/airflow/example_dags/example_branch_operator_decorator.py
[2022-08-06 01:44:42,028] {processor.py:651} INFO - DAG(s) dict_keys(['example_branch_python_operator_decorator']) retrieved from /home/airflow/.local/lib/python3.7/site-packages/airflow/example_dags/example_branch_operator_decorator.py
[2022-08-06 01:44:42,040] {logging_mixin.py:115} INFO - [2022-08-06 01:44:42,040] {dag.py:2371} INFO - Sync 1 DAGs
[2022-08-06 01:44:42,051] {logging_mixin.py:115} INFO - [2022-08-06 01:44:42,051] {dag.py:2919} INFO - Setting next_dagrun for example_branch_python_operator_decorator to 2022-08-05T00:00:00+00:00, run_after=2022-08-06T00:00:00+00:00
[2022-08-06 01:44:42,057] {processor.py:161} INFO - Processing /home/airflow/.local/lib/python3.7/site-packages/airflow/example_dags/example_branch_operator_decorator.py took 0.110 seconds
[2022-08-06 01:45:12,386] {processor.py:153} INFO - Started process (PID=1997) to work on /home/airflow/.local/lib/python3.7/site-packages/airflow/example_dags/example_branch_operator_decorator.py
[2022-08-06 01:45:12,388] {processor.py:641} INFO - Processing file /home/airflow/.local/lib/python3.7/site-packages/airflow/example_dags/example_branch_operator_decorator.py for tasks to queue
[2022-08-06 01:45:12,388] {logging_mixin.py:115} INFO - [2022-08-06 01:45:12,388] {dagbag.py:507} INFO - Filling up the DagBag from /home/airflow/.local/lib/python3.7/site-packages/airflow/example_dags/example_branch_operator_decorator.py
[2022-08-06 01:45:12,488] {processor.py:651} INFO - DAG(s) dict_keys(['example_branch_python_operator_decorator']) retrieved from /home/airflow/.local/lib/python3.7/site-packages/airflow/example_dags/example_branch_operator_decorator.py
[2022-08-06 01:45:12,501] {logging_mixin.py:115} INFO - [2022-08-06 01:45:12,501] {dag.py:2371} INFO - Sync 1 DAGs
[2022-08-06 01:45:12,512] {logging_mixin.py:115} INFO - [2022-08-06 01:45:12,512] {dag.py:2919} INFO - Setting next_dagrun for example_branch_python_operator_decorator to 2022-08-05T00:00:00+00:00, run_after=2022-08-06T00:00:00+00:00
[2022-08-06 01:45:12,519] {processor.py:161} INFO - Processing /home/airflow/.local/lib/python3.7/site-packages/airflow/example_dags/example_branch_operator_decorator.py took 0.136 seconds
[2022-08-06 01:45:42,797] {processor.py:153} INFO - Started process (PID=2059) to work on /home/airflow/.local/lib/python3.7/site-packages/airflow/example_dags/example_branch_operator_decorator.py
[2022-08-06 01:45:42,799] {processor.py:641} INFO - Processing file /home/airflow/.local/lib/python3.7/site-packages/airflow/example_dags/example_branch_operator_decorator.py for tasks to queue
[2022-08-06 01:45:42,800] {logging_mixin.py:115} INFO - [2022-08-06 01:45:42,800] {dagbag.py:507} INFO - Filling up the DagBag from /home/airflow/.local/lib/python3.7/site-packages/airflow/example_dags/example_branch_operator_decorator.py
[2022-08-06 01:45:42,893] {processor.py:651} INFO - DAG(s) dict_keys(['example_branch_python_operator_decorator']) retrieved from /home/airflow/.local/lib/python3.7/site-packages/airflow/example_dags/example_branch_operator_decorator.py
[2022-08-06 01:45:42,907] {logging_mixin.py:115} INFO - [2022-08-06 01:45:42,907] {dag.py:2371} INFO - Sync 1 DAGs
[2022-08-06 01:45:42,917] {logging_mixin.py:115} INFO - [2022-08-06 01:45:42,917] {dag.py:2919} INFO - Setting next_dagrun for example_branch_python_operator_decorator to 2022-08-05T00:00:00+00:00, run_after=2022-08-06T00:00:00+00:00
[2022-08-06 01:45:42,924] {processor.py:161} INFO - Processing /home/airflow/.local/lib/python3.7/site-packages/airflow/example_dags/example_branch_operator_decorator.py took 0.130 seconds
[2022-08-06 01:46:13,129] {processor.py:153} INFO - Started process (PID=2121) to work on /home/airflow/.local/lib/python3.7/site-packages/airflow/example_dags/example_branch_operator_decorator.py
[2022-08-06 01:46:13,130] {processor.py:641} INFO - Processing file /home/airflow/.local/lib/python3.7/site-packages/airflow/example_dags/example_branch_operator_decorator.py for tasks to queue
[2022-08-06 01:46:13,131] {logging_mixin.py:115} INFO - [2022-08-06 01:46:13,131] {dagbag.py:507} INFO - Filling up the DagBag from /home/airflow/.local/lib/python3.7/site-packages/airflow/example_dags/example_branch_operator_decorator.py
[2022-08-06 01:46:13,222] {processor.py:651} INFO - DAG(s) dict_keys(['example_branch_python_operator_decorator']) retrieved from /home/airflow/.local/lib/python3.7/site-packages/airflow/example_dags/example_branch_operator_decorator.py
[2022-08-06 01:46:13,234] {logging_mixin.py:115} INFO - [2022-08-06 01:46:13,234] {dag.py:2371} INFO - Sync 1 DAGs
[2022-08-06 01:46:13,245] {logging_mixin.py:115} INFO - [2022-08-06 01:46:13,245] {dag.py:2919} INFO - Setting next_dagrun for example_branch_python_operator_decorator to 2022-08-05T00:00:00+00:00, run_after=2022-08-06T00:00:00+00:00
[2022-08-06 01:46:13,252] {processor.py:161} INFO - Processing /home/airflow/.local/lib/python3.7/site-packages/airflow/example_dags/example_branch_operator_decorator.py took 0.125 seconds
[2022-08-06 01:46:43,339] {processor.py:153} INFO - Started process (PID=2184) to work on /home/airflow/.local/lib/python3.7/site-packages/airflow/example_dags/example_branch_operator_decorator.py
[2022-08-06 01:46:43,340] {processor.py:641} INFO - Processing file /home/airflow/.local/lib/python3.7/site-packages/airflow/example_dags/example_branch_operator_decorator.py for tasks to queue
[2022-08-06 01:46:43,342] {logging_mixin.py:115} INFO - [2022-08-06 01:46:43,342] {dagbag.py:507} INFO - Filling up the DagBag from /home/airflow/.local/lib/python3.7/site-packages/airflow/example_dags/example_branch_operator_decorator.py
[2022-08-06 01:46:43,437] {processor.py:651} INFO - DAG(s) dict_keys(['example_branch_python_operator_decorator']) retrieved from /home/airflow/.local/lib/python3.7/site-packages/airflow/example_dags/example_branch_operator_decorator.py
[2022-08-06 01:46:43,453] {logging_mixin.py:115} INFO - [2022-08-06 01:46:43,453] {dag.py:2371} INFO - Sync 1 DAGs
[2022-08-06 01:46:43,467] {logging_mixin.py:115} INFO - [2022-08-06 01:46:43,466] {dag.py:2919} INFO - Setting next_dagrun for example_branch_python_operator_decorator to 2022-08-05T00:00:00+00:00, run_after=2022-08-06T00:00:00+00:00
[2022-08-06 01:46:43,475] {processor.py:161} INFO - Processing /home/airflow/.local/lib/python3.7/site-packages/airflow/example_dags/example_branch_operator_decorator.py took 0.139 seconds
[2022-08-06 01:47:13,545] {processor.py:153} INFO - Started process (PID=2237) to work on /home/airflow/.local/lib/python3.7/site-packages/airflow/example_dags/example_branch_operator_decorator.py
[2022-08-06 01:47:13,547] {processor.py:641} INFO - Processing file /home/airflow/.local/lib/python3.7/site-packages/airflow/example_dags/example_branch_operator_decorator.py for tasks to queue
[2022-08-06 01:47:13,547] {logging_mixin.py:115} INFO - [2022-08-06 01:47:13,547] {dagbag.py:507} INFO - Filling up the DagBag from /home/airflow/.local/lib/python3.7/site-packages/airflow/example_dags/example_branch_operator_decorator.py
[2022-08-06 01:47:13,642] {processor.py:651} INFO - DAG(s) dict_keys(['example_branch_python_operator_decorator']) retrieved from /home/airflow/.local/lib/python3.7/site-packages/airflow/example_dags/example_branch_operator_decorator.py
[2022-08-06 01:47:13,656] {logging_mixin.py:115} INFO - [2022-08-06 01:47:13,656] {dag.py:2371} INFO - Sync 1 DAGs
[2022-08-06 01:47:13,669] {logging_mixin.py:115} INFO - [2022-08-06 01:47:13,669] {dag.py:2919} INFO - Setting next_dagrun for example_branch_python_operator_decorator to 2022-08-05T00:00:00+00:00, run_after=2022-08-06T00:00:00+00:00
[2022-08-06 01:47:13,678] {processor.py:161} INFO - Processing /home/airflow/.local/lib/python3.7/site-packages/airflow/example_dags/example_branch_operator_decorator.py took 0.135 seconds
