[2022-08-06 00:01:55,283] {processor.py:153} INFO - Started process (PID=3446) to work on /home/airflow/.local/lib/python3.7/site-packages/airflow/example_dags/example_branch_day_of_week_operator.py
[2022-08-06 00:01:55,288] {processor.py:641} INFO - Processing file /home/airflow/.local/lib/python3.7/site-packages/airflow/example_dags/example_branch_day_of_week_operator.py for tasks to queue
[2022-08-06 00:01:55,289] {logging_mixin.py:115} INFO - [2022-08-06 00:01:55,289] {dagbag.py:507} INFO - Filling up the DagBag from /home/airflow/.local/lib/python3.7/site-packages/airflow/example_dags/example_branch_day_of_week_operator.py
[2022-08-06 00:01:55,304] {processor.py:651} INFO - DAG(s) dict_keys(['example_weekday_branch_operator']) retrieved from /home/airflow/.local/lib/python3.7/site-packages/airflow/example_dags/example_branch_day_of_week_operator.py
[2022-08-06 00:01:55,360] {logging_mixin.py:115} INFO - [2022-08-06 00:01:55,359] {dag.py:2371} INFO - Sync 1 DAGs
[2022-08-06 00:01:55,401] {logging_mixin.py:115} INFO - [2022-08-06 00:01:55,401] {dag.py:2919} INFO - Setting next_dagrun for example_weekday_branch_operator to 2022-08-05T00:00:00+00:00, run_after=2022-08-06T00:00:00+00:00
[2022-08-06 00:01:55,421] {processor.py:161} INFO - Processing /home/airflow/.local/lib/python3.7/site-packages/airflow/example_dags/example_branch_day_of_week_operator.py took 0.143 seconds
[2022-08-06 00:02:25,595] {processor.py:153} INFO - Started process (PID=3507) to work on /home/airflow/.local/lib/python3.7/site-packages/airflow/example_dags/example_branch_day_of_week_operator.py
[2022-08-06 00:02:25,596] {processor.py:641} INFO - Processing file /home/airflow/.local/lib/python3.7/site-packages/airflow/example_dags/example_branch_day_of_week_operator.py for tasks to queue
[2022-08-06 00:02:25,596] {logging_mixin.py:115} INFO - [2022-08-06 00:02:25,596] {dagbag.py:507} INFO - Filling up the DagBag from /home/airflow/.local/lib/python3.7/site-packages/airflow/example_dags/example_branch_day_of_week_operator.py
[2022-08-06 00:02:25,602] {processor.py:651} INFO - DAG(s) dict_keys(['example_weekday_branch_operator']) retrieved from /home/airflow/.local/lib/python3.7/site-packages/airflow/example_dags/example_branch_day_of_week_operator.py
[2022-08-06 00:02:25,621] {logging_mixin.py:115} INFO - [2022-08-06 00:02:25,620] {dag.py:2371} INFO - Sync 1 DAGs
[2022-08-06 00:02:25,635] {logging_mixin.py:115} INFO - [2022-08-06 00:02:25,635] {dag.py:2919} INFO - Setting next_dagrun for example_weekday_branch_operator to 2022-08-05T00:00:00+00:00, run_after=2022-08-06T00:00:00+00:00
[2022-08-06 00:02:25,642] {processor.py:161} INFO - Processing /home/airflow/.local/lib/python3.7/site-packages/airflow/example_dags/example_branch_day_of_week_operator.py took 0.050 seconds
[2022-08-06 00:02:56,057] {processor.py:153} INFO - Started process (PID=3568) to work on /home/airflow/.local/lib/python3.7/site-packages/airflow/example_dags/example_branch_day_of_week_operator.py
[2022-08-06 00:02:56,059] {processor.py:641} INFO - Processing file /home/airflow/.local/lib/python3.7/site-packages/airflow/example_dags/example_branch_day_of_week_operator.py for tasks to queue
[2022-08-06 00:02:56,060] {logging_mixin.py:115} INFO - [2022-08-06 00:02:56,059] {dagbag.py:507} INFO - Filling up the DagBag from /home/airflow/.local/lib/python3.7/site-packages/airflow/example_dags/example_branch_day_of_week_operator.py
[2022-08-06 00:02:56,064] {processor.py:651} INFO - DAG(s) dict_keys(['example_weekday_branch_operator']) retrieved from /home/airflow/.local/lib/python3.7/site-packages/airflow/example_dags/example_branch_day_of_week_operator.py
[2022-08-06 00:02:56,079] {logging_mixin.py:115} INFO - [2022-08-06 00:02:56,079] {dag.py:2371} INFO - Sync 1 DAGs
[2022-08-06 00:02:56,091] {logging_mixin.py:115} INFO - [2022-08-06 00:02:56,091] {dag.py:2919} INFO - Setting next_dagrun for example_weekday_branch_operator to 2022-08-05T00:00:00+00:00, run_after=2022-08-06T00:00:00+00:00
[2022-08-06 00:02:56,097] {processor.py:161} INFO - Processing /home/airflow/.local/lib/python3.7/site-packages/airflow/example_dags/example_branch_day_of_week_operator.py took 0.041 seconds
[2022-08-06 00:03:26,503] {processor.py:153} INFO - Started process (PID=3631) to work on /home/airflow/.local/lib/python3.7/site-packages/airflow/example_dags/example_branch_day_of_week_operator.py
[2022-08-06 00:03:26,504] {processor.py:641} INFO - Processing file /home/airflow/.local/lib/python3.7/site-packages/airflow/example_dags/example_branch_day_of_week_operator.py for tasks to queue
[2022-08-06 00:03:26,505] {logging_mixin.py:115} INFO - [2022-08-06 00:03:26,505] {dagbag.py:507} INFO - Filling up the DagBag from /home/airflow/.local/lib/python3.7/site-packages/airflow/example_dags/example_branch_day_of_week_operator.py
[2022-08-06 00:03:26,510] {processor.py:651} INFO - DAG(s) dict_keys(['example_weekday_branch_operator']) retrieved from /home/airflow/.local/lib/python3.7/site-packages/airflow/example_dags/example_branch_day_of_week_operator.py
[2022-08-06 00:03:26,526] {logging_mixin.py:115} INFO - [2022-08-06 00:03:26,526] {dag.py:2371} INFO - Sync 1 DAGs
[2022-08-06 00:03:26,540] {logging_mixin.py:115} INFO - [2022-08-06 00:03:26,540] {dag.py:2919} INFO - Setting next_dagrun for example_weekday_branch_operator to 2022-08-05T00:00:00+00:00, run_after=2022-08-06T00:00:00+00:00
[2022-08-06 00:03:26,548] {processor.py:161} INFO - Processing /home/airflow/.local/lib/python3.7/site-packages/airflow/example_dags/example_branch_day_of_week_operator.py took 0.047 seconds
[2022-08-06 00:03:57,013] {processor.py:153} INFO - Started process (PID=3693) to work on /home/airflow/.local/lib/python3.7/site-packages/airflow/example_dags/example_branch_day_of_week_operator.py
[2022-08-06 00:03:57,015] {processor.py:641} INFO - Processing file /home/airflow/.local/lib/python3.7/site-packages/airflow/example_dags/example_branch_day_of_week_operator.py for tasks to queue
[2022-08-06 00:03:57,018] {logging_mixin.py:115} INFO - [2022-08-06 00:03:57,017] {dagbag.py:507} INFO - Filling up the DagBag from /home/airflow/.local/lib/python3.7/site-packages/airflow/example_dags/example_branch_day_of_week_operator.py
[2022-08-06 00:03:57,026] {processor.py:651} INFO - DAG(s) dict_keys(['example_weekday_branch_operator']) retrieved from /home/airflow/.local/lib/python3.7/site-packages/airflow/example_dags/example_branch_day_of_week_operator.py
[2022-08-06 00:03:57,059] {logging_mixin.py:115} INFO - [2022-08-06 00:03:57,059] {dag.py:2371} INFO - Sync 1 DAGs
[2022-08-06 00:03:57,085] {logging_mixin.py:115} INFO - [2022-08-06 00:03:57,085] {dag.py:2919} INFO - Setting next_dagrun for example_weekday_branch_operator to 2022-08-05T00:00:00+00:00, run_after=2022-08-06T00:00:00+00:00
[2022-08-06 00:03:57,100] {processor.py:161} INFO - Processing /home/airflow/.local/lib/python3.7/site-packages/airflow/example_dags/example_branch_day_of_week_operator.py took 0.091 seconds
[2022-08-06 00:04:27,211] {processor.py:153} INFO - Started process (PID=3746) to work on /home/airflow/.local/lib/python3.7/site-packages/airflow/example_dags/example_branch_day_of_week_operator.py
[2022-08-06 00:04:27,212] {processor.py:641} INFO - Processing file /home/airflow/.local/lib/python3.7/site-packages/airflow/example_dags/example_branch_day_of_week_operator.py for tasks to queue
[2022-08-06 00:04:27,213] {logging_mixin.py:115} INFO - [2022-08-06 00:04:27,213] {dagbag.py:507} INFO - Filling up the DagBag from /home/airflow/.local/lib/python3.7/site-packages/airflow/example_dags/example_branch_day_of_week_operator.py
[2022-08-06 00:04:27,218] {processor.py:651} INFO - DAG(s) dict_keys(['example_weekday_branch_operator']) retrieved from /home/airflow/.local/lib/python3.7/site-packages/airflow/example_dags/example_branch_day_of_week_operator.py
[2022-08-06 00:04:27,233] {logging_mixin.py:115} INFO - [2022-08-06 00:04:27,233] {dag.py:2371} INFO - Sync 1 DAGs
[2022-08-06 00:04:27,245] {logging_mixin.py:115} INFO - [2022-08-06 00:04:27,245] {dag.py:2919} INFO - Setting next_dagrun for example_weekday_branch_operator to 2022-08-05T00:00:00+00:00, run_after=2022-08-06T00:00:00+00:00
[2022-08-06 00:04:27,251] {processor.py:161} INFO - Processing /home/airflow/.local/lib/python3.7/site-packages/airflow/example_dags/example_branch_day_of_week_operator.py took 0.041 seconds
[2022-08-06 00:04:58,164] {processor.py:153} INFO - Started process (PID=3808) to work on /home/airflow/.local/lib/python3.7/site-packages/airflow/example_dags/example_branch_day_of_week_operator.py
[2022-08-06 00:04:58,165] {processor.py:641} INFO - Processing file /home/airflow/.local/lib/python3.7/site-packages/airflow/example_dags/example_branch_day_of_week_operator.py for tasks to queue
[2022-08-06 00:04:58,166] {logging_mixin.py:115} INFO - [2022-08-06 00:04:58,166] {dagbag.py:507} INFO - Filling up the DagBag from /home/airflow/.local/lib/python3.7/site-packages/airflow/example_dags/example_branch_day_of_week_operator.py
[2022-08-06 00:04:58,171] {processor.py:651} INFO - DAG(s) dict_keys(['example_weekday_branch_operator']) retrieved from /home/airflow/.local/lib/python3.7/site-packages/airflow/example_dags/example_branch_day_of_week_operator.py
[2022-08-06 00:04:58,185] {logging_mixin.py:115} INFO - [2022-08-06 00:04:58,185] {dag.py:2371} INFO - Sync 1 DAGs
[2022-08-06 00:04:58,198] {logging_mixin.py:115} INFO - [2022-08-06 00:04:58,198] {dag.py:2919} INFO - Setting next_dagrun for example_weekday_branch_operator to 2022-08-05T00:00:00+00:00, run_after=2022-08-06T00:00:00+00:00
[2022-08-06 00:04:58,204] {processor.py:161} INFO - Processing /home/airflow/.local/lib/python3.7/site-packages/airflow/example_dags/example_branch_day_of_week_operator.py took 0.042 seconds
[2022-08-06 00:07:15,767] {processor.py:153} INFO - Started process (PID=49) to work on /home/airflow/.local/lib/python3.7/site-packages/airflow/example_dags/example_branch_day_of_week_operator.py
[2022-08-06 00:07:15,773] {processor.py:641} INFO - Processing file /home/airflow/.local/lib/python3.7/site-packages/airflow/example_dags/example_branch_day_of_week_operator.py for tasks to queue
[2022-08-06 00:07:15,777] {logging_mixin.py:115} INFO - [2022-08-06 00:07:15,777] {dagbag.py:507} INFO - Filling up the DagBag from /home/airflow/.local/lib/python3.7/site-packages/airflow/example_dags/example_branch_day_of_week_operator.py
[2022-08-06 00:07:15,800] {processor.py:651} INFO - DAG(s) dict_keys(['example_weekday_branch_operator']) retrieved from /home/airflow/.local/lib/python3.7/site-packages/airflow/example_dags/example_branch_day_of_week_operator.py
[2022-08-06 00:07:15,853] {logging_mixin.py:115} INFO - [2022-08-06 00:07:15,853] {dag.py:2371} INFO - Sync 1 DAGs
[2022-08-06 00:07:15,909] {logging_mixin.py:115} INFO - [2022-08-06 00:07:15,908] {dag.py:2919} INFO - Setting next_dagrun for example_weekday_branch_operator to 2022-08-05T00:00:00+00:00, run_after=2022-08-06T00:00:00+00:00
[2022-08-06 00:07:16,251] {processor.py:161} INFO - Processing /home/airflow/.local/lib/python3.7/site-packages/airflow/example_dags/example_branch_day_of_week_operator.py took 0.486 seconds
[2022-08-06 00:07:46,316] {processor.py:153} INFO - Started process (PID=111) to work on /home/airflow/.local/lib/python3.7/site-packages/airflow/example_dags/example_branch_day_of_week_operator.py
[2022-08-06 00:07:46,317] {processor.py:641} INFO - Processing file /home/airflow/.local/lib/python3.7/site-packages/airflow/example_dags/example_branch_day_of_week_operator.py for tasks to queue
[2022-08-06 00:07:46,318] {logging_mixin.py:115} INFO - [2022-08-06 00:07:46,318] {dagbag.py:507} INFO - Filling up the DagBag from /home/airflow/.local/lib/python3.7/site-packages/airflow/example_dags/example_branch_day_of_week_operator.py
[2022-08-06 00:07:46,323] {processor.py:651} INFO - DAG(s) dict_keys(['example_weekday_branch_operator']) retrieved from /home/airflow/.local/lib/python3.7/site-packages/airflow/example_dags/example_branch_day_of_week_operator.py
[2022-08-06 00:07:46,339] {logging_mixin.py:115} INFO - [2022-08-06 00:07:46,339] {dag.py:2371} INFO - Sync 1 DAGs
[2022-08-06 00:07:46,353] {logging_mixin.py:115} INFO - [2022-08-06 00:07:46,353] {dag.py:2919} INFO - Setting next_dagrun for example_weekday_branch_operator to 2022-08-05T00:00:00+00:00, run_after=2022-08-06T00:00:00+00:00
[2022-08-06 00:07:46,429] {processor.py:161} INFO - Processing /home/airflow/.local/lib/python3.7/site-packages/airflow/example_dags/example_branch_day_of_week_operator.py took 0.115 seconds
[2022-08-06 00:08:17,316] {processor.py:153} INFO - Started process (PID=172) to work on /home/airflow/.local/lib/python3.7/site-packages/airflow/example_dags/example_branch_day_of_week_operator.py
[2022-08-06 00:08:17,317] {processor.py:641} INFO - Processing file /home/airflow/.local/lib/python3.7/site-packages/airflow/example_dags/example_branch_day_of_week_operator.py for tasks to queue
[2022-08-06 00:08:17,318] {logging_mixin.py:115} INFO - [2022-08-06 00:08:17,318] {dagbag.py:507} INFO - Filling up the DagBag from /home/airflow/.local/lib/python3.7/site-packages/airflow/example_dags/example_branch_day_of_week_operator.py
[2022-08-06 00:08:17,323] {processor.py:651} INFO - DAG(s) dict_keys(['example_weekday_branch_operator']) retrieved from /home/airflow/.local/lib/python3.7/site-packages/airflow/example_dags/example_branch_day_of_week_operator.py
[2022-08-06 00:08:17,339] {logging_mixin.py:115} INFO - [2022-08-06 00:08:17,339] {dag.py:2371} INFO - Sync 1 DAGs
[2022-08-06 00:08:17,354] {logging_mixin.py:115} INFO - [2022-08-06 00:08:17,354] {dag.py:2919} INFO - Setting next_dagrun for example_weekday_branch_operator to 2022-08-05T00:00:00+00:00, run_after=2022-08-06T00:00:00+00:00
[2022-08-06 00:08:17,435] {processor.py:161} INFO - Processing /home/airflow/.local/lib/python3.7/site-packages/airflow/example_dags/example_branch_day_of_week_operator.py took 0.121 seconds
[2022-08-06 00:08:47,853] {processor.py:153} INFO - Started process (PID=234) to work on /home/airflow/.local/lib/python3.7/site-packages/airflow/example_dags/example_branch_day_of_week_operator.py
[2022-08-06 00:08:47,854] {processor.py:641} INFO - Processing file /home/airflow/.local/lib/python3.7/site-packages/airflow/example_dags/example_branch_day_of_week_operator.py for tasks to queue
[2022-08-06 00:08:47,855] {logging_mixin.py:115} INFO - [2022-08-06 00:08:47,855] {dagbag.py:507} INFO - Filling up the DagBag from /home/airflow/.local/lib/python3.7/site-packages/airflow/example_dags/example_branch_day_of_week_operator.py
[2022-08-06 00:08:47,860] {processor.py:651} INFO - DAG(s) dict_keys(['example_weekday_branch_operator']) retrieved from /home/airflow/.local/lib/python3.7/site-packages/airflow/example_dags/example_branch_day_of_week_operator.py
[2022-08-06 00:08:47,876] {logging_mixin.py:115} INFO - [2022-08-06 00:08:47,876] {dag.py:2371} INFO - Sync 1 DAGs
[2022-08-06 00:08:47,892] {logging_mixin.py:115} INFO - [2022-08-06 00:08:47,891] {dag.py:2919} INFO - Setting next_dagrun for example_weekday_branch_operator to 2022-08-05T00:00:00+00:00, run_after=2022-08-06T00:00:00+00:00
[2022-08-06 00:08:47,975] {processor.py:161} INFO - Processing /home/airflow/.local/lib/python3.7/site-packages/airflow/example_dags/example_branch_day_of_week_operator.py took 0.125 seconds
[2022-08-06 00:09:18,560] {processor.py:153} INFO - Started process (PID=296) to work on /home/airflow/.local/lib/python3.7/site-packages/airflow/example_dags/example_branch_day_of_week_operator.py
[2022-08-06 00:09:18,561] {processor.py:641} INFO - Processing file /home/airflow/.local/lib/python3.7/site-packages/airflow/example_dags/example_branch_day_of_week_operator.py for tasks to queue
[2022-08-06 00:09:18,562] {logging_mixin.py:115} INFO - [2022-08-06 00:09:18,562] {dagbag.py:507} INFO - Filling up the DagBag from /home/airflow/.local/lib/python3.7/site-packages/airflow/example_dags/example_branch_day_of_week_operator.py
[2022-08-06 00:09:18,567] {processor.py:651} INFO - DAG(s) dict_keys(['example_weekday_branch_operator']) retrieved from /home/airflow/.local/lib/python3.7/site-packages/airflow/example_dags/example_branch_day_of_week_operator.py
[2022-08-06 00:09:18,583] {logging_mixin.py:115} INFO - [2022-08-06 00:09:18,583] {dag.py:2371} INFO - Sync 1 DAGs
[2022-08-06 00:09:18,598] {logging_mixin.py:115} INFO - [2022-08-06 00:09:18,597] {dag.py:2919} INFO - Setting next_dagrun for example_weekday_branch_operator to 2022-08-05T00:00:00+00:00, run_after=2022-08-06T00:00:00+00:00
[2022-08-06 00:09:18,676] {processor.py:161} INFO - Processing /home/airflow/.local/lib/python3.7/site-packages/airflow/example_dags/example_branch_day_of_week_operator.py took 0.118 seconds
[2022-08-06 00:09:49,285] {processor.py:153} INFO - Started process (PID=358) to work on /home/airflow/.local/lib/python3.7/site-packages/airflow/example_dags/example_branch_day_of_week_operator.py
[2022-08-06 00:09:49,287] {processor.py:641} INFO - Processing file /home/airflow/.local/lib/python3.7/site-packages/airflow/example_dags/example_branch_day_of_week_operator.py for tasks to queue
[2022-08-06 00:09:49,288] {logging_mixin.py:115} INFO - [2022-08-06 00:09:49,288] {dagbag.py:507} INFO - Filling up the DagBag from /home/airflow/.local/lib/python3.7/site-packages/airflow/example_dags/example_branch_day_of_week_operator.py
[2022-08-06 00:09:49,292] {processor.py:651} INFO - DAG(s) dict_keys(['example_weekday_branch_operator']) retrieved from /home/airflow/.local/lib/python3.7/site-packages/airflow/example_dags/example_branch_day_of_week_operator.py
[2022-08-06 00:09:49,308] {logging_mixin.py:115} INFO - [2022-08-06 00:09:49,308] {dag.py:2371} INFO - Sync 1 DAGs
[2022-08-06 00:09:49,322] {logging_mixin.py:115} INFO - [2022-08-06 00:09:49,322] {dag.py:2919} INFO - Setting next_dagrun for example_weekday_branch_operator to 2022-08-05T00:00:00+00:00, run_after=2022-08-06T00:00:00+00:00
[2022-08-06 00:09:49,400] {processor.py:161} INFO - Processing /home/airflow/.local/lib/python3.7/site-packages/airflow/example_dags/example_branch_day_of_week_operator.py took 0.117 seconds
[2022-08-06 00:10:19,964] {processor.py:153} INFO - Started process (PID=421) to work on /home/airflow/.local/lib/python3.7/site-packages/airflow/example_dags/example_branch_day_of_week_operator.py
[2022-08-06 00:10:19,966] {processor.py:641} INFO - Processing file /home/airflow/.local/lib/python3.7/site-packages/airflow/example_dags/example_branch_day_of_week_operator.py for tasks to queue
[2022-08-06 00:10:19,967] {logging_mixin.py:115} INFO - [2022-08-06 00:10:19,967] {dagbag.py:507} INFO - Filling up the DagBag from /home/airflow/.local/lib/python3.7/site-packages/airflow/example_dags/example_branch_day_of_week_operator.py
[2022-08-06 00:10:19,977] {processor.py:651} INFO - DAG(s) dict_keys(['example_weekday_branch_operator']) retrieved from /home/airflow/.local/lib/python3.7/site-packages/airflow/example_dags/example_branch_day_of_week_operator.py
[2022-08-06 00:10:19,998] {logging_mixin.py:115} INFO - [2022-08-06 00:10:19,998] {dag.py:2371} INFO - Sync 1 DAGs
[2022-08-06 00:10:20,015] {logging_mixin.py:115} INFO - [2022-08-06 00:10:20,015] {dag.py:2919} INFO - Setting next_dagrun for example_weekday_branch_operator to 2022-08-05T00:00:00+00:00, run_after=2022-08-06T00:00:00+00:00
[2022-08-06 00:10:20,123] {processor.py:161} INFO - Processing /home/airflow/.local/lib/python3.7/site-packages/airflow/example_dags/example_branch_day_of_week_operator.py took 0.161 seconds
[2022-08-06 00:10:50,782] {processor.py:153} INFO - Started process (PID=473) to work on /home/airflow/.local/lib/python3.7/site-packages/airflow/example_dags/example_branch_day_of_week_operator.py
[2022-08-06 00:10:50,783] {processor.py:641} INFO - Processing file /home/airflow/.local/lib/python3.7/site-packages/airflow/example_dags/example_branch_day_of_week_operator.py for tasks to queue
[2022-08-06 00:10:50,785] {logging_mixin.py:115} INFO - [2022-08-06 00:10:50,785] {dagbag.py:507} INFO - Filling up the DagBag from /home/airflow/.local/lib/python3.7/site-packages/airflow/example_dags/example_branch_day_of_week_operator.py
[2022-08-06 00:10:50,791] {processor.py:651} INFO - DAG(s) dict_keys(['example_weekday_branch_operator']) retrieved from /home/airflow/.local/lib/python3.7/site-packages/airflow/example_dags/example_branch_day_of_week_operator.py
[2022-08-06 00:10:50,808] {logging_mixin.py:115} INFO - [2022-08-06 00:10:50,808] {dag.py:2371} INFO - Sync 1 DAGs
[2022-08-06 00:10:50,825] {logging_mixin.py:115} INFO - [2022-08-06 00:10:50,825] {dag.py:2919} INFO - Setting next_dagrun for example_weekday_branch_operator to 2022-08-05T00:00:00+00:00, run_after=2022-08-06T00:00:00+00:00
[2022-08-06 00:10:50,906] {processor.py:161} INFO - Processing /home/airflow/.local/lib/python3.7/site-packages/airflow/example_dags/example_branch_day_of_week_operator.py took 0.126 seconds
[2022-08-06 00:11:21,681] {processor.py:153} INFO - Started process (PID=534) to work on /home/airflow/.local/lib/python3.7/site-packages/airflow/example_dags/example_branch_day_of_week_operator.py
[2022-08-06 00:11:21,682] {processor.py:641} INFO - Processing file /home/airflow/.local/lib/python3.7/site-packages/airflow/example_dags/example_branch_day_of_week_operator.py for tasks to queue
[2022-08-06 00:11:21,683] {logging_mixin.py:115} INFO - [2022-08-06 00:11:21,683] {dagbag.py:507} INFO - Filling up the DagBag from /home/airflow/.local/lib/python3.7/site-packages/airflow/example_dags/example_branch_day_of_week_operator.py
[2022-08-06 00:11:21,689] {processor.py:651} INFO - DAG(s) dict_keys(['example_weekday_branch_operator']) retrieved from /home/airflow/.local/lib/python3.7/site-packages/airflow/example_dags/example_branch_day_of_week_operator.py
[2022-08-06 00:11:21,707] {logging_mixin.py:115} INFO - [2022-08-06 00:11:21,707] {dag.py:2371} INFO - Sync 1 DAGs
[2022-08-06 00:11:21,722] {logging_mixin.py:115} INFO - [2022-08-06 00:11:21,722] {dag.py:2919} INFO - Setting next_dagrun for example_weekday_branch_operator to 2022-08-05T00:00:00+00:00, run_after=2022-08-06T00:00:00+00:00
[2022-08-06 00:11:21,806] {processor.py:161} INFO - Processing /home/airflow/.local/lib/python3.7/site-packages/airflow/example_dags/example_branch_day_of_week_operator.py took 0.127 seconds
[2022-08-06 00:11:52,233] {processor.py:153} INFO - Started process (PID=596) to work on /home/airflow/.local/lib/python3.7/site-packages/airflow/example_dags/example_branch_day_of_week_operator.py
[2022-08-06 00:11:52,236] {processor.py:641} INFO - Processing file /home/airflow/.local/lib/python3.7/site-packages/airflow/example_dags/example_branch_day_of_week_operator.py for tasks to queue
[2022-08-06 00:11:52,236] {logging_mixin.py:115} INFO - [2022-08-06 00:11:52,236] {dagbag.py:507} INFO - Filling up the DagBag from /home/airflow/.local/lib/python3.7/site-packages/airflow/example_dags/example_branch_day_of_week_operator.py
[2022-08-06 00:11:52,242] {processor.py:651} INFO - DAG(s) dict_keys(['example_weekday_branch_operator']) retrieved from /home/airflow/.local/lib/python3.7/site-packages/airflow/example_dags/example_branch_day_of_week_operator.py
[2022-08-06 00:11:52,258] {logging_mixin.py:115} INFO - [2022-08-06 00:11:52,258] {dag.py:2371} INFO - Sync 1 DAGs
[2022-08-06 00:11:52,272] {logging_mixin.py:115} INFO - [2022-08-06 00:11:52,272] {dag.py:2919} INFO - Setting next_dagrun for example_weekday_branch_operator to 2022-08-05T00:00:00+00:00, run_after=2022-08-06T00:00:00+00:00
[2022-08-06 00:11:52,360] {processor.py:161} INFO - Processing /home/airflow/.local/lib/python3.7/site-packages/airflow/example_dags/example_branch_day_of_week_operator.py took 0.129 seconds
[2022-08-06 00:12:22,883] {processor.py:153} INFO - Started process (PID=658) to work on /home/airflow/.local/lib/python3.7/site-packages/airflow/example_dags/example_branch_day_of_week_operator.py
[2022-08-06 00:12:22,885] {processor.py:641} INFO - Processing file /home/airflow/.local/lib/python3.7/site-packages/airflow/example_dags/example_branch_day_of_week_operator.py for tasks to queue
[2022-08-06 00:12:22,886] {logging_mixin.py:115} INFO - [2022-08-06 00:12:22,886] {dagbag.py:507} INFO - Filling up the DagBag from /home/airflow/.local/lib/python3.7/site-packages/airflow/example_dags/example_branch_day_of_week_operator.py
[2022-08-06 00:12:22,892] {processor.py:651} INFO - DAG(s) dict_keys(['example_weekday_branch_operator']) retrieved from /home/airflow/.local/lib/python3.7/site-packages/airflow/example_dags/example_branch_day_of_week_operator.py
[2022-08-06 00:12:22,911] {logging_mixin.py:115} INFO - [2022-08-06 00:12:22,911] {dag.py:2371} INFO - Sync 1 DAGs
[2022-08-06 00:12:23,036] {logging_mixin.py:115} INFO - [2022-08-06 00:12:23,036] {dag.py:2919} INFO - Setting next_dagrun for example_weekday_branch_operator to 2022-08-05T00:00:00+00:00, run_after=2022-08-06T00:00:00+00:00
[2022-08-06 00:12:23,045] {processor.py:161} INFO - Processing /home/airflow/.local/lib/python3.7/site-packages/airflow/example_dags/example_branch_day_of_week_operator.py took 0.164 seconds
[2022-08-06 00:12:53,996] {processor.py:153} INFO - Started process (PID=721) to work on /home/airflow/.local/lib/python3.7/site-packages/airflow/example_dags/example_branch_day_of_week_operator.py
[2022-08-06 00:12:53,997] {processor.py:641} INFO - Processing file /home/airflow/.local/lib/python3.7/site-packages/airflow/example_dags/example_branch_day_of_week_operator.py for tasks to queue
[2022-08-06 00:12:53,998] {logging_mixin.py:115} INFO - [2022-08-06 00:12:53,998] {dagbag.py:507} INFO - Filling up the DagBag from /home/airflow/.local/lib/python3.7/site-packages/airflow/example_dags/example_branch_day_of_week_operator.py
[2022-08-06 00:12:54,002] {processor.py:651} INFO - DAG(s) dict_keys(['example_weekday_branch_operator']) retrieved from /home/airflow/.local/lib/python3.7/site-packages/airflow/example_dags/example_branch_day_of_week_operator.py
[2022-08-06 00:12:54,018] {logging_mixin.py:115} INFO - [2022-08-06 00:12:54,018] {dag.py:2371} INFO - Sync 1 DAGs
[2022-08-06 00:12:54,095] {logging_mixin.py:115} INFO - [2022-08-06 00:12:54,095] {dag.py:2919} INFO - Setting next_dagrun for example_weekday_branch_operator to 2022-08-05T00:00:00+00:00, run_after=2022-08-06T00:00:00+00:00
[2022-08-06 00:12:54,101] {processor.py:161} INFO - Processing /home/airflow/.local/lib/python3.7/site-packages/airflow/example_dags/example_branch_day_of_week_operator.py took 0.107 seconds
[2022-08-06 00:13:24,960] {processor.py:153} INFO - Started process (PID=783) to work on /home/airflow/.local/lib/python3.7/site-packages/airflow/example_dags/example_branch_day_of_week_operator.py
[2022-08-06 00:13:24,960] {processor.py:641} INFO - Processing file /home/airflow/.local/lib/python3.7/site-packages/airflow/example_dags/example_branch_day_of_week_operator.py for tasks to queue
[2022-08-06 00:13:24,961] {logging_mixin.py:115} INFO - [2022-08-06 00:13:24,961] {dagbag.py:507} INFO - Filling up the DagBag from /home/airflow/.local/lib/python3.7/site-packages/airflow/example_dags/example_branch_day_of_week_operator.py
[2022-08-06 00:13:24,965] {processor.py:651} INFO - DAG(s) dict_keys(['example_weekday_branch_operator']) retrieved from /home/airflow/.local/lib/python3.7/site-packages/airflow/example_dags/example_branch_day_of_week_operator.py
[2022-08-06 00:13:24,980] {logging_mixin.py:115} INFO - [2022-08-06 00:13:24,980] {dag.py:2371} INFO - Sync 1 DAGs
[2022-08-06 00:13:25,056] {logging_mixin.py:115} INFO - [2022-08-06 00:13:25,056] {dag.py:2919} INFO - Setting next_dagrun for example_weekday_branch_operator to 2022-08-05T00:00:00+00:00, run_after=2022-08-06T00:00:00+00:00
[2022-08-06 00:13:25,062] {processor.py:161} INFO - Processing /home/airflow/.local/lib/python3.7/site-packages/airflow/example_dags/example_branch_day_of_week_operator.py took 0.104 seconds
[2022-08-06 00:13:55,865] {processor.py:153} INFO - Started process (PID=844) to work on /home/airflow/.local/lib/python3.7/site-packages/airflow/example_dags/example_branch_day_of_week_operator.py
[2022-08-06 00:13:55,866] {processor.py:641} INFO - Processing file /home/airflow/.local/lib/python3.7/site-packages/airflow/example_dags/example_branch_day_of_week_operator.py for tasks to queue
[2022-08-06 00:13:55,868] {logging_mixin.py:115} INFO - [2022-08-06 00:13:55,867] {dagbag.py:507} INFO - Filling up the DagBag from /home/airflow/.local/lib/python3.7/site-packages/airflow/example_dags/example_branch_day_of_week_operator.py
[2022-08-06 00:13:55,874] {processor.py:651} INFO - DAG(s) dict_keys(['example_weekday_branch_operator']) retrieved from /home/airflow/.local/lib/python3.7/site-packages/airflow/example_dags/example_branch_day_of_week_operator.py
[2022-08-06 00:13:55,891] {logging_mixin.py:115} INFO - [2022-08-06 00:13:55,891] {dag.py:2371} INFO - Sync 1 DAGs
[2022-08-06 00:13:55,997] {logging_mixin.py:115} INFO - [2022-08-06 00:13:55,997] {dag.py:2919} INFO - Setting next_dagrun for example_weekday_branch_operator to 2022-08-05T00:00:00+00:00, run_after=2022-08-06T00:00:00+00:00
[2022-08-06 00:13:56,005] {processor.py:161} INFO - Processing /home/airflow/.local/lib/python3.7/site-packages/airflow/example_dags/example_branch_day_of_week_operator.py took 0.142 seconds
[2022-08-06 00:14:26,565] {processor.py:153} INFO - Started process (PID=898) to work on /home/airflow/.local/lib/python3.7/site-packages/airflow/example_dags/example_branch_day_of_week_operator.py
[2022-08-06 00:14:26,566] {processor.py:641} INFO - Processing file /home/airflow/.local/lib/python3.7/site-packages/airflow/example_dags/example_branch_day_of_week_operator.py for tasks to queue
[2022-08-06 00:14:26,567] {logging_mixin.py:115} INFO - [2022-08-06 00:14:26,567] {dagbag.py:507} INFO - Filling up the DagBag from /home/airflow/.local/lib/python3.7/site-packages/airflow/example_dags/example_branch_day_of_week_operator.py
[2022-08-06 00:14:26,572] {processor.py:651} INFO - DAG(s) dict_keys(['example_weekday_branch_operator']) retrieved from /home/airflow/.local/lib/python3.7/site-packages/airflow/example_dags/example_branch_day_of_week_operator.py
[2022-08-06 00:14:26,588] {logging_mixin.py:115} INFO - [2022-08-06 00:14:26,588] {dag.py:2371} INFO - Sync 1 DAGs
[2022-08-06 00:14:26,676] {logging_mixin.py:115} INFO - [2022-08-06 00:14:26,676] {dag.py:2919} INFO - Setting next_dagrun for example_weekday_branch_operator to 2022-08-05T00:00:00+00:00, run_after=2022-08-06T00:00:00+00:00
[2022-08-06 00:14:26,683] {processor.py:161} INFO - Processing /home/airflow/.local/lib/python3.7/site-packages/airflow/example_dags/example_branch_day_of_week_operator.py took 0.120 seconds
[2022-08-06 00:14:57,593] {processor.py:153} INFO - Started process (PID=960) to work on /home/airflow/.local/lib/python3.7/site-packages/airflow/example_dags/example_branch_day_of_week_operator.py
[2022-08-06 00:14:57,594] {processor.py:641} INFO - Processing file /home/airflow/.local/lib/python3.7/site-packages/airflow/example_dags/example_branch_day_of_week_operator.py for tasks to queue
[2022-08-06 00:14:57,595] {logging_mixin.py:115} INFO - [2022-08-06 00:14:57,595] {dagbag.py:507} INFO - Filling up the DagBag from /home/airflow/.local/lib/python3.7/site-packages/airflow/example_dags/example_branch_day_of_week_operator.py
[2022-08-06 00:14:57,599] {processor.py:651} INFO - DAG(s) dict_keys(['example_weekday_branch_operator']) retrieved from /home/airflow/.local/lib/python3.7/site-packages/airflow/example_dags/example_branch_day_of_week_operator.py
[2022-08-06 00:14:57,615] {logging_mixin.py:115} INFO - [2022-08-06 00:14:57,615] {dag.py:2371} INFO - Sync 1 DAGs
[2022-08-06 00:14:57,701] {logging_mixin.py:115} INFO - [2022-08-06 00:14:57,701] {dag.py:2919} INFO - Setting next_dagrun for example_weekday_branch_operator to 2022-08-05T00:00:00+00:00, run_after=2022-08-06T00:00:00+00:00
[2022-08-06 00:14:57,709] {processor.py:161} INFO - Processing /home/airflow/.local/lib/python3.7/site-packages/airflow/example_dags/example_branch_day_of_week_operator.py took 0.118 seconds
[2022-08-06 00:15:28,549] {processor.py:153} INFO - Started process (PID=1021) to work on /home/airflow/.local/lib/python3.7/site-packages/airflow/example_dags/example_branch_day_of_week_operator.py
[2022-08-06 00:15:28,550] {processor.py:641} INFO - Processing file /home/airflow/.local/lib/python3.7/site-packages/airflow/example_dags/example_branch_day_of_week_operator.py for tasks to queue
[2022-08-06 00:15:28,551] {logging_mixin.py:115} INFO - [2022-08-06 00:15:28,551] {dagbag.py:507} INFO - Filling up the DagBag from /home/airflow/.local/lib/python3.7/site-packages/airflow/example_dags/example_branch_day_of_week_operator.py
[2022-08-06 00:15:28,556] {processor.py:651} INFO - DAG(s) dict_keys(['example_weekday_branch_operator']) retrieved from /home/airflow/.local/lib/python3.7/site-packages/airflow/example_dags/example_branch_day_of_week_operator.py
[2022-08-06 00:15:28,573] {logging_mixin.py:115} INFO - [2022-08-06 00:15:28,573] {dag.py:2371} INFO - Sync 1 DAGs
[2022-08-06 00:15:28,662] {logging_mixin.py:115} INFO - [2022-08-06 00:15:28,662] {dag.py:2919} INFO - Setting next_dagrun for example_weekday_branch_operator to 2022-08-05T00:00:00+00:00, run_after=2022-08-06T00:00:00+00:00
[2022-08-06 00:15:28,669] {processor.py:161} INFO - Processing /home/airflow/.local/lib/python3.7/site-packages/airflow/example_dags/example_branch_day_of_week_operator.py took 0.123 seconds
[2022-08-06 00:15:59,304] {processor.py:153} INFO - Started process (PID=1083) to work on /home/airflow/.local/lib/python3.7/site-packages/airflow/example_dags/example_branch_day_of_week_operator.py
[2022-08-06 00:15:59,305] {processor.py:641} INFO - Processing file /home/airflow/.local/lib/python3.7/site-packages/airflow/example_dags/example_branch_day_of_week_operator.py for tasks to queue
[2022-08-06 00:15:59,306] {logging_mixin.py:115} INFO - [2022-08-06 00:15:59,306] {dagbag.py:507} INFO - Filling up the DagBag from /home/airflow/.local/lib/python3.7/site-packages/airflow/example_dags/example_branch_day_of_week_operator.py
[2022-08-06 00:15:59,311] {processor.py:651} INFO - DAG(s) dict_keys(['example_weekday_branch_operator']) retrieved from /home/airflow/.local/lib/python3.7/site-packages/airflow/example_dags/example_branch_day_of_week_operator.py
[2022-08-06 00:15:59,327] {logging_mixin.py:115} INFO - [2022-08-06 00:15:59,327] {dag.py:2371} INFO - Sync 1 DAGs
[2022-08-06 00:15:59,411] {logging_mixin.py:115} INFO - [2022-08-06 00:15:59,411] {dag.py:2919} INFO - Setting next_dagrun for example_weekday_branch_operator to 2022-08-05T00:00:00+00:00, run_after=2022-08-06T00:00:00+00:00
[2022-08-06 00:15:59,418] {processor.py:161} INFO - Processing /home/airflow/.local/lib/python3.7/site-packages/airflow/example_dags/example_branch_day_of_week_operator.py took 0.117 seconds
[2022-08-06 00:16:30,179] {processor.py:153} INFO - Started process (PID=1145) to work on /home/airflow/.local/lib/python3.7/site-packages/airflow/example_dags/example_branch_day_of_week_operator.py
[2022-08-06 00:16:30,181] {processor.py:641} INFO - Processing file /home/airflow/.local/lib/python3.7/site-packages/airflow/example_dags/example_branch_day_of_week_operator.py for tasks to queue
[2022-08-06 00:16:30,182] {logging_mixin.py:115} INFO - [2022-08-06 00:16:30,182] {dagbag.py:507} INFO - Filling up the DagBag from /home/airflow/.local/lib/python3.7/site-packages/airflow/example_dags/example_branch_day_of_week_operator.py
[2022-08-06 00:16:30,186] {processor.py:651} INFO - DAG(s) dict_keys(['example_weekday_branch_operator']) retrieved from /home/airflow/.local/lib/python3.7/site-packages/airflow/example_dags/example_branch_day_of_week_operator.py
[2022-08-06 00:16:30,207] {logging_mixin.py:115} INFO - [2022-08-06 00:16:30,207] {dag.py:2371} INFO - Sync 1 DAGs
[2022-08-06 00:16:30,291] {logging_mixin.py:115} INFO - [2022-08-06 00:16:30,291] {dag.py:2919} INFO - Setting next_dagrun for example_weekday_branch_operator to 2022-08-05T00:00:00+00:00, run_after=2022-08-06T00:00:00+00:00
[2022-08-06 00:16:30,298] {processor.py:161} INFO - Processing /home/airflow/.local/lib/python3.7/site-packages/airflow/example_dags/example_branch_day_of_week_operator.py took 0.121 seconds
[2022-08-06 00:34:32,827] {processor.py:153} INFO - Started process (PID=1199) to work on /home/airflow/.local/lib/python3.7/site-packages/airflow/example_dags/example_branch_day_of_week_operator.py
[2022-08-06 00:34:32,829] {processor.py:641} INFO - Processing file /home/airflow/.local/lib/python3.7/site-packages/airflow/example_dags/example_branch_day_of_week_operator.py for tasks to queue
[2022-08-06 00:34:32,830] {logging_mixin.py:115} INFO - [2022-08-06 00:34:32,830] {dagbag.py:507} INFO - Filling up the DagBag from /home/airflow/.local/lib/python3.7/site-packages/airflow/example_dags/example_branch_day_of_week_operator.py
[2022-08-06 00:34:32,836] {processor.py:651} INFO - DAG(s) dict_keys(['example_weekday_branch_operator']) retrieved from /home/airflow/.local/lib/python3.7/site-packages/airflow/example_dags/example_branch_day_of_week_operator.py
[2022-08-06 00:34:32,855] {logging_mixin.py:115} INFO - [2022-08-06 00:34:32,855] {dag.py:2371} INFO - Sync 1 DAGs
[2022-08-06 00:34:32,959] {logging_mixin.py:115} INFO - [2022-08-06 00:34:32,959] {dag.py:2919} INFO - Setting next_dagrun for example_weekday_branch_operator to 2022-08-05T00:00:00+00:00, run_after=2022-08-06T00:00:00+00:00
[2022-08-06 00:34:32,975] {processor.py:161} INFO - Processing /home/airflow/.local/lib/python3.7/site-packages/airflow/example_dags/example_branch_day_of_week_operator.py took 0.150 seconds
[2022-08-06 01:23:26,189] {processor.py:153} INFO - Started process (PID=1260) to work on /home/airflow/.local/lib/python3.7/site-packages/airflow/example_dags/example_branch_day_of_week_operator.py
[2022-08-06 01:23:26,191] {processor.py:641} INFO - Processing file /home/airflow/.local/lib/python3.7/site-packages/airflow/example_dags/example_branch_day_of_week_operator.py for tasks to queue
[2022-08-06 01:23:26,193] {logging_mixin.py:115} INFO - [2022-08-06 01:23:26,192] {dagbag.py:507} INFO - Filling up the DagBag from /home/airflow/.local/lib/python3.7/site-packages/airflow/example_dags/example_branch_day_of_week_operator.py
[2022-08-06 01:23:26,199] {processor.py:651} INFO - DAG(s) dict_keys(['example_weekday_branch_operator']) retrieved from /home/airflow/.local/lib/python3.7/site-packages/airflow/example_dags/example_branch_day_of_week_operator.py
[2022-08-06 01:23:26,236] {logging_mixin.py:115} INFO - [2022-08-06 01:23:26,236] {dag.py:2371} INFO - Sync 1 DAGs
[2022-08-06 01:23:26,346] {logging_mixin.py:115} INFO - [2022-08-06 01:23:26,345] {dag.py:2919} INFO - Setting next_dagrun for example_weekday_branch_operator to 2022-08-05T00:00:00+00:00, run_after=2022-08-06T00:00:00+00:00
[2022-08-06 01:23:26,353] {processor.py:161} INFO - Processing /home/airflow/.local/lib/python3.7/site-packages/airflow/example_dags/example_branch_day_of_week_operator.py took 0.167 seconds
[2022-08-06 01:39:33,896] {processor.py:153} INFO - Started process (PID=1323) to work on /home/airflow/.local/lib/python3.7/site-packages/airflow/example_dags/example_branch_day_of_week_operator.py
[2022-08-06 01:39:33,905] {processor.py:641} INFO - Processing file /home/airflow/.local/lib/python3.7/site-packages/airflow/example_dags/example_branch_day_of_week_operator.py for tasks to queue
[2022-08-06 01:39:33,907] {logging_mixin.py:115} INFO - [2022-08-06 01:39:33,907] {dagbag.py:507} INFO - Filling up the DagBag from /home/airflow/.local/lib/python3.7/site-packages/airflow/example_dags/example_branch_day_of_week_operator.py
[2022-08-06 01:39:33,918] {processor.py:651} INFO - DAG(s) dict_keys(['example_weekday_branch_operator']) retrieved from /home/airflow/.local/lib/python3.7/site-packages/airflow/example_dags/example_branch_day_of_week_operator.py
[2022-08-06 01:39:34,162] {logging_mixin.py:115} INFO - [2022-08-06 01:39:34,162] {dag.py:2371} INFO - Sync 1 DAGs
[2022-08-06 01:39:34,182] {logging_mixin.py:115} INFO - [2022-08-06 01:39:34,182] {dag.py:2919} INFO - Setting next_dagrun for example_weekday_branch_operator to 2022-08-05T00:00:00+00:00, run_after=2022-08-06T00:00:00+00:00
[2022-08-06 01:39:34,191] {processor.py:161} INFO - Processing /home/airflow/.local/lib/python3.7/site-packages/airflow/example_dags/example_branch_day_of_week_operator.py took 0.299 seconds
[2022-08-06 01:40:05,044] {processor.py:153} INFO - Started process (PID=1385) to work on /home/airflow/.local/lib/python3.7/site-packages/airflow/example_dags/example_branch_day_of_week_operator.py
[2022-08-06 01:40:05,049] {processor.py:641} INFO - Processing file /home/airflow/.local/lib/python3.7/site-packages/airflow/example_dags/example_branch_day_of_week_operator.py for tasks to queue
[2022-08-06 01:40:05,051] {logging_mixin.py:115} INFO - [2022-08-06 01:40:05,051] {dagbag.py:507} INFO - Filling up the DagBag from /home/airflow/.local/lib/python3.7/site-packages/airflow/example_dags/example_branch_day_of_week_operator.py
[2022-08-06 01:40:05,060] {processor.py:651} INFO - DAG(s) dict_keys(['example_weekday_branch_operator']) retrieved from /home/airflow/.local/lib/python3.7/site-packages/airflow/example_dags/example_branch_day_of_week_operator.py
[2022-08-06 01:40:05,173] {logging_mixin.py:115} INFO - [2022-08-06 01:40:05,173] {dag.py:2371} INFO - Sync 1 DAGs
[2022-08-06 01:40:05,185] {logging_mixin.py:115} INFO - [2022-08-06 01:40:05,185] {dag.py:2919} INFO - Setting next_dagrun for example_weekday_branch_operator to 2022-08-05T00:00:00+00:00, run_after=2022-08-06T00:00:00+00:00
[2022-08-06 01:40:05,191] {processor.py:161} INFO - Processing /home/airflow/.local/lib/python3.7/site-packages/airflow/example_dags/example_branch_day_of_week_operator.py took 0.152 seconds
[2022-08-06 01:40:35,252] {processor.py:153} INFO - Started process (PID=1447) to work on /home/airflow/.local/lib/python3.7/site-packages/airflow/example_dags/example_branch_day_of_week_operator.py
[2022-08-06 01:40:35,253] {processor.py:641} INFO - Processing file /home/airflow/.local/lib/python3.7/site-packages/airflow/example_dags/example_branch_day_of_week_operator.py for tasks to queue
[2022-08-06 01:40:35,255] {logging_mixin.py:115} INFO - [2022-08-06 01:40:35,254] {dagbag.py:507} INFO - Filling up the DagBag from /home/airflow/.local/lib/python3.7/site-packages/airflow/example_dags/example_branch_day_of_week_operator.py
[2022-08-06 01:40:35,261] {processor.py:651} INFO - DAG(s) dict_keys(['example_weekday_branch_operator']) retrieved from /home/airflow/.local/lib/python3.7/site-packages/airflow/example_dags/example_branch_day_of_week_operator.py
[2022-08-06 01:40:35,416] {logging_mixin.py:115} INFO - [2022-08-06 01:40:35,416] {dag.py:2371} INFO - Sync 1 DAGs
[2022-08-06 01:40:35,428] {logging_mixin.py:115} INFO - [2022-08-06 01:40:35,428] {dag.py:2919} INFO - Setting next_dagrun for example_weekday_branch_operator to 2022-08-05T00:00:00+00:00, run_after=2022-08-06T00:00:00+00:00
[2022-08-06 01:40:35,435] {processor.py:161} INFO - Processing /home/airflow/.local/lib/python3.7/site-packages/airflow/example_dags/example_branch_day_of_week_operator.py took 0.187 seconds
[2022-08-06 01:41:06,221] {processor.py:153} INFO - Started process (PID=1501) to work on /home/airflow/.local/lib/python3.7/site-packages/airflow/example_dags/example_branch_day_of_week_operator.py
[2022-08-06 01:41:06,225] {processor.py:641} INFO - Processing file /home/airflow/.local/lib/python3.7/site-packages/airflow/example_dags/example_branch_day_of_week_operator.py for tasks to queue
[2022-08-06 01:41:06,227] {logging_mixin.py:115} INFO - [2022-08-06 01:41:06,227] {dagbag.py:507} INFO - Filling up the DagBag from /home/airflow/.local/lib/python3.7/site-packages/airflow/example_dags/example_branch_day_of_week_operator.py
[2022-08-06 01:41:06,236] {processor.py:651} INFO - DAG(s) dict_keys(['example_weekday_branch_operator']) retrieved from /home/airflow/.local/lib/python3.7/site-packages/airflow/example_dags/example_branch_day_of_week_operator.py
[2022-08-06 01:41:06,341] {logging_mixin.py:115} INFO - [2022-08-06 01:41:06,341] {dag.py:2371} INFO - Sync 1 DAGs
[2022-08-06 01:41:06,352] {logging_mixin.py:115} INFO - [2022-08-06 01:41:06,352] {dag.py:2919} INFO - Setting next_dagrun for example_weekday_branch_operator to 2022-08-05T00:00:00+00:00, run_after=2022-08-06T00:00:00+00:00
[2022-08-06 01:41:06,359] {processor.py:161} INFO - Processing /home/airflow/.local/lib/python3.7/site-packages/airflow/example_dags/example_branch_day_of_week_operator.py took 0.143 seconds
[2022-08-06 01:41:37,351] {processor.py:153} INFO - Started process (PID=1563) to work on /home/airflow/.local/lib/python3.7/site-packages/airflow/example_dags/example_branch_day_of_week_operator.py
[2022-08-06 01:41:37,355] {processor.py:641} INFO - Processing file /home/airflow/.local/lib/python3.7/site-packages/airflow/example_dags/example_branch_day_of_week_operator.py for tasks to queue
[2022-08-06 01:41:37,359] {logging_mixin.py:115} INFO - [2022-08-06 01:41:37,359] {dagbag.py:507} INFO - Filling up the DagBag from /home/airflow/.local/lib/python3.7/site-packages/airflow/example_dags/example_branch_day_of_week_operator.py
[2022-08-06 01:41:37,368] {processor.py:651} INFO - DAG(s) dict_keys(['example_weekday_branch_operator']) retrieved from /home/airflow/.local/lib/python3.7/site-packages/airflow/example_dags/example_branch_day_of_week_operator.py
[2022-08-06 01:41:37,486] {logging_mixin.py:115} INFO - [2022-08-06 01:41:37,486] {dag.py:2371} INFO - Sync 1 DAGs
[2022-08-06 01:41:37,498] {logging_mixin.py:115} INFO - [2022-08-06 01:41:37,498] {dag.py:2919} INFO - Setting next_dagrun for example_weekday_branch_operator to 2022-08-05T00:00:00+00:00, run_after=2022-08-06T00:00:00+00:00
[2022-08-06 01:41:37,505] {processor.py:161} INFO - Processing /home/airflow/.local/lib/python3.7/site-packages/airflow/example_dags/example_branch_day_of_week_operator.py took 0.157 seconds
[2022-08-06 01:42:07,839] {processor.py:153} INFO - Started process (PID=1623) to work on /home/airflow/.local/lib/python3.7/site-packages/airflow/example_dags/example_branch_day_of_week_operator.py
[2022-08-06 01:42:07,842] {processor.py:641} INFO - Processing file /home/airflow/.local/lib/python3.7/site-packages/airflow/example_dags/example_branch_day_of_week_operator.py for tasks to queue
[2022-08-06 01:42:07,846] {logging_mixin.py:115} INFO - [2022-08-06 01:42:07,846] {dagbag.py:507} INFO - Filling up the DagBag from /home/airflow/.local/lib/python3.7/site-packages/airflow/example_dags/example_branch_day_of_week_operator.py
[2022-08-06 01:42:07,855] {processor.py:651} INFO - DAG(s) dict_keys(['example_weekday_branch_operator']) retrieved from /home/airflow/.local/lib/python3.7/site-packages/airflow/example_dags/example_branch_day_of_week_operator.py
[2022-08-06 01:42:07,977] {logging_mixin.py:115} INFO - [2022-08-06 01:42:07,977] {dag.py:2371} INFO - Sync 1 DAGs
[2022-08-06 01:42:07,991] {logging_mixin.py:115} INFO - [2022-08-06 01:42:07,991] {dag.py:2919} INFO - Setting next_dagrun for example_weekday_branch_operator to 2022-08-05T00:00:00+00:00, run_after=2022-08-06T00:00:00+00:00
[2022-08-06 01:42:08,000] {processor.py:161} INFO - Processing /home/airflow/.local/lib/python3.7/site-packages/airflow/example_dags/example_branch_day_of_week_operator.py took 0.163 seconds
[2022-08-06 01:42:38,234] {processor.py:153} INFO - Started process (PID=1685) to work on /home/airflow/.local/lib/python3.7/site-packages/airflow/example_dags/example_branch_day_of_week_operator.py
[2022-08-06 01:42:38,236] {processor.py:641} INFO - Processing file /home/airflow/.local/lib/python3.7/site-packages/airflow/example_dags/example_branch_day_of_week_operator.py for tasks to queue
[2022-08-06 01:42:38,239] {logging_mixin.py:115} INFO - [2022-08-06 01:42:38,239] {dagbag.py:507} INFO - Filling up the DagBag from /home/airflow/.local/lib/python3.7/site-packages/airflow/example_dags/example_branch_day_of_week_operator.py
[2022-08-06 01:42:38,246] {processor.py:651} INFO - DAG(s) dict_keys(['example_weekday_branch_operator']) retrieved from /home/airflow/.local/lib/python3.7/site-packages/airflow/example_dags/example_branch_day_of_week_operator.py
[2022-08-06 01:42:38,364] {logging_mixin.py:115} INFO - [2022-08-06 01:42:38,364] {dag.py:2371} INFO - Sync 1 DAGs
[2022-08-06 01:42:38,381] {logging_mixin.py:115} INFO - [2022-08-06 01:42:38,381] {dag.py:2919} INFO - Setting next_dagrun for example_weekday_branch_operator to 2022-08-05T00:00:00+00:00, run_after=2022-08-06T00:00:00+00:00
[2022-08-06 01:42:38,391] {processor.py:161} INFO - Processing /home/airflow/.local/lib/python3.7/site-packages/airflow/example_dags/example_branch_day_of_week_operator.py took 0.161 seconds
[2022-08-06 01:43:08,610] {processor.py:153} INFO - Started process (PID=1747) to work on /home/airflow/.local/lib/python3.7/site-packages/airflow/example_dags/example_branch_day_of_week_operator.py
[2022-08-06 01:43:08,611] {processor.py:641} INFO - Processing file /home/airflow/.local/lib/python3.7/site-packages/airflow/example_dags/example_branch_day_of_week_operator.py for tasks to queue
[2022-08-06 01:43:08,613] {logging_mixin.py:115} INFO - [2022-08-06 01:43:08,613] {dagbag.py:507} INFO - Filling up the DagBag from /home/airflow/.local/lib/python3.7/site-packages/airflow/example_dags/example_branch_day_of_week_operator.py
[2022-08-06 01:43:08,618] {processor.py:651} INFO - DAG(s) dict_keys(['example_weekday_branch_operator']) retrieved from /home/airflow/.local/lib/python3.7/site-packages/airflow/example_dags/example_branch_day_of_week_operator.py
[2022-08-06 01:43:08,726] {logging_mixin.py:115} INFO - [2022-08-06 01:43:08,726] {dag.py:2371} INFO - Sync 1 DAGs
[2022-08-06 01:43:08,738] {logging_mixin.py:115} INFO - [2022-08-06 01:43:08,738] {dag.py:2919} INFO - Setting next_dagrun for example_weekday_branch_operator to 2022-08-05T00:00:00+00:00, run_after=2022-08-06T00:00:00+00:00
[2022-08-06 01:43:08,744] {processor.py:161} INFO - Processing /home/airflow/.local/lib/python3.7/site-packages/airflow/example_dags/example_branch_day_of_week_operator.py took 0.136 seconds
[2022-08-06 01:43:39,532] {processor.py:153} INFO - Started process (PID=1809) to work on /home/airflow/.local/lib/python3.7/site-packages/airflow/example_dags/example_branch_day_of_week_operator.py
[2022-08-06 01:43:39,534] {processor.py:641} INFO - Processing file /home/airflow/.local/lib/python3.7/site-packages/airflow/example_dags/example_branch_day_of_week_operator.py for tasks to queue
[2022-08-06 01:43:39,535] {logging_mixin.py:115} INFO - [2022-08-06 01:43:39,535] {dagbag.py:507} INFO - Filling up the DagBag from /home/airflow/.local/lib/python3.7/site-packages/airflow/example_dags/example_branch_day_of_week_operator.py
[2022-08-06 01:43:39,542] {processor.py:651} INFO - DAG(s) dict_keys(['example_weekday_branch_operator']) retrieved from /home/airflow/.local/lib/python3.7/site-packages/airflow/example_dags/example_branch_day_of_week_operator.py
[2022-08-06 01:43:39,638] {logging_mixin.py:115} INFO - [2022-08-06 01:43:39,638] {dag.py:2371} INFO - Sync 1 DAGs
[2022-08-06 01:43:39,650] {logging_mixin.py:115} INFO - [2022-08-06 01:43:39,650] {dag.py:2919} INFO - Setting next_dagrun for example_weekday_branch_operator to 2022-08-05T00:00:00+00:00, run_after=2022-08-06T00:00:00+00:00
[2022-08-06 01:43:39,657] {processor.py:161} INFO - Processing /home/airflow/.local/lib/python3.7/site-packages/airflow/example_dags/example_branch_day_of_week_operator.py took 0.128 seconds
[2022-08-06 01:44:10,473] {processor.py:153} INFO - Started process (PID=1862) to work on /home/airflow/.local/lib/python3.7/site-packages/airflow/example_dags/example_branch_day_of_week_operator.py
[2022-08-06 01:44:10,477] {processor.py:641} INFO - Processing file /home/airflow/.local/lib/python3.7/site-packages/airflow/example_dags/example_branch_day_of_week_operator.py for tasks to queue
[2022-08-06 01:44:10,479] {logging_mixin.py:115} INFO - [2022-08-06 01:44:10,479] {dagbag.py:507} INFO - Filling up the DagBag from /home/airflow/.local/lib/python3.7/site-packages/airflow/example_dags/example_branch_day_of_week_operator.py
[2022-08-06 01:44:10,491] {processor.py:651} INFO - DAG(s) dict_keys(['example_weekday_branch_operator']) retrieved from /home/airflow/.local/lib/python3.7/site-packages/airflow/example_dags/example_branch_day_of_week_operator.py
[2022-08-06 01:44:10,604] {logging_mixin.py:115} INFO - [2022-08-06 01:44:10,604] {dag.py:2371} INFO - Sync 1 DAGs
[2022-08-06 01:44:10,615] {logging_mixin.py:115} INFO - [2022-08-06 01:44:10,615] {dag.py:2919} INFO - Setting next_dagrun for example_weekday_branch_operator to 2022-08-05T00:00:00+00:00, run_after=2022-08-06T00:00:00+00:00
[2022-08-06 01:44:10,622] {processor.py:161} INFO - Processing /home/airflow/.local/lib/python3.7/site-packages/airflow/example_dags/example_branch_day_of_week_operator.py took 0.155 seconds
[2022-08-06 01:44:40,918] {processor.py:153} INFO - Started process (PID=1924) to work on /home/airflow/.local/lib/python3.7/site-packages/airflow/example_dags/example_branch_day_of_week_operator.py
[2022-08-06 01:44:40,923] {processor.py:641} INFO - Processing file /home/airflow/.local/lib/python3.7/site-packages/airflow/example_dags/example_branch_day_of_week_operator.py for tasks to queue
[2022-08-06 01:44:40,925] {logging_mixin.py:115} INFO - [2022-08-06 01:44:40,925] {dagbag.py:507} INFO - Filling up the DagBag from /home/airflow/.local/lib/python3.7/site-packages/airflow/example_dags/example_branch_day_of_week_operator.py
[2022-08-06 01:44:40,935] {processor.py:651} INFO - DAG(s) dict_keys(['example_weekday_branch_operator']) retrieved from /home/airflow/.local/lib/python3.7/site-packages/airflow/example_dags/example_branch_day_of_week_operator.py
[2022-08-06 01:44:41,030] {logging_mixin.py:115} INFO - [2022-08-06 01:44:41,030] {dag.py:2371} INFO - Sync 1 DAGs
[2022-08-06 01:44:41,042] {logging_mixin.py:115} INFO - [2022-08-06 01:44:41,041] {dag.py:2919} INFO - Setting next_dagrun for example_weekday_branch_operator to 2022-08-05T00:00:00+00:00, run_after=2022-08-06T00:00:00+00:00
[2022-08-06 01:44:41,048] {processor.py:161} INFO - Processing /home/airflow/.local/lib/python3.7/site-packages/airflow/example_dags/example_branch_day_of_week_operator.py took 0.136 seconds
[2022-08-06 01:45:11,192] {processor.py:153} INFO - Started process (PID=1985) to work on /home/airflow/.local/lib/python3.7/site-packages/airflow/example_dags/example_branch_day_of_week_operator.py
[2022-08-06 01:45:11,194] {processor.py:641} INFO - Processing file /home/airflow/.local/lib/python3.7/site-packages/airflow/example_dags/example_branch_day_of_week_operator.py for tasks to queue
[2022-08-06 01:45:11,197] {logging_mixin.py:115} INFO - [2022-08-06 01:45:11,197] {dagbag.py:507} INFO - Filling up the DagBag from /home/airflow/.local/lib/python3.7/site-packages/airflow/example_dags/example_branch_day_of_week_operator.py
[2022-08-06 01:45:11,203] {processor.py:651} INFO - DAG(s) dict_keys(['example_weekday_branch_operator']) retrieved from /home/airflow/.local/lib/python3.7/site-packages/airflow/example_dags/example_branch_day_of_week_operator.py
[2022-08-06 01:45:11,300] {logging_mixin.py:115} INFO - [2022-08-06 01:45:11,300] {dag.py:2371} INFO - Sync 1 DAGs
[2022-08-06 01:45:11,313] {logging_mixin.py:115} INFO - [2022-08-06 01:45:11,313] {dag.py:2919} INFO - Setting next_dagrun for example_weekday_branch_operator to 2022-08-05T00:00:00+00:00, run_after=2022-08-06T00:00:00+00:00
[2022-08-06 01:45:11,321] {processor.py:161} INFO - Processing /home/airflow/.local/lib/python3.7/site-packages/airflow/example_dags/example_branch_day_of_week_operator.py took 0.131 seconds
[2022-08-06 01:45:41,575] {processor.py:153} INFO - Started process (PID=2047) to work on /home/airflow/.local/lib/python3.7/site-packages/airflow/example_dags/example_branch_day_of_week_operator.py
[2022-08-06 01:45:41,578] {processor.py:641} INFO - Processing file /home/airflow/.local/lib/python3.7/site-packages/airflow/example_dags/example_branch_day_of_week_operator.py for tasks to queue
[2022-08-06 01:45:41,581] {logging_mixin.py:115} INFO - [2022-08-06 01:45:41,581] {dagbag.py:507} INFO - Filling up the DagBag from /home/airflow/.local/lib/python3.7/site-packages/airflow/example_dags/example_branch_day_of_week_operator.py
[2022-08-06 01:45:41,591] {processor.py:651} INFO - DAG(s) dict_keys(['example_weekday_branch_operator']) retrieved from /home/airflow/.local/lib/python3.7/site-packages/airflow/example_dags/example_branch_day_of_week_operator.py
[2022-08-06 01:45:41,688] {logging_mixin.py:115} INFO - [2022-08-06 01:45:41,688] {dag.py:2371} INFO - Sync 1 DAGs
[2022-08-06 01:45:41,700] {logging_mixin.py:115} INFO - [2022-08-06 01:45:41,700] {dag.py:2919} INFO - Setting next_dagrun for example_weekday_branch_operator to 2022-08-05T00:00:00+00:00, run_after=2022-08-06T00:00:00+00:00
[2022-08-06 01:45:41,707] {processor.py:161} INFO - Processing /home/airflow/.local/lib/python3.7/site-packages/airflow/example_dags/example_branch_day_of_week_operator.py took 0.137 seconds
[2022-08-06 01:46:12,004] {processor.py:153} INFO - Started process (PID=2109) to work on /home/airflow/.local/lib/python3.7/site-packages/airflow/example_dags/example_branch_day_of_week_operator.py
[2022-08-06 01:46:12,008] {processor.py:641} INFO - Processing file /home/airflow/.local/lib/python3.7/site-packages/airflow/example_dags/example_branch_day_of_week_operator.py for tasks to queue
[2022-08-06 01:46:12,010] {logging_mixin.py:115} INFO - [2022-08-06 01:46:12,010] {dagbag.py:507} INFO - Filling up the DagBag from /home/airflow/.local/lib/python3.7/site-packages/airflow/example_dags/example_branch_day_of_week_operator.py
[2022-08-06 01:46:12,018] {processor.py:651} INFO - DAG(s) dict_keys(['example_weekday_branch_operator']) retrieved from /home/airflow/.local/lib/python3.7/site-packages/airflow/example_dags/example_branch_day_of_week_operator.py
[2022-08-06 01:46:12,112] {logging_mixin.py:115} INFO - [2022-08-06 01:46:12,112] {dag.py:2371} INFO - Sync 1 DAGs
[2022-08-06 01:46:12,123] {logging_mixin.py:115} INFO - [2022-08-06 01:46:12,123] {dag.py:2919} INFO - Setting next_dagrun for example_weekday_branch_operator to 2022-08-05T00:00:00+00:00, run_after=2022-08-06T00:00:00+00:00
[2022-08-06 01:46:12,131] {processor.py:161} INFO - Processing /home/airflow/.local/lib/python3.7/site-packages/airflow/example_dags/example_branch_day_of_week_operator.py took 0.132 seconds
[2022-08-06 01:46:42,259] {processor.py:153} INFO - Started process (PID=2170) to work on /home/airflow/.local/lib/python3.7/site-packages/airflow/example_dags/example_branch_day_of_week_operator.py
[2022-08-06 01:46:42,260] {processor.py:641} INFO - Processing file /home/airflow/.local/lib/python3.7/site-packages/airflow/example_dags/example_branch_day_of_week_operator.py for tasks to queue
[2022-08-06 01:46:42,261] {logging_mixin.py:115} INFO - [2022-08-06 01:46:42,261] {dagbag.py:507} INFO - Filling up the DagBag from /home/airflow/.local/lib/python3.7/site-packages/airflow/example_dags/example_branch_day_of_week_operator.py
[2022-08-06 01:46:42,266] {processor.py:651} INFO - DAG(s) dict_keys(['example_weekday_branch_operator']) retrieved from /home/airflow/.local/lib/python3.7/site-packages/airflow/example_dags/example_branch_day_of_week_operator.py
[2022-08-06 01:46:42,376] {logging_mixin.py:115} INFO - [2022-08-06 01:46:42,376] {dag.py:2371} INFO - Sync 1 DAGs
[2022-08-06 01:46:42,392] {logging_mixin.py:115} INFO - [2022-08-06 01:46:42,392] {dag.py:2919} INFO - Setting next_dagrun for example_weekday_branch_operator to 2022-08-05T00:00:00+00:00, run_after=2022-08-06T00:00:00+00:00
[2022-08-06 01:46:42,401] {processor.py:161} INFO - Processing /home/airflow/.local/lib/python3.7/site-packages/airflow/example_dags/example_branch_day_of_week_operator.py took 0.145 seconds
[2022-08-06 01:47:12,497] {processor.py:153} INFO - Started process (PID=2225) to work on /home/airflow/.local/lib/python3.7/site-packages/airflow/example_dags/example_branch_day_of_week_operator.py
[2022-08-06 01:47:12,498] {processor.py:641} INFO - Processing file /home/airflow/.local/lib/python3.7/site-packages/airflow/example_dags/example_branch_day_of_week_operator.py for tasks to queue
[2022-08-06 01:47:12,499] {logging_mixin.py:115} INFO - [2022-08-06 01:47:12,499] {dagbag.py:507} INFO - Filling up the DagBag from /home/airflow/.local/lib/python3.7/site-packages/airflow/example_dags/example_branch_day_of_week_operator.py
[2022-08-06 01:47:12,504] {processor.py:651} INFO - DAG(s) dict_keys(['example_weekday_branch_operator']) retrieved from /home/airflow/.local/lib/python3.7/site-packages/airflow/example_dags/example_branch_day_of_week_operator.py
[2022-08-06 01:47:12,591] {logging_mixin.py:115} INFO - [2022-08-06 01:47:12,591] {dag.py:2371} INFO - Sync 1 DAGs
[2022-08-06 01:47:12,604] {logging_mixin.py:115} INFO - [2022-08-06 01:47:12,604] {dag.py:2919} INFO - Setting next_dagrun for example_weekday_branch_operator to 2022-08-05T00:00:00+00:00, run_after=2022-08-06T00:00:00+00:00
[2022-08-06 01:47:12,611] {processor.py:161} INFO - Processing /home/airflow/.local/lib/python3.7/site-packages/airflow/example_dags/example_branch_day_of_week_operator.py took 0.116 seconds
[2022-08-06 01:47:43,696] {processor.py:153} INFO - Started process (PID=2287) to work on /home/airflow/.local/lib/python3.7/site-packages/airflow/example_dags/example_branch_day_of_week_operator.py
[2022-08-06 01:47:43,697] {processor.py:641} INFO - Processing file /home/airflow/.local/lib/python3.7/site-packages/airflow/example_dags/example_branch_day_of_week_operator.py for tasks to queue
[2022-08-06 01:47:43,698] {logging_mixin.py:115} INFO - [2022-08-06 01:47:43,698] {dagbag.py:507} INFO - Filling up the DagBag from /home/airflow/.local/lib/python3.7/site-packages/airflow/example_dags/example_branch_day_of_week_operator.py
[2022-08-06 01:47:43,704] {processor.py:651} INFO - DAG(s) dict_keys(['example_weekday_branch_operator']) retrieved from /home/airflow/.local/lib/python3.7/site-packages/airflow/example_dags/example_branch_day_of_week_operator.py
[2022-08-06 01:47:43,817] {logging_mixin.py:115} INFO - [2022-08-06 01:47:43,817] {dag.py:2371} INFO - Sync 1 DAGs
[2022-08-06 01:47:43,828] {logging_mixin.py:115} INFO - [2022-08-06 01:47:43,828] {dag.py:2919} INFO - Setting next_dagrun for example_weekday_branch_operator to 2022-08-05T00:00:00+00:00, run_after=2022-08-06T00:00:00+00:00
[2022-08-06 01:47:43,836] {processor.py:161} INFO - Processing /home/airflow/.local/lib/python3.7/site-packages/airflow/example_dags/example_branch_day_of_week_operator.py took 0.142 seconds
[2022-08-06 01:48:14,581] {processor.py:153} INFO - Started process (PID=2349) to work on /home/airflow/.local/lib/python3.7/site-packages/airflow/example_dags/example_branch_day_of_week_operator.py
[2022-08-06 01:48:14,582] {processor.py:641} INFO - Processing file /home/airflow/.local/lib/python3.7/site-packages/airflow/example_dags/example_branch_day_of_week_operator.py for tasks to queue
[2022-08-06 01:48:14,584] {logging_mixin.py:115} INFO - [2022-08-06 01:48:14,584] {dagbag.py:507} INFO - Filling up the DagBag from /home/airflow/.local/lib/python3.7/site-packages/airflow/example_dags/example_branch_day_of_week_operator.py
[2022-08-06 01:48:14,588] {processor.py:651} INFO - DAG(s) dict_keys(['example_weekday_branch_operator']) retrieved from /home/airflow/.local/lib/python3.7/site-packages/airflow/example_dags/example_branch_day_of_week_operator.py
[2022-08-06 01:48:14,676] {logging_mixin.py:115} INFO - [2022-08-06 01:48:14,676] {dag.py:2371} INFO - Sync 1 DAGs
[2022-08-06 01:48:14,687] {logging_mixin.py:115} INFO - [2022-08-06 01:48:14,687] {dag.py:2919} INFO - Setting next_dagrun for example_weekday_branch_operator to 2022-08-05T00:00:00+00:00, run_after=2022-08-06T00:00:00+00:00
[2022-08-06 01:48:14,695] {processor.py:161} INFO - Processing /home/airflow/.local/lib/python3.7/site-packages/airflow/example_dags/example_branch_day_of_week_operator.py took 0.116 seconds
[2022-08-06 01:48:45,504] {processor.py:153} INFO - Started process (PID=2410) to work on /home/airflow/.local/lib/python3.7/site-packages/airflow/example_dags/example_branch_day_of_week_operator.py
[2022-08-06 01:48:45,506] {processor.py:641} INFO - Processing file /home/airflow/.local/lib/python3.7/site-packages/airflow/example_dags/example_branch_day_of_week_operator.py for tasks to queue
[2022-08-06 01:48:45,506] {logging_mixin.py:115} INFO - [2022-08-06 01:48:45,506] {dagbag.py:507} INFO - Filling up the DagBag from /home/airflow/.local/lib/python3.7/site-packages/airflow/example_dags/example_branch_day_of_week_operator.py
[2022-08-06 01:48:45,511] {processor.py:651} INFO - DAG(s) dict_keys(['example_weekday_branch_operator']) retrieved from /home/airflow/.local/lib/python3.7/site-packages/airflow/example_dags/example_branch_day_of_week_operator.py
[2022-08-06 01:48:45,598] {logging_mixin.py:115} INFO - [2022-08-06 01:48:45,598] {dag.py:2371} INFO - Sync 1 DAGs
[2022-08-06 01:48:45,609] {logging_mixin.py:115} INFO - [2022-08-06 01:48:45,609] {dag.py:2919} INFO - Setting next_dagrun for example_weekday_branch_operator to 2022-08-05T00:00:00+00:00, run_after=2022-08-06T00:00:00+00:00
[2022-08-06 01:48:45,615] {processor.py:161} INFO - Processing /home/airflow/.local/lib/python3.7/site-packages/airflow/example_dags/example_branch_day_of_week_operator.py took 0.113 seconds
[2022-08-06 01:49:16,493] {processor.py:153} INFO - Started process (PID=2474) to work on /home/airflow/.local/lib/python3.7/site-packages/airflow/example_dags/example_branch_day_of_week_operator.py
[2022-08-06 01:49:16,495] {processor.py:641} INFO - Processing file /home/airflow/.local/lib/python3.7/site-packages/airflow/example_dags/example_branch_day_of_week_operator.py for tasks to queue
[2022-08-06 01:49:16,496] {logging_mixin.py:115} INFO - [2022-08-06 01:49:16,495] {dagbag.py:507} INFO - Filling up the DagBag from /home/airflow/.local/lib/python3.7/site-packages/airflow/example_dags/example_branch_day_of_week_operator.py
[2022-08-06 01:49:16,501] {processor.py:651} INFO - DAG(s) dict_keys(['example_weekday_branch_operator']) retrieved from /home/airflow/.local/lib/python3.7/site-packages/airflow/example_dags/example_branch_day_of_week_operator.py
[2022-08-06 01:49:16,601] {logging_mixin.py:115} INFO - [2022-08-06 01:49:16,601] {dag.py:2371} INFO - Sync 1 DAGs
[2022-08-06 01:49:16,611] {logging_mixin.py:115} INFO - [2022-08-06 01:49:16,611] {dag.py:2919} INFO - Setting next_dagrun for example_weekday_branch_operator to 2022-08-05T00:00:00+00:00, run_after=2022-08-06T00:00:00+00:00
[2022-08-06 01:49:16,617] {processor.py:161} INFO - Processing /home/airflow/.local/lib/python3.7/site-packages/airflow/example_dags/example_branch_day_of_week_operator.py took 0.125 seconds
[2022-08-06 01:49:46,982] {processor.py:153} INFO - Started process (PID=2537) to work on /home/airflow/.local/lib/python3.7/site-packages/airflow/example_dags/example_branch_day_of_week_operator.py
[2022-08-06 01:49:46,983] {processor.py:641} INFO - Processing file /home/airflow/.local/lib/python3.7/site-packages/airflow/example_dags/example_branch_day_of_week_operator.py for tasks to queue
[2022-08-06 01:49:46,985] {logging_mixin.py:115} INFO - [2022-08-06 01:49:46,985] {dagbag.py:507} INFO - Filling up the DagBag from /home/airflow/.local/lib/python3.7/site-packages/airflow/example_dags/example_branch_day_of_week_operator.py
[2022-08-06 01:49:46,989] {processor.py:651} INFO - DAG(s) dict_keys(['example_weekday_branch_operator']) retrieved from /home/airflow/.local/lib/python3.7/site-packages/airflow/example_dags/example_branch_day_of_week_operator.py
[2022-08-06 01:49:47,005] {logging_mixin.py:115} INFO - [2022-08-06 01:49:47,005] {dag.py:2371} INFO - Sync 1 DAGs
[2022-08-06 01:49:47,016] {logging_mixin.py:115} INFO - [2022-08-06 01:49:47,016] {dag.py:2919} INFO - Setting next_dagrun for example_weekday_branch_operator to 2022-08-05T00:00:00+00:00, run_after=2022-08-06T00:00:00+00:00
[2022-08-06 01:49:47,025] {processor.py:161} INFO - Processing /home/airflow/.local/lib/python3.7/site-packages/airflow/example_dags/example_branch_day_of_week_operator.py took 0.045 seconds
[2022-08-06 01:50:17,573] {processor.py:153} INFO - Started process (PID=2590) to work on /home/airflow/.local/lib/python3.7/site-packages/airflow/example_dags/example_branch_day_of_week_operator.py
[2022-08-06 01:50:17,575] {processor.py:641} INFO - Processing file /home/airflow/.local/lib/python3.7/site-packages/airflow/example_dags/example_branch_day_of_week_operator.py for tasks to queue
[2022-08-06 01:50:17,576] {logging_mixin.py:115} INFO - [2022-08-06 01:50:17,576] {dagbag.py:507} INFO - Filling up the DagBag from /home/airflow/.local/lib/python3.7/site-packages/airflow/example_dags/example_branch_day_of_week_operator.py
[2022-08-06 01:50:17,582] {processor.py:651} INFO - DAG(s) dict_keys(['example_weekday_branch_operator']) retrieved from /home/airflow/.local/lib/python3.7/site-packages/airflow/example_dags/example_branch_day_of_week_operator.py
[2022-08-06 01:50:17,599] {logging_mixin.py:115} INFO - [2022-08-06 01:50:17,599] {dag.py:2371} INFO - Sync 1 DAGs
[2022-08-06 01:50:17,614] {logging_mixin.py:115} INFO - [2022-08-06 01:50:17,614] {dag.py:2919} INFO - Setting next_dagrun for example_weekday_branch_operator to 2022-08-05T00:00:00+00:00, run_after=2022-08-06T00:00:00+00:00
[2022-08-06 01:50:17,622] {processor.py:161} INFO - Processing /home/airflow/.local/lib/python3.7/site-packages/airflow/example_dags/example_branch_day_of_week_operator.py took 0.053 seconds
[2022-08-06 01:50:48,256] {processor.py:153} INFO - Started process (PID=2652) to work on /home/airflow/.local/lib/python3.7/site-packages/airflow/example_dags/example_branch_day_of_week_operator.py
[2022-08-06 01:50:48,257] {processor.py:641} INFO - Processing file /home/airflow/.local/lib/python3.7/site-packages/airflow/example_dags/example_branch_day_of_week_operator.py for tasks to queue
[2022-08-06 01:50:48,258] {logging_mixin.py:115} INFO - [2022-08-06 01:50:48,258] {dagbag.py:507} INFO - Filling up the DagBag from /home/airflow/.local/lib/python3.7/site-packages/airflow/example_dags/example_branch_day_of_week_operator.py
[2022-08-06 01:50:48,263] {processor.py:651} INFO - DAG(s) dict_keys(['example_weekday_branch_operator']) retrieved from /home/airflow/.local/lib/python3.7/site-packages/airflow/example_dags/example_branch_day_of_week_operator.py
[2022-08-06 01:50:48,279] {logging_mixin.py:115} INFO - [2022-08-06 01:50:48,279] {dag.py:2371} INFO - Sync 1 DAGs
[2022-08-06 01:50:48,291] {logging_mixin.py:115} INFO - [2022-08-06 01:50:48,290] {dag.py:2919} INFO - Setting next_dagrun for example_weekday_branch_operator to 2022-08-05T00:00:00+00:00, run_after=2022-08-06T00:00:00+00:00
[2022-08-06 01:50:48,297] {processor.py:161} INFO - Processing /home/airflow/.local/lib/python3.7/site-packages/airflow/example_dags/example_branch_day_of_week_operator.py took 0.044 seconds
[2022-08-06 01:51:18,842] {processor.py:153} INFO - Started process (PID=2715) to work on /home/airflow/.local/lib/python3.7/site-packages/airflow/example_dags/example_branch_day_of_week_operator.py
[2022-08-06 01:51:18,843] {processor.py:641} INFO - Processing file /home/airflow/.local/lib/python3.7/site-packages/airflow/example_dags/example_branch_day_of_week_operator.py for tasks to queue
[2022-08-06 01:51:18,844] {logging_mixin.py:115} INFO - [2022-08-06 01:51:18,844] {dagbag.py:507} INFO - Filling up the DagBag from /home/airflow/.local/lib/python3.7/site-packages/airflow/example_dags/example_branch_day_of_week_operator.py
[2022-08-06 01:51:18,850] {processor.py:651} INFO - DAG(s) dict_keys(['example_weekday_branch_operator']) retrieved from /home/airflow/.local/lib/python3.7/site-packages/airflow/example_dags/example_branch_day_of_week_operator.py
[2022-08-06 01:51:18,865] {logging_mixin.py:115} INFO - [2022-08-06 01:51:18,865] {dag.py:2371} INFO - Sync 1 DAGs
[2022-08-06 01:51:18,881] {logging_mixin.py:115} INFO - [2022-08-06 01:51:18,881] {dag.py:2919} INFO - Setting next_dagrun for example_weekday_branch_operator to 2022-08-05T00:00:00+00:00, run_after=2022-08-06T00:00:00+00:00
[2022-08-06 01:51:18,888] {processor.py:161} INFO - Processing /home/airflow/.local/lib/python3.7/site-packages/airflow/example_dags/example_branch_day_of_week_operator.py took 0.048 seconds
[2022-08-06 01:51:49,307] {processor.py:153} INFO - Started process (PID=2777) to work on /home/airflow/.local/lib/python3.7/site-packages/airflow/example_dags/example_branch_day_of_week_operator.py
[2022-08-06 01:51:49,308] {processor.py:641} INFO - Processing file /home/airflow/.local/lib/python3.7/site-packages/airflow/example_dags/example_branch_day_of_week_operator.py for tasks to queue
[2022-08-06 01:51:49,309] {logging_mixin.py:115} INFO - [2022-08-06 01:51:49,309] {dagbag.py:507} INFO - Filling up the DagBag from /home/airflow/.local/lib/python3.7/site-packages/airflow/example_dags/example_branch_day_of_week_operator.py
[2022-08-06 01:51:49,314] {processor.py:651} INFO - DAG(s) dict_keys(['example_weekday_branch_operator']) retrieved from /home/airflow/.local/lib/python3.7/site-packages/airflow/example_dags/example_branch_day_of_week_operator.py
[2022-08-06 01:51:49,329] {logging_mixin.py:115} INFO - [2022-08-06 01:51:49,329] {dag.py:2371} INFO - Sync 1 DAGs
[2022-08-06 01:51:49,341] {logging_mixin.py:115} INFO - [2022-08-06 01:51:49,341] {dag.py:2919} INFO - Setting next_dagrun for example_weekday_branch_operator to 2022-08-05T00:00:00+00:00, run_after=2022-08-06T00:00:00+00:00
[2022-08-06 01:51:49,348] {processor.py:161} INFO - Processing /home/airflow/.local/lib/python3.7/site-packages/airflow/example_dags/example_branch_day_of_week_operator.py took 0.043 seconds
[2022-08-06 01:52:19,807] {processor.py:153} INFO - Started process (PID=2836) to work on /home/airflow/.local/lib/python3.7/site-packages/airflow/example_dags/example_branch_day_of_week_operator.py
[2022-08-06 01:52:19,809] {processor.py:641} INFO - Processing file /home/airflow/.local/lib/python3.7/site-packages/airflow/example_dags/example_branch_day_of_week_operator.py for tasks to queue
[2022-08-06 01:52:19,810] {logging_mixin.py:115} INFO - [2022-08-06 01:52:19,810] {dagbag.py:507} INFO - Filling up the DagBag from /home/airflow/.local/lib/python3.7/site-packages/airflow/example_dags/example_branch_day_of_week_operator.py
[2022-08-06 01:52:19,818] {processor.py:651} INFO - DAG(s) dict_keys(['example_weekday_branch_operator']) retrieved from /home/airflow/.local/lib/python3.7/site-packages/airflow/example_dags/example_branch_day_of_week_operator.py
[2022-08-06 01:52:19,835] {logging_mixin.py:115} INFO - [2022-08-06 01:52:19,835] {dag.py:2371} INFO - Sync 1 DAGs
[2022-08-06 01:52:19,851] {logging_mixin.py:115} INFO - [2022-08-06 01:52:19,851] {dag.py:2919} INFO - Setting next_dagrun for example_weekday_branch_operator to 2022-08-05T00:00:00+00:00, run_after=2022-08-06T00:00:00+00:00
[2022-08-06 01:52:19,859] {processor.py:161} INFO - Processing /home/airflow/.local/lib/python3.7/site-packages/airflow/example_dags/example_branch_day_of_week_operator.py took 0.054 seconds
[2022-08-06 01:52:50,509] {processor.py:153} INFO - Started process (PID=2899) to work on /home/airflow/.local/lib/python3.7/site-packages/airflow/example_dags/example_branch_day_of_week_operator.py
[2022-08-06 01:52:50,510] {processor.py:641} INFO - Processing file /home/airflow/.local/lib/python3.7/site-packages/airflow/example_dags/example_branch_day_of_week_operator.py for tasks to queue
[2022-08-06 01:52:50,511] {logging_mixin.py:115} INFO - [2022-08-06 01:52:50,511] {dagbag.py:507} INFO - Filling up the DagBag from /home/airflow/.local/lib/python3.7/site-packages/airflow/example_dags/example_branch_day_of_week_operator.py
[2022-08-06 01:52:50,515] {processor.py:651} INFO - DAG(s) dict_keys(['example_weekday_branch_operator']) retrieved from /home/airflow/.local/lib/python3.7/site-packages/airflow/example_dags/example_branch_day_of_week_operator.py
[2022-08-06 01:52:50,531] {logging_mixin.py:115} INFO - [2022-08-06 01:52:50,531] {dag.py:2371} INFO - Sync 1 DAGs
[2022-08-06 01:52:50,543] {logging_mixin.py:115} INFO - [2022-08-06 01:52:50,543] {dag.py:2919} INFO - Setting next_dagrun for example_weekday_branch_operator to 2022-08-05T00:00:00+00:00, run_after=2022-08-06T00:00:00+00:00
[2022-08-06 01:52:50,549] {processor.py:161} INFO - Processing /home/airflow/.local/lib/python3.7/site-packages/airflow/example_dags/example_branch_day_of_week_operator.py took 0.043 seconds
[2022-08-06 01:53:20,968] {processor.py:153} INFO - Started process (PID=2952) to work on /home/airflow/.local/lib/python3.7/site-packages/airflow/example_dags/example_branch_day_of_week_operator.py
[2022-08-06 01:53:20,969] {processor.py:641} INFO - Processing file /home/airflow/.local/lib/python3.7/site-packages/airflow/example_dags/example_branch_day_of_week_operator.py for tasks to queue
[2022-08-06 01:53:20,971] {logging_mixin.py:115} INFO - [2022-08-06 01:53:20,970] {dagbag.py:507} INFO - Filling up the DagBag from /home/airflow/.local/lib/python3.7/site-packages/airflow/example_dags/example_branch_day_of_week_operator.py
[2022-08-06 01:53:20,976] {processor.py:651} INFO - DAG(s) dict_keys(['example_weekday_branch_operator']) retrieved from /home/airflow/.local/lib/python3.7/site-packages/airflow/example_dags/example_branch_day_of_week_operator.py
[2022-08-06 01:53:20,992] {logging_mixin.py:115} INFO - [2022-08-06 01:53:20,992] {dag.py:2371} INFO - Sync 1 DAGs
[2022-08-06 01:53:21,005] {logging_mixin.py:115} INFO - [2022-08-06 01:53:21,005] {dag.py:2919} INFO - Setting next_dagrun for example_weekday_branch_operator to 2022-08-05T00:00:00+00:00, run_after=2022-08-06T00:00:00+00:00
[2022-08-06 01:53:21,012] {processor.py:161} INFO - Processing /home/airflow/.local/lib/python3.7/site-packages/airflow/example_dags/example_branch_day_of_week_operator.py took 0.046 seconds
[2022-08-06 01:53:51,680] {processor.py:153} INFO - Started process (PID=3014) to work on /home/airflow/.local/lib/python3.7/site-packages/airflow/example_dags/example_branch_day_of_week_operator.py
[2022-08-06 01:53:51,682] {processor.py:641} INFO - Processing file /home/airflow/.local/lib/python3.7/site-packages/airflow/example_dags/example_branch_day_of_week_operator.py for tasks to queue
[2022-08-06 01:53:51,683] {logging_mixin.py:115} INFO - [2022-08-06 01:53:51,683] {dagbag.py:507} INFO - Filling up the DagBag from /home/airflow/.local/lib/python3.7/site-packages/airflow/example_dags/example_branch_day_of_week_operator.py
[2022-08-06 01:53:51,688] {processor.py:651} INFO - DAG(s) dict_keys(['example_weekday_branch_operator']) retrieved from /home/airflow/.local/lib/python3.7/site-packages/airflow/example_dags/example_branch_day_of_week_operator.py
[2022-08-06 01:53:51,706] {logging_mixin.py:115} INFO - [2022-08-06 01:53:51,706] {dag.py:2371} INFO - Sync 1 DAGs
[2022-08-06 01:53:51,720] {logging_mixin.py:115} INFO - [2022-08-06 01:53:51,720] {dag.py:2919} INFO - Setting next_dagrun for example_weekday_branch_operator to 2022-08-05T00:00:00+00:00, run_after=2022-08-06T00:00:00+00:00
[2022-08-06 01:53:51,727] {processor.py:161} INFO - Processing /home/airflow/.local/lib/python3.7/site-packages/airflow/example_dags/example_branch_day_of_week_operator.py took 0.050 seconds
[2022-08-06 01:54:22,196] {processor.py:153} INFO - Started process (PID=3076) to work on /home/airflow/.local/lib/python3.7/site-packages/airflow/example_dags/example_branch_day_of_week_operator.py
[2022-08-06 01:54:22,197] {processor.py:641} INFO - Processing file /home/airflow/.local/lib/python3.7/site-packages/airflow/example_dags/example_branch_day_of_week_operator.py for tasks to queue
[2022-08-06 01:54:22,198] {logging_mixin.py:115} INFO - [2022-08-06 01:54:22,198] {dagbag.py:507} INFO - Filling up the DagBag from /home/airflow/.local/lib/python3.7/site-packages/airflow/example_dags/example_branch_day_of_week_operator.py
[2022-08-06 01:54:22,204] {processor.py:651} INFO - DAG(s) dict_keys(['example_weekday_branch_operator']) retrieved from /home/airflow/.local/lib/python3.7/site-packages/airflow/example_dags/example_branch_day_of_week_operator.py
[2022-08-06 01:54:22,221] {logging_mixin.py:115} INFO - [2022-08-06 01:54:22,221] {dag.py:2371} INFO - Sync 1 DAGs
[2022-08-06 01:54:22,232] {logging_mixin.py:115} INFO - [2022-08-06 01:54:22,232] {dag.py:2919} INFO - Setting next_dagrun for example_weekday_branch_operator to 2022-08-05T00:00:00+00:00, run_after=2022-08-06T00:00:00+00:00
[2022-08-06 01:54:22,238] {processor.py:161} INFO - Processing /home/airflow/.local/lib/python3.7/site-packages/airflow/example_dags/example_branch_day_of_week_operator.py took 0.044 seconds
