[2022-08-06 00:01:56,156] {processor.py:153} INFO - Started process (PID=3456) to work on /home/airflow/.local/lib/python3.7/site-packages/airflow/example_dags/example_complex.py
[2022-08-06 00:01:56,158] {processor.py:641} INFO - Processing file /home/airflow/.local/lib/python3.7/site-packages/airflow/example_dags/example_complex.py for tasks to queue
[2022-08-06 00:01:56,160] {logging_mixin.py:115} INFO - [2022-08-06 00:01:56,160] {dagbag.py:507} INFO - Filling up the DagBag from /home/airflow/.local/lib/python3.7/site-packages/airflow/example_dags/example_complex.py
[2022-08-06 00:01:56,177] {processor.py:651} INFO - DAG(s) dict_keys(['example_complex']) retrieved from /home/airflow/.local/lib/python3.7/site-packages/airflow/example_dags/example_complex.py
[2022-08-06 00:01:56,215] {logging_mixin.py:115} INFO - [2022-08-06 00:01:56,215] {dag.py:2371} INFO - Sync 1 DAGs
[2022-08-06 00:01:56,241] {logging_mixin.py:115} INFO - [2022-08-06 00:01:56,241] {dag.py:2919} INFO - Setting next_dagrun for example_complex to None, run_after=None
[2022-08-06 00:01:56,262] {processor.py:161} INFO - Processing /home/airflow/.local/lib/python3.7/site-packages/airflow/example_dags/example_complex.py took 0.109 seconds
[2022-08-06 00:02:27,001] {processor.py:153} INFO - Started process (PID=3517) to work on /home/airflow/.local/lib/python3.7/site-packages/airflow/example_dags/example_complex.py
[2022-08-06 00:02:27,003] {processor.py:641} INFO - Processing file /home/airflow/.local/lib/python3.7/site-packages/airflow/example_dags/example_complex.py for tasks to queue
[2022-08-06 00:02:27,004] {logging_mixin.py:115} INFO - [2022-08-06 00:02:27,004] {dagbag.py:507} INFO - Filling up the DagBag from /home/airflow/.local/lib/python3.7/site-packages/airflow/example_dags/example_complex.py
[2022-08-06 00:02:27,012] {processor.py:651} INFO - DAG(s) dict_keys(['example_complex']) retrieved from /home/airflow/.local/lib/python3.7/site-packages/airflow/example_dags/example_complex.py
[2022-08-06 00:02:27,035] {logging_mixin.py:115} INFO - [2022-08-06 00:02:27,034] {dag.py:2371} INFO - Sync 1 DAGs
[2022-08-06 00:02:27,048] {logging_mixin.py:115} INFO - [2022-08-06 00:02:27,048] {dag.py:2919} INFO - Setting next_dagrun for example_complex to None, run_after=None
[2022-08-06 00:02:27,057] {processor.py:161} INFO - Processing /home/airflow/.local/lib/python3.7/site-packages/airflow/example_dags/example_complex.py took 0.059 seconds
[2022-08-06 00:02:57,415] {processor.py:153} INFO - Started process (PID=3578) to work on /home/airflow/.local/lib/python3.7/site-packages/airflow/example_dags/example_complex.py
[2022-08-06 00:02:57,416] {processor.py:641} INFO - Processing file /home/airflow/.local/lib/python3.7/site-packages/airflow/example_dags/example_complex.py for tasks to queue
[2022-08-06 00:02:57,417] {logging_mixin.py:115} INFO - [2022-08-06 00:02:57,417] {dagbag.py:507} INFO - Filling up the DagBag from /home/airflow/.local/lib/python3.7/site-packages/airflow/example_dags/example_complex.py
[2022-08-06 00:02:57,426] {processor.py:651} INFO - DAG(s) dict_keys(['example_complex']) retrieved from /home/airflow/.local/lib/python3.7/site-packages/airflow/example_dags/example_complex.py
[2022-08-06 00:02:57,451] {logging_mixin.py:115} INFO - [2022-08-06 00:02:57,450] {dag.py:2371} INFO - Sync 1 DAGs
[2022-08-06 00:02:57,470] {logging_mixin.py:115} INFO - [2022-08-06 00:02:57,470] {dag.py:2919} INFO - Setting next_dagrun for example_complex to None, run_after=None
[2022-08-06 00:02:57,478] {processor.py:161} INFO - Processing /home/airflow/.local/lib/python3.7/site-packages/airflow/example_dags/example_complex.py took 0.065 seconds
[2022-08-06 00:03:27,884] {processor.py:153} INFO - Started process (PID=3641) to work on /home/airflow/.local/lib/python3.7/site-packages/airflow/example_dags/example_complex.py
[2022-08-06 00:03:27,886] {processor.py:641} INFO - Processing file /home/airflow/.local/lib/python3.7/site-packages/airflow/example_dags/example_complex.py for tasks to queue
[2022-08-06 00:03:27,887] {logging_mixin.py:115} INFO - [2022-08-06 00:03:27,887] {dagbag.py:507} INFO - Filling up the DagBag from /home/airflow/.local/lib/python3.7/site-packages/airflow/example_dags/example_complex.py
[2022-08-06 00:03:27,895] {processor.py:651} INFO - DAG(s) dict_keys(['example_complex']) retrieved from /home/airflow/.local/lib/python3.7/site-packages/airflow/example_dags/example_complex.py
[2022-08-06 00:03:27,914] {logging_mixin.py:115} INFO - [2022-08-06 00:03:27,914] {dag.py:2371} INFO - Sync 1 DAGs
[2022-08-06 00:03:27,926] {logging_mixin.py:115} INFO - [2022-08-06 00:03:27,926] {dag.py:2919} INFO - Setting next_dagrun for example_complex to None, run_after=None
[2022-08-06 00:03:27,934] {processor.py:161} INFO - Processing /home/airflow/.local/lib/python3.7/site-packages/airflow/example_dags/example_complex.py took 0.051 seconds
[2022-08-06 00:03:58,445] {processor.py:153} INFO - Started process (PID=3703) to work on /home/airflow/.local/lib/python3.7/site-packages/airflow/example_dags/example_complex.py
[2022-08-06 00:03:58,447] {processor.py:641} INFO - Processing file /home/airflow/.local/lib/python3.7/site-packages/airflow/example_dags/example_complex.py for tasks to queue
[2022-08-06 00:03:58,447] {logging_mixin.py:115} INFO - [2022-08-06 00:03:58,447] {dagbag.py:507} INFO - Filling up the DagBag from /home/airflow/.local/lib/python3.7/site-packages/airflow/example_dags/example_complex.py
[2022-08-06 00:03:58,455] {processor.py:651} INFO - DAG(s) dict_keys(['example_complex']) retrieved from /home/airflow/.local/lib/python3.7/site-packages/airflow/example_dags/example_complex.py
[2022-08-06 00:03:58,474] {logging_mixin.py:115} INFO - [2022-08-06 00:03:58,474] {dag.py:2371} INFO - Sync 1 DAGs
[2022-08-06 00:03:58,487] {logging_mixin.py:115} INFO - [2022-08-06 00:03:58,487] {dag.py:2919} INFO - Setting next_dagrun for example_complex to None, run_after=None
[2022-08-06 00:03:58,494] {processor.py:161} INFO - Processing /home/airflow/.local/lib/python3.7/site-packages/airflow/example_dags/example_complex.py took 0.051 seconds
[2022-08-06 00:04:28,897] {processor.py:153} INFO - Started process (PID=3765) to work on /home/airflow/.local/lib/python3.7/site-packages/airflow/example_dags/example_complex.py
[2022-08-06 00:04:28,899] {processor.py:641} INFO - Processing file /home/airflow/.local/lib/python3.7/site-packages/airflow/example_dags/example_complex.py for tasks to queue
[2022-08-06 00:04:28,901] {logging_mixin.py:115} INFO - [2022-08-06 00:04:28,901] {dagbag.py:507} INFO - Filling up the DagBag from /home/airflow/.local/lib/python3.7/site-packages/airflow/example_dags/example_complex.py
[2022-08-06 00:04:28,912] {processor.py:651} INFO - DAG(s) dict_keys(['example_complex']) retrieved from /home/airflow/.local/lib/python3.7/site-packages/airflow/example_dags/example_complex.py
[2022-08-06 00:04:28,935] {logging_mixin.py:115} INFO - [2022-08-06 00:04:28,935] {dag.py:2371} INFO - Sync 1 DAGs
[2022-08-06 00:04:28,959] {logging_mixin.py:115} INFO - [2022-08-06 00:04:28,959] {dag.py:2919} INFO - Setting next_dagrun for example_complex to None, run_after=None
[2022-08-06 00:04:28,978] {processor.py:161} INFO - Processing /home/airflow/.local/lib/python3.7/site-packages/airflow/example_dags/example_complex.py took 0.085 seconds
[2022-08-06 00:04:59,533] {processor.py:153} INFO - Started process (PID=3818) to work on /home/airflow/.local/lib/python3.7/site-packages/airflow/example_dags/example_complex.py
[2022-08-06 00:04:59,535] {processor.py:641} INFO - Processing file /home/airflow/.local/lib/python3.7/site-packages/airflow/example_dags/example_complex.py for tasks to queue
[2022-08-06 00:04:59,536] {logging_mixin.py:115} INFO - [2022-08-06 00:04:59,536] {dagbag.py:507} INFO - Filling up the DagBag from /home/airflow/.local/lib/python3.7/site-packages/airflow/example_dags/example_complex.py
[2022-08-06 00:04:59,546] {processor.py:651} INFO - DAG(s) dict_keys(['example_complex']) retrieved from /home/airflow/.local/lib/python3.7/site-packages/airflow/example_dags/example_complex.py
[2022-08-06 00:04:59,568] {logging_mixin.py:115} INFO - [2022-08-06 00:04:59,568] {dag.py:2371} INFO - Sync 1 DAGs
[2022-08-06 00:04:59,581] {logging_mixin.py:115} INFO - [2022-08-06 00:04:59,581] {dag.py:2919} INFO - Setting next_dagrun for example_complex to None, run_after=None
[2022-08-06 00:04:59,588] {processor.py:161} INFO - Processing /home/airflow/.local/lib/python3.7/site-packages/airflow/example_dags/example_complex.py took 0.057 seconds
[2022-08-06 00:07:17,914] {processor.py:153} INFO - Started process (PID=68) to work on /home/airflow/.local/lib/python3.7/site-packages/airflow/example_dags/example_complex.py
[2022-08-06 00:07:17,916] {processor.py:641} INFO - Processing file /home/airflow/.local/lib/python3.7/site-packages/airflow/example_dags/example_complex.py for tasks to queue
[2022-08-06 00:07:17,918] {logging_mixin.py:115} INFO - [2022-08-06 00:07:17,918] {dagbag.py:507} INFO - Filling up the DagBag from /home/airflow/.local/lib/python3.7/site-packages/airflow/example_dags/example_complex.py
[2022-08-06 00:07:17,940] {processor.py:651} INFO - DAG(s) dict_keys(['example_complex']) retrieved from /home/airflow/.local/lib/python3.7/site-packages/airflow/example_dags/example_complex.py
[2022-08-06 00:07:17,983] {logging_mixin.py:115} INFO - [2022-08-06 00:07:17,983] {dag.py:2371} INFO - Sync 1 DAGs
[2022-08-06 00:07:18,003] {logging_mixin.py:115} INFO - [2022-08-06 00:07:18,003] {dag.py:2919} INFO - Setting next_dagrun for example_complex to None, run_after=None
[2022-08-06 00:07:18,200] {processor.py:161} INFO - Processing /home/airflow/.local/lib/python3.7/site-packages/airflow/example_dags/example_complex.py took 0.289 seconds
[2022-08-06 00:07:48,269] {processor.py:153} INFO - Started process (PID=121) to work on /home/airflow/.local/lib/python3.7/site-packages/airflow/example_dags/example_complex.py
[2022-08-06 00:07:48,271] {processor.py:641} INFO - Processing file /home/airflow/.local/lib/python3.7/site-packages/airflow/example_dags/example_complex.py for tasks to queue
[2022-08-06 00:07:48,272] {logging_mixin.py:115} INFO - [2022-08-06 00:07:48,272] {dagbag.py:507} INFO - Filling up the DagBag from /home/airflow/.local/lib/python3.7/site-packages/airflow/example_dags/example_complex.py
[2022-08-06 00:07:48,279] {processor.py:651} INFO - DAG(s) dict_keys(['example_complex']) retrieved from /home/airflow/.local/lib/python3.7/site-packages/airflow/example_dags/example_complex.py
[2022-08-06 00:07:48,296] {logging_mixin.py:115} INFO - [2022-08-06 00:07:48,296] {dag.py:2371} INFO - Sync 1 DAGs
[2022-08-06 00:07:48,309] {logging_mixin.py:115} INFO - [2022-08-06 00:07:48,309] {dag.py:2919} INFO - Setting next_dagrun for example_complex to None, run_after=None
[2022-08-06 00:07:48,381] {processor.py:161} INFO - Processing /home/airflow/.local/lib/python3.7/site-packages/airflow/example_dags/example_complex.py took 0.113 seconds
[2022-08-06 00:08:19,000] {processor.py:153} INFO - Started process (PID=182) to work on /home/airflow/.local/lib/python3.7/site-packages/airflow/example_dags/example_complex.py
[2022-08-06 00:08:19,001] {processor.py:641} INFO - Processing file /home/airflow/.local/lib/python3.7/site-packages/airflow/example_dags/example_complex.py for tasks to queue
[2022-08-06 00:08:19,002] {logging_mixin.py:115} INFO - [2022-08-06 00:08:19,002] {dagbag.py:507} INFO - Filling up the DagBag from /home/airflow/.local/lib/python3.7/site-packages/airflow/example_dags/example_complex.py
[2022-08-06 00:08:19,010] {processor.py:651} INFO - DAG(s) dict_keys(['example_complex']) retrieved from /home/airflow/.local/lib/python3.7/site-packages/airflow/example_dags/example_complex.py
[2022-08-06 00:08:19,028] {logging_mixin.py:115} INFO - [2022-08-06 00:08:19,028] {dag.py:2371} INFO - Sync 1 DAGs
[2022-08-06 00:08:19,041] {logging_mixin.py:115} INFO - [2022-08-06 00:08:19,041] {dag.py:2919} INFO - Setting next_dagrun for example_complex to None, run_after=None
[2022-08-06 00:08:19,125] {processor.py:161} INFO - Processing /home/airflow/.local/lib/python3.7/site-packages/airflow/example_dags/example_complex.py took 0.127 seconds
[2022-08-06 00:08:49,582] {processor.py:153} INFO - Started process (PID=244) to work on /home/airflow/.local/lib/python3.7/site-packages/airflow/example_dags/example_complex.py
[2022-08-06 00:08:49,584] {processor.py:641} INFO - Processing file /home/airflow/.local/lib/python3.7/site-packages/airflow/example_dags/example_complex.py for tasks to queue
[2022-08-06 00:08:49,584] {logging_mixin.py:115} INFO - [2022-08-06 00:08:49,584] {dagbag.py:507} INFO - Filling up the DagBag from /home/airflow/.local/lib/python3.7/site-packages/airflow/example_dags/example_complex.py
[2022-08-06 00:08:49,591] {processor.py:651} INFO - DAG(s) dict_keys(['example_complex']) retrieved from /home/airflow/.local/lib/python3.7/site-packages/airflow/example_dags/example_complex.py
[2022-08-06 00:08:49,609] {logging_mixin.py:115} INFO - [2022-08-06 00:08:49,609] {dag.py:2371} INFO - Sync 1 DAGs
[2022-08-06 00:08:49,622] {logging_mixin.py:115} INFO - [2022-08-06 00:08:49,622] {dag.py:2919} INFO - Setting next_dagrun for example_complex to None, run_after=None
[2022-08-06 00:08:49,704] {processor.py:161} INFO - Processing /home/airflow/.local/lib/python3.7/site-packages/airflow/example_dags/example_complex.py took 0.124 seconds
[2022-08-06 00:09:20,208] {processor.py:153} INFO - Started process (PID=306) to work on /home/airflow/.local/lib/python3.7/site-packages/airflow/example_dags/example_complex.py
[2022-08-06 00:09:20,209] {processor.py:641} INFO - Processing file /home/airflow/.local/lib/python3.7/site-packages/airflow/example_dags/example_complex.py for tasks to queue
[2022-08-06 00:09:20,210] {logging_mixin.py:115} INFO - [2022-08-06 00:09:20,210] {dagbag.py:507} INFO - Filling up the DagBag from /home/airflow/.local/lib/python3.7/site-packages/airflow/example_dags/example_complex.py
[2022-08-06 00:09:20,218] {processor.py:651} INFO - DAG(s) dict_keys(['example_complex']) retrieved from /home/airflow/.local/lib/python3.7/site-packages/airflow/example_dags/example_complex.py
[2022-08-06 00:09:20,237] {logging_mixin.py:115} INFO - [2022-08-06 00:09:20,237] {dag.py:2371} INFO - Sync 1 DAGs
[2022-08-06 00:09:20,252] {logging_mixin.py:115} INFO - [2022-08-06 00:09:20,252] {dag.py:2919} INFO - Setting next_dagrun for example_complex to None, run_after=None
[2022-08-06 00:09:20,338] {processor.py:161} INFO - Processing /home/airflow/.local/lib/python3.7/site-packages/airflow/example_dags/example_complex.py took 0.132 seconds
[2022-08-06 00:09:50,972] {processor.py:153} INFO - Started process (PID=368) to work on /home/airflow/.local/lib/python3.7/site-packages/airflow/example_dags/example_complex.py
[2022-08-06 00:09:50,974] {processor.py:641} INFO - Processing file /home/airflow/.local/lib/python3.7/site-packages/airflow/example_dags/example_complex.py for tasks to queue
[2022-08-06 00:09:50,975] {logging_mixin.py:115} INFO - [2022-08-06 00:09:50,975] {dagbag.py:507} INFO - Filling up the DagBag from /home/airflow/.local/lib/python3.7/site-packages/airflow/example_dags/example_complex.py
[2022-08-06 00:09:50,982] {processor.py:651} INFO - DAG(s) dict_keys(['example_complex']) retrieved from /home/airflow/.local/lib/python3.7/site-packages/airflow/example_dags/example_complex.py
[2022-08-06 00:09:51,000] {logging_mixin.py:115} INFO - [2022-08-06 00:09:51,000] {dag.py:2371} INFO - Sync 1 DAGs
[2022-08-06 00:09:51,015] {logging_mixin.py:115} INFO - [2022-08-06 00:09:51,015] {dag.py:2919} INFO - Setting next_dagrun for example_complex to None, run_after=None
[2022-08-06 00:09:51,097] {processor.py:161} INFO - Processing /home/airflow/.local/lib/python3.7/site-packages/airflow/example_dags/example_complex.py took 0.127 seconds
[2022-08-06 00:10:21,728] {processor.py:153} INFO - Started process (PID=431) to work on /home/airflow/.local/lib/python3.7/site-packages/airflow/example_dags/example_complex.py
[2022-08-06 00:10:21,729] {processor.py:641} INFO - Processing file /home/airflow/.local/lib/python3.7/site-packages/airflow/example_dags/example_complex.py for tasks to queue
[2022-08-06 00:10:21,730] {logging_mixin.py:115} INFO - [2022-08-06 00:10:21,730] {dagbag.py:507} INFO - Filling up the DagBag from /home/airflow/.local/lib/python3.7/site-packages/airflow/example_dags/example_complex.py
[2022-08-06 00:10:21,739] {processor.py:651} INFO - DAG(s) dict_keys(['example_complex']) retrieved from /home/airflow/.local/lib/python3.7/site-packages/airflow/example_dags/example_complex.py
[2022-08-06 00:10:21,758] {logging_mixin.py:115} INFO - [2022-08-06 00:10:21,758] {dag.py:2371} INFO - Sync 1 DAGs
[2022-08-06 00:10:21,772] {logging_mixin.py:115} INFO - [2022-08-06 00:10:21,772] {dag.py:2919} INFO - Setting next_dagrun for example_complex to None, run_after=None
[2022-08-06 00:10:21,844] {processor.py:161} INFO - Processing /home/airflow/.local/lib/python3.7/site-packages/airflow/example_dags/example_complex.py took 0.119 seconds
[2022-08-06 00:10:52,732] {processor.py:153} INFO - Started process (PID=491) to work on /home/airflow/.local/lib/python3.7/site-packages/airflow/example_dags/example_complex.py
[2022-08-06 00:10:52,734] {processor.py:641} INFO - Processing file /home/airflow/.local/lib/python3.7/site-packages/airflow/example_dags/example_complex.py for tasks to queue
[2022-08-06 00:10:52,736] {logging_mixin.py:115} INFO - [2022-08-06 00:10:52,735] {dagbag.py:507} INFO - Filling up the DagBag from /home/airflow/.local/lib/python3.7/site-packages/airflow/example_dags/example_complex.py
[2022-08-06 00:10:52,746] {processor.py:651} INFO - DAG(s) dict_keys(['example_complex']) retrieved from /home/airflow/.local/lib/python3.7/site-packages/airflow/example_dags/example_complex.py
[2022-08-06 00:10:52,771] {logging_mixin.py:115} INFO - [2022-08-06 00:10:52,771] {dag.py:2371} INFO - Sync 1 DAGs
[2022-08-06 00:10:52,790] {logging_mixin.py:115} INFO - [2022-08-06 00:10:52,790] {dag.py:2919} INFO - Setting next_dagrun for example_complex to None, run_after=None
[2022-08-06 00:10:52,899] {processor.py:161} INFO - Processing /home/airflow/.local/lib/python3.7/site-packages/airflow/example_dags/example_complex.py took 0.170 seconds
[2022-08-06 00:11:23,466] {processor.py:153} INFO - Started process (PID=544) to work on /home/airflow/.local/lib/python3.7/site-packages/airflow/example_dags/example_complex.py
[2022-08-06 00:11:23,467] {processor.py:641} INFO - Processing file /home/airflow/.local/lib/python3.7/site-packages/airflow/example_dags/example_complex.py for tasks to queue
[2022-08-06 00:11:23,468] {logging_mixin.py:115} INFO - [2022-08-06 00:11:23,468] {dagbag.py:507} INFO - Filling up the DagBag from /home/airflow/.local/lib/python3.7/site-packages/airflow/example_dags/example_complex.py
[2022-08-06 00:11:23,475] {processor.py:651} INFO - DAG(s) dict_keys(['example_complex']) retrieved from /home/airflow/.local/lib/python3.7/site-packages/airflow/example_dags/example_complex.py
[2022-08-06 00:11:23,493] {logging_mixin.py:115} INFO - [2022-08-06 00:11:23,493] {dag.py:2371} INFO - Sync 1 DAGs
[2022-08-06 00:11:23,506] {logging_mixin.py:115} INFO - [2022-08-06 00:11:23,506] {dag.py:2919} INFO - Setting next_dagrun for example_complex to None, run_after=None
[2022-08-06 00:11:23,585] {processor.py:161} INFO - Processing /home/airflow/.local/lib/python3.7/site-packages/airflow/example_dags/example_complex.py took 0.121 seconds
[2022-08-06 00:11:53,880] {processor.py:153} INFO - Started process (PID=606) to work on /home/airflow/.local/lib/python3.7/site-packages/airflow/example_dags/example_complex.py
[2022-08-06 00:11:53,882] {processor.py:641} INFO - Processing file /home/airflow/.local/lib/python3.7/site-packages/airflow/example_dags/example_complex.py for tasks to queue
[2022-08-06 00:11:53,883] {logging_mixin.py:115} INFO - [2022-08-06 00:11:53,883] {dagbag.py:507} INFO - Filling up the DagBag from /home/airflow/.local/lib/python3.7/site-packages/airflow/example_dags/example_complex.py
[2022-08-06 00:11:53,890] {processor.py:651} INFO - DAG(s) dict_keys(['example_complex']) retrieved from /home/airflow/.local/lib/python3.7/site-packages/airflow/example_dags/example_complex.py
[2022-08-06 00:11:53,910] {logging_mixin.py:115} INFO - [2022-08-06 00:11:53,910] {dag.py:2371} INFO - Sync 1 DAGs
[2022-08-06 00:11:53,928] {logging_mixin.py:115} INFO - [2022-08-06 00:11:53,928] {dag.py:2919} INFO - Setting next_dagrun for example_complex to None, run_after=None
[2022-08-06 00:11:54,019] {processor.py:161} INFO - Processing /home/airflow/.local/lib/python3.7/site-packages/airflow/example_dags/example_complex.py took 0.143 seconds
[2022-08-06 00:12:24,792] {processor.py:153} INFO - Started process (PID=668) to work on /home/airflow/.local/lib/python3.7/site-packages/airflow/example_dags/example_complex.py
[2022-08-06 00:12:24,794] {processor.py:641} INFO - Processing file /home/airflow/.local/lib/python3.7/site-packages/airflow/example_dags/example_complex.py for tasks to queue
[2022-08-06 00:12:24,795] {logging_mixin.py:115} INFO - [2022-08-06 00:12:24,795] {dagbag.py:507} INFO - Filling up the DagBag from /home/airflow/.local/lib/python3.7/site-packages/airflow/example_dags/example_complex.py
[2022-08-06 00:12:24,803] {processor.py:651} INFO - DAG(s) dict_keys(['example_complex']) retrieved from /home/airflow/.local/lib/python3.7/site-packages/airflow/example_dags/example_complex.py
[2022-08-06 00:12:24,824] {logging_mixin.py:115} INFO - [2022-08-06 00:12:24,824] {dag.py:2371} INFO - Sync 1 DAGs
[2022-08-06 00:12:24,923] {logging_mixin.py:115} INFO - [2022-08-06 00:12:24,923] {dag.py:2919} INFO - Setting next_dagrun for example_complex to None, run_after=None
[2022-08-06 00:12:24,932] {processor.py:161} INFO - Processing /home/airflow/.local/lib/python3.7/site-packages/airflow/example_dags/example_complex.py took 0.142 seconds
[2022-08-06 00:12:55,756] {processor.py:153} INFO - Started process (PID=731) to work on /home/airflow/.local/lib/python3.7/site-packages/airflow/example_dags/example_complex.py
[2022-08-06 00:12:55,758] {processor.py:641} INFO - Processing file /home/airflow/.local/lib/python3.7/site-packages/airflow/example_dags/example_complex.py for tasks to queue
[2022-08-06 00:12:55,759] {logging_mixin.py:115} INFO - [2022-08-06 00:12:55,759] {dagbag.py:507} INFO - Filling up the DagBag from /home/airflow/.local/lib/python3.7/site-packages/airflow/example_dags/example_complex.py
[2022-08-06 00:12:55,768] {processor.py:651} INFO - DAG(s) dict_keys(['example_complex']) retrieved from /home/airflow/.local/lib/python3.7/site-packages/airflow/example_dags/example_complex.py
[2022-08-06 00:12:55,787] {logging_mixin.py:115} INFO - [2022-08-06 00:12:55,787] {dag.py:2371} INFO - Sync 1 DAGs
[2022-08-06 00:12:55,881] {logging_mixin.py:115} INFO - [2022-08-06 00:12:55,881] {dag.py:2919} INFO - Setting next_dagrun for example_complex to None, run_after=None
[2022-08-06 00:12:55,890] {processor.py:161} INFO - Processing /home/airflow/.local/lib/python3.7/site-packages/airflow/example_dags/example_complex.py took 0.137 seconds
[2022-08-06 00:13:26,715] {processor.py:153} INFO - Started process (PID=793) to work on /home/airflow/.local/lib/python3.7/site-packages/airflow/example_dags/example_complex.py
[2022-08-06 00:13:26,716] {processor.py:641} INFO - Processing file /home/airflow/.local/lib/python3.7/site-packages/airflow/example_dags/example_complex.py for tasks to queue
[2022-08-06 00:13:26,717] {logging_mixin.py:115} INFO - [2022-08-06 00:13:26,717] {dagbag.py:507} INFO - Filling up the DagBag from /home/airflow/.local/lib/python3.7/site-packages/airflow/example_dags/example_complex.py
[2022-08-06 00:13:26,725] {processor.py:651} INFO - DAG(s) dict_keys(['example_complex']) retrieved from /home/airflow/.local/lib/python3.7/site-packages/airflow/example_dags/example_complex.py
[2022-08-06 00:13:26,743] {logging_mixin.py:115} INFO - [2022-08-06 00:13:26,743] {dag.py:2371} INFO - Sync 1 DAGs
[2022-08-06 00:13:26,834] {logging_mixin.py:115} INFO - [2022-08-06 00:13:26,834] {dag.py:2919} INFO - Setting next_dagrun for example_complex to None, run_after=None
[2022-08-06 00:13:26,842] {processor.py:161} INFO - Processing /home/airflow/.local/lib/python3.7/site-packages/airflow/example_dags/example_complex.py took 0.129 seconds
[2022-08-06 00:13:57,668] {processor.py:153} INFO - Started process (PID=854) to work on /home/airflow/.local/lib/python3.7/site-packages/airflow/example_dags/example_complex.py
[2022-08-06 00:13:57,670] {processor.py:641} INFO - Processing file /home/airflow/.local/lib/python3.7/site-packages/airflow/example_dags/example_complex.py for tasks to queue
[2022-08-06 00:13:57,670] {logging_mixin.py:115} INFO - [2022-08-06 00:13:57,670] {dagbag.py:507} INFO - Filling up the DagBag from /home/airflow/.local/lib/python3.7/site-packages/airflow/example_dags/example_complex.py
[2022-08-06 00:13:57,677] {processor.py:651} INFO - DAG(s) dict_keys(['example_complex']) retrieved from /home/airflow/.local/lib/python3.7/site-packages/airflow/example_dags/example_complex.py
[2022-08-06 00:13:57,696] {logging_mixin.py:115} INFO - [2022-08-06 00:13:57,696] {dag.py:2371} INFO - Sync 1 DAGs
[2022-08-06 00:13:57,790] {logging_mixin.py:115} INFO - [2022-08-06 00:13:57,790] {dag.py:2919} INFO - Setting next_dagrun for example_complex to None, run_after=None
[2022-08-06 00:13:57,799] {processor.py:161} INFO - Processing /home/airflow/.local/lib/python3.7/site-packages/airflow/example_dags/example_complex.py took 0.133 seconds
[2022-08-06 00:14:28,455] {processor.py:153} INFO - Started process (PID=917) to work on /home/airflow/.local/lib/python3.7/site-packages/airflow/example_dags/example_complex.py
[2022-08-06 00:14:28,457] {processor.py:641} INFO - Processing file /home/airflow/.local/lib/python3.7/site-packages/airflow/example_dags/example_complex.py for tasks to queue
[2022-08-06 00:14:28,458] {logging_mixin.py:115} INFO - [2022-08-06 00:14:28,458] {dagbag.py:507} INFO - Filling up the DagBag from /home/airflow/.local/lib/python3.7/site-packages/airflow/example_dags/example_complex.py
[2022-08-06 00:14:28,466] {processor.py:651} INFO - DAG(s) dict_keys(['example_complex']) retrieved from /home/airflow/.local/lib/python3.7/site-packages/airflow/example_dags/example_complex.py
[2022-08-06 00:14:28,494] {logging_mixin.py:115} INFO - [2022-08-06 00:14:28,494] {dag.py:2371} INFO - Sync 1 DAGs
[2022-08-06 00:14:28,609] {logging_mixin.py:115} INFO - [2022-08-06 00:14:28,609] {dag.py:2919} INFO - Setting next_dagrun for example_complex to None, run_after=None
[2022-08-06 00:14:28,619] {processor.py:161} INFO - Processing /home/airflow/.local/lib/python3.7/site-packages/airflow/example_dags/example_complex.py took 0.167 seconds
[2022-08-06 00:14:59,362] {processor.py:153} INFO - Started process (PID=970) to work on /home/airflow/.local/lib/python3.7/site-packages/airflow/example_dags/example_complex.py
[2022-08-06 00:14:59,363] {processor.py:641} INFO - Processing file /home/airflow/.local/lib/python3.7/site-packages/airflow/example_dags/example_complex.py for tasks to queue
[2022-08-06 00:14:59,364] {logging_mixin.py:115} INFO - [2022-08-06 00:14:59,364] {dagbag.py:507} INFO - Filling up the DagBag from /home/airflow/.local/lib/python3.7/site-packages/airflow/example_dags/example_complex.py
[2022-08-06 00:14:59,372] {processor.py:651} INFO - DAG(s) dict_keys(['example_complex']) retrieved from /home/airflow/.local/lib/python3.7/site-packages/airflow/example_dags/example_complex.py
[2022-08-06 00:14:59,391] {logging_mixin.py:115} INFO - [2022-08-06 00:14:59,391] {dag.py:2371} INFO - Sync 1 DAGs
[2022-08-06 00:14:59,479] {logging_mixin.py:115} INFO - [2022-08-06 00:14:59,479] {dag.py:2919} INFO - Setting next_dagrun for example_complex to None, run_after=None
[2022-08-06 00:14:59,487] {processor.py:161} INFO - Processing /home/airflow/.local/lib/python3.7/site-packages/airflow/example_dags/example_complex.py took 0.128 seconds
[2022-08-06 00:15:30,308] {processor.py:153} INFO - Started process (PID=1031) to work on /home/airflow/.local/lib/python3.7/site-packages/airflow/example_dags/example_complex.py
[2022-08-06 00:15:30,309] {processor.py:641} INFO - Processing file /home/airflow/.local/lib/python3.7/site-packages/airflow/example_dags/example_complex.py for tasks to queue
[2022-08-06 00:15:30,310] {logging_mixin.py:115} INFO - [2022-08-06 00:15:30,310] {dagbag.py:507} INFO - Filling up the DagBag from /home/airflow/.local/lib/python3.7/site-packages/airflow/example_dags/example_complex.py
[2022-08-06 00:15:30,319] {processor.py:651} INFO - DAG(s) dict_keys(['example_complex']) retrieved from /home/airflow/.local/lib/python3.7/site-packages/airflow/example_dags/example_complex.py
[2022-08-06 00:15:30,339] {logging_mixin.py:115} INFO - [2022-08-06 00:15:30,339] {dag.py:2371} INFO - Sync 1 DAGs
[2022-08-06 00:15:30,428] {logging_mixin.py:115} INFO - [2022-08-06 00:15:30,428] {dag.py:2919} INFO - Setting next_dagrun for example_complex to None, run_after=None
[2022-08-06 00:15:30,435] {processor.py:161} INFO - Processing /home/airflow/.local/lib/python3.7/site-packages/airflow/example_dags/example_complex.py took 0.129 seconds
[2022-08-06 00:16:01,068] {processor.py:153} INFO - Started process (PID=1093) to work on /home/airflow/.local/lib/python3.7/site-packages/airflow/example_dags/example_complex.py
[2022-08-06 00:16:01,069] {processor.py:641} INFO - Processing file /home/airflow/.local/lib/python3.7/site-packages/airflow/example_dags/example_complex.py for tasks to queue
[2022-08-06 00:16:01,071] {logging_mixin.py:115} INFO - [2022-08-06 00:16:01,070] {dagbag.py:507} INFO - Filling up the DagBag from /home/airflow/.local/lib/python3.7/site-packages/airflow/example_dags/example_complex.py
[2022-08-06 00:16:01,079] {processor.py:651} INFO - DAG(s) dict_keys(['example_complex']) retrieved from /home/airflow/.local/lib/python3.7/site-packages/airflow/example_dags/example_complex.py
[2022-08-06 00:16:01,100] {logging_mixin.py:115} INFO - [2022-08-06 00:16:01,100] {dag.py:2371} INFO - Sync 1 DAGs
[2022-08-06 00:16:01,193] {logging_mixin.py:115} INFO - [2022-08-06 00:16:01,193] {dag.py:2919} INFO - Setting next_dagrun for example_complex to None, run_after=None
[2022-08-06 00:16:01,201] {processor.py:161} INFO - Processing /home/airflow/.local/lib/python3.7/site-packages/airflow/example_dags/example_complex.py took 0.135 seconds
[2022-08-06 00:16:31,944] {processor.py:153} INFO - Started process (PID=1155) to work on /home/airflow/.local/lib/python3.7/site-packages/airflow/example_dags/example_complex.py
[2022-08-06 00:16:31,946] {processor.py:641} INFO - Processing file /home/airflow/.local/lib/python3.7/site-packages/airflow/example_dags/example_complex.py for tasks to queue
[2022-08-06 00:16:31,947] {logging_mixin.py:115} INFO - [2022-08-06 00:16:31,947] {dagbag.py:507} INFO - Filling up the DagBag from /home/airflow/.local/lib/python3.7/site-packages/airflow/example_dags/example_complex.py
[2022-08-06 00:16:31,954] {processor.py:651} INFO - DAG(s) dict_keys(['example_complex']) retrieved from /home/airflow/.local/lib/python3.7/site-packages/airflow/example_dags/example_complex.py
[2022-08-06 00:16:31,973] {logging_mixin.py:115} INFO - [2022-08-06 00:16:31,973] {dag.py:2371} INFO - Sync 1 DAGs
[2022-08-06 00:16:32,058] {logging_mixin.py:115} INFO - [2022-08-06 00:16:32,058] {dag.py:2919} INFO - Setting next_dagrun for example_complex to None, run_after=None
[2022-08-06 00:16:32,064] {processor.py:161} INFO - Processing /home/airflow/.local/lib/python3.7/site-packages/airflow/example_dags/example_complex.py took 0.122 seconds
[2022-08-06 00:34:33,900] {processor.py:153} INFO - Started process (PID=1209) to work on /home/airflow/.local/lib/python3.7/site-packages/airflow/example_dags/example_complex.py
[2022-08-06 00:34:33,902] {processor.py:641} INFO - Processing file /home/airflow/.local/lib/python3.7/site-packages/airflow/example_dags/example_complex.py for tasks to queue
[2022-08-06 00:34:33,903] {logging_mixin.py:115} INFO - [2022-08-06 00:34:33,903] {dagbag.py:507} INFO - Filling up the DagBag from /home/airflow/.local/lib/python3.7/site-packages/airflow/example_dags/example_complex.py
[2022-08-06 00:34:33,912] {processor.py:651} INFO - DAG(s) dict_keys(['example_complex']) retrieved from /home/airflow/.local/lib/python3.7/site-packages/airflow/example_dags/example_complex.py
[2022-08-06 00:34:33,935] {logging_mixin.py:115} INFO - [2022-08-06 00:34:33,934] {dag.py:2371} INFO - Sync 1 DAGs
[2022-08-06 00:34:34,040] {logging_mixin.py:115} INFO - [2022-08-06 00:34:34,039] {dag.py:2919} INFO - Setting next_dagrun for example_complex to None, run_after=None
[2022-08-06 00:34:34,054] {processor.py:161} INFO - Processing /home/airflow/.local/lib/python3.7/site-packages/airflow/example_dags/example_complex.py took 0.157 seconds
[2022-08-06 01:23:27,434] {processor.py:153} INFO - Started process (PID=1270) to work on /home/airflow/.local/lib/python3.7/site-packages/airflow/example_dags/example_complex.py
[2022-08-06 01:23:27,436] {processor.py:641} INFO - Processing file /home/airflow/.local/lib/python3.7/site-packages/airflow/example_dags/example_complex.py for tasks to queue
[2022-08-06 01:23:27,437] {logging_mixin.py:115} INFO - [2022-08-06 01:23:27,437] {dagbag.py:507} INFO - Filling up the DagBag from /home/airflow/.local/lib/python3.7/site-packages/airflow/example_dags/example_complex.py
[2022-08-06 01:23:27,446] {processor.py:651} INFO - DAG(s) dict_keys(['example_complex']) retrieved from /home/airflow/.local/lib/python3.7/site-packages/airflow/example_dags/example_complex.py
[2022-08-06 01:23:27,468] {logging_mixin.py:115} INFO - [2022-08-06 01:23:27,468] {dag.py:2371} INFO - Sync 1 DAGs
[2022-08-06 01:23:27,568] {logging_mixin.py:115} INFO - [2022-08-06 01:23:27,568] {dag.py:2919} INFO - Setting next_dagrun for example_complex to None, run_after=None
[2022-08-06 01:23:27,575] {processor.py:161} INFO - Processing /home/airflow/.local/lib/python3.7/site-packages/airflow/example_dags/example_complex.py took 0.143 seconds
[2022-08-06 01:39:35,365] {processor.py:153} INFO - Started process (PID=1333) to work on /home/airflow/.local/lib/python3.7/site-packages/airflow/example_dags/example_complex.py
[2022-08-06 01:39:35,367] {processor.py:641} INFO - Processing file /home/airflow/.local/lib/python3.7/site-packages/airflow/example_dags/example_complex.py for tasks to queue
[2022-08-06 01:39:35,369] {logging_mixin.py:115} INFO - [2022-08-06 01:39:35,369] {dagbag.py:507} INFO - Filling up the DagBag from /home/airflow/.local/lib/python3.7/site-packages/airflow/example_dags/example_complex.py
[2022-08-06 01:39:35,381] {processor.py:651} INFO - DAG(s) dict_keys(['example_complex']) retrieved from /home/airflow/.local/lib/python3.7/site-packages/airflow/example_dags/example_complex.py
[2022-08-06 01:39:35,508] {logging_mixin.py:115} INFO - [2022-08-06 01:39:35,508] {dag.py:2371} INFO - Sync 1 DAGs
[2022-08-06 01:39:35,523] {logging_mixin.py:115} INFO - [2022-08-06 01:39:35,523] {dag.py:2919} INFO - Setting next_dagrun for example_complex to None, run_after=None
[2022-08-06 01:39:35,536] {processor.py:161} INFO - Processing /home/airflow/.local/lib/python3.7/site-packages/airflow/example_dags/example_complex.py took 0.174 seconds
[2022-08-06 01:40:05,818] {processor.py:153} INFO - Started process (PID=1395) to work on /home/airflow/.local/lib/python3.7/site-packages/airflow/example_dags/example_complex.py
[2022-08-06 01:40:05,821] {processor.py:641} INFO - Processing file /home/airflow/.local/lib/python3.7/site-packages/airflow/example_dags/example_complex.py for tasks to queue
[2022-08-06 01:40:05,822] {logging_mixin.py:115} INFO - [2022-08-06 01:40:05,822] {dagbag.py:507} INFO - Filling up the DagBag from /home/airflow/.local/lib/python3.7/site-packages/airflow/example_dags/example_complex.py
[2022-08-06 01:40:05,832] {processor.py:651} INFO - DAG(s) dict_keys(['example_complex']) retrieved from /home/airflow/.local/lib/python3.7/site-packages/airflow/example_dags/example_complex.py
[2022-08-06 01:40:05,933] {logging_mixin.py:115} INFO - [2022-08-06 01:40:05,933] {dag.py:2371} INFO - Sync 1 DAGs
[2022-08-06 01:40:05,945] {logging_mixin.py:115} INFO - [2022-08-06 01:40:05,945] {dag.py:2919} INFO - Setting next_dagrun for example_complex to None, run_after=None
[2022-08-06 01:40:05,951] {processor.py:161} INFO - Processing /home/airflow/.local/lib/python3.7/site-packages/airflow/example_dags/example_complex.py took 0.135 seconds
[2022-08-06 01:40:36,063] {processor.py:153} INFO - Started process (PID=1457) to work on /home/airflow/.local/lib/python3.7/site-packages/airflow/example_dags/example_complex.py
[2022-08-06 01:40:36,065] {processor.py:641} INFO - Processing file /home/airflow/.local/lib/python3.7/site-packages/airflow/example_dags/example_complex.py for tasks to queue
[2022-08-06 01:40:36,066] {logging_mixin.py:115} INFO - [2022-08-06 01:40:36,066] {dagbag.py:507} INFO - Filling up the DagBag from /home/airflow/.local/lib/python3.7/site-packages/airflow/example_dags/example_complex.py
[2022-08-06 01:40:36,076] {processor.py:651} INFO - DAG(s) dict_keys(['example_complex']) retrieved from /home/airflow/.local/lib/python3.7/site-packages/airflow/example_dags/example_complex.py
[2022-08-06 01:40:36,172] {logging_mixin.py:115} INFO - [2022-08-06 01:40:36,172] {dag.py:2371} INFO - Sync 1 DAGs
[2022-08-06 01:40:36,184] {logging_mixin.py:115} INFO - [2022-08-06 01:40:36,184] {dag.py:2919} INFO - Setting next_dagrun for example_complex to None, run_after=None
[2022-08-06 01:40:36,191] {processor.py:161} INFO - Processing /home/airflow/.local/lib/python3.7/site-packages/airflow/example_dags/example_complex.py took 0.130 seconds
[2022-08-06 01:41:07,031] {processor.py:153} INFO - Started process (PID=1518) to work on /home/airflow/.local/lib/python3.7/site-packages/airflow/example_dags/example_complex.py
[2022-08-06 01:41:07,033] {processor.py:641} INFO - Processing file /home/airflow/.local/lib/python3.7/site-packages/airflow/example_dags/example_complex.py for tasks to queue
[2022-08-06 01:41:07,034] {logging_mixin.py:115} INFO - [2022-08-06 01:41:07,034] {dagbag.py:507} INFO - Filling up the DagBag from /home/airflow/.local/lib/python3.7/site-packages/airflow/example_dags/example_complex.py
[2022-08-06 01:41:07,048] {processor.py:651} INFO - DAG(s) dict_keys(['example_complex']) retrieved from /home/airflow/.local/lib/python3.7/site-packages/airflow/example_dags/example_complex.py
[2022-08-06 01:41:07,168] {logging_mixin.py:115} INFO - [2022-08-06 01:41:07,167] {dag.py:2371} INFO - Sync 1 DAGs
[2022-08-06 01:41:07,182] {logging_mixin.py:115} INFO - [2022-08-06 01:41:07,182] {dag.py:2919} INFO - Setting next_dagrun for example_complex to None, run_after=None
[2022-08-06 01:41:07,191] {processor.py:161} INFO - Processing /home/airflow/.local/lib/python3.7/site-packages/airflow/example_dags/example_complex.py took 0.161 seconds
[2022-08-06 01:41:38,566] {processor.py:153} INFO - Started process (PID=1573) to work on /home/airflow/.local/lib/python3.7/site-packages/airflow/example_dags/example_complex.py
[2022-08-06 01:41:38,567] {processor.py:641} INFO - Processing file /home/airflow/.local/lib/python3.7/site-packages/airflow/example_dags/example_complex.py for tasks to queue
[2022-08-06 01:41:38,568] {logging_mixin.py:115} INFO - [2022-08-06 01:41:38,568] {dagbag.py:507} INFO - Filling up the DagBag from /home/airflow/.local/lib/python3.7/site-packages/airflow/example_dags/example_complex.py
[2022-08-06 01:41:38,577] {processor.py:651} INFO - DAG(s) dict_keys(['example_complex']) retrieved from /home/airflow/.local/lib/python3.7/site-packages/airflow/example_dags/example_complex.py
[2022-08-06 01:41:38,664] {logging_mixin.py:115} INFO - [2022-08-06 01:41:38,664] {dag.py:2371} INFO - Sync 1 DAGs
[2022-08-06 01:41:38,675] {logging_mixin.py:115} INFO - [2022-08-06 01:41:38,675] {dag.py:2919} INFO - Setting next_dagrun for example_complex to None, run_after=None
[2022-08-06 01:41:38,682] {processor.py:161} INFO - Processing /home/airflow/.local/lib/python3.7/site-packages/airflow/example_dags/example_complex.py took 0.117 seconds
[2022-08-06 01:42:08,955] {processor.py:153} INFO - Started process (PID=1633) to work on /home/airflow/.local/lib/python3.7/site-packages/airflow/example_dags/example_complex.py
[2022-08-06 01:42:08,956] {processor.py:641} INFO - Processing file /home/airflow/.local/lib/python3.7/site-packages/airflow/example_dags/example_complex.py for tasks to queue
[2022-08-06 01:42:08,957] {logging_mixin.py:115} INFO - [2022-08-06 01:42:08,957] {dagbag.py:507} INFO - Filling up the DagBag from /home/airflow/.local/lib/python3.7/site-packages/airflow/example_dags/example_complex.py
[2022-08-06 01:42:08,967] {processor.py:651} INFO - DAG(s) dict_keys(['example_complex']) retrieved from /home/airflow/.local/lib/python3.7/site-packages/airflow/example_dags/example_complex.py
[2022-08-06 01:42:09,060] {logging_mixin.py:115} INFO - [2022-08-06 01:42:09,060] {dag.py:2371} INFO - Sync 1 DAGs
[2022-08-06 01:42:09,070] {logging_mixin.py:115} INFO - [2022-08-06 01:42:09,070] {dag.py:2919} INFO - Setting next_dagrun for example_complex to None, run_after=None
[2022-08-06 01:42:09,077] {processor.py:161} INFO - Processing /home/airflow/.local/lib/python3.7/site-packages/airflow/example_dags/example_complex.py took 0.125 seconds
[2022-08-06 01:42:39,181] {processor.py:153} INFO - Started process (PID=1695) to work on /home/airflow/.local/lib/python3.7/site-packages/airflow/example_dags/example_complex.py
[2022-08-06 01:42:39,183] {processor.py:641} INFO - Processing file /home/airflow/.local/lib/python3.7/site-packages/airflow/example_dags/example_complex.py for tasks to queue
[2022-08-06 01:42:39,184] {logging_mixin.py:115} INFO - [2022-08-06 01:42:39,184] {dagbag.py:507} INFO - Filling up the DagBag from /home/airflow/.local/lib/python3.7/site-packages/airflow/example_dags/example_complex.py
[2022-08-06 01:42:39,195] {processor.py:651} INFO - DAG(s) dict_keys(['example_complex']) retrieved from /home/airflow/.local/lib/python3.7/site-packages/airflow/example_dags/example_complex.py
[2022-08-06 01:42:39,310] {logging_mixin.py:115} INFO - [2022-08-06 01:42:39,310] {dag.py:2371} INFO - Sync 1 DAGs
[2022-08-06 01:42:39,327] {logging_mixin.py:115} INFO - [2022-08-06 01:42:39,327] {dag.py:2919} INFO - Setting next_dagrun for example_complex to None, run_after=None
[2022-08-06 01:42:39,338] {processor.py:161} INFO - Processing /home/airflow/.local/lib/python3.7/site-packages/airflow/example_dags/example_complex.py took 0.159 seconds
[2022-08-06 01:43:09,412] {processor.py:153} INFO - Started process (PID=1757) to work on /home/airflow/.local/lib/python3.7/site-packages/airflow/example_dags/example_complex.py
[2022-08-06 01:43:09,413] {processor.py:641} INFO - Processing file /home/airflow/.local/lib/python3.7/site-packages/airflow/example_dags/example_complex.py for tasks to queue
[2022-08-06 01:43:09,414] {logging_mixin.py:115} INFO - [2022-08-06 01:43:09,414] {dagbag.py:507} INFO - Filling up the DagBag from /home/airflow/.local/lib/python3.7/site-packages/airflow/example_dags/example_complex.py
[2022-08-06 01:43:09,424] {processor.py:651} INFO - DAG(s) dict_keys(['example_complex']) retrieved from /home/airflow/.local/lib/python3.7/site-packages/airflow/example_dags/example_complex.py
[2022-08-06 01:43:09,533] {logging_mixin.py:115} INFO - [2022-08-06 01:43:09,533] {dag.py:2371} INFO - Sync 1 DAGs
[2022-08-06 01:43:09,560] {logging_mixin.py:115} INFO - [2022-08-06 01:43:09,560] {dag.py:2919} INFO - Setting next_dagrun for example_complex to None, run_after=None
[2022-08-06 01:43:09,578] {processor.py:161} INFO - Processing /home/airflow/.local/lib/python3.7/site-packages/airflow/example_dags/example_complex.py took 0.169 seconds
[2022-08-06 01:43:40,309] {processor.py:153} INFO - Started process (PID=1819) to work on /home/airflow/.local/lib/python3.7/site-packages/airflow/example_dags/example_complex.py
[2022-08-06 01:43:40,310] {processor.py:641} INFO - Processing file /home/airflow/.local/lib/python3.7/site-packages/airflow/example_dags/example_complex.py for tasks to queue
[2022-08-06 01:43:40,311] {logging_mixin.py:115} INFO - [2022-08-06 01:43:40,311] {dagbag.py:507} INFO - Filling up the DagBag from /home/airflow/.local/lib/python3.7/site-packages/airflow/example_dags/example_complex.py
[2022-08-06 01:43:40,320] {processor.py:651} INFO - DAG(s) dict_keys(['example_complex']) retrieved from /home/airflow/.local/lib/python3.7/site-packages/airflow/example_dags/example_complex.py
[2022-08-06 01:43:40,420] {logging_mixin.py:115} INFO - [2022-08-06 01:43:40,420] {dag.py:2371} INFO - Sync 1 DAGs
[2022-08-06 01:43:40,432] {logging_mixin.py:115} INFO - [2022-08-06 01:43:40,431] {dag.py:2919} INFO - Setting next_dagrun for example_complex to None, run_after=None
[2022-08-06 01:43:40,440] {processor.py:161} INFO - Processing /home/airflow/.local/lib/python3.7/site-packages/airflow/example_dags/example_complex.py took 0.134 seconds
[2022-08-06 01:44:11,401] {processor.py:153} INFO - Started process (PID=1881) to work on /home/airflow/.local/lib/python3.7/site-packages/airflow/example_dags/example_complex.py
[2022-08-06 01:44:11,403] {processor.py:641} INFO - Processing file /home/airflow/.local/lib/python3.7/site-packages/airflow/example_dags/example_complex.py for tasks to queue
[2022-08-06 01:44:11,405] {logging_mixin.py:115} INFO - [2022-08-06 01:44:11,405] {dagbag.py:507} INFO - Filling up the DagBag from /home/airflow/.local/lib/python3.7/site-packages/airflow/example_dags/example_complex.py
[2022-08-06 01:44:11,418] {processor.py:651} INFO - DAG(s) dict_keys(['example_complex']) retrieved from /home/airflow/.local/lib/python3.7/site-packages/airflow/example_dags/example_complex.py
[2022-08-06 01:44:11,537] {logging_mixin.py:115} INFO - [2022-08-06 01:44:11,537] {dag.py:2371} INFO - Sync 1 DAGs
[2022-08-06 01:44:11,551] {logging_mixin.py:115} INFO - [2022-08-06 01:44:11,551] {dag.py:2919} INFO - Setting next_dagrun for example_complex to None, run_after=None
[2022-08-06 01:44:11,561] {processor.py:161} INFO - Processing /home/airflow/.local/lib/python3.7/site-packages/airflow/example_dags/example_complex.py took 0.163 seconds
[2022-08-06 01:44:41,794] {processor.py:153} INFO - Started process (PID=1934) to work on /home/airflow/.local/lib/python3.7/site-packages/airflow/example_dags/example_complex.py
[2022-08-06 01:44:41,797] {processor.py:641} INFO - Processing file /home/airflow/.local/lib/python3.7/site-packages/airflow/example_dags/example_complex.py for tasks to queue
[2022-08-06 01:44:41,798] {logging_mixin.py:115} INFO - [2022-08-06 01:44:41,798] {dagbag.py:507} INFO - Filling up the DagBag from /home/airflow/.local/lib/python3.7/site-packages/airflow/example_dags/example_complex.py
[2022-08-06 01:44:41,891] {processor.py:651} INFO - DAG(s) dict_keys(['example_complex']) retrieved from /home/airflow/.local/lib/python3.7/site-packages/airflow/example_dags/example_complex.py
[2022-08-06 01:44:41,907] {logging_mixin.py:115} INFO - [2022-08-06 01:44:41,907] {dag.py:2371} INFO - Sync 1 DAGs
[2022-08-06 01:44:41,918] {logging_mixin.py:115} INFO - [2022-08-06 01:44:41,918] {dag.py:2919} INFO - Setting next_dagrun for example_complex to None, run_after=None
[2022-08-06 01:44:41,925] {processor.py:161} INFO - Processing /home/airflow/.local/lib/python3.7/site-packages/airflow/example_dags/example_complex.py took 0.133 seconds
[2022-08-06 01:45:12,077] {processor.py:153} INFO - Started process (PID=1995) to work on /home/airflow/.local/lib/python3.7/site-packages/airflow/example_dags/example_complex.py
[2022-08-06 01:45:12,078] {processor.py:641} INFO - Processing file /home/airflow/.local/lib/python3.7/site-packages/airflow/example_dags/example_complex.py for tasks to queue
[2022-08-06 01:45:12,079] {logging_mixin.py:115} INFO - [2022-08-06 01:45:12,079] {dagbag.py:507} INFO - Filling up the DagBag from /home/airflow/.local/lib/python3.7/site-packages/airflow/example_dags/example_complex.py
[2022-08-06 01:45:12,178] {processor.py:651} INFO - DAG(s) dict_keys(['example_complex']) retrieved from /home/airflow/.local/lib/python3.7/site-packages/airflow/example_dags/example_complex.py
[2022-08-06 01:45:12,195] {logging_mixin.py:115} INFO - [2022-08-06 01:45:12,195] {dag.py:2371} INFO - Sync 1 DAGs
[2022-08-06 01:45:12,207] {logging_mixin.py:115} INFO - [2022-08-06 01:45:12,207] {dag.py:2919} INFO - Setting next_dagrun for example_complex to None, run_after=None
[2022-08-06 01:45:12,213] {processor.py:161} INFO - Processing /home/airflow/.local/lib/python3.7/site-packages/airflow/example_dags/example_complex.py took 0.138 seconds
[2022-08-06 01:45:42,496] {processor.py:153} INFO - Started process (PID=2057) to work on /home/airflow/.local/lib/python3.7/site-packages/airflow/example_dags/example_complex.py
[2022-08-06 01:45:42,497] {processor.py:641} INFO - Processing file /home/airflow/.local/lib/python3.7/site-packages/airflow/example_dags/example_complex.py for tasks to queue
[2022-08-06 01:45:42,500] {logging_mixin.py:115} INFO - [2022-08-06 01:45:42,500] {dagbag.py:507} INFO - Filling up the DagBag from /home/airflow/.local/lib/python3.7/site-packages/airflow/example_dags/example_complex.py
[2022-08-06 01:45:42,597] {processor.py:651} INFO - DAG(s) dict_keys(['example_complex']) retrieved from /home/airflow/.local/lib/python3.7/site-packages/airflow/example_dags/example_complex.py
[2022-08-06 01:45:42,615] {logging_mixin.py:115} INFO - [2022-08-06 01:45:42,614] {dag.py:2371} INFO - Sync 1 DAGs
[2022-08-06 01:45:42,626] {logging_mixin.py:115} INFO - [2022-08-06 01:45:42,626] {dag.py:2919} INFO - Setting next_dagrun for example_complex to None, run_after=None
[2022-08-06 01:45:42,635] {processor.py:161} INFO - Processing /home/airflow/.local/lib/python3.7/site-packages/airflow/example_dags/example_complex.py took 0.142 seconds
[2022-08-06 01:46:12,863] {processor.py:153} INFO - Started process (PID=2119) to work on /home/airflow/.local/lib/python3.7/site-packages/airflow/example_dags/example_complex.py
[2022-08-06 01:46:12,864] {processor.py:641} INFO - Processing file /home/airflow/.local/lib/python3.7/site-packages/airflow/example_dags/example_complex.py for tasks to queue
[2022-08-06 01:46:12,865] {logging_mixin.py:115} INFO - [2022-08-06 01:46:12,865] {dagbag.py:507} INFO - Filling up the DagBag from /home/airflow/.local/lib/python3.7/site-packages/airflow/example_dags/example_complex.py
[2022-08-06 01:46:12,946] {processor.py:651} INFO - DAG(s) dict_keys(['example_complex']) retrieved from /home/airflow/.local/lib/python3.7/site-packages/airflow/example_dags/example_complex.py
[2022-08-06 01:46:12,962] {logging_mixin.py:115} INFO - [2022-08-06 01:46:12,962] {dag.py:2371} INFO - Sync 1 DAGs
[2022-08-06 01:46:12,971] {logging_mixin.py:115} INFO - [2022-08-06 01:46:12,971] {dag.py:2919} INFO - Setting next_dagrun for example_complex to None, run_after=None
[2022-08-06 01:46:12,978] {processor.py:161} INFO - Processing /home/airflow/.local/lib/python3.7/site-packages/airflow/example_dags/example_complex.py took 0.117 seconds
[2022-08-06 01:46:43,186] {processor.py:153} INFO - Started process (PID=2182) to work on /home/airflow/.local/lib/python3.7/site-packages/airflow/example_dags/example_complex.py
[2022-08-06 01:46:43,187] {processor.py:641} INFO - Processing file /home/airflow/.local/lib/python3.7/site-packages/airflow/example_dags/example_complex.py for tasks to queue
[2022-08-06 01:46:43,188] {logging_mixin.py:115} INFO - [2022-08-06 01:46:43,188] {dagbag.py:507} INFO - Filling up the DagBag from /home/airflow/.local/lib/python3.7/site-packages/airflow/example_dags/example_complex.py
[2022-08-06 01:46:43,278] {processor.py:651} INFO - DAG(s) dict_keys(['example_complex']) retrieved from /home/airflow/.local/lib/python3.7/site-packages/airflow/example_dags/example_complex.py
[2022-08-06 01:46:43,294] {logging_mixin.py:115} INFO - [2022-08-06 01:46:43,294] {dag.py:2371} INFO - Sync 1 DAGs
[2022-08-06 01:46:43,306] {logging_mixin.py:115} INFO - [2022-08-06 01:46:43,306] {dag.py:2919} INFO - Setting next_dagrun for example_complex to None, run_after=None
[2022-08-06 01:46:43,313] {processor.py:161} INFO - Processing /home/airflow/.local/lib/python3.7/site-packages/airflow/example_dags/example_complex.py took 0.130 seconds
[2022-08-06 01:47:13,381] {processor.py:153} INFO - Started process (PID=2235) to work on /home/airflow/.local/lib/python3.7/site-packages/airflow/example_dags/example_complex.py
[2022-08-06 01:47:13,382] {processor.py:641} INFO - Processing file /home/airflow/.local/lib/python3.7/site-packages/airflow/example_dags/example_complex.py for tasks to queue
[2022-08-06 01:47:13,383] {logging_mixin.py:115} INFO - [2022-08-06 01:47:13,383] {dagbag.py:507} INFO - Filling up the DagBag from /home/airflow/.local/lib/python3.7/site-packages/airflow/example_dags/example_complex.py
[2022-08-06 01:47:13,478] {processor.py:651} INFO - DAG(s) dict_keys(['example_complex']) retrieved from /home/airflow/.local/lib/python3.7/site-packages/airflow/example_dags/example_complex.py
[2022-08-06 01:47:13,494] {logging_mixin.py:115} INFO - [2022-08-06 01:47:13,494] {dag.py:2371} INFO - Sync 1 DAGs
[2022-08-06 01:47:13,506] {logging_mixin.py:115} INFO - [2022-08-06 01:47:13,506] {dag.py:2919} INFO - Setting next_dagrun for example_complex to None, run_after=None
[2022-08-06 01:47:13,516] {processor.py:161} INFO - Processing /home/airflow/.local/lib/python3.7/site-packages/airflow/example_dags/example_complex.py took 0.136 seconds
[2022-08-06 01:47:44,477] {processor.py:153} INFO - Started process (PID=2297) to work on /home/airflow/.local/lib/python3.7/site-packages/airflow/example_dags/example_complex.py
[2022-08-06 01:47:44,478] {processor.py:641} INFO - Processing file /home/airflow/.local/lib/python3.7/site-packages/airflow/example_dags/example_complex.py for tasks to queue
[2022-08-06 01:47:44,479] {logging_mixin.py:115} INFO - [2022-08-06 01:47:44,479] {dagbag.py:507} INFO - Filling up the DagBag from /home/airflow/.local/lib/python3.7/site-packages/airflow/example_dags/example_complex.py
[2022-08-06 01:47:44,579] {processor.py:651} INFO - DAG(s) dict_keys(['example_complex']) retrieved from /home/airflow/.local/lib/python3.7/site-packages/airflow/example_dags/example_complex.py
[2022-08-06 01:47:44,594] {logging_mixin.py:115} INFO - [2022-08-06 01:47:44,594] {dag.py:2371} INFO - Sync 1 DAGs
[2022-08-06 01:47:44,606] {logging_mixin.py:115} INFO - [2022-08-06 01:47:44,606] {dag.py:2919} INFO - Setting next_dagrun for example_complex to None, run_after=None
[2022-08-06 01:47:44,615] {processor.py:161} INFO - Processing /home/airflow/.local/lib/python3.7/site-packages/airflow/example_dags/example_complex.py took 0.140 seconds
[2022-08-06 01:48:15,356] {processor.py:153} INFO - Started process (PID=2359) to work on /home/airflow/.local/lib/python3.7/site-packages/airflow/example_dags/example_complex.py
[2022-08-06 01:48:15,357] {processor.py:641} INFO - Processing file /home/airflow/.local/lib/python3.7/site-packages/airflow/example_dags/example_complex.py for tasks to queue
[2022-08-06 01:48:15,358] {logging_mixin.py:115} INFO - [2022-08-06 01:48:15,358] {dagbag.py:507} INFO - Filling up the DagBag from /home/airflow/.local/lib/python3.7/site-packages/airflow/example_dags/example_complex.py
[2022-08-06 01:48:15,459] {processor.py:651} INFO - DAG(s) dict_keys(['example_complex']) retrieved from /home/airflow/.local/lib/python3.7/site-packages/airflow/example_dags/example_complex.py
[2022-08-06 01:48:15,477] {logging_mixin.py:115} INFO - [2022-08-06 01:48:15,477] {dag.py:2371} INFO - Sync 1 DAGs
[2022-08-06 01:48:15,491] {logging_mixin.py:115} INFO - [2022-08-06 01:48:15,491] {dag.py:2919} INFO - Setting next_dagrun for example_complex to None, run_after=None
[2022-08-06 01:48:15,497] {processor.py:161} INFO - Processing /home/airflow/.local/lib/python3.7/site-packages/airflow/example_dags/example_complex.py took 0.144 seconds
[2022-08-06 01:48:46,300] {processor.py:153} INFO - Started process (PID=2420) to work on /home/airflow/.local/lib/python3.7/site-packages/airflow/example_dags/example_complex.py
[2022-08-06 01:48:46,301] {processor.py:641} INFO - Processing file /home/airflow/.local/lib/python3.7/site-packages/airflow/example_dags/example_complex.py for tasks to queue
[2022-08-06 01:48:46,303] {logging_mixin.py:115} INFO - [2022-08-06 01:48:46,303] {dagbag.py:507} INFO - Filling up the DagBag from /home/airflow/.local/lib/python3.7/site-packages/airflow/example_dags/example_complex.py
[2022-08-06 01:48:46,409] {processor.py:651} INFO - DAG(s) dict_keys(['example_complex']) retrieved from /home/airflow/.local/lib/python3.7/site-packages/airflow/example_dags/example_complex.py
[2022-08-06 01:48:46,424] {logging_mixin.py:115} INFO - [2022-08-06 01:48:46,424] {dag.py:2371} INFO - Sync 1 DAGs
[2022-08-06 01:48:46,436] {logging_mixin.py:115} INFO - [2022-08-06 01:48:46,436] {dag.py:2919} INFO - Setting next_dagrun for example_complex to None, run_after=None
[2022-08-06 01:48:46,445] {processor.py:161} INFO - Processing /home/airflow/.local/lib/python3.7/site-packages/airflow/example_dags/example_complex.py took 0.147 seconds
[2022-08-06 01:49:17,285] {processor.py:153} INFO - Started process (PID=2484) to work on /home/airflow/.local/lib/python3.7/site-packages/airflow/example_dags/example_complex.py
[2022-08-06 01:49:17,286] {processor.py:641} INFO - Processing file /home/airflow/.local/lib/python3.7/site-packages/airflow/example_dags/example_complex.py for tasks to queue
[2022-08-06 01:49:17,287] {logging_mixin.py:115} INFO - [2022-08-06 01:49:17,287] {dagbag.py:507} INFO - Filling up the DagBag from /home/airflow/.local/lib/python3.7/site-packages/airflow/example_dags/example_complex.py
[2022-08-06 01:49:17,398] {processor.py:651} INFO - DAG(s) dict_keys(['example_complex']) retrieved from /home/airflow/.local/lib/python3.7/site-packages/airflow/example_dags/example_complex.py
[2022-08-06 01:49:17,413] {logging_mixin.py:115} INFO - [2022-08-06 01:49:17,413] {dag.py:2371} INFO - Sync 1 DAGs
[2022-08-06 01:49:17,427] {logging_mixin.py:115} INFO - [2022-08-06 01:49:17,427] {dag.py:2919} INFO - Setting next_dagrun for example_complex to None, run_after=None
[2022-08-06 01:49:17,436] {processor.py:161} INFO - Processing /home/airflow/.local/lib/python3.7/site-packages/airflow/example_dags/example_complex.py took 0.154 seconds
[2022-08-06 01:49:48,330] {processor.py:153} INFO - Started process (PID=2547) to work on /home/airflow/.local/lib/python3.7/site-packages/airflow/example_dags/example_complex.py
[2022-08-06 01:49:48,332] {processor.py:641} INFO - Processing file /home/airflow/.local/lib/python3.7/site-packages/airflow/example_dags/example_complex.py for tasks to queue
[2022-08-06 01:49:48,333] {logging_mixin.py:115} INFO - [2022-08-06 01:49:48,333] {dagbag.py:507} INFO - Filling up the DagBag from /home/airflow/.local/lib/python3.7/site-packages/airflow/example_dags/example_complex.py
[2022-08-06 01:49:48,341] {processor.py:651} INFO - DAG(s) dict_keys(['example_complex']) retrieved from /home/airflow/.local/lib/python3.7/site-packages/airflow/example_dags/example_complex.py
[2022-08-06 01:49:48,359] {logging_mixin.py:115} INFO - [2022-08-06 01:49:48,359] {dag.py:2371} INFO - Sync 1 DAGs
[2022-08-06 01:49:48,371] {logging_mixin.py:115} INFO - [2022-08-06 01:49:48,371] {dag.py:2919} INFO - Setting next_dagrun for example_complex to None, run_after=None
[2022-08-06 01:49:48,379] {processor.py:161} INFO - Processing /home/airflow/.local/lib/python3.7/site-packages/airflow/example_dags/example_complex.py took 0.051 seconds
[2022-08-06 01:50:19,037] {processor.py:153} INFO - Started process (PID=2609) to work on /home/airflow/.local/lib/python3.7/site-packages/airflow/example_dags/example_complex.py
[2022-08-06 01:50:19,042] {processor.py:641} INFO - Processing file /home/airflow/.local/lib/python3.7/site-packages/airflow/example_dags/example_complex.py for tasks to queue
[2022-08-06 01:50:19,045] {logging_mixin.py:115} INFO - [2022-08-06 01:50:19,045] {dagbag.py:507} INFO - Filling up the DagBag from /home/airflow/.local/lib/python3.7/site-packages/airflow/example_dags/example_complex.py
[2022-08-06 01:50:19,063] {processor.py:651} INFO - DAG(s) dict_keys(['example_complex']) retrieved from /home/airflow/.local/lib/python3.7/site-packages/airflow/example_dags/example_complex.py
[2022-08-06 01:50:19,090] {logging_mixin.py:115} INFO - [2022-08-06 01:50:19,090] {dag.py:2371} INFO - Sync 1 DAGs
[2022-08-06 01:50:19,112] {logging_mixin.py:115} INFO - [2022-08-06 01:50:19,112] {dag.py:2919} INFO - Setting next_dagrun for example_complex to None, run_after=None
[2022-08-06 01:50:19,124] {processor.py:161} INFO - Processing /home/airflow/.local/lib/python3.7/site-packages/airflow/example_dags/example_complex.py took 0.092 seconds
[2022-08-06 01:50:49,668] {processor.py:153} INFO - Started process (PID=2662) to work on /home/airflow/.local/lib/python3.7/site-packages/airflow/example_dags/example_complex.py
[2022-08-06 01:50:49,670] {processor.py:641} INFO - Processing file /home/airflow/.local/lib/python3.7/site-packages/airflow/example_dags/example_complex.py for tasks to queue
[2022-08-06 01:50:49,672] {logging_mixin.py:115} INFO - [2022-08-06 01:50:49,672] {dagbag.py:507} INFO - Filling up the DagBag from /home/airflow/.local/lib/python3.7/site-packages/airflow/example_dags/example_complex.py
[2022-08-06 01:50:49,680] {processor.py:651} INFO - DAG(s) dict_keys(['example_complex']) retrieved from /home/airflow/.local/lib/python3.7/site-packages/airflow/example_dags/example_complex.py
[2022-08-06 01:50:49,699] {logging_mixin.py:115} INFO - [2022-08-06 01:50:49,699] {dag.py:2371} INFO - Sync 1 DAGs
[2022-08-06 01:50:49,712] {logging_mixin.py:115} INFO - [2022-08-06 01:50:49,712] {dag.py:2919} INFO - Setting next_dagrun for example_complex to None, run_after=None
[2022-08-06 01:50:49,720] {processor.py:161} INFO - Processing /home/airflow/.local/lib/python3.7/site-packages/airflow/example_dags/example_complex.py took 0.053 seconds
[2022-08-06 01:51:20,121] {processor.py:153} INFO - Started process (PID=2725) to work on /home/airflow/.local/lib/python3.7/site-packages/airflow/example_dags/example_complex.py
[2022-08-06 01:51:20,122] {processor.py:641} INFO - Processing file /home/airflow/.local/lib/python3.7/site-packages/airflow/example_dags/example_complex.py for tasks to queue
[2022-08-06 01:51:20,123] {logging_mixin.py:115} INFO - [2022-08-06 01:51:20,123] {dagbag.py:507} INFO - Filling up the DagBag from /home/airflow/.local/lib/python3.7/site-packages/airflow/example_dags/example_complex.py
[2022-08-06 01:51:20,131] {processor.py:651} INFO - DAG(s) dict_keys(['example_complex']) retrieved from /home/airflow/.local/lib/python3.7/site-packages/airflow/example_dags/example_complex.py
[2022-08-06 01:51:20,150] {logging_mixin.py:115} INFO - [2022-08-06 01:51:20,150] {dag.py:2371} INFO - Sync 1 DAGs
[2022-08-06 01:51:20,164] {logging_mixin.py:115} INFO - [2022-08-06 01:51:20,164] {dag.py:2919} INFO - Setting next_dagrun for example_complex to None, run_after=None
[2022-08-06 01:51:20,172] {processor.py:161} INFO - Processing /home/airflow/.local/lib/python3.7/site-packages/airflow/example_dags/example_complex.py took 0.054 seconds
[2022-08-06 01:51:50,694] {processor.py:153} INFO - Started process (PID=2787) to work on /home/airflow/.local/lib/python3.7/site-packages/airflow/example_dags/example_complex.py
[2022-08-06 01:51:50,696] {processor.py:641} INFO - Processing file /home/airflow/.local/lib/python3.7/site-packages/airflow/example_dags/example_complex.py for tasks to queue
[2022-08-06 01:51:50,697] {logging_mixin.py:115} INFO - [2022-08-06 01:51:50,697] {dagbag.py:507} INFO - Filling up the DagBag from /home/airflow/.local/lib/python3.7/site-packages/airflow/example_dags/example_complex.py
[2022-08-06 01:51:50,705] {processor.py:651} INFO - DAG(s) dict_keys(['example_complex']) retrieved from /home/airflow/.local/lib/python3.7/site-packages/airflow/example_dags/example_complex.py
[2022-08-06 01:51:50,725] {logging_mixin.py:115} INFO - [2022-08-06 01:51:50,724] {dag.py:2371} INFO - Sync 1 DAGs
[2022-08-06 01:51:50,738] {logging_mixin.py:115} INFO - [2022-08-06 01:51:50,738] {dag.py:2919} INFO - Setting next_dagrun for example_complex to None, run_after=None
[2022-08-06 01:51:50,747] {processor.py:161} INFO - Processing /home/airflow/.local/lib/python3.7/site-packages/airflow/example_dags/example_complex.py took 0.055 seconds
[2022-08-06 01:52:21,204] {processor.py:153} INFO - Started process (PID=2846) to work on /home/airflow/.local/lib/python3.7/site-packages/airflow/example_dags/example_complex.py
[2022-08-06 01:52:21,205] {processor.py:641} INFO - Processing file /home/airflow/.local/lib/python3.7/site-packages/airflow/example_dags/example_complex.py for tasks to queue
[2022-08-06 01:52:21,206] {logging_mixin.py:115} INFO - [2022-08-06 01:52:21,206] {dagbag.py:507} INFO - Filling up the DagBag from /home/airflow/.local/lib/python3.7/site-packages/airflow/example_dags/example_complex.py
[2022-08-06 01:52:21,214] {processor.py:651} INFO - DAG(s) dict_keys(['example_complex']) retrieved from /home/airflow/.local/lib/python3.7/site-packages/airflow/example_dags/example_complex.py
[2022-08-06 01:52:21,234] {logging_mixin.py:115} INFO - [2022-08-06 01:52:21,234] {dag.py:2371} INFO - Sync 1 DAGs
[2022-08-06 01:52:21,247] {logging_mixin.py:115} INFO - [2022-08-06 01:52:21,247] {dag.py:2919} INFO - Setting next_dagrun for example_complex to None, run_after=None
[2022-08-06 01:52:21,254] {processor.py:161} INFO - Processing /home/airflow/.local/lib/python3.7/site-packages/airflow/example_dags/example_complex.py took 0.052 seconds
[2022-08-06 01:52:51,825] {processor.py:153} INFO - Started process (PID=2909) to work on /home/airflow/.local/lib/python3.7/site-packages/airflow/example_dags/example_complex.py
[2022-08-06 01:52:51,826] {processor.py:641} INFO - Processing file /home/airflow/.local/lib/python3.7/site-packages/airflow/example_dags/example_complex.py for tasks to queue
[2022-08-06 01:52:51,827] {logging_mixin.py:115} INFO - [2022-08-06 01:52:51,827] {dagbag.py:507} INFO - Filling up the DagBag from /home/airflow/.local/lib/python3.7/site-packages/airflow/example_dags/example_complex.py
[2022-08-06 01:52:51,835] {processor.py:651} INFO - DAG(s) dict_keys(['example_complex']) retrieved from /home/airflow/.local/lib/python3.7/site-packages/airflow/example_dags/example_complex.py
[2022-08-06 01:52:51,854] {logging_mixin.py:115} INFO - [2022-08-06 01:52:51,854] {dag.py:2371} INFO - Sync 1 DAGs
[2022-08-06 01:52:51,867] {logging_mixin.py:115} INFO - [2022-08-06 01:52:51,867] {dag.py:2919} INFO - Setting next_dagrun for example_complex to None, run_after=None
[2022-08-06 01:52:51,879] {processor.py:161} INFO - Processing /home/airflow/.local/lib/python3.7/site-packages/airflow/example_dags/example_complex.py took 0.057 seconds
[2022-08-06 01:53:22,296] {processor.py:153} INFO - Started process (PID=2971) to work on /home/airflow/.local/lib/python3.7/site-packages/airflow/example_dags/example_complex.py
[2022-08-06 01:53:22,298] {processor.py:641} INFO - Processing file /home/airflow/.local/lib/python3.7/site-packages/airflow/example_dags/example_complex.py for tasks to queue
[2022-08-06 01:53:22,300] {logging_mixin.py:115} INFO - [2022-08-06 01:53:22,300] {dagbag.py:507} INFO - Filling up the DagBag from /home/airflow/.local/lib/python3.7/site-packages/airflow/example_dags/example_complex.py
[2022-08-06 01:53:22,313] {processor.py:651} INFO - DAG(s) dict_keys(['example_complex']) retrieved from /home/airflow/.local/lib/python3.7/site-packages/airflow/example_dags/example_complex.py
[2022-08-06 01:53:22,341] {logging_mixin.py:115} INFO - [2022-08-06 01:53:22,341] {dag.py:2371} INFO - Sync 1 DAGs
[2022-08-06 01:53:22,360] {logging_mixin.py:115} INFO - [2022-08-06 01:53:22,360] {dag.py:2919} INFO - Setting next_dagrun for example_complex to None, run_after=None
[2022-08-06 01:53:22,370] {processor.py:161} INFO - Processing /home/airflow/.local/lib/python3.7/site-packages/airflow/example_dags/example_complex.py took 0.076 seconds
[2022-08-06 01:53:53,041] {processor.py:153} INFO - Started process (PID=3024) to work on /home/airflow/.local/lib/python3.7/site-packages/airflow/example_dags/example_complex.py
[2022-08-06 01:53:53,042] {processor.py:641} INFO - Processing file /home/airflow/.local/lib/python3.7/site-packages/airflow/example_dags/example_complex.py for tasks to queue
[2022-08-06 01:53:53,043] {logging_mixin.py:115} INFO - [2022-08-06 01:53:53,043] {dagbag.py:507} INFO - Filling up the DagBag from /home/airflow/.local/lib/python3.7/site-packages/airflow/example_dags/example_complex.py
[2022-08-06 01:53:53,050] {processor.py:651} INFO - DAG(s) dict_keys(['example_complex']) retrieved from /home/airflow/.local/lib/python3.7/site-packages/airflow/example_dags/example_complex.py
[2022-08-06 01:53:53,067] {logging_mixin.py:115} INFO - [2022-08-06 01:53:53,067] {dag.py:2371} INFO - Sync 1 DAGs
[2022-08-06 01:53:53,078] {logging_mixin.py:115} INFO - [2022-08-06 01:53:53,078] {dag.py:2919} INFO - Setting next_dagrun for example_complex to None, run_after=None
[2022-08-06 01:53:53,086] {processor.py:161} INFO - Processing /home/airflow/.local/lib/python3.7/site-packages/airflow/example_dags/example_complex.py took 0.047 seconds
[2022-08-06 01:54:23,571] {processor.py:153} INFO - Started process (PID=3086) to work on /home/airflow/.local/lib/python3.7/site-packages/airflow/example_dags/example_complex.py
[2022-08-06 01:54:23,572] {processor.py:641} INFO - Processing file /home/airflow/.local/lib/python3.7/site-packages/airflow/example_dags/example_complex.py for tasks to queue
[2022-08-06 01:54:23,573] {logging_mixin.py:115} INFO - [2022-08-06 01:54:23,573] {dagbag.py:507} INFO - Filling up the DagBag from /home/airflow/.local/lib/python3.7/site-packages/airflow/example_dags/example_complex.py
[2022-08-06 01:54:23,581] {processor.py:651} INFO - DAG(s) dict_keys(['example_complex']) retrieved from /home/airflow/.local/lib/python3.7/site-packages/airflow/example_dags/example_complex.py
[2022-08-06 01:54:23,599] {logging_mixin.py:115} INFO - [2022-08-06 01:54:23,599] {dag.py:2371} INFO - Sync 1 DAGs
[2022-08-06 01:54:23,611] {logging_mixin.py:115} INFO - [2022-08-06 01:54:23,611] {dag.py:2919} INFO - Setting next_dagrun for example_complex to None, run_after=None
[2022-08-06 01:54:23,617] {processor.py:161} INFO - Processing /home/airflow/.local/lib/python3.7/site-packages/airflow/example_dags/example_complex.py took 0.049 seconds
