[2022-08-06 00:01:55,013] {processor.py:153} INFO - Started process (PID=3440) to work on /home/airflow/.local/lib/python3.7/site-packages/airflow/example_dags/example_bash_operator.py
[2022-08-06 00:01:55,014] {processor.py:641} INFO - Processing file /home/airflow/.local/lib/python3.7/site-packages/airflow/example_dags/example_bash_operator.py for tasks to queue
[2022-08-06 00:01:55,015] {logging_mixin.py:115} INFO - [2022-08-06 00:01:55,015] {dagbag.py:507} INFO - Filling up the DagBag from /home/airflow/.local/lib/python3.7/site-packages/airflow/example_dags/example_bash_operator.py
[2022-08-06 00:01:55,023] {processor.py:651} INFO - DAG(s) dict_keys(['example_bash_operator']) retrieved from /home/airflow/.local/lib/python3.7/site-packages/airflow/example_dags/example_bash_operator.py
[2022-08-06 00:01:55,039] {logging_mixin.py:115} INFO - [2022-08-06 00:01:55,039] {dag.py:2371} INFO - Sync 1 DAGs
[2022-08-06 00:01:55,052] {logging_mixin.py:115} INFO - [2022-08-06 00:01:55,052] {dag.py:2919} INFO - Setting next_dagrun for example_bash_operator to 2022-08-05T00:00:00+00:00, run_after=2022-08-06T00:00:00+00:00
[2022-08-06 00:01:55,060] {processor.py:161} INFO - Processing /home/airflow/.local/lib/python3.7/site-packages/airflow/example_dags/example_bash_operator.py took 0.048 seconds
[2022-08-06 00:02:25,338] {processor.py:153} INFO - Started process (PID=3501) to work on /home/airflow/.local/lib/python3.7/site-packages/airflow/example_dags/example_bash_operator.py
[2022-08-06 00:02:25,339] {processor.py:641} INFO - Processing file /home/airflow/.local/lib/python3.7/site-packages/airflow/example_dags/example_bash_operator.py for tasks to queue
[2022-08-06 00:02:25,340] {logging_mixin.py:115} INFO - [2022-08-06 00:02:25,340] {dagbag.py:507} INFO - Filling up the DagBag from /home/airflow/.local/lib/python3.7/site-packages/airflow/example_dags/example_bash_operator.py
[2022-08-06 00:02:25,347] {processor.py:651} INFO - DAG(s) dict_keys(['example_bash_operator']) retrieved from /home/airflow/.local/lib/python3.7/site-packages/airflow/example_dags/example_bash_operator.py
[2022-08-06 00:02:25,363] {logging_mixin.py:115} INFO - [2022-08-06 00:02:25,363] {dag.py:2371} INFO - Sync 1 DAGs
[2022-08-06 00:02:25,379] {logging_mixin.py:115} INFO - [2022-08-06 00:02:25,379] {dag.py:2919} INFO - Setting next_dagrun for example_bash_operator to 2022-08-05T00:00:00+00:00, run_after=2022-08-06T00:00:00+00:00
[2022-08-06 00:02:25,388] {processor.py:161} INFO - Processing /home/airflow/.local/lib/python3.7/site-packages/airflow/example_dags/example_bash_operator.py took 0.052 seconds
[2022-08-06 00:02:55,832] {processor.py:153} INFO - Started process (PID=3562) to work on /home/airflow/.local/lib/python3.7/site-packages/airflow/example_dags/example_bash_operator.py
[2022-08-06 00:02:55,833] {processor.py:641} INFO - Processing file /home/airflow/.local/lib/python3.7/site-packages/airflow/example_dags/example_bash_operator.py for tasks to queue
[2022-08-06 00:02:55,834] {logging_mixin.py:115} INFO - [2022-08-06 00:02:55,834] {dagbag.py:507} INFO - Filling up the DagBag from /home/airflow/.local/lib/python3.7/site-packages/airflow/example_dags/example_bash_operator.py
[2022-08-06 00:02:55,841] {processor.py:651} INFO - DAG(s) dict_keys(['example_bash_operator']) retrieved from /home/airflow/.local/lib/python3.7/site-packages/airflow/example_dags/example_bash_operator.py
[2022-08-06 00:02:55,856] {logging_mixin.py:115} INFO - [2022-08-06 00:02:55,856] {dag.py:2371} INFO - Sync 1 DAGs
[2022-08-06 00:02:55,868] {logging_mixin.py:115} INFO - [2022-08-06 00:02:55,868] {dag.py:2919} INFO - Setting next_dagrun for example_bash_operator to 2022-08-05T00:00:00+00:00, run_after=2022-08-06T00:00:00+00:00
[2022-08-06 00:02:55,876] {processor.py:161} INFO - Processing /home/airflow/.local/lib/python3.7/site-packages/airflow/example_dags/example_bash_operator.py took 0.046 seconds
[2022-08-06 00:03:26,315] {processor.py:153} INFO - Started process (PID=3625) to work on /home/airflow/.local/lib/python3.7/site-packages/airflow/example_dags/example_bash_operator.py
[2022-08-06 00:03:26,317] {processor.py:641} INFO - Processing file /home/airflow/.local/lib/python3.7/site-packages/airflow/example_dags/example_bash_operator.py for tasks to queue
[2022-08-06 00:03:26,319] {logging_mixin.py:115} INFO - [2022-08-06 00:03:26,319] {dagbag.py:507} INFO - Filling up the DagBag from /home/airflow/.local/lib/python3.7/site-packages/airflow/example_dags/example_bash_operator.py
[2022-08-06 00:03:26,327] {processor.py:651} INFO - DAG(s) dict_keys(['example_bash_operator']) retrieved from /home/airflow/.local/lib/python3.7/site-packages/airflow/example_dags/example_bash_operator.py
[2022-08-06 00:03:26,343] {logging_mixin.py:115} INFO - [2022-08-06 00:03:26,343] {dag.py:2371} INFO - Sync 1 DAGs
[2022-08-06 00:03:26,357] {logging_mixin.py:115} INFO - [2022-08-06 00:03:26,357] {dag.py:2919} INFO - Setting next_dagrun for example_bash_operator to 2022-08-05T00:00:00+00:00, run_after=2022-08-06T00:00:00+00:00
[2022-08-06 00:03:26,364] {processor.py:161} INFO - Processing /home/airflow/.local/lib/python3.7/site-packages/airflow/example_dags/example_bash_operator.py took 0.051 seconds
[2022-08-06 00:03:56,780] {processor.py:153} INFO - Started process (PID=3687) to work on /home/airflow/.local/lib/python3.7/site-packages/airflow/example_dags/example_bash_operator.py
[2022-08-06 00:03:56,781] {processor.py:641} INFO - Processing file /home/airflow/.local/lib/python3.7/site-packages/airflow/example_dags/example_bash_operator.py for tasks to queue
[2022-08-06 00:03:56,782] {logging_mixin.py:115} INFO - [2022-08-06 00:03:56,782] {dagbag.py:507} INFO - Filling up the DagBag from /home/airflow/.local/lib/python3.7/site-packages/airflow/example_dags/example_bash_operator.py
[2022-08-06 00:03:56,790] {processor.py:651} INFO - DAG(s) dict_keys(['example_bash_operator']) retrieved from /home/airflow/.local/lib/python3.7/site-packages/airflow/example_dags/example_bash_operator.py
[2022-08-06 00:03:56,806] {logging_mixin.py:115} INFO - [2022-08-06 00:03:56,806] {dag.py:2371} INFO - Sync 1 DAGs
[2022-08-06 00:03:56,821] {logging_mixin.py:115} INFO - [2022-08-06 00:03:56,821] {dag.py:2919} INFO - Setting next_dagrun for example_bash_operator to 2022-08-05T00:00:00+00:00, run_after=2022-08-06T00:00:00+00:00
[2022-08-06 00:03:56,830] {processor.py:161} INFO - Processing /home/airflow/.local/lib/python3.7/site-packages/airflow/example_dags/example_bash_operator.py took 0.052 seconds
[2022-08-06 00:04:26,979] {processor.py:153} INFO - Started process (PID=3740) to work on /home/airflow/.local/lib/python3.7/site-packages/airflow/example_dags/example_bash_operator.py
[2022-08-06 00:04:26,980] {processor.py:641} INFO - Processing file /home/airflow/.local/lib/python3.7/site-packages/airflow/example_dags/example_bash_operator.py for tasks to queue
[2022-08-06 00:04:26,982] {logging_mixin.py:115} INFO - [2022-08-06 00:04:26,981] {dagbag.py:507} INFO - Filling up the DagBag from /home/airflow/.local/lib/python3.7/site-packages/airflow/example_dags/example_bash_operator.py
[2022-08-06 00:04:26,988] {processor.py:651} INFO - DAG(s) dict_keys(['example_bash_operator']) retrieved from /home/airflow/.local/lib/python3.7/site-packages/airflow/example_dags/example_bash_operator.py
[2022-08-06 00:04:27,002] {logging_mixin.py:115} INFO - [2022-08-06 00:04:27,002] {dag.py:2371} INFO - Sync 1 DAGs
[2022-08-06 00:04:27,014] {logging_mixin.py:115} INFO - [2022-08-06 00:04:27,014] {dag.py:2919} INFO - Setting next_dagrun for example_bash_operator to 2022-08-05T00:00:00+00:00, run_after=2022-08-06T00:00:00+00:00
[2022-08-06 00:04:27,020] {processor.py:161} INFO - Processing /home/airflow/.local/lib/python3.7/site-packages/airflow/example_dags/example_bash_operator.py took 0.043 seconds
[2022-08-06 00:04:57,911] {processor.py:153} INFO - Started process (PID=3802) to work on /home/airflow/.local/lib/python3.7/site-packages/airflow/example_dags/example_bash_operator.py
[2022-08-06 00:04:57,912] {processor.py:641} INFO - Processing file /home/airflow/.local/lib/python3.7/site-packages/airflow/example_dags/example_bash_operator.py for tasks to queue
[2022-08-06 00:04:57,914] {logging_mixin.py:115} INFO - [2022-08-06 00:04:57,914] {dagbag.py:507} INFO - Filling up the DagBag from /home/airflow/.local/lib/python3.7/site-packages/airflow/example_dags/example_bash_operator.py
[2022-08-06 00:04:57,922] {processor.py:651} INFO - DAG(s) dict_keys(['example_bash_operator']) retrieved from /home/airflow/.local/lib/python3.7/site-packages/airflow/example_dags/example_bash_operator.py
[2022-08-06 00:04:57,938] {logging_mixin.py:115} INFO - [2022-08-06 00:04:57,938] {dag.py:2371} INFO - Sync 1 DAGs
[2022-08-06 00:04:57,953] {logging_mixin.py:115} INFO - [2022-08-06 00:04:57,953] {dag.py:2919} INFO - Setting next_dagrun for example_bash_operator to 2022-08-05T00:00:00+00:00, run_after=2022-08-06T00:00:00+00:00
[2022-08-06 00:04:57,960] {processor.py:161} INFO - Processing /home/airflow/.local/lib/python3.7/site-packages/airflow/example_dags/example_bash_operator.py took 0.051 seconds
[2022-08-06 00:07:14,729] {processor.py:153} INFO - Started process (PID=43) to work on /home/airflow/.local/lib/python3.7/site-packages/airflow/example_dags/example_bash_operator.py
[2022-08-06 00:07:14,732] {processor.py:641} INFO - Processing file /home/airflow/.local/lib/python3.7/site-packages/airflow/example_dags/example_bash_operator.py for tasks to queue
[2022-08-06 00:07:14,735] {logging_mixin.py:115} INFO - [2022-08-06 00:07:14,735] {dagbag.py:507} INFO - Filling up the DagBag from /home/airflow/.local/lib/python3.7/site-packages/airflow/example_dags/example_bash_operator.py
[2022-08-06 00:07:14,760] {processor.py:651} INFO - DAG(s) dict_keys(['example_bash_operator']) retrieved from /home/airflow/.local/lib/python3.7/site-packages/airflow/example_dags/example_bash_operator.py
[2022-08-06 00:07:14,798] {logging_mixin.py:115} INFO - [2022-08-06 00:07:14,798] {dag.py:2371} INFO - Sync 1 DAGs
[2022-08-06 00:07:15,005] {logging_mixin.py:115} INFO - [2022-08-06 00:07:15,005] {dag.py:2919} INFO - Setting next_dagrun for example_bash_operator to 2022-08-05T00:00:00+00:00, run_after=2022-08-06T00:00:00+00:00
[2022-08-06 00:07:15,023] {processor.py:161} INFO - Processing /home/airflow/.local/lib/python3.7/site-packages/airflow/example_dags/example_bash_operator.py took 0.311 seconds
[2022-08-06 00:07:45,738] {processor.py:153} INFO - Started process (PID=105) to work on /home/airflow/.local/lib/python3.7/site-packages/airflow/example_dags/example_bash_operator.py
[2022-08-06 00:07:45,740] {processor.py:641} INFO - Processing file /home/airflow/.local/lib/python3.7/site-packages/airflow/example_dags/example_bash_operator.py for tasks to queue
[2022-08-06 00:07:45,741] {logging_mixin.py:115} INFO - [2022-08-06 00:07:45,741] {dagbag.py:507} INFO - Filling up the DagBag from /home/airflow/.local/lib/python3.7/site-packages/airflow/example_dags/example_bash_operator.py
[2022-08-06 00:07:45,748] {processor.py:651} INFO - DAG(s) dict_keys(['example_bash_operator']) retrieved from /home/airflow/.local/lib/python3.7/site-packages/airflow/example_dags/example_bash_operator.py
[2022-08-06 00:07:45,765] {logging_mixin.py:115} INFO - [2022-08-06 00:07:45,765] {dag.py:2371} INFO - Sync 1 DAGs
[2022-08-06 00:07:45,856] {logging_mixin.py:115} INFO - [2022-08-06 00:07:45,856] {dag.py:2919} INFO - Setting next_dagrun for example_bash_operator to 2022-08-05T00:00:00+00:00, run_after=2022-08-06T00:00:00+00:00
[2022-08-06 00:07:45,863] {processor.py:161} INFO - Processing /home/airflow/.local/lib/python3.7/site-packages/airflow/example_dags/example_bash_operator.py took 0.127 seconds
[2022-08-06 00:08:16,871] {processor.py:153} INFO - Started process (PID=166) to work on /home/airflow/.local/lib/python3.7/site-packages/airflow/example_dags/example_bash_operator.py
[2022-08-06 00:08:16,873] {processor.py:641} INFO - Processing file /home/airflow/.local/lib/python3.7/site-packages/airflow/example_dags/example_bash_operator.py for tasks to queue
[2022-08-06 00:08:16,874] {logging_mixin.py:115} INFO - [2022-08-06 00:08:16,874] {dagbag.py:507} INFO - Filling up the DagBag from /home/airflow/.local/lib/python3.7/site-packages/airflow/example_dags/example_bash_operator.py
[2022-08-06 00:08:16,883] {processor.py:651} INFO - DAG(s) dict_keys(['example_bash_operator']) retrieved from /home/airflow/.local/lib/python3.7/site-packages/airflow/example_dags/example_bash_operator.py
[2022-08-06 00:08:16,900] {logging_mixin.py:115} INFO - [2022-08-06 00:08:16,900] {dag.py:2371} INFO - Sync 1 DAGs
[2022-08-06 00:08:16,987] {logging_mixin.py:115} INFO - [2022-08-06 00:08:16,987] {dag.py:2919} INFO - Setting next_dagrun for example_bash_operator to 2022-08-05T00:00:00+00:00, run_after=2022-08-06T00:00:00+00:00
[2022-08-06 00:08:16,994] {processor.py:161} INFO - Processing /home/airflow/.local/lib/python3.7/site-packages/airflow/example_dags/example_bash_operator.py took 0.125 seconds
[2022-08-06 00:08:47,410] {processor.py:153} INFO - Started process (PID=228) to work on /home/airflow/.local/lib/python3.7/site-packages/airflow/example_dags/example_bash_operator.py
[2022-08-06 00:08:47,411] {processor.py:641} INFO - Processing file /home/airflow/.local/lib/python3.7/site-packages/airflow/example_dags/example_bash_operator.py for tasks to queue
[2022-08-06 00:08:47,413] {logging_mixin.py:115} INFO - [2022-08-06 00:08:47,412] {dagbag.py:507} INFO - Filling up the DagBag from /home/airflow/.local/lib/python3.7/site-packages/airflow/example_dags/example_bash_operator.py
[2022-08-06 00:08:47,422] {processor.py:651} INFO - DAG(s) dict_keys(['example_bash_operator']) retrieved from /home/airflow/.local/lib/python3.7/site-packages/airflow/example_dags/example_bash_operator.py
[2022-08-06 00:08:47,441] {logging_mixin.py:115} INFO - [2022-08-06 00:08:47,441] {dag.py:2371} INFO - Sync 1 DAGs
[2022-08-06 00:08:47,531] {logging_mixin.py:115} INFO - [2022-08-06 00:08:47,531] {dag.py:2919} INFO - Setting next_dagrun for example_bash_operator to 2022-08-05T00:00:00+00:00, run_after=2022-08-06T00:00:00+00:00
[2022-08-06 00:08:47,538] {processor.py:161} INFO - Processing /home/airflow/.local/lib/python3.7/site-packages/airflow/example_dags/example_bash_operator.py took 0.130 seconds
[2022-08-06 00:09:18,087] {processor.py:153} INFO - Started process (PID=290) to work on /home/airflow/.local/lib/python3.7/site-packages/airflow/example_dags/example_bash_operator.py
[2022-08-06 00:09:18,089] {processor.py:641} INFO - Processing file /home/airflow/.local/lib/python3.7/site-packages/airflow/example_dags/example_bash_operator.py for tasks to queue
[2022-08-06 00:09:18,090] {logging_mixin.py:115} INFO - [2022-08-06 00:09:18,090] {dagbag.py:507} INFO - Filling up the DagBag from /home/airflow/.local/lib/python3.7/site-packages/airflow/example_dags/example_bash_operator.py
[2022-08-06 00:09:18,099] {processor.py:651} INFO - DAG(s) dict_keys(['example_bash_operator']) retrieved from /home/airflow/.local/lib/python3.7/site-packages/airflow/example_dags/example_bash_operator.py
[2022-08-06 00:09:18,119] {logging_mixin.py:115} INFO - [2022-08-06 00:09:18,119] {dag.py:2371} INFO - Sync 1 DAGs
[2022-08-06 00:09:18,252] {logging_mixin.py:115} INFO - [2022-08-06 00:09:18,252] {dag.py:2919} INFO - Setting next_dagrun for example_bash_operator to 2022-08-05T00:00:00+00:00, run_after=2022-08-06T00:00:00+00:00
[2022-08-06 00:09:18,260] {processor.py:161} INFO - Processing /home/airflow/.local/lib/python3.7/site-packages/airflow/example_dags/example_bash_operator.py took 0.175 seconds
[2022-08-06 00:09:48,771] {processor.py:153} INFO - Started process (PID=352) to work on /home/airflow/.local/lib/python3.7/site-packages/airflow/example_dags/example_bash_operator.py
[2022-08-06 00:09:48,773] {processor.py:641} INFO - Processing file /home/airflow/.local/lib/python3.7/site-packages/airflow/example_dags/example_bash_operator.py for tasks to queue
[2022-08-06 00:09:48,774] {logging_mixin.py:115} INFO - [2022-08-06 00:09:48,774] {dagbag.py:507} INFO - Filling up the DagBag from /home/airflow/.local/lib/python3.7/site-packages/airflow/example_dags/example_bash_operator.py
[2022-08-06 00:09:48,781] {processor.py:651} INFO - DAG(s) dict_keys(['example_bash_operator']) retrieved from /home/airflow/.local/lib/python3.7/site-packages/airflow/example_dags/example_bash_operator.py
[2022-08-06 00:09:48,800] {logging_mixin.py:115} INFO - [2022-08-06 00:09:48,800] {dag.py:2371} INFO - Sync 1 DAGs
[2022-08-06 00:09:48,897] {logging_mixin.py:115} INFO - [2022-08-06 00:09:48,897] {dag.py:2919} INFO - Setting next_dagrun for example_bash_operator to 2022-08-05T00:00:00+00:00, run_after=2022-08-06T00:00:00+00:00
[2022-08-06 00:09:48,905] {processor.py:161} INFO - Processing /home/airflow/.local/lib/python3.7/site-packages/airflow/example_dags/example_bash_operator.py took 0.136 seconds
[2022-08-06 00:10:19,397] {processor.py:153} INFO - Started process (PID=406) to work on /home/airflow/.local/lib/python3.7/site-packages/airflow/example_dags/example_bash_operator.py
[2022-08-06 00:10:19,399] {processor.py:641} INFO - Processing file /home/airflow/.local/lib/python3.7/site-packages/airflow/example_dags/example_bash_operator.py for tasks to queue
[2022-08-06 00:10:19,401] {logging_mixin.py:115} INFO - [2022-08-06 00:10:19,400] {dagbag.py:507} INFO - Filling up the DagBag from /home/airflow/.local/lib/python3.7/site-packages/airflow/example_dags/example_bash_operator.py
[2022-08-06 00:10:19,422] {processor.py:651} INFO - DAG(s) dict_keys(['example_bash_operator']) retrieved from /home/airflow/.local/lib/python3.7/site-packages/airflow/example_dags/example_bash_operator.py
[2022-08-06 00:10:19,443] {logging_mixin.py:115} INFO - [2022-08-06 00:10:19,443] {dag.py:2371} INFO - Sync 1 DAGs
[2022-08-06 00:10:19,550] {logging_mixin.py:115} INFO - [2022-08-06 00:10:19,550] {dag.py:2919} INFO - Setting next_dagrun for example_bash_operator to 2022-08-05T00:00:00+00:00, run_after=2022-08-06T00:00:00+00:00
[2022-08-06 00:10:19,561] {processor.py:161} INFO - Processing /home/airflow/.local/lib/python3.7/site-packages/airflow/example_dags/example_bash_operator.py took 0.170 seconds
[2022-08-06 00:10:50,301] {processor.py:153} INFO - Started process (PID=467) to work on /home/airflow/.local/lib/python3.7/site-packages/airflow/example_dags/example_bash_operator.py
[2022-08-06 00:10:50,302] {processor.py:641} INFO - Processing file /home/airflow/.local/lib/python3.7/site-packages/airflow/example_dags/example_bash_operator.py for tasks to queue
[2022-08-06 00:10:50,303] {logging_mixin.py:115} INFO - [2022-08-06 00:10:50,303] {dagbag.py:507} INFO - Filling up the DagBag from /home/airflow/.local/lib/python3.7/site-packages/airflow/example_dags/example_bash_operator.py
[2022-08-06 00:10:50,311] {processor.py:651} INFO - DAG(s) dict_keys(['example_bash_operator']) retrieved from /home/airflow/.local/lib/python3.7/site-packages/airflow/example_dags/example_bash_operator.py
[2022-08-06 00:10:50,330] {logging_mixin.py:115} INFO - [2022-08-06 00:10:50,330] {dag.py:2371} INFO - Sync 1 DAGs
[2022-08-06 00:10:50,426] {logging_mixin.py:115} INFO - [2022-08-06 00:10:50,425] {dag.py:2919} INFO - Setting next_dagrun for example_bash_operator to 2022-08-05T00:00:00+00:00, run_after=2022-08-06T00:00:00+00:00
[2022-08-06 00:10:50,433] {processor.py:161} INFO - Processing /home/airflow/.local/lib/python3.7/site-packages/airflow/example_dags/example_bash_operator.py took 0.134 seconds
[2022-08-06 00:11:21,166] {processor.py:153} INFO - Started process (PID=528) to work on /home/airflow/.local/lib/python3.7/site-packages/airflow/example_dags/example_bash_operator.py
[2022-08-06 00:11:21,167] {processor.py:641} INFO - Processing file /home/airflow/.local/lib/python3.7/site-packages/airflow/example_dags/example_bash_operator.py for tasks to queue
[2022-08-06 00:11:21,168] {logging_mixin.py:115} INFO - [2022-08-06 00:11:21,168] {dagbag.py:507} INFO - Filling up the DagBag from /home/airflow/.local/lib/python3.7/site-packages/airflow/example_dags/example_bash_operator.py
[2022-08-06 00:11:21,175] {processor.py:651} INFO - DAG(s) dict_keys(['example_bash_operator']) retrieved from /home/airflow/.local/lib/python3.7/site-packages/airflow/example_dags/example_bash_operator.py
[2022-08-06 00:11:21,192] {logging_mixin.py:115} INFO - [2022-08-06 00:11:21,192] {dag.py:2371} INFO - Sync 1 DAGs
[2022-08-06 00:11:21,322] {logging_mixin.py:115} INFO - [2022-08-06 00:11:21,322] {dag.py:2919} INFO - Setting next_dagrun for example_bash_operator to 2022-08-05T00:00:00+00:00, run_after=2022-08-06T00:00:00+00:00
[2022-08-06 00:11:21,333] {processor.py:161} INFO - Processing /home/airflow/.local/lib/python3.7/site-packages/airflow/example_dags/example_bash_operator.py took 0.169 seconds
[2022-08-06 00:11:51,859] {processor.py:153} INFO - Started process (PID=590) to work on /home/airflow/.local/lib/python3.7/site-packages/airflow/example_dags/example_bash_operator.py
[2022-08-06 00:11:51,860] {processor.py:641} INFO - Processing file /home/airflow/.local/lib/python3.7/site-packages/airflow/example_dags/example_bash_operator.py for tasks to queue
[2022-08-06 00:11:51,861] {logging_mixin.py:115} INFO - [2022-08-06 00:11:51,861] {dagbag.py:507} INFO - Filling up the DagBag from /home/airflow/.local/lib/python3.7/site-packages/airflow/example_dags/example_bash_operator.py
[2022-08-06 00:11:51,868] {processor.py:651} INFO - DAG(s) dict_keys(['example_bash_operator']) retrieved from /home/airflow/.local/lib/python3.7/site-packages/airflow/example_dags/example_bash_operator.py
[2022-08-06 00:11:51,884] {logging_mixin.py:115} INFO - [2022-08-06 00:11:51,884] {dag.py:2371} INFO - Sync 1 DAGs
[2022-08-06 00:11:51,973] {logging_mixin.py:115} INFO - [2022-08-06 00:11:51,973] {dag.py:2919} INFO - Setting next_dagrun for example_bash_operator to 2022-08-05T00:00:00+00:00, run_after=2022-08-06T00:00:00+00:00
[2022-08-06 00:11:51,981] {processor.py:161} INFO - Processing /home/airflow/.local/lib/python3.7/site-packages/airflow/example_dags/example_bash_operator.py took 0.125 seconds
[2022-08-06 00:12:22,334] {processor.py:153} INFO - Started process (PID=652) to work on /home/airflow/.local/lib/python3.7/site-packages/airflow/example_dags/example_bash_operator.py
[2022-08-06 00:12:22,336] {processor.py:641} INFO - Processing file /home/airflow/.local/lib/python3.7/site-packages/airflow/example_dags/example_bash_operator.py for tasks to queue
[2022-08-06 00:12:22,337] {logging_mixin.py:115} INFO - [2022-08-06 00:12:22,337] {dagbag.py:507} INFO - Filling up the DagBag from /home/airflow/.local/lib/python3.7/site-packages/airflow/example_dags/example_bash_operator.py
[2022-08-06 00:12:22,348] {processor.py:651} INFO - DAG(s) dict_keys(['example_bash_operator']) retrieved from /home/airflow/.local/lib/python3.7/site-packages/airflow/example_dags/example_bash_operator.py
[2022-08-06 00:12:22,372] {logging_mixin.py:115} INFO - [2022-08-06 00:12:22,372] {dag.py:2371} INFO - Sync 1 DAGs
[2022-08-06 00:12:22,500] {logging_mixin.py:115} INFO - [2022-08-06 00:12:22,500] {dag.py:2919} INFO - Setting next_dagrun for example_bash_operator to 2022-08-05T00:00:00+00:00, run_after=2022-08-06T00:00:00+00:00
[2022-08-06 00:12:22,506] {processor.py:161} INFO - Processing /home/airflow/.local/lib/python3.7/site-packages/airflow/example_dags/example_bash_operator.py took 0.175 seconds
[2022-08-06 00:12:53,439] {processor.py:153} INFO - Started process (PID=715) to work on /home/airflow/.local/lib/python3.7/site-packages/airflow/example_dags/example_bash_operator.py
[2022-08-06 00:12:53,440] {processor.py:641} INFO - Processing file /home/airflow/.local/lib/python3.7/site-packages/airflow/example_dags/example_bash_operator.py for tasks to queue
[2022-08-06 00:12:53,441] {logging_mixin.py:115} INFO - [2022-08-06 00:12:53,441] {dagbag.py:507} INFO - Filling up the DagBag from /home/airflow/.local/lib/python3.7/site-packages/airflow/example_dags/example_bash_operator.py
[2022-08-06 00:12:53,448] {processor.py:651} INFO - DAG(s) dict_keys(['example_bash_operator']) retrieved from /home/airflow/.local/lib/python3.7/site-packages/airflow/example_dags/example_bash_operator.py
[2022-08-06 00:12:53,464] {logging_mixin.py:115} INFO - [2022-08-06 00:12:53,464] {dag.py:2371} INFO - Sync 1 DAGs
[2022-08-06 00:12:53,550] {logging_mixin.py:115} INFO - [2022-08-06 00:12:53,550] {dag.py:2919} INFO - Setting next_dagrun for example_bash_operator to 2022-08-05T00:00:00+00:00, run_after=2022-08-06T00:00:00+00:00
[2022-08-06 00:12:53,558] {processor.py:161} INFO - Processing /home/airflow/.local/lib/python3.7/site-packages/airflow/example_dags/example_bash_operator.py took 0.121 seconds
[2022-08-06 00:13:24,407] {processor.py:153} INFO - Started process (PID=777) to work on /home/airflow/.local/lib/python3.7/site-packages/airflow/example_dags/example_bash_operator.py
[2022-08-06 00:13:24,409] {processor.py:641} INFO - Processing file /home/airflow/.local/lib/python3.7/site-packages/airflow/example_dags/example_bash_operator.py for tasks to queue
[2022-08-06 00:13:24,410] {logging_mixin.py:115} INFO - [2022-08-06 00:13:24,409] {dagbag.py:507} INFO - Filling up the DagBag from /home/airflow/.local/lib/python3.7/site-packages/airflow/example_dags/example_bash_operator.py
[2022-08-06 00:13:24,417] {processor.py:651} INFO - DAG(s) dict_keys(['example_bash_operator']) retrieved from /home/airflow/.local/lib/python3.7/site-packages/airflow/example_dags/example_bash_operator.py
[2022-08-06 00:13:24,435] {logging_mixin.py:115} INFO - [2022-08-06 00:13:24,435] {dag.py:2371} INFO - Sync 1 DAGs
[2022-08-06 00:13:24,522] {logging_mixin.py:115} INFO - [2022-08-06 00:13:24,522] {dag.py:2919} INFO - Setting next_dagrun for example_bash_operator to 2022-08-05T00:00:00+00:00, run_after=2022-08-06T00:00:00+00:00
[2022-08-06 00:13:24,528] {processor.py:161} INFO - Processing /home/airflow/.local/lib/python3.7/site-packages/airflow/example_dags/example_bash_operator.py took 0.123 seconds
[2022-08-06 00:13:55,345] {processor.py:153} INFO - Started process (PID=830) to work on /home/airflow/.local/lib/python3.7/site-packages/airflow/example_dags/example_bash_operator.py
[2022-08-06 00:13:55,346] {processor.py:641} INFO - Processing file /home/airflow/.local/lib/python3.7/site-packages/airflow/example_dags/example_bash_operator.py for tasks to queue
[2022-08-06 00:13:55,347] {logging_mixin.py:115} INFO - [2022-08-06 00:13:55,347] {dagbag.py:507} INFO - Filling up the DagBag from /home/airflow/.local/lib/python3.7/site-packages/airflow/example_dags/example_bash_operator.py
[2022-08-06 00:13:55,354] {processor.py:651} INFO - DAG(s) dict_keys(['example_bash_operator']) retrieved from /home/airflow/.local/lib/python3.7/site-packages/airflow/example_dags/example_bash_operator.py
[2022-08-06 00:13:55,370] {logging_mixin.py:115} INFO - [2022-08-06 00:13:55,370] {dag.py:2371} INFO - Sync 1 DAGs
[2022-08-06 00:13:55,469] {logging_mixin.py:115} INFO - [2022-08-06 00:13:55,469] {dag.py:2919} INFO - Setting next_dagrun for example_bash_operator to 2022-08-05T00:00:00+00:00, run_after=2022-08-06T00:00:00+00:00
[2022-08-06 00:13:55,478] {processor.py:161} INFO - Processing /home/airflow/.local/lib/python3.7/site-packages/airflow/example_dags/example_bash_operator.py took 0.135 seconds
[2022-08-06 00:14:26,131] {processor.py:153} INFO - Started process (PID=892) to work on /home/airflow/.local/lib/python3.7/site-packages/airflow/example_dags/example_bash_operator.py
[2022-08-06 00:14:26,132] {processor.py:641} INFO - Processing file /home/airflow/.local/lib/python3.7/site-packages/airflow/example_dags/example_bash_operator.py for tasks to queue
[2022-08-06 00:14:26,133] {logging_mixin.py:115} INFO - [2022-08-06 00:14:26,133] {dagbag.py:507} INFO - Filling up the DagBag from /home/airflow/.local/lib/python3.7/site-packages/airflow/example_dags/example_bash_operator.py
[2022-08-06 00:14:26,140] {processor.py:651} INFO - DAG(s) dict_keys(['example_bash_operator']) retrieved from /home/airflow/.local/lib/python3.7/site-packages/airflow/example_dags/example_bash_operator.py
[2022-08-06 00:14:26,156] {logging_mixin.py:115} INFO - [2022-08-06 00:14:26,156] {dag.py:2371} INFO - Sync 1 DAGs
[2022-08-06 00:14:26,244] {logging_mixin.py:115} INFO - [2022-08-06 00:14:26,244] {dag.py:2919} INFO - Setting next_dagrun for example_bash_operator to 2022-08-05T00:00:00+00:00, run_after=2022-08-06T00:00:00+00:00
[2022-08-06 00:14:26,252] {processor.py:161} INFO - Processing /home/airflow/.local/lib/python3.7/site-packages/airflow/example_dags/example_bash_operator.py took 0.123 seconds
[2022-08-06 00:14:57,179] {processor.py:153} INFO - Started process (PID=954) to work on /home/airflow/.local/lib/python3.7/site-packages/airflow/example_dags/example_bash_operator.py
[2022-08-06 00:14:57,181] {processor.py:641} INFO - Processing file /home/airflow/.local/lib/python3.7/site-packages/airflow/example_dags/example_bash_operator.py for tasks to queue
[2022-08-06 00:14:57,181] {logging_mixin.py:115} INFO - [2022-08-06 00:14:57,181] {dagbag.py:507} INFO - Filling up the DagBag from /home/airflow/.local/lib/python3.7/site-packages/airflow/example_dags/example_bash_operator.py
[2022-08-06 00:14:57,189] {processor.py:651} INFO - DAG(s) dict_keys(['example_bash_operator']) retrieved from /home/airflow/.local/lib/python3.7/site-packages/airflow/example_dags/example_bash_operator.py
[2022-08-06 00:14:57,205] {logging_mixin.py:115} INFO - [2022-08-06 00:14:57,205] {dag.py:2371} INFO - Sync 1 DAGs
[2022-08-06 00:14:57,290] {logging_mixin.py:115} INFO - [2022-08-06 00:14:57,290] {dag.py:2919} INFO - Setting next_dagrun for example_bash_operator to 2022-08-05T00:00:00+00:00, run_after=2022-08-06T00:00:00+00:00
[2022-08-06 00:14:57,298] {processor.py:161} INFO - Processing /home/airflow/.local/lib/python3.7/site-packages/airflow/example_dags/example_bash_operator.py took 0.120 seconds
[2022-08-06 00:15:28,006] {processor.py:153} INFO - Started process (PID=1015) to work on /home/airflow/.local/lib/python3.7/site-packages/airflow/example_dags/example_bash_operator.py
[2022-08-06 00:15:28,007] {processor.py:641} INFO - Processing file /home/airflow/.local/lib/python3.7/site-packages/airflow/example_dags/example_bash_operator.py for tasks to queue
[2022-08-06 00:15:28,008] {logging_mixin.py:115} INFO - [2022-08-06 00:15:28,008] {dagbag.py:507} INFO - Filling up the DagBag from /home/airflow/.local/lib/python3.7/site-packages/airflow/example_dags/example_bash_operator.py
[2022-08-06 00:15:28,015] {processor.py:651} INFO - DAG(s) dict_keys(['example_bash_operator']) retrieved from /home/airflow/.local/lib/python3.7/site-packages/airflow/example_dags/example_bash_operator.py
[2022-08-06 00:15:28,031] {logging_mixin.py:115} INFO - [2022-08-06 00:15:28,031] {dag.py:2371} INFO - Sync 1 DAGs
[2022-08-06 00:15:28,116] {logging_mixin.py:115} INFO - [2022-08-06 00:15:28,116] {dag.py:2919} INFO - Setting next_dagrun for example_bash_operator to 2022-08-05T00:00:00+00:00, run_after=2022-08-06T00:00:00+00:00
[2022-08-06 00:15:28,124] {processor.py:161} INFO - Processing /home/airflow/.local/lib/python3.7/site-packages/airflow/example_dags/example_bash_operator.py took 0.120 seconds
[2022-08-06 00:15:58,764] {processor.py:153} INFO - Started process (PID=1077) to work on /home/airflow/.local/lib/python3.7/site-packages/airflow/example_dags/example_bash_operator.py
[2022-08-06 00:15:58,765] {processor.py:641} INFO - Processing file /home/airflow/.local/lib/python3.7/site-packages/airflow/example_dags/example_bash_operator.py for tasks to queue
[2022-08-06 00:15:58,766] {logging_mixin.py:115} INFO - [2022-08-06 00:15:58,766] {dagbag.py:507} INFO - Filling up the DagBag from /home/airflow/.local/lib/python3.7/site-packages/airflow/example_dags/example_bash_operator.py
[2022-08-06 00:15:58,773] {processor.py:651} INFO - DAG(s) dict_keys(['example_bash_operator']) retrieved from /home/airflow/.local/lib/python3.7/site-packages/airflow/example_dags/example_bash_operator.py
[2022-08-06 00:15:58,790] {logging_mixin.py:115} INFO - [2022-08-06 00:15:58,789] {dag.py:2371} INFO - Sync 1 DAGs
[2022-08-06 00:15:58,874] {logging_mixin.py:115} INFO - [2022-08-06 00:15:58,874] {dag.py:2919} INFO - Setting next_dagrun for example_bash_operator to 2022-08-05T00:00:00+00:00, run_after=2022-08-06T00:00:00+00:00
[2022-08-06 00:15:58,882] {processor.py:161} INFO - Processing /home/airflow/.local/lib/python3.7/site-packages/airflow/example_dags/example_bash_operator.py took 0.120 seconds
[2022-08-06 00:16:29,612] {processor.py:153} INFO - Started process (PID=1139) to work on /home/airflow/.local/lib/python3.7/site-packages/airflow/example_dags/example_bash_operator.py
[2022-08-06 00:16:29,614] {processor.py:641} INFO - Processing file /home/airflow/.local/lib/python3.7/site-packages/airflow/example_dags/example_bash_operator.py for tasks to queue
[2022-08-06 00:16:29,615] {logging_mixin.py:115} INFO - [2022-08-06 00:16:29,615] {dagbag.py:507} INFO - Filling up the DagBag from /home/airflow/.local/lib/python3.7/site-packages/airflow/example_dags/example_bash_operator.py
[2022-08-06 00:16:29,622] {processor.py:651} INFO - DAG(s) dict_keys(['example_bash_operator']) retrieved from /home/airflow/.local/lib/python3.7/site-packages/airflow/example_dags/example_bash_operator.py
[2022-08-06 00:16:29,639] {logging_mixin.py:115} INFO - [2022-08-06 00:16:29,638] {dag.py:2371} INFO - Sync 1 DAGs
[2022-08-06 00:16:29,725] {logging_mixin.py:115} INFO - [2022-08-06 00:16:29,725] {dag.py:2919} INFO - Setting next_dagrun for example_bash_operator to 2022-08-05T00:00:00+00:00, run_after=2022-08-06T00:00:00+00:00
[2022-08-06 00:16:29,731] {processor.py:161} INFO - Processing /home/airflow/.local/lib/python3.7/site-packages/airflow/example_dags/example_bash_operator.py took 0.121 seconds
[2022-08-06 00:34:32,004] {processor.py:153} INFO - Started process (PID=1193) to work on /home/airflow/.local/lib/python3.7/site-packages/airflow/example_dags/example_bash_operator.py
[2022-08-06 00:34:32,005] {processor.py:641} INFO - Processing file /home/airflow/.local/lib/python3.7/site-packages/airflow/example_dags/example_bash_operator.py for tasks to queue
[2022-08-06 00:34:32,007] {logging_mixin.py:115} INFO - [2022-08-06 00:34:32,007] {dagbag.py:507} INFO - Filling up the DagBag from /home/airflow/.local/lib/python3.7/site-packages/airflow/example_dags/example_bash_operator.py
[2022-08-06 00:34:32,015] {processor.py:651} INFO - DAG(s) dict_keys(['example_bash_operator']) retrieved from /home/airflow/.local/lib/python3.7/site-packages/airflow/example_dags/example_bash_operator.py
[2022-08-06 00:34:32,041] {logging_mixin.py:115} INFO - [2022-08-06 00:34:32,041] {dag.py:2371} INFO - Sync 1 DAGs
[2022-08-06 00:34:32,162] {logging_mixin.py:115} INFO - [2022-08-06 00:34:32,162] {dag.py:2919} INFO - Setting next_dagrun for example_bash_operator to 2022-08-05T00:00:00+00:00, run_after=2022-08-06T00:00:00+00:00
[2022-08-06 00:34:32,174] {processor.py:161} INFO - Processing /home/airflow/.local/lib/python3.7/site-packages/airflow/example_dags/example_bash_operator.py took 0.173 seconds
[2022-08-06 01:23:25,471] {processor.py:153} INFO - Started process (PID=1254) to work on /home/airflow/.local/lib/python3.7/site-packages/airflow/example_dags/example_bash_operator.py
[2022-08-06 01:23:25,473] {processor.py:641} INFO - Processing file /home/airflow/.local/lib/python3.7/site-packages/airflow/example_dags/example_bash_operator.py for tasks to queue
[2022-08-06 01:23:25,474] {logging_mixin.py:115} INFO - [2022-08-06 01:23:25,474] {dagbag.py:507} INFO - Filling up the DagBag from /home/airflow/.local/lib/python3.7/site-packages/airflow/example_dags/example_bash_operator.py
[2022-08-06 01:23:25,482] {processor.py:651} INFO - DAG(s) dict_keys(['example_bash_operator']) retrieved from /home/airflow/.local/lib/python3.7/site-packages/airflow/example_dags/example_bash_operator.py
[2022-08-06 01:23:25,609] {logging_mixin.py:115} INFO - [2022-08-06 01:23:25,609] {dag.py:2371} INFO - Sync 1 DAGs
[2022-08-06 01:23:25,621] {logging_mixin.py:115} INFO - [2022-08-06 01:23:25,621] {dag.py:2919} INFO - Setting next_dagrun for example_bash_operator to 2022-08-05T00:00:00+00:00, run_after=2022-08-06T00:00:00+00:00
[2022-08-06 01:23:25,636] {processor.py:161} INFO - Processing /home/airflow/.local/lib/python3.7/site-packages/airflow/example_dags/example_bash_operator.py took 0.168 seconds
[2022-08-06 01:39:33,124] {processor.py:153} INFO - Started process (PID=1317) to work on /home/airflow/.local/lib/python3.7/site-packages/airflow/example_dags/example_bash_operator.py
[2022-08-06 01:39:33,127] {processor.py:641} INFO - Processing file /home/airflow/.local/lib/python3.7/site-packages/airflow/example_dags/example_bash_operator.py for tasks to queue
[2022-08-06 01:39:33,129] {logging_mixin.py:115} INFO - [2022-08-06 01:39:33,129] {dagbag.py:507} INFO - Filling up the DagBag from /home/airflow/.local/lib/python3.7/site-packages/airflow/example_dags/example_bash_operator.py
[2022-08-06 01:39:33,140] {processor.py:651} INFO - DAG(s) dict_keys(['example_bash_operator']) retrieved from /home/airflow/.local/lib/python3.7/site-packages/airflow/example_dags/example_bash_operator.py
[2022-08-06 01:39:33,314] {logging_mixin.py:115} INFO - [2022-08-06 01:39:33,314] {dag.py:2371} INFO - Sync 1 DAGs
[2022-08-06 01:39:33,331] {logging_mixin.py:115} INFO - [2022-08-06 01:39:33,331] {dag.py:2919} INFO - Setting next_dagrun for example_bash_operator to 2022-08-05T00:00:00+00:00, run_after=2022-08-06T00:00:00+00:00
[2022-08-06 01:39:33,346] {processor.py:161} INFO - Processing /home/airflow/.local/lib/python3.7/site-packages/airflow/example_dags/example_bash_operator.py took 0.225 seconds
[2022-08-06 01:40:03,387] {processor.py:153} INFO - Started process (PID=1379) to work on /home/airflow/.local/lib/python3.7/site-packages/airflow/example_dags/example_bash_operator.py
[2022-08-06 01:40:03,389] {processor.py:641} INFO - Processing file /home/airflow/.local/lib/python3.7/site-packages/airflow/example_dags/example_bash_operator.py for tasks to queue
[2022-08-06 01:40:03,389] {logging_mixin.py:115} INFO - [2022-08-06 01:40:03,389] {dagbag.py:507} INFO - Filling up the DagBag from /home/airflow/.local/lib/python3.7/site-packages/airflow/example_dags/example_bash_operator.py
[2022-08-06 01:40:03,397] {processor.py:651} INFO - DAG(s) dict_keys(['example_bash_operator']) retrieved from /home/airflow/.local/lib/python3.7/site-packages/airflow/example_dags/example_bash_operator.py
[2022-08-06 01:40:03,478] {logging_mixin.py:115} INFO - [2022-08-06 01:40:03,478] {dag.py:2371} INFO - Sync 1 DAGs
[2022-08-06 01:40:03,488] {logging_mixin.py:115} INFO - [2022-08-06 01:40:03,488] {dag.py:2919} INFO - Setting next_dagrun for example_bash_operator to 2022-08-05T00:00:00+00:00, run_after=2022-08-06T00:00:00+00:00
[2022-08-06 01:40:03,494] {processor.py:161} INFO - Processing /home/airflow/.local/lib/python3.7/site-packages/airflow/example_dags/example_bash_operator.py took 0.109 seconds
[2022-08-06 01:40:33,713] {processor.py:153} INFO - Started process (PID=1432) to work on /home/airflow/.local/lib/python3.7/site-packages/airflow/example_dags/example_bash_operator.py
[2022-08-06 01:40:33,714] {processor.py:641} INFO - Processing file /home/airflow/.local/lib/python3.7/site-packages/airflow/example_dags/example_bash_operator.py for tasks to queue
[2022-08-06 01:40:33,715] {logging_mixin.py:115} INFO - [2022-08-06 01:40:33,715] {dagbag.py:507} INFO - Filling up the DagBag from /home/airflow/.local/lib/python3.7/site-packages/airflow/example_dags/example_bash_operator.py
[2022-08-06 01:40:33,723] {processor.py:651} INFO - DAG(s) dict_keys(['example_bash_operator']) retrieved from /home/airflow/.local/lib/python3.7/site-packages/airflow/example_dags/example_bash_operator.py
[2022-08-06 01:40:33,803] {logging_mixin.py:115} INFO - [2022-08-06 01:40:33,803] {dag.py:2371} INFO - Sync 1 DAGs
[2022-08-06 01:40:33,814] {logging_mixin.py:115} INFO - [2022-08-06 01:40:33,814] {dag.py:2919} INFO - Setting next_dagrun for example_bash_operator to 2022-08-05T00:00:00+00:00, run_after=2022-08-06T00:00:00+00:00
[2022-08-06 01:40:33,819] {processor.py:161} INFO - Processing /home/airflow/.local/lib/python3.7/site-packages/airflow/example_dags/example_bash_operator.py took 0.108 seconds
[2022-08-06 01:41:04,742] {processor.py:153} INFO - Started process (PID=1495) to work on /home/airflow/.local/lib/python3.7/site-packages/airflow/example_dags/example_bash_operator.py
[2022-08-06 01:41:04,744] {processor.py:641} INFO - Processing file /home/airflow/.local/lib/python3.7/site-packages/airflow/example_dags/example_bash_operator.py for tasks to queue
[2022-08-06 01:41:04,745] {logging_mixin.py:115} INFO - [2022-08-06 01:41:04,745] {dagbag.py:507} INFO - Filling up the DagBag from /home/airflow/.local/lib/python3.7/site-packages/airflow/example_dags/example_bash_operator.py
[2022-08-06 01:41:04,756] {processor.py:651} INFO - DAG(s) dict_keys(['example_bash_operator']) retrieved from /home/airflow/.local/lib/python3.7/site-packages/airflow/example_dags/example_bash_operator.py
[2022-08-06 01:41:04,851] {logging_mixin.py:115} INFO - [2022-08-06 01:41:04,851] {dag.py:2371} INFO - Sync 1 DAGs
[2022-08-06 01:41:04,864] {logging_mixin.py:115} INFO - [2022-08-06 01:41:04,863] {dag.py:2919} INFO - Setting next_dagrun for example_bash_operator to 2022-08-05T00:00:00+00:00, run_after=2022-08-06T00:00:00+00:00
[2022-08-06 01:41:04,871] {processor.py:161} INFO - Processing /home/airflow/.local/lib/python3.7/site-packages/airflow/example_dags/example_bash_operator.py took 0.131 seconds
[2022-08-06 01:41:35,868] {processor.py:153} INFO - Started process (PID=1557) to work on /home/airflow/.local/lib/python3.7/site-packages/airflow/example_dags/example_bash_operator.py
[2022-08-06 01:41:35,871] {processor.py:641} INFO - Processing file /home/airflow/.local/lib/python3.7/site-packages/airflow/example_dags/example_bash_operator.py for tasks to queue
[2022-08-06 01:41:35,875] {logging_mixin.py:115} INFO - [2022-08-06 01:41:35,875] {dagbag.py:507} INFO - Filling up the DagBag from /home/airflow/.local/lib/python3.7/site-packages/airflow/example_dags/example_bash_operator.py
[2022-08-06 01:41:35,887] {processor.py:651} INFO - DAG(s) dict_keys(['example_bash_operator']) retrieved from /home/airflow/.local/lib/python3.7/site-packages/airflow/example_dags/example_bash_operator.py
[2022-08-06 01:41:35,981] {logging_mixin.py:115} INFO - [2022-08-06 01:41:35,981] {dag.py:2371} INFO - Sync 1 DAGs
[2022-08-06 01:41:35,994] {logging_mixin.py:115} INFO - [2022-08-06 01:41:35,994] {dag.py:2919} INFO - Setting next_dagrun for example_bash_operator to 2022-08-05T00:00:00+00:00, run_after=2022-08-06T00:00:00+00:00
[2022-08-06 01:41:36,000] {processor.py:161} INFO - Processing /home/airflow/.local/lib/python3.7/site-packages/airflow/example_dags/example_bash_operator.py took 0.135 seconds
[2022-08-06 01:42:06,337] {processor.py:153} INFO - Started process (PID=1617) to work on /home/airflow/.local/lib/python3.7/site-packages/airflow/example_dags/example_bash_operator.py
[2022-08-06 01:42:06,339] {processor.py:641} INFO - Processing file /home/airflow/.local/lib/python3.7/site-packages/airflow/example_dags/example_bash_operator.py for tasks to queue
[2022-08-06 01:42:06,340] {logging_mixin.py:115} INFO - [2022-08-06 01:42:06,340] {dagbag.py:507} INFO - Filling up the DagBag from /home/airflow/.local/lib/python3.7/site-packages/airflow/example_dags/example_bash_operator.py
[2022-08-06 01:42:06,349] {processor.py:651} INFO - DAG(s) dict_keys(['example_bash_operator']) retrieved from /home/airflow/.local/lib/python3.7/site-packages/airflow/example_dags/example_bash_operator.py
[2022-08-06 01:42:06,449] {logging_mixin.py:115} INFO - [2022-08-06 01:42:06,449] {dag.py:2371} INFO - Sync 1 DAGs
[2022-08-06 01:42:06,463] {logging_mixin.py:115} INFO - [2022-08-06 01:42:06,463] {dag.py:2919} INFO - Setting next_dagrun for example_bash_operator to 2022-08-05T00:00:00+00:00, run_after=2022-08-06T00:00:00+00:00
[2022-08-06 01:42:06,470] {processor.py:161} INFO - Processing /home/airflow/.local/lib/python3.7/site-packages/airflow/example_dags/example_bash_operator.py took 0.135 seconds
[2022-08-06 01:42:36,751] {processor.py:153} INFO - Started process (PID=1679) to work on /home/airflow/.local/lib/python3.7/site-packages/airflow/example_dags/example_bash_operator.py
[2022-08-06 01:42:36,753] {processor.py:641} INFO - Processing file /home/airflow/.local/lib/python3.7/site-packages/airflow/example_dags/example_bash_operator.py for tasks to queue
[2022-08-06 01:42:36,754] {logging_mixin.py:115} INFO - [2022-08-06 01:42:36,754] {dagbag.py:507} INFO - Filling up the DagBag from /home/airflow/.local/lib/python3.7/site-packages/airflow/example_dags/example_bash_operator.py
[2022-08-06 01:42:36,763] {processor.py:651} INFO - DAG(s) dict_keys(['example_bash_operator']) retrieved from /home/airflow/.local/lib/python3.7/site-packages/airflow/example_dags/example_bash_operator.py
[2022-08-06 01:42:36,871] {logging_mixin.py:115} INFO - [2022-08-06 01:42:36,871] {dag.py:2371} INFO - Sync 1 DAGs
[2022-08-06 01:42:36,882] {logging_mixin.py:115} INFO - [2022-08-06 01:42:36,882] {dag.py:2919} INFO - Setting next_dagrun for example_bash_operator to 2022-08-05T00:00:00+00:00, run_after=2022-08-06T00:00:00+00:00
[2022-08-06 01:42:36,888] {processor.py:161} INFO - Processing /home/airflow/.local/lib/python3.7/site-packages/airflow/example_dags/example_bash_operator.py took 0.140 seconds
[2022-08-06 01:43:07,135] {processor.py:153} INFO - Started process (PID=1741) to work on /home/airflow/.local/lib/python3.7/site-packages/airflow/example_dags/example_bash_operator.py
[2022-08-06 01:43:07,137] {processor.py:641} INFO - Processing file /home/airflow/.local/lib/python3.7/site-packages/airflow/example_dags/example_bash_operator.py for tasks to queue
[2022-08-06 01:43:07,138] {logging_mixin.py:115} INFO - [2022-08-06 01:43:07,138] {dagbag.py:507} INFO - Filling up the DagBag from /home/airflow/.local/lib/python3.7/site-packages/airflow/example_dags/example_bash_operator.py
[2022-08-06 01:43:07,147] {processor.py:651} INFO - DAG(s) dict_keys(['example_bash_operator']) retrieved from /home/airflow/.local/lib/python3.7/site-packages/airflow/example_dags/example_bash_operator.py
[2022-08-06 01:43:07,242] {logging_mixin.py:115} INFO - [2022-08-06 01:43:07,242] {dag.py:2371} INFO - Sync 1 DAGs
[2022-08-06 01:43:07,255] {logging_mixin.py:115} INFO - [2022-08-06 01:43:07,255] {dag.py:2919} INFO - Setting next_dagrun for example_bash_operator to 2022-08-05T00:00:00+00:00, run_after=2022-08-06T00:00:00+00:00
[2022-08-06 01:43:07,263] {processor.py:161} INFO - Processing /home/airflow/.local/lib/python3.7/site-packages/airflow/example_dags/example_bash_operator.py took 0.130 seconds
[2022-08-06 01:43:38,065] {processor.py:153} INFO - Started process (PID=1794) to work on /home/airflow/.local/lib/python3.7/site-packages/airflow/example_dags/example_bash_operator.py
[2022-08-06 01:43:38,066] {processor.py:641} INFO - Processing file /home/airflow/.local/lib/python3.7/site-packages/airflow/example_dags/example_bash_operator.py for tasks to queue
[2022-08-06 01:43:38,067] {logging_mixin.py:115} INFO - [2022-08-06 01:43:38,067] {dagbag.py:507} INFO - Filling up the DagBag from /home/airflow/.local/lib/python3.7/site-packages/airflow/example_dags/example_bash_operator.py
[2022-08-06 01:43:38,076] {processor.py:651} INFO - DAG(s) dict_keys(['example_bash_operator']) retrieved from /home/airflow/.local/lib/python3.7/site-packages/airflow/example_dags/example_bash_operator.py
[2022-08-06 01:43:38,169] {logging_mixin.py:115} INFO - [2022-08-06 01:43:38,169] {dag.py:2371} INFO - Sync 1 DAGs
[2022-08-06 01:43:38,182] {logging_mixin.py:115} INFO - [2022-08-06 01:43:38,181] {dag.py:2919} INFO - Setting next_dagrun for example_bash_operator to 2022-08-05T00:00:00+00:00, run_after=2022-08-06T00:00:00+00:00
[2022-08-06 01:43:38,189] {processor.py:161} INFO - Processing /home/airflow/.local/lib/python3.7/site-packages/airflow/example_dags/example_bash_operator.py took 0.126 seconds
[2022-08-06 01:44:08,888] {processor.py:153} INFO - Started process (PID=1856) to work on /home/airflow/.local/lib/python3.7/site-packages/airflow/example_dags/example_bash_operator.py
[2022-08-06 01:44:08,890] {processor.py:641} INFO - Processing file /home/airflow/.local/lib/python3.7/site-packages/airflow/example_dags/example_bash_operator.py for tasks to queue
[2022-08-06 01:44:08,893] {logging_mixin.py:115} INFO - [2022-08-06 01:44:08,893] {dagbag.py:507} INFO - Filling up the DagBag from /home/airflow/.local/lib/python3.7/site-packages/airflow/example_dags/example_bash_operator.py
[2022-08-06 01:44:08,904] {processor.py:651} INFO - DAG(s) dict_keys(['example_bash_operator']) retrieved from /home/airflow/.local/lib/python3.7/site-packages/airflow/example_dags/example_bash_operator.py
[2022-08-06 01:44:09,033] {logging_mixin.py:115} INFO - [2022-08-06 01:44:09,033] {dag.py:2371} INFO - Sync 1 DAGs
[2022-08-06 01:44:09,053] {logging_mixin.py:115} INFO - [2022-08-06 01:44:09,053] {dag.py:2919} INFO - Setting next_dagrun for example_bash_operator to 2022-08-05T00:00:00+00:00, run_after=2022-08-06T00:00:00+00:00
[2022-08-06 01:44:09,065] {processor.py:161} INFO - Processing /home/airflow/.local/lib/python3.7/site-packages/airflow/example_dags/example_bash_operator.py took 0.179 seconds
[2022-08-06 01:44:39,340] {processor.py:153} INFO - Started process (PID=1918) to work on /home/airflow/.local/lib/python3.7/site-packages/airflow/example_dags/example_bash_operator.py
[2022-08-06 01:44:39,341] {processor.py:641} INFO - Processing file /home/airflow/.local/lib/python3.7/site-packages/airflow/example_dags/example_bash_operator.py for tasks to queue
[2022-08-06 01:44:39,342] {logging_mixin.py:115} INFO - [2022-08-06 01:44:39,342] {dagbag.py:507} INFO - Filling up the DagBag from /home/airflow/.local/lib/python3.7/site-packages/airflow/example_dags/example_bash_operator.py
[2022-08-06 01:44:39,427] {processor.py:651} INFO - DAG(s) dict_keys(['example_bash_operator']) retrieved from /home/airflow/.local/lib/python3.7/site-packages/airflow/example_dags/example_bash_operator.py
[2022-08-06 01:44:39,439] {logging_mixin.py:115} INFO - [2022-08-06 01:44:39,439] {dag.py:2371} INFO - Sync 1 DAGs
[2022-08-06 01:44:39,451] {logging_mixin.py:115} INFO - [2022-08-06 01:44:39,451] {dag.py:2919} INFO - Setting next_dagrun for example_bash_operator to 2022-08-05T00:00:00+00:00, run_after=2022-08-06T00:00:00+00:00
[2022-08-06 01:44:39,457] {processor.py:161} INFO - Processing /home/airflow/.local/lib/python3.7/site-packages/airflow/example_dags/example_bash_operator.py took 0.119 seconds
[2022-08-06 01:45:09,763] {processor.py:153} INFO - Started process (PID=1979) to work on /home/airflow/.local/lib/python3.7/site-packages/airflow/example_dags/example_bash_operator.py
[2022-08-06 01:45:09,764] {processor.py:641} INFO - Processing file /home/airflow/.local/lib/python3.7/site-packages/airflow/example_dags/example_bash_operator.py for tasks to queue
[2022-08-06 01:45:09,765] {logging_mixin.py:115} INFO - [2022-08-06 01:45:09,765] {dagbag.py:507} INFO - Filling up the DagBag from /home/airflow/.local/lib/python3.7/site-packages/airflow/example_dags/example_bash_operator.py
[2022-08-06 01:45:09,847] {processor.py:651} INFO - DAG(s) dict_keys(['example_bash_operator']) retrieved from /home/airflow/.local/lib/python3.7/site-packages/airflow/example_dags/example_bash_operator.py
[2022-08-06 01:45:09,861] {logging_mixin.py:115} INFO - [2022-08-06 01:45:09,861] {dag.py:2371} INFO - Sync 1 DAGs
[2022-08-06 01:45:09,873] {logging_mixin.py:115} INFO - [2022-08-06 01:45:09,872] {dag.py:2919} INFO - Setting next_dagrun for example_bash_operator to 2022-08-05T00:00:00+00:00, run_after=2022-08-06T00:00:00+00:00
[2022-08-06 01:45:09,879] {processor.py:161} INFO - Processing /home/airflow/.local/lib/python3.7/site-packages/airflow/example_dags/example_bash_operator.py took 0.118 seconds
[2022-08-06 01:45:40,014] {processor.py:153} INFO - Started process (PID=2041) to work on /home/airflow/.local/lib/python3.7/site-packages/airflow/example_dags/example_bash_operator.py
[2022-08-06 01:45:40,019] {processor.py:641} INFO - Processing file /home/airflow/.local/lib/python3.7/site-packages/airflow/example_dags/example_bash_operator.py for tasks to queue
[2022-08-06 01:45:40,021] {logging_mixin.py:115} INFO - [2022-08-06 01:45:40,020] {dagbag.py:507} INFO - Filling up the DagBag from /home/airflow/.local/lib/python3.7/site-packages/airflow/example_dags/example_bash_operator.py
[2022-08-06 01:45:40,125] {processor.py:651} INFO - DAG(s) dict_keys(['example_bash_operator']) retrieved from /home/airflow/.local/lib/python3.7/site-packages/airflow/example_dags/example_bash_operator.py
[2022-08-06 01:45:40,140] {logging_mixin.py:115} INFO - [2022-08-06 01:45:40,140] {dag.py:2371} INFO - Sync 1 DAGs
[2022-08-06 01:45:40,154] {logging_mixin.py:115} INFO - [2022-08-06 01:45:40,154] {dag.py:2919} INFO - Setting next_dagrun for example_bash_operator to 2022-08-05T00:00:00+00:00, run_after=2022-08-06T00:00:00+00:00
[2022-08-06 01:45:40,162] {processor.py:161} INFO - Processing /home/airflow/.local/lib/python3.7/site-packages/airflow/example_dags/example_bash_operator.py took 0.150 seconds
[2022-08-06 01:46:10,494] {processor.py:153} INFO - Started process (PID=2103) to work on /home/airflow/.local/lib/python3.7/site-packages/airflow/example_dags/example_bash_operator.py
[2022-08-06 01:46:10,496] {processor.py:641} INFO - Processing file /home/airflow/.local/lib/python3.7/site-packages/airflow/example_dags/example_bash_operator.py for tasks to queue
[2022-08-06 01:46:10,497] {logging_mixin.py:115} INFO - [2022-08-06 01:46:10,497] {dagbag.py:507} INFO - Filling up the DagBag from /home/airflow/.local/lib/python3.7/site-packages/airflow/example_dags/example_bash_operator.py
[2022-08-06 01:46:10,624] {processor.py:651} INFO - DAG(s) dict_keys(['example_bash_operator']) retrieved from /home/airflow/.local/lib/python3.7/site-packages/airflow/example_dags/example_bash_operator.py
[2022-08-06 01:46:10,637] {logging_mixin.py:115} INFO - [2022-08-06 01:46:10,637] {dag.py:2371} INFO - Sync 1 DAGs
[2022-08-06 01:46:10,648] {logging_mixin.py:115} INFO - [2022-08-06 01:46:10,648] {dag.py:2919} INFO - Setting next_dagrun for example_bash_operator to 2022-08-05T00:00:00+00:00, run_after=2022-08-06T00:00:00+00:00
[2022-08-06 01:46:10,654] {processor.py:161} INFO - Processing /home/airflow/.local/lib/python3.7/site-packages/airflow/example_dags/example_bash_operator.py took 0.163 seconds
[2022-08-06 01:46:41,658] {processor.py:153} INFO - Started process (PID=2157) to work on /home/airflow/.local/lib/python3.7/site-packages/airflow/example_dags/example_bash_operator.py
[2022-08-06 01:46:41,660] {processor.py:641} INFO - Processing file /home/airflow/.local/lib/python3.7/site-packages/airflow/example_dags/example_bash_operator.py for tasks to queue
[2022-08-06 01:46:41,661] {logging_mixin.py:115} INFO - [2022-08-06 01:46:41,661] {dagbag.py:507} INFO - Filling up the DagBag from /home/airflow/.local/lib/python3.7/site-packages/airflow/example_dags/example_bash_operator.py
[2022-08-06 01:46:41,747] {processor.py:651} INFO - DAG(s) dict_keys(['example_bash_operator']) retrieved from /home/airflow/.local/lib/python3.7/site-packages/airflow/example_dags/example_bash_operator.py
[2022-08-06 01:46:41,759] {logging_mixin.py:115} INFO - [2022-08-06 01:46:41,759] {dag.py:2371} INFO - Sync 1 DAGs
[2022-08-06 01:46:41,771] {logging_mixin.py:115} INFO - [2022-08-06 01:46:41,771] {dag.py:2919} INFO - Setting next_dagrun for example_bash_operator to 2022-08-05T00:00:00+00:00, run_after=2022-08-06T00:00:00+00:00
[2022-08-06 01:46:41,778] {processor.py:161} INFO - Processing /home/airflow/.local/lib/python3.7/site-packages/airflow/example_dags/example_bash_operator.py took 0.122 seconds
[2022-08-06 01:47:11,917] {processor.py:153} INFO - Started process (PID=2219) to work on /home/airflow/.local/lib/python3.7/site-packages/airflow/example_dags/example_bash_operator.py
[2022-08-06 01:47:11,919] {processor.py:641} INFO - Processing file /home/airflow/.local/lib/python3.7/site-packages/airflow/example_dags/example_bash_operator.py for tasks to queue
[2022-08-06 01:47:11,919] {logging_mixin.py:115} INFO - [2022-08-06 01:47:11,919] {dagbag.py:507} INFO - Filling up the DagBag from /home/airflow/.local/lib/python3.7/site-packages/airflow/example_dags/example_bash_operator.py
[2022-08-06 01:47:12,006] {processor.py:651} INFO - DAG(s) dict_keys(['example_bash_operator']) retrieved from /home/airflow/.local/lib/python3.7/site-packages/airflow/example_dags/example_bash_operator.py
[2022-08-06 01:47:12,019] {logging_mixin.py:115} INFO - [2022-08-06 01:47:12,019] {dag.py:2371} INFO - Sync 1 DAGs
[2022-08-06 01:47:12,030] {logging_mixin.py:115} INFO - [2022-08-06 01:47:12,030] {dag.py:2919} INFO - Setting next_dagrun for example_bash_operator to 2022-08-05T00:00:00+00:00, run_after=2022-08-06T00:00:00+00:00
[2022-08-06 01:47:12,036] {processor.py:161} INFO - Processing /home/airflow/.local/lib/python3.7/site-packages/airflow/example_dags/example_bash_operator.py took 0.121 seconds
