[2022-08-06 00:01:55,985] {processor.py:153} INFO - Started process (PID=3454) to work on /home/airflow/.local/lib/python3.7/site-packages/airflow/example_dags/example_sla_dag.py
[2022-08-06 00:01:55,989] {processor.py:641} INFO - Processing file /home/airflow/.local/lib/python3.7/site-packages/airflow/example_dags/example_sla_dag.py for tasks to queue
[2022-08-06 00:01:55,990] {logging_mixin.py:115} INFO - [2022-08-06 00:01:55,990] {dagbag.py:507} INFO - Filling up the DagBag from /home/airflow/.local/lib/python3.7/site-packages/airflow/example_dags/example_sla_dag.py
[2022-08-06 00:01:56,017] {processor.py:651} INFO - DAG(s) dict_keys(['example_sla_dag']) retrieved from /home/airflow/.local/lib/python3.7/site-packages/airflow/example_dags/example_sla_dag.py
[2022-08-06 00:01:56,049] {logging_mixin.py:115} INFO - [2022-08-06 00:01:56,049] {dag.py:2371} INFO - Sync 1 DAGs
[2022-08-06 00:01:56,076] {logging_mixin.py:115} INFO - [2022-08-06 00:01:56,076] {dag.py:2919} INFO - Setting next_dagrun for example_sla_dag to 2022-08-05T23:58:00+00:00, run_after=2022-08-06T00:00:00+00:00
[2022-08-06 00:01:56,088] {processor.py:161} INFO - Processing /home/airflow/.local/lib/python3.7/site-packages/airflow/example_dags/example_sla_dag.py took 0.106 seconds
[2022-08-06 00:02:26,926] {processor.py:153} INFO - Started process (PID=3515) to work on /home/airflow/.local/lib/python3.7/site-packages/airflow/example_dags/example_sla_dag.py
[2022-08-06 00:02:26,928] {processor.py:641} INFO - Processing file /home/airflow/.local/lib/python3.7/site-packages/airflow/example_dags/example_sla_dag.py for tasks to queue
[2022-08-06 00:02:26,928] {logging_mixin.py:115} INFO - [2022-08-06 00:02:26,928] {dagbag.py:507} INFO - Filling up the DagBag from /home/airflow/.local/lib/python3.7/site-packages/airflow/example_dags/example_sla_dag.py
[2022-08-06 00:02:26,941] {processor.py:651} INFO - DAG(s) dict_keys(['example_sla_dag']) retrieved from /home/airflow/.local/lib/python3.7/site-packages/airflow/example_dags/example_sla_dag.py
[2022-08-06 00:02:26,959] {logging_mixin.py:115} INFO - [2022-08-06 00:02:26,959] {dag.py:2371} INFO - Sync 1 DAGs
[2022-08-06 00:02:26,974] {logging_mixin.py:115} INFO - [2022-08-06 00:02:26,974] {dag.py:2919} INFO - Setting next_dagrun for example_sla_dag to 2022-08-06T00:00:00+00:00, run_after=2022-08-06T00:02:00+00:00
[2022-08-06 00:02:26,982] {processor.py:161} INFO - Processing /home/airflow/.local/lib/python3.7/site-packages/airflow/example_dags/example_sla_dag.py took 0.057 seconds
[2022-08-06 00:02:57,341] {processor.py:153} INFO - Started process (PID=3576) to work on /home/airflow/.local/lib/python3.7/site-packages/airflow/example_dags/example_sla_dag.py
[2022-08-06 00:02:57,343] {processor.py:641} INFO - Processing file /home/airflow/.local/lib/python3.7/site-packages/airflow/example_dags/example_sla_dag.py for tasks to queue
[2022-08-06 00:02:57,343] {logging_mixin.py:115} INFO - [2022-08-06 00:02:57,343] {dagbag.py:507} INFO - Filling up the DagBag from /home/airflow/.local/lib/python3.7/site-packages/airflow/example_dags/example_sla_dag.py
[2022-08-06 00:02:57,354] {processor.py:651} INFO - DAG(s) dict_keys(['example_sla_dag']) retrieved from /home/airflow/.local/lib/python3.7/site-packages/airflow/example_dags/example_sla_dag.py
[2022-08-06 00:02:57,373] {logging_mixin.py:115} INFO - [2022-08-06 00:02:57,373] {dag.py:2371} INFO - Sync 1 DAGs
[2022-08-06 00:02:57,391] {logging_mixin.py:115} INFO - [2022-08-06 00:02:57,391] {dag.py:2919} INFO - Setting next_dagrun for example_sla_dag to 2022-08-06T00:00:00+00:00, run_after=2022-08-06T00:02:00+00:00
[2022-08-06 00:02:57,398] {processor.py:161} INFO - Processing /home/airflow/.local/lib/python3.7/site-packages/airflow/example_dags/example_sla_dag.py took 0.059 seconds
[2022-08-06 00:03:27,817] {processor.py:153} INFO - Started process (PID=3639) to work on /home/airflow/.local/lib/python3.7/site-packages/airflow/example_dags/example_sla_dag.py
[2022-08-06 00:03:27,818] {processor.py:641} INFO - Processing file /home/airflow/.local/lib/python3.7/site-packages/airflow/example_dags/example_sla_dag.py for tasks to queue
[2022-08-06 00:03:27,819] {logging_mixin.py:115} INFO - [2022-08-06 00:03:27,819] {dagbag.py:507} INFO - Filling up the DagBag from /home/airflow/.local/lib/python3.7/site-packages/airflow/example_dags/example_sla_dag.py
[2022-08-06 00:03:27,829] {processor.py:651} INFO - DAG(s) dict_keys(['example_sla_dag']) retrieved from /home/airflow/.local/lib/python3.7/site-packages/airflow/example_dags/example_sla_dag.py
[2022-08-06 00:03:27,847] {logging_mixin.py:115} INFO - [2022-08-06 00:03:27,847] {dag.py:2371} INFO - Sync 1 DAGs
[2022-08-06 00:03:27,861] {logging_mixin.py:115} INFO - [2022-08-06 00:03:27,861] {dag.py:2919} INFO - Setting next_dagrun for example_sla_dag to 2022-08-06T00:00:00+00:00, run_after=2022-08-06T00:02:00+00:00
[2022-08-06 00:03:27,869] {processor.py:161} INFO - Processing /home/airflow/.local/lib/python3.7/site-packages/airflow/example_dags/example_sla_dag.py took 0.054 seconds
[2022-08-06 00:03:58,374] {processor.py:153} INFO - Started process (PID=3701) to work on /home/airflow/.local/lib/python3.7/site-packages/airflow/example_dags/example_sla_dag.py
[2022-08-06 00:03:58,376] {processor.py:641} INFO - Processing file /home/airflow/.local/lib/python3.7/site-packages/airflow/example_dags/example_sla_dag.py for tasks to queue
[2022-08-06 00:03:58,377] {logging_mixin.py:115} INFO - [2022-08-06 00:03:58,377] {dagbag.py:507} INFO - Filling up the DagBag from /home/airflow/.local/lib/python3.7/site-packages/airflow/example_dags/example_sla_dag.py
[2022-08-06 00:03:58,388] {processor.py:651} INFO - DAG(s) dict_keys(['example_sla_dag']) retrieved from /home/airflow/.local/lib/python3.7/site-packages/airflow/example_dags/example_sla_dag.py
[2022-08-06 00:03:58,408] {logging_mixin.py:115} INFO - [2022-08-06 00:03:58,408] {dag.py:2371} INFO - Sync 1 DAGs
[2022-08-06 00:03:58,422] {logging_mixin.py:115} INFO - [2022-08-06 00:03:58,422] {dag.py:2919} INFO - Setting next_dagrun for example_sla_dag to 2022-08-06T00:00:00+00:00, run_after=2022-08-06T00:02:00+00:00
[2022-08-06 00:03:58,429] {processor.py:161} INFO - Processing /home/airflow/.local/lib/python3.7/site-packages/airflow/example_dags/example_sla_dag.py took 0.057 seconds
[2022-08-06 00:04:28,693] {processor.py:153} INFO - Started process (PID=3761) to work on /home/airflow/.local/lib/python3.7/site-packages/airflow/example_dags/example_sla_dag.py
[2022-08-06 00:04:28,704] {processor.py:641} INFO - Processing file /home/airflow/.local/lib/python3.7/site-packages/airflow/example_dags/example_sla_dag.py for tasks to queue
[2022-08-06 00:04:28,711] {logging_mixin.py:115} INFO - [2022-08-06 00:04:28,711] {dagbag.py:507} INFO - Filling up the DagBag from /home/airflow/.local/lib/python3.7/site-packages/airflow/example_dags/example_sla_dag.py
[2022-08-06 00:04:28,744] {processor.py:651} INFO - DAG(s) dict_keys(['example_sla_dag']) retrieved from /home/airflow/.local/lib/python3.7/site-packages/airflow/example_dags/example_sla_dag.py
[2022-08-06 00:04:28,787] {logging_mixin.py:115} INFO - [2022-08-06 00:04:28,786] {dag.py:2371} INFO - Sync 1 DAGs
[2022-08-06 00:04:28,845] {logging_mixin.py:115} INFO - [2022-08-06 00:04:28,845] {dag.py:2919} INFO - Setting next_dagrun for example_sla_dag to 2022-08-06T00:02:00+00:00, run_after=2022-08-06T00:04:00+00:00
[2022-08-06 00:04:28,870] {processor.py:161} INFO - Processing /home/airflow/.local/lib/python3.7/site-packages/airflow/example_dags/example_sla_dag.py took 0.184 seconds
[2022-08-06 00:04:59,462] {processor.py:153} INFO - Started process (PID=3816) to work on /home/airflow/.local/lib/python3.7/site-packages/airflow/example_dags/example_sla_dag.py
[2022-08-06 00:04:59,464] {processor.py:641} INFO - Processing file /home/airflow/.local/lib/python3.7/site-packages/airflow/example_dags/example_sla_dag.py for tasks to queue
[2022-08-06 00:04:59,465] {logging_mixin.py:115} INFO - [2022-08-06 00:04:59,465] {dagbag.py:507} INFO - Filling up the DagBag from /home/airflow/.local/lib/python3.7/site-packages/airflow/example_dags/example_sla_dag.py
[2022-08-06 00:04:59,475] {processor.py:651} INFO - DAG(s) dict_keys(['example_sla_dag']) retrieved from /home/airflow/.local/lib/python3.7/site-packages/airflow/example_dags/example_sla_dag.py
[2022-08-06 00:04:59,491] {logging_mixin.py:115} INFO - [2022-08-06 00:04:59,491] {dag.py:2371} INFO - Sync 1 DAGs
[2022-08-06 00:04:59,505] {logging_mixin.py:115} INFO - [2022-08-06 00:04:59,505] {dag.py:2919} INFO - Setting next_dagrun for example_sla_dag to 2022-08-06T00:02:00+00:00, run_after=2022-08-06T00:04:00+00:00
[2022-08-06 00:04:59,513] {processor.py:161} INFO - Processing /home/airflow/.local/lib/python3.7/site-packages/airflow/example_dags/example_sla_dag.py took 0.053 seconds
[2022-08-06 00:07:17,473] {processor.py:153} INFO - Started process (PID=66) to work on /home/airflow/.local/lib/python3.7/site-packages/airflow/example_dags/example_sla_dag.py
[2022-08-06 00:07:17,475] {processor.py:641} INFO - Processing file /home/airflow/.local/lib/python3.7/site-packages/airflow/example_dags/example_sla_dag.py for tasks to queue
[2022-08-06 00:07:17,476] {logging_mixin.py:115} INFO - [2022-08-06 00:07:17,476] {dagbag.py:507} INFO - Filling up the DagBag from /home/airflow/.local/lib/python3.7/site-packages/airflow/example_dags/example_sla_dag.py
[2022-08-06 00:07:17,496] {processor.py:651} INFO - DAG(s) dict_keys(['example_sla_dag']) retrieved from /home/airflow/.local/lib/python3.7/site-packages/airflow/example_dags/example_sla_dag.py
[2022-08-06 00:07:17,530] {logging_mixin.py:115} INFO - [2022-08-06 00:07:17,530] {dag.py:2371} INFO - Sync 1 DAGs
[2022-08-06 00:07:17,821] {logging_mixin.py:115} INFO - [2022-08-06 00:07:17,821] {dag.py:2919} INFO - Setting next_dagrun for example_sla_dag to 2022-08-06T00:04:00+00:00, run_after=2022-08-06T00:06:00+00:00
[2022-08-06 00:07:17,865] {processor.py:161} INFO - Processing /home/airflow/.local/lib/python3.7/site-packages/airflow/example_dags/example_sla_dag.py took 0.394 seconds
[2022-08-06 00:07:47,957] {processor.py:153} INFO - Started process (PID=119) to work on /home/airflow/.local/lib/python3.7/site-packages/airflow/example_dags/example_sla_dag.py
[2022-08-06 00:07:47,959] {processor.py:641} INFO - Processing file /home/airflow/.local/lib/python3.7/site-packages/airflow/example_dags/example_sla_dag.py for tasks to queue
[2022-08-06 00:07:47,960] {logging_mixin.py:115} INFO - [2022-08-06 00:07:47,960] {dagbag.py:507} INFO - Filling up the DagBag from /home/airflow/.local/lib/python3.7/site-packages/airflow/example_dags/example_sla_dag.py
[2022-08-06 00:07:47,972] {processor.py:651} INFO - DAG(s) dict_keys(['example_sla_dag']) retrieved from /home/airflow/.local/lib/python3.7/site-packages/airflow/example_dags/example_sla_dag.py
[2022-08-06 00:07:48,009] {logging_mixin.py:115} INFO - [2022-08-06 00:07:48,009] {dag.py:2371} INFO - Sync 1 DAGs
[2022-08-06 00:07:48,099] {logging_mixin.py:115} INFO - [2022-08-06 00:07:48,099] {dag.py:2919} INFO - Setting next_dagrun for example_sla_dag to 2022-08-06T00:04:00+00:00, run_after=2022-08-06T00:06:00+00:00
[2022-08-06 00:07:48,105] {processor.py:161} INFO - Processing /home/airflow/.local/lib/python3.7/site-packages/airflow/example_dags/example_sla_dag.py took 0.150 seconds
[2022-08-06 00:08:18,853] {processor.py:153} INFO - Started process (PID=180) to work on /home/airflow/.local/lib/python3.7/site-packages/airflow/example_dags/example_sla_dag.py
[2022-08-06 00:08:18,854] {processor.py:641} INFO - Processing file /home/airflow/.local/lib/python3.7/site-packages/airflow/example_dags/example_sla_dag.py for tasks to queue
[2022-08-06 00:08:18,855] {logging_mixin.py:115} INFO - [2022-08-06 00:08:18,855] {dagbag.py:507} INFO - Filling up the DagBag from /home/airflow/.local/lib/python3.7/site-packages/airflow/example_dags/example_sla_dag.py
[2022-08-06 00:08:18,865] {processor.py:651} INFO - DAG(s) dict_keys(['example_sla_dag']) retrieved from /home/airflow/.local/lib/python3.7/site-packages/airflow/example_dags/example_sla_dag.py
[2022-08-06 00:08:18,880] {logging_mixin.py:115} INFO - [2022-08-06 00:08:18,880] {dag.py:2371} INFO - Sync 1 DAGs
[2022-08-06 00:08:18,970] {logging_mixin.py:115} INFO - [2022-08-06 00:08:18,970] {dag.py:2919} INFO - Setting next_dagrun for example_sla_dag to 2022-08-06T00:06:00+00:00, run_after=2022-08-06T00:08:00+00:00
[2022-08-06 00:08:18,978] {processor.py:161} INFO - Processing /home/airflow/.local/lib/python3.7/site-packages/airflow/example_dags/example_sla_dag.py took 0.127 seconds
[2022-08-06 00:08:49,450] {processor.py:153} INFO - Started process (PID=242) to work on /home/airflow/.local/lib/python3.7/site-packages/airflow/example_dags/example_sla_dag.py
[2022-08-06 00:08:49,451] {processor.py:641} INFO - Processing file /home/airflow/.local/lib/python3.7/site-packages/airflow/example_dags/example_sla_dag.py for tasks to queue
[2022-08-06 00:08:49,452] {logging_mixin.py:115} INFO - [2022-08-06 00:08:49,452] {dagbag.py:507} INFO - Filling up the DagBag from /home/airflow/.local/lib/python3.7/site-packages/airflow/example_dags/example_sla_dag.py
[2022-08-06 00:08:49,461] {processor.py:651} INFO - DAG(s) dict_keys(['example_sla_dag']) retrieved from /home/airflow/.local/lib/python3.7/site-packages/airflow/example_dags/example_sla_dag.py
[2022-08-06 00:08:49,475] {logging_mixin.py:115} INFO - [2022-08-06 00:08:49,475] {dag.py:2371} INFO - Sync 1 DAGs
[2022-08-06 00:08:49,553] {logging_mixin.py:115} INFO - [2022-08-06 00:08:49,553] {dag.py:2919} INFO - Setting next_dagrun for example_sla_dag to 2022-08-06T00:06:00+00:00, run_after=2022-08-06T00:08:00+00:00
[2022-08-06 00:08:49,559] {processor.py:161} INFO - Processing /home/airflow/.local/lib/python3.7/site-packages/airflow/example_dags/example_sla_dag.py took 0.111 seconds
[2022-08-06 00:09:20,057] {processor.py:153} INFO - Started process (PID=304) to work on /home/airflow/.local/lib/python3.7/site-packages/airflow/example_dags/example_sla_dag.py
[2022-08-06 00:09:20,058] {processor.py:641} INFO - Processing file /home/airflow/.local/lib/python3.7/site-packages/airflow/example_dags/example_sla_dag.py for tasks to queue
[2022-08-06 00:09:20,059] {logging_mixin.py:115} INFO - [2022-08-06 00:09:20,059] {dagbag.py:507} INFO - Filling up the DagBag from /home/airflow/.local/lib/python3.7/site-packages/airflow/example_dags/example_sla_dag.py
[2022-08-06 00:09:20,069] {processor.py:651} INFO - DAG(s) dict_keys(['example_sla_dag']) retrieved from /home/airflow/.local/lib/python3.7/site-packages/airflow/example_dags/example_sla_dag.py
[2022-08-06 00:09:20,088] {logging_mixin.py:115} INFO - [2022-08-06 00:09:20,088] {dag.py:2371} INFO - Sync 1 DAGs
[2022-08-06 00:09:20,178] {logging_mixin.py:115} INFO - [2022-08-06 00:09:20,178] {dag.py:2919} INFO - Setting next_dagrun for example_sla_dag to 2022-08-06T00:06:00+00:00, run_after=2022-08-06T00:08:00+00:00
[2022-08-06 00:09:20,186] {processor.py:161} INFO - Processing /home/airflow/.local/lib/python3.7/site-packages/airflow/example_dags/example_sla_dag.py took 0.132 seconds
[2022-08-06 00:09:50,822] {processor.py:153} INFO - Started process (PID=366) to work on /home/airflow/.local/lib/python3.7/site-packages/airflow/example_dags/example_sla_dag.py
[2022-08-06 00:09:50,823] {processor.py:641} INFO - Processing file /home/airflow/.local/lib/python3.7/site-packages/airflow/example_dags/example_sla_dag.py for tasks to queue
[2022-08-06 00:09:50,824] {logging_mixin.py:115} INFO - [2022-08-06 00:09:50,824] {dagbag.py:507} INFO - Filling up the DagBag from /home/airflow/.local/lib/python3.7/site-packages/airflow/example_dags/example_sla_dag.py
[2022-08-06 00:09:50,834] {processor.py:651} INFO - DAG(s) dict_keys(['example_sla_dag']) retrieved from /home/airflow/.local/lib/python3.7/site-packages/airflow/example_dags/example_sla_dag.py
[2022-08-06 00:09:50,850] {logging_mixin.py:115} INFO - [2022-08-06 00:09:50,850] {dag.py:2371} INFO - Sync 1 DAGs
[2022-08-06 00:09:50,942] {logging_mixin.py:115} INFO - [2022-08-06 00:09:50,942] {dag.py:2919} INFO - Setting next_dagrun for example_sla_dag to 2022-08-06T00:06:00+00:00, run_after=2022-08-06T00:08:00+00:00
[2022-08-06 00:09:50,949] {processor.py:161} INFO - Processing /home/airflow/.local/lib/python3.7/site-packages/airflow/example_dags/example_sla_dag.py took 0.129 seconds
[2022-08-06 00:10:21,586] {processor.py:153} INFO - Started process (PID=429) to work on /home/airflow/.local/lib/python3.7/site-packages/airflow/example_dags/example_sla_dag.py
[2022-08-06 00:10:21,587] {processor.py:641} INFO - Processing file /home/airflow/.local/lib/python3.7/site-packages/airflow/example_dags/example_sla_dag.py for tasks to queue
[2022-08-06 00:10:21,587] {logging_mixin.py:115} INFO - [2022-08-06 00:10:21,587] {dagbag.py:507} INFO - Filling up the DagBag from /home/airflow/.local/lib/python3.7/site-packages/airflow/example_dags/example_sla_dag.py
[2022-08-06 00:10:21,598] {processor.py:651} INFO - DAG(s) dict_keys(['example_sla_dag']) retrieved from /home/airflow/.local/lib/python3.7/site-packages/airflow/example_dags/example_sla_dag.py
[2022-08-06 00:10:21,614] {logging_mixin.py:115} INFO - [2022-08-06 00:10:21,614] {dag.py:2371} INFO - Sync 1 DAGs
[2022-08-06 00:10:21,699] {logging_mixin.py:115} INFO - [2022-08-06 00:10:21,698] {dag.py:2919} INFO - Setting next_dagrun for example_sla_dag to 2022-08-06T00:08:00+00:00, run_after=2022-08-06T00:10:00+00:00
[2022-08-06 00:10:21,706] {processor.py:161} INFO - Processing /home/airflow/.local/lib/python3.7/site-packages/airflow/example_dags/example_sla_dag.py took 0.122 seconds
[2022-08-06 00:10:52,501] {processor.py:153} INFO - Started process (PID=489) to work on /home/airflow/.local/lib/python3.7/site-packages/airflow/example_dags/example_sla_dag.py
[2022-08-06 00:10:52,505] {processor.py:641} INFO - Processing file /home/airflow/.local/lib/python3.7/site-packages/airflow/example_dags/example_sla_dag.py for tasks to queue
[2022-08-06 00:10:52,507] {logging_mixin.py:115} INFO - [2022-08-06 00:10:52,507] {dagbag.py:507} INFO - Filling up the DagBag from /home/airflow/.local/lib/python3.7/site-packages/airflow/example_dags/example_sla_dag.py
[2022-08-06 00:10:52,539] {processor.py:651} INFO - DAG(s) dict_keys(['example_sla_dag']) retrieved from /home/airflow/.local/lib/python3.7/site-packages/airflow/example_dags/example_sla_dag.py
[2022-08-06 00:10:52,574] {logging_mixin.py:115} INFO - [2022-08-06 00:10:52,574] {dag.py:2371} INFO - Sync 1 DAGs
[2022-08-06 00:10:52,697] {logging_mixin.py:115} INFO - [2022-08-06 00:10:52,697] {dag.py:2919} INFO - Setting next_dagrun for example_sla_dag to 2022-08-06T00:08:00+00:00, run_after=2022-08-06T00:10:00+00:00
[2022-08-06 00:10:52,705] {processor.py:161} INFO - Processing /home/airflow/.local/lib/python3.7/site-packages/airflow/example_dags/example_sla_dag.py took 0.213 seconds
[2022-08-06 00:11:23,199] {processor.py:153} INFO - Started process (PID=542) to work on /home/airflow/.local/lib/python3.7/site-packages/airflow/example_dags/example_sla_dag.py
[2022-08-06 00:11:23,200] {processor.py:641} INFO - Processing file /home/airflow/.local/lib/python3.7/site-packages/airflow/example_dags/example_sla_dag.py for tasks to queue
[2022-08-06 00:11:23,201] {logging_mixin.py:115} INFO - [2022-08-06 00:11:23,201] {dagbag.py:507} INFO - Filling up the DagBag from /home/airflow/.local/lib/python3.7/site-packages/airflow/example_dags/example_sla_dag.py
[2022-08-06 00:11:23,210] {processor.py:651} INFO - DAG(s) dict_keys(['example_sla_dag']) retrieved from /home/airflow/.local/lib/python3.7/site-packages/airflow/example_dags/example_sla_dag.py
[2022-08-06 00:11:23,226] {logging_mixin.py:115} INFO - [2022-08-06 00:11:23,225] {dag.py:2371} INFO - Sync 1 DAGs
[2022-08-06 00:11:23,304] {logging_mixin.py:115} INFO - [2022-08-06 00:11:23,304] {dag.py:2919} INFO - Setting next_dagrun for example_sla_dag to 2022-08-06T00:08:00+00:00, run_after=2022-08-06T00:10:00+00:00
[2022-08-06 00:11:23,310] {processor.py:161} INFO - Processing /home/airflow/.local/lib/python3.7/site-packages/airflow/example_dags/example_sla_dag.py took 0.114 seconds
[2022-08-06 00:11:53,718] {processor.py:153} INFO - Started process (PID=604) to work on /home/airflow/.local/lib/python3.7/site-packages/airflow/example_dags/example_sla_dag.py
[2022-08-06 00:11:53,720] {processor.py:641} INFO - Processing file /home/airflow/.local/lib/python3.7/site-packages/airflow/example_dags/example_sla_dag.py for tasks to queue
[2022-08-06 00:11:53,722] {logging_mixin.py:115} INFO - [2022-08-06 00:11:53,722] {dagbag.py:507} INFO - Filling up the DagBag from /home/airflow/.local/lib/python3.7/site-packages/airflow/example_dags/example_sla_dag.py
[2022-08-06 00:11:53,731] {processor.py:651} INFO - DAG(s) dict_keys(['example_sla_dag']) retrieved from /home/airflow/.local/lib/python3.7/site-packages/airflow/example_dags/example_sla_dag.py
[2022-08-06 00:11:53,748] {logging_mixin.py:115} INFO - [2022-08-06 00:11:53,748] {dag.py:2371} INFO - Sync 1 DAGs
[2022-08-06 00:11:53,844] {logging_mixin.py:115} INFO - [2022-08-06 00:11:53,844] {dag.py:2919} INFO - Setting next_dagrun for example_sla_dag to 2022-08-06T00:08:00+00:00, run_after=2022-08-06T00:10:00+00:00
[2022-08-06 00:11:53,852] {processor.py:161} INFO - Processing /home/airflow/.local/lib/python3.7/site-packages/airflow/example_dags/example_sla_dag.py took 0.135 seconds
[2022-08-06 00:12:24,621] {processor.py:153} INFO - Started process (PID=666) to work on /home/airflow/.local/lib/python3.7/site-packages/airflow/example_dags/example_sla_dag.py
[2022-08-06 00:12:24,623] {processor.py:641} INFO - Processing file /home/airflow/.local/lib/python3.7/site-packages/airflow/example_dags/example_sla_dag.py for tasks to queue
[2022-08-06 00:12:24,624] {logging_mixin.py:115} INFO - [2022-08-06 00:12:24,624] {dagbag.py:507} INFO - Filling up the DagBag from /home/airflow/.local/lib/python3.7/site-packages/airflow/example_dags/example_sla_dag.py
[2022-08-06 00:12:24,635] {processor.py:651} INFO - DAG(s) dict_keys(['example_sla_dag']) retrieved from /home/airflow/.local/lib/python3.7/site-packages/airflow/example_dags/example_sla_dag.py
[2022-08-06 00:12:24,658] {logging_mixin.py:115} INFO - [2022-08-06 00:12:24,658] {dag.py:2371} INFO - Sync 1 DAGs
[2022-08-06 00:12:24,755] {logging_mixin.py:115} INFO - [2022-08-06 00:12:24,755] {dag.py:2919} INFO - Setting next_dagrun for example_sla_dag to 2022-08-06T00:10:00+00:00, run_after=2022-08-06T00:12:00+00:00
[2022-08-06 00:12:24,764] {processor.py:161} INFO - Processing /home/airflow/.local/lib/python3.7/site-packages/airflow/example_dags/example_sla_dag.py took 0.146 seconds
[2022-08-06 00:12:55,596] {processor.py:153} INFO - Started process (PID=729) to work on /home/airflow/.local/lib/python3.7/site-packages/airflow/example_dags/example_sla_dag.py
[2022-08-06 00:12:55,598] {processor.py:641} INFO - Processing file /home/airflow/.local/lib/python3.7/site-packages/airflow/example_dags/example_sla_dag.py for tasks to queue
[2022-08-06 00:12:55,599] {logging_mixin.py:115} INFO - [2022-08-06 00:12:55,598] {dagbag.py:507} INFO - Filling up the DagBag from /home/airflow/.local/lib/python3.7/site-packages/airflow/example_dags/example_sla_dag.py
[2022-08-06 00:12:55,611] {processor.py:651} INFO - DAG(s) dict_keys(['example_sla_dag']) retrieved from /home/airflow/.local/lib/python3.7/site-packages/airflow/example_dags/example_sla_dag.py
[2022-08-06 00:12:55,629] {logging_mixin.py:115} INFO - [2022-08-06 00:12:55,629] {dag.py:2371} INFO - Sync 1 DAGs
[2022-08-06 00:12:55,722] {logging_mixin.py:115} INFO - [2022-08-06 00:12:55,722] {dag.py:2919} INFO - Setting next_dagrun for example_sla_dag to 2022-08-06T00:10:00+00:00, run_after=2022-08-06T00:12:00+00:00
[2022-08-06 00:12:55,730] {processor.py:161} INFO - Processing /home/airflow/.local/lib/python3.7/site-packages/airflow/example_dags/example_sla_dag.py took 0.136 seconds
[2022-08-06 00:13:26,555] {processor.py:153} INFO - Started process (PID=791) to work on /home/airflow/.local/lib/python3.7/site-packages/airflow/example_dags/example_sla_dag.py
[2022-08-06 00:13:26,556] {processor.py:641} INFO - Processing file /home/airflow/.local/lib/python3.7/site-packages/airflow/example_dags/example_sla_dag.py for tasks to queue
[2022-08-06 00:13:26,557] {logging_mixin.py:115} INFO - [2022-08-06 00:13:26,557] {dagbag.py:507} INFO - Filling up the DagBag from /home/airflow/.local/lib/python3.7/site-packages/airflow/example_dags/example_sla_dag.py
[2022-08-06 00:13:26,568] {processor.py:651} INFO - DAG(s) dict_keys(['example_sla_dag']) retrieved from /home/airflow/.local/lib/python3.7/site-packages/airflow/example_dags/example_sla_dag.py
[2022-08-06 00:13:26,585] {logging_mixin.py:115} INFO - [2022-08-06 00:13:26,585] {dag.py:2371} INFO - Sync 1 DAGs
[2022-08-06 00:13:26,681] {logging_mixin.py:115} INFO - [2022-08-06 00:13:26,681] {dag.py:2919} INFO - Setting next_dagrun for example_sla_dag to 2022-08-06T00:10:00+00:00, run_after=2022-08-06T00:12:00+00:00
[2022-08-06 00:13:26,688] {processor.py:161} INFO - Processing /home/airflow/.local/lib/python3.7/site-packages/airflow/example_dags/example_sla_dag.py took 0.136 seconds
[2022-08-06 00:13:57,499] {processor.py:153} INFO - Started process (PID=852) to work on /home/airflow/.local/lib/python3.7/site-packages/airflow/example_dags/example_sla_dag.py
[2022-08-06 00:13:57,501] {processor.py:641} INFO - Processing file /home/airflow/.local/lib/python3.7/site-packages/airflow/example_dags/example_sla_dag.py for tasks to queue
[2022-08-06 00:13:57,503] {logging_mixin.py:115} INFO - [2022-08-06 00:13:57,502] {dagbag.py:507} INFO - Filling up the DagBag from /home/airflow/.local/lib/python3.7/site-packages/airflow/example_dags/example_sla_dag.py
[2022-08-06 00:13:57,515] {processor.py:651} INFO - DAG(s) dict_keys(['example_sla_dag']) retrieved from /home/airflow/.local/lib/python3.7/site-packages/airflow/example_dags/example_sla_dag.py
[2022-08-06 00:13:57,534] {logging_mixin.py:115} INFO - [2022-08-06 00:13:57,534] {dag.py:2371} INFO - Sync 1 DAGs
[2022-08-06 00:13:57,632] {logging_mixin.py:115} INFO - [2022-08-06 00:13:57,632] {dag.py:2919} INFO - Setting next_dagrun for example_sla_dag to 2022-08-06T00:10:00+00:00, run_after=2022-08-06T00:12:00+00:00
[2022-08-06 00:13:57,640] {processor.py:161} INFO - Processing /home/airflow/.local/lib/python3.7/site-packages/airflow/example_dags/example_sla_dag.py took 0.143 seconds
[2022-08-06 00:14:28,276] {processor.py:153} INFO - Started process (PID=915) to work on /home/airflow/.local/lib/python3.7/site-packages/airflow/example_dags/example_sla_dag.py
[2022-08-06 00:14:28,278] {processor.py:641} INFO - Processing file /home/airflow/.local/lib/python3.7/site-packages/airflow/example_dags/example_sla_dag.py for tasks to queue
[2022-08-06 00:14:28,279] {logging_mixin.py:115} INFO - [2022-08-06 00:14:28,279] {dagbag.py:507} INFO - Filling up the DagBag from /home/airflow/.local/lib/python3.7/site-packages/airflow/example_dags/example_sla_dag.py
[2022-08-06 00:14:28,296] {processor.py:651} INFO - DAG(s) dict_keys(['example_sla_dag']) retrieved from /home/airflow/.local/lib/python3.7/site-packages/airflow/example_dags/example_sla_dag.py
[2022-08-06 00:14:28,315] {logging_mixin.py:115} INFO - [2022-08-06 00:14:28,315] {dag.py:2371} INFO - Sync 1 DAGs
[2022-08-06 00:14:28,418] {logging_mixin.py:115} INFO - [2022-08-06 00:14:28,418] {dag.py:2919} INFO - Setting next_dagrun for example_sla_dag to 2022-08-06T00:12:00+00:00, run_after=2022-08-06T00:14:00+00:00
[2022-08-06 00:14:28,427] {processor.py:161} INFO - Processing /home/airflow/.local/lib/python3.7/site-packages/airflow/example_dags/example_sla_dag.py took 0.154 seconds
[2022-08-06 00:14:59,211] {processor.py:153} INFO - Started process (PID=968) to work on /home/airflow/.local/lib/python3.7/site-packages/airflow/example_dags/example_sla_dag.py
[2022-08-06 00:14:59,212] {processor.py:641} INFO - Processing file /home/airflow/.local/lib/python3.7/site-packages/airflow/example_dags/example_sla_dag.py for tasks to queue
[2022-08-06 00:14:59,213] {logging_mixin.py:115} INFO - [2022-08-06 00:14:59,213] {dagbag.py:507} INFO - Filling up the DagBag from /home/airflow/.local/lib/python3.7/site-packages/airflow/example_dags/example_sla_dag.py
[2022-08-06 00:14:59,224] {processor.py:651} INFO - DAG(s) dict_keys(['example_sla_dag']) retrieved from /home/airflow/.local/lib/python3.7/site-packages/airflow/example_dags/example_sla_dag.py
[2022-08-06 00:14:59,243] {logging_mixin.py:115} INFO - [2022-08-06 00:14:59,243] {dag.py:2371} INFO - Sync 1 DAGs
[2022-08-06 00:14:59,333] {logging_mixin.py:115} INFO - [2022-08-06 00:14:59,333] {dag.py:2919} INFO - Setting next_dagrun for example_sla_dag to 2022-08-06T00:12:00+00:00, run_after=2022-08-06T00:14:00+00:00
[2022-08-06 00:14:59,340] {processor.py:161} INFO - Processing /home/airflow/.local/lib/python3.7/site-packages/airflow/example_dags/example_sla_dag.py took 0.131 seconds
[2022-08-06 00:15:30,158] {processor.py:153} INFO - Started process (PID=1029) to work on /home/airflow/.local/lib/python3.7/site-packages/airflow/example_dags/example_sla_dag.py
[2022-08-06 00:15:30,160] {processor.py:641} INFO - Processing file /home/airflow/.local/lib/python3.7/site-packages/airflow/example_dags/example_sla_dag.py for tasks to queue
[2022-08-06 00:15:30,161] {logging_mixin.py:115} INFO - [2022-08-06 00:15:30,161] {dagbag.py:507} INFO - Filling up the DagBag from /home/airflow/.local/lib/python3.7/site-packages/airflow/example_dags/example_sla_dag.py
[2022-08-06 00:15:30,171] {processor.py:651} INFO - DAG(s) dict_keys(['example_sla_dag']) retrieved from /home/airflow/.local/lib/python3.7/site-packages/airflow/example_dags/example_sla_dag.py
[2022-08-06 00:15:30,189] {logging_mixin.py:115} INFO - [2022-08-06 00:15:30,189] {dag.py:2371} INFO - Sync 1 DAGs
[2022-08-06 00:15:30,279] {logging_mixin.py:115} INFO - [2022-08-06 00:15:30,278] {dag.py:2919} INFO - Setting next_dagrun for example_sla_dag to 2022-08-06T00:12:00+00:00, run_after=2022-08-06T00:14:00+00:00
[2022-08-06 00:15:30,286] {processor.py:161} INFO - Processing /home/airflow/.local/lib/python3.7/site-packages/airflow/example_dags/example_sla_dag.py took 0.130 seconds
[2022-08-06 00:16:00,909] {processor.py:153} INFO - Started process (PID=1091) to work on /home/airflow/.local/lib/python3.7/site-packages/airflow/example_dags/example_sla_dag.py
[2022-08-06 00:16:00,910] {processor.py:641} INFO - Processing file /home/airflow/.local/lib/python3.7/site-packages/airflow/example_dags/example_sla_dag.py for tasks to queue
[2022-08-06 00:16:00,911] {logging_mixin.py:115} INFO - [2022-08-06 00:16:00,911] {dagbag.py:507} INFO - Filling up the DagBag from /home/airflow/.local/lib/python3.7/site-packages/airflow/example_dags/example_sla_dag.py
[2022-08-06 00:16:00,922] {processor.py:651} INFO - DAG(s) dict_keys(['example_sla_dag']) retrieved from /home/airflow/.local/lib/python3.7/site-packages/airflow/example_dags/example_sla_dag.py
[2022-08-06 00:16:00,943] {logging_mixin.py:115} INFO - [2022-08-06 00:16:00,943] {dag.py:2371} INFO - Sync 1 DAGs
[2022-08-06 00:16:01,035] {logging_mixin.py:115} INFO - [2022-08-06 00:16:01,035] {dag.py:2919} INFO - Setting next_dagrun for example_sla_dag to 2022-08-06T00:14:00+00:00, run_after=2022-08-06T00:16:00+00:00
[2022-08-06 00:16:01,043] {processor.py:161} INFO - Processing /home/airflow/.local/lib/python3.7/site-packages/airflow/example_dags/example_sla_dag.py took 0.136 seconds
[2022-08-06 00:16:31,792] {processor.py:153} INFO - Started process (PID=1153) to work on /home/airflow/.local/lib/python3.7/site-packages/airflow/example_dags/example_sla_dag.py
[2022-08-06 00:16:31,794] {processor.py:641} INFO - Processing file /home/airflow/.local/lib/python3.7/site-packages/airflow/example_dags/example_sla_dag.py for tasks to queue
[2022-08-06 00:16:31,795] {logging_mixin.py:115} INFO - [2022-08-06 00:16:31,795] {dagbag.py:507} INFO - Filling up the DagBag from /home/airflow/.local/lib/python3.7/site-packages/airflow/example_dags/example_sla_dag.py
[2022-08-06 00:16:31,809] {processor.py:651} INFO - DAG(s) dict_keys(['example_sla_dag']) retrieved from /home/airflow/.local/lib/python3.7/site-packages/airflow/example_dags/example_sla_dag.py
[2022-08-06 00:16:31,825] {logging_mixin.py:115} INFO - [2022-08-06 00:16:31,825] {dag.py:2371} INFO - Sync 1 DAGs
[2022-08-06 00:16:31,914] {logging_mixin.py:115} INFO - [2022-08-06 00:16:31,914] {dag.py:2919} INFO - Setting next_dagrun for example_sla_dag to 2022-08-06T00:14:00+00:00, run_after=2022-08-06T00:16:00+00:00
[2022-08-06 00:16:31,921] {processor.py:161} INFO - Processing /home/airflow/.local/lib/python3.7/site-packages/airflow/example_dags/example_sla_dag.py took 0.131 seconds
[2022-08-06 00:34:33,679] {processor.py:153} INFO - Started process (PID=1207) to work on /home/airflow/.local/lib/python3.7/site-packages/airflow/example_dags/example_sla_dag.py
[2022-08-06 00:34:33,682] {processor.py:641} INFO - Processing file /home/airflow/.local/lib/python3.7/site-packages/airflow/example_dags/example_sla_dag.py for tasks to queue
[2022-08-06 00:34:33,683] {logging_mixin.py:115} INFO - [2022-08-06 00:34:33,683] {dagbag.py:507} INFO - Filling up the DagBag from /home/airflow/.local/lib/python3.7/site-packages/airflow/example_dags/example_sla_dag.py
[2022-08-06 00:34:33,696] {processor.py:651} INFO - DAG(s) dict_keys(['example_sla_dag']) retrieved from /home/airflow/.local/lib/python3.7/site-packages/airflow/example_dags/example_sla_dag.py
[2022-08-06 00:34:33,823] {logging_mixin.py:115} INFO - [2022-08-06 00:34:33,822] {dag.py:2371} INFO - Sync 1 DAGs
[2022-08-06 00:34:33,848] {logging_mixin.py:115} INFO - [2022-08-06 00:34:33,848] {dag.py:2919} INFO - Setting next_dagrun for example_sla_dag to 2022-08-06T00:32:00+00:00, run_after=2022-08-06T00:34:00+00:00
[2022-08-06 00:34:33,860] {processor.py:161} INFO - Processing /home/airflow/.local/lib/python3.7/site-packages/airflow/example_dags/example_sla_dag.py took 0.184 seconds
[2022-08-06 01:23:27,198] {processor.py:153} INFO - Started process (PID=1268) to work on /home/airflow/.local/lib/python3.7/site-packages/airflow/example_dags/example_sla_dag.py
[2022-08-06 01:23:27,200] {processor.py:641} INFO - Processing file /home/airflow/.local/lib/python3.7/site-packages/airflow/example_dags/example_sla_dag.py for tasks to queue
[2022-08-06 01:23:27,201] {logging_mixin.py:115} INFO - [2022-08-06 01:23:27,201] {dagbag.py:507} INFO - Filling up the DagBag from /home/airflow/.local/lib/python3.7/site-packages/airflow/example_dags/example_sla_dag.py
[2022-08-06 01:23:27,227] {processor.py:651} INFO - DAG(s) dict_keys(['example_sla_dag']) retrieved from /home/airflow/.local/lib/python3.7/site-packages/airflow/example_dags/example_sla_dag.py
[2022-08-06 01:23:27,370] {logging_mixin.py:115} INFO - [2022-08-06 01:23:27,369] {dag.py:2371} INFO - Sync 1 DAGs
[2022-08-06 01:23:27,389] {logging_mixin.py:115} INFO - [2022-08-06 01:23:27,389] {dag.py:2919} INFO - Setting next_dagrun for example_sla_dag to 2022-08-06T01:20:00+00:00, run_after=2022-08-06T01:22:00+00:00
[2022-08-06 01:23:27,400] {processor.py:161} INFO - Processing /home/airflow/.local/lib/python3.7/site-packages/airflow/example_dags/example_sla_dag.py took 0.205 seconds
[2022-08-06 01:39:35,094] {processor.py:153} INFO - Started process (PID=1331) to work on /home/airflow/.local/lib/python3.7/site-packages/airflow/example_dags/example_sla_dag.py
[2022-08-06 01:39:35,097] {processor.py:641} INFO - Processing file /home/airflow/.local/lib/python3.7/site-packages/airflow/example_dags/example_sla_dag.py for tasks to queue
[2022-08-06 01:39:35,099] {logging_mixin.py:115} INFO - [2022-08-06 01:39:35,099] {dagbag.py:507} INFO - Filling up the DagBag from /home/airflow/.local/lib/python3.7/site-packages/airflow/example_dags/example_sla_dag.py
[2022-08-06 01:39:35,274] {processor.py:651} INFO - DAG(s) dict_keys(['example_sla_dag']) retrieved from /home/airflow/.local/lib/python3.7/site-packages/airflow/example_dags/example_sla_dag.py
[2022-08-06 01:39:35,291] {logging_mixin.py:115} INFO - [2022-08-06 01:39:35,291] {dag.py:2371} INFO - Sync 1 DAGs
[2022-08-06 01:39:35,314] {logging_mixin.py:115} INFO - [2022-08-06 01:39:35,314] {dag.py:2919} INFO - Setting next_dagrun for example_sla_dag to 2022-08-06T01:36:00+00:00, run_after=2022-08-06T01:38:00+00:00
[2022-08-06 01:39:35,325] {processor.py:161} INFO - Processing /home/airflow/.local/lib/python3.7/site-packages/airflow/example_dags/example_sla_dag.py took 0.234 seconds
[2022-08-06 01:40:05,668] {processor.py:153} INFO - Started process (PID=1393) to work on /home/airflow/.local/lib/python3.7/site-packages/airflow/example_dags/example_sla_dag.py
[2022-08-06 01:40:05,669] {processor.py:641} INFO - Processing file /home/airflow/.local/lib/python3.7/site-packages/airflow/example_dags/example_sla_dag.py for tasks to queue
[2022-08-06 01:40:05,670] {logging_mixin.py:115} INFO - [2022-08-06 01:40:05,670] {dagbag.py:507} INFO - Filling up the DagBag from /home/airflow/.local/lib/python3.7/site-packages/airflow/example_dags/example_sla_dag.py
[2022-08-06 01:40:05,763] {processor.py:651} INFO - DAG(s) dict_keys(['example_sla_dag']) retrieved from /home/airflow/.local/lib/python3.7/site-packages/airflow/example_dags/example_sla_dag.py
[2022-08-06 01:40:05,776] {logging_mixin.py:115} INFO - [2022-08-06 01:40:05,776] {dag.py:2371} INFO - Sync 1 DAGs
[2022-08-06 01:40:05,789] {logging_mixin.py:115} INFO - [2022-08-06 01:40:05,789] {dag.py:2919} INFO - Setting next_dagrun for example_sla_dag to 2022-08-06T01:38:00+00:00, run_after=2022-08-06T01:40:00+00:00
[2022-08-06 01:40:05,796] {processor.py:161} INFO - Processing /home/airflow/.local/lib/python3.7/site-packages/airflow/example_dags/example_sla_dag.py took 0.130 seconds
[2022-08-06 01:40:35,915] {processor.py:153} INFO - Started process (PID=1455) to work on /home/airflow/.local/lib/python3.7/site-packages/airflow/example_dags/example_sla_dag.py
[2022-08-06 01:40:35,916] {processor.py:641} INFO - Processing file /home/airflow/.local/lib/python3.7/site-packages/airflow/example_dags/example_sla_dag.py for tasks to queue
[2022-08-06 01:40:35,916] {logging_mixin.py:115} INFO - [2022-08-06 01:40:35,916] {dagbag.py:507} INFO - Filling up the DagBag from /home/airflow/.local/lib/python3.7/site-packages/airflow/example_dags/example_sla_dag.py
[2022-08-06 01:40:36,006] {processor.py:651} INFO - DAG(s) dict_keys(['example_sla_dag']) retrieved from /home/airflow/.local/lib/python3.7/site-packages/airflow/example_dags/example_sla_dag.py
[2022-08-06 01:40:36,018] {logging_mixin.py:115} INFO - [2022-08-06 01:40:36,018] {dag.py:2371} INFO - Sync 1 DAGs
[2022-08-06 01:40:36,031] {logging_mixin.py:115} INFO - [2022-08-06 01:40:36,031] {dag.py:2919} INFO - Setting next_dagrun for example_sla_dag to 2022-08-06T01:38:00+00:00, run_after=2022-08-06T01:40:00+00:00
[2022-08-06 01:40:36,039] {processor.py:161} INFO - Processing /home/airflow/.local/lib/python3.7/site-packages/airflow/example_dags/example_sla_dag.py took 0.126 seconds
[2022-08-06 01:41:06,840] {processor.py:153} INFO - Started process (PID=1509) to work on /home/airflow/.local/lib/python3.7/site-packages/airflow/example_dags/example_sla_dag.py
[2022-08-06 01:41:06,841] {processor.py:641} INFO - Processing file /home/airflow/.local/lib/python3.7/site-packages/airflow/example_dags/example_sla_dag.py for tasks to queue
[2022-08-06 01:41:06,842] {logging_mixin.py:115} INFO - [2022-08-06 01:41:06,842] {dagbag.py:507} INFO - Filling up the DagBag from /home/airflow/.local/lib/python3.7/site-packages/airflow/example_dags/example_sla_dag.py
[2022-08-06 01:41:06,942] {processor.py:651} INFO - DAG(s) dict_keys(['example_sla_dag']) retrieved from /home/airflow/.local/lib/python3.7/site-packages/airflow/example_dags/example_sla_dag.py
[2022-08-06 01:41:06,959] {logging_mixin.py:115} INFO - [2022-08-06 01:41:06,959] {dag.py:2371} INFO - Sync 1 DAGs
[2022-08-06 01:41:06,980] {logging_mixin.py:115} INFO - [2022-08-06 01:41:06,980] {dag.py:2919} INFO - Setting next_dagrun for example_sla_dag to 2022-08-06T01:38:00+00:00, run_after=2022-08-06T01:40:00+00:00
[2022-08-06 01:41:06,997] {processor.py:161} INFO - Processing /home/airflow/.local/lib/python3.7/site-packages/airflow/example_dags/example_sla_dag.py took 0.159 seconds
[2022-08-06 01:41:38,408] {processor.py:153} INFO - Started process (PID=1571) to work on /home/airflow/.local/lib/python3.7/site-packages/airflow/example_dags/example_sla_dag.py
[2022-08-06 01:41:38,410] {processor.py:641} INFO - Processing file /home/airflow/.local/lib/python3.7/site-packages/airflow/example_dags/example_sla_dag.py for tasks to queue
[2022-08-06 01:41:38,411] {logging_mixin.py:115} INFO - [2022-08-06 01:41:38,411] {dagbag.py:507} INFO - Filling up the DagBag from /home/airflow/.local/lib/python3.7/site-packages/airflow/example_dags/example_sla_dag.py
[2022-08-06 01:41:38,508] {processor.py:651} INFO - DAG(s) dict_keys(['example_sla_dag']) retrieved from /home/airflow/.local/lib/python3.7/site-packages/airflow/example_dags/example_sla_dag.py
[2022-08-06 01:41:38,521] {logging_mixin.py:115} INFO - [2022-08-06 01:41:38,521] {dag.py:2371} INFO - Sync 1 DAGs
[2022-08-06 01:41:38,536] {logging_mixin.py:115} INFO - [2022-08-06 01:41:38,536] {dag.py:2919} INFO - Setting next_dagrun for example_sla_dag to 2022-08-06T01:38:00+00:00, run_after=2022-08-06T01:40:00+00:00
[2022-08-06 01:41:38,543] {processor.py:161} INFO - Processing /home/airflow/.local/lib/python3.7/site-packages/airflow/example_dags/example_sla_dag.py took 0.138 seconds
[2022-08-06 01:42:08,675] {processor.py:153} INFO - Started process (PID=1631) to work on /home/airflow/.local/lib/python3.7/site-packages/airflow/example_dags/example_sla_dag.py
[2022-08-06 01:42:08,676] {processor.py:641} INFO - Processing file /home/airflow/.local/lib/python3.7/site-packages/airflow/example_dags/example_sla_dag.py for tasks to queue
[2022-08-06 01:42:08,677] {logging_mixin.py:115} INFO - [2022-08-06 01:42:08,677] {dagbag.py:507} INFO - Filling up the DagBag from /home/airflow/.local/lib/python3.7/site-packages/airflow/example_dags/example_sla_dag.py
[2022-08-06 01:42:08,761] {processor.py:651} INFO - DAG(s) dict_keys(['example_sla_dag']) retrieved from /home/airflow/.local/lib/python3.7/site-packages/airflow/example_dags/example_sla_dag.py
[2022-08-06 01:42:08,774] {logging_mixin.py:115} INFO - [2022-08-06 01:42:08,774] {dag.py:2371} INFO - Sync 1 DAGs
[2022-08-06 01:42:08,786] {logging_mixin.py:115} INFO - [2022-08-06 01:42:08,786] {dag.py:2919} INFO - Setting next_dagrun for example_sla_dag to 2022-08-06T01:40:00+00:00, run_after=2022-08-06T01:42:00+00:00
[2022-08-06 01:42:08,792] {processor.py:161} INFO - Processing /home/airflow/.local/lib/python3.7/site-packages/airflow/example_dags/example_sla_dag.py took 0.119 seconds
[2022-08-06 01:42:38,977] {processor.py:153} INFO - Started process (PID=1693) to work on /home/airflow/.local/lib/python3.7/site-packages/airflow/example_dags/example_sla_dag.py
[2022-08-06 01:42:38,979] {processor.py:641} INFO - Processing file /home/airflow/.local/lib/python3.7/site-packages/airflow/example_dags/example_sla_dag.py for tasks to queue
[2022-08-06 01:42:38,980] {logging_mixin.py:115} INFO - [2022-08-06 01:42:38,980] {dagbag.py:507} INFO - Filling up the DagBag from /home/airflow/.local/lib/python3.7/site-packages/airflow/example_dags/example_sla_dag.py
[2022-08-06 01:42:39,098] {processor.py:651} INFO - DAG(s) dict_keys(['example_sla_dag']) retrieved from /home/airflow/.local/lib/python3.7/site-packages/airflow/example_dags/example_sla_dag.py
[2022-08-06 01:42:39,112] {logging_mixin.py:115} INFO - [2022-08-06 01:42:39,112] {dag.py:2371} INFO - Sync 1 DAGs
[2022-08-06 01:42:39,131] {logging_mixin.py:115} INFO - [2022-08-06 01:42:39,131] {dag.py:2919} INFO - Setting next_dagrun for example_sla_dag to 2022-08-06T01:40:00+00:00, run_after=2022-08-06T01:42:00+00:00
[2022-08-06 01:42:39,143] {processor.py:161} INFO - Processing /home/airflow/.local/lib/python3.7/site-packages/airflow/example_dags/example_sla_dag.py took 0.170 seconds
[2022-08-06 01:43:09,240] {processor.py:153} INFO - Started process (PID=1755) to work on /home/airflow/.local/lib/python3.7/site-packages/airflow/example_dags/example_sla_dag.py
[2022-08-06 01:43:09,242] {processor.py:641} INFO - Processing file /home/airflow/.local/lib/python3.7/site-packages/airflow/example_dags/example_sla_dag.py for tasks to queue
[2022-08-06 01:43:09,243] {logging_mixin.py:115} INFO - [2022-08-06 01:43:09,243] {dagbag.py:507} INFO - Filling up the DagBag from /home/airflow/.local/lib/python3.7/site-packages/airflow/example_dags/example_sla_dag.py
[2022-08-06 01:43:09,346] {processor.py:651} INFO - DAG(s) dict_keys(['example_sla_dag']) retrieved from /home/airflow/.local/lib/python3.7/site-packages/airflow/example_dags/example_sla_dag.py
[2022-08-06 01:43:09,359] {logging_mixin.py:115} INFO - [2022-08-06 01:43:09,359] {dag.py:2371} INFO - Sync 1 DAGs
[2022-08-06 01:43:09,375] {logging_mixin.py:115} INFO - [2022-08-06 01:43:09,375] {dag.py:2919} INFO - Setting next_dagrun for example_sla_dag to 2022-08-06T01:40:00+00:00, run_after=2022-08-06T01:42:00+00:00
[2022-08-06 01:43:09,383] {processor.py:161} INFO - Processing /home/airflow/.local/lib/python3.7/site-packages/airflow/example_dags/example_sla_dag.py took 0.145 seconds
[2022-08-06 01:43:40,147] {processor.py:153} INFO - Started process (PID=1817) to work on /home/airflow/.local/lib/python3.7/site-packages/airflow/example_dags/example_sla_dag.py
[2022-08-06 01:43:40,149] {processor.py:641} INFO - Processing file /home/airflow/.local/lib/python3.7/site-packages/airflow/example_dags/example_sla_dag.py for tasks to queue
[2022-08-06 01:43:40,150] {logging_mixin.py:115} INFO - [2022-08-06 01:43:40,150] {dagbag.py:507} INFO - Filling up the DagBag from /home/airflow/.local/lib/python3.7/site-packages/airflow/example_dags/example_sla_dag.py
[2022-08-06 01:43:40,246] {processor.py:651} INFO - DAG(s) dict_keys(['example_sla_dag']) retrieved from /home/airflow/.local/lib/python3.7/site-packages/airflow/example_dags/example_sla_dag.py
[2022-08-06 01:43:40,258] {logging_mixin.py:115} INFO - [2022-08-06 01:43:40,258] {dag.py:2371} INFO - Sync 1 DAGs
[2022-08-06 01:43:40,271] {logging_mixin.py:115} INFO - [2022-08-06 01:43:40,271] {dag.py:2919} INFO - Setting next_dagrun for example_sla_dag to 2022-08-06T01:40:00+00:00, run_after=2022-08-06T01:42:00+00:00
[2022-08-06 01:43:40,280] {processor.py:161} INFO - Processing /home/airflow/.local/lib/python3.7/site-packages/airflow/example_dags/example_sla_dag.py took 0.136 seconds
[2022-08-06 01:44:11,194] {processor.py:153} INFO - Started process (PID=1879) to work on /home/airflow/.local/lib/python3.7/site-packages/airflow/example_dags/example_sla_dag.py
[2022-08-06 01:44:11,196] {processor.py:641} INFO - Processing file /home/airflow/.local/lib/python3.7/site-packages/airflow/example_dags/example_sla_dag.py for tasks to queue
[2022-08-06 01:44:11,197] {logging_mixin.py:115} INFO - [2022-08-06 01:44:11,197] {dagbag.py:507} INFO - Filling up the DagBag from /home/airflow/.local/lib/python3.7/site-packages/airflow/example_dags/example_sla_dag.py
[2022-08-06 01:44:11,323] {processor.py:651} INFO - DAG(s) dict_keys(['example_sla_dag']) retrieved from /home/airflow/.local/lib/python3.7/site-packages/airflow/example_dags/example_sla_dag.py
[2022-08-06 01:44:11,339] {logging_mixin.py:115} INFO - [2022-08-06 01:44:11,339] {dag.py:2371} INFO - Sync 1 DAGs
[2022-08-06 01:44:11,358] {logging_mixin.py:115} INFO - [2022-08-06 01:44:11,358] {dag.py:2919} INFO - Setting next_dagrun for example_sla_dag to 2022-08-06T01:42:00+00:00, run_after=2022-08-06T01:44:00+00:00
[2022-08-06 01:44:11,366] {processor.py:161} INFO - Processing /home/airflow/.local/lib/python3.7/site-packages/airflow/example_dags/example_sla_dag.py took 0.175 seconds
[2022-08-06 01:44:41,641] {processor.py:153} INFO - Started process (PID=1932) to work on /home/airflow/.local/lib/python3.7/site-packages/airflow/example_dags/example_sla_dag.py
[2022-08-06 01:44:41,642] {processor.py:641} INFO - Processing file /home/airflow/.local/lib/python3.7/site-packages/airflow/example_dags/example_sla_dag.py for tasks to queue
[2022-08-06 01:44:41,643] {logging_mixin.py:115} INFO - [2022-08-06 01:44:41,643] {dagbag.py:507} INFO - Filling up the DagBag from /home/airflow/.local/lib/python3.7/site-packages/airflow/example_dags/example_sla_dag.py
[2022-08-06 01:44:41,736] {processor.py:651} INFO - DAG(s) dict_keys(['example_sla_dag']) retrieved from /home/airflow/.local/lib/python3.7/site-packages/airflow/example_dags/example_sla_dag.py
[2022-08-06 01:44:41,750] {logging_mixin.py:115} INFO - [2022-08-06 01:44:41,750] {dag.py:2371} INFO - Sync 1 DAGs
[2022-08-06 01:44:41,763] {logging_mixin.py:115} INFO - [2022-08-06 01:44:41,763] {dag.py:2919} INFO - Setting next_dagrun for example_sla_dag to 2022-08-06T01:42:00+00:00, run_after=2022-08-06T01:44:00+00:00
[2022-08-06 01:44:41,770] {processor.py:161} INFO - Processing /home/airflow/.local/lib/python3.7/site-packages/airflow/example_dags/example_sla_dag.py took 0.131 seconds
[2022-08-06 01:45:11,920] {processor.py:153} INFO - Started process (PID=1993) to work on /home/airflow/.local/lib/python3.7/site-packages/airflow/example_dags/example_sla_dag.py
[2022-08-06 01:45:11,921] {processor.py:641} INFO - Processing file /home/airflow/.local/lib/python3.7/site-packages/airflow/example_dags/example_sla_dag.py for tasks to queue
[2022-08-06 01:45:11,922] {logging_mixin.py:115} INFO - [2022-08-06 01:45:11,922] {dagbag.py:507} INFO - Filling up the DagBag from /home/airflow/.local/lib/python3.7/site-packages/airflow/example_dags/example_sla_dag.py
[2022-08-06 01:45:12,013] {processor.py:651} INFO - DAG(s) dict_keys(['example_sla_dag']) retrieved from /home/airflow/.local/lib/python3.7/site-packages/airflow/example_dags/example_sla_dag.py
[2022-08-06 01:45:12,028] {logging_mixin.py:115} INFO - [2022-08-06 01:45:12,028] {dag.py:2371} INFO - Sync 1 DAGs
[2022-08-06 01:45:12,041] {logging_mixin.py:115} INFO - [2022-08-06 01:45:12,041] {dag.py:2919} INFO - Setting next_dagrun for example_sla_dag to 2022-08-06T01:42:00+00:00, run_after=2022-08-06T01:44:00+00:00
[2022-08-06 01:45:12,049] {processor.py:161} INFO - Processing /home/airflow/.local/lib/python3.7/site-packages/airflow/example_dags/example_sla_dag.py took 0.131 seconds
[2022-08-06 01:45:42,348] {processor.py:153} INFO - Started process (PID=2055) to work on /home/airflow/.local/lib/python3.7/site-packages/airflow/example_dags/example_sla_dag.py
[2022-08-06 01:45:42,350] {processor.py:641} INFO - Processing file /home/airflow/.local/lib/python3.7/site-packages/airflow/example_dags/example_sla_dag.py for tasks to queue
[2022-08-06 01:45:42,351] {logging_mixin.py:115} INFO - [2022-08-06 01:45:42,351] {dagbag.py:507} INFO - Filling up the DagBag from /home/airflow/.local/lib/python3.7/site-packages/airflow/example_dags/example_sla_dag.py
[2022-08-06 01:45:42,437] {processor.py:651} INFO - DAG(s) dict_keys(['example_sla_dag']) retrieved from /home/airflow/.local/lib/python3.7/site-packages/airflow/example_dags/example_sla_dag.py
[2022-08-06 01:45:42,450] {logging_mixin.py:115} INFO - [2022-08-06 01:45:42,450] {dag.py:2371} INFO - Sync 1 DAGs
[2022-08-06 01:45:42,461] {logging_mixin.py:115} INFO - [2022-08-06 01:45:42,461] {dag.py:2919} INFO - Setting next_dagrun for example_sla_dag to 2022-08-06T01:42:00+00:00, run_after=2022-08-06T01:44:00+00:00
[2022-08-06 01:45:42,468] {processor.py:161} INFO - Processing /home/airflow/.local/lib/python3.7/site-packages/airflow/example_dags/example_sla_dag.py took 0.123 seconds
[2022-08-06 01:46:12,731] {processor.py:153} INFO - Started process (PID=2117) to work on /home/airflow/.local/lib/python3.7/site-packages/airflow/example_dags/example_sla_dag.py
[2022-08-06 01:46:12,733] {processor.py:641} INFO - Processing file /home/airflow/.local/lib/python3.7/site-packages/airflow/example_dags/example_sla_dag.py for tasks to queue
[2022-08-06 01:46:12,733] {logging_mixin.py:115} INFO - [2022-08-06 01:46:12,733] {dagbag.py:507} INFO - Filling up the DagBag from /home/airflow/.local/lib/python3.7/site-packages/airflow/example_dags/example_sla_dag.py
[2022-08-06 01:46:12,811] {processor.py:651} INFO - DAG(s) dict_keys(['example_sla_dag']) retrieved from /home/airflow/.local/lib/python3.7/site-packages/airflow/example_dags/example_sla_dag.py
[2022-08-06 01:46:12,823] {logging_mixin.py:115} INFO - [2022-08-06 01:46:12,823] {dag.py:2371} INFO - Sync 1 DAGs
[2022-08-06 01:46:12,834] {logging_mixin.py:115} INFO - [2022-08-06 01:46:12,834] {dag.py:2919} INFO - Setting next_dagrun for example_sla_dag to 2022-08-06T01:44:00+00:00, run_after=2022-08-06T01:46:00+00:00
[2022-08-06 01:46:12,840] {processor.py:161} INFO - Processing /home/airflow/.local/lib/python3.7/site-packages/airflow/example_dags/example_sla_dag.py took 0.111 seconds
[2022-08-06 01:46:42,989] {processor.py:153} INFO - Started process (PID=2180) to work on /home/airflow/.local/lib/python3.7/site-packages/airflow/example_dags/example_sla_dag.py
[2022-08-06 01:46:42,993] {processor.py:641} INFO - Processing file /home/airflow/.local/lib/python3.7/site-packages/airflow/example_dags/example_sla_dag.py for tasks to queue
[2022-08-06 01:46:42,995] {logging_mixin.py:115} INFO - [2022-08-06 01:46:42,995] {dagbag.py:507} INFO - Filling up the DagBag from /home/airflow/.local/lib/python3.7/site-packages/airflow/example_dags/example_sla_dag.py
[2022-08-06 01:46:43,124] {processor.py:651} INFO - DAG(s) dict_keys(['example_sla_dag']) retrieved from /home/airflow/.local/lib/python3.7/site-packages/airflow/example_dags/example_sla_dag.py
[2022-08-06 01:46:43,138] {logging_mixin.py:115} INFO - [2022-08-06 01:46:43,138] {dag.py:2371} INFO - Sync 1 DAGs
[2022-08-06 01:46:43,154] {logging_mixin.py:115} INFO - [2022-08-06 01:46:43,154] {dag.py:2919} INFO - Setting next_dagrun for example_sla_dag to 2022-08-06T01:44:00+00:00, run_after=2022-08-06T01:46:00+00:00
[2022-08-06 01:46:43,161] {processor.py:161} INFO - Processing /home/airflow/.local/lib/python3.7/site-packages/airflow/example_dags/example_sla_dag.py took 0.174 seconds
[2022-08-06 01:47:13,221] {processor.py:153} INFO - Started process (PID=2233) to work on /home/airflow/.local/lib/python3.7/site-packages/airflow/example_dags/example_sla_dag.py
[2022-08-06 01:47:13,222] {processor.py:641} INFO - Processing file /home/airflow/.local/lib/python3.7/site-packages/airflow/example_dags/example_sla_dag.py for tasks to queue
[2022-08-06 01:47:13,223] {logging_mixin.py:115} INFO - [2022-08-06 01:47:13,223] {dagbag.py:507} INFO - Filling up the DagBag from /home/airflow/.local/lib/python3.7/site-packages/airflow/example_dags/example_sla_dag.py
[2022-08-06 01:47:13,319] {processor.py:651} INFO - DAG(s) dict_keys(['example_sla_dag']) retrieved from /home/airflow/.local/lib/python3.7/site-packages/airflow/example_dags/example_sla_dag.py
[2022-08-06 01:47:13,332] {logging_mixin.py:115} INFO - [2022-08-06 01:47:13,332] {dag.py:2371} INFO - Sync 1 DAGs
[2022-08-06 01:47:13,345] {logging_mixin.py:115} INFO - [2022-08-06 01:47:13,345] {dag.py:2919} INFO - Setting next_dagrun for example_sla_dag to 2022-08-06T01:44:00+00:00, run_after=2022-08-06T01:46:00+00:00
[2022-08-06 01:47:13,353] {processor.py:161} INFO - Processing /home/airflow/.local/lib/python3.7/site-packages/airflow/example_dags/example_sla_dag.py took 0.135 seconds
