[2022-08-06 00:01:54,792] {processor.py:153} INFO - Started process (PID=3435) to work on /home/airflow/.local/lib/python3.7/site-packages/airflow/example_dags/example_xcomargs.py
[2022-08-06 00:01:54,792] {processor.py:641} INFO - Processing file /home/airflow/.local/lib/python3.7/site-packages/airflow/example_dags/example_xcomargs.py for tasks to queue
[2022-08-06 00:01:54,794] {logging_mixin.py:115} INFO - [2022-08-06 00:01:54,793] {dagbag.py:507} INFO - Filling up the DagBag from /home/airflow/.local/lib/python3.7/site-packages/airflow/example_dags/example_xcomargs.py
[2022-08-06 00:01:54,805] {processor.py:651} INFO - DAG(s) dict_keys(['example_xcom_args', 'example_xcom_args_with_operators']) retrieved from /home/airflow/.local/lib/python3.7/site-packages/airflow/example_dags/example_xcomargs.py
[2022-08-06 00:01:54,849] {logging_mixin.py:115} INFO - [2022-08-06 00:01:54,849] {dag.py:2371} INFO - Sync 2 DAGs
[2022-08-06 00:01:54,860] {logging_mixin.py:115} INFO - [2022-08-06 00:01:54,860] {dag.py:2919} INFO - Setting next_dagrun for example_xcom_args to None, run_after=None
[2022-08-06 00:01:54,861] {logging_mixin.py:115} INFO - [2022-08-06 00:01:54,861] {dag.py:2919} INFO - Setting next_dagrun for example_xcom_args_with_operators to None, run_after=None
[2022-08-06 00:01:54,868] {processor.py:161} INFO - Processing /home/airflow/.local/lib/python3.7/site-packages/airflow/example_dags/example_xcomargs.py took 0.079 seconds
[2022-08-06 00:02:25,050] {processor.py:153} INFO - Started process (PID=3496) to work on /home/airflow/.local/lib/python3.7/site-packages/airflow/example_dags/example_xcomargs.py
[2022-08-06 00:02:25,053] {processor.py:641} INFO - Processing file /home/airflow/.local/lib/python3.7/site-packages/airflow/example_dags/example_xcomargs.py for tasks to queue
[2022-08-06 00:02:25,055] {logging_mixin.py:115} INFO - [2022-08-06 00:02:25,055] {dagbag.py:507} INFO - Filling up the DagBag from /home/airflow/.local/lib/python3.7/site-packages/airflow/example_dags/example_xcomargs.py
[2022-08-06 00:02:25,065] {processor.py:651} INFO - DAG(s) dict_keys(['example_xcom_args', 'example_xcom_args_with_operators']) retrieved from /home/airflow/.local/lib/python3.7/site-packages/airflow/example_dags/example_xcomargs.py
[2022-08-06 00:02:25,110] {logging_mixin.py:115} INFO - [2022-08-06 00:02:25,109] {dag.py:2371} INFO - Sync 2 DAGs
[2022-08-06 00:02:25,124] {logging_mixin.py:115} INFO - [2022-08-06 00:02:25,124] {dag.py:2919} INFO - Setting next_dagrun for example_xcom_args to None, run_after=None
[2022-08-06 00:02:25,125] {logging_mixin.py:115} INFO - [2022-08-06 00:02:25,125] {dag.py:2919} INFO - Setting next_dagrun for example_xcom_args_with_operators to None, run_after=None
[2022-08-06 00:02:25,138] {processor.py:161} INFO - Processing /home/airflow/.local/lib/python3.7/site-packages/airflow/example_dags/example_xcomargs.py took 0.091 seconds
[2022-08-06 00:02:55,630] {processor.py:153} INFO - Started process (PID=3557) to work on /home/airflow/.local/lib/python3.7/site-packages/airflow/example_dags/example_xcomargs.py
[2022-08-06 00:02:55,631] {processor.py:641} INFO - Processing file /home/airflow/.local/lib/python3.7/site-packages/airflow/example_dags/example_xcomargs.py for tasks to queue
[2022-08-06 00:02:55,633] {logging_mixin.py:115} INFO - [2022-08-06 00:02:55,633] {dagbag.py:507} INFO - Filling up the DagBag from /home/airflow/.local/lib/python3.7/site-packages/airflow/example_dags/example_xcomargs.py
[2022-08-06 00:02:55,646] {processor.py:651} INFO - DAG(s) dict_keys(['example_xcom_args', 'example_xcom_args_with_operators']) retrieved from /home/airflow/.local/lib/python3.7/site-packages/airflow/example_dags/example_xcomargs.py
[2022-08-06 00:02:55,688] {logging_mixin.py:115} INFO - [2022-08-06 00:02:55,688] {dag.py:2371} INFO - Sync 2 DAGs
[2022-08-06 00:02:55,700] {logging_mixin.py:115} INFO - [2022-08-06 00:02:55,700] {dag.py:2919} INFO - Setting next_dagrun for example_xcom_args to None, run_after=None
[2022-08-06 00:02:55,701] {logging_mixin.py:115} INFO - [2022-08-06 00:02:55,701] {dag.py:2919} INFO - Setting next_dagrun for example_xcom_args_with_operators to None, run_after=None
[2022-08-06 00:02:55,712] {processor.py:161} INFO - Processing /home/airflow/.local/lib/python3.7/site-packages/airflow/example_dags/example_xcomargs.py took 0.084 seconds
[2022-08-06 00:03:26,111] {processor.py:153} INFO - Started process (PID=3620) to work on /home/airflow/.local/lib/python3.7/site-packages/airflow/example_dags/example_xcomargs.py
[2022-08-06 00:03:26,112] {processor.py:641} INFO - Processing file /home/airflow/.local/lib/python3.7/site-packages/airflow/example_dags/example_xcomargs.py for tasks to queue
[2022-08-06 00:03:26,113] {logging_mixin.py:115} INFO - [2022-08-06 00:03:26,113] {dagbag.py:507} INFO - Filling up the DagBag from /home/airflow/.local/lib/python3.7/site-packages/airflow/example_dags/example_xcomargs.py
[2022-08-06 00:03:26,123] {processor.py:651} INFO - DAG(s) dict_keys(['example_xcom_args', 'example_xcom_args_with_operators']) retrieved from /home/airflow/.local/lib/python3.7/site-packages/airflow/example_dags/example_xcomargs.py
[2022-08-06 00:03:26,162] {logging_mixin.py:115} INFO - [2022-08-06 00:03:26,162] {dag.py:2371} INFO - Sync 2 DAGs
[2022-08-06 00:03:26,174] {logging_mixin.py:115} INFO - [2022-08-06 00:03:26,174] {dag.py:2919} INFO - Setting next_dagrun for example_xcom_args to None, run_after=None
[2022-08-06 00:03:26,175] {logging_mixin.py:115} INFO - [2022-08-06 00:03:26,175] {dag.py:2919} INFO - Setting next_dagrun for example_xcom_args_with_operators to None, run_after=None
[2022-08-06 00:03:26,182] {processor.py:161} INFO - Processing /home/airflow/.local/lib/python3.7/site-packages/airflow/example_dags/example_xcomargs.py took 0.074 seconds
[2022-08-06 00:03:56,530] {processor.py:153} INFO - Started process (PID=3682) to work on /home/airflow/.local/lib/python3.7/site-packages/airflow/example_dags/example_xcomargs.py
[2022-08-06 00:03:56,531] {processor.py:641} INFO - Processing file /home/airflow/.local/lib/python3.7/site-packages/airflow/example_dags/example_xcomargs.py for tasks to queue
[2022-08-06 00:03:56,532] {logging_mixin.py:115} INFO - [2022-08-06 00:03:56,532] {dagbag.py:507} INFO - Filling up the DagBag from /home/airflow/.local/lib/python3.7/site-packages/airflow/example_dags/example_xcomargs.py
[2022-08-06 00:03:56,544] {processor.py:651} INFO - DAG(s) dict_keys(['example_xcom_args', 'example_xcom_args_with_operators']) retrieved from /home/airflow/.local/lib/python3.7/site-packages/airflow/example_dags/example_xcomargs.py
[2022-08-06 00:03:56,599] {logging_mixin.py:115} INFO - [2022-08-06 00:03:56,599] {dag.py:2371} INFO - Sync 2 DAGs
[2022-08-06 00:03:56,611] {logging_mixin.py:115} INFO - [2022-08-06 00:03:56,611] {dag.py:2919} INFO - Setting next_dagrun for example_xcom_args to None, run_after=None
[2022-08-06 00:03:56,613] {logging_mixin.py:115} INFO - [2022-08-06 00:03:56,613] {dag.py:2919} INFO - Setting next_dagrun for example_xcom_args_with_operators to None, run_after=None
[2022-08-06 00:03:56,626] {processor.py:161} INFO - Processing /home/airflow/.local/lib/python3.7/site-packages/airflow/example_dags/example_xcomargs.py took 0.099 seconds
[2022-08-06 00:04:26,763] {processor.py:153} INFO - Started process (PID=3735) to work on /home/airflow/.local/lib/python3.7/site-packages/airflow/example_dags/example_xcomargs.py
[2022-08-06 00:04:26,764] {processor.py:641} INFO - Processing file /home/airflow/.local/lib/python3.7/site-packages/airflow/example_dags/example_xcomargs.py for tasks to queue
[2022-08-06 00:04:26,765] {logging_mixin.py:115} INFO - [2022-08-06 00:04:26,765] {dagbag.py:507} INFO - Filling up the DagBag from /home/airflow/.local/lib/python3.7/site-packages/airflow/example_dags/example_xcomargs.py
[2022-08-06 00:04:26,776] {processor.py:651} INFO - DAG(s) dict_keys(['example_xcom_args', 'example_xcom_args_with_operators']) retrieved from /home/airflow/.local/lib/python3.7/site-packages/airflow/example_dags/example_xcomargs.py
[2022-08-06 00:04:26,794] {logging_mixin.py:115} INFO - [2022-08-06 00:04:26,794] {dag.py:2371} INFO - Sync 2 DAGs
[2022-08-06 00:04:26,806] {logging_mixin.py:115} INFO - [2022-08-06 00:04:26,806] {dag.py:2919} INFO - Setting next_dagrun for example_xcom_args to None, run_after=None
[2022-08-06 00:04:26,809] {logging_mixin.py:115} INFO - [2022-08-06 00:04:26,809] {dag.py:2919} INFO - Setting next_dagrun for example_xcom_args_with_operators to None, run_after=None
[2022-08-06 00:04:26,817] {processor.py:161} INFO - Processing /home/airflow/.local/lib/python3.7/site-packages/airflow/example_dags/example_xcomargs.py took 0.056 seconds
[2022-08-06 00:04:57,755] {processor.py:153} INFO - Started process (PID=3797) to work on /home/airflow/.local/lib/python3.7/site-packages/airflow/example_dags/example_xcomargs.py
[2022-08-06 00:04:57,756] {processor.py:641} INFO - Processing file /home/airflow/.local/lib/python3.7/site-packages/airflow/example_dags/example_xcomargs.py for tasks to queue
[2022-08-06 00:04:57,757] {logging_mixin.py:115} INFO - [2022-08-06 00:04:57,757] {dagbag.py:507} INFO - Filling up the DagBag from /home/airflow/.local/lib/python3.7/site-packages/airflow/example_dags/example_xcomargs.py
[2022-08-06 00:04:57,768] {processor.py:651} INFO - DAG(s) dict_keys(['example_xcom_args', 'example_xcom_args_with_operators']) retrieved from /home/airflow/.local/lib/python3.7/site-packages/airflow/example_dags/example_xcomargs.py
[2022-08-06 00:04:57,784] {logging_mixin.py:115} INFO - [2022-08-06 00:04:57,784] {dag.py:2371} INFO - Sync 2 DAGs
[2022-08-06 00:04:57,797] {logging_mixin.py:115} INFO - [2022-08-06 00:04:57,797] {dag.py:2919} INFO - Setting next_dagrun for example_xcom_args to None, run_after=None
[2022-08-06 00:04:57,798] {logging_mixin.py:115} INFO - [2022-08-06 00:04:57,798] {dag.py:2919} INFO - Setting next_dagrun for example_xcom_args_with_operators to None, run_after=None
[2022-08-06 00:04:57,804] {processor.py:161} INFO - Processing /home/airflow/.local/lib/python3.7/site-packages/airflow/example_dags/example_xcomargs.py took 0.052 seconds
[2022-08-06 00:07:14,007] {processor.py:153} INFO - Started process (PID=38) to work on /home/airflow/.local/lib/python3.7/site-packages/airflow/example_dags/example_xcomargs.py
[2022-08-06 00:07:14,009] {processor.py:641} INFO - Processing file /home/airflow/.local/lib/python3.7/site-packages/airflow/example_dags/example_xcomargs.py for tasks to queue
[2022-08-06 00:07:14,010] {logging_mixin.py:115} INFO - [2022-08-06 00:07:14,010] {dagbag.py:507} INFO - Filling up the DagBag from /home/airflow/.local/lib/python3.7/site-packages/airflow/example_dags/example_xcomargs.py
[2022-08-06 00:07:14,026] {processor.py:651} INFO - DAG(s) dict_keys(['example_xcom_args', 'example_xcom_args_with_operators']) retrieved from /home/airflow/.local/lib/python3.7/site-packages/airflow/example_dags/example_xcomargs.py
[2022-08-06 00:07:14,216] {logging_mixin.py:115} INFO - [2022-08-06 00:07:14,216] {dag.py:2371} INFO - Sync 2 DAGs
[2022-08-06 00:07:14,242] {logging_mixin.py:115} INFO - [2022-08-06 00:07:14,242] {dag.py:2919} INFO - Setting next_dagrun for example_xcom_args to None, run_after=None
[2022-08-06 00:07:14,244] {logging_mixin.py:115} INFO - [2022-08-06 00:07:14,243] {dag.py:2919} INFO - Setting next_dagrun for example_xcom_args_with_operators to None, run_after=None
[2022-08-06 00:07:14,269] {processor.py:161} INFO - Processing /home/airflow/.local/lib/python3.7/site-packages/airflow/example_dags/example_xcomargs.py took 0.264 seconds
[2022-08-06 00:07:44,355] {processor.py:153} INFO - Started process (PID=100) to work on /home/airflow/.local/lib/python3.7/site-packages/airflow/example_dags/example_xcomargs.py
[2022-08-06 00:07:44,357] {processor.py:641} INFO - Processing file /home/airflow/.local/lib/python3.7/site-packages/airflow/example_dags/example_xcomargs.py for tasks to queue
[2022-08-06 00:07:44,358] {logging_mixin.py:115} INFO - [2022-08-06 00:07:44,358] {dagbag.py:507} INFO - Filling up the DagBag from /home/airflow/.local/lib/python3.7/site-packages/airflow/example_dags/example_xcomargs.py
[2022-08-06 00:07:44,370] {processor.py:651} INFO - DAG(s) dict_keys(['example_xcom_args', 'example_xcom_args_with_operators']) retrieved from /home/airflow/.local/lib/python3.7/site-packages/airflow/example_dags/example_xcomargs.py
[2022-08-06 00:07:44,497] {logging_mixin.py:115} INFO - [2022-08-06 00:07:44,497] {dag.py:2371} INFO - Sync 2 DAGs
[2022-08-06 00:07:44,509] {logging_mixin.py:115} INFO - [2022-08-06 00:07:44,509] {dag.py:2919} INFO - Setting next_dagrun for example_xcom_args to None, run_after=None
[2022-08-06 00:07:44,510] {logging_mixin.py:115} INFO - [2022-08-06 00:07:44,510] {dag.py:2919} INFO - Setting next_dagrun for example_xcom_args_with_operators to None, run_after=None
[2022-08-06 00:07:44,519] {processor.py:161} INFO - Processing /home/airflow/.local/lib/python3.7/site-packages/airflow/example_dags/example_xcomargs.py took 0.166 seconds
[2022-08-06 00:08:15,474] {processor.py:153} INFO - Started process (PID=161) to work on /home/airflow/.local/lib/python3.7/site-packages/airflow/example_dags/example_xcomargs.py
[2022-08-06 00:08:15,475] {processor.py:641} INFO - Processing file /home/airflow/.local/lib/python3.7/site-packages/airflow/example_dags/example_xcomargs.py for tasks to queue
[2022-08-06 00:08:15,476] {logging_mixin.py:115} INFO - [2022-08-06 00:08:15,476] {dagbag.py:507} INFO - Filling up the DagBag from /home/airflow/.local/lib/python3.7/site-packages/airflow/example_dags/example_xcomargs.py
[2022-08-06 00:08:15,486] {processor.py:651} INFO - DAG(s) dict_keys(['example_xcom_args', 'example_xcom_args_with_operators']) retrieved from /home/airflow/.local/lib/python3.7/site-packages/airflow/example_dags/example_xcomargs.py
[2022-08-06 00:08:15,609] {logging_mixin.py:115} INFO - [2022-08-06 00:08:15,609] {dag.py:2371} INFO - Sync 2 DAGs
[2022-08-06 00:08:15,621] {logging_mixin.py:115} INFO - [2022-08-06 00:08:15,621] {dag.py:2919} INFO - Setting next_dagrun for example_xcom_args to None, run_after=None
[2022-08-06 00:08:15,622] {logging_mixin.py:115} INFO - [2022-08-06 00:08:15,622] {dag.py:2919} INFO - Setting next_dagrun for example_xcom_args_with_operators to None, run_after=None
[2022-08-06 00:08:15,632] {processor.py:161} INFO - Processing /home/airflow/.local/lib/python3.7/site-packages/airflow/example_dags/example_xcomargs.py took 0.160 seconds
[2022-08-06 00:08:45,980] {processor.py:153} INFO - Started process (PID=223) to work on /home/airflow/.local/lib/python3.7/site-packages/airflow/example_dags/example_xcomargs.py
[2022-08-06 00:08:45,982] {processor.py:641} INFO - Processing file /home/airflow/.local/lib/python3.7/site-packages/airflow/example_dags/example_xcomargs.py for tasks to queue
[2022-08-06 00:08:45,982] {logging_mixin.py:115} INFO - [2022-08-06 00:08:45,982] {dagbag.py:507} INFO - Filling up the DagBag from /home/airflow/.local/lib/python3.7/site-packages/airflow/example_dags/example_xcomargs.py
[2022-08-06 00:08:45,993] {processor.py:651} INFO - DAG(s) dict_keys(['example_xcom_args', 'example_xcom_args_with_operators']) retrieved from /home/airflow/.local/lib/python3.7/site-packages/airflow/example_dags/example_xcomargs.py
[2022-08-06 00:08:46,103] {logging_mixin.py:115} INFO - [2022-08-06 00:08:46,103] {dag.py:2371} INFO - Sync 2 DAGs
[2022-08-06 00:08:46,116] {logging_mixin.py:115} INFO - [2022-08-06 00:08:46,116] {dag.py:2919} INFO - Setting next_dagrun for example_xcom_args to None, run_after=None
[2022-08-06 00:08:46,118] {logging_mixin.py:115} INFO - [2022-08-06 00:08:46,118] {dag.py:2919} INFO - Setting next_dagrun for example_xcom_args_with_operators to None, run_after=None
[2022-08-06 00:08:46,128] {processor.py:161} INFO - Processing /home/airflow/.local/lib/python3.7/site-packages/airflow/example_dags/example_xcomargs.py took 0.150 seconds
[2022-08-06 00:09:16,713] {processor.py:153} INFO - Started process (PID=285) to work on /home/airflow/.local/lib/python3.7/site-packages/airflow/example_dags/example_xcomargs.py
[2022-08-06 00:09:16,715] {processor.py:641} INFO - Processing file /home/airflow/.local/lib/python3.7/site-packages/airflow/example_dags/example_xcomargs.py for tasks to queue
[2022-08-06 00:09:16,716] {logging_mixin.py:115} INFO - [2022-08-06 00:09:16,716] {dagbag.py:507} INFO - Filling up the DagBag from /home/airflow/.local/lib/python3.7/site-packages/airflow/example_dags/example_xcomargs.py
[2022-08-06 00:09:16,728] {processor.py:651} INFO - DAG(s) dict_keys(['example_xcom_args', 'example_xcom_args_with_operators']) retrieved from /home/airflow/.local/lib/python3.7/site-packages/airflow/example_dags/example_xcomargs.py
[2022-08-06 00:09:16,846] {logging_mixin.py:115} INFO - [2022-08-06 00:09:16,846] {dag.py:2371} INFO - Sync 2 DAGs
[2022-08-06 00:09:16,858] {logging_mixin.py:115} INFO - [2022-08-06 00:09:16,858] {dag.py:2919} INFO - Setting next_dagrun for example_xcom_args to None, run_after=None
[2022-08-06 00:09:16,859] {logging_mixin.py:115} INFO - [2022-08-06 00:09:16,859] {dag.py:2919} INFO - Setting next_dagrun for example_xcom_args_with_operators to None, run_after=None
[2022-08-06 00:09:16,868] {processor.py:161} INFO - Processing /home/airflow/.local/lib/python3.7/site-packages/airflow/example_dags/example_xcomargs.py took 0.156 seconds
[2022-08-06 00:09:47,302] {processor.py:153} INFO - Started process (PID=347) to work on /home/airflow/.local/lib/python3.7/site-packages/airflow/example_dags/example_xcomargs.py
[2022-08-06 00:09:47,304] {processor.py:641} INFO - Processing file /home/airflow/.local/lib/python3.7/site-packages/airflow/example_dags/example_xcomargs.py for tasks to queue
[2022-08-06 00:09:47,305] {logging_mixin.py:115} INFO - [2022-08-06 00:09:47,305] {dagbag.py:507} INFO - Filling up the DagBag from /home/airflow/.local/lib/python3.7/site-packages/airflow/example_dags/example_xcomargs.py
[2022-08-06 00:09:47,322] {processor.py:651} INFO - DAG(s) dict_keys(['example_xcom_args', 'example_xcom_args_with_operators']) retrieved from /home/airflow/.local/lib/python3.7/site-packages/airflow/example_dags/example_xcomargs.py
[2022-08-06 00:09:47,472] {logging_mixin.py:115} INFO - [2022-08-06 00:09:47,472] {dag.py:2371} INFO - Sync 2 DAGs
[2022-08-06 00:09:47,485] {logging_mixin.py:115} INFO - [2022-08-06 00:09:47,485] {dag.py:2919} INFO - Setting next_dagrun for example_xcom_args to None, run_after=None
[2022-08-06 00:09:47,487] {logging_mixin.py:115} INFO - [2022-08-06 00:09:47,487] {dag.py:2919} INFO - Setting next_dagrun for example_xcom_args_with_operators to None, run_after=None
[2022-08-06 00:09:47,499] {processor.py:161} INFO - Processing /home/airflow/.local/lib/python3.7/site-packages/airflow/example_dags/example_xcomargs.py took 0.200 seconds
[2022-08-06 00:10:17,991] {processor.py:153} INFO - Started process (PID=401) to work on /home/airflow/.local/lib/python3.7/site-packages/airflow/example_dags/example_xcomargs.py
[2022-08-06 00:10:17,993] {processor.py:641} INFO - Processing file /home/airflow/.local/lib/python3.7/site-packages/airflow/example_dags/example_xcomargs.py for tasks to queue
[2022-08-06 00:10:17,994] {logging_mixin.py:115} INFO - [2022-08-06 00:10:17,994] {dagbag.py:507} INFO - Filling up the DagBag from /home/airflow/.local/lib/python3.7/site-packages/airflow/example_dags/example_xcomargs.py
[2022-08-06 00:10:18,007] {processor.py:651} INFO - DAG(s) dict_keys(['example_xcom_args', 'example_xcom_args_with_operators']) retrieved from /home/airflow/.local/lib/python3.7/site-packages/airflow/example_dags/example_xcomargs.py
[2022-08-06 00:10:18,140] {logging_mixin.py:115} INFO - [2022-08-06 00:10:18,139] {dag.py:2371} INFO - Sync 2 DAGs
[2022-08-06 00:10:18,152] {logging_mixin.py:115} INFO - [2022-08-06 00:10:18,152] {dag.py:2919} INFO - Setting next_dagrun for example_xcom_args to None, run_after=None
[2022-08-06 00:10:18,154] {logging_mixin.py:115} INFO - [2022-08-06 00:10:18,153] {dag.py:2919} INFO - Setting next_dagrun for example_xcom_args_with_operators to None, run_after=None
[2022-08-06 00:10:18,163] {processor.py:161} INFO - Processing /home/airflow/.local/lib/python3.7/site-packages/airflow/example_dags/example_xcomargs.py took 0.175 seconds
[2022-08-06 00:10:48,850] {processor.py:153} INFO - Started process (PID=462) to work on /home/airflow/.local/lib/python3.7/site-packages/airflow/example_dags/example_xcomargs.py
[2022-08-06 00:10:48,853] {processor.py:641} INFO - Processing file /home/airflow/.local/lib/python3.7/site-packages/airflow/example_dags/example_xcomargs.py for tasks to queue
[2022-08-06 00:10:48,854] {logging_mixin.py:115} INFO - [2022-08-06 00:10:48,854] {dagbag.py:507} INFO - Filling up the DagBag from /home/airflow/.local/lib/python3.7/site-packages/airflow/example_dags/example_xcomargs.py
[2022-08-06 00:10:48,870] {processor.py:651} INFO - DAG(s) dict_keys(['example_xcom_args', 'example_xcom_args_with_operators']) retrieved from /home/airflow/.local/lib/python3.7/site-packages/airflow/example_dags/example_xcomargs.py
[2022-08-06 00:10:49,014] {logging_mixin.py:115} INFO - [2022-08-06 00:10:49,014] {dag.py:2371} INFO - Sync 2 DAGs
[2022-08-06 00:10:49,027] {logging_mixin.py:115} INFO - [2022-08-06 00:10:49,027] {dag.py:2919} INFO - Setting next_dagrun for example_xcom_args to None, run_after=None
[2022-08-06 00:10:49,028] {logging_mixin.py:115} INFO - [2022-08-06 00:10:49,028] {dag.py:2919} INFO - Setting next_dagrun for example_xcom_args_with_operators to None, run_after=None
[2022-08-06 00:10:49,039] {processor.py:161} INFO - Processing /home/airflow/.local/lib/python3.7/site-packages/airflow/example_dags/example_xcomargs.py took 0.192 seconds
[2022-08-06 00:11:19,807] {processor.py:153} INFO - Started process (PID=523) to work on /home/airflow/.local/lib/python3.7/site-packages/airflow/example_dags/example_xcomargs.py
[2022-08-06 00:11:19,809] {processor.py:641} INFO - Processing file /home/airflow/.local/lib/python3.7/site-packages/airflow/example_dags/example_xcomargs.py for tasks to queue
[2022-08-06 00:11:19,810] {logging_mixin.py:115} INFO - [2022-08-06 00:11:19,810] {dagbag.py:507} INFO - Filling up the DagBag from /home/airflow/.local/lib/python3.7/site-packages/airflow/example_dags/example_xcomargs.py
[2022-08-06 00:11:19,824] {processor.py:651} INFO - DAG(s) dict_keys(['example_xcom_args', 'example_xcom_args_with_operators']) retrieved from /home/airflow/.local/lib/python3.7/site-packages/airflow/example_dags/example_xcomargs.py
[2022-08-06 00:11:19,946] {logging_mixin.py:115} INFO - [2022-08-06 00:11:19,946] {dag.py:2371} INFO - Sync 2 DAGs
[2022-08-06 00:11:19,958] {logging_mixin.py:115} INFO - [2022-08-06 00:11:19,958] {dag.py:2919} INFO - Setting next_dagrun for example_xcom_args to None, run_after=None
[2022-08-06 00:11:19,959] {logging_mixin.py:115} INFO - [2022-08-06 00:11:19,959] {dag.py:2919} INFO - Setting next_dagrun for example_xcom_args_with_operators to None, run_after=None
[2022-08-06 00:11:19,970] {processor.py:161} INFO - Processing /home/airflow/.local/lib/python3.7/site-packages/airflow/example_dags/example_xcomargs.py took 0.164 seconds
[2022-08-06 00:11:50,478] {processor.py:153} INFO - Started process (PID=585) to work on /home/airflow/.local/lib/python3.7/site-packages/airflow/example_dags/example_xcomargs.py
[2022-08-06 00:11:50,479] {processor.py:641} INFO - Processing file /home/airflow/.local/lib/python3.7/site-packages/airflow/example_dags/example_xcomargs.py for tasks to queue
[2022-08-06 00:11:50,480] {logging_mixin.py:115} INFO - [2022-08-06 00:11:50,480] {dagbag.py:507} INFO - Filling up the DagBag from /home/airflow/.local/lib/python3.7/site-packages/airflow/example_dags/example_xcomargs.py
[2022-08-06 00:11:50,491] {processor.py:651} INFO - DAG(s) dict_keys(['example_xcom_args', 'example_xcom_args_with_operators']) retrieved from /home/airflow/.local/lib/python3.7/site-packages/airflow/example_dags/example_xcomargs.py
[2022-08-06 00:11:50,632] {logging_mixin.py:115} INFO - [2022-08-06 00:11:50,632] {dag.py:2371} INFO - Sync 2 DAGs
[2022-08-06 00:11:50,644] {logging_mixin.py:115} INFO - [2022-08-06 00:11:50,643] {dag.py:2919} INFO - Setting next_dagrun for example_xcom_args to None, run_after=None
[2022-08-06 00:11:50,645] {logging_mixin.py:115} INFO - [2022-08-06 00:11:50,645] {dag.py:2919} INFO - Setting next_dagrun for example_xcom_args_with_operators to None, run_after=None
[2022-08-06 00:11:50,654] {processor.py:161} INFO - Processing /home/airflow/.local/lib/python3.7/site-packages/airflow/example_dags/example_xcomargs.py took 0.178 seconds
[2022-08-06 00:12:20,957] {processor.py:153} INFO - Started process (PID=647) to work on /home/airflow/.local/lib/python3.7/site-packages/airflow/example_dags/example_xcomargs.py
[2022-08-06 00:12:20,959] {processor.py:641} INFO - Processing file /home/airflow/.local/lib/python3.7/site-packages/airflow/example_dags/example_xcomargs.py for tasks to queue
[2022-08-06 00:12:20,961] {logging_mixin.py:115} INFO - [2022-08-06 00:12:20,961] {dagbag.py:507} INFO - Filling up the DagBag from /home/airflow/.local/lib/python3.7/site-packages/airflow/example_dags/example_xcomargs.py
[2022-08-06 00:12:20,972] {processor.py:651} INFO - DAG(s) dict_keys(['example_xcom_args', 'example_xcom_args_with_operators']) retrieved from /home/airflow/.local/lib/python3.7/site-packages/airflow/example_dags/example_xcomargs.py
[2022-08-06 00:12:21,095] {logging_mixin.py:115} INFO - [2022-08-06 00:12:21,095] {dag.py:2371} INFO - Sync 2 DAGs
[2022-08-06 00:12:21,105] {logging_mixin.py:115} INFO - [2022-08-06 00:12:21,105] {dag.py:2919} INFO - Setting next_dagrun for example_xcom_args to None, run_after=None
[2022-08-06 00:12:21,106] {logging_mixin.py:115} INFO - [2022-08-06 00:12:21,106] {dag.py:2919} INFO - Setting next_dagrun for example_xcom_args_with_operators to None, run_after=None
[2022-08-06 00:12:21,114] {processor.py:161} INFO - Processing /home/airflow/.local/lib/python3.7/site-packages/airflow/example_dags/example_xcomargs.py took 0.159 seconds
[2022-08-06 00:12:52,070] {processor.py:153} INFO - Started process (PID=710) to work on /home/airflow/.local/lib/python3.7/site-packages/airflow/example_dags/example_xcomargs.py
[2022-08-06 00:12:52,072] {processor.py:641} INFO - Processing file /home/airflow/.local/lib/python3.7/site-packages/airflow/example_dags/example_xcomargs.py for tasks to queue
[2022-08-06 00:12:52,073] {logging_mixin.py:115} INFO - [2022-08-06 00:12:52,072] {dagbag.py:507} INFO - Filling up the DagBag from /home/airflow/.local/lib/python3.7/site-packages/airflow/example_dags/example_xcomargs.py
[2022-08-06 00:12:52,084] {processor.py:651} INFO - DAG(s) dict_keys(['example_xcom_args', 'example_xcom_args_with_operators']) retrieved from /home/airflow/.local/lib/python3.7/site-packages/airflow/example_dags/example_xcomargs.py
[2022-08-06 00:12:52,211] {logging_mixin.py:115} INFO - [2022-08-06 00:12:52,210] {dag.py:2371} INFO - Sync 2 DAGs
[2022-08-06 00:12:52,222] {logging_mixin.py:115} INFO - [2022-08-06 00:12:52,222] {dag.py:2919} INFO - Setting next_dagrun for example_xcom_args to None, run_after=None
[2022-08-06 00:12:52,224] {logging_mixin.py:115} INFO - [2022-08-06 00:12:52,224] {dag.py:2919} INFO - Setting next_dagrun for example_xcom_args_with_operators to None, run_after=None
[2022-08-06 00:12:52,233] {processor.py:161} INFO - Processing /home/airflow/.local/lib/python3.7/site-packages/airflow/example_dags/example_xcomargs.py took 0.165 seconds
[2022-08-06 00:13:22,970] {processor.py:153} INFO - Started process (PID=763) to work on /home/airflow/.local/lib/python3.7/site-packages/airflow/example_dags/example_xcomargs.py
[2022-08-06 00:13:22,971] {processor.py:641} INFO - Processing file /home/airflow/.local/lib/python3.7/site-packages/airflow/example_dags/example_xcomargs.py for tasks to queue
[2022-08-06 00:13:22,972] {logging_mixin.py:115} INFO - [2022-08-06 00:13:22,972] {dagbag.py:507} INFO - Filling up the DagBag from /home/airflow/.local/lib/python3.7/site-packages/airflow/example_dags/example_xcomargs.py
[2022-08-06 00:13:22,983] {processor.py:651} INFO - DAG(s) dict_keys(['example_xcom_args', 'example_xcom_args_with_operators']) retrieved from /home/airflow/.local/lib/python3.7/site-packages/airflow/example_dags/example_xcomargs.py
[2022-08-06 00:13:23,119] {logging_mixin.py:115} INFO - [2022-08-06 00:13:23,118] {dag.py:2371} INFO - Sync 2 DAGs
[2022-08-06 00:13:23,166] {logging_mixin.py:115} INFO - [2022-08-06 00:13:23,166] {dag.py:2919} INFO - Setting next_dagrun for example_xcom_args to None, run_after=None
[2022-08-06 00:13:23,167] {logging_mixin.py:115} INFO - [2022-08-06 00:13:23,167] {dag.py:2919} INFO - Setting next_dagrun for example_xcom_args_with_operators to None, run_after=None
[2022-08-06 00:13:23,178] {processor.py:161} INFO - Processing /home/airflow/.local/lib/python3.7/site-packages/airflow/example_dags/example_xcomargs.py took 0.210 seconds
[2022-08-06 00:13:53,976] {processor.py:153} INFO - Started process (PID=825) to work on /home/airflow/.local/lib/python3.7/site-packages/airflow/example_dags/example_xcomargs.py
[2022-08-06 00:13:53,977] {processor.py:641} INFO - Processing file /home/airflow/.local/lib/python3.7/site-packages/airflow/example_dags/example_xcomargs.py for tasks to queue
[2022-08-06 00:13:53,978] {logging_mixin.py:115} INFO - [2022-08-06 00:13:53,978] {dagbag.py:507} INFO - Filling up the DagBag from /home/airflow/.local/lib/python3.7/site-packages/airflow/example_dags/example_xcomargs.py
[2022-08-06 00:13:53,989] {processor.py:651} INFO - DAG(s) dict_keys(['example_xcom_args', 'example_xcom_args_with_operators']) retrieved from /home/airflow/.local/lib/python3.7/site-packages/airflow/example_dags/example_xcomargs.py
[2022-08-06 00:13:54,116] {logging_mixin.py:115} INFO - [2022-08-06 00:13:54,116] {dag.py:2371} INFO - Sync 2 DAGs
[2022-08-06 00:13:54,128] {logging_mixin.py:115} INFO - [2022-08-06 00:13:54,128] {dag.py:2919} INFO - Setting next_dagrun for example_xcom_args to None, run_after=None
[2022-08-06 00:13:54,129] {logging_mixin.py:115} INFO - [2022-08-06 00:13:54,129] {dag.py:2919} INFO - Setting next_dagrun for example_xcom_args_with_operators to None, run_after=None
[2022-08-06 00:13:54,137] {processor.py:161} INFO - Processing /home/airflow/.local/lib/python3.7/site-packages/airflow/example_dags/example_xcomargs.py took 0.163 seconds
[2022-08-06 00:14:24,779] {processor.py:153} INFO - Started process (PID=887) to work on /home/airflow/.local/lib/python3.7/site-packages/airflow/example_dags/example_xcomargs.py
[2022-08-06 00:14:24,781] {processor.py:641} INFO - Processing file /home/airflow/.local/lib/python3.7/site-packages/airflow/example_dags/example_xcomargs.py for tasks to queue
[2022-08-06 00:14:24,783] {logging_mixin.py:115} INFO - [2022-08-06 00:14:24,783] {dagbag.py:507} INFO - Filling up the DagBag from /home/airflow/.local/lib/python3.7/site-packages/airflow/example_dags/example_xcomargs.py
[2022-08-06 00:14:24,794] {processor.py:651} INFO - DAG(s) dict_keys(['example_xcom_args', 'example_xcom_args_with_operators']) retrieved from /home/airflow/.local/lib/python3.7/site-packages/airflow/example_dags/example_xcomargs.py
[2022-08-06 00:14:24,813] {logging_mixin.py:115} INFO - [2022-08-06 00:14:24,813] {dag.py:2371} INFO - Sync 2 DAGs
[2022-08-06 00:14:24,901] {logging_mixin.py:115} INFO - [2022-08-06 00:14:24,901] {dag.py:2919} INFO - Setting next_dagrun for example_xcom_args to None, run_after=None
[2022-08-06 00:14:24,902] {logging_mixin.py:115} INFO - [2022-08-06 00:14:24,902] {dag.py:2919} INFO - Setting next_dagrun for example_xcom_args_with_operators to None, run_after=None
[2022-08-06 00:14:24,910] {processor.py:161} INFO - Processing /home/airflow/.local/lib/python3.7/site-packages/airflow/example_dags/example_xcomargs.py took 0.133 seconds
[2022-08-06 00:14:55,722] {processor.py:153} INFO - Started process (PID=949) to work on /home/airflow/.local/lib/python3.7/site-packages/airflow/example_dags/example_xcomargs.py
[2022-08-06 00:14:55,723] {processor.py:641} INFO - Processing file /home/airflow/.local/lib/python3.7/site-packages/airflow/example_dags/example_xcomargs.py for tasks to queue
[2022-08-06 00:14:55,724] {logging_mixin.py:115} INFO - [2022-08-06 00:14:55,724] {dagbag.py:507} INFO - Filling up the DagBag from /home/airflow/.local/lib/python3.7/site-packages/airflow/example_dags/example_xcomargs.py
[2022-08-06 00:14:55,734] {processor.py:651} INFO - DAG(s) dict_keys(['example_xcom_args', 'example_xcom_args_with_operators']) retrieved from /home/airflow/.local/lib/python3.7/site-packages/airflow/example_dags/example_xcomargs.py
[2022-08-06 00:14:55,754] {logging_mixin.py:115} INFO - [2022-08-06 00:14:55,754] {dag.py:2371} INFO - Sync 2 DAGs
[2022-08-06 00:14:55,836] {logging_mixin.py:115} INFO - [2022-08-06 00:14:55,836] {dag.py:2919} INFO - Setting next_dagrun for example_xcom_args to None, run_after=None
[2022-08-06 00:14:55,837] {logging_mixin.py:115} INFO - [2022-08-06 00:14:55,837] {dag.py:2919} INFO - Setting next_dagrun for example_xcom_args_with_operators to None, run_after=None
[2022-08-06 00:14:55,843] {processor.py:161} INFO - Processing /home/airflow/.local/lib/python3.7/site-packages/airflow/example_dags/example_xcomargs.py took 0.123 seconds
[2022-08-06 00:15:26,542] {processor.py:153} INFO - Started process (PID=1010) to work on /home/airflow/.local/lib/python3.7/site-packages/airflow/example_dags/example_xcomargs.py
[2022-08-06 00:15:26,543] {processor.py:641} INFO - Processing file /home/airflow/.local/lib/python3.7/site-packages/airflow/example_dags/example_xcomargs.py for tasks to queue
[2022-08-06 00:15:26,544] {logging_mixin.py:115} INFO - [2022-08-06 00:15:26,544] {dagbag.py:507} INFO - Filling up the DagBag from /home/airflow/.local/lib/python3.7/site-packages/airflow/example_dags/example_xcomargs.py
[2022-08-06 00:15:26,555] {processor.py:651} INFO - DAG(s) dict_keys(['example_xcom_args', 'example_xcom_args_with_operators']) retrieved from /home/airflow/.local/lib/python3.7/site-packages/airflow/example_dags/example_xcomargs.py
[2022-08-06 00:15:26,670] {logging_mixin.py:115} INFO - [2022-08-06 00:15:26,670] {dag.py:2371} INFO - Sync 2 DAGs
[2022-08-06 00:15:26,680] {logging_mixin.py:115} INFO - [2022-08-06 00:15:26,680] {dag.py:2919} INFO - Setting next_dagrun for example_xcom_args to None, run_after=None
[2022-08-06 00:15:26,681] {logging_mixin.py:115} INFO - [2022-08-06 00:15:26,681] {dag.py:2919} INFO - Setting next_dagrun for example_xcom_args_with_operators to None, run_after=None
[2022-08-06 00:15:26,691] {processor.py:161} INFO - Processing /home/airflow/.local/lib/python3.7/site-packages/airflow/example_dags/example_xcomargs.py took 0.151 seconds
[2022-08-06 00:15:57,443] {processor.py:153} INFO - Started process (PID=1072) to work on /home/airflow/.local/lib/python3.7/site-packages/airflow/example_dags/example_xcomargs.py
[2022-08-06 00:15:57,444] {processor.py:641} INFO - Processing file /home/airflow/.local/lib/python3.7/site-packages/airflow/example_dags/example_xcomargs.py for tasks to queue
[2022-08-06 00:15:57,445] {logging_mixin.py:115} INFO - [2022-08-06 00:15:57,445] {dagbag.py:507} INFO - Filling up the DagBag from /home/airflow/.local/lib/python3.7/site-packages/airflow/example_dags/example_xcomargs.py
[2022-08-06 00:15:57,456] {processor.py:651} INFO - DAG(s) dict_keys(['example_xcom_args', 'example_xcom_args_with_operators']) retrieved from /home/airflow/.local/lib/python3.7/site-packages/airflow/example_dags/example_xcomargs.py
[2022-08-06 00:15:57,572] {logging_mixin.py:115} INFO - [2022-08-06 00:15:57,572] {dag.py:2371} INFO - Sync 2 DAGs
[2022-08-06 00:15:57,583] {logging_mixin.py:115} INFO - [2022-08-06 00:15:57,583] {dag.py:2919} INFO - Setting next_dagrun for example_xcom_args to None, run_after=None
[2022-08-06 00:15:57,584] {logging_mixin.py:115} INFO - [2022-08-06 00:15:57,584] {dag.py:2919} INFO - Setting next_dagrun for example_xcom_args_with_operators to None, run_after=None
[2022-08-06 00:15:57,591] {processor.py:161} INFO - Processing /home/airflow/.local/lib/python3.7/site-packages/airflow/example_dags/example_xcomargs.py took 0.150 seconds
[2022-08-06 00:16:28,262] {processor.py:153} INFO - Started process (PID=1134) to work on /home/airflow/.local/lib/python3.7/site-packages/airflow/example_dags/example_xcomargs.py
[2022-08-06 00:16:28,263] {processor.py:641} INFO - Processing file /home/airflow/.local/lib/python3.7/site-packages/airflow/example_dags/example_xcomargs.py for tasks to queue
[2022-08-06 00:16:28,264] {logging_mixin.py:115} INFO - [2022-08-06 00:16:28,264] {dagbag.py:507} INFO - Filling up the DagBag from /home/airflow/.local/lib/python3.7/site-packages/airflow/example_dags/example_xcomargs.py
[2022-08-06 00:16:28,275] {processor.py:651} INFO - DAG(s) dict_keys(['example_xcom_args', 'example_xcom_args_with_operators']) retrieved from /home/airflow/.local/lib/python3.7/site-packages/airflow/example_dags/example_xcomargs.py
[2022-08-06 00:16:28,394] {logging_mixin.py:115} INFO - [2022-08-06 00:16:28,394] {dag.py:2371} INFO - Sync 2 DAGs
[2022-08-06 00:16:28,405] {logging_mixin.py:115} INFO - [2022-08-06 00:16:28,405] {dag.py:2919} INFO - Setting next_dagrun for example_xcom_args to None, run_after=None
[2022-08-06 00:16:28,407] {logging_mixin.py:115} INFO - [2022-08-06 00:16:28,407] {dag.py:2919} INFO - Setting next_dagrun for example_xcom_args_with_operators to None, run_after=None
[2022-08-06 00:16:28,416] {processor.py:161} INFO - Processing /home/airflow/.local/lib/python3.7/site-packages/airflow/example_dags/example_xcomargs.py took 0.157 seconds
[2022-08-06 00:34:31,462] {processor.py:153} INFO - Started process (PID=1188) to work on /home/airflow/.local/lib/python3.7/site-packages/airflow/example_dags/example_xcomargs.py
[2022-08-06 00:34:31,465] {processor.py:641} INFO - Processing file /home/airflow/.local/lib/python3.7/site-packages/airflow/example_dags/example_xcomargs.py for tasks to queue
[2022-08-06 00:34:31,467] {logging_mixin.py:115} INFO - [2022-08-06 00:34:31,467] {dagbag.py:507} INFO - Filling up the DagBag from /home/airflow/.local/lib/python3.7/site-packages/airflow/example_dags/example_xcomargs.py
[2022-08-06 00:34:31,484] {processor.py:651} INFO - DAG(s) dict_keys(['example_xcom_args', 'example_xcom_args_with_operators']) retrieved from /home/airflow/.local/lib/python3.7/site-packages/airflow/example_dags/example_xcomargs.py
[2022-08-06 00:34:31,649] {logging_mixin.py:115} INFO - [2022-08-06 00:34:31,649] {dag.py:2371} INFO - Sync 2 DAGs
[2022-08-06 00:34:31,672] {logging_mixin.py:115} INFO - [2022-08-06 00:34:31,672] {dag.py:2919} INFO - Setting next_dagrun for example_xcom_args to None, run_after=None
[2022-08-06 00:34:31,674] {logging_mixin.py:115} INFO - [2022-08-06 00:34:31,674] {dag.py:2919} INFO - Setting next_dagrun for example_xcom_args_with_operators to None, run_after=None
[2022-08-06 00:34:31,685] {processor.py:161} INFO - Processing /home/airflow/.local/lib/python3.7/site-packages/airflow/example_dags/example_xcomargs.py took 0.226 seconds
[2022-08-06 01:23:24,717] {processor.py:153} INFO - Started process (PID=1249) to work on /home/airflow/.local/lib/python3.7/site-packages/airflow/example_dags/example_xcomargs.py
[2022-08-06 01:23:24,720] {processor.py:641} INFO - Processing file /home/airflow/.local/lib/python3.7/site-packages/airflow/example_dags/example_xcomargs.py for tasks to queue
[2022-08-06 01:23:24,722] {logging_mixin.py:115} INFO - [2022-08-06 01:23:24,722] {dagbag.py:507} INFO - Filling up the DagBag from /home/airflow/.local/lib/python3.7/site-packages/airflow/example_dags/example_xcomargs.py
[2022-08-06 01:23:24,759] {processor.py:651} INFO - DAG(s) dict_keys(['example_xcom_args', 'example_xcom_args_with_operators']) retrieved from /home/airflow/.local/lib/python3.7/site-packages/airflow/example_dags/example_xcomargs.py
[2022-08-06 01:23:24,998] {logging_mixin.py:115} INFO - [2022-08-06 01:23:24,998] {dag.py:2371} INFO - Sync 2 DAGs
[2022-08-06 01:23:25,014] {logging_mixin.py:115} INFO - [2022-08-06 01:23:25,014] {dag.py:2919} INFO - Setting next_dagrun for example_xcom_args to None, run_after=None
[2022-08-06 01:23:25,015] {logging_mixin.py:115} INFO - [2022-08-06 01:23:25,015] {dag.py:2919} INFO - Setting next_dagrun for example_xcom_args_with_operators to None, run_after=None
[2022-08-06 01:23:25,026] {processor.py:161} INFO - Processing /home/airflow/.local/lib/python3.7/site-packages/airflow/example_dags/example_xcomargs.py took 0.313 seconds
[2022-08-06 01:39:32,396] {processor.py:153} INFO - Started process (PID=1312) to work on /home/airflow/.local/lib/python3.7/site-packages/airflow/example_dags/example_xcomargs.py
[2022-08-06 01:39:32,398] {processor.py:641} INFO - Processing file /home/airflow/.local/lib/python3.7/site-packages/airflow/example_dags/example_xcomargs.py for tasks to queue
[2022-08-06 01:39:32,400] {logging_mixin.py:115} INFO - [2022-08-06 01:39:32,400] {dagbag.py:507} INFO - Filling up the DagBag from /home/airflow/.local/lib/python3.7/site-packages/airflow/example_dags/example_xcomargs.py
[2022-08-06 01:39:32,522] {processor.py:651} INFO - DAG(s) dict_keys(['example_xcom_args', 'example_xcom_args_with_operators']) retrieved from /home/airflow/.local/lib/python3.7/site-packages/airflow/example_dags/example_xcomargs.py
[2022-08-06 01:39:32,569] {logging_mixin.py:115} INFO - [2022-08-06 01:39:32,569] {dag.py:2371} INFO - Sync 2 DAGs
[2022-08-06 01:39:32,581] {logging_mixin.py:115} INFO - [2022-08-06 01:39:32,581] {dag.py:2919} INFO - Setting next_dagrun for example_xcom_args to None, run_after=None
[2022-08-06 01:39:32,583] {logging_mixin.py:115} INFO - [2022-08-06 01:39:32,583] {dag.py:2919} INFO - Setting next_dagrun for example_xcom_args_with_operators to None, run_after=None
[2022-08-06 01:39:32,609] {processor.py:161} INFO - Processing /home/airflow/.local/lib/python3.7/site-packages/airflow/example_dags/example_xcomargs.py took 0.216 seconds
[2022-08-06 01:40:02,676] {processor.py:153} INFO - Started process (PID=1374) to work on /home/airflow/.local/lib/python3.7/site-packages/airflow/example_dags/example_xcomargs.py
[2022-08-06 01:40:02,677] {processor.py:641} INFO - Processing file /home/airflow/.local/lib/python3.7/site-packages/airflow/example_dags/example_xcomargs.py for tasks to queue
[2022-08-06 01:40:02,679] {logging_mixin.py:115} INFO - [2022-08-06 01:40:02,679] {dagbag.py:507} INFO - Filling up the DagBag from /home/airflow/.local/lib/python3.7/site-packages/airflow/example_dags/example_xcomargs.py
[2022-08-06 01:40:02,788] {processor.py:651} INFO - DAG(s) dict_keys(['example_xcom_args', 'example_xcom_args_with_operators']) retrieved from /home/airflow/.local/lib/python3.7/site-packages/airflow/example_dags/example_xcomargs.py
[2022-08-06 01:40:02,843] {logging_mixin.py:115} INFO - [2022-08-06 01:40:02,843] {dag.py:2371} INFO - Sync 2 DAGs
[2022-08-06 01:40:02,862] {logging_mixin.py:115} INFO - [2022-08-06 01:40:02,862] {dag.py:2919} INFO - Setting next_dagrun for example_xcom_args to None, run_after=None
[2022-08-06 01:40:02,863] {logging_mixin.py:115} INFO - [2022-08-06 01:40:02,863] {dag.py:2919} INFO - Setting next_dagrun for example_xcom_args_with_operators to None, run_after=None
[2022-08-06 01:40:02,881] {processor.py:161} INFO - Processing /home/airflow/.local/lib/python3.7/site-packages/airflow/example_dags/example_xcomargs.py took 0.208 seconds
[2022-08-06 01:40:33,234] {processor.py:153} INFO - Started process (PID=1427) to work on /home/airflow/.local/lib/python3.7/site-packages/airflow/example_dags/example_xcomargs.py
[2022-08-06 01:40:33,238] {processor.py:641} INFO - Processing file /home/airflow/.local/lib/python3.7/site-packages/airflow/example_dags/example_xcomargs.py for tasks to queue
[2022-08-06 01:40:33,239] {logging_mixin.py:115} INFO - [2022-08-06 01:40:33,238] {dagbag.py:507} INFO - Filling up the DagBag from /home/airflow/.local/lib/python3.7/site-packages/airflow/example_dags/example_xcomargs.py
[2022-08-06 01:40:33,333] {processor.py:651} INFO - DAG(s) dict_keys(['example_xcom_args', 'example_xcom_args_with_operators']) retrieved from /home/airflow/.local/lib/python3.7/site-packages/airflow/example_dags/example_xcomargs.py
[2022-08-06 01:40:33,367] {logging_mixin.py:115} INFO - [2022-08-06 01:40:33,367] {dag.py:2371} INFO - Sync 2 DAGs
[2022-08-06 01:40:33,380] {logging_mixin.py:115} INFO - [2022-08-06 01:40:33,380] {dag.py:2919} INFO - Setting next_dagrun for example_xcom_args to None, run_after=None
[2022-08-06 01:40:33,382] {logging_mixin.py:115} INFO - [2022-08-06 01:40:33,382] {dag.py:2919} INFO - Setting next_dagrun for example_xcom_args_with_operators to None, run_after=None
[2022-08-06 01:40:33,391] {processor.py:161} INFO - Processing /home/airflow/.local/lib/python3.7/site-packages/airflow/example_dags/example_xcomargs.py took 0.159 seconds
[2022-08-06 01:41:04,269] {processor.py:153} INFO - Started process (PID=1490) to work on /home/airflow/.local/lib/python3.7/site-packages/airflow/example_dags/example_xcomargs.py
[2022-08-06 01:41:04,272] {processor.py:641} INFO - Processing file /home/airflow/.local/lib/python3.7/site-packages/airflow/example_dags/example_xcomargs.py for tasks to queue
[2022-08-06 01:41:04,273] {logging_mixin.py:115} INFO - [2022-08-06 01:41:04,273] {dagbag.py:507} INFO - Filling up the DagBag from /home/airflow/.local/lib/python3.7/site-packages/airflow/example_dags/example_xcomargs.py
[2022-08-06 01:41:04,365] {processor.py:651} INFO - DAG(s) dict_keys(['example_xcom_args', 'example_xcom_args_with_operators']) retrieved from /home/airflow/.local/lib/python3.7/site-packages/airflow/example_dags/example_xcomargs.py
[2022-08-06 01:41:04,400] {logging_mixin.py:115} INFO - [2022-08-06 01:41:04,400] {dag.py:2371} INFO - Sync 2 DAGs
[2022-08-06 01:41:04,410] {logging_mixin.py:115} INFO - [2022-08-06 01:41:04,410] {dag.py:2919} INFO - Setting next_dagrun for example_xcom_args to None, run_after=None
[2022-08-06 01:41:04,411] {logging_mixin.py:115} INFO - [2022-08-06 01:41:04,411] {dag.py:2919} INFO - Setting next_dagrun for example_xcom_args_with_operators to None, run_after=None
[2022-08-06 01:41:04,420] {processor.py:161} INFO - Processing /home/airflow/.local/lib/python3.7/site-packages/airflow/example_dags/example_xcomargs.py took 0.153 seconds
[2022-08-06 01:41:35,300] {processor.py:153} INFO - Started process (PID=1552) to work on /home/airflow/.local/lib/python3.7/site-packages/airflow/example_dags/example_xcomargs.py
[2022-08-06 01:41:35,303] {processor.py:641} INFO - Processing file /home/airflow/.local/lib/python3.7/site-packages/airflow/example_dags/example_xcomargs.py for tasks to queue
[2022-08-06 01:41:35,304] {logging_mixin.py:115} INFO - [2022-08-06 01:41:35,304] {dagbag.py:507} INFO - Filling up the DagBag from /home/airflow/.local/lib/python3.7/site-packages/airflow/example_dags/example_xcomargs.py
[2022-08-06 01:41:35,411] {processor.py:651} INFO - DAG(s) dict_keys(['example_xcom_args', 'example_xcom_args_with_operators']) retrieved from /home/airflow/.local/lib/python3.7/site-packages/airflow/example_dags/example_xcomargs.py
[2022-08-06 01:41:35,447] {logging_mixin.py:115} INFO - [2022-08-06 01:41:35,447] {dag.py:2371} INFO - Sync 2 DAGs
[2022-08-06 01:41:35,458] {logging_mixin.py:115} INFO - [2022-08-06 01:41:35,458] {dag.py:2919} INFO - Setting next_dagrun for example_xcom_args to None, run_after=None
[2022-08-06 01:41:35,460] {logging_mixin.py:115} INFO - [2022-08-06 01:41:35,460] {dag.py:2919} INFO - Setting next_dagrun for example_xcom_args_with_operators to None, run_after=None
[2022-08-06 01:41:35,470] {processor.py:161} INFO - Processing /home/airflow/.local/lib/python3.7/site-packages/airflow/example_dags/example_xcomargs.py took 0.173 seconds
[2022-08-06 01:42:05,862] {processor.py:153} INFO - Started process (PID=1612) to work on /home/airflow/.local/lib/python3.7/site-packages/airflow/example_dags/example_xcomargs.py
[2022-08-06 01:42:05,865] {processor.py:641} INFO - Processing file /home/airflow/.local/lib/python3.7/site-packages/airflow/example_dags/example_xcomargs.py for tasks to queue
[2022-08-06 01:42:05,866] {logging_mixin.py:115} INFO - [2022-08-06 01:42:05,866] {dagbag.py:507} INFO - Filling up the DagBag from /home/airflow/.local/lib/python3.7/site-packages/airflow/example_dags/example_xcomargs.py
[2022-08-06 01:42:05,958] {processor.py:651} INFO - DAG(s) dict_keys(['example_xcom_args', 'example_xcom_args_with_operators']) retrieved from /home/airflow/.local/lib/python3.7/site-packages/airflow/example_dags/example_xcomargs.py
[2022-08-06 01:42:05,993] {logging_mixin.py:115} INFO - [2022-08-06 01:42:05,993] {dag.py:2371} INFO - Sync 2 DAGs
[2022-08-06 01:42:06,004] {logging_mixin.py:115} INFO - [2022-08-06 01:42:06,004] {dag.py:2919} INFO - Setting next_dagrun for example_xcom_args to None, run_after=None
[2022-08-06 01:42:06,005] {logging_mixin.py:115} INFO - [2022-08-06 01:42:06,005] {dag.py:2919} INFO - Setting next_dagrun for example_xcom_args_with_operators to None, run_after=None
[2022-08-06 01:42:06,014] {processor.py:161} INFO - Processing /home/airflow/.local/lib/python3.7/site-packages/airflow/example_dags/example_xcomargs.py took 0.154 seconds
[2022-08-06 01:42:36,279] {processor.py:153} INFO - Started process (PID=1674) to work on /home/airflow/.local/lib/python3.7/site-packages/airflow/example_dags/example_xcomargs.py
[2022-08-06 01:42:36,280] {processor.py:641} INFO - Processing file /home/airflow/.local/lib/python3.7/site-packages/airflow/example_dags/example_xcomargs.py for tasks to queue
[2022-08-06 01:42:36,281] {logging_mixin.py:115} INFO - [2022-08-06 01:42:36,281] {dagbag.py:507} INFO - Filling up the DagBag from /home/airflow/.local/lib/python3.7/site-packages/airflow/example_dags/example_xcomargs.py
[2022-08-06 01:42:36,379] {processor.py:651} INFO - DAG(s) dict_keys(['example_xcom_args', 'example_xcom_args_with_operators']) retrieved from /home/airflow/.local/lib/python3.7/site-packages/airflow/example_dags/example_xcomargs.py
[2022-08-06 01:42:36,413] {logging_mixin.py:115} INFO - [2022-08-06 01:42:36,413] {dag.py:2371} INFO - Sync 2 DAGs
[2022-08-06 01:42:36,425] {logging_mixin.py:115} INFO - [2022-08-06 01:42:36,425] {dag.py:2919} INFO - Setting next_dagrun for example_xcom_args to None, run_after=None
[2022-08-06 01:42:36,426] {logging_mixin.py:115} INFO - [2022-08-06 01:42:36,425] {dag.py:2919} INFO - Setting next_dagrun for example_xcom_args_with_operators to None, run_after=None
[2022-08-06 01:42:36,434] {processor.py:161} INFO - Processing /home/airflow/.local/lib/python3.7/site-packages/airflow/example_dags/example_xcomargs.py took 0.157 seconds
[2022-08-06 01:43:06,501] {processor.py:153} INFO - Started process (PID=1736) to work on /home/airflow/.local/lib/python3.7/site-packages/airflow/example_dags/example_xcomargs.py
[2022-08-06 01:43:06,503] {processor.py:641} INFO - Processing file /home/airflow/.local/lib/python3.7/site-packages/airflow/example_dags/example_xcomargs.py for tasks to queue
[2022-08-06 01:43:06,504] {logging_mixin.py:115} INFO - [2022-08-06 01:43:06,504] {dagbag.py:507} INFO - Filling up the DagBag from /home/airflow/.local/lib/python3.7/site-packages/airflow/example_dags/example_xcomargs.py
[2022-08-06 01:43:06,615] {processor.py:651} INFO - DAG(s) dict_keys(['example_xcom_args', 'example_xcom_args_with_operators']) retrieved from /home/airflow/.local/lib/python3.7/site-packages/airflow/example_dags/example_xcomargs.py
[2022-08-06 01:43:06,653] {logging_mixin.py:115} INFO - [2022-08-06 01:43:06,653] {dag.py:2371} INFO - Sync 2 DAGs
[2022-08-06 01:43:06,673] {logging_mixin.py:115} INFO - [2022-08-06 01:43:06,673] {dag.py:2919} INFO - Setting next_dagrun for example_xcom_args to None, run_after=None
[2022-08-06 01:43:06,674] {logging_mixin.py:115} INFO - [2022-08-06 01:43:06,674] {dag.py:2919} INFO - Setting next_dagrun for example_xcom_args_with_operators to None, run_after=None
[2022-08-06 01:43:06,692] {processor.py:161} INFO - Processing /home/airflow/.local/lib/python3.7/site-packages/airflow/example_dags/example_xcomargs.py took 0.194 seconds
[2022-08-06 01:43:37,606] {processor.py:153} INFO - Started process (PID=1789) to work on /home/airflow/.local/lib/python3.7/site-packages/airflow/example_dags/example_xcomargs.py
[2022-08-06 01:43:37,607] {processor.py:641} INFO - Processing file /home/airflow/.local/lib/python3.7/site-packages/airflow/example_dags/example_xcomargs.py for tasks to queue
[2022-08-06 01:43:37,608] {logging_mixin.py:115} INFO - [2022-08-06 01:43:37,608] {dagbag.py:507} INFO - Filling up the DagBag from /home/airflow/.local/lib/python3.7/site-packages/airflow/example_dags/example_xcomargs.py
[2022-08-06 01:43:37,700] {processor.py:651} INFO - DAG(s) dict_keys(['example_xcom_args', 'example_xcom_args_with_operators']) retrieved from /home/airflow/.local/lib/python3.7/site-packages/airflow/example_dags/example_xcomargs.py
[2022-08-06 01:43:37,741] {logging_mixin.py:115} INFO - [2022-08-06 01:43:37,741] {dag.py:2371} INFO - Sync 2 DAGs
[2022-08-06 01:43:37,753] {logging_mixin.py:115} INFO - [2022-08-06 01:43:37,753] {dag.py:2919} INFO - Setting next_dagrun for example_xcom_args to None, run_after=None
[2022-08-06 01:43:37,755] {logging_mixin.py:115} INFO - [2022-08-06 01:43:37,755] {dag.py:2919} INFO - Setting next_dagrun for example_xcom_args_with_operators to None, run_after=None
[2022-08-06 01:43:37,764] {processor.py:161} INFO - Processing /home/airflow/.local/lib/python3.7/site-packages/airflow/example_dags/example_xcomargs.py took 0.160 seconds
[2022-08-06 01:44:08,507] {processor.py:153} INFO - Started process (PID=1851) to work on /home/airflow/.local/lib/python3.7/site-packages/airflow/example_dags/example_xcomargs.py
[2022-08-06 01:44:08,509] {processor.py:641} INFO - Processing file /home/airflow/.local/lib/python3.7/site-packages/airflow/example_dags/example_xcomargs.py for tasks to queue
[2022-08-06 01:44:08,509] {logging_mixin.py:115} INFO - [2022-08-06 01:44:08,509] {dagbag.py:507} INFO - Filling up the DagBag from /home/airflow/.local/lib/python3.7/site-packages/airflow/example_dags/example_xcomargs.py
[2022-08-06 01:44:08,607] {processor.py:651} INFO - DAG(s) dict_keys(['example_xcom_args', 'example_xcom_args_with_operators']) retrieved from /home/airflow/.local/lib/python3.7/site-packages/airflow/example_dags/example_xcomargs.py
[2022-08-06 01:44:08,640] {logging_mixin.py:115} INFO - [2022-08-06 01:44:08,640] {dag.py:2371} INFO - Sync 2 DAGs
[2022-08-06 01:44:08,652] {logging_mixin.py:115} INFO - [2022-08-06 01:44:08,652] {dag.py:2919} INFO - Setting next_dagrun for example_xcom_args to None, run_after=None
[2022-08-06 01:44:08,653] {logging_mixin.py:115} INFO - [2022-08-06 01:44:08,653] {dag.py:2919} INFO - Setting next_dagrun for example_xcom_args_with_operators to None, run_after=None
[2022-08-06 01:44:08,661] {processor.py:161} INFO - Processing /home/airflow/.local/lib/python3.7/site-packages/airflow/example_dags/example_xcomargs.py took 0.156 seconds
[2022-08-06 01:44:38,805] {processor.py:153} INFO - Started process (PID=1913) to work on /home/airflow/.local/lib/python3.7/site-packages/airflow/example_dags/example_xcomargs.py
[2022-08-06 01:44:38,807] {processor.py:641} INFO - Processing file /home/airflow/.local/lib/python3.7/site-packages/airflow/example_dags/example_xcomargs.py for tasks to queue
[2022-08-06 01:44:38,807] {logging_mixin.py:115} INFO - [2022-08-06 01:44:38,807] {dagbag.py:507} INFO - Filling up the DagBag from /home/airflow/.local/lib/python3.7/site-packages/airflow/example_dags/example_xcomargs.py
[2022-08-06 01:44:38,904] {processor.py:651} INFO - DAG(s) dict_keys(['example_xcom_args', 'example_xcom_args_with_operators']) retrieved from /home/airflow/.local/lib/python3.7/site-packages/airflow/example_dags/example_xcomargs.py
[2022-08-06 01:44:38,939] {logging_mixin.py:115} INFO - [2022-08-06 01:44:38,939] {dag.py:2371} INFO - Sync 2 DAGs
[2022-08-06 01:44:38,952] {logging_mixin.py:115} INFO - [2022-08-06 01:44:38,952] {dag.py:2919} INFO - Setting next_dagrun for example_xcom_args to None, run_after=None
[2022-08-06 01:44:38,953] {logging_mixin.py:115} INFO - [2022-08-06 01:44:38,953] {dag.py:2919} INFO - Setting next_dagrun for example_xcom_args_with_operators to None, run_after=None
[2022-08-06 01:44:38,960] {processor.py:161} INFO - Processing /home/airflow/.local/lib/python3.7/site-packages/airflow/example_dags/example_xcomargs.py took 0.157 seconds
[2022-08-06 01:45:09,063] {processor.py:153} INFO - Started process (PID=1974) to work on /home/airflow/.local/lib/python3.7/site-packages/airflow/example_dags/example_xcomargs.py
[2022-08-06 01:45:09,065] {processor.py:641} INFO - Processing file /home/airflow/.local/lib/python3.7/site-packages/airflow/example_dags/example_xcomargs.py for tasks to queue
[2022-08-06 01:45:09,067] {logging_mixin.py:115} INFO - [2022-08-06 01:45:09,067] {dagbag.py:507} INFO - Filling up the DagBag from /home/airflow/.local/lib/python3.7/site-packages/airflow/example_dags/example_xcomargs.py
[2022-08-06 01:45:09,163] {processor.py:651} INFO - DAG(s) dict_keys(['example_xcom_args', 'example_xcom_args_with_operators']) retrieved from /home/airflow/.local/lib/python3.7/site-packages/airflow/example_dags/example_xcomargs.py
[2022-08-06 01:45:09,201] {logging_mixin.py:115} INFO - [2022-08-06 01:45:09,200] {dag.py:2371} INFO - Sync 2 DAGs
[2022-08-06 01:45:09,214] {logging_mixin.py:115} INFO - [2022-08-06 01:45:09,214] {dag.py:2919} INFO - Setting next_dagrun for example_xcom_args to None, run_after=None
[2022-08-06 01:45:09,216] {logging_mixin.py:115} INFO - [2022-08-06 01:45:09,216] {dag.py:2919} INFO - Setting next_dagrun for example_xcom_args_with_operators to None, run_after=None
[2022-08-06 01:45:09,225] {processor.py:161} INFO - Processing /home/airflow/.local/lib/python3.7/site-packages/airflow/example_dags/example_xcomargs.py took 0.164 seconds
[2022-08-06 01:45:39,482] {processor.py:153} INFO - Started process (PID=2036) to work on /home/airflow/.local/lib/python3.7/site-packages/airflow/example_dags/example_xcomargs.py
[2022-08-06 01:45:39,483] {processor.py:641} INFO - Processing file /home/airflow/.local/lib/python3.7/site-packages/airflow/example_dags/example_xcomargs.py for tasks to queue
[2022-08-06 01:45:39,484] {logging_mixin.py:115} INFO - [2022-08-06 01:45:39,484] {dagbag.py:507} INFO - Filling up the DagBag from /home/airflow/.local/lib/python3.7/site-packages/airflow/example_dags/example_xcomargs.py
[2022-08-06 01:45:39,610] {processor.py:651} INFO - DAG(s) dict_keys(['example_xcom_args', 'example_xcom_args_with_operators']) retrieved from /home/airflow/.local/lib/python3.7/site-packages/airflow/example_dags/example_xcomargs.py
[2022-08-06 01:45:39,727] {logging_mixin.py:115} INFO - [2022-08-06 01:45:39,727] {dag.py:2371} INFO - Sync 2 DAGs
[2022-08-06 01:45:39,743] {logging_mixin.py:115} INFO - [2022-08-06 01:45:39,743] {dag.py:2919} INFO - Setting next_dagrun for example_xcom_args to None, run_after=None
[2022-08-06 01:45:39,744] {logging_mixin.py:115} INFO - [2022-08-06 01:45:39,744] {dag.py:2919} INFO - Setting next_dagrun for example_xcom_args_with_operators to None, run_after=None
[2022-08-06 01:45:39,757] {processor.py:161} INFO - Processing /home/airflow/.local/lib/python3.7/site-packages/airflow/example_dags/example_xcomargs.py took 0.277 seconds
[2022-08-06 01:46:10,059] {processor.py:153} INFO - Started process (PID=2098) to work on /home/airflow/.local/lib/python3.7/site-packages/airflow/example_dags/example_xcomargs.py
[2022-08-06 01:46:10,061] {processor.py:641} INFO - Processing file /home/airflow/.local/lib/python3.7/site-packages/airflow/example_dags/example_xcomargs.py for tasks to queue
[2022-08-06 01:46:10,062] {logging_mixin.py:115} INFO - [2022-08-06 01:46:10,062] {dagbag.py:507} INFO - Filling up the DagBag from /home/airflow/.local/lib/python3.7/site-packages/airflow/example_dags/example_xcomargs.py
[2022-08-06 01:46:10,174] {processor.py:651} INFO - DAG(s) dict_keys(['example_xcom_args', 'example_xcom_args_with_operators']) retrieved from /home/airflow/.local/lib/python3.7/site-packages/airflow/example_dags/example_xcomargs.py
[2022-08-06 01:46:10,212] {logging_mixin.py:115} INFO - [2022-08-06 01:46:10,212] {dag.py:2371} INFO - Sync 2 DAGs
[2022-08-06 01:46:10,225] {logging_mixin.py:115} INFO - [2022-08-06 01:46:10,225] {dag.py:2919} INFO - Setting next_dagrun for example_xcom_args to None, run_after=None
[2022-08-06 01:46:10,226] {logging_mixin.py:115} INFO - [2022-08-06 01:46:10,226] {dag.py:2919} INFO - Setting next_dagrun for example_xcom_args_with_operators to None, run_after=None
[2022-08-06 01:46:10,244] {processor.py:161} INFO - Processing /home/airflow/.local/lib/python3.7/site-packages/airflow/example_dags/example_xcomargs.py took 0.188 seconds
[2022-08-06 01:46:40,286] {processor.py:153} INFO - Started process (PID=2152) to work on /home/airflow/.local/lib/python3.7/site-packages/airflow/example_dags/example_xcomargs.py
[2022-08-06 01:46:40,287] {processor.py:641} INFO - Processing file /home/airflow/.local/lib/python3.7/site-packages/airflow/example_dags/example_xcomargs.py for tasks to queue
[2022-08-06 01:46:40,288] {logging_mixin.py:115} INFO - [2022-08-06 01:46:40,288] {dagbag.py:507} INFO - Filling up the DagBag from /home/airflow/.local/lib/python3.7/site-packages/airflow/example_dags/example_xcomargs.py
[2022-08-06 01:46:40,381] {processor.py:651} INFO - DAG(s) dict_keys(['example_xcom_args', 'example_xcom_args_with_operators']) retrieved from /home/airflow/.local/lib/python3.7/site-packages/airflow/example_dags/example_xcomargs.py
[2022-08-06 01:46:40,415] {logging_mixin.py:115} INFO - [2022-08-06 01:46:40,415] {dag.py:2371} INFO - Sync 2 DAGs
[2022-08-06 01:46:40,426] {logging_mixin.py:115} INFO - [2022-08-06 01:46:40,426] {dag.py:2919} INFO - Setting next_dagrun for example_xcom_args to None, run_after=None
[2022-08-06 01:46:40,427] {logging_mixin.py:115} INFO - [2022-08-06 01:46:40,427] {dag.py:2919} INFO - Setting next_dagrun for example_xcom_args_with_operators to None, run_after=None
[2022-08-06 01:46:40,435] {processor.py:161} INFO - Processing /home/airflow/.local/lib/python3.7/site-packages/airflow/example_dags/example_xcomargs.py took 0.151 seconds
[2022-08-06 01:47:10,506] {processor.py:153} INFO - Started process (PID=2214) to work on /home/airflow/.local/lib/python3.7/site-packages/airflow/example_dags/example_xcomargs.py
[2022-08-06 01:47:10,507] {processor.py:641} INFO - Processing file /home/airflow/.local/lib/python3.7/site-packages/airflow/example_dags/example_xcomargs.py for tasks to queue
[2022-08-06 01:47:10,508] {logging_mixin.py:115} INFO - [2022-08-06 01:47:10,508] {dagbag.py:507} INFO - Filling up the DagBag from /home/airflow/.local/lib/python3.7/site-packages/airflow/example_dags/example_xcomargs.py
[2022-08-06 01:47:10,610] {processor.py:651} INFO - DAG(s) dict_keys(['example_xcom_args', 'example_xcom_args_with_operators']) retrieved from /home/airflow/.local/lib/python3.7/site-packages/airflow/example_dags/example_xcomargs.py
[2022-08-06 01:47:10,648] {logging_mixin.py:115} INFO - [2022-08-06 01:47:10,648] {dag.py:2371} INFO - Sync 2 DAGs
[2022-08-06 01:47:10,660] {logging_mixin.py:115} INFO - [2022-08-06 01:47:10,660] {dag.py:2919} INFO - Setting next_dagrun for example_xcom_args to None, run_after=None
[2022-08-06 01:47:10,662] {logging_mixin.py:115} INFO - [2022-08-06 01:47:10,661] {dag.py:2919} INFO - Setting next_dagrun for example_xcom_args_with_operators to None, run_after=None
[2022-08-06 01:47:10,670] {processor.py:161} INFO - Processing /home/airflow/.local/lib/python3.7/site-packages/airflow/example_dags/example_xcomargs.py took 0.166 seconds
[2022-08-06 01:47:41,668] {processor.py:153} INFO - Started process (PID=2276) to work on /home/airflow/.local/lib/python3.7/site-packages/airflow/example_dags/example_xcomargs.py
[2022-08-06 01:47:41,669] {processor.py:641} INFO - Processing file /home/airflow/.local/lib/python3.7/site-packages/airflow/example_dags/example_xcomargs.py for tasks to queue
[2022-08-06 01:47:41,672] {logging_mixin.py:115} INFO - [2022-08-06 01:47:41,672] {dagbag.py:507} INFO - Filling up the DagBag from /home/airflow/.local/lib/python3.7/site-packages/airflow/example_dags/example_xcomargs.py
[2022-08-06 01:47:41,764] {processor.py:651} INFO - DAG(s) dict_keys(['example_xcom_args', 'example_xcom_args_with_operators']) retrieved from /home/airflow/.local/lib/python3.7/site-packages/airflow/example_dags/example_xcomargs.py
[2022-08-06 01:47:41,800] {logging_mixin.py:115} INFO - [2022-08-06 01:47:41,799] {dag.py:2371} INFO - Sync 2 DAGs
[2022-08-06 01:47:41,810] {logging_mixin.py:115} INFO - [2022-08-06 01:47:41,810] {dag.py:2919} INFO - Setting next_dagrun for example_xcom_args to None, run_after=None
[2022-08-06 01:47:41,811] {logging_mixin.py:115} INFO - [2022-08-06 01:47:41,811] {dag.py:2919} INFO - Setting next_dagrun for example_xcom_args_with_operators to None, run_after=None
[2022-08-06 01:47:41,820] {processor.py:161} INFO - Processing /home/airflow/.local/lib/python3.7/site-packages/airflow/example_dags/example_xcomargs.py took 0.154 seconds
[2022-08-06 01:48:12,628] {processor.py:153} INFO - Started process (PID=2338) to work on /home/airflow/.local/lib/python3.7/site-packages/airflow/example_dags/example_xcomargs.py
[2022-08-06 01:48:12,630] {processor.py:641} INFO - Processing file /home/airflow/.local/lib/python3.7/site-packages/airflow/example_dags/example_xcomargs.py for tasks to queue
[2022-08-06 01:48:12,632] {logging_mixin.py:115} INFO - [2022-08-06 01:48:12,632] {dagbag.py:507} INFO - Filling up the DagBag from /home/airflow/.local/lib/python3.7/site-packages/airflow/example_dags/example_xcomargs.py
[2022-08-06 01:48:12,719] {processor.py:651} INFO - DAG(s) dict_keys(['example_xcom_args', 'example_xcom_args_with_operators']) retrieved from /home/airflow/.local/lib/python3.7/site-packages/airflow/example_dags/example_xcomargs.py
[2022-08-06 01:48:12,733] {logging_mixin.py:115} INFO - [2022-08-06 01:48:12,733] {dag.py:2371} INFO - Sync 2 DAGs
[2022-08-06 01:48:12,745] {logging_mixin.py:115} INFO - [2022-08-06 01:48:12,745] {dag.py:2919} INFO - Setting next_dagrun for example_xcom_args to None, run_after=None
[2022-08-06 01:48:12,746] {logging_mixin.py:115} INFO - [2022-08-06 01:48:12,746] {dag.py:2919} INFO - Setting next_dagrun for example_xcom_args_with_operators to None, run_after=None
[2022-08-06 01:48:12,754] {processor.py:161} INFO - Processing /home/airflow/.local/lib/python3.7/site-packages/airflow/example_dags/example_xcomargs.py took 0.127 seconds
[2022-08-06 01:48:43,635] {processor.py:153} INFO - Started process (PID=2399) to work on /home/airflow/.local/lib/python3.7/site-packages/airflow/example_dags/example_xcomargs.py
[2022-08-06 01:48:43,636] {processor.py:641} INFO - Processing file /home/airflow/.local/lib/python3.7/site-packages/airflow/example_dags/example_xcomargs.py for tasks to queue
[2022-08-06 01:48:43,637] {logging_mixin.py:115} INFO - [2022-08-06 01:48:43,637] {dagbag.py:507} INFO - Filling up the DagBag from /home/airflow/.local/lib/python3.7/site-packages/airflow/example_dags/example_xcomargs.py
[2022-08-06 01:48:43,732] {processor.py:651} INFO - DAG(s) dict_keys(['example_xcom_args', 'example_xcom_args_with_operators']) retrieved from /home/airflow/.local/lib/python3.7/site-packages/airflow/example_dags/example_xcomargs.py
[2022-08-06 01:48:43,748] {logging_mixin.py:115} INFO - [2022-08-06 01:48:43,748] {dag.py:2371} INFO - Sync 2 DAGs
[2022-08-06 01:48:43,758] {logging_mixin.py:115} INFO - [2022-08-06 01:48:43,758] {dag.py:2919} INFO - Setting next_dagrun for example_xcom_args to None, run_after=None
[2022-08-06 01:48:43,759] {logging_mixin.py:115} INFO - [2022-08-06 01:48:43,759] {dag.py:2919} INFO - Setting next_dagrun for example_xcom_args_with_operators to None, run_after=None
[2022-08-06 01:48:43,767] {processor.py:161} INFO - Processing /home/airflow/.local/lib/python3.7/site-packages/airflow/example_dags/example_xcomargs.py took 0.134 seconds
[2022-08-06 01:49:14,549] {processor.py:153} INFO - Started process (PID=2463) to work on /home/airflow/.local/lib/python3.7/site-packages/airflow/example_dags/example_xcomargs.py
[2022-08-06 01:49:14,550] {processor.py:641} INFO - Processing file /home/airflow/.local/lib/python3.7/site-packages/airflow/example_dags/example_xcomargs.py for tasks to queue
[2022-08-06 01:49:14,552] {logging_mixin.py:115} INFO - [2022-08-06 01:49:14,552] {dagbag.py:507} INFO - Filling up the DagBag from /home/airflow/.local/lib/python3.7/site-packages/airflow/example_dags/example_xcomargs.py
[2022-08-06 01:49:14,645] {processor.py:651} INFO - DAG(s) dict_keys(['example_xcom_args', 'example_xcom_args_with_operators']) retrieved from /home/airflow/.local/lib/python3.7/site-packages/airflow/example_dags/example_xcomargs.py
[2022-08-06 01:49:14,689] {logging_mixin.py:115} INFO - [2022-08-06 01:49:14,688] {dag.py:2371} INFO - Sync 2 DAGs
[2022-08-06 01:49:14,699] {logging_mixin.py:115} INFO - [2022-08-06 01:49:14,699] {dag.py:2919} INFO - Setting next_dagrun for example_xcom_args to None, run_after=None
[2022-08-06 01:49:14,700] {logging_mixin.py:115} INFO - [2022-08-06 01:49:14,700] {dag.py:2919} INFO - Setting next_dagrun for example_xcom_args_with_operators to None, run_after=None
[2022-08-06 01:49:14,709] {processor.py:161} INFO - Processing /home/airflow/.local/lib/python3.7/site-packages/airflow/example_dags/example_xcomargs.py took 0.162 seconds
[2022-08-06 01:49:45,519] {processor.py:153} INFO - Started process (PID=2517) to work on /home/airflow/.local/lib/python3.7/site-packages/airflow/example_dags/example_xcomargs.py
[2022-08-06 01:49:45,521] {processor.py:641} INFO - Processing file /home/airflow/.local/lib/python3.7/site-packages/airflow/example_dags/example_xcomargs.py for tasks to queue
[2022-08-06 01:49:45,522] {logging_mixin.py:115} INFO - [2022-08-06 01:49:45,522] {dagbag.py:507} INFO - Filling up the DagBag from /home/airflow/.local/lib/python3.7/site-packages/airflow/example_dags/example_xcomargs.py
[2022-08-06 01:49:45,533] {processor.py:651} INFO - DAG(s) dict_keys(['example_xcom_args', 'example_xcom_args_with_operators']) retrieved from /home/airflow/.local/lib/python3.7/site-packages/airflow/example_dags/example_xcomargs.py
[2022-08-06 01:49:45,572] {logging_mixin.py:115} INFO - [2022-08-06 01:49:45,572] {dag.py:2371} INFO - Sync 2 DAGs
[2022-08-06 01:49:45,584] {logging_mixin.py:115} INFO - [2022-08-06 01:49:45,584] {dag.py:2919} INFO - Setting next_dagrun for example_xcom_args to None, run_after=None
[2022-08-06 01:49:45,585] {logging_mixin.py:115} INFO - [2022-08-06 01:49:45,585] {dag.py:2919} INFO - Setting next_dagrun for example_xcom_args_with_operators to None, run_after=None
[2022-08-06 01:49:45,593] {processor.py:161} INFO - Processing /home/airflow/.local/lib/python3.7/site-packages/airflow/example_dags/example_xcomargs.py took 0.075 seconds
[2022-08-06 01:50:16,006] {processor.py:153} INFO - Started process (PID=2579) to work on /home/airflow/.local/lib/python3.7/site-packages/airflow/example_dags/example_xcomargs.py
[2022-08-06 01:50:16,007] {processor.py:641} INFO - Processing file /home/airflow/.local/lib/python3.7/site-packages/airflow/example_dags/example_xcomargs.py for tasks to queue
[2022-08-06 01:50:16,007] {logging_mixin.py:115} INFO - [2022-08-06 01:50:16,007] {dagbag.py:507} INFO - Filling up the DagBag from /home/airflow/.local/lib/python3.7/site-packages/airflow/example_dags/example_xcomargs.py
[2022-08-06 01:50:16,019] {processor.py:651} INFO - DAG(s) dict_keys(['example_xcom_args', 'example_xcom_args_with_operators']) retrieved from /home/airflow/.local/lib/python3.7/site-packages/airflow/example_dags/example_xcomargs.py
[2022-08-06 01:50:16,060] {logging_mixin.py:115} INFO - [2022-08-06 01:50:16,060] {dag.py:2371} INFO - Sync 2 DAGs
[2022-08-06 01:50:16,072] {logging_mixin.py:115} INFO - [2022-08-06 01:50:16,072] {dag.py:2919} INFO - Setting next_dagrun for example_xcom_args to None, run_after=None
[2022-08-06 01:50:16,073] {logging_mixin.py:115} INFO - [2022-08-06 01:50:16,073] {dag.py:2919} INFO - Setting next_dagrun for example_xcom_args_with_operators to None, run_after=None
[2022-08-06 01:50:16,081] {processor.py:161} INFO - Processing /home/airflow/.local/lib/python3.7/site-packages/airflow/example_dags/example_xcomargs.py took 0.077 seconds
[2022-08-06 01:50:46,798] {processor.py:153} INFO - Started process (PID=2641) to work on /home/airflow/.local/lib/python3.7/site-packages/airflow/example_dags/example_xcomargs.py
[2022-08-06 01:50:46,799] {processor.py:641} INFO - Processing file /home/airflow/.local/lib/python3.7/site-packages/airflow/example_dags/example_xcomargs.py for tasks to queue
[2022-08-06 01:50:46,800] {logging_mixin.py:115} INFO - [2022-08-06 01:50:46,800] {dagbag.py:507} INFO - Filling up the DagBag from /home/airflow/.local/lib/python3.7/site-packages/airflow/example_dags/example_xcomargs.py
[2022-08-06 01:50:46,809] {processor.py:651} INFO - DAG(s) dict_keys(['example_xcom_args', 'example_xcom_args_with_operators']) retrieved from /home/airflow/.local/lib/python3.7/site-packages/airflow/example_dags/example_xcomargs.py
[2022-08-06 01:50:46,844] {logging_mixin.py:115} INFO - [2022-08-06 01:50:46,844] {dag.py:2371} INFO - Sync 2 DAGs
[2022-08-06 01:50:46,855] {logging_mixin.py:115} INFO - [2022-08-06 01:50:46,855] {dag.py:2919} INFO - Setting next_dagrun for example_xcom_args to None, run_after=None
[2022-08-06 01:50:46,856] {logging_mixin.py:115} INFO - [2022-08-06 01:50:46,856] {dag.py:2919} INFO - Setting next_dagrun for example_xcom_args_with_operators to None, run_after=None
[2022-08-06 01:50:46,864] {processor.py:161} INFO - Processing /home/airflow/.local/lib/python3.7/site-packages/airflow/example_dags/example_xcomargs.py took 0.068 seconds
[2022-08-06 01:51:17,324] {processor.py:153} INFO - Started process (PID=2704) to work on /home/airflow/.local/lib/python3.7/site-packages/airflow/example_dags/example_xcomargs.py
[2022-08-06 01:51:17,325] {processor.py:641} INFO - Processing file /home/airflow/.local/lib/python3.7/site-packages/airflow/example_dags/example_xcomargs.py for tasks to queue
[2022-08-06 01:51:17,326] {logging_mixin.py:115} INFO - [2022-08-06 01:51:17,326] {dagbag.py:507} INFO - Filling up the DagBag from /home/airflow/.local/lib/python3.7/site-packages/airflow/example_dags/example_xcomargs.py
[2022-08-06 01:51:17,338] {processor.py:651} INFO - DAG(s) dict_keys(['example_xcom_args', 'example_xcom_args_with_operators']) retrieved from /home/airflow/.local/lib/python3.7/site-packages/airflow/example_dags/example_xcomargs.py
[2022-08-06 01:51:17,381] {logging_mixin.py:115} INFO - [2022-08-06 01:51:17,381] {dag.py:2371} INFO - Sync 2 DAGs
[2022-08-06 01:51:17,394] {logging_mixin.py:115} INFO - [2022-08-06 01:51:17,394] {dag.py:2919} INFO - Setting next_dagrun for example_xcom_args to None, run_after=None
[2022-08-06 01:51:17,395] {logging_mixin.py:115} INFO - [2022-08-06 01:51:17,395] {dag.py:2919} INFO - Setting next_dagrun for example_xcom_args_with_operators to None, run_after=None
[2022-08-06 01:51:17,404] {processor.py:161} INFO - Processing /home/airflow/.local/lib/python3.7/site-packages/airflow/example_dags/example_xcomargs.py took 0.083 seconds
[2022-08-06 01:51:47,838] {processor.py:153} INFO - Started process (PID=2766) to work on /home/airflow/.local/lib/python3.7/site-packages/airflow/example_dags/example_xcomargs.py
[2022-08-06 01:51:47,840] {processor.py:641} INFO - Processing file /home/airflow/.local/lib/python3.7/site-packages/airflow/example_dags/example_xcomargs.py for tasks to queue
[2022-08-06 01:51:47,841] {logging_mixin.py:115} INFO - [2022-08-06 01:51:47,841] {dagbag.py:507} INFO - Filling up the DagBag from /home/airflow/.local/lib/python3.7/site-packages/airflow/example_dags/example_xcomargs.py
[2022-08-06 01:51:47,851] {processor.py:651} INFO - DAG(s) dict_keys(['example_xcom_args', 'example_xcom_args_with_operators']) retrieved from /home/airflow/.local/lib/python3.7/site-packages/airflow/example_dags/example_xcomargs.py
[2022-08-06 01:51:47,869] {logging_mixin.py:115} INFO - [2022-08-06 01:51:47,869] {dag.py:2371} INFO - Sync 2 DAGs
[2022-08-06 01:51:47,882] {logging_mixin.py:115} INFO - [2022-08-06 01:51:47,882] {dag.py:2919} INFO - Setting next_dagrun for example_xcom_args to None, run_after=None
[2022-08-06 01:51:47,882] {logging_mixin.py:115} INFO - [2022-08-06 01:51:47,882] {dag.py:2919} INFO - Setting next_dagrun for example_xcom_args_with_operators to None, run_after=None
[2022-08-06 01:51:47,889] {processor.py:161} INFO - Processing /home/airflow/.local/lib/python3.7/site-packages/airflow/example_dags/example_xcomargs.py took 0.053 seconds
[2022-08-06 01:52:18,320] {processor.py:153} INFO - Started process (PID=2825) to work on /home/airflow/.local/lib/python3.7/site-packages/airflow/example_dags/example_xcomargs.py
[2022-08-06 01:52:18,322] {processor.py:641} INFO - Processing file /home/airflow/.local/lib/python3.7/site-packages/airflow/example_dags/example_xcomargs.py for tasks to queue
[2022-08-06 01:52:18,322] {logging_mixin.py:115} INFO - [2022-08-06 01:52:18,322] {dagbag.py:507} INFO - Filling up the DagBag from /home/airflow/.local/lib/python3.7/site-packages/airflow/example_dags/example_xcomargs.py
[2022-08-06 01:52:18,333] {processor.py:651} INFO - DAG(s) dict_keys(['example_xcom_args', 'example_xcom_args_with_operators']) retrieved from /home/airflow/.local/lib/python3.7/site-packages/airflow/example_dags/example_xcomargs.py
[2022-08-06 01:52:18,371] {logging_mixin.py:115} INFO - [2022-08-06 01:52:18,371] {dag.py:2371} INFO - Sync 2 DAGs
[2022-08-06 01:52:18,383] {logging_mixin.py:115} INFO - [2022-08-06 01:52:18,383] {dag.py:2919} INFO - Setting next_dagrun for example_xcom_args to None, run_after=None
[2022-08-06 01:52:18,384] {logging_mixin.py:115} INFO - [2022-08-06 01:52:18,384] {dag.py:2919} INFO - Setting next_dagrun for example_xcom_args_with_operators to None, run_after=None
[2022-08-06 01:52:18,391] {processor.py:161} INFO - Processing /home/airflow/.local/lib/python3.7/site-packages/airflow/example_dags/example_xcomargs.py took 0.073 seconds
[2022-08-06 01:52:48,970] {processor.py:153} INFO - Started process (PID=2879) to work on /home/airflow/.local/lib/python3.7/site-packages/airflow/example_dags/example_xcomargs.py
[2022-08-06 01:52:48,971] {processor.py:641} INFO - Processing file /home/airflow/.local/lib/python3.7/site-packages/airflow/example_dags/example_xcomargs.py for tasks to queue
[2022-08-06 01:52:48,972] {logging_mixin.py:115} INFO - [2022-08-06 01:52:48,972] {dagbag.py:507} INFO - Filling up the DagBag from /home/airflow/.local/lib/python3.7/site-packages/airflow/example_dags/example_xcomargs.py
[2022-08-06 01:52:48,982] {processor.py:651} INFO - DAG(s) dict_keys(['example_xcom_args', 'example_xcom_args_with_operators']) retrieved from /home/airflow/.local/lib/python3.7/site-packages/airflow/example_dags/example_xcomargs.py
[2022-08-06 01:52:48,998] {logging_mixin.py:115} INFO - [2022-08-06 01:52:48,998] {dag.py:2371} INFO - Sync 2 DAGs
[2022-08-06 01:52:49,009] {logging_mixin.py:115} INFO - [2022-08-06 01:52:49,009] {dag.py:2919} INFO - Setting next_dagrun for example_xcom_args to None, run_after=None
[2022-08-06 01:52:49,010] {logging_mixin.py:115} INFO - [2022-08-06 01:52:49,010] {dag.py:2919} INFO - Setting next_dagrun for example_xcom_args_with_operators to None, run_after=None
[2022-08-06 01:52:49,016] {processor.py:161} INFO - Processing /home/airflow/.local/lib/python3.7/site-packages/airflow/example_dags/example_xcomargs.py took 0.049 seconds
