[2022-08-06 00:01:55,110] {processor.py:153} INFO - Started process (PID=3443) to work on /home/airflow/.local/lib/python3.7/site-packages/airflow/example_dags/example_python_operator.py
[2022-08-06 00:01:55,112] {processor.py:641} INFO - Processing file /home/airflow/.local/lib/python3.7/site-packages/airflow/example_dags/example_python_operator.py for tasks to queue
[2022-08-06 00:01:55,112] {logging_mixin.py:115} INFO - [2022-08-06 00:01:55,112] {dagbag.py:507} INFO - Filling up the DagBag from /home/airflow/.local/lib/python3.7/site-packages/airflow/example_dags/example_python_operator.py
[2022-08-06 00:01:55,122] {processor.py:651} INFO - DAG(s) dict_keys(['example_python_operator']) retrieved from /home/airflow/.local/lib/python3.7/site-packages/airflow/example_dags/example_python_operator.py
[2022-08-06 00:01:55,138] {logging_mixin.py:115} INFO - [2022-08-06 00:01:55,138] {dag.py:2371} INFO - Sync 1 DAGs
[2022-08-06 00:01:55,151] {logging_mixin.py:115} INFO - [2022-08-06 00:01:55,151] {dag.py:2919} INFO - Setting next_dagrun for example_python_operator to None, run_after=None
[2022-08-06 00:01:55,159] {processor.py:161} INFO - Processing /home/airflow/.local/lib/python3.7/site-packages/airflow/example_dags/example_python_operator.py took 0.051 seconds
[2022-08-06 00:02:25,470] {processor.py:153} INFO - Started process (PID=3504) to work on /home/airflow/.local/lib/python3.7/site-packages/airflow/example_dags/example_python_operator.py
[2022-08-06 00:02:25,471] {processor.py:641} INFO - Processing file /home/airflow/.local/lib/python3.7/site-packages/airflow/example_dags/example_python_operator.py for tasks to queue
[2022-08-06 00:02:25,472] {logging_mixin.py:115} INFO - [2022-08-06 00:02:25,472] {dagbag.py:507} INFO - Filling up the DagBag from /home/airflow/.local/lib/python3.7/site-packages/airflow/example_dags/example_python_operator.py
[2022-08-06 00:02:25,483] {processor.py:651} INFO - DAG(s) dict_keys(['example_python_operator']) retrieved from /home/airflow/.local/lib/python3.7/site-packages/airflow/example_dags/example_python_operator.py
[2022-08-06 00:02:25,501] {logging_mixin.py:115} INFO - [2022-08-06 00:02:25,501] {dag.py:2371} INFO - Sync 1 DAGs
[2022-08-06 00:02:25,515] {logging_mixin.py:115} INFO - [2022-08-06 00:02:25,515] {dag.py:2919} INFO - Setting next_dagrun for example_python_operator to None, run_after=None
[2022-08-06 00:02:25,526] {processor.py:161} INFO - Processing /home/airflow/.local/lib/python3.7/site-packages/airflow/example_dags/example_python_operator.py took 0.059 seconds
[2022-08-06 00:02:55,944] {processor.py:153} INFO - Started process (PID=3565) to work on /home/airflow/.local/lib/python3.7/site-packages/airflow/example_dags/example_python_operator.py
[2022-08-06 00:02:55,945] {processor.py:641} INFO - Processing file /home/airflow/.local/lib/python3.7/site-packages/airflow/example_dags/example_python_operator.py for tasks to queue
[2022-08-06 00:02:55,946] {logging_mixin.py:115} INFO - [2022-08-06 00:02:55,946] {dagbag.py:507} INFO - Filling up the DagBag from /home/airflow/.local/lib/python3.7/site-packages/airflow/example_dags/example_python_operator.py
[2022-08-06 00:02:55,957] {processor.py:651} INFO - DAG(s) dict_keys(['example_python_operator']) retrieved from /home/airflow/.local/lib/python3.7/site-packages/airflow/example_dags/example_python_operator.py
[2022-08-06 00:02:55,971] {logging_mixin.py:115} INFO - [2022-08-06 00:02:55,971] {dag.py:2371} INFO - Sync 1 DAGs
[2022-08-06 00:02:55,982] {logging_mixin.py:115} INFO - [2022-08-06 00:02:55,982] {dag.py:2919} INFO - Setting next_dagrun for example_python_operator to None, run_after=None
[2022-08-06 00:02:55,988] {processor.py:161} INFO - Processing /home/airflow/.local/lib/python3.7/site-packages/airflow/example_dags/example_python_operator.py took 0.046 seconds
[2022-08-06 00:03:26,414] {processor.py:153} INFO - Started process (PID=3628) to work on /home/airflow/.local/lib/python3.7/site-packages/airflow/example_dags/example_python_operator.py
[2022-08-06 00:03:26,415] {processor.py:641} INFO - Processing file /home/airflow/.local/lib/python3.7/site-packages/airflow/example_dags/example_python_operator.py for tasks to queue
[2022-08-06 00:03:26,417] {logging_mixin.py:115} INFO - [2022-08-06 00:03:26,417] {dagbag.py:507} INFO - Filling up the DagBag from /home/airflow/.local/lib/python3.7/site-packages/airflow/example_dags/example_python_operator.py
[2022-08-06 00:03:26,427] {processor.py:651} INFO - DAG(s) dict_keys(['example_python_operator']) retrieved from /home/airflow/.local/lib/python3.7/site-packages/airflow/example_dags/example_python_operator.py
[2022-08-06 00:03:26,443] {logging_mixin.py:115} INFO - [2022-08-06 00:03:26,443] {dag.py:2371} INFO - Sync 1 DAGs
[2022-08-06 00:03:26,455] {logging_mixin.py:115} INFO - [2022-08-06 00:03:26,455] {dag.py:2919} INFO - Setting next_dagrun for example_python_operator to None, run_after=None
[2022-08-06 00:03:26,463] {processor.py:161} INFO - Processing /home/airflow/.local/lib/python3.7/site-packages/airflow/example_dags/example_python_operator.py took 0.051 seconds
[2022-08-06 00:03:56,922] {processor.py:153} INFO - Started process (PID=3690) to work on /home/airflow/.local/lib/python3.7/site-packages/airflow/example_dags/example_python_operator.py
[2022-08-06 00:03:56,924] {processor.py:641} INFO - Processing file /home/airflow/.local/lib/python3.7/site-packages/airflow/example_dags/example_python_operator.py for tasks to queue
[2022-08-06 00:03:56,925] {logging_mixin.py:115} INFO - [2022-08-06 00:03:56,925] {dagbag.py:507} INFO - Filling up the DagBag from /home/airflow/.local/lib/python3.7/site-packages/airflow/example_dags/example_python_operator.py
[2022-08-06 00:03:56,938] {processor.py:651} INFO - DAG(s) dict_keys(['example_python_operator']) retrieved from /home/airflow/.local/lib/python3.7/site-packages/airflow/example_dags/example_python_operator.py
[2022-08-06 00:03:56,958] {logging_mixin.py:115} INFO - [2022-08-06 00:03:56,958] {dag.py:2371} INFO - Sync 1 DAGs
[2022-08-06 00:03:56,978] {logging_mixin.py:115} INFO - [2022-08-06 00:03:56,978] {dag.py:2919} INFO - Setting next_dagrun for example_python_operator to None, run_after=None
[2022-08-06 00:03:56,990] {processor.py:161} INFO - Processing /home/airflow/.local/lib/python3.7/site-packages/airflow/example_dags/example_python_operator.py took 0.071 seconds
[2022-08-06 00:04:27,096] {processor.py:153} INFO - Started process (PID=3743) to work on /home/airflow/.local/lib/python3.7/site-packages/airflow/example_dags/example_python_operator.py
[2022-08-06 00:04:27,097] {processor.py:641} INFO - Processing file /home/airflow/.local/lib/python3.7/site-packages/airflow/example_dags/example_python_operator.py for tasks to queue
[2022-08-06 00:04:27,098] {logging_mixin.py:115} INFO - [2022-08-06 00:04:27,098] {dagbag.py:507} INFO - Filling up the DagBag from /home/airflow/.local/lib/python3.7/site-packages/airflow/example_dags/example_python_operator.py
[2022-08-06 00:04:27,111] {processor.py:651} INFO - DAG(s) dict_keys(['example_python_operator']) retrieved from /home/airflow/.local/lib/python3.7/site-packages/airflow/example_dags/example_python_operator.py
[2022-08-06 00:04:27,124] {logging_mixin.py:115} INFO - [2022-08-06 00:04:27,124] {dag.py:2371} INFO - Sync 1 DAGs
[2022-08-06 00:04:27,136] {logging_mixin.py:115} INFO - [2022-08-06 00:04:27,136] {dag.py:2919} INFO - Setting next_dagrun for example_python_operator to None, run_after=None
[2022-08-06 00:04:27,143] {processor.py:161} INFO - Processing /home/airflow/.local/lib/python3.7/site-packages/airflow/example_dags/example_python_operator.py took 0.050 seconds
[2022-08-06 00:04:58,035] {processor.py:153} INFO - Started process (PID=3805) to work on /home/airflow/.local/lib/python3.7/site-packages/airflow/example_dags/example_python_operator.py
[2022-08-06 00:04:58,036] {processor.py:641} INFO - Processing file /home/airflow/.local/lib/python3.7/site-packages/airflow/example_dags/example_python_operator.py for tasks to queue
[2022-08-06 00:04:58,037] {logging_mixin.py:115} INFO - [2022-08-06 00:04:58,037] {dagbag.py:507} INFO - Filling up the DagBag from /home/airflow/.local/lib/python3.7/site-packages/airflow/example_dags/example_python_operator.py
[2022-08-06 00:04:58,048] {processor.py:651} INFO - DAG(s) dict_keys(['example_python_operator']) retrieved from /home/airflow/.local/lib/python3.7/site-packages/airflow/example_dags/example_python_operator.py
[2022-08-06 00:04:58,064] {logging_mixin.py:115} INFO - [2022-08-06 00:04:58,064] {dag.py:2371} INFO - Sync 1 DAGs
[2022-08-06 00:04:58,078] {logging_mixin.py:115} INFO - [2022-08-06 00:04:58,078] {dag.py:2919} INFO - Setting next_dagrun for example_python_operator to None, run_after=None
[2022-08-06 00:04:58,086] {processor.py:161} INFO - Processing /home/airflow/.local/lib/python3.7/site-packages/airflow/example_dags/example_python_operator.py took 0.052 seconds
[2022-08-06 00:07:15,253] {processor.py:153} INFO - Started process (PID=46) to work on /home/airflow/.local/lib/python3.7/site-packages/airflow/example_dags/example_python_operator.py
[2022-08-06 00:07:15,256] {processor.py:641} INFO - Processing file /home/airflow/.local/lib/python3.7/site-packages/airflow/example_dags/example_python_operator.py for tasks to queue
[2022-08-06 00:07:15,258] {logging_mixin.py:115} INFO - [2022-08-06 00:07:15,258] {dagbag.py:507} INFO - Filling up the DagBag from /home/airflow/.local/lib/python3.7/site-packages/airflow/example_dags/example_python_operator.py
[2022-08-06 00:07:15,295] {processor.py:651} INFO - DAG(s) dict_keys(['example_python_operator']) retrieved from /home/airflow/.local/lib/python3.7/site-packages/airflow/example_dags/example_python_operator.py
[2022-08-06 00:07:15,343] {logging_mixin.py:115} INFO - [2022-08-06 00:07:15,343] {dag.py:2371} INFO - Sync 1 DAGs
[2022-08-06 00:07:15,530] {logging_mixin.py:115} INFO - [2022-08-06 00:07:15,530] {dag.py:2919} INFO - Setting next_dagrun for example_python_operator to None, run_after=None
[2022-08-06 00:07:15,547] {processor.py:161} INFO - Processing /home/airflow/.local/lib/python3.7/site-packages/airflow/example_dags/example_python_operator.py took 0.304 seconds
[2022-08-06 00:07:46,085] {processor.py:153} INFO - Started process (PID=108) to work on /home/airflow/.local/lib/python3.7/site-packages/airflow/example_dags/example_python_operator.py
[2022-08-06 00:07:46,086] {processor.py:641} INFO - Processing file /home/airflow/.local/lib/python3.7/site-packages/airflow/example_dags/example_python_operator.py for tasks to queue
[2022-08-06 00:07:46,087] {logging_mixin.py:115} INFO - [2022-08-06 00:07:46,087] {dagbag.py:507} INFO - Filling up the DagBag from /home/airflow/.local/lib/python3.7/site-packages/airflow/example_dags/example_python_operator.py
[2022-08-06 00:07:46,097] {processor.py:651} INFO - DAG(s) dict_keys(['example_python_operator']) retrieved from /home/airflow/.local/lib/python3.7/site-packages/airflow/example_dags/example_python_operator.py
[2022-08-06 00:07:46,113] {logging_mixin.py:115} INFO - [2022-08-06 00:07:46,113] {dag.py:2371} INFO - Sync 1 DAGs
[2022-08-06 00:07:46,205] {logging_mixin.py:115} INFO - [2022-08-06 00:07:46,204] {dag.py:2919} INFO - Setting next_dagrun for example_python_operator to None, run_after=None
[2022-08-06 00:07:46,241] {processor.py:161} INFO - Processing /home/airflow/.local/lib/python3.7/site-packages/airflow/example_dags/example_python_operator.py took 0.158 seconds
[2022-08-06 00:08:17,078] {processor.py:153} INFO - Started process (PID=169) to work on /home/airflow/.local/lib/python3.7/site-packages/airflow/example_dags/example_python_operator.py
[2022-08-06 00:08:17,079] {processor.py:641} INFO - Processing file /home/airflow/.local/lib/python3.7/site-packages/airflow/example_dags/example_python_operator.py for tasks to queue
[2022-08-06 00:08:17,080] {logging_mixin.py:115} INFO - [2022-08-06 00:08:17,080] {dagbag.py:507} INFO - Filling up the DagBag from /home/airflow/.local/lib/python3.7/site-packages/airflow/example_dags/example_python_operator.py
[2022-08-06 00:08:17,091] {processor.py:651} INFO - DAG(s) dict_keys(['example_python_operator']) retrieved from /home/airflow/.local/lib/python3.7/site-packages/airflow/example_dags/example_python_operator.py
[2022-08-06 00:08:17,109] {logging_mixin.py:115} INFO - [2022-08-06 00:08:17,109] {dag.py:2371} INFO - Sync 1 DAGs
[2022-08-06 00:08:17,219] {logging_mixin.py:115} INFO - [2022-08-06 00:08:17,219] {dag.py:2919} INFO - Setting next_dagrun for example_python_operator to None, run_after=None
[2022-08-06 00:08:17,225] {processor.py:161} INFO - Processing /home/airflow/.local/lib/python3.7/site-packages/airflow/example_dags/example_python_operator.py took 0.150 seconds
[2022-08-06 00:08:47,625] {processor.py:153} INFO - Started process (PID=231) to work on /home/airflow/.local/lib/python3.7/site-packages/airflow/example_dags/example_python_operator.py
[2022-08-06 00:08:47,626] {processor.py:641} INFO - Processing file /home/airflow/.local/lib/python3.7/site-packages/airflow/example_dags/example_python_operator.py for tasks to queue
[2022-08-06 00:08:47,628] {logging_mixin.py:115} INFO - [2022-08-06 00:08:47,627] {dagbag.py:507} INFO - Filling up the DagBag from /home/airflow/.local/lib/python3.7/site-packages/airflow/example_dags/example_python_operator.py
[2022-08-06 00:08:47,637] {processor.py:651} INFO - DAG(s) dict_keys(['example_python_operator']) retrieved from /home/airflow/.local/lib/python3.7/site-packages/airflow/example_dags/example_python_operator.py
[2022-08-06 00:08:47,654] {logging_mixin.py:115} INFO - [2022-08-06 00:08:47,654] {dag.py:2371} INFO - Sync 1 DAGs
[2022-08-06 00:08:47,758] {logging_mixin.py:115} INFO - [2022-08-06 00:08:47,758] {dag.py:2919} INFO - Setting next_dagrun for example_python_operator to None, run_after=None
[2022-08-06 00:08:47,765] {processor.py:161} INFO - Processing /home/airflow/.local/lib/python3.7/site-packages/airflow/example_dags/example_python_operator.py took 0.142 seconds
[2022-08-06 00:09:18,345] {processor.py:153} INFO - Started process (PID=293) to work on /home/airflow/.local/lib/python3.7/site-packages/airflow/example_dags/example_python_operator.py
[2022-08-06 00:09:18,346] {processor.py:641} INFO - Processing file /home/airflow/.local/lib/python3.7/site-packages/airflow/example_dags/example_python_operator.py for tasks to queue
[2022-08-06 00:09:18,347] {logging_mixin.py:115} INFO - [2022-08-06 00:09:18,347] {dagbag.py:507} INFO - Filling up the DagBag from /home/airflow/.local/lib/python3.7/site-packages/airflow/example_dags/example_python_operator.py
[2022-08-06 00:09:18,357] {processor.py:651} INFO - DAG(s) dict_keys(['example_python_operator']) retrieved from /home/airflow/.local/lib/python3.7/site-packages/airflow/example_dags/example_python_operator.py
[2022-08-06 00:09:18,375] {logging_mixin.py:115} INFO - [2022-08-06 00:09:18,375] {dag.py:2371} INFO - Sync 1 DAGs
[2022-08-06 00:09:18,467] {logging_mixin.py:115} INFO - [2022-08-06 00:09:18,467] {dag.py:2919} INFO - Setting next_dagrun for example_python_operator to None, run_after=None
[2022-08-06 00:09:18,474] {processor.py:161} INFO - Processing /home/airflow/.local/lib/python3.7/site-packages/airflow/example_dags/example_python_operator.py took 0.131 seconds
[2022-08-06 00:09:49,071] {processor.py:153} INFO - Started process (PID=355) to work on /home/airflow/.local/lib/python3.7/site-packages/airflow/example_dags/example_python_operator.py
[2022-08-06 00:09:49,073] {processor.py:641} INFO - Processing file /home/airflow/.local/lib/python3.7/site-packages/airflow/example_dags/example_python_operator.py for tasks to queue
[2022-08-06 00:09:49,074] {logging_mixin.py:115} INFO - [2022-08-06 00:09:49,074] {dagbag.py:507} INFO - Filling up the DagBag from /home/airflow/.local/lib/python3.7/site-packages/airflow/example_dags/example_python_operator.py
[2022-08-06 00:09:49,084] {processor.py:651} INFO - DAG(s) dict_keys(['example_python_operator']) retrieved from /home/airflow/.local/lib/python3.7/site-packages/airflow/example_dags/example_python_operator.py
[2022-08-06 00:09:49,101] {logging_mixin.py:115} INFO - [2022-08-06 00:09:49,101] {dag.py:2371} INFO - Sync 1 DAGs
[2022-08-06 00:09:49,193] {logging_mixin.py:115} INFO - [2022-08-06 00:09:49,193] {dag.py:2919} INFO - Setting next_dagrun for example_python_operator to None, run_after=None
[2022-08-06 00:09:49,200] {processor.py:161} INFO - Processing /home/airflow/.local/lib/python3.7/site-packages/airflow/example_dags/example_python_operator.py took 0.131 seconds
[2022-08-06 00:10:19,702] {processor.py:153} INFO - Started process (PID=418) to work on /home/airflow/.local/lib/python3.7/site-packages/airflow/example_dags/example_python_operator.py
[2022-08-06 00:10:19,703] {processor.py:641} INFO - Processing file /home/airflow/.local/lib/python3.7/site-packages/airflow/example_dags/example_python_operator.py for tasks to queue
[2022-08-06 00:10:19,704] {logging_mixin.py:115} INFO - [2022-08-06 00:10:19,704] {dagbag.py:507} INFO - Filling up the DagBag from /home/airflow/.local/lib/python3.7/site-packages/airflow/example_dags/example_python_operator.py
[2022-08-06 00:10:19,716] {processor.py:651} INFO - DAG(s) dict_keys(['example_python_operator']) retrieved from /home/airflow/.local/lib/python3.7/site-packages/airflow/example_dags/example_python_operator.py
[2022-08-06 00:10:19,735] {logging_mixin.py:115} INFO - [2022-08-06 00:10:19,735] {dag.py:2371} INFO - Sync 1 DAGs
[2022-08-06 00:10:19,852] {logging_mixin.py:115} INFO - [2022-08-06 00:10:19,852] {dag.py:2919} INFO - Setting next_dagrun for example_python_operator to None, run_after=None
[2022-08-06 00:10:19,861] {processor.py:161} INFO - Processing /home/airflow/.local/lib/python3.7/site-packages/airflow/example_dags/example_python_operator.py took 0.162 seconds
[2022-08-06 00:10:50,527] {processor.py:153} INFO - Started process (PID=470) to work on /home/airflow/.local/lib/python3.7/site-packages/airflow/example_dags/example_python_operator.py
[2022-08-06 00:10:50,528] {processor.py:641} INFO - Processing file /home/airflow/.local/lib/python3.7/site-packages/airflow/example_dags/example_python_operator.py for tasks to queue
[2022-08-06 00:10:50,529] {logging_mixin.py:115} INFO - [2022-08-06 00:10:50,529] {dagbag.py:507} INFO - Filling up the DagBag from /home/airflow/.local/lib/python3.7/site-packages/airflow/example_dags/example_python_operator.py
[2022-08-06 00:10:50,540] {processor.py:651} INFO - DAG(s) dict_keys(['example_python_operator']) retrieved from /home/airflow/.local/lib/python3.7/site-packages/airflow/example_dags/example_python_operator.py
[2022-08-06 00:10:50,559] {logging_mixin.py:115} INFO - [2022-08-06 00:10:50,559] {dag.py:2371} INFO - Sync 1 DAGs
[2022-08-06 00:10:50,668] {logging_mixin.py:115} INFO - [2022-08-06 00:10:50,668] {dag.py:2919} INFO - Setting next_dagrun for example_python_operator to None, run_after=None
[2022-08-06 00:10:50,676] {processor.py:161} INFO - Processing /home/airflow/.local/lib/python3.7/site-packages/airflow/example_dags/example_python_operator.py took 0.152 seconds
[2022-08-06 00:11:21,432] {processor.py:153} INFO - Started process (PID=531) to work on /home/airflow/.local/lib/python3.7/site-packages/airflow/example_dags/example_python_operator.py
[2022-08-06 00:11:21,434] {processor.py:641} INFO - Processing file /home/airflow/.local/lib/python3.7/site-packages/airflow/example_dags/example_python_operator.py for tasks to queue
[2022-08-06 00:11:21,435] {logging_mixin.py:115} INFO - [2022-08-06 00:11:21,435] {dagbag.py:507} INFO - Filling up the DagBag from /home/airflow/.local/lib/python3.7/site-packages/airflow/example_dags/example_python_operator.py
[2022-08-06 00:11:21,446] {processor.py:651} INFO - DAG(s) dict_keys(['example_python_operator']) retrieved from /home/airflow/.local/lib/python3.7/site-packages/airflow/example_dags/example_python_operator.py
[2022-08-06 00:11:21,464] {logging_mixin.py:115} INFO - [2022-08-06 00:11:21,464] {dag.py:2371} INFO - Sync 1 DAGs
[2022-08-06 00:11:21,569] {logging_mixin.py:115} INFO - [2022-08-06 00:11:21,568] {dag.py:2919} INFO - Setting next_dagrun for example_python_operator to None, run_after=None
[2022-08-06 00:11:21,576] {processor.py:161} INFO - Processing /home/airflow/.local/lib/python3.7/site-packages/airflow/example_dags/example_python_operator.py took 0.146 seconds
[2022-08-06 00:11:52,077] {processor.py:153} INFO - Started process (PID=593) to work on /home/airflow/.local/lib/python3.7/site-packages/airflow/example_dags/example_python_operator.py
[2022-08-06 00:11:52,079] {processor.py:641} INFO - Processing file /home/airflow/.local/lib/python3.7/site-packages/airflow/example_dags/example_python_operator.py for tasks to queue
[2022-08-06 00:11:52,080] {logging_mixin.py:115} INFO - [2022-08-06 00:11:52,080] {dagbag.py:507} INFO - Filling up the DagBag from /home/airflow/.local/lib/python3.7/site-packages/airflow/example_dags/example_python_operator.py
[2022-08-06 00:11:52,091] {processor.py:651} INFO - DAG(s) dict_keys(['example_python_operator']) retrieved from /home/airflow/.local/lib/python3.7/site-packages/airflow/example_dags/example_python_operator.py
[2022-08-06 00:11:52,111] {logging_mixin.py:115} INFO - [2022-08-06 00:11:52,111] {dag.py:2371} INFO - Sync 1 DAGs
[2022-08-06 00:11:52,203] {logging_mixin.py:115} INFO - [2022-08-06 00:11:52,203] {dag.py:2919} INFO - Setting next_dagrun for example_python_operator to None, run_after=None
[2022-08-06 00:11:52,210] {processor.py:161} INFO - Processing /home/airflow/.local/lib/python3.7/site-packages/airflow/example_dags/example_python_operator.py took 0.136 seconds
[2022-08-06 00:12:22,685] {processor.py:153} INFO - Started process (PID=655) to work on /home/airflow/.local/lib/python3.7/site-packages/airflow/example_dags/example_python_operator.py
[2022-08-06 00:12:22,687] {processor.py:641} INFO - Processing file /home/airflow/.local/lib/python3.7/site-packages/airflow/example_dags/example_python_operator.py for tasks to queue
[2022-08-06 00:12:22,688] {logging_mixin.py:115} INFO - [2022-08-06 00:12:22,688] {dagbag.py:507} INFO - Filling up the DagBag from /home/airflow/.local/lib/python3.7/site-packages/airflow/example_dags/example_python_operator.py
[2022-08-06 00:12:22,700] {processor.py:651} INFO - DAG(s) dict_keys(['example_python_operator']) retrieved from /home/airflow/.local/lib/python3.7/site-packages/airflow/example_dags/example_python_operator.py
[2022-08-06 00:12:22,722] {logging_mixin.py:115} INFO - [2022-08-06 00:12:22,722] {dag.py:2371} INFO - Sync 1 DAGs
[2022-08-06 00:12:22,832] {logging_mixin.py:115} INFO - [2022-08-06 00:12:22,832] {dag.py:2919} INFO - Setting next_dagrun for example_python_operator to None, run_after=None
[2022-08-06 00:12:22,840] {processor.py:161} INFO - Processing /home/airflow/.local/lib/python3.7/site-packages/airflow/example_dags/example_python_operator.py took 0.156 seconds
[2022-08-06 00:12:53,710] {processor.py:153} INFO - Started process (PID=718) to work on /home/airflow/.local/lib/python3.7/site-packages/airflow/example_dags/example_python_operator.py
[2022-08-06 00:12:53,711] {processor.py:641} INFO - Processing file /home/airflow/.local/lib/python3.7/site-packages/airflow/example_dags/example_python_operator.py for tasks to queue
[2022-08-06 00:12:53,712] {logging_mixin.py:115} INFO - [2022-08-06 00:12:53,712] {dagbag.py:507} INFO - Filling up the DagBag from /home/airflow/.local/lib/python3.7/site-packages/airflow/example_dags/example_python_operator.py
[2022-08-06 00:12:53,722] {processor.py:651} INFO - DAG(s) dict_keys(['example_python_operator']) retrieved from /home/airflow/.local/lib/python3.7/site-packages/airflow/example_dags/example_python_operator.py
[2022-08-06 00:12:53,739] {logging_mixin.py:115} INFO - [2022-08-06 00:12:53,739] {dag.py:2371} INFO - Sync 1 DAGs
[2022-08-06 00:12:53,821] {logging_mixin.py:115} INFO - [2022-08-06 00:12:53,821] {dag.py:2919} INFO - Setting next_dagrun for example_python_operator to None, run_after=None
[2022-08-06 00:12:53,828] {processor.py:161} INFO - Processing /home/airflow/.local/lib/python3.7/site-packages/airflow/example_dags/example_python_operator.py took 0.120 seconds
[2022-08-06 00:13:24,681] {processor.py:153} INFO - Started process (PID=780) to work on /home/airflow/.local/lib/python3.7/site-packages/airflow/example_dags/example_python_operator.py
[2022-08-06 00:13:24,682] {processor.py:641} INFO - Processing file /home/airflow/.local/lib/python3.7/site-packages/airflow/example_dags/example_python_operator.py for tasks to queue
[2022-08-06 00:13:24,684] {logging_mixin.py:115} INFO - [2022-08-06 00:13:24,683] {dagbag.py:507} INFO - Filling up the DagBag from /home/airflow/.local/lib/python3.7/site-packages/airflow/example_dags/example_python_operator.py
[2022-08-06 00:13:24,694] {processor.py:651} INFO - DAG(s) dict_keys(['example_python_operator']) retrieved from /home/airflow/.local/lib/python3.7/site-packages/airflow/example_dags/example_python_operator.py
[2022-08-06 00:13:24,711] {logging_mixin.py:115} INFO - [2022-08-06 00:13:24,711] {dag.py:2371} INFO - Sync 1 DAGs
[2022-08-06 00:13:24,799] {logging_mixin.py:115} INFO - [2022-08-06 00:13:24,799] {dag.py:2919} INFO - Setting next_dagrun for example_python_operator to None, run_after=None
[2022-08-06 00:13:24,807] {processor.py:161} INFO - Processing /home/airflow/.local/lib/python3.7/site-packages/airflow/example_dags/example_python_operator.py took 0.127 seconds
[2022-08-06 00:13:55,696] {processor.py:153} INFO - Started process (PID=841) to work on /home/airflow/.local/lib/python3.7/site-packages/airflow/example_dags/example_python_operator.py
[2022-08-06 00:13:55,697] {processor.py:641} INFO - Processing file /home/airflow/.local/lib/python3.7/site-packages/airflow/example_dags/example_python_operator.py for tasks to queue
[2022-08-06 00:13:55,699] {logging_mixin.py:115} INFO - [2022-08-06 00:13:55,699] {dagbag.py:507} INFO - Filling up the DagBag from /home/airflow/.local/lib/python3.7/site-packages/airflow/example_dags/example_python_operator.py
[2022-08-06 00:13:55,710] {processor.py:651} INFO - DAG(s) dict_keys(['example_python_operator']) retrieved from /home/airflow/.local/lib/python3.7/site-packages/airflow/example_dags/example_python_operator.py
[2022-08-06 00:13:55,728] {logging_mixin.py:115} INFO - [2022-08-06 00:13:55,728] {dag.py:2371} INFO - Sync 1 DAGs
[2022-08-06 00:13:55,825] {logging_mixin.py:115} INFO - [2022-08-06 00:13:55,825] {dag.py:2919} INFO - Setting next_dagrun for example_python_operator to None, run_after=None
[2022-08-06 00:13:55,837] {processor.py:161} INFO - Processing /home/airflow/.local/lib/python3.7/site-packages/airflow/example_dags/example_python_operator.py took 0.143 seconds
[2022-08-06 00:14:26,405] {processor.py:153} INFO - Started process (PID=895) to work on /home/airflow/.local/lib/python3.7/site-packages/airflow/example_dags/example_python_operator.py
[2022-08-06 00:14:26,407] {processor.py:641} INFO - Processing file /home/airflow/.local/lib/python3.7/site-packages/airflow/example_dags/example_python_operator.py for tasks to queue
[2022-08-06 00:14:26,408] {logging_mixin.py:115} INFO - [2022-08-06 00:14:26,408] {dagbag.py:507} INFO - Filling up the DagBag from /home/airflow/.local/lib/python3.7/site-packages/airflow/example_dags/example_python_operator.py
[2022-08-06 00:14:26,418] {processor.py:651} INFO - DAG(s) dict_keys(['example_python_operator']) retrieved from /home/airflow/.local/lib/python3.7/site-packages/airflow/example_dags/example_python_operator.py
[2022-08-06 00:14:26,436] {logging_mixin.py:115} INFO - [2022-08-06 00:14:26,436] {dag.py:2371} INFO - Sync 1 DAGs
[2022-08-06 00:14:26,522] {logging_mixin.py:115} INFO - [2022-08-06 00:14:26,522] {dag.py:2919} INFO - Setting next_dagrun for example_python_operator to None, run_after=None
[2022-08-06 00:14:26,531] {processor.py:161} INFO - Processing /home/airflow/.local/lib/python3.7/site-packages/airflow/example_dags/example_python_operator.py took 0.127 seconds
[2022-08-06 00:14:57,448] {processor.py:153} INFO - Started process (PID=957) to work on /home/airflow/.local/lib/python3.7/site-packages/airflow/example_dags/example_python_operator.py
[2022-08-06 00:14:57,449] {processor.py:641} INFO - Processing file /home/airflow/.local/lib/python3.7/site-packages/airflow/example_dags/example_python_operator.py for tasks to queue
[2022-08-06 00:14:57,450] {logging_mixin.py:115} INFO - [2022-08-06 00:14:57,450] {dagbag.py:507} INFO - Filling up the DagBag from /home/airflow/.local/lib/python3.7/site-packages/airflow/example_dags/example_python_operator.py
[2022-08-06 00:14:57,463] {processor.py:651} INFO - DAG(s) dict_keys(['example_python_operator']) retrieved from /home/airflow/.local/lib/python3.7/site-packages/airflow/example_dags/example_python_operator.py
[2022-08-06 00:14:57,480] {logging_mixin.py:115} INFO - [2022-08-06 00:14:57,480] {dag.py:2371} INFO - Sync 1 DAGs
[2022-08-06 00:14:57,563] {logging_mixin.py:115} INFO - [2022-08-06 00:14:57,563] {dag.py:2919} INFO - Setting next_dagrun for example_python_operator to None, run_after=None
[2022-08-06 00:14:57,570] {processor.py:161} INFO - Processing /home/airflow/.local/lib/python3.7/site-packages/airflow/example_dags/example_python_operator.py took 0.124 seconds
[2022-08-06 00:15:28,277] {processor.py:153} INFO - Started process (PID=1018) to work on /home/airflow/.local/lib/python3.7/site-packages/airflow/example_dags/example_python_operator.py
[2022-08-06 00:15:28,278] {processor.py:641} INFO - Processing file /home/airflow/.local/lib/python3.7/site-packages/airflow/example_dags/example_python_operator.py for tasks to queue
[2022-08-06 00:15:28,279] {logging_mixin.py:115} INFO - [2022-08-06 00:15:28,279] {dagbag.py:507} INFO - Filling up the DagBag from /home/airflow/.local/lib/python3.7/site-packages/airflow/example_dags/example_python_operator.py
[2022-08-06 00:15:28,290] {processor.py:651} INFO - DAG(s) dict_keys(['example_python_operator']) retrieved from /home/airflow/.local/lib/python3.7/site-packages/airflow/example_dags/example_python_operator.py
[2022-08-06 00:15:28,307] {logging_mixin.py:115} INFO - [2022-08-06 00:15:28,307] {dag.py:2371} INFO - Sync 1 DAGs
[2022-08-06 00:15:28,393] {logging_mixin.py:115} INFO - [2022-08-06 00:15:28,393] {dag.py:2919} INFO - Setting next_dagrun for example_python_operator to None, run_after=None
[2022-08-06 00:15:28,400] {processor.py:161} INFO - Processing /home/airflow/.local/lib/python3.7/site-packages/airflow/example_dags/example_python_operator.py took 0.125 seconds
[2022-08-06 00:15:59,029] {processor.py:153} INFO - Started process (PID=1080) to work on /home/airflow/.local/lib/python3.7/site-packages/airflow/example_dags/example_python_operator.py
[2022-08-06 00:15:59,030] {processor.py:641} INFO - Processing file /home/airflow/.local/lib/python3.7/site-packages/airflow/example_dags/example_python_operator.py for tasks to queue
[2022-08-06 00:15:59,031] {logging_mixin.py:115} INFO - [2022-08-06 00:15:59,031] {dagbag.py:507} INFO - Filling up the DagBag from /home/airflow/.local/lib/python3.7/site-packages/airflow/example_dags/example_python_operator.py
[2022-08-06 00:15:59,041] {processor.py:651} INFO - DAG(s) dict_keys(['example_python_operator']) retrieved from /home/airflow/.local/lib/python3.7/site-packages/airflow/example_dags/example_python_operator.py
[2022-08-06 00:15:59,056] {logging_mixin.py:115} INFO - [2022-08-06 00:15:59,056] {dag.py:2371} INFO - Sync 1 DAGs
[2022-08-06 00:15:59,143] {logging_mixin.py:115} INFO - [2022-08-06 00:15:59,143] {dag.py:2919} INFO - Setting next_dagrun for example_python_operator to None, run_after=None
[2022-08-06 00:15:59,150] {processor.py:161} INFO - Processing /home/airflow/.local/lib/python3.7/site-packages/airflow/example_dags/example_python_operator.py took 0.123 seconds
[2022-08-06 00:16:29,897] {processor.py:153} INFO - Started process (PID=1142) to work on /home/airflow/.local/lib/python3.7/site-packages/airflow/example_dags/example_python_operator.py
[2022-08-06 00:16:29,898] {processor.py:641} INFO - Processing file /home/airflow/.local/lib/python3.7/site-packages/airflow/example_dags/example_python_operator.py for tasks to queue
[2022-08-06 00:16:29,899] {logging_mixin.py:115} INFO - [2022-08-06 00:16:29,899] {dagbag.py:507} INFO - Filling up the DagBag from /home/airflow/.local/lib/python3.7/site-packages/airflow/example_dags/example_python_operator.py
[2022-08-06 00:16:29,907] {processor.py:651} INFO - DAG(s) dict_keys(['example_python_operator']) retrieved from /home/airflow/.local/lib/python3.7/site-packages/airflow/example_dags/example_python_operator.py
[2022-08-06 00:16:29,924] {logging_mixin.py:115} INFO - [2022-08-06 00:16:29,924] {dag.py:2371} INFO - Sync 1 DAGs
[2022-08-06 00:16:30,001] {logging_mixin.py:115} INFO - [2022-08-06 00:16:30,001] {dag.py:2919} INFO - Setting next_dagrun for example_python_operator to None, run_after=None
[2022-08-06 00:16:30,008] {processor.py:161} INFO - Processing /home/airflow/.local/lib/python3.7/site-packages/airflow/example_dags/example_python_operator.py took 0.113 seconds
[2022-08-06 00:34:32,373] {processor.py:153} INFO - Started process (PID=1196) to work on /home/airflow/.local/lib/python3.7/site-packages/airflow/example_dags/example_python_operator.py
[2022-08-06 00:34:32,374] {processor.py:641} INFO - Processing file /home/airflow/.local/lib/python3.7/site-packages/airflow/example_dags/example_python_operator.py for tasks to queue
[2022-08-06 00:34:32,376] {logging_mixin.py:115} INFO - [2022-08-06 00:34:32,376] {dagbag.py:507} INFO - Filling up the DagBag from /home/airflow/.local/lib/python3.7/site-packages/airflow/example_dags/example_python_operator.py
[2022-08-06 00:34:32,412] {processor.py:651} INFO - DAG(s) dict_keys(['example_python_operator']) retrieved from /home/airflow/.local/lib/python3.7/site-packages/airflow/example_dags/example_python_operator.py
[2022-08-06 00:34:32,586] {logging_mixin.py:115} INFO - [2022-08-06 00:34:32,586] {dag.py:2371} INFO - Sync 1 DAGs
[2022-08-06 00:34:32,604] {logging_mixin.py:115} INFO - [2022-08-06 00:34:32,604] {dag.py:2919} INFO - Setting next_dagrun for example_python_operator to None, run_after=None
[2022-08-06 00:34:32,613] {processor.py:161} INFO - Processing /home/airflow/.local/lib/python3.7/site-packages/airflow/example_dags/example_python_operator.py took 0.243 seconds
[2022-08-06 01:23:25,855] {processor.py:153} INFO - Started process (PID=1257) to work on /home/airflow/.local/lib/python3.7/site-packages/airflow/example_dags/example_python_operator.py
[2022-08-06 01:23:25,858] {processor.py:641} INFO - Processing file /home/airflow/.local/lib/python3.7/site-packages/airflow/example_dags/example_python_operator.py for tasks to queue
[2022-08-06 01:23:25,859] {logging_mixin.py:115} INFO - [2022-08-06 01:23:25,859] {dagbag.py:507} INFO - Filling up the DagBag from /home/airflow/.local/lib/python3.7/site-packages/airflow/example_dags/example_python_operator.py
[2022-08-06 01:23:25,879] {processor.py:651} INFO - DAG(s) dict_keys(['example_python_operator']) retrieved from /home/airflow/.local/lib/python3.7/site-packages/airflow/example_dags/example_python_operator.py
[2022-08-06 01:23:26,015] {logging_mixin.py:115} INFO - [2022-08-06 01:23:26,015] {dag.py:2371} INFO - Sync 1 DAGs
[2022-08-06 01:23:26,030] {logging_mixin.py:115} INFO - [2022-08-06 01:23:26,030] {dag.py:2919} INFO - Setting next_dagrun for example_python_operator to None, run_after=None
[2022-08-06 01:23:26,046] {processor.py:161} INFO - Processing /home/airflow/.local/lib/python3.7/site-packages/airflow/example_dags/example_python_operator.py took 0.197 seconds
[2022-08-06 01:39:33,398] {processor.py:153} INFO - Started process (PID=1320) to work on /home/airflow/.local/lib/python3.7/site-packages/airflow/example_dags/example_python_operator.py
[2022-08-06 01:39:33,400] {processor.py:641} INFO - Processing file /home/airflow/.local/lib/python3.7/site-packages/airflow/example_dags/example_python_operator.py for tasks to queue
[2022-08-06 01:39:33,402] {logging_mixin.py:115} INFO - [2022-08-06 01:39:33,402] {dagbag.py:507} INFO - Filling up the DagBag from /home/airflow/.local/lib/python3.7/site-packages/airflow/example_dags/example_python_operator.py
[2022-08-06 01:39:33,600] {processor.py:651} INFO - DAG(s) dict_keys(['example_python_operator']) retrieved from /home/airflow/.local/lib/python3.7/site-packages/airflow/example_dags/example_python_operator.py
[2022-08-06 01:39:33,624] {logging_mixin.py:115} INFO - [2022-08-06 01:39:33,624] {dag.py:2371} INFO - Sync 1 DAGs
[2022-08-06 01:39:33,659] {logging_mixin.py:115} INFO - [2022-08-06 01:39:33,659] {dag.py:2919} INFO - Setting next_dagrun for example_python_operator to None, run_after=None
[2022-08-06 01:39:33,679] {processor.py:161} INFO - Processing /home/airflow/.local/lib/python3.7/site-packages/airflow/example_dags/example_python_operator.py took 0.283 seconds
[2022-08-06 01:40:03,769] {processor.py:153} INFO - Started process (PID=1382) to work on /home/airflow/.local/lib/python3.7/site-packages/airflow/example_dags/example_python_operator.py
[2022-08-06 01:40:03,770] {processor.py:641} INFO - Processing file /home/airflow/.local/lib/python3.7/site-packages/airflow/example_dags/example_python_operator.py for tasks to queue
[2022-08-06 01:40:03,771] {logging_mixin.py:115} INFO - [2022-08-06 01:40:03,771] {dagbag.py:507} INFO - Filling up the DagBag from /home/airflow/.local/lib/python3.7/site-packages/airflow/example_dags/example_python_operator.py
[2022-08-06 01:40:03,848] {processor.py:651} INFO - DAG(s) dict_keys(['example_python_operator']) retrieved from /home/airflow/.local/lib/python3.7/site-packages/airflow/example_dags/example_python_operator.py
[2022-08-06 01:40:03,860] {logging_mixin.py:115} INFO - [2022-08-06 01:40:03,860] {dag.py:2371} INFO - Sync 1 DAGs
[2022-08-06 01:40:03,870] {logging_mixin.py:115} INFO - [2022-08-06 01:40:03,870] {dag.py:2919} INFO - Setting next_dagrun for example_python_operator to None, run_after=None
[2022-08-06 01:40:03,876] {processor.py:161} INFO - Processing /home/airflow/.local/lib/python3.7/site-packages/airflow/example_dags/example_python_operator.py took 0.109 seconds
[2022-08-06 01:40:33,982] {processor.py:153} INFO - Started process (PID=1435) to work on /home/airflow/.local/lib/python3.7/site-packages/airflow/example_dags/example_python_operator.py
[2022-08-06 01:40:33,984] {processor.py:641} INFO - Processing file /home/airflow/.local/lib/python3.7/site-packages/airflow/example_dags/example_python_operator.py for tasks to queue
[2022-08-06 01:40:33,984] {logging_mixin.py:115} INFO - [2022-08-06 01:40:33,984] {dagbag.py:507} INFO - Filling up the DagBag from /home/airflow/.local/lib/python3.7/site-packages/airflow/example_dags/example_python_operator.py
[2022-08-06 01:40:34,064] {processor.py:651} INFO - DAG(s) dict_keys(['example_python_operator']) retrieved from /home/airflow/.local/lib/python3.7/site-packages/airflow/example_dags/example_python_operator.py
[2022-08-06 01:40:34,076] {logging_mixin.py:115} INFO - [2022-08-06 01:40:34,076] {dag.py:2371} INFO - Sync 1 DAGs
[2022-08-06 01:40:34,087] {logging_mixin.py:115} INFO - [2022-08-06 01:40:34,087] {dag.py:2919} INFO - Setting next_dagrun for example_python_operator to None, run_after=None
[2022-08-06 01:40:34,093] {processor.py:161} INFO - Processing /home/airflow/.local/lib/python3.7/site-packages/airflow/example_dags/example_python_operator.py took 0.113 seconds
[2022-08-06 01:41:04,921] {processor.py:153} INFO - Started process (PID=1498) to work on /home/airflow/.local/lib/python3.7/site-packages/airflow/example_dags/example_python_operator.py
[2022-08-06 01:41:04,923] {processor.py:641} INFO - Processing file /home/airflow/.local/lib/python3.7/site-packages/airflow/example_dags/example_python_operator.py for tasks to queue
[2022-08-06 01:41:04,924] {logging_mixin.py:115} INFO - [2022-08-06 01:41:04,924] {dagbag.py:507} INFO - Filling up the DagBag from /home/airflow/.local/lib/python3.7/site-packages/airflow/example_dags/example_python_operator.py
[2022-08-06 01:41:05,018] {processor.py:651} INFO - DAG(s) dict_keys(['example_python_operator']) retrieved from /home/airflow/.local/lib/python3.7/site-packages/airflow/example_dags/example_python_operator.py
[2022-08-06 01:41:05,034] {logging_mixin.py:115} INFO - [2022-08-06 01:41:05,034] {dag.py:2371} INFO - Sync 1 DAGs
[2022-08-06 01:41:05,048] {logging_mixin.py:115} INFO - [2022-08-06 01:41:05,048] {dag.py:2919} INFO - Setting next_dagrun for example_python_operator to None, run_after=None
[2022-08-06 01:41:05,055] {processor.py:161} INFO - Processing /home/airflow/.local/lib/python3.7/site-packages/airflow/example_dags/example_python_operator.py took 0.136 seconds
[2022-08-06 01:41:36,035] {processor.py:153} INFO - Started process (PID=1560) to work on /home/airflow/.local/lib/python3.7/site-packages/airflow/example_dags/example_python_operator.py
[2022-08-06 01:41:36,038] {processor.py:641} INFO - Processing file /home/airflow/.local/lib/python3.7/site-packages/airflow/example_dags/example_python_operator.py for tasks to queue
[2022-08-06 01:41:36,038] {logging_mixin.py:115} INFO - [2022-08-06 01:41:36,038] {dagbag.py:507} INFO - Filling up the DagBag from /home/airflow/.local/lib/python3.7/site-packages/airflow/example_dags/example_python_operator.py
[2022-08-06 01:41:36,134] {processor.py:651} INFO - DAG(s) dict_keys(['example_python_operator']) retrieved from /home/airflow/.local/lib/python3.7/site-packages/airflow/example_dags/example_python_operator.py
[2022-08-06 01:41:36,148] {logging_mixin.py:115} INFO - [2022-08-06 01:41:36,148] {dag.py:2371} INFO - Sync 1 DAGs
[2022-08-06 01:41:36,160] {logging_mixin.py:115} INFO - [2022-08-06 01:41:36,160] {dag.py:2919} INFO - Setting next_dagrun for example_python_operator to None, run_after=None
[2022-08-06 01:41:36,169] {processor.py:161} INFO - Processing /home/airflow/.local/lib/python3.7/site-packages/airflow/example_dags/example_python_operator.py took 0.136 seconds
[2022-08-06 01:42:06,519] {processor.py:153} INFO - Started process (PID=1620) to work on /home/airflow/.local/lib/python3.7/site-packages/airflow/example_dags/example_python_operator.py
[2022-08-06 01:42:06,521] {processor.py:641} INFO - Processing file /home/airflow/.local/lib/python3.7/site-packages/airflow/example_dags/example_python_operator.py for tasks to queue
[2022-08-06 01:42:06,522] {logging_mixin.py:115} INFO - [2022-08-06 01:42:06,522] {dagbag.py:507} INFO - Filling up the DagBag from /home/airflow/.local/lib/python3.7/site-packages/airflow/example_dags/example_python_operator.py
[2022-08-06 01:42:06,629] {processor.py:651} INFO - DAG(s) dict_keys(['example_python_operator']) retrieved from /home/airflow/.local/lib/python3.7/site-packages/airflow/example_dags/example_python_operator.py
[2022-08-06 01:42:06,648] {logging_mixin.py:115} INFO - [2022-08-06 01:42:06,648] {dag.py:2371} INFO - Sync 1 DAGs
[2022-08-06 01:42:06,661] {logging_mixin.py:115} INFO - [2022-08-06 01:42:06,661] {dag.py:2919} INFO - Setting next_dagrun for example_python_operator to None, run_after=None
[2022-08-06 01:42:06,669] {processor.py:161} INFO - Processing /home/airflow/.local/lib/python3.7/site-packages/airflow/example_dags/example_python_operator.py took 0.152 seconds
[2022-08-06 01:42:37,045] {processor.py:153} INFO - Started process (PID=1682) to work on /home/airflow/.local/lib/python3.7/site-packages/airflow/example_dags/example_python_operator.py
[2022-08-06 01:42:37,046] {processor.py:641} INFO - Processing file /home/airflow/.local/lib/python3.7/site-packages/airflow/example_dags/example_python_operator.py for tasks to queue
[2022-08-06 01:42:37,047] {logging_mixin.py:115} INFO - [2022-08-06 01:42:37,047] {dagbag.py:507} INFO - Filling up the DagBag from /home/airflow/.local/lib/python3.7/site-packages/airflow/example_dags/example_python_operator.py
[2022-08-06 01:42:37,155] {processor.py:651} INFO - DAG(s) dict_keys(['example_python_operator']) retrieved from /home/airflow/.local/lib/python3.7/site-packages/airflow/example_dags/example_python_operator.py
[2022-08-06 01:42:37,168] {logging_mixin.py:115} INFO - [2022-08-06 01:42:37,168] {dag.py:2371} INFO - Sync 1 DAGs
[2022-08-06 01:42:37,181] {logging_mixin.py:115} INFO - [2022-08-06 01:42:37,181] {dag.py:2919} INFO - Setting next_dagrun for example_python_operator to None, run_after=None
[2022-08-06 01:42:37,188] {processor.py:161} INFO - Processing /home/airflow/.local/lib/python3.7/site-packages/airflow/example_dags/example_python_operator.py took 0.145 seconds
[2022-08-06 01:43:07,337] {processor.py:153} INFO - Started process (PID=1744) to work on /home/airflow/.local/lib/python3.7/site-packages/airflow/example_dags/example_python_operator.py
[2022-08-06 01:43:07,340] {processor.py:641} INFO - Processing file /home/airflow/.local/lib/python3.7/site-packages/airflow/example_dags/example_python_operator.py for tasks to queue
[2022-08-06 01:43:07,342] {logging_mixin.py:115} INFO - [2022-08-06 01:43:07,342] {dagbag.py:507} INFO - Filling up the DagBag from /home/airflow/.local/lib/python3.7/site-packages/airflow/example_dags/example_python_operator.py
[2022-08-06 01:43:07,437] {processor.py:651} INFO - DAG(s) dict_keys(['example_python_operator']) retrieved from /home/airflow/.local/lib/python3.7/site-packages/airflow/example_dags/example_python_operator.py
[2022-08-06 01:43:07,451] {logging_mixin.py:115} INFO - [2022-08-06 01:43:07,451] {dag.py:2371} INFO - Sync 1 DAGs
[2022-08-06 01:43:07,462] {logging_mixin.py:115} INFO - [2022-08-06 01:43:07,462] {dag.py:2919} INFO - Setting next_dagrun for example_python_operator to None, run_after=None
[2022-08-06 01:43:07,468] {processor.py:161} INFO - Processing /home/airflow/.local/lib/python3.7/site-packages/airflow/example_dags/example_python_operator.py took 0.133 seconds
[2022-08-06 01:43:38,249] {processor.py:153} INFO - Started process (PID=1797) to work on /home/airflow/.local/lib/python3.7/site-packages/airflow/example_dags/example_python_operator.py
[2022-08-06 01:43:38,251] {processor.py:641} INFO - Processing file /home/airflow/.local/lib/python3.7/site-packages/airflow/example_dags/example_python_operator.py for tasks to queue
[2022-08-06 01:43:38,252] {logging_mixin.py:115} INFO - [2022-08-06 01:43:38,252] {dagbag.py:507} INFO - Filling up the DagBag from /home/airflow/.local/lib/python3.7/site-packages/airflow/example_dags/example_python_operator.py
[2022-08-06 01:43:38,341] {processor.py:651} INFO - DAG(s) dict_keys(['example_python_operator']) retrieved from /home/airflow/.local/lib/python3.7/site-packages/airflow/example_dags/example_python_operator.py
[2022-08-06 01:43:38,357] {logging_mixin.py:115} INFO - [2022-08-06 01:43:38,357] {dag.py:2371} INFO - Sync 1 DAGs
[2022-08-06 01:43:38,367] {logging_mixin.py:115} INFO - [2022-08-06 01:43:38,367] {dag.py:2919} INFO - Setting next_dagrun for example_python_operator to None, run_after=None
[2022-08-06 01:43:38,374] {processor.py:161} INFO - Processing /home/airflow/.local/lib/python3.7/site-packages/airflow/example_dags/example_python_operator.py took 0.126 seconds
[2022-08-06 01:44:09,247] {processor.py:153} INFO - Started process (PID=1859) to work on /home/airflow/.local/lib/python3.7/site-packages/airflow/example_dags/example_python_operator.py
[2022-08-06 01:44:09,249] {processor.py:641} INFO - Processing file /home/airflow/.local/lib/python3.7/site-packages/airflow/example_dags/example_python_operator.py for tasks to queue
[2022-08-06 01:44:09,251] {logging_mixin.py:115} INFO - [2022-08-06 01:44:09,250] {dagbag.py:507} INFO - Filling up the DagBag from /home/airflow/.local/lib/python3.7/site-packages/airflow/example_dags/example_python_operator.py
[2022-08-06 01:44:09,357] {processor.py:651} INFO - DAG(s) dict_keys(['example_python_operator']) retrieved from /home/airflow/.local/lib/python3.7/site-packages/airflow/example_dags/example_python_operator.py
[2022-08-06 01:44:09,375] {logging_mixin.py:115} INFO - [2022-08-06 01:44:09,375] {dag.py:2371} INFO - Sync 1 DAGs
[2022-08-06 01:44:09,390] {logging_mixin.py:115} INFO - [2022-08-06 01:44:09,390] {dag.py:2919} INFO - Setting next_dagrun for example_python_operator to None, run_after=None
[2022-08-06 01:44:09,399] {processor.py:161} INFO - Processing /home/airflow/.local/lib/python3.7/site-packages/airflow/example_dags/example_python_operator.py took 0.154 seconds
[2022-08-06 01:44:39,609] {processor.py:153} INFO - Started process (PID=1921) to work on /home/airflow/.local/lib/python3.7/site-packages/airflow/example_dags/example_python_operator.py
[2022-08-06 01:44:39,611] {processor.py:641} INFO - Processing file /home/airflow/.local/lib/python3.7/site-packages/airflow/example_dags/example_python_operator.py for tasks to queue
[2022-08-06 01:44:39,612] {logging_mixin.py:115} INFO - [2022-08-06 01:44:39,612] {dagbag.py:507} INFO - Filling up the DagBag from /home/airflow/.local/lib/python3.7/site-packages/airflow/example_dags/example_python_operator.py
[2022-08-06 01:44:39,697] {processor.py:651} INFO - DAG(s) dict_keys(['example_python_operator']) retrieved from /home/airflow/.local/lib/python3.7/site-packages/airflow/example_dags/example_python_operator.py
[2022-08-06 01:44:39,710] {logging_mixin.py:115} INFO - [2022-08-06 01:44:39,710] {dag.py:2371} INFO - Sync 1 DAGs
[2022-08-06 01:44:39,721] {logging_mixin.py:115} INFO - [2022-08-06 01:44:39,721] {dag.py:2919} INFO - Setting next_dagrun for example_python_operator to None, run_after=None
[2022-08-06 01:44:39,728] {processor.py:161} INFO - Processing /home/airflow/.local/lib/python3.7/site-packages/airflow/example_dags/example_python_operator.py took 0.121 seconds
[2022-08-06 01:45:10,038] {processor.py:153} INFO - Started process (PID=1982) to work on /home/airflow/.local/lib/python3.7/site-packages/airflow/example_dags/example_python_operator.py
[2022-08-06 01:45:10,039] {processor.py:641} INFO - Processing file /home/airflow/.local/lib/python3.7/site-packages/airflow/example_dags/example_python_operator.py for tasks to queue
[2022-08-06 01:45:10,040] {logging_mixin.py:115} INFO - [2022-08-06 01:45:10,040] {dagbag.py:507} INFO - Filling up the DagBag from /home/airflow/.local/lib/python3.7/site-packages/airflow/example_dags/example_python_operator.py
[2022-08-06 01:45:10,136] {processor.py:651} INFO - DAG(s) dict_keys(['example_python_operator']) retrieved from /home/airflow/.local/lib/python3.7/site-packages/airflow/example_dags/example_python_operator.py
[2022-08-06 01:45:10,148] {logging_mixin.py:115} INFO - [2022-08-06 01:45:10,148] {dag.py:2371} INFO - Sync 1 DAGs
[2022-08-06 01:45:10,158] {logging_mixin.py:115} INFO - [2022-08-06 01:45:10,158] {dag.py:2919} INFO - Setting next_dagrun for example_python_operator to None, run_after=None
[2022-08-06 01:45:10,163] {processor.py:161} INFO - Processing /home/airflow/.local/lib/python3.7/site-packages/airflow/example_dags/example_python_operator.py took 0.128 seconds
[2022-08-06 01:45:40,374] {processor.py:153} INFO - Started process (PID=2044) to work on /home/airflow/.local/lib/python3.7/site-packages/airflow/example_dags/example_python_operator.py
[2022-08-06 01:45:40,375] {processor.py:641} INFO - Processing file /home/airflow/.local/lib/python3.7/site-packages/airflow/example_dags/example_python_operator.py for tasks to queue
[2022-08-06 01:45:40,376] {logging_mixin.py:115} INFO - [2022-08-06 01:45:40,376] {dagbag.py:507} INFO - Filling up the DagBag from /home/airflow/.local/lib/python3.7/site-packages/airflow/example_dags/example_python_operator.py
[2022-08-06 01:45:40,482] {processor.py:651} INFO - DAG(s) dict_keys(['example_python_operator']) retrieved from /home/airflow/.local/lib/python3.7/site-packages/airflow/example_dags/example_python_operator.py
[2022-08-06 01:45:40,496] {logging_mixin.py:115} INFO - [2022-08-06 01:45:40,496] {dag.py:2371} INFO - Sync 1 DAGs
[2022-08-06 01:45:40,508] {logging_mixin.py:115} INFO - [2022-08-06 01:45:40,508] {dag.py:2919} INFO - Setting next_dagrun for example_python_operator to None, run_after=None
[2022-08-06 01:45:40,516] {processor.py:161} INFO - Processing /home/airflow/.local/lib/python3.7/site-packages/airflow/example_dags/example_python_operator.py took 0.145 seconds
[2022-08-06 01:46:10,824] {processor.py:153} INFO - Started process (PID=2106) to work on /home/airflow/.local/lib/python3.7/site-packages/airflow/example_dags/example_python_operator.py
[2022-08-06 01:46:10,826] {processor.py:641} INFO - Processing file /home/airflow/.local/lib/python3.7/site-packages/airflow/example_dags/example_python_operator.py for tasks to queue
[2022-08-06 01:46:10,826] {logging_mixin.py:115} INFO - [2022-08-06 01:46:10,826] {dagbag.py:507} INFO - Filling up the DagBag from /home/airflow/.local/lib/python3.7/site-packages/airflow/example_dags/example_python_operator.py
[2022-08-06 01:46:10,922] {processor.py:651} INFO - DAG(s) dict_keys(['example_python_operator']) retrieved from /home/airflow/.local/lib/python3.7/site-packages/airflow/example_dags/example_python_operator.py
[2022-08-06 01:46:10,936] {logging_mixin.py:115} INFO - [2022-08-06 01:46:10,936] {dag.py:2371} INFO - Sync 1 DAGs
[2022-08-06 01:46:10,947] {logging_mixin.py:115} INFO - [2022-08-06 01:46:10,947] {dag.py:2919} INFO - Setting next_dagrun for example_python_operator to None, run_after=None
[2022-08-06 01:46:10,954] {processor.py:161} INFO - Processing /home/airflow/.local/lib/python3.7/site-packages/airflow/example_dags/example_python_operator.py took 0.132 seconds
[2022-08-06 01:46:41,945] {processor.py:153} INFO - Started process (PID=2160) to work on /home/airflow/.local/lib/python3.7/site-packages/airflow/example_dags/example_python_operator.py
[2022-08-06 01:46:41,946] {processor.py:641} INFO - Processing file /home/airflow/.local/lib/python3.7/site-packages/airflow/example_dags/example_python_operator.py for tasks to queue
[2022-08-06 01:46:41,947] {logging_mixin.py:115} INFO - [2022-08-06 01:46:41,947] {dagbag.py:507} INFO - Filling up the DagBag from /home/airflow/.local/lib/python3.7/site-packages/airflow/example_dags/example_python_operator.py
[2022-08-06 01:46:42,023] {processor.py:651} INFO - DAG(s) dict_keys(['example_python_operator']) retrieved from /home/airflow/.local/lib/python3.7/site-packages/airflow/example_dags/example_python_operator.py
[2022-08-06 01:46:42,036] {logging_mixin.py:115} INFO - [2022-08-06 01:46:42,036] {dag.py:2371} INFO - Sync 1 DAGs
[2022-08-06 01:46:42,045] {logging_mixin.py:115} INFO - [2022-08-06 01:46:42,045] {dag.py:2919} INFO - Setting next_dagrun for example_python_operator to None, run_after=None
[2022-08-06 01:46:42,051] {processor.py:161} INFO - Processing /home/airflow/.local/lib/python3.7/site-packages/airflow/example_dags/example_python_operator.py took 0.108 seconds
[2022-08-06 01:47:12,200] {processor.py:153} INFO - Started process (PID=2222) to work on /home/airflow/.local/lib/python3.7/site-packages/airflow/example_dags/example_python_operator.py
[2022-08-06 01:47:12,215] {processor.py:641} INFO - Processing file /home/airflow/.local/lib/python3.7/site-packages/airflow/example_dags/example_python_operator.py for tasks to queue
[2022-08-06 01:47:12,216] {logging_mixin.py:115} INFO - [2022-08-06 01:47:12,216] {dagbag.py:507} INFO - Filling up the DagBag from /home/airflow/.local/lib/python3.7/site-packages/airflow/example_dags/example_python_operator.py
[2022-08-06 01:47:12,297] {processor.py:651} INFO - DAG(s) dict_keys(['example_python_operator']) retrieved from /home/airflow/.local/lib/python3.7/site-packages/airflow/example_dags/example_python_operator.py
[2022-08-06 01:47:12,310] {logging_mixin.py:115} INFO - [2022-08-06 01:47:12,310] {dag.py:2371} INFO - Sync 1 DAGs
[2022-08-06 01:47:12,321] {logging_mixin.py:115} INFO - [2022-08-06 01:47:12,321] {dag.py:2919} INFO - Setting next_dagrun for example_python_operator to None, run_after=None
[2022-08-06 01:47:12,328] {processor.py:161} INFO - Processing /home/airflow/.local/lib/python3.7/site-packages/airflow/example_dags/example_python_operator.py took 0.130 seconds
[2022-08-06 01:47:43,391] {processor.py:153} INFO - Started process (PID=2284) to work on /home/airflow/.local/lib/python3.7/site-packages/airflow/example_dags/example_python_operator.py
[2022-08-06 01:47:43,393] {processor.py:641} INFO - Processing file /home/airflow/.local/lib/python3.7/site-packages/airflow/example_dags/example_python_operator.py for tasks to queue
[2022-08-06 01:47:43,395] {logging_mixin.py:115} INFO - [2022-08-06 01:47:43,395] {dagbag.py:507} INFO - Filling up the DagBag from /home/airflow/.local/lib/python3.7/site-packages/airflow/example_dags/example_python_operator.py
[2022-08-06 01:47:43,479] {processor.py:651} INFO - DAG(s) dict_keys(['example_python_operator']) retrieved from /home/airflow/.local/lib/python3.7/site-packages/airflow/example_dags/example_python_operator.py
[2022-08-06 01:47:43,491] {logging_mixin.py:115} INFO - [2022-08-06 01:47:43,491] {dag.py:2371} INFO - Sync 1 DAGs
[2022-08-06 01:47:43,501] {logging_mixin.py:115} INFO - [2022-08-06 01:47:43,501] {dag.py:2919} INFO - Setting next_dagrun for example_python_operator to None, run_after=None
[2022-08-06 01:47:43,509] {processor.py:161} INFO - Processing /home/airflow/.local/lib/python3.7/site-packages/airflow/example_dags/example_python_operator.py took 0.120 seconds
[2022-08-06 01:48:14,301] {processor.py:153} INFO - Started process (PID=2346) to work on /home/airflow/.local/lib/python3.7/site-packages/airflow/example_dags/example_python_operator.py
[2022-08-06 01:48:14,303] {processor.py:641} INFO - Processing file /home/airflow/.local/lib/python3.7/site-packages/airflow/example_dags/example_python_operator.py for tasks to queue
[2022-08-06 01:48:14,304] {logging_mixin.py:115} INFO - [2022-08-06 01:48:14,303] {dagbag.py:507} INFO - Filling up the DagBag from /home/airflow/.local/lib/python3.7/site-packages/airflow/example_dags/example_python_operator.py
[2022-08-06 01:48:14,396] {processor.py:651} INFO - DAG(s) dict_keys(['example_python_operator']) retrieved from /home/airflow/.local/lib/python3.7/site-packages/airflow/example_dags/example_python_operator.py
[2022-08-06 01:48:14,410] {logging_mixin.py:115} INFO - [2022-08-06 01:48:14,410] {dag.py:2371} INFO - Sync 1 DAGs
[2022-08-06 01:48:14,420] {logging_mixin.py:115} INFO - [2022-08-06 01:48:14,420] {dag.py:2919} INFO - Setting next_dagrun for example_python_operator to None, run_after=None
[2022-08-06 01:48:14,427] {processor.py:161} INFO - Processing /home/airflow/.local/lib/python3.7/site-packages/airflow/example_dags/example_python_operator.py took 0.128 seconds
[2022-08-06 01:48:45,360] {processor.py:153} INFO - Started process (PID=2407) to work on /home/airflow/.local/lib/python3.7/site-packages/airflow/example_dags/example_python_operator.py
[2022-08-06 01:48:45,362] {processor.py:641} INFO - Processing file /home/airflow/.local/lib/python3.7/site-packages/airflow/example_dags/example_python_operator.py for tasks to queue
[2022-08-06 01:48:45,363] {logging_mixin.py:115} INFO - [2022-08-06 01:48:45,363] {dagbag.py:507} INFO - Filling up the DagBag from /home/airflow/.local/lib/python3.7/site-packages/airflow/example_dags/example_python_operator.py
[2022-08-06 01:48:45,451] {processor.py:651} INFO - DAG(s) dict_keys(['example_python_operator']) retrieved from /home/airflow/.local/lib/python3.7/site-packages/airflow/example_dags/example_python_operator.py
[2022-08-06 01:48:45,463] {logging_mixin.py:115} INFO - [2022-08-06 01:48:45,463] {dag.py:2371} INFO - Sync 1 DAGs
[2022-08-06 01:48:45,473] {logging_mixin.py:115} INFO - [2022-08-06 01:48:45,473] {dag.py:2919} INFO - Setting next_dagrun for example_python_operator to None, run_after=None
[2022-08-06 01:48:45,480] {processor.py:161} INFO - Processing /home/airflow/.local/lib/python3.7/site-packages/airflow/example_dags/example_python_operator.py took 0.122 seconds
[2022-08-06 01:49:16,202] {processor.py:153} INFO - Started process (PID=2471) to work on /home/airflow/.local/lib/python3.7/site-packages/airflow/example_dags/example_python_operator.py
[2022-08-06 01:49:16,203] {processor.py:641} INFO - Processing file /home/airflow/.local/lib/python3.7/site-packages/airflow/example_dags/example_python_operator.py for tasks to queue
[2022-08-06 01:49:16,205] {logging_mixin.py:115} INFO - [2022-08-06 01:49:16,205] {dagbag.py:507} INFO - Filling up the DagBag from /home/airflow/.local/lib/python3.7/site-packages/airflow/example_dags/example_python_operator.py
[2022-08-06 01:49:16,294] {processor.py:651} INFO - DAG(s) dict_keys(['example_python_operator']) retrieved from /home/airflow/.local/lib/python3.7/site-packages/airflow/example_dags/example_python_operator.py
[2022-08-06 01:49:16,307] {logging_mixin.py:115} INFO - [2022-08-06 01:49:16,307] {dag.py:2371} INFO - Sync 1 DAGs
[2022-08-06 01:49:16,317] {logging_mixin.py:115} INFO - [2022-08-06 01:49:16,317] {dag.py:2919} INFO - Setting next_dagrun for example_python_operator to None, run_after=None
[2022-08-06 01:49:16,325] {processor.py:161} INFO - Processing /home/airflow/.local/lib/python3.7/site-packages/airflow/example_dags/example_python_operator.py took 0.125 seconds
[2022-08-06 01:49:46,853] {processor.py:153} INFO - Started process (PID=2534) to work on /home/airflow/.local/lib/python3.7/site-packages/airflow/example_dags/example_python_operator.py
[2022-08-06 01:49:46,856] {processor.py:641} INFO - Processing file /home/airflow/.local/lib/python3.7/site-packages/airflow/example_dags/example_python_operator.py for tasks to queue
[2022-08-06 01:49:46,857] {logging_mixin.py:115} INFO - [2022-08-06 01:49:46,857] {dagbag.py:507} INFO - Filling up the DagBag from /home/airflow/.local/lib/python3.7/site-packages/airflow/example_dags/example_python_operator.py
[2022-08-06 01:49:46,867] {processor.py:651} INFO - DAG(s) dict_keys(['example_python_operator']) retrieved from /home/airflow/.local/lib/python3.7/site-packages/airflow/example_dags/example_python_operator.py
[2022-08-06 01:49:46,883] {logging_mixin.py:115} INFO - [2022-08-06 01:49:46,883] {dag.py:2371} INFO - Sync 1 DAGs
[2022-08-06 01:49:46,895] {logging_mixin.py:115} INFO - [2022-08-06 01:49:46,895] {dag.py:2919} INFO - Setting next_dagrun for example_python_operator to None, run_after=None
[2022-08-06 01:49:46,905] {processor.py:161} INFO - Processing /home/airflow/.local/lib/python3.7/site-packages/airflow/example_dags/example_python_operator.py took 0.053 seconds
[2022-08-06 01:50:17,438] {processor.py:153} INFO - Started process (PID=2587) to work on /home/airflow/.local/lib/python3.7/site-packages/airflow/example_dags/example_python_operator.py
[2022-08-06 01:50:17,439] {processor.py:641} INFO - Processing file /home/airflow/.local/lib/python3.7/site-packages/airflow/example_dags/example_python_operator.py for tasks to queue
[2022-08-06 01:50:17,441] {logging_mixin.py:115} INFO - [2022-08-06 01:50:17,441] {dagbag.py:507} INFO - Filling up the DagBag from /home/airflow/.local/lib/python3.7/site-packages/airflow/example_dags/example_python_operator.py
[2022-08-06 01:50:17,452] {processor.py:651} INFO - DAG(s) dict_keys(['example_python_operator']) retrieved from /home/airflow/.local/lib/python3.7/site-packages/airflow/example_dags/example_python_operator.py
[2022-08-06 01:50:17,469] {logging_mixin.py:115} INFO - [2022-08-06 01:50:17,469] {dag.py:2371} INFO - Sync 1 DAGs
[2022-08-06 01:50:17,483] {logging_mixin.py:115} INFO - [2022-08-06 01:50:17,483] {dag.py:2919} INFO - Setting next_dagrun for example_python_operator to None, run_after=None
[2022-08-06 01:50:17,494] {processor.py:161} INFO - Processing /home/airflow/.local/lib/python3.7/site-packages/airflow/example_dags/example_python_operator.py took 0.059 seconds
[2022-08-06 01:50:48,123] {processor.py:153} INFO - Started process (PID=2649) to work on /home/airflow/.local/lib/python3.7/site-packages/airflow/example_dags/example_python_operator.py
[2022-08-06 01:50:48,124] {processor.py:641} INFO - Processing file /home/airflow/.local/lib/python3.7/site-packages/airflow/example_dags/example_python_operator.py for tasks to queue
[2022-08-06 01:50:48,125] {logging_mixin.py:115} INFO - [2022-08-06 01:50:48,125] {dagbag.py:507} INFO - Filling up the DagBag from /home/airflow/.local/lib/python3.7/site-packages/airflow/example_dags/example_python_operator.py
[2022-08-06 01:50:48,135] {processor.py:651} INFO - DAG(s) dict_keys(['example_python_operator']) retrieved from /home/airflow/.local/lib/python3.7/site-packages/airflow/example_dags/example_python_operator.py
[2022-08-06 01:50:48,151] {logging_mixin.py:115} INFO - [2022-08-06 01:50:48,150] {dag.py:2371} INFO - Sync 1 DAGs
[2022-08-06 01:50:48,161] {logging_mixin.py:115} INFO - [2022-08-06 01:50:48,161] {dag.py:2919} INFO - Setting next_dagrun for example_python_operator to None, run_after=None
[2022-08-06 01:50:48,167] {processor.py:161} INFO - Processing /home/airflow/.local/lib/python3.7/site-packages/airflow/example_dags/example_python_operator.py took 0.047 seconds
[2022-08-06 01:51:18,719] {processor.py:153} INFO - Started process (PID=2712) to work on /home/airflow/.local/lib/python3.7/site-packages/airflow/example_dags/example_python_operator.py
[2022-08-06 01:51:18,720] {processor.py:641} INFO - Processing file /home/airflow/.local/lib/python3.7/site-packages/airflow/example_dags/example_python_operator.py for tasks to queue
[2022-08-06 01:51:18,723] {logging_mixin.py:115} INFO - [2022-08-06 01:51:18,722] {dagbag.py:507} INFO - Filling up the DagBag from /home/airflow/.local/lib/python3.7/site-packages/airflow/example_dags/example_python_operator.py
[2022-08-06 01:51:18,733] {processor.py:651} INFO - DAG(s) dict_keys(['example_python_operator']) retrieved from /home/airflow/.local/lib/python3.7/site-packages/airflow/example_dags/example_python_operator.py
[2022-08-06 01:51:18,751] {logging_mixin.py:115} INFO - [2022-08-06 01:51:18,751] {dag.py:2371} INFO - Sync 1 DAGs
[2022-08-06 01:51:18,764] {logging_mixin.py:115} INFO - [2022-08-06 01:51:18,763] {dag.py:2919} INFO - Setting next_dagrun for example_python_operator to None, run_after=None
[2022-08-06 01:51:18,772] {processor.py:161} INFO - Processing /home/airflow/.local/lib/python3.7/site-packages/airflow/example_dags/example_python_operator.py took 0.055 seconds
[2022-08-06 01:51:49,188] {processor.py:153} INFO - Started process (PID=2774) to work on /home/airflow/.local/lib/python3.7/site-packages/airflow/example_dags/example_python_operator.py
[2022-08-06 01:51:49,189] {processor.py:641} INFO - Processing file /home/airflow/.local/lib/python3.7/site-packages/airflow/example_dags/example_python_operator.py for tasks to queue
[2022-08-06 01:51:49,190] {logging_mixin.py:115} INFO - [2022-08-06 01:51:49,190] {dagbag.py:507} INFO - Filling up the DagBag from /home/airflow/.local/lib/python3.7/site-packages/airflow/example_dags/example_python_operator.py
[2022-08-06 01:51:49,200] {processor.py:651} INFO - DAG(s) dict_keys(['example_python_operator']) retrieved from /home/airflow/.local/lib/python3.7/site-packages/airflow/example_dags/example_python_operator.py
[2022-08-06 01:51:49,216] {logging_mixin.py:115} INFO - [2022-08-06 01:51:49,216] {dag.py:2371} INFO - Sync 1 DAGs
[2022-08-06 01:51:49,228] {logging_mixin.py:115} INFO - [2022-08-06 01:51:49,228] {dag.py:2919} INFO - Setting next_dagrun for example_python_operator to None, run_after=None
[2022-08-06 01:51:49,235] {processor.py:161} INFO - Processing /home/airflow/.local/lib/python3.7/site-packages/airflow/example_dags/example_python_operator.py took 0.049 seconds
[2022-08-06 01:52:19,680] {processor.py:153} INFO - Started process (PID=2833) to work on /home/airflow/.local/lib/python3.7/site-packages/airflow/example_dags/example_python_operator.py
[2022-08-06 01:52:19,681] {processor.py:641} INFO - Processing file /home/airflow/.local/lib/python3.7/site-packages/airflow/example_dags/example_python_operator.py for tasks to queue
[2022-08-06 01:52:19,681] {logging_mixin.py:115} INFO - [2022-08-06 01:52:19,681] {dagbag.py:507} INFO - Filling up the DagBag from /home/airflow/.local/lib/python3.7/site-packages/airflow/example_dags/example_python_operator.py
[2022-08-06 01:52:19,691] {processor.py:651} INFO - DAG(s) dict_keys(['example_python_operator']) retrieved from /home/airflow/.local/lib/python3.7/site-packages/airflow/example_dags/example_python_operator.py
[2022-08-06 01:52:19,711] {logging_mixin.py:115} INFO - [2022-08-06 01:52:19,711] {dag.py:2371} INFO - Sync 1 DAGs
[2022-08-06 01:52:19,724] {logging_mixin.py:115} INFO - [2022-08-06 01:52:19,724] {dag.py:2919} INFO - Setting next_dagrun for example_python_operator to None, run_after=None
[2022-08-06 01:52:19,734] {processor.py:161} INFO - Processing /home/airflow/.local/lib/python3.7/site-packages/airflow/example_dags/example_python_operator.py took 0.056 seconds
[2022-08-06 01:52:50,365] {processor.py:153} INFO - Started process (PID=2896) to work on /home/airflow/.local/lib/python3.7/site-packages/airflow/example_dags/example_python_operator.py
[2022-08-06 01:52:50,367] {processor.py:641} INFO - Processing file /home/airflow/.local/lib/python3.7/site-packages/airflow/example_dags/example_python_operator.py for tasks to queue
[2022-08-06 01:52:50,368] {logging_mixin.py:115} INFO - [2022-08-06 01:52:50,368] {dagbag.py:507} INFO - Filling up the DagBag from /home/airflow/.local/lib/python3.7/site-packages/airflow/example_dags/example_python_operator.py
[2022-08-06 01:52:50,386] {processor.py:651} INFO - DAG(s) dict_keys(['example_python_operator']) retrieved from /home/airflow/.local/lib/python3.7/site-packages/airflow/example_dags/example_python_operator.py
[2022-08-06 01:52:50,407] {logging_mixin.py:115} INFO - [2022-08-06 01:52:50,407] {dag.py:2371} INFO - Sync 1 DAGs
[2022-08-06 01:52:50,426] {logging_mixin.py:115} INFO - [2022-08-06 01:52:50,426] {dag.py:2919} INFO - Setting next_dagrun for example_python_operator to None, run_after=None
[2022-08-06 01:52:50,435] {processor.py:161} INFO - Processing /home/airflow/.local/lib/python3.7/site-packages/airflow/example_dags/example_python_operator.py took 0.075 seconds
[2022-08-06 01:53:20,848] {processor.py:153} INFO - Started process (PID=2949) to work on /home/airflow/.local/lib/python3.7/site-packages/airflow/example_dags/example_python_operator.py
[2022-08-06 01:53:20,849] {processor.py:641} INFO - Processing file /home/airflow/.local/lib/python3.7/site-packages/airflow/example_dags/example_python_operator.py for tasks to queue
[2022-08-06 01:53:20,852] {logging_mixin.py:115} INFO - [2022-08-06 01:53:20,852] {dagbag.py:507} INFO - Filling up the DagBag from /home/airflow/.local/lib/python3.7/site-packages/airflow/example_dags/example_python_operator.py
[2022-08-06 01:53:20,864] {processor.py:651} INFO - DAG(s) dict_keys(['example_python_operator']) retrieved from /home/airflow/.local/lib/python3.7/site-packages/airflow/example_dags/example_python_operator.py
[2022-08-06 01:53:20,880] {logging_mixin.py:115} INFO - [2022-08-06 01:53:20,880] {dag.py:2371} INFO - Sync 1 DAGs
[2022-08-06 01:53:20,891] {logging_mixin.py:115} INFO - [2022-08-06 01:53:20,891] {dag.py:2919} INFO - Setting next_dagrun for example_python_operator to None, run_after=None
[2022-08-06 01:53:20,899] {processor.py:161} INFO - Processing /home/airflow/.local/lib/python3.7/site-packages/airflow/example_dags/example_python_operator.py took 0.052 seconds
[2022-08-06 01:53:51,556] {processor.py:153} INFO - Started process (PID=3011) to work on /home/airflow/.local/lib/python3.7/site-packages/airflow/example_dags/example_python_operator.py
[2022-08-06 01:53:51,557] {processor.py:641} INFO - Processing file /home/airflow/.local/lib/python3.7/site-packages/airflow/example_dags/example_python_operator.py for tasks to queue
[2022-08-06 01:53:51,558] {logging_mixin.py:115} INFO - [2022-08-06 01:53:51,558] {dagbag.py:507} INFO - Filling up the DagBag from /home/airflow/.local/lib/python3.7/site-packages/airflow/example_dags/example_python_operator.py
[2022-08-06 01:53:51,569] {processor.py:651} INFO - DAG(s) dict_keys(['example_python_operator']) retrieved from /home/airflow/.local/lib/python3.7/site-packages/airflow/example_dags/example_python_operator.py
[2022-08-06 01:53:51,584] {logging_mixin.py:115} INFO - [2022-08-06 01:53:51,584] {dag.py:2371} INFO - Sync 1 DAGs
[2022-08-06 01:53:51,596] {logging_mixin.py:115} INFO - [2022-08-06 01:53:51,596] {dag.py:2919} INFO - Setting next_dagrun for example_python_operator to None, run_after=None
[2022-08-06 01:53:51,604] {processor.py:161} INFO - Processing /home/airflow/.local/lib/python3.7/site-packages/airflow/example_dags/example_python_operator.py took 0.050 seconds
[2022-08-06 01:54:22,077] {processor.py:153} INFO - Started process (PID=3073) to work on /home/airflow/.local/lib/python3.7/site-packages/airflow/example_dags/example_python_operator.py
[2022-08-06 01:54:22,078] {processor.py:641} INFO - Processing file /home/airflow/.local/lib/python3.7/site-packages/airflow/example_dags/example_python_operator.py for tasks to queue
[2022-08-06 01:54:22,079] {logging_mixin.py:115} INFO - [2022-08-06 01:54:22,079] {dagbag.py:507} INFO - Filling up the DagBag from /home/airflow/.local/lib/python3.7/site-packages/airflow/example_dags/example_python_operator.py
[2022-08-06 01:54:22,089] {processor.py:651} INFO - DAG(s) dict_keys(['example_python_operator']) retrieved from /home/airflow/.local/lib/python3.7/site-packages/airflow/example_dags/example_python_operator.py
[2022-08-06 01:54:22,105] {logging_mixin.py:115} INFO - [2022-08-06 01:54:22,105] {dag.py:2371} INFO - Sync 1 DAGs
[2022-08-06 01:54:22,117] {logging_mixin.py:115} INFO - [2022-08-06 01:54:22,117] {dag.py:2919} INFO - Setting next_dagrun for example_python_operator to None, run_after=None
[2022-08-06 01:54:22,124] {processor.py:161} INFO - Processing /home/airflow/.local/lib/python3.7/site-packages/airflow/example_dags/example_python_operator.py took 0.048 seconds
