[2022-08-06 00:01:55,081] {processor.py:153} INFO - Started process (PID=3442) to work on /home/airflow/.local/lib/python3.7/site-packages/airflow/example_dags/tutorial.py
[2022-08-06 00:01:55,082] {processor.py:641} INFO - Processing file /home/airflow/.local/lib/python3.7/site-packages/airflow/example_dags/tutorial.py for tasks to queue
[2022-08-06 00:01:55,083] {logging_mixin.py:115} INFO - [2022-08-06 00:01:55,083] {dagbag.py:507} INFO - Filling up the DagBag from /home/airflow/.local/lib/python3.7/site-packages/airflow/example_dags/tutorial.py
[2022-08-06 00:01:55,087] {processor.py:651} INFO - DAG(s) dict_keys(['tutorial']) retrieved from /home/airflow/.local/lib/python3.7/site-packages/airflow/example_dags/tutorial.py
[2022-08-06 00:01:55,104] {logging_mixin.py:115} INFO - [2022-08-06 00:01:55,104] {dag.py:2371} INFO - Sync 1 DAGs
[2022-08-06 00:01:55,117] {logging_mixin.py:115} INFO - [2022-08-06 00:01:55,117] {dag.py:2919} INFO - Setting next_dagrun for tutorial to 2022-08-05T00:01:55.117802+00:00, run_after=2022-08-06T00:01:55.117802+00:00
[2022-08-06 00:01:55,125] {processor.py:161} INFO - Processing /home/airflow/.local/lib/python3.7/site-packages/airflow/example_dags/tutorial.py took 0.045 seconds
[2022-08-06 00:02:25,466] {processor.py:153} INFO - Started process (PID=3503) to work on /home/airflow/.local/lib/python3.7/site-packages/airflow/example_dags/tutorial.py
[2022-08-06 00:02:25,468] {processor.py:641} INFO - Processing file /home/airflow/.local/lib/python3.7/site-packages/airflow/example_dags/tutorial.py for tasks to queue
[2022-08-06 00:02:25,469] {logging_mixin.py:115} INFO - [2022-08-06 00:02:25,469] {dagbag.py:507} INFO - Filling up the DagBag from /home/airflow/.local/lib/python3.7/site-packages/airflow/example_dags/tutorial.py
[2022-08-06 00:02:25,473] {processor.py:651} INFO - DAG(s) dict_keys(['tutorial']) retrieved from /home/airflow/.local/lib/python3.7/site-packages/airflow/example_dags/tutorial.py
[2022-08-06 00:02:25,489] {logging_mixin.py:115} INFO - [2022-08-06 00:02:25,489] {dag.py:2371} INFO - Sync 1 DAGs
[2022-08-06 00:02:25,503] {logging_mixin.py:115} INFO - [2022-08-06 00:02:25,503] {dag.py:2919} INFO - Setting next_dagrun for tutorial to 2022-08-05T00:02:25.503545+00:00, run_after=2022-08-06T00:02:25.503545+00:00
[2022-08-06 00:02:25,510] {processor.py:161} INFO - Processing /home/airflow/.local/lib/python3.7/site-packages/airflow/example_dags/tutorial.py took 0.047 seconds
[2022-08-06 00:02:55,891] {processor.py:153} INFO - Started process (PID=3564) to work on /home/airflow/.local/lib/python3.7/site-packages/airflow/example_dags/tutorial.py
[2022-08-06 00:02:55,892] {processor.py:641} INFO - Processing file /home/airflow/.local/lib/python3.7/site-packages/airflow/example_dags/tutorial.py for tasks to queue
[2022-08-06 00:02:55,893] {logging_mixin.py:115} INFO - [2022-08-06 00:02:55,893] {dagbag.py:507} INFO - Filling up the DagBag from /home/airflow/.local/lib/python3.7/site-packages/airflow/example_dags/tutorial.py
[2022-08-06 00:02:55,897] {processor.py:651} INFO - DAG(s) dict_keys(['tutorial']) retrieved from /home/airflow/.local/lib/python3.7/site-packages/airflow/example_dags/tutorial.py
[2022-08-06 00:02:55,911] {logging_mixin.py:115} INFO - [2022-08-06 00:02:55,911] {dag.py:2371} INFO - Sync 1 DAGs
[2022-08-06 00:02:55,923] {logging_mixin.py:115} INFO - [2022-08-06 00:02:55,923] {dag.py:2919} INFO - Setting next_dagrun for tutorial to 2022-08-05T00:02:55.923404+00:00, run_after=2022-08-06T00:02:55.923404+00:00
[2022-08-06 00:02:55,929] {processor.py:161} INFO - Processing /home/airflow/.local/lib/python3.7/site-packages/airflow/example_dags/tutorial.py took 0.041 seconds
[2022-08-06 00:03:26,380] {processor.py:153} INFO - Started process (PID=3627) to work on /home/airflow/.local/lib/python3.7/site-packages/airflow/example_dags/tutorial.py
[2022-08-06 00:03:26,381] {processor.py:641} INFO - Processing file /home/airflow/.local/lib/python3.7/site-packages/airflow/example_dags/tutorial.py for tasks to queue
[2022-08-06 00:03:26,382] {logging_mixin.py:115} INFO - [2022-08-06 00:03:26,382] {dagbag.py:507} INFO - Filling up the DagBag from /home/airflow/.local/lib/python3.7/site-packages/airflow/example_dags/tutorial.py
[2022-08-06 00:03:26,386] {processor.py:651} INFO - DAG(s) dict_keys(['tutorial']) retrieved from /home/airflow/.local/lib/python3.7/site-packages/airflow/example_dags/tutorial.py
[2022-08-06 00:03:26,402] {logging_mixin.py:115} INFO - [2022-08-06 00:03:26,402] {dag.py:2371} INFO - Sync 1 DAGs
[2022-08-06 00:03:26,415] {logging_mixin.py:115} INFO - [2022-08-06 00:03:26,415] {dag.py:2919} INFO - Setting next_dagrun for tutorial to 2022-08-05T00:03:26.415128+00:00, run_after=2022-08-06T00:03:26.415128+00:00
[2022-08-06 00:03:26,422] {processor.py:161} INFO - Processing /home/airflow/.local/lib/python3.7/site-packages/airflow/example_dags/tutorial.py took 0.044 seconds
[2022-08-06 00:03:56,848] {processor.py:153} INFO - Started process (PID=3689) to work on /home/airflow/.local/lib/python3.7/site-packages/airflow/example_dags/tutorial.py
[2022-08-06 00:03:56,850] {processor.py:641} INFO - Processing file /home/airflow/.local/lib/python3.7/site-packages/airflow/example_dags/tutorial.py for tasks to queue
[2022-08-06 00:03:56,851] {logging_mixin.py:115} INFO - [2022-08-06 00:03:56,851] {dagbag.py:507} INFO - Filling up the DagBag from /home/airflow/.local/lib/python3.7/site-packages/airflow/example_dags/tutorial.py
[2022-08-06 00:03:56,855] {processor.py:651} INFO - DAG(s) dict_keys(['tutorial']) retrieved from /home/airflow/.local/lib/python3.7/site-packages/airflow/example_dags/tutorial.py
[2022-08-06 00:03:56,872] {logging_mixin.py:115} INFO - [2022-08-06 00:03:56,872] {dag.py:2371} INFO - Sync 1 DAGs
[2022-08-06 00:03:56,893] {logging_mixin.py:115} INFO - [2022-08-06 00:03:56,893] {dag.py:2919} INFO - Setting next_dagrun for tutorial to 2022-08-05T00:03:56.893558+00:00, run_after=2022-08-06T00:03:56.893558+00:00
[2022-08-06 00:03:56,904] {processor.py:161} INFO - Processing /home/airflow/.local/lib/python3.7/site-packages/airflow/example_dags/tutorial.py took 0.058 seconds
[2022-08-06 00:04:27,039] {processor.py:153} INFO - Started process (PID=3742) to work on /home/airflow/.local/lib/python3.7/site-packages/airflow/example_dags/tutorial.py
[2022-08-06 00:04:27,040] {processor.py:641} INFO - Processing file /home/airflow/.local/lib/python3.7/site-packages/airflow/example_dags/tutorial.py for tasks to queue
[2022-08-06 00:04:27,040] {logging_mixin.py:115} INFO - [2022-08-06 00:04:27,040] {dagbag.py:507} INFO - Filling up the DagBag from /home/airflow/.local/lib/python3.7/site-packages/airflow/example_dags/tutorial.py
[2022-08-06 00:04:27,044] {processor.py:651} INFO - DAG(s) dict_keys(['tutorial']) retrieved from /home/airflow/.local/lib/python3.7/site-packages/airflow/example_dags/tutorial.py
[2022-08-06 00:04:27,060] {logging_mixin.py:115} INFO - [2022-08-06 00:04:27,060] {dag.py:2371} INFO - Sync 1 DAGs
[2022-08-06 00:04:27,076] {logging_mixin.py:115} INFO - [2022-08-06 00:04:27,076] {dag.py:2919} INFO - Setting next_dagrun for tutorial to 2022-08-05T00:04:27.076387+00:00, run_after=2022-08-06T00:04:27.076387+00:00
[2022-08-06 00:04:27,084] {processor.py:161} INFO - Processing /home/airflow/.local/lib/python3.7/site-packages/airflow/example_dags/tutorial.py took 0.047 seconds
[2022-08-06 00:04:58,034] {processor.py:153} INFO - Started process (PID=3804) to work on /home/airflow/.local/lib/python3.7/site-packages/airflow/example_dags/tutorial.py
[2022-08-06 00:04:58,035] {processor.py:641} INFO - Processing file /home/airflow/.local/lib/python3.7/site-packages/airflow/example_dags/tutorial.py for tasks to queue
[2022-08-06 00:04:58,036] {logging_mixin.py:115} INFO - [2022-08-06 00:04:58,036] {dagbag.py:507} INFO - Filling up the DagBag from /home/airflow/.local/lib/python3.7/site-packages/airflow/example_dags/tutorial.py
[2022-08-06 00:04:58,040] {processor.py:651} INFO - DAG(s) dict_keys(['tutorial']) retrieved from /home/airflow/.local/lib/python3.7/site-packages/airflow/example_dags/tutorial.py
[2022-08-06 00:04:58,055] {logging_mixin.py:115} INFO - [2022-08-06 00:04:58,055] {dag.py:2371} INFO - Sync 1 DAGs
[2022-08-06 00:04:58,068] {logging_mixin.py:115} INFO - [2022-08-06 00:04:58,068] {dag.py:2919} INFO - Setting next_dagrun for tutorial to 2022-08-05T00:04:58.068311+00:00, run_after=2022-08-06T00:04:58.068311+00:00
[2022-08-06 00:04:58,075] {processor.py:161} INFO - Processing /home/airflow/.local/lib/python3.7/site-packages/airflow/example_dags/tutorial.py took 0.043 seconds
[2022-08-06 00:07:15,067] {processor.py:153} INFO - Started process (PID=45) to work on /home/airflow/.local/lib/python3.7/site-packages/airflow/example_dags/tutorial.py
[2022-08-06 00:07:15,068] {processor.py:641} INFO - Processing file /home/airflow/.local/lib/python3.7/site-packages/airflow/example_dags/tutorial.py for tasks to queue
[2022-08-06 00:07:15,069] {logging_mixin.py:115} INFO - [2022-08-06 00:07:15,069] {dagbag.py:507} INFO - Filling up the DagBag from /home/airflow/.local/lib/python3.7/site-packages/airflow/example_dags/tutorial.py
[2022-08-06 00:07:15,076] {processor.py:651} INFO - DAG(s) dict_keys(['tutorial']) retrieved from /home/airflow/.local/lib/python3.7/site-packages/airflow/example_dags/tutorial.py
[2022-08-06 00:07:15,100] {logging_mixin.py:115} INFO - [2022-08-06 00:07:15,100] {dag.py:2371} INFO - Sync 1 DAGs
[2022-08-06 00:07:15,177] {logging_mixin.py:115} INFO - [2022-08-06 00:07:15,177] {dag.py:2919} INFO - Setting next_dagrun for tutorial to 2022-08-05T00:07:15.177349+00:00, run_after=2022-08-06T00:07:15.177349+00:00
[2022-08-06 00:07:15,200] {processor.py:161} INFO - Processing /home/airflow/.local/lib/python3.7/site-packages/airflow/example_dags/tutorial.py took 0.136 seconds
[2022-08-06 00:07:46,019] {processor.py:153} INFO - Started process (PID=107) to work on /home/airflow/.local/lib/python3.7/site-packages/airflow/example_dags/tutorial.py
[2022-08-06 00:07:46,021] {processor.py:641} INFO - Processing file /home/airflow/.local/lib/python3.7/site-packages/airflow/example_dags/tutorial.py for tasks to queue
[2022-08-06 00:07:46,022] {logging_mixin.py:115} INFO - [2022-08-06 00:07:46,022] {dagbag.py:507} INFO - Filling up the DagBag from /home/airflow/.local/lib/python3.7/site-packages/airflow/example_dags/tutorial.py
[2022-08-06 00:07:46,025] {processor.py:651} INFO - DAG(s) dict_keys(['tutorial']) retrieved from /home/airflow/.local/lib/python3.7/site-packages/airflow/example_dags/tutorial.py
[2022-08-06 00:07:46,047] {logging_mixin.py:115} INFO - [2022-08-06 00:07:46,047] {dag.py:2371} INFO - Sync 1 DAGs
[2022-08-06 00:07:46,062] {logging_mixin.py:115} INFO - [2022-08-06 00:07:46,062] {dag.py:2919} INFO - Setting next_dagrun for tutorial to 2022-08-05T00:07:46.062047+00:00, run_after=2022-08-06T00:07:46.062047+00:00
[2022-08-06 00:07:46,068] {processor.py:161} INFO - Processing /home/airflow/.local/lib/python3.7/site-packages/airflow/example_dags/tutorial.py took 0.051 seconds
[2022-08-06 00:08:17,015] {processor.py:153} INFO - Started process (PID=168) to work on /home/airflow/.local/lib/python3.7/site-packages/airflow/example_dags/tutorial.py
[2022-08-06 00:08:17,017] {processor.py:641} INFO - Processing file /home/airflow/.local/lib/python3.7/site-packages/airflow/example_dags/tutorial.py for tasks to queue
[2022-08-06 00:08:17,018] {logging_mixin.py:115} INFO - [2022-08-06 00:08:17,018] {dagbag.py:507} INFO - Filling up the DagBag from /home/airflow/.local/lib/python3.7/site-packages/airflow/example_dags/tutorial.py
[2022-08-06 00:08:17,022] {processor.py:651} INFO - DAG(s) dict_keys(['tutorial']) retrieved from /home/airflow/.local/lib/python3.7/site-packages/airflow/example_dags/tutorial.py
[2022-08-06 00:08:17,038] {logging_mixin.py:115} INFO - [2022-08-06 00:08:17,038] {dag.py:2371} INFO - Sync 1 DAGs
[2022-08-06 00:08:17,052] {logging_mixin.py:115} INFO - [2022-08-06 00:08:17,052] {dag.py:2919} INFO - Setting next_dagrun for tutorial to 2022-08-05T00:08:17.052257+00:00, run_after=2022-08-06T00:08:17.052257+00:00
[2022-08-06 00:08:17,060] {processor.py:161} INFO - Processing /home/airflow/.local/lib/python3.7/site-packages/airflow/example_dags/tutorial.py took 0.046 seconds
[2022-08-06 00:08:47,561] {processor.py:153} INFO - Started process (PID=229) to work on /home/airflow/.local/lib/python3.7/site-packages/airflow/example_dags/tutorial.py
[2022-08-06 00:08:47,562] {processor.py:641} INFO - Processing file /home/airflow/.local/lib/python3.7/site-packages/airflow/example_dags/tutorial.py for tasks to queue
[2022-08-06 00:08:47,563] {logging_mixin.py:115} INFO - [2022-08-06 00:08:47,563] {dagbag.py:507} INFO - Filling up the DagBag from /home/airflow/.local/lib/python3.7/site-packages/airflow/example_dags/tutorial.py
[2022-08-06 00:08:47,568] {processor.py:651} INFO - DAG(s) dict_keys(['tutorial']) retrieved from /home/airflow/.local/lib/python3.7/site-packages/airflow/example_dags/tutorial.py
[2022-08-06 00:08:47,585] {logging_mixin.py:115} INFO - [2022-08-06 00:08:47,585] {dag.py:2371} INFO - Sync 1 DAGs
[2022-08-06 00:08:47,599] {logging_mixin.py:115} INFO - [2022-08-06 00:08:47,599] {dag.py:2919} INFO - Setting next_dagrun for tutorial to 2022-08-05T00:08:47.599469+00:00, run_after=2022-08-06T00:08:47.599469+00:00
[2022-08-06 00:08:47,607] {processor.py:161} INFO - Processing /home/airflow/.local/lib/python3.7/site-packages/airflow/example_dags/tutorial.py took 0.048 seconds
[2022-08-06 00:09:18,284] {processor.py:153} INFO - Started process (PID=292) to work on /home/airflow/.local/lib/python3.7/site-packages/airflow/example_dags/tutorial.py
[2022-08-06 00:09:18,286] {processor.py:641} INFO - Processing file /home/airflow/.local/lib/python3.7/site-packages/airflow/example_dags/tutorial.py for tasks to queue
[2022-08-06 00:09:18,287] {logging_mixin.py:115} INFO - [2022-08-06 00:09:18,287] {dagbag.py:507} INFO - Filling up the DagBag from /home/airflow/.local/lib/python3.7/site-packages/airflow/example_dags/tutorial.py
[2022-08-06 00:09:18,291] {processor.py:651} INFO - DAG(s) dict_keys(['tutorial']) retrieved from /home/airflow/.local/lib/python3.7/site-packages/airflow/example_dags/tutorial.py
[2022-08-06 00:09:18,307] {logging_mixin.py:115} INFO - [2022-08-06 00:09:18,307] {dag.py:2371} INFO - Sync 1 DAGs
[2022-08-06 00:09:18,321] {logging_mixin.py:115} INFO - [2022-08-06 00:09:18,321] {dag.py:2919} INFO - Setting next_dagrun for tutorial to 2022-08-05T00:09:18.321179+00:00, run_after=2022-08-06T00:09:18.321179+00:00
[2022-08-06 00:09:18,328] {processor.py:161} INFO - Processing /home/airflow/.local/lib/python3.7/site-packages/airflow/example_dags/tutorial.py took 0.046 seconds
[2022-08-06 00:09:49,070] {processor.py:153} INFO - Started process (PID=354) to work on /home/airflow/.local/lib/python3.7/site-packages/airflow/example_dags/tutorial.py
[2022-08-06 00:09:49,072] {processor.py:641} INFO - Processing file /home/airflow/.local/lib/python3.7/site-packages/airflow/example_dags/tutorial.py for tasks to queue
[2022-08-06 00:09:49,074] {logging_mixin.py:115} INFO - [2022-08-06 00:09:49,074] {dagbag.py:507} INFO - Filling up the DagBag from /home/airflow/.local/lib/python3.7/site-packages/airflow/example_dags/tutorial.py
[2022-08-06 00:09:49,078] {processor.py:651} INFO - DAG(s) dict_keys(['tutorial']) retrieved from /home/airflow/.local/lib/python3.7/site-packages/airflow/example_dags/tutorial.py
[2022-08-06 00:09:49,095] {logging_mixin.py:115} INFO - [2022-08-06 00:09:49,095] {dag.py:2371} INFO - Sync 1 DAGs
[2022-08-06 00:09:49,108] {logging_mixin.py:115} INFO - [2022-08-06 00:09:49,108] {dag.py:2919} INFO - Setting next_dagrun for tutorial to 2022-08-05T00:09:49.108708+00:00, run_after=2022-08-06T00:09:49.108708+00:00
[2022-08-06 00:09:49,116] {processor.py:161} INFO - Processing /home/airflow/.local/lib/python3.7/site-packages/airflow/example_dags/tutorial.py took 0.048 seconds
[2022-08-06 00:10:19,592] {processor.py:153} INFO - Started process (PID=415) to work on /home/airflow/.local/lib/python3.7/site-packages/airflow/example_dags/tutorial.py
[2022-08-06 00:10:19,595] {processor.py:641} INFO - Processing file /home/airflow/.local/lib/python3.7/site-packages/airflow/example_dags/tutorial.py for tasks to queue
[2022-08-06 00:10:19,599] {logging_mixin.py:115} INFO - [2022-08-06 00:10:19,598] {dagbag.py:507} INFO - Filling up the DagBag from /home/airflow/.local/lib/python3.7/site-packages/airflow/example_dags/tutorial.py
[2022-08-06 00:10:19,609] {processor.py:651} INFO - DAG(s) dict_keys(['tutorial']) retrieved from /home/airflow/.local/lib/python3.7/site-packages/airflow/example_dags/tutorial.py
[2022-08-06 00:10:19,651] {logging_mixin.py:115} INFO - [2022-08-06 00:10:19,651] {dag.py:2371} INFO - Sync 1 DAGs
[2022-08-06 00:10:19,672] {logging_mixin.py:115} INFO - [2022-08-06 00:10:19,672] {dag.py:2919} INFO - Setting next_dagrun for tutorial to 2022-08-05T00:10:19.672035+00:00, run_after=2022-08-06T00:10:19.672035+00:00
[2022-08-06 00:10:19,681] {processor.py:161} INFO - Processing /home/airflow/.local/lib/python3.7/site-packages/airflow/example_dags/tutorial.py took 0.091 seconds
[2022-08-06 00:10:50,459] {processor.py:153} INFO - Started process (PID=469) to work on /home/airflow/.local/lib/python3.7/site-packages/airflow/example_dags/tutorial.py
[2022-08-06 00:10:50,461] {processor.py:641} INFO - Processing file /home/airflow/.local/lib/python3.7/site-packages/airflow/example_dags/tutorial.py for tasks to queue
[2022-08-06 00:10:50,462] {logging_mixin.py:115} INFO - [2022-08-06 00:10:50,461] {dagbag.py:507} INFO - Filling up the DagBag from /home/airflow/.local/lib/python3.7/site-packages/airflow/example_dags/tutorial.py
[2022-08-06 00:10:50,465] {processor.py:651} INFO - DAG(s) dict_keys(['tutorial']) retrieved from /home/airflow/.local/lib/python3.7/site-packages/airflow/example_dags/tutorial.py
[2022-08-06 00:10:50,484] {logging_mixin.py:115} INFO - [2022-08-06 00:10:50,484] {dag.py:2371} INFO - Sync 1 DAGs
[2022-08-06 00:10:50,499] {logging_mixin.py:115} INFO - [2022-08-06 00:10:50,499] {dag.py:2919} INFO - Setting next_dagrun for tutorial to 2022-08-05T00:10:50.499129+00:00, run_after=2022-08-06T00:10:50.499129+00:00
[2022-08-06 00:10:50,508] {processor.py:161} INFO - Processing /home/airflow/.local/lib/python3.7/site-packages/airflow/example_dags/tutorial.py took 0.050 seconds
[2022-08-06 00:11:21,366] {processor.py:153} INFO - Started process (PID=530) to work on /home/airflow/.local/lib/python3.7/site-packages/airflow/example_dags/tutorial.py
[2022-08-06 00:11:21,367] {processor.py:641} INFO - Processing file /home/airflow/.local/lib/python3.7/site-packages/airflow/example_dags/tutorial.py for tasks to queue
[2022-08-06 00:11:21,368] {logging_mixin.py:115} INFO - [2022-08-06 00:11:21,368] {dagbag.py:507} INFO - Filling up the DagBag from /home/airflow/.local/lib/python3.7/site-packages/airflow/example_dags/tutorial.py
[2022-08-06 00:11:21,371] {processor.py:651} INFO - DAG(s) dict_keys(['tutorial']) retrieved from /home/airflow/.local/lib/python3.7/site-packages/airflow/example_dags/tutorial.py
[2022-08-06 00:11:21,388] {logging_mixin.py:115} INFO - [2022-08-06 00:11:21,388] {dag.py:2371} INFO - Sync 1 DAGs
[2022-08-06 00:11:21,403] {logging_mixin.py:115} INFO - [2022-08-06 00:11:21,403] {dag.py:2919} INFO - Setting next_dagrun for tutorial to 2022-08-05T00:11:21.403255+00:00, run_after=2022-08-06T00:11:21.403255+00:00
[2022-08-06 00:11:21,411] {processor.py:161} INFO - Processing /home/airflow/.local/lib/python3.7/site-packages/airflow/example_dags/tutorial.py took 0.047 seconds
[2022-08-06 00:11:52,009] {processor.py:153} INFO - Started process (PID=592) to work on /home/airflow/.local/lib/python3.7/site-packages/airflow/example_dags/tutorial.py
[2022-08-06 00:11:52,010] {processor.py:641} INFO - Processing file /home/airflow/.local/lib/python3.7/site-packages/airflow/example_dags/tutorial.py for tasks to queue
[2022-08-06 00:11:52,011] {logging_mixin.py:115} INFO - [2022-08-06 00:11:52,011] {dagbag.py:507} INFO - Filling up the DagBag from /home/airflow/.local/lib/python3.7/site-packages/airflow/example_dags/tutorial.py
[2022-08-06 00:11:52,015] {processor.py:651} INFO - DAG(s) dict_keys(['tutorial']) retrieved from /home/airflow/.local/lib/python3.7/site-packages/airflow/example_dags/tutorial.py
[2022-08-06 00:11:52,032] {logging_mixin.py:115} INFO - [2022-08-06 00:11:52,032] {dag.py:2371} INFO - Sync 1 DAGs
[2022-08-06 00:11:52,051] {logging_mixin.py:115} INFO - [2022-08-06 00:11:52,051] {dag.py:2919} INFO - Setting next_dagrun for tutorial to 2022-08-05T00:11:52.051264+00:00, run_after=2022-08-06T00:11:52.051264+00:00
[2022-08-06 00:11:52,059] {processor.py:161} INFO - Processing /home/airflow/.local/lib/python3.7/site-packages/airflow/example_dags/tutorial.py took 0.051 seconds
[2022-08-06 00:12:22,530] {processor.py:153} INFO - Started process (PID=653) to work on /home/airflow/.local/lib/python3.7/site-packages/airflow/example_dags/tutorial.py
[2022-08-06 00:12:22,531] {processor.py:641} INFO - Processing file /home/airflow/.local/lib/python3.7/site-packages/airflow/example_dags/tutorial.py for tasks to queue
[2022-08-06 00:12:22,532] {logging_mixin.py:115} INFO - [2022-08-06 00:12:22,532] {dagbag.py:507} INFO - Filling up the DagBag from /home/airflow/.local/lib/python3.7/site-packages/airflow/example_dags/tutorial.py
[2022-08-06 00:12:22,538] {processor.py:651} INFO - DAG(s) dict_keys(['tutorial']) retrieved from /home/airflow/.local/lib/python3.7/site-packages/airflow/example_dags/tutorial.py
[2022-08-06 00:12:22,556] {logging_mixin.py:115} INFO - [2022-08-06 00:12:22,556] {dag.py:2371} INFO - Sync 1 DAGs
[2022-08-06 00:12:22,652] {logging_mixin.py:115} INFO - [2022-08-06 00:12:22,652] {dag.py:2919} INFO - Setting next_dagrun for tutorial to 2022-08-05T00:12:22.652799+00:00, run_after=2022-08-06T00:12:22.652799+00:00
[2022-08-06 00:12:22,661] {processor.py:161} INFO - Processing /home/airflow/.local/lib/python3.7/site-packages/airflow/example_dags/tutorial.py took 0.133 seconds
[2022-08-06 00:12:53,707] {processor.py:153} INFO - Started process (PID=717) to work on /home/airflow/.local/lib/python3.7/site-packages/airflow/example_dags/tutorial.py
[2022-08-06 00:12:53,708] {processor.py:641} INFO - Processing file /home/airflow/.local/lib/python3.7/site-packages/airflow/example_dags/tutorial.py for tasks to queue
[2022-08-06 00:12:53,709] {logging_mixin.py:115} INFO - [2022-08-06 00:12:53,709] {dagbag.py:507} INFO - Filling up the DagBag from /home/airflow/.local/lib/python3.7/site-packages/airflow/example_dags/tutorial.py
[2022-08-06 00:12:53,715] {processor.py:651} INFO - DAG(s) dict_keys(['tutorial']) retrieved from /home/airflow/.local/lib/python3.7/site-packages/airflow/example_dags/tutorial.py
[2022-08-06 00:12:53,730] {logging_mixin.py:115} INFO - [2022-08-06 00:12:53,730] {dag.py:2371} INFO - Sync 1 DAGs
[2022-08-06 00:12:53,816] {logging_mixin.py:115} INFO - [2022-08-06 00:12:53,816] {dag.py:2919} INFO - Setting next_dagrun for tutorial to 2022-08-05T00:12:53.816187+00:00, run_after=2022-08-06T00:12:53.816187+00:00
[2022-08-06 00:12:53,823] {processor.py:161} INFO - Processing /home/airflow/.local/lib/python3.7/site-packages/airflow/example_dags/tutorial.py took 0.118 seconds
[2022-08-06 00:13:24,677] {processor.py:153} INFO - Started process (PID=779) to work on /home/airflow/.local/lib/python3.7/site-packages/airflow/example_dags/tutorial.py
[2022-08-06 00:13:24,678] {processor.py:641} INFO - Processing file /home/airflow/.local/lib/python3.7/site-packages/airflow/example_dags/tutorial.py for tasks to queue
[2022-08-06 00:13:24,679] {logging_mixin.py:115} INFO - [2022-08-06 00:13:24,679] {dagbag.py:507} INFO - Filling up the DagBag from /home/airflow/.local/lib/python3.7/site-packages/airflow/example_dags/tutorial.py
[2022-08-06 00:13:24,683] {processor.py:651} INFO - DAG(s) dict_keys(['tutorial']) retrieved from /home/airflow/.local/lib/python3.7/site-packages/airflow/example_dags/tutorial.py
[2022-08-06 00:13:24,698] {logging_mixin.py:115} INFO - [2022-08-06 00:13:24,698] {dag.py:2371} INFO - Sync 1 DAGs
[2022-08-06 00:13:24,788] {logging_mixin.py:115} INFO - [2022-08-06 00:13:24,788] {dag.py:2919} INFO - Setting next_dagrun for tutorial to 2022-08-05T00:13:24.788373+00:00, run_after=2022-08-06T00:13:24.788373+00:00
[2022-08-06 00:13:24,795] {processor.py:161} INFO - Processing /home/airflow/.local/lib/python3.7/site-packages/airflow/example_dags/tutorial.py took 0.120 seconds
[2022-08-06 00:13:55,529] {processor.py:153} INFO - Started process (PID=838) to work on /home/airflow/.local/lib/python3.7/site-packages/airflow/example_dags/tutorial.py
[2022-08-06 00:13:55,530] {processor.py:641} INFO - Processing file /home/airflow/.local/lib/python3.7/site-packages/airflow/example_dags/tutorial.py for tasks to queue
[2022-08-06 00:13:55,532] {logging_mixin.py:115} INFO - [2022-08-06 00:13:55,532] {dagbag.py:507} INFO - Filling up the DagBag from /home/airflow/.local/lib/python3.7/site-packages/airflow/example_dags/tutorial.py
[2022-08-06 00:13:55,536] {processor.py:651} INFO - DAG(s) dict_keys(['tutorial']) retrieved from /home/airflow/.local/lib/python3.7/site-packages/airflow/example_dags/tutorial.py
[2022-08-06 00:13:55,553] {logging_mixin.py:115} INFO - [2022-08-06 00:13:55,553] {dag.py:2371} INFO - Sync 1 DAGs
[2022-08-06 00:13:55,653] {logging_mixin.py:115} INFO - [2022-08-06 00:13:55,653] {dag.py:2919} INFO - Setting next_dagrun for tutorial to 2022-08-05T00:13:55.653217+00:00, run_after=2022-08-06T00:13:55.653217+00:00
[2022-08-06 00:13:55,662] {processor.py:161} INFO - Processing /home/airflow/.local/lib/python3.7/site-packages/airflow/example_dags/tutorial.py took 0.136 seconds
[2022-08-06 00:14:26,278] {processor.py:153} INFO - Started process (PID=894) to work on /home/airflow/.local/lib/python3.7/site-packages/airflow/example_dags/tutorial.py
[2022-08-06 00:14:26,280] {processor.py:641} INFO - Processing file /home/airflow/.local/lib/python3.7/site-packages/airflow/example_dags/tutorial.py for tasks to queue
[2022-08-06 00:14:26,281] {logging_mixin.py:115} INFO - [2022-08-06 00:14:26,281] {dagbag.py:507} INFO - Filling up the DagBag from /home/airflow/.local/lib/python3.7/site-packages/airflow/example_dags/tutorial.py
[2022-08-06 00:14:26,285] {processor.py:651} INFO - DAG(s) dict_keys(['tutorial']) retrieved from /home/airflow/.local/lib/python3.7/site-packages/airflow/example_dags/tutorial.py
[2022-08-06 00:14:26,302] {logging_mixin.py:115} INFO - [2022-08-06 00:14:26,302] {dag.py:2371} INFO - Sync 1 DAGs
[2022-08-06 00:14:26,390] {logging_mixin.py:115} INFO - [2022-08-06 00:14:26,390] {dag.py:2919} INFO - Setting next_dagrun for tutorial to 2022-08-05T00:14:26.390680+00:00, run_after=2022-08-06T00:14:26.390680+00:00
[2022-08-06 00:14:26,399] {processor.py:161} INFO - Processing /home/airflow/.local/lib/python3.7/site-packages/airflow/example_dags/tutorial.py took 0.122 seconds
[2022-08-06 00:14:57,321] {processor.py:153} INFO - Started process (PID=956) to work on /home/airflow/.local/lib/python3.7/site-packages/airflow/example_dags/tutorial.py
[2022-08-06 00:14:57,323] {processor.py:641} INFO - Processing file /home/airflow/.local/lib/python3.7/site-packages/airflow/example_dags/tutorial.py for tasks to queue
[2022-08-06 00:14:57,323] {logging_mixin.py:115} INFO - [2022-08-06 00:14:57,323] {dagbag.py:507} INFO - Filling up the DagBag from /home/airflow/.local/lib/python3.7/site-packages/airflow/example_dags/tutorial.py
[2022-08-06 00:14:57,327] {processor.py:651} INFO - DAG(s) dict_keys(['tutorial']) retrieved from /home/airflow/.local/lib/python3.7/site-packages/airflow/example_dags/tutorial.py
[2022-08-06 00:14:57,343] {logging_mixin.py:115} INFO - [2022-08-06 00:14:57,342] {dag.py:2371} INFO - Sync 1 DAGs
[2022-08-06 00:14:57,420] {logging_mixin.py:115} INFO - [2022-08-06 00:14:57,420] {dag.py:2919} INFO - Setting next_dagrun for tutorial to 2022-08-05T00:14:57.420649+00:00, run_after=2022-08-06T00:14:57.420649+00:00
[2022-08-06 00:14:57,427] {processor.py:161} INFO - Processing /home/airflow/.local/lib/python3.7/site-packages/airflow/example_dags/tutorial.py took 0.108 seconds
[2022-08-06 00:15:28,150] {processor.py:153} INFO - Started process (PID=1017) to work on /home/airflow/.local/lib/python3.7/site-packages/airflow/example_dags/tutorial.py
[2022-08-06 00:15:28,152] {processor.py:641} INFO - Processing file /home/airflow/.local/lib/python3.7/site-packages/airflow/example_dags/tutorial.py for tasks to queue
[2022-08-06 00:15:28,154] {logging_mixin.py:115} INFO - [2022-08-06 00:15:28,154] {dagbag.py:507} INFO - Filling up the DagBag from /home/airflow/.local/lib/python3.7/site-packages/airflow/example_dags/tutorial.py
[2022-08-06 00:15:28,158] {processor.py:651} INFO - DAG(s) dict_keys(['tutorial']) retrieved from /home/airflow/.local/lib/python3.7/site-packages/airflow/example_dags/tutorial.py
[2022-08-06 00:15:28,174] {logging_mixin.py:115} INFO - [2022-08-06 00:15:28,174] {dag.py:2371} INFO - Sync 1 DAGs
[2022-08-06 00:15:28,251] {logging_mixin.py:115} INFO - [2022-08-06 00:15:28,251] {dag.py:2919} INFO - Setting next_dagrun for tutorial to 2022-08-05T00:15:28.251229+00:00, run_after=2022-08-06T00:15:28.251229+00:00
[2022-08-06 00:15:28,257] {processor.py:161} INFO - Processing /home/airflow/.local/lib/python3.7/site-packages/airflow/example_dags/tutorial.py took 0.110 seconds
[2022-08-06 00:15:58,904] {processor.py:153} INFO - Started process (PID=1079) to work on /home/airflow/.local/lib/python3.7/site-packages/airflow/example_dags/tutorial.py
[2022-08-06 00:15:58,905] {processor.py:641} INFO - Processing file /home/airflow/.local/lib/python3.7/site-packages/airflow/example_dags/tutorial.py for tasks to queue
[2022-08-06 00:15:58,906] {logging_mixin.py:115} INFO - [2022-08-06 00:15:58,906] {dagbag.py:507} INFO - Filling up the DagBag from /home/airflow/.local/lib/python3.7/site-packages/airflow/example_dags/tutorial.py
[2022-08-06 00:15:58,910] {processor.py:651} INFO - DAG(s) dict_keys(['tutorial']) retrieved from /home/airflow/.local/lib/python3.7/site-packages/airflow/example_dags/tutorial.py
[2022-08-06 00:15:58,925] {logging_mixin.py:115} INFO - [2022-08-06 00:15:58,925] {dag.py:2371} INFO - Sync 1 DAGs
[2022-08-06 00:15:59,003] {logging_mixin.py:115} INFO - [2022-08-06 00:15:59,003] {dag.py:2919} INFO - Setting next_dagrun for tutorial to 2022-08-05T00:15:59.003408+00:00, run_after=2022-08-06T00:15:59.003408+00:00
[2022-08-06 00:15:59,009] {processor.py:161} INFO - Processing /home/airflow/.local/lib/python3.7/site-packages/airflow/example_dags/tutorial.py took 0.107 seconds
[2022-08-06 00:16:29,759] {processor.py:153} INFO - Started process (PID=1141) to work on /home/airflow/.local/lib/python3.7/site-packages/airflow/example_dags/tutorial.py
[2022-08-06 00:16:29,760] {processor.py:641} INFO - Processing file /home/airflow/.local/lib/python3.7/site-packages/airflow/example_dags/tutorial.py for tasks to queue
[2022-08-06 00:16:29,761] {logging_mixin.py:115} INFO - [2022-08-06 00:16:29,761] {dagbag.py:507} INFO - Filling up the DagBag from /home/airflow/.local/lib/python3.7/site-packages/airflow/example_dags/tutorial.py
[2022-08-06 00:16:29,765] {processor.py:651} INFO - DAG(s) dict_keys(['tutorial']) retrieved from /home/airflow/.local/lib/python3.7/site-packages/airflow/example_dags/tutorial.py
[2022-08-06 00:16:29,781] {logging_mixin.py:115} INFO - [2022-08-06 00:16:29,781] {dag.py:2371} INFO - Sync 1 DAGs
[2022-08-06 00:16:29,868] {logging_mixin.py:115} INFO - [2022-08-06 00:16:29,868] {dag.py:2919} INFO - Setting next_dagrun for tutorial to 2022-08-05T00:16:29.868320+00:00, run_after=2022-08-06T00:16:29.868320+00:00
[2022-08-06 00:16:29,876] {processor.py:161} INFO - Processing /home/airflow/.local/lib/python3.7/site-packages/airflow/example_dags/tutorial.py took 0.119 seconds
[2022-08-06 00:34:32,206] {processor.py:153} INFO - Started process (PID=1195) to work on /home/airflow/.local/lib/python3.7/site-packages/airflow/example_dags/tutorial.py
[2022-08-06 00:34:32,208] {processor.py:641} INFO - Processing file /home/airflow/.local/lib/python3.7/site-packages/airflow/example_dags/tutorial.py for tasks to queue
[2022-08-06 00:34:32,209] {logging_mixin.py:115} INFO - [2022-08-06 00:34:32,209] {dagbag.py:507} INFO - Filling up the DagBag from /home/airflow/.local/lib/python3.7/site-packages/airflow/example_dags/tutorial.py
[2022-08-06 00:34:32,213] {processor.py:651} INFO - DAG(s) dict_keys(['tutorial']) retrieved from /home/airflow/.local/lib/python3.7/site-packages/airflow/example_dags/tutorial.py
[2022-08-06 00:34:32,238] {logging_mixin.py:115} INFO - [2022-08-06 00:34:32,238] {dag.py:2371} INFO - Sync 1 DAGs
[2022-08-06 00:34:32,363] {logging_mixin.py:115} INFO - [2022-08-06 00:34:32,363] {dag.py:2919} INFO - Setting next_dagrun for tutorial to 2022-08-05T00:34:32.363179+00:00, run_after=2022-08-06T00:34:32.363179+00:00
[2022-08-06 00:34:32,381] {processor.py:161} INFO - Processing /home/airflow/.local/lib/python3.7/site-packages/airflow/example_dags/tutorial.py took 0.177 seconds
[2022-08-06 01:23:25,682] {processor.py:153} INFO - Started process (PID=1256) to work on /home/airflow/.local/lib/python3.7/site-packages/airflow/example_dags/tutorial.py
[2022-08-06 01:23:25,685] {processor.py:641} INFO - Processing file /home/airflow/.local/lib/python3.7/site-packages/airflow/example_dags/tutorial.py for tasks to queue
[2022-08-06 01:23:25,686] {logging_mixin.py:115} INFO - [2022-08-06 01:23:25,686] {dagbag.py:507} INFO - Filling up the DagBag from /home/airflow/.local/lib/python3.7/site-packages/airflow/example_dags/tutorial.py
[2022-08-06 01:23:25,691] {processor.py:651} INFO - DAG(s) dict_keys(['tutorial']) retrieved from /home/airflow/.local/lib/python3.7/site-packages/airflow/example_dags/tutorial.py
[2022-08-06 01:23:25,726] {logging_mixin.py:115} INFO - [2022-08-06 01:23:25,726] {dag.py:2371} INFO - Sync 1 DAGs
[2022-08-06 01:23:25,869] {logging_mixin.py:115} INFO - [2022-08-06 01:23:25,869] {dag.py:2919} INFO - Setting next_dagrun for tutorial to 2022-08-05T01:23:25.869652+00:00, run_after=2022-08-06T01:23:25.869652+00:00
[2022-08-06 01:23:25,882] {processor.py:161} INFO - Processing /home/airflow/.local/lib/python3.7/site-packages/airflow/example_dags/tutorial.py took 0.204 seconds
[2022-08-06 01:39:33,378] {processor.py:153} INFO - Started process (PID=1319) to work on /home/airflow/.local/lib/python3.7/site-packages/airflow/example_dags/tutorial.py
[2022-08-06 01:39:33,379] {processor.py:641} INFO - Processing file /home/airflow/.local/lib/python3.7/site-packages/airflow/example_dags/tutorial.py for tasks to queue
[2022-08-06 01:39:33,381] {logging_mixin.py:115} INFO - [2022-08-06 01:39:33,381] {dagbag.py:507} INFO - Filling up the DagBag from /home/airflow/.local/lib/python3.7/site-packages/airflow/example_dags/tutorial.py
[2022-08-06 01:39:33,385] {processor.py:651} INFO - DAG(s) dict_keys(['tutorial']) retrieved from /home/airflow/.local/lib/python3.7/site-packages/airflow/example_dags/tutorial.py
[2022-08-06 01:39:33,542] {logging_mixin.py:115} INFO - [2022-08-06 01:39:33,542] {dag.py:2371} INFO - Sync 1 DAGs
[2022-08-06 01:39:33,565] {logging_mixin.py:115} INFO - [2022-08-06 01:39:33,565] {dag.py:2919} INFO - Setting next_dagrun for tutorial to 2022-08-05T01:39:33.565525+00:00, run_after=2022-08-06T01:39:33.565525+00:00
[2022-08-06 01:39:33,577] {processor.py:161} INFO - Processing /home/airflow/.local/lib/python3.7/site-packages/airflow/example_dags/tutorial.py took 0.202 seconds
[2022-08-06 01:40:03,644] {processor.py:153} INFO - Started process (PID=1381) to work on /home/airflow/.local/lib/python3.7/site-packages/airflow/example_dags/tutorial.py
[2022-08-06 01:40:03,645] {processor.py:641} INFO - Processing file /home/airflow/.local/lib/python3.7/site-packages/airflow/example_dags/tutorial.py for tasks to queue
[2022-08-06 01:40:03,646] {logging_mixin.py:115} INFO - [2022-08-06 01:40:03,646] {dagbag.py:507} INFO - Filling up the DagBag from /home/airflow/.local/lib/python3.7/site-packages/airflow/example_dags/tutorial.py
[2022-08-06 01:40:03,650] {processor.py:651} INFO - DAG(s) dict_keys(['tutorial']) retrieved from /home/airflow/.local/lib/python3.7/site-packages/airflow/example_dags/tutorial.py
[2022-08-06 01:40:03,731] {logging_mixin.py:115} INFO - [2022-08-06 01:40:03,731] {dag.py:2371} INFO - Sync 1 DAGs
[2022-08-06 01:40:03,740] {logging_mixin.py:115} INFO - [2022-08-06 01:40:03,740] {dag.py:2919} INFO - Setting next_dagrun for tutorial to 2022-08-05T01:40:03.740841+00:00, run_after=2022-08-06T01:40:03.740841+00:00
[2022-08-06 01:40:03,747] {processor.py:161} INFO - Processing /home/airflow/.local/lib/python3.7/site-packages/airflow/example_dags/tutorial.py took 0.104 seconds
[2022-08-06 01:40:33,843] {processor.py:153} INFO - Started process (PID=1434) to work on /home/airflow/.local/lib/python3.7/site-packages/airflow/example_dags/tutorial.py
[2022-08-06 01:40:33,844] {processor.py:641} INFO - Processing file /home/airflow/.local/lib/python3.7/site-packages/airflow/example_dags/tutorial.py for tasks to queue
[2022-08-06 01:40:33,844] {logging_mixin.py:115} INFO - [2022-08-06 01:40:33,844] {dagbag.py:507} INFO - Filling up the DagBag from /home/airflow/.local/lib/python3.7/site-packages/airflow/example_dags/tutorial.py
[2022-08-06 01:40:33,848] {processor.py:651} INFO - DAG(s) dict_keys(['tutorial']) retrieved from /home/airflow/.local/lib/python3.7/site-packages/airflow/example_dags/tutorial.py
[2022-08-06 01:40:33,942] {logging_mixin.py:115} INFO - [2022-08-06 01:40:33,942] {dag.py:2371} INFO - Sync 1 DAGs
[2022-08-06 01:40:33,953] {logging_mixin.py:115} INFO - [2022-08-06 01:40:33,953] {dag.py:2919} INFO - Setting next_dagrun for tutorial to 2022-08-05T01:40:33.953122+00:00, run_after=2022-08-06T01:40:33.953122+00:00
[2022-08-06 01:40:33,959] {processor.py:161} INFO - Processing /home/airflow/.local/lib/python3.7/site-packages/airflow/example_dags/tutorial.py took 0.118 seconds
[2022-08-06 01:41:04,893] {processor.py:153} INFO - Started process (PID=1497) to work on /home/airflow/.local/lib/python3.7/site-packages/airflow/example_dags/tutorial.py
[2022-08-06 01:41:04,894] {processor.py:641} INFO - Processing file /home/airflow/.local/lib/python3.7/site-packages/airflow/example_dags/tutorial.py for tasks to queue
[2022-08-06 01:41:04,895] {logging_mixin.py:115} INFO - [2022-08-06 01:41:04,895] {dagbag.py:507} INFO - Filling up the DagBag from /home/airflow/.local/lib/python3.7/site-packages/airflow/example_dags/tutorial.py
[2022-08-06 01:41:04,898] {processor.py:651} INFO - DAG(s) dict_keys(['tutorial']) retrieved from /home/airflow/.local/lib/python3.7/site-packages/airflow/example_dags/tutorial.py
[2022-08-06 01:41:04,999] {logging_mixin.py:115} INFO - [2022-08-06 01:41:04,999] {dag.py:2371} INFO - Sync 1 DAGs
[2022-08-06 01:41:05,012] {logging_mixin.py:115} INFO - [2022-08-06 01:41:05,012] {dag.py:2919} INFO - Setting next_dagrun for tutorial to 2022-08-05T01:41:05.012690+00:00, run_after=2022-08-06T01:41:05.012690+00:00
[2022-08-06 01:41:05,024] {processor.py:161} INFO - Processing /home/airflow/.local/lib/python3.7/site-packages/airflow/example_dags/tutorial.py took 0.134 seconds
[2022-08-06 01:41:36,026] {processor.py:153} INFO - Started process (PID=1559) to work on /home/airflow/.local/lib/python3.7/site-packages/airflow/example_dags/tutorial.py
[2022-08-06 01:41:36,027] {processor.py:641} INFO - Processing file /home/airflow/.local/lib/python3.7/site-packages/airflow/example_dags/tutorial.py for tasks to queue
[2022-08-06 01:41:36,029] {logging_mixin.py:115} INFO - [2022-08-06 01:41:36,029] {dagbag.py:507} INFO - Filling up the DagBag from /home/airflow/.local/lib/python3.7/site-packages/airflow/example_dags/tutorial.py
[2022-08-06 01:41:36,032] {processor.py:651} INFO - DAG(s) dict_keys(['tutorial']) retrieved from /home/airflow/.local/lib/python3.7/site-packages/airflow/example_dags/tutorial.py
[2022-08-06 01:41:36,134] {logging_mixin.py:115} INFO - [2022-08-06 01:41:36,134] {dag.py:2371} INFO - Sync 1 DAGs
[2022-08-06 01:41:36,146] {logging_mixin.py:115} INFO - [2022-08-06 01:41:36,146] {dag.py:2919} INFO - Setting next_dagrun for tutorial to 2022-08-05T01:41:36.146122+00:00, run_after=2022-08-06T01:41:36.146122+00:00
[2022-08-06 01:41:36,156] {processor.py:161} INFO - Processing /home/airflow/.local/lib/python3.7/site-packages/airflow/example_dags/tutorial.py took 0.132 seconds
[2022-08-06 01:42:06,494] {processor.py:153} INFO - Started process (PID=1619) to work on /home/airflow/.local/lib/python3.7/site-packages/airflow/example_dags/tutorial.py
[2022-08-06 01:42:06,496] {processor.py:641} INFO - Processing file /home/airflow/.local/lib/python3.7/site-packages/airflow/example_dags/tutorial.py for tasks to queue
[2022-08-06 01:42:06,497] {logging_mixin.py:115} INFO - [2022-08-06 01:42:06,497] {dagbag.py:507} INFO - Filling up the DagBag from /home/airflow/.local/lib/python3.7/site-packages/airflow/example_dags/tutorial.py
[2022-08-06 01:42:06,503] {processor.py:651} INFO - DAG(s) dict_keys(['tutorial']) retrieved from /home/airflow/.local/lib/python3.7/site-packages/airflow/example_dags/tutorial.py
[2022-08-06 01:42:06,615] {logging_mixin.py:115} INFO - [2022-08-06 01:42:06,615] {dag.py:2371} INFO - Sync 1 DAGs
[2022-08-06 01:42:06,631] {logging_mixin.py:115} INFO - [2022-08-06 01:42:06,631] {dag.py:2919} INFO - Setting next_dagrun for tutorial to 2022-08-05T01:42:06.630814+00:00, run_after=2022-08-06T01:42:06.630814+00:00
[2022-08-06 01:42:06,641] {processor.py:161} INFO - Processing /home/airflow/.local/lib/python3.7/site-packages/airflow/example_dags/tutorial.py took 0.149 seconds
[2022-08-06 01:42:37,044] {processor.py:153} INFO - Started process (PID=1681) to work on /home/airflow/.local/lib/python3.7/site-packages/airflow/example_dags/tutorial.py
[2022-08-06 01:42:37,045] {processor.py:641} INFO - Processing file /home/airflow/.local/lib/python3.7/site-packages/airflow/example_dags/tutorial.py for tasks to queue
[2022-08-06 01:42:37,046] {logging_mixin.py:115} INFO - [2022-08-06 01:42:37,046] {dagbag.py:507} INFO - Filling up the DagBag from /home/airflow/.local/lib/python3.7/site-packages/airflow/example_dags/tutorial.py
[2022-08-06 01:42:37,050] {processor.py:651} INFO - DAG(s) dict_keys(['tutorial']) retrieved from /home/airflow/.local/lib/python3.7/site-packages/airflow/example_dags/tutorial.py
[2022-08-06 01:42:37,158] {logging_mixin.py:115} INFO - [2022-08-06 01:42:37,158] {dag.py:2371} INFO - Sync 1 DAGs
[2022-08-06 01:42:37,171] {logging_mixin.py:115} INFO - [2022-08-06 01:42:37,171] {dag.py:2919} INFO - Setting next_dagrun for tutorial to 2022-08-05T01:42:37.171498+00:00, run_after=2022-08-06T01:42:37.171498+00:00
[2022-08-06 01:42:37,179] {processor.py:161} INFO - Processing /home/airflow/.local/lib/python3.7/site-packages/airflow/example_dags/tutorial.py took 0.138 seconds
[2022-08-06 01:43:07,289] {processor.py:153} INFO - Started process (PID=1743) to work on /home/airflow/.local/lib/python3.7/site-packages/airflow/example_dags/tutorial.py
[2022-08-06 01:43:07,292] {processor.py:641} INFO - Processing file /home/airflow/.local/lib/python3.7/site-packages/airflow/example_dags/tutorial.py for tasks to queue
[2022-08-06 01:43:07,293] {logging_mixin.py:115} INFO - [2022-08-06 01:43:07,293] {dagbag.py:507} INFO - Filling up the DagBag from /home/airflow/.local/lib/python3.7/site-packages/airflow/example_dags/tutorial.py
[2022-08-06 01:43:07,297] {processor.py:651} INFO - DAG(s) dict_keys(['tutorial']) retrieved from /home/airflow/.local/lib/python3.7/site-packages/airflow/example_dags/tutorial.py
[2022-08-06 01:43:07,400] {logging_mixin.py:115} INFO - [2022-08-06 01:43:07,400] {dag.py:2371} INFO - Sync 1 DAGs
[2022-08-06 01:43:07,413] {logging_mixin.py:115} INFO - [2022-08-06 01:43:07,413] {dag.py:2919} INFO - Setting next_dagrun for tutorial to 2022-08-05T01:43:07.412989+00:00, run_after=2022-08-06T01:43:07.412989+00:00
[2022-08-06 01:43:07,421] {processor.py:161} INFO - Processing /home/airflow/.local/lib/python3.7/site-packages/airflow/example_dags/tutorial.py took 0.134 seconds
[2022-08-06 01:43:38,212] {processor.py:153} INFO - Started process (PID=1796) to work on /home/airflow/.local/lib/python3.7/site-packages/airflow/example_dags/tutorial.py
[2022-08-06 01:43:38,213] {processor.py:641} INFO - Processing file /home/airflow/.local/lib/python3.7/site-packages/airflow/example_dags/tutorial.py for tasks to queue
[2022-08-06 01:43:38,214] {logging_mixin.py:115} INFO - [2022-08-06 01:43:38,214] {dagbag.py:507} INFO - Filling up the DagBag from /home/airflow/.local/lib/python3.7/site-packages/airflow/example_dags/tutorial.py
[2022-08-06 01:43:38,218] {processor.py:651} INFO - DAG(s) dict_keys(['tutorial']) retrieved from /home/airflow/.local/lib/python3.7/site-packages/airflow/example_dags/tutorial.py
[2022-08-06 01:43:38,314] {logging_mixin.py:115} INFO - [2022-08-06 01:43:38,314] {dag.py:2371} INFO - Sync 1 DAGs
[2022-08-06 01:43:38,328] {logging_mixin.py:115} INFO - [2022-08-06 01:43:38,328] {dag.py:2919} INFO - Setting next_dagrun for tutorial to 2022-08-05T01:43:38.328323+00:00, run_after=2022-08-06T01:43:38.328323+00:00
[2022-08-06 01:43:38,336] {processor.py:161} INFO - Processing /home/airflow/.local/lib/python3.7/site-packages/airflow/example_dags/tutorial.py took 0.125 seconds
[2022-08-06 01:44:09,095] {processor.py:153} INFO - Started process (PID=1858) to work on /home/airflow/.local/lib/python3.7/site-packages/airflow/example_dags/tutorial.py
[2022-08-06 01:44:09,097] {processor.py:641} INFO - Processing file /home/airflow/.local/lib/python3.7/site-packages/airflow/example_dags/tutorial.py for tasks to queue
[2022-08-06 01:44:09,098] {logging_mixin.py:115} INFO - [2022-08-06 01:44:09,098] {dagbag.py:507} INFO - Filling up the DagBag from /home/airflow/.local/lib/python3.7/site-packages/airflow/example_dags/tutorial.py
[2022-08-06 01:44:09,103] {processor.py:651} INFO - DAG(s) dict_keys(['tutorial']) retrieved from /home/airflow/.local/lib/python3.7/site-packages/airflow/example_dags/tutorial.py
[2022-08-06 01:44:09,218] {logging_mixin.py:115} INFO - [2022-08-06 01:44:09,217] {dag.py:2371} INFO - Sync 1 DAGs
[2022-08-06 01:44:09,233] {logging_mixin.py:115} INFO - [2022-08-06 01:44:09,233] {dag.py:2919} INFO - Setting next_dagrun for tutorial to 2022-08-05T01:44:09.232893+00:00, run_after=2022-08-06T01:44:09.232893+00:00
[2022-08-06 01:44:09,244] {processor.py:161} INFO - Processing /home/airflow/.local/lib/python3.7/site-packages/airflow/example_dags/tutorial.py took 0.152 seconds
[2022-08-06 01:44:39,608] {processor.py:153} INFO - Started process (PID=1920) to work on /home/airflow/.local/lib/python3.7/site-packages/airflow/example_dags/tutorial.py
[2022-08-06 01:44:39,610] {processor.py:641} INFO - Processing file /home/airflow/.local/lib/python3.7/site-packages/airflow/example_dags/tutorial.py for tasks to queue
[2022-08-06 01:44:39,611] {logging_mixin.py:115} INFO - [2022-08-06 01:44:39,611] {dagbag.py:507} INFO - Filling up the DagBag from /home/airflow/.local/lib/python3.7/site-packages/airflow/example_dags/tutorial.py
[2022-08-06 01:44:39,616] {processor.py:651} INFO - DAG(s) dict_keys(['tutorial']) retrieved from /home/airflow/.local/lib/python3.7/site-packages/airflow/example_dags/tutorial.py
[2022-08-06 01:44:39,703] {logging_mixin.py:115} INFO - [2022-08-06 01:44:39,703] {dag.py:2371} INFO - Sync 1 DAGs
[2022-08-06 01:44:39,714] {logging_mixin.py:115} INFO - [2022-08-06 01:44:39,714] {dag.py:2919} INFO - Setting next_dagrun for tutorial to 2022-08-05T01:44:39.714064+00:00, run_after=2022-08-06T01:44:39.714064+00:00
[2022-08-06 01:44:39,720] {processor.py:161} INFO - Processing /home/airflow/.local/lib/python3.7/site-packages/airflow/example_dags/tutorial.py took 0.114 seconds
[2022-08-06 01:45:09,901] {processor.py:153} INFO - Started process (PID=1981) to work on /home/airflow/.local/lib/python3.7/site-packages/airflow/example_dags/tutorial.py
[2022-08-06 01:45:09,902] {processor.py:641} INFO - Processing file /home/airflow/.local/lib/python3.7/site-packages/airflow/example_dags/tutorial.py for tasks to queue
[2022-08-06 01:45:09,903] {logging_mixin.py:115} INFO - [2022-08-06 01:45:09,903] {dagbag.py:507} INFO - Filling up the DagBag from /home/airflow/.local/lib/python3.7/site-packages/airflow/example_dags/tutorial.py
[2022-08-06 01:45:09,907] {processor.py:651} INFO - DAG(s) dict_keys(['tutorial']) retrieved from /home/airflow/.local/lib/python3.7/site-packages/airflow/example_dags/tutorial.py
[2022-08-06 01:45:09,998] {logging_mixin.py:115} INFO - [2022-08-06 01:45:09,998] {dag.py:2371} INFO - Sync 1 DAGs
[2022-08-06 01:45:10,009] {logging_mixin.py:115} INFO - [2022-08-06 01:45:10,009] {dag.py:2919} INFO - Setting next_dagrun for tutorial to 2022-08-05T01:45:10.008944+00:00, run_after=2022-08-06T01:45:10.008944+00:00
[2022-08-06 01:45:10,014] {processor.py:161} INFO - Processing /home/airflow/.local/lib/python3.7/site-packages/airflow/example_dags/tutorial.py took 0.115 seconds
[2022-08-06 01:45:40,207] {processor.py:153} INFO - Started process (PID=2043) to work on /home/airflow/.local/lib/python3.7/site-packages/airflow/example_dags/tutorial.py
[2022-08-06 01:45:40,209] {processor.py:641} INFO - Processing file /home/airflow/.local/lib/python3.7/site-packages/airflow/example_dags/tutorial.py for tasks to queue
[2022-08-06 01:45:40,210] {logging_mixin.py:115} INFO - [2022-08-06 01:45:40,210] {dagbag.py:507} INFO - Filling up the DagBag from /home/airflow/.local/lib/python3.7/site-packages/airflow/example_dags/tutorial.py
[2022-08-06 01:45:40,216] {processor.py:651} INFO - DAG(s) dict_keys(['tutorial']) retrieved from /home/airflow/.local/lib/python3.7/site-packages/airflow/example_dags/tutorial.py
[2022-08-06 01:45:40,324] {logging_mixin.py:115} INFO - [2022-08-06 01:45:40,324] {dag.py:2371} INFO - Sync 1 DAGs
[2022-08-06 01:45:40,338] {logging_mixin.py:115} INFO - [2022-08-06 01:45:40,338] {dag.py:2919} INFO - Setting next_dagrun for tutorial to 2022-08-05T01:45:40.338707+00:00, run_after=2022-08-06T01:45:40.338707+00:00
[2022-08-06 01:45:40,349] {processor.py:161} INFO - Processing /home/airflow/.local/lib/python3.7/site-packages/airflow/example_dags/tutorial.py took 0.145 seconds
[2022-08-06 01:46:10,701] {processor.py:153} INFO - Started process (PID=2105) to work on /home/airflow/.local/lib/python3.7/site-packages/airflow/example_dags/tutorial.py
[2022-08-06 01:46:10,703] {processor.py:641} INFO - Processing file /home/airflow/.local/lib/python3.7/site-packages/airflow/example_dags/tutorial.py for tasks to queue
[2022-08-06 01:46:10,704] {logging_mixin.py:115} INFO - [2022-08-06 01:46:10,703] {dagbag.py:507} INFO - Filling up the DagBag from /home/airflow/.local/lib/python3.7/site-packages/airflow/example_dags/tutorial.py
[2022-08-06 01:46:10,707] {processor.py:651} INFO - DAG(s) dict_keys(['tutorial']) retrieved from /home/airflow/.local/lib/python3.7/site-packages/airflow/example_dags/tutorial.py
[2022-08-06 01:46:10,797] {logging_mixin.py:115} INFO - [2022-08-06 01:46:10,797] {dag.py:2371} INFO - Sync 1 DAGs
[2022-08-06 01:46:10,808] {logging_mixin.py:115} INFO - [2022-08-06 01:46:10,808] {dag.py:2919} INFO - Setting next_dagrun for tutorial to 2022-08-05T01:46:10.808451+00:00, run_after=2022-08-06T01:46:10.808451+00:00
[2022-08-06 01:46:10,817] {processor.py:161} INFO - Processing /home/airflow/.local/lib/python3.7/site-packages/airflow/example_dags/tutorial.py took 0.117 seconds
[2022-08-06 01:46:41,809] {processor.py:153} INFO - Started process (PID=2159) to work on /home/airflow/.local/lib/python3.7/site-packages/airflow/example_dags/tutorial.py
[2022-08-06 01:46:41,810] {processor.py:641} INFO - Processing file /home/airflow/.local/lib/python3.7/site-packages/airflow/example_dags/tutorial.py for tasks to queue
[2022-08-06 01:46:41,811] {logging_mixin.py:115} INFO - [2022-08-06 01:46:41,811] {dagbag.py:507} INFO - Filling up the DagBag from /home/airflow/.local/lib/python3.7/site-packages/airflow/example_dags/tutorial.py
[2022-08-06 01:46:41,815] {processor.py:651} INFO - DAG(s) dict_keys(['tutorial']) retrieved from /home/airflow/.local/lib/python3.7/site-packages/airflow/example_dags/tutorial.py
[2022-08-06 01:46:41,906] {logging_mixin.py:115} INFO - [2022-08-06 01:46:41,906] {dag.py:2371} INFO - Sync 1 DAGs
[2022-08-06 01:46:41,917] {logging_mixin.py:115} INFO - [2022-08-06 01:46:41,916] {dag.py:2919} INFO - Setting next_dagrun for tutorial to 2022-08-05T01:46:41.916885+00:00, run_after=2022-08-06T01:46:41.916885+00:00
[2022-08-06 01:46:41,923] {processor.py:161} INFO - Processing /home/airflow/.local/lib/python3.7/site-packages/airflow/example_dags/tutorial.py took 0.116 seconds
[2022-08-06 01:47:12,060] {processor.py:153} INFO - Started process (PID=2221) to work on /home/airflow/.local/lib/python3.7/site-packages/airflow/example_dags/tutorial.py
[2022-08-06 01:47:12,061] {processor.py:641} INFO - Processing file /home/airflow/.local/lib/python3.7/site-packages/airflow/example_dags/tutorial.py for tasks to queue
[2022-08-06 01:47:12,062] {logging_mixin.py:115} INFO - [2022-08-06 01:47:12,062] {dagbag.py:507} INFO - Filling up the DagBag from /home/airflow/.local/lib/python3.7/site-packages/airflow/example_dags/tutorial.py
[2022-08-06 01:47:12,066] {processor.py:651} INFO - DAG(s) dict_keys(['tutorial']) retrieved from /home/airflow/.local/lib/python3.7/site-packages/airflow/example_dags/tutorial.py
[2022-08-06 01:47:12,159] {logging_mixin.py:115} INFO - [2022-08-06 01:47:12,159] {dag.py:2371} INFO - Sync 1 DAGs
[2022-08-06 01:47:12,170] {logging_mixin.py:115} INFO - [2022-08-06 01:47:12,170] {dag.py:2919} INFO - Setting next_dagrun for tutorial to 2022-08-05T01:47:12.170083+00:00, run_after=2022-08-06T01:47:12.170083+00:00
[2022-08-06 01:47:12,177] {processor.py:161} INFO - Processing /home/airflow/.local/lib/python3.7/site-packages/airflow/example_dags/tutorial.py took 0.119 seconds
