[2022-08-09 13:24:18,425] {taskinstance.py:1159} INFO - Dependencies all met for <TaskInstance: parallel_dag.load_a manual__2022-08-09T13:24:06.413126+00:00 [queued]>
[2022-08-09 13:24:18,430] {taskinstance.py:1159} INFO - Dependencies all met for <TaskInstance: parallel_dag.load_a manual__2022-08-09T13:24:06.413126+00:00 [queued]>
[2022-08-09 13:24:18,431] {taskinstance.py:1356} INFO - 
--------------------------------------------------------------------------------
[2022-08-09 13:24:18,432] {taskinstance.py:1357} INFO - Starting attempt 1 of 1
[2022-08-09 13:24:18,433] {taskinstance.py:1358} INFO - 
--------------------------------------------------------------------------------
[2022-08-09 13:24:18,440] {taskinstance.py:1377} INFO - Executing <Task(BashOperator): load_a> on 2022-08-09 13:24:06.413126+00:00
[2022-08-09 13:24:18,444] {standard_task_runner.py:52} INFO - Started process 177 to run task
[2022-08-09 13:24:18,446] {standard_task_runner.py:79} INFO - Running: ['***', 'tasks', 'run', 'parallel_dag', 'load_a', 'manual__2022-08-09T13:24:06.413126+00:00', '--job-id', '55', '--raw', '--subdir', 'DAGS_FOLDER/parallel_dag.py', '--cfg-path', '/tmp/tmpmxocci6n', '--error-file', '/tmp/tmpth5tra6c']
[2022-08-09 13:24:18,447] {standard_task_runner.py:80} INFO - Job 55: Subtask load_a
[2022-08-09 13:24:18,483] {task_command.py:369} INFO - Running <TaskInstance: parallel_dag.load_a manual__2022-08-09T13:24:06.413126+00:00 [running]> on host 40fffbcee5cb
[2022-08-09 13:24:18,524] {taskinstance.py:1571} INFO - Exporting the following env vars:
AIRFLOW_CTX_DAG_OWNER=***
AIRFLOW_CTX_DAG_ID=parallel_dag
AIRFLOW_CTX_TASK_ID=load_a
AIRFLOW_CTX_EXECUTION_DATE=2022-08-09T13:24:06.413126+00:00
AIRFLOW_CTX_TRY_NUMBER=1
AIRFLOW_CTX_DAG_RUN_ID=manual__2022-08-09T13:24:06.413126+00:00
[2022-08-09 13:24:18,526] {subprocess.py:62} INFO - Tmp dir root location: 
 /tmp
[2022-08-09 13:24:18,527] {subprocess.py:74} INFO - Running command: ['bash', '-c', 'sleep 10']
[2022-08-09 13:24:18,535] {subprocess.py:85} INFO - Output:
[2022-08-09 13:24:28,537] {subprocess.py:96} INFO - Command exited with return code 0
[2022-08-09 13:24:28,555] {taskinstance.py:1400} INFO - Marking task as SUCCESS. dag_id=parallel_dag, task_id=load_a, execution_date=20220809T132406, start_date=20220809T132418, end_date=20220809T132428
[2022-08-09 13:24:28,585] {local_task_job.py:156} INFO - Task exited with return code 0
[2022-08-09 13:24:28,602] {local_task_job.py:273} INFO - 1 downstream tasks scheduled from follow-on schedule check
