[2022-08-09 20:49:33,826] {taskinstance.py:1159} INFO - Dependencies all met for <TaskInstance: xcom_dag.processing_tasks.training_model_b scheduled__2022-08-08T00:00:00+00:00 [queued]>
[2022-08-09 20:49:33,834] {taskinstance.py:1159} INFO - Dependencies all met for <TaskInstance: xcom_dag.processing_tasks.training_model_b scheduled__2022-08-08T00:00:00+00:00 [queued]>
[2022-08-09 20:49:33,835] {taskinstance.py:1356} INFO - 
--------------------------------------------------------------------------------
[2022-08-09 20:49:33,836] {taskinstance.py:1357} INFO - Starting attempt 1 of 1
[2022-08-09 20:49:33,836] {taskinstance.py:1358} INFO - 
--------------------------------------------------------------------------------
[2022-08-09 20:49:33,845] {taskinstance.py:1377} INFO - Executing <Task(PythonOperator): processing_tasks.training_model_b> on 2022-08-08 00:00:00+00:00
[2022-08-09 20:49:33,849] {standard_task_runner.py:52} INFO - Started process 14361 to run task
[2022-08-09 20:49:33,854] {standard_task_runner.py:79} INFO - Running: ['***', 'tasks', 'run', 'xcom_dag', 'processing_tasks.training_model_b', 'scheduled__2022-08-08T00:00:00+00:00', '--job-id', '90', '--raw', '--subdir', 'DAGS_FOLDER/xcom_dag.py', '--cfg-path', '/tmp/tmp90mt7tln', '--error-file', '/tmp/tmpc37xy_zg']
[2022-08-09 20:49:33,855] {standard_task_runner.py:80} INFO - Job 90: Subtask processing_tasks.training_model_b
[2022-08-09 20:49:33,909] {task_command.py:369} INFO - Running <TaskInstance: xcom_dag.processing_tasks.training_model_b scheduled__2022-08-08T00:00:00+00:00 [running]> on host 40fffbcee5cb
[2022-08-09 20:49:33,958] {taskinstance.py:1571} INFO - Exporting the following env vars:
AIRFLOW_CTX_DAG_OWNER=***
AIRFLOW_CTX_DAG_ID=xcom_dag
AIRFLOW_CTX_TASK_ID=processing_tasks.training_model_b
AIRFLOW_CTX_EXECUTION_DATE=2022-08-08T00:00:00+00:00
AIRFLOW_CTX_TRY_NUMBER=1
AIRFLOW_CTX_DAG_RUN_ID=scheduled__2022-08-08T00:00:00+00:00
[2022-08-09 20:49:33,961] {logging_mixin.py:115} INFO - model's accuracy: 1.3396916099087446
[2022-08-09 20:49:33,962] {python.py:173} INFO - Done. Returned value was: 1.3396916099087446
[2022-08-09 20:49:33,978] {taskinstance.py:1400} INFO - Marking task as SUCCESS. dag_id=xcom_dag, task_id=processing_tasks.training_model_b, execution_date=20220808T000000, start_date=20220809T204933, end_date=20220809T204933
[2022-08-09 20:49:34,068] {local_task_job.py:156} INFO - Task exited with return code 0
[2022-08-09 20:49:34,098] {local_task_job.py:273} INFO - 1 downstream tasks scheduled from follow-on schedule check
