[2022-08-09 20:49:33,854] {taskinstance.py:1159} INFO - Dependencies all met for <TaskInstance: xcom_dag.processing_tasks.training_model_c scheduled__2022-08-08T00:00:00+00:00 [queued]>
[2022-08-09 20:49:33,862] {taskinstance.py:1159} INFO - Dependencies all met for <TaskInstance: xcom_dag.processing_tasks.training_model_c scheduled__2022-08-08T00:00:00+00:00 [queued]>
[2022-08-09 20:49:33,863] {taskinstance.py:1356} INFO - 
--------------------------------------------------------------------------------
[2022-08-09 20:49:33,864] {taskinstance.py:1357} INFO - Starting attempt 1 of 1
[2022-08-09 20:49:33,865] {taskinstance.py:1358} INFO - 
--------------------------------------------------------------------------------
[2022-08-09 20:49:33,883] {taskinstance.py:1377} INFO - Executing <Task(PythonOperator): processing_tasks.training_model_c> on 2022-08-08 00:00:00+00:00
[2022-08-09 20:49:33,889] {standard_task_runner.py:52} INFO - Started process 14362 to run task
[2022-08-09 20:49:33,892] {standard_task_runner.py:79} INFO - Running: ['***', 'tasks', 'run', 'xcom_dag', 'processing_tasks.training_model_c', 'scheduled__2022-08-08T00:00:00+00:00', '--job-id', '91', '--raw', '--subdir', 'DAGS_FOLDER/xcom_dag.py', '--cfg-path', '/tmp/tmpg24bisd4', '--error-file', '/tmp/tmptohl0d7t']
[2022-08-09 20:49:33,893] {standard_task_runner.py:80} INFO - Job 91: Subtask processing_tasks.training_model_c
[2022-08-09 20:49:33,933] {task_command.py:369} INFO - Running <TaskInstance: xcom_dag.processing_tasks.training_model_c scheduled__2022-08-08T00:00:00+00:00 [running]> on host 40fffbcee5cb
[2022-08-09 20:49:33,981] {taskinstance.py:1571} INFO - Exporting the following env vars:
AIRFLOW_CTX_DAG_OWNER=***
AIRFLOW_CTX_DAG_ID=xcom_dag
AIRFLOW_CTX_TASK_ID=processing_tasks.training_model_c
AIRFLOW_CTX_EXECUTION_DATE=2022-08-08T00:00:00+00:00
AIRFLOW_CTX_TRY_NUMBER=1
AIRFLOW_CTX_DAG_RUN_ID=scheduled__2022-08-08T00:00:00+00:00
[2022-08-09 20:49:34,027] {logging_mixin.py:115} INFO - model's accuracy: 2.078654636151171
[2022-08-09 20:49:34,028] {python.py:173} INFO - Done. Returned value was: 2.078654636151171
[2022-08-09 20:49:34,052] {taskinstance.py:1400} INFO - Marking task as SUCCESS. dag_id=xcom_dag, task_id=processing_tasks.training_model_c, execution_date=20220808T000000, start_date=20220809T204933, end_date=20220809T204934
[2022-08-09 20:49:34,109] {local_task_job.py:156} INFO - Task exited with return code 0
[2022-08-09 20:49:34,130] {local_task_job.py:273} INFO - 0 downstream tasks scheduled from follow-on schedule check
