[2022-08-09 12:43:46,615] {taskinstance.py:1159} INFO - Dependencies all met for <TaskInstance: parallel_dag.transform manual__2022-08-09T12:43:03+00:00 [queued]>
[2022-08-09 12:43:46,625] {taskinstance.py:1159} INFO - Dependencies all met for <TaskInstance: parallel_dag.transform manual__2022-08-09T12:43:03+00:00 [queued]>
[2022-08-09 12:43:46,627] {taskinstance.py:1356} INFO - 
--------------------------------------------------------------------------------
[2022-08-09 12:43:46,629] {taskinstance.py:1357} INFO - Starting attempt 1 of 1
[2022-08-09 12:43:46,630] {taskinstance.py:1358} INFO - 
--------------------------------------------------------------------------------
[2022-08-09 12:43:46,642] {taskinstance.py:1377} INFO - Executing <Task(BashOperator): transform> on 2022-08-09 12:43:03+00:00
[2022-08-09 12:43:46,646] {standard_task_runner.py:52} INFO - Started process 646 to run task
[2022-08-09 12:43:46,652] {standard_task_runner.py:79} INFO - Running: ['***', 'tasks', 'run', 'parallel_dag', 'transform', 'manual__2022-08-09T12:43:03+00:00', '--job-id', '43', '--raw', '--subdir', 'DAGS_FOLDER/parallel_dag.py', '--cfg-path', '/tmp/tmp0wg6i2fw', '--error-file', '/tmp/tmpjnpirq0v']
[2022-08-09 12:43:46,653] {standard_task_runner.py:80} INFO - Job 43: Subtask transform
[2022-08-09 12:43:46,701] {task_command.py:369} INFO - Running <TaskInstance: parallel_dag.transform manual__2022-08-09T12:43:03+00:00 [running]> on host 54b556b4c00a
[2022-08-09 12:43:46,750] {taskinstance.py:1571} INFO - Exporting the following env vars:
AIRFLOW_CTX_DAG_OWNER=***
AIRFLOW_CTX_DAG_ID=parallel_dag
AIRFLOW_CTX_TASK_ID=transform
AIRFLOW_CTX_EXECUTION_DATE=2022-08-09T12:43:03+00:00
AIRFLOW_CTX_TRY_NUMBER=1
AIRFLOW_CTX_DAG_RUN_ID=manual__2022-08-09T12:43:03+00:00
[2022-08-09 12:43:46,752] {subprocess.py:62} INFO - Tmp dir root location: 
 /tmp
[2022-08-09 12:43:46,753] {subprocess.py:74} INFO - Running command: ['bash', '-c', 'sleep 10']
[2022-08-09 12:43:46,761] {subprocess.py:85} INFO - Output:
[2022-08-09 12:43:56,764] {subprocess.py:96} INFO - Command exited with return code 0
[2022-08-09 12:43:56,784] {taskinstance.py:1400} INFO - Marking task as SUCCESS. dag_id=parallel_dag, task_id=transform, execution_date=20220809T124303, start_date=20220809T124346, end_date=20220809T124356
[2022-08-09 12:43:56,840] {local_task_job.py:156} INFO - Task exited with return code 0
[2022-08-09 12:43:56,855] {local_task_job.py:273} INFO - 0 downstream tasks scheduled from follow-on schedule check
