[2022-08-09 19:54:18,478] {taskinstance.py:1159} INFO - Dependencies all met for <TaskInstance: group_dag.downloads.download_a scheduled__2022-08-09T19:54:16.187881+00:00 [queued]>
[2022-08-09 19:54:18,488] {taskinstance.py:1159} INFO - Dependencies all met for <TaskInstance: group_dag.downloads.download_a scheduled__2022-08-09T19:54:16.187881+00:00 [queued]>
[2022-08-09 19:54:18,489] {taskinstance.py:1356} INFO - 
--------------------------------------------------------------------------------
[2022-08-09 19:54:18,490] {taskinstance.py:1357} INFO - Starting attempt 1 of 1
[2022-08-09 19:54:18,491] {taskinstance.py:1358} INFO - 
--------------------------------------------------------------------------------
[2022-08-09 19:54:18,508] {taskinstance.py:1377} INFO - Executing <Task(BashOperator): download_a> on 2022-08-09 19:54:16.187881+00:00
[2022-08-09 19:54:18,514] {standard_task_runner.py:52} INFO - Started process 11624 to run task
[2022-08-09 19:54:18,518] {standard_task_runner.py:79} INFO - Running: ['***', 'tasks', 'run', 'group_dag.downloads', 'download_a', 'scheduled__2022-08-09T19:54:16.187881+00:00', '--job-id', '85', '--raw', '--subdir', 'DAGS_FOLDER/group_dag.py', '--cfg-path', '/tmp/tmpxtxfv5hw', '--error-file', '/tmp/tmp83u_sxlp']
[2022-08-09 19:54:18,521] {standard_task_runner.py:80} INFO - Job 85: Subtask download_a
[2022-08-09 19:54:18,596] {task_command.py:369} INFO - Running <TaskInstance: group_dag.downloads.download_a scheduled__2022-08-09T19:54:16.187881+00:00 [running]> on host 40fffbcee5cb
[2022-08-09 19:54:18,650] {taskinstance.py:1571} INFO - Exporting the following env vars:
AIRFLOW_CTX_DAG_OWNER=***
AIRFLOW_CTX_DAG_ID=group_dag.downloads
AIRFLOW_CTX_TASK_ID=download_a
AIRFLOW_CTX_EXECUTION_DATE=2022-08-09T19:54:16.187881+00:00
AIRFLOW_CTX_TRY_NUMBER=1
AIRFLOW_CTX_DAG_RUN_ID=scheduled__2022-08-09T19:54:16.187881+00:00
[2022-08-09 19:54:18,651] {subprocess.py:62} INFO - Tmp dir root location: 
 /tmp
[2022-08-09 19:54:18,652] {subprocess.py:74} INFO - Running command: ['bash', '-c', 'sleep 10']
[2022-08-09 19:54:18,661] {subprocess.py:85} INFO - Output:
[2022-08-09 19:54:28,664] {subprocess.py:96} INFO - Command exited with return code 0
[2022-08-09 19:54:28,690] {taskinstance.py:1400} INFO - Marking task as SUCCESS. dag_id=group_dag.downloads, task_id=download_a, execution_date=20220809T195416, start_date=20220809T195418, end_date=20220809T195428
[2022-08-09 19:54:28,785] {local_task_job.py:156} INFO - Task exited with return code 0
[2022-08-09 19:54:28,801] {local_task_job.py:273} INFO - 0 downstream tasks scheduled from follow-on schedule check
