[2022-08-10 00:28:18,707] {taskinstance.py:1159} INFO - Dependencies all met for <TaskInstance: xcom_dag.choose_best_model scheduled__2022-08-09T00:00:00+00:00 [queued]>
[2022-08-10 00:28:18,713] {taskinstance.py:1159} INFO - Dependencies all met for <TaskInstance: xcom_dag.choose_best_model scheduled__2022-08-09T00:00:00+00:00 [queued]>
[2022-08-10 00:28:18,714] {taskinstance.py:1356} INFO - 
--------------------------------------------------------------------------------
[2022-08-10 00:28:18,715] {taskinstance.py:1357} INFO - Starting attempt 1 of 1
[2022-08-10 00:28:18,715] {taskinstance.py:1358} INFO - 
--------------------------------------------------------------------------------
[2022-08-10 00:28:18,725] {taskinstance.py:1377} INFO - Executing <Task(PythonOperator): choose_best_model> on 2022-08-09 00:00:00+00:00
[2022-08-10 00:28:18,729] {standard_task_runner.py:52} INFO - Started process 16867 to run task
[2022-08-10 00:28:18,732] {standard_task_runner.py:79} INFO - Running: ['***', 'tasks', 'run', 'xcom_dag', 'choose_best_model', 'scheduled__2022-08-09T00:00:00+00:00', '--job-id', '125', '--raw', '--subdir', 'DAGS_FOLDER/xcom_dag.py', '--cfg-path', '/tmp/tmppg2u6n4l', '--error-file', '/tmp/tmpq23xarl1']
[2022-08-10 00:28:18,733] {standard_task_runner.py:80} INFO - Job 125: Subtask choose_best_model
[2022-08-10 00:28:18,774] {task_command.py:369} INFO - Running <TaskInstance: xcom_dag.choose_best_model scheduled__2022-08-09T00:00:00+00:00 [running]> on host 40fffbcee5cb
[2022-08-10 00:28:18,815] {taskinstance.py:1571} INFO - Exporting the following env vars:
AIRFLOW_CTX_DAG_OWNER=***
AIRFLOW_CTX_DAG_ID=xcom_dag
AIRFLOW_CTX_TASK_ID=choose_best_model
AIRFLOW_CTX_EXECUTION_DATE=2022-08-09T00:00:00+00:00
AIRFLOW_CTX_TRY_NUMBER=1
AIRFLOW_CTX_DAG_RUN_ID=scheduled__2022-08-09T00:00:00+00:00
[2022-08-10 00:28:18,818] {logging_mixin.py:115} INFO - choose best model
[2022-08-10 00:28:18,825] {logging_mixin.py:115} INFO - [2.108776051913076, 6.732849078146405, 5.470370366277175]
[2022-08-10 00:28:18,826] {python.py:173} INFO - Done. Returned value was: None
[2022-08-10 00:28:18,836] {taskinstance.py:1400} INFO - Marking task as SUCCESS. dag_id=xcom_dag, task_id=choose_best_model, execution_date=20220809T000000, start_date=20220810T002818, end_date=20220810T002818
[2022-08-10 00:28:18,866] {local_task_job.py:156} INFO - Task exited with return code 0
[2022-08-10 00:28:18,886] {local_task_job.py:273} INFO - 0 downstream tasks scheduled from follow-on schedule check
