[2022-08-09 20:49:34,936] {taskinstance.py:1159} INFO - Dependencies all met for <TaskInstance: xcom_dag.choose_best_model scheduled__2022-08-08T00:00:00+00:00 [queued]>
[2022-08-09 20:49:34,942] {taskinstance.py:1159} INFO - Dependencies all met for <TaskInstance: xcom_dag.choose_best_model scheduled__2022-08-08T00:00:00+00:00 [queued]>
[2022-08-09 20:49:34,943] {taskinstance.py:1356} INFO - 
--------------------------------------------------------------------------------
[2022-08-09 20:49:34,944] {taskinstance.py:1357} INFO - Starting attempt 1 of 1
[2022-08-09 20:49:34,944] {taskinstance.py:1358} INFO - 
--------------------------------------------------------------------------------
[2022-08-09 20:49:34,954] {taskinstance.py:1377} INFO - Executing <Task(PythonOperator): choose_best_model> on 2022-08-08 00:00:00+00:00
[2022-08-09 20:49:34,957] {standard_task_runner.py:52} INFO - Started process 14364 to run task
[2022-08-09 20:49:34,960] {standard_task_runner.py:79} INFO - Running: ['***', 'tasks', 'run', 'xcom_dag', 'choose_best_model', 'scheduled__2022-08-08T00:00:00+00:00', '--job-id', '92', '--raw', '--subdir', 'DAGS_FOLDER/xcom_dag.py', '--cfg-path', '/tmp/tmp37z43p0h', '--error-file', '/tmp/tmpjtktvf2c']
[2022-08-09 20:49:34,961] {standard_task_runner.py:80} INFO - Job 92: Subtask choose_best_model
[2022-08-09 20:49:34,994] {task_command.py:369} INFO - Running <TaskInstance: xcom_dag.choose_best_model scheduled__2022-08-08T00:00:00+00:00 [running]> on host 40fffbcee5cb
[2022-08-09 20:49:35,031] {taskinstance.py:1571} INFO - Exporting the following env vars:
AIRFLOW_CTX_DAG_OWNER=***
AIRFLOW_CTX_DAG_ID=xcom_dag
AIRFLOW_CTX_TASK_ID=choose_best_model
AIRFLOW_CTX_EXECUTION_DATE=2022-08-08T00:00:00+00:00
AIRFLOW_CTX_TRY_NUMBER=1
AIRFLOW_CTX_DAG_RUN_ID=scheduled__2022-08-08T00:00:00+00:00
[2022-08-09 20:49:35,033] {logging_mixin.py:115} INFO - choose best model
[2022-08-09 20:49:35,033] {python.py:173} INFO - Done. Returned value was: None
[2022-08-09 20:49:35,043] {taskinstance.py:1400} INFO - Marking task as SUCCESS. dag_id=xcom_dag, task_id=choose_best_model, execution_date=20220808T000000, start_date=20220809T204934, end_date=20220809T204935
[2022-08-09 20:49:35,092] {local_task_job.py:156} INFO - Task exited with return code 0
[2022-08-09 20:49:35,111] {local_task_job.py:273} INFO - 0 downstream tasks scheduled from follow-on schedule check
