[2022-08-09 21:07:28,907] {taskinstance.py:1159} INFO - Dependencies all met for <TaskInstance: xcom_dag.processing_tasks.training_model_c manual__2022-08-09T21:07:24.741992+00:00 [queued]>
[2022-08-09 21:07:28,914] {taskinstance.py:1159} INFO - Dependencies all met for <TaskInstance: xcom_dag.processing_tasks.training_model_c manual__2022-08-09T21:07:24.741992+00:00 [queued]>
[2022-08-09 21:07:28,916] {taskinstance.py:1356} INFO - 
--------------------------------------------------------------------------------
[2022-08-09 21:07:28,917] {taskinstance.py:1357} INFO - Starting attempt 1 of 1
[2022-08-09 21:07:28,917] {taskinstance.py:1358} INFO - 
--------------------------------------------------------------------------------
[2022-08-09 21:07:28,926] {taskinstance.py:1377} INFO - Executing <Task(PythonOperator): processing_tasks.training_model_c> on 2022-08-09 21:07:24.741992+00:00
[2022-08-09 21:07:28,930] {standard_task_runner.py:52} INFO - Started process 15286 to run task
[2022-08-09 21:07:28,934] {standard_task_runner.py:79} INFO - Running: ['***', 'tasks', 'run', 'xcom_dag', 'processing_tasks.training_model_c', 'manual__2022-08-09T21:07:24.741992+00:00', '--job-id', '108', '--raw', '--subdir', 'DAGS_FOLDER/xcom_dag.py', '--cfg-path', '/tmp/tmp_4qsbv74', '--error-file', '/tmp/tmpksj818fk']
[2022-08-09 21:07:28,936] {standard_task_runner.py:80} INFO - Job 108: Subtask processing_tasks.training_model_c
[2022-08-09 21:07:28,988] {task_command.py:369} INFO - Running <TaskInstance: xcom_dag.processing_tasks.training_model_c manual__2022-08-09T21:07:24.741992+00:00 [running]> on host 40fffbcee5cb
[2022-08-09 21:07:29,041] {taskinstance.py:1571} INFO - Exporting the following env vars:
AIRFLOW_CTX_DAG_OWNER=***
AIRFLOW_CTX_DAG_ID=xcom_dag
AIRFLOW_CTX_TASK_ID=processing_tasks.training_model_c
AIRFLOW_CTX_EXECUTION_DATE=2022-08-09T21:07:24.741992+00:00
AIRFLOW_CTX_TRY_NUMBER=1
AIRFLOW_CTX_DAG_RUN_ID=manual__2022-08-09T21:07:24.741992+00:00
[2022-08-09 21:07:29,043] {logging_mixin.py:115} INFO - model's accuracy: 7.40892193970945
[2022-08-09 21:07:29,053] {python.py:173} INFO - Done. Returned value was: None
[2022-08-09 21:07:29,065] {taskinstance.py:1400} INFO - Marking task as SUCCESS. dag_id=xcom_dag, task_id=processing_tasks.training_model_c, execution_date=20220809T210724, start_date=20220809T210728, end_date=20220809T210729
[2022-08-09 21:07:29,106] {local_task_job.py:156} INFO - Task exited with return code 0
[2022-08-09 21:07:29,141] {local_task_job.py:273} INFO - 0 downstream tasks scheduled from follow-on schedule check
