[2022-08-10 14:04:47,636] {taskinstance.py:1159} INFO - Dependencies all met for <TaskInstance: xcom_dag.processing_tasks.training_model_a manual__2022-08-10T14:04:43.022138+00:00 [queued]>
[2022-08-10 14:04:47,646] {taskinstance.py:1159} INFO - Dependencies all met for <TaskInstance: xcom_dag.processing_tasks.training_model_a manual__2022-08-10T14:04:43.022138+00:00 [queued]>
[2022-08-10 14:04:47,647] {taskinstance.py:1356} INFO - 
--------------------------------------------------------------------------------
[2022-08-10 14:04:47,649] {taskinstance.py:1357} INFO - Starting attempt 1 of 1
[2022-08-10 14:04:47,650] {taskinstance.py:1358} INFO - 
--------------------------------------------------------------------------------
[2022-08-10 14:04:47,663] {taskinstance.py:1377} INFO - Executing <Task(PythonOperator): processing_tasks.training_model_a> on 2022-08-10 14:04:43.022138+00:00
[2022-08-10 14:04:47,668] {standard_task_runner.py:52} INFO - Started process 19500 to run task
[2022-08-10 14:04:47,671] {standard_task_runner.py:79} INFO - Running: ['***', 'tasks', 'run', 'xcom_dag', 'processing_tasks.training_model_a', 'manual__2022-08-10T14:04:43.022138+00:00', '--job-id', '128', '--raw', '--subdir', 'DAGS_FOLDER/xcom_dag.py', '--cfg-path', '/tmp/tmp1dx0npo0', '--error-file', '/tmp/tmpi0d4vq67']
[2022-08-10 14:04:47,672] {standard_task_runner.py:80} INFO - Job 128: Subtask processing_tasks.training_model_a
[2022-08-10 14:04:47,730] {task_command.py:369} INFO - Running <TaskInstance: xcom_dag.processing_tasks.training_model_a manual__2022-08-10T14:04:43.022138+00:00 [running]> on host 40fffbcee5cb
[2022-08-10 14:04:47,865] {taskinstance.py:1571} INFO - Exporting the following env vars:
AIRFLOW_CTX_DAG_OWNER=***
AIRFLOW_CTX_DAG_ID=xcom_dag
AIRFLOW_CTX_TASK_ID=processing_tasks.training_model_a
AIRFLOW_CTX_EXECUTION_DATE=2022-08-10T14:04:43.022138+00:00
AIRFLOW_CTX_TRY_NUMBER=1
AIRFLOW_CTX_DAG_RUN_ID=manual__2022-08-10T14:04:43.022138+00:00
[2022-08-10 14:04:47,869] {logging_mixin.py:115} INFO - model's accuracy: 4.84777587640035
[2022-08-10 14:04:47,896] {python.py:173} INFO - Done. Returned value was: None
[2022-08-10 14:04:47,913] {taskinstance.py:1400} INFO - Marking task as SUCCESS. dag_id=xcom_dag, task_id=processing_tasks.training_model_a, execution_date=20220810T140443, start_date=20220810T140447, end_date=20220810T140447
[2022-08-10 14:04:47,968] {local_task_job.py:156} INFO - Task exited with return code 0
[2022-08-10 14:04:48,024] {local_task_job.py:273} INFO - 0 downstream tasks scheduled from follow-on schedule check
