[2022-08-05 18:37:56,312] {processor.py:153} INFO - Started process (PID=32) to work on /opt/airflow/dags/user_processing.py
[2022-08-05 18:37:56,314] {processor.py:641} INFO - Processing file /opt/airflow/dags/user_processing.py for tasks to queue
[2022-08-05 18:37:56,315] {logging_mixin.py:115} INFO - [2022-08-05 18:37:56,315] {dagbag.py:507} INFO - Filling up the DagBag from /opt/airflow/dags/user_processing.py
[2022-08-05 18:37:56,347] {processor.py:651} INFO - DAG(s) dict_keys(['user_processing']) retrieved from /opt/airflow/dags/user_processing.py
[2022-08-05 18:37:56,414] {logging_mixin.py:115} INFO - [2022-08-05 18:37:56,414] {dag.py:2371} INFO - Sync 1 DAGs
[2022-08-05 18:37:56,442] {logging_mixin.py:115} INFO - [2022-08-05 18:37:56,442] {dag.py:2919} INFO - Setting next_dagrun for user_processing to 2022-08-04T00:00:00+00:00, run_after=2022-08-05T00:00:00+00:00
[2022-08-05 18:37:56,454] {processor.py:161} INFO - Processing /opt/airflow/dags/user_processing.py took 0.174 seconds
[2022-08-05 18:38:27,087] {processor.py:153} INFO - Started process (PID=95) to work on /opt/airflow/dags/user_processing.py
[2022-08-05 18:38:27,089] {processor.py:641} INFO - Processing file /opt/airflow/dags/user_processing.py for tasks to queue
[2022-08-05 18:38:27,090] {logging_mixin.py:115} INFO - [2022-08-05 18:38:27,090] {dagbag.py:507} INFO - Filling up the DagBag from /opt/airflow/dags/user_processing.py
[2022-08-05 18:38:27,103] {processor.py:651} INFO - DAG(s) dict_keys(['user_processing']) retrieved from /opt/airflow/dags/user_processing.py
[2022-08-05 18:38:27,123] {logging_mixin.py:115} INFO - [2022-08-05 18:38:27,123] {dag.py:2371} INFO - Sync 1 DAGs
[2022-08-05 18:38:27,139] {logging_mixin.py:115} INFO - [2022-08-05 18:38:27,139] {dag.py:2919} INFO - Setting next_dagrun for user_processing to 2022-08-04T00:00:00+00:00, run_after=2022-08-05T00:00:00+00:00
[2022-08-05 18:38:27,225] {processor.py:161} INFO - Processing /opt/airflow/dags/user_processing.py took 0.142 seconds
[2022-08-05 18:38:57,595] {processor.py:153} INFO - Started process (PID=158) to work on /opt/airflow/dags/user_processing.py
[2022-08-05 18:38:57,599] {processor.py:641} INFO - Processing file /opt/airflow/dags/user_processing.py for tasks to queue
[2022-08-05 18:38:57,602] {logging_mixin.py:115} INFO - [2022-08-05 18:38:57,602] {dagbag.py:507} INFO - Filling up the DagBag from /opt/airflow/dags/user_processing.py
[2022-08-05 18:38:57,617] {processor.py:651} INFO - DAG(s) dict_keys(['user_processing']) retrieved from /opt/airflow/dags/user_processing.py
[2022-08-05 18:38:57,637] {logging_mixin.py:115} INFO - [2022-08-05 18:38:57,637] {dag.py:2371} INFO - Sync 1 DAGs
[2022-08-05 18:38:57,652] {logging_mixin.py:115} INFO - [2022-08-05 18:38:57,652] {dag.py:2919} INFO - Setting next_dagrun for user_processing to 2022-08-04T00:00:00+00:00, run_after=2022-08-05T00:00:00+00:00
[2022-08-05 18:38:57,729] {processor.py:161} INFO - Processing /opt/airflow/dags/user_processing.py took 0.140 seconds
[2022-08-05 18:39:28,161] {processor.py:153} INFO - Started process (PID=220) to work on /opt/airflow/dags/user_processing.py
[2022-08-05 18:39:28,163] {processor.py:641} INFO - Processing file /opt/airflow/dags/user_processing.py for tasks to queue
[2022-08-05 18:39:28,164] {logging_mixin.py:115} INFO - [2022-08-05 18:39:28,164] {dagbag.py:507} INFO - Filling up the DagBag from /opt/airflow/dags/user_processing.py
[2022-08-05 18:39:28,175] {processor.py:651} INFO - DAG(s) dict_keys(['user_processing']) retrieved from /opt/airflow/dags/user_processing.py
[2022-08-05 18:39:28,193] {logging_mixin.py:115} INFO - [2022-08-05 18:39:28,193] {dag.py:2371} INFO - Sync 1 DAGs
[2022-08-05 18:39:28,212] {logging_mixin.py:115} INFO - [2022-08-05 18:39:28,212] {dag.py:2919} INFO - Setting next_dagrun for user_processing to 2022-08-04T00:00:00+00:00, run_after=2022-08-05T00:00:00+00:00
[2022-08-05 18:39:28,321] {processor.py:161} INFO - Processing /opt/airflow/dags/user_processing.py took 0.162 seconds
[2022-08-05 18:39:58,735] {processor.py:153} INFO - Started process (PID=282) to work on /opt/airflow/dags/user_processing.py
[2022-08-05 18:39:58,737] {processor.py:641} INFO - Processing file /opt/airflow/dags/user_processing.py for tasks to queue
[2022-08-05 18:39:58,739] {logging_mixin.py:115} INFO - [2022-08-05 18:39:58,739] {dagbag.py:507} INFO - Filling up the DagBag from /opt/airflow/dags/user_processing.py
[2022-08-05 18:39:58,747] {processor.py:651} INFO - DAG(s) dict_keys(['user_processing']) retrieved from /opt/airflow/dags/user_processing.py
[2022-08-05 18:39:58,763] {logging_mixin.py:115} INFO - [2022-08-05 18:39:58,763] {dag.py:2371} INFO - Sync 1 DAGs
[2022-08-05 18:39:58,778] {logging_mixin.py:115} INFO - [2022-08-05 18:39:58,778] {dag.py:2919} INFO - Setting next_dagrun for user_processing to 2022-08-04T00:00:00+00:00, run_after=2022-08-05T00:00:00+00:00
[2022-08-05 18:39:58,864] {processor.py:161} INFO - Processing /opt/airflow/dags/user_processing.py took 0.132 seconds
[2022-08-05 18:40:29,180] {processor.py:153} INFO - Started process (PID=335) to work on /opt/airflow/dags/user_processing.py
[2022-08-05 18:40:29,184] {processor.py:641} INFO - Processing file /opt/airflow/dags/user_processing.py for tasks to queue
[2022-08-05 18:40:29,186] {logging_mixin.py:115} INFO - [2022-08-05 18:40:29,185] {dagbag.py:507} INFO - Filling up the DagBag from /opt/airflow/dags/user_processing.py
[2022-08-05 18:40:29,203] {processor.py:651} INFO - DAG(s) dict_keys(['user_processing']) retrieved from /opt/airflow/dags/user_processing.py
[2022-08-05 18:40:29,226] {logging_mixin.py:115} INFO - [2022-08-05 18:40:29,226] {dag.py:2371} INFO - Sync 1 DAGs
[2022-08-05 18:40:29,245] {logging_mixin.py:115} INFO - [2022-08-05 18:40:29,245] {dag.py:2919} INFO - Setting next_dagrun for user_processing to 2022-08-04T00:00:00+00:00, run_after=2022-08-05T00:00:00+00:00
[2022-08-05 18:40:29,340] {processor.py:161} INFO - Processing /opt/airflow/dags/user_processing.py took 0.165 seconds
[2022-08-05 18:40:59,725] {processor.py:153} INFO - Started process (PID=397) to work on /opt/airflow/dags/user_processing.py
[2022-08-05 18:40:59,727] {processor.py:641} INFO - Processing file /opt/airflow/dags/user_processing.py for tasks to queue
[2022-08-05 18:40:59,729] {logging_mixin.py:115} INFO - [2022-08-05 18:40:59,729] {dagbag.py:507} INFO - Filling up the DagBag from /opt/airflow/dags/user_processing.py
[2022-08-05 18:40:59,743] {processor.py:651} INFO - DAG(s) dict_keys(['user_processing']) retrieved from /opt/airflow/dags/user_processing.py
[2022-08-05 18:40:59,788] {logging_mixin.py:115} INFO - [2022-08-05 18:40:59,788] {dag.py:2371} INFO - Sync 1 DAGs
[2022-08-05 18:40:59,809] {logging_mixin.py:115} INFO - [2022-08-05 18:40:59,809] {dag.py:2919} INFO - Setting next_dagrun for user_processing to 2022-08-04T00:00:00+00:00, run_after=2022-08-05T00:00:00+00:00
[2022-08-05 18:40:59,955] {processor.py:161} INFO - Processing /opt/airflow/dags/user_processing.py took 0.234 seconds
[2022-08-05 18:41:30,806] {processor.py:153} INFO - Started process (PID=459) to work on /opt/airflow/dags/user_processing.py
[2022-08-05 18:41:30,808] {processor.py:641} INFO - Processing file /opt/airflow/dags/user_processing.py for tasks to queue
[2022-08-05 18:41:30,808] {logging_mixin.py:115} INFO - [2022-08-05 18:41:30,808] {dagbag.py:507} INFO - Filling up the DagBag from /opt/airflow/dags/user_processing.py
[2022-08-05 18:41:30,817] {processor.py:651} INFO - DAG(s) dict_keys(['user_processing']) retrieved from /opt/airflow/dags/user_processing.py
[2022-08-05 18:41:30,834] {logging_mixin.py:115} INFO - [2022-08-05 18:41:30,833] {dag.py:2371} INFO - Sync 1 DAGs
[2022-08-05 18:41:30,848] {logging_mixin.py:115} INFO - [2022-08-05 18:41:30,848] {dag.py:2919} INFO - Setting next_dagrun for user_processing to 2022-08-04T00:00:00+00:00, run_after=2022-08-05T00:00:00+00:00
[2022-08-05 18:41:30,935] {processor.py:161} INFO - Processing /opt/airflow/dags/user_processing.py took 0.131 seconds
[2022-08-05 18:42:01,354] {processor.py:153} INFO - Started process (PID=521) to work on /opt/airflow/dags/user_processing.py
[2022-08-05 18:42:01,356] {processor.py:641} INFO - Processing file /opt/airflow/dags/user_processing.py for tasks to queue
[2022-08-05 18:42:01,358] {logging_mixin.py:115} INFO - [2022-08-05 18:42:01,358] {dagbag.py:507} INFO - Filling up the DagBag from /opt/airflow/dags/user_processing.py
[2022-08-05 18:42:01,372] {processor.py:651} INFO - DAG(s) dict_keys(['user_processing']) retrieved from /opt/airflow/dags/user_processing.py
[2022-08-05 18:42:01,387] {logging_mixin.py:115} INFO - [2022-08-05 18:42:01,387] {dag.py:2371} INFO - Sync 1 DAGs
[2022-08-05 18:42:01,401] {logging_mixin.py:115} INFO - [2022-08-05 18:42:01,401] {dag.py:2919} INFO - Setting next_dagrun for user_processing to 2022-08-04T00:00:00+00:00, run_after=2022-08-05T00:00:00+00:00
[2022-08-05 18:42:01,482] {processor.py:161} INFO - Processing /opt/airflow/dags/user_processing.py took 0.131 seconds
[2022-08-05 18:42:31,841] {processor.py:153} INFO - Started process (PID=583) to work on /opt/airflow/dags/user_processing.py
[2022-08-05 18:42:31,843] {processor.py:641} INFO - Processing file /opt/airflow/dags/user_processing.py for tasks to queue
[2022-08-05 18:42:31,844] {logging_mixin.py:115} INFO - [2022-08-05 18:42:31,844] {dagbag.py:507} INFO - Filling up the DagBag from /opt/airflow/dags/user_processing.py
[2022-08-05 18:42:31,852] {processor.py:651} INFO - DAG(s) dict_keys(['user_processing']) retrieved from /opt/airflow/dags/user_processing.py
[2022-08-05 18:42:31,869] {logging_mixin.py:115} INFO - [2022-08-05 18:42:31,868] {dag.py:2371} INFO - Sync 1 DAGs
[2022-08-05 18:42:31,889] {logging_mixin.py:115} INFO - [2022-08-05 18:42:31,889] {dag.py:2919} INFO - Setting next_dagrun for user_processing to 2022-08-04T00:00:00+00:00, run_after=2022-08-05T00:00:00+00:00
[2022-08-05 18:42:31,985] {processor.py:161} INFO - Processing /opt/airflow/dags/user_processing.py took 0.146 seconds
[2022-08-05 18:43:02,618] {processor.py:153} INFO - Started process (PID=645) to work on /opt/airflow/dags/user_processing.py
[2022-08-05 18:43:02,625] {processor.py:641} INFO - Processing file /opt/airflow/dags/user_processing.py for tasks to queue
[2022-08-05 18:43:02,628] {logging_mixin.py:115} INFO - [2022-08-05 18:43:02,628] {dagbag.py:507} INFO - Filling up the DagBag from /opt/airflow/dags/user_processing.py
[2022-08-05 18:43:02,646] {processor.py:651} INFO - DAG(s) dict_keys(['user_processing']) retrieved from /opt/airflow/dags/user_processing.py
[2022-08-05 18:43:02,667] {logging_mixin.py:115} INFO - [2022-08-05 18:43:02,667] {dag.py:2371} INFO - Sync 1 DAGs
[2022-08-05 18:43:02,787] {logging_mixin.py:115} INFO - [2022-08-05 18:43:02,786] {dag.py:2919} INFO - Setting next_dagrun for user_processing to 2022-08-04T00:00:00+00:00, run_after=2022-08-05T00:00:00+00:00
[2022-08-05 18:43:02,796] {processor.py:161} INFO - Processing /opt/airflow/dags/user_processing.py took 0.184 seconds
[2022-08-05 18:43:33,228] {processor.py:153} INFO - Started process (PID=705) to work on /opt/airflow/dags/user_processing.py
[2022-08-05 18:43:33,230] {processor.py:641} INFO - Processing file /opt/airflow/dags/user_processing.py for tasks to queue
[2022-08-05 18:43:33,232] {logging_mixin.py:115} INFO - [2022-08-05 18:43:33,231] {dagbag.py:507} INFO - Filling up the DagBag from /opt/airflow/dags/user_processing.py
[2022-08-05 18:43:33,241] {processor.py:651} INFO - DAG(s) dict_keys(['user_processing']) retrieved from /opt/airflow/dags/user_processing.py
[2022-08-05 18:43:33,256] {logging_mixin.py:115} INFO - [2022-08-05 18:43:33,256] {dag.py:2371} INFO - Sync 1 DAGs
[2022-08-05 18:43:33,370] {logging_mixin.py:115} INFO - [2022-08-05 18:43:33,370] {dag.py:2919} INFO - Setting next_dagrun for user_processing to 2022-08-04T00:00:00+00:00, run_after=2022-08-05T00:00:00+00:00
[2022-08-05 18:43:33,379] {processor.py:161} INFO - Processing /opt/airflow/dags/user_processing.py took 0.153 seconds
[2022-08-05 18:44:03,459] {processor.py:153} INFO - Started process (PID=760) to work on /opt/airflow/dags/user_processing.py
[2022-08-05 18:44:03,461] {processor.py:641} INFO - Processing file /opt/airflow/dags/user_processing.py for tasks to queue
[2022-08-05 18:44:03,464] {logging_mixin.py:115} INFO - [2022-08-05 18:44:03,463] {dagbag.py:507} INFO - Filling up the DagBag from /opt/airflow/dags/user_processing.py
[2022-08-05 18:44:03,475] {processor.py:651} INFO - DAG(s) dict_keys(['user_processing']) retrieved from /opt/airflow/dags/user_processing.py
[2022-08-05 18:44:03,492] {logging_mixin.py:115} INFO - [2022-08-05 18:44:03,492] {dag.py:2371} INFO - Sync 1 DAGs
[2022-08-05 18:44:03,577] {logging_mixin.py:115} INFO - [2022-08-05 18:44:03,577] {dag.py:2919} INFO - Setting next_dagrun for user_processing to 2022-08-04T00:00:00+00:00, run_after=2022-08-05T00:00:00+00:00
[2022-08-05 18:44:03,584] {processor.py:161} INFO - Processing /opt/airflow/dags/user_processing.py took 0.129 seconds
[2022-08-05 18:44:33,697] {processor.py:153} INFO - Started process (PID=823) to work on /opt/airflow/dags/user_processing.py
[2022-08-05 18:44:33,700] {processor.py:641} INFO - Processing file /opt/airflow/dags/user_processing.py for tasks to queue
[2022-08-05 18:44:33,701] {logging_mixin.py:115} INFO - [2022-08-05 18:44:33,701] {dagbag.py:507} INFO - Filling up the DagBag from /opt/airflow/dags/user_processing.py
[2022-08-05 18:44:33,714] {processor.py:651} INFO - DAG(s) dict_keys(['user_processing']) retrieved from /opt/airflow/dags/user_processing.py
[2022-08-05 18:44:33,735] {logging_mixin.py:115} INFO - [2022-08-05 18:44:33,735] {dag.py:2371} INFO - Sync 1 DAGs
[2022-08-05 18:44:33,823] {logging_mixin.py:115} INFO - [2022-08-05 18:44:33,823] {dag.py:2919} INFO - Setting next_dagrun for user_processing to 2022-08-04T00:00:00+00:00, run_after=2022-08-05T00:00:00+00:00
[2022-08-05 18:44:33,830] {processor.py:161} INFO - Processing /opt/airflow/dags/user_processing.py took 0.138 seconds
[2022-08-05 18:45:03,905] {processor.py:153} INFO - Started process (PID=886) to work on /opt/airflow/dags/user_processing.py
[2022-08-05 18:45:03,907] {processor.py:641} INFO - Processing file /opt/airflow/dags/user_processing.py for tasks to queue
[2022-08-05 18:45:03,908] {logging_mixin.py:115} INFO - [2022-08-05 18:45:03,908] {dagbag.py:507} INFO - Filling up the DagBag from /opt/airflow/dags/user_processing.py
[2022-08-05 18:45:03,919] {processor.py:651} INFO - DAG(s) dict_keys(['user_processing']) retrieved from /opt/airflow/dags/user_processing.py
[2022-08-05 18:45:03,940] {logging_mixin.py:115} INFO - [2022-08-05 18:45:03,939] {dag.py:2371} INFO - Sync 1 DAGs
[2022-08-05 18:45:04,045] {logging_mixin.py:115} INFO - [2022-08-05 18:45:04,045] {dag.py:2919} INFO - Setting next_dagrun for user_processing to 2022-08-04T00:00:00+00:00, run_after=2022-08-05T00:00:00+00:00
[2022-08-05 18:45:04,053] {processor.py:161} INFO - Processing /opt/airflow/dags/user_processing.py took 0.151 seconds
[2022-08-05 18:45:35,013] {processor.py:153} INFO - Started process (PID=947) to work on /opt/airflow/dags/user_processing.py
[2022-08-05 18:45:35,016] {processor.py:641} INFO - Processing file /opt/airflow/dags/user_processing.py for tasks to queue
[2022-08-05 18:45:35,018] {logging_mixin.py:115} INFO - [2022-08-05 18:45:35,018] {dagbag.py:507} INFO - Filling up the DagBag from /opt/airflow/dags/user_processing.py
[2022-08-05 18:45:35,035] {processor.py:651} INFO - DAG(s) dict_keys(['user_processing']) retrieved from /opt/airflow/dags/user_processing.py
[2022-08-05 18:45:35,057] {logging_mixin.py:115} INFO - [2022-08-05 18:45:35,057] {dag.py:2371} INFO - Sync 1 DAGs
[2022-08-05 18:45:35,154] {logging_mixin.py:115} INFO - [2022-08-05 18:45:35,154] {dag.py:2919} INFO - Setting next_dagrun for user_processing to 2022-08-04T00:00:00+00:00, run_after=2022-08-05T00:00:00+00:00
[2022-08-05 18:45:35,161] {processor.py:161} INFO - Processing /opt/airflow/dags/user_processing.py took 0.155 seconds
[2022-08-05 18:46:06,052] {processor.py:153} INFO - Started process (PID=1009) to work on /opt/airflow/dags/user_processing.py
[2022-08-05 18:46:06,056] {processor.py:641} INFO - Processing file /opt/airflow/dags/user_processing.py for tasks to queue
[2022-08-05 18:46:06,058] {logging_mixin.py:115} INFO - [2022-08-05 18:46:06,058] {dagbag.py:507} INFO - Filling up the DagBag from /opt/airflow/dags/user_processing.py
[2022-08-05 18:46:06,073] {processor.py:651} INFO - DAG(s) dict_keys(['user_processing']) retrieved from /opt/airflow/dags/user_processing.py
[2022-08-05 18:46:06,091] {logging_mixin.py:115} INFO - [2022-08-05 18:46:06,091] {dag.py:2371} INFO - Sync 1 DAGs
[2022-08-05 18:46:06,176] {logging_mixin.py:115} INFO - [2022-08-05 18:46:06,176] {dag.py:2919} INFO - Setting next_dagrun for user_processing to 2022-08-04T00:00:00+00:00, run_after=2022-08-05T00:00:00+00:00
[2022-08-05 18:46:06,183] {processor.py:161} INFO - Processing /opt/airflow/dags/user_processing.py took 0.140 seconds
[2022-08-05 18:46:36,840] {processor.py:153} INFO - Started process (PID=1072) to work on /opt/airflow/dags/user_processing.py
[2022-08-05 18:46:36,843] {processor.py:641} INFO - Processing file /opt/airflow/dags/user_processing.py for tasks to queue
[2022-08-05 18:46:36,848] {logging_mixin.py:115} INFO - [2022-08-05 18:46:36,848] {dagbag.py:507} INFO - Filling up the DagBag from /opt/airflow/dags/user_processing.py
[2022-08-05 18:46:36,864] {processor.py:651} INFO - DAG(s) dict_keys(['user_processing']) retrieved from /opt/airflow/dags/user_processing.py
[2022-08-05 18:46:36,883] {logging_mixin.py:115} INFO - [2022-08-05 18:46:36,882] {dag.py:2371} INFO - Sync 1 DAGs
[2022-08-05 18:46:36,968] {logging_mixin.py:115} INFO - [2022-08-05 18:46:36,968] {dag.py:2919} INFO - Setting next_dagrun for user_processing to 2022-08-04T00:00:00+00:00, run_after=2022-08-05T00:00:00+00:00
[2022-08-05 18:46:36,977] {processor.py:161} INFO - Processing /opt/airflow/dags/user_processing.py took 0.143 seconds
[2022-08-05 18:47:07,704] {processor.py:153} INFO - Started process (PID=1134) to work on /opt/airflow/dags/user_processing.py
[2022-08-05 18:47:07,706] {processor.py:641} INFO - Processing file /opt/airflow/dags/user_processing.py for tasks to queue
[2022-08-05 18:47:07,707] {logging_mixin.py:115} INFO - [2022-08-05 18:47:07,707] {dagbag.py:507} INFO - Filling up the DagBag from /opt/airflow/dags/user_processing.py
[2022-08-05 18:47:07,716] {processor.py:651} INFO - DAG(s) dict_keys(['user_processing']) retrieved from /opt/airflow/dags/user_processing.py
[2022-08-05 18:47:07,733] {logging_mixin.py:115} INFO - [2022-08-05 18:47:07,733] {dag.py:2371} INFO - Sync 1 DAGs
[2022-08-05 18:47:07,845] {logging_mixin.py:115} INFO - [2022-08-05 18:47:07,845] {dag.py:2919} INFO - Setting next_dagrun for user_processing to 2022-08-04T00:00:00+00:00, run_after=2022-08-05T00:00:00+00:00
[2022-08-05 18:47:07,853] {processor.py:161} INFO - Processing /opt/airflow/dags/user_processing.py took 0.151 seconds
[2022-08-05 18:47:38,541] {processor.py:153} INFO - Started process (PID=1188) to work on /opt/airflow/dags/user_processing.py
[2022-08-05 18:47:38,543] {processor.py:641} INFO - Processing file /opt/airflow/dags/user_processing.py for tasks to queue
[2022-08-05 18:47:38,544] {logging_mixin.py:115} INFO - [2022-08-05 18:47:38,544] {dagbag.py:507} INFO - Filling up the DagBag from /opt/airflow/dags/user_processing.py
[2022-08-05 18:47:38,554] {processor.py:651} INFO - DAG(s) dict_keys(['user_processing']) retrieved from /opt/airflow/dags/user_processing.py
[2022-08-05 18:47:38,571] {logging_mixin.py:115} INFO - [2022-08-05 18:47:38,571] {dag.py:2371} INFO - Sync 1 DAGs
[2022-08-05 18:47:38,667] {logging_mixin.py:115} INFO - [2022-08-05 18:47:38,667] {dag.py:2919} INFO - Setting next_dagrun for user_processing to 2022-08-04T00:00:00+00:00, run_after=2022-08-05T00:00:00+00:00
[2022-08-05 18:47:38,675] {processor.py:161} INFO - Processing /opt/airflow/dags/user_processing.py took 0.136 seconds
[2022-08-05 18:48:09,449] {processor.py:153} INFO - Started process (PID=1250) to work on /opt/airflow/dags/user_processing.py
[2022-08-05 18:48:09,451] {processor.py:641} INFO - Processing file /opt/airflow/dags/user_processing.py for tasks to queue
[2022-08-05 18:48:09,454] {logging_mixin.py:115} INFO - [2022-08-05 18:48:09,454] {dagbag.py:507} INFO - Filling up the DagBag from /opt/airflow/dags/user_processing.py
[2022-08-05 18:48:09,471] {processor.py:651} INFO - DAG(s) dict_keys(['user_processing']) retrieved from /opt/airflow/dags/user_processing.py
[2022-08-05 18:48:09,489] {logging_mixin.py:115} INFO - [2022-08-05 18:48:09,489] {dag.py:2371} INFO - Sync 1 DAGs
[2022-08-05 18:48:09,572] {logging_mixin.py:115} INFO - [2022-08-05 18:48:09,571] {dag.py:2919} INFO - Setting next_dagrun for user_processing to 2022-08-04T00:00:00+00:00, run_after=2022-08-05T00:00:00+00:00
[2022-08-05 18:48:09,578] {processor.py:161} INFO - Processing /opt/airflow/dags/user_processing.py took 0.138 seconds
[2022-08-05 18:48:40,275] {processor.py:153} INFO - Started process (PID=1312) to work on /opt/airflow/dags/user_processing.py
[2022-08-05 18:48:40,276] {processor.py:641} INFO - Processing file /opt/airflow/dags/user_processing.py for tasks to queue
[2022-08-05 18:48:40,277] {logging_mixin.py:115} INFO - [2022-08-05 18:48:40,277] {dagbag.py:507} INFO - Filling up the DagBag from /opt/airflow/dags/user_processing.py
[2022-08-05 18:48:40,287] {processor.py:651} INFO - DAG(s) dict_keys(['user_processing']) retrieved from /opt/airflow/dags/user_processing.py
[2022-08-05 18:48:40,301] {logging_mixin.py:115} INFO - [2022-08-05 18:48:40,301] {dag.py:2371} INFO - Sync 1 DAGs
[2022-08-05 18:48:40,406] {logging_mixin.py:115} INFO - [2022-08-05 18:48:40,406] {dag.py:2919} INFO - Setting next_dagrun for user_processing to 2022-08-04T00:00:00+00:00, run_after=2022-08-05T00:00:00+00:00
[2022-08-05 18:48:40,415] {processor.py:161} INFO - Processing /opt/airflow/dags/user_processing.py took 0.143 seconds
[2022-08-05 18:49:11,202] {processor.py:153} INFO - Started process (PID=1375) to work on /opt/airflow/dags/user_processing.py
[2022-08-05 18:49:11,204] {processor.py:641} INFO - Processing file /opt/airflow/dags/user_processing.py for tasks to queue
[2022-08-05 18:49:11,206] {logging_mixin.py:115} INFO - [2022-08-05 18:49:11,206] {dagbag.py:507} INFO - Filling up the DagBag from /opt/airflow/dags/user_processing.py
[2022-08-05 18:49:11,218] {processor.py:651} INFO - DAG(s) dict_keys(['user_processing']) retrieved from /opt/airflow/dags/user_processing.py
[2022-08-05 18:49:11,237] {logging_mixin.py:115} INFO - [2022-08-05 18:49:11,236] {dag.py:2371} INFO - Sync 1 DAGs
[2022-08-05 18:49:11,321] {logging_mixin.py:115} INFO - [2022-08-05 18:49:11,321] {dag.py:2919} INFO - Setting next_dagrun for user_processing to 2022-08-04T00:00:00+00:00, run_after=2022-08-05T00:00:00+00:00
[2022-08-05 18:49:11,328] {processor.py:161} INFO - Processing /opt/airflow/dags/user_processing.py took 0.129 seconds
[2022-08-05 18:49:42,134] {processor.py:153} INFO - Started process (PID=1437) to work on /opt/airflow/dags/user_processing.py
[2022-08-05 18:49:42,136] {processor.py:641} INFO - Processing file /opt/airflow/dags/user_processing.py for tasks to queue
[2022-08-05 18:49:42,139] {logging_mixin.py:115} INFO - [2022-08-05 18:49:42,139] {dagbag.py:507} INFO - Filling up the DagBag from /opt/airflow/dags/user_processing.py
[2022-08-05 18:49:42,156] {processor.py:651} INFO - DAG(s) dict_keys(['user_processing']) retrieved from /opt/airflow/dags/user_processing.py
[2022-08-05 18:49:42,174] {logging_mixin.py:115} INFO - [2022-08-05 18:49:42,174] {dag.py:2371} INFO - Sync 1 DAGs
[2022-08-05 18:49:42,258] {logging_mixin.py:115} INFO - [2022-08-05 18:49:42,258] {dag.py:2919} INFO - Setting next_dagrun for user_processing to 2022-08-04T00:00:00+00:00, run_after=2022-08-05T00:00:00+00:00
[2022-08-05 18:49:42,264] {processor.py:161} INFO - Processing /opt/airflow/dags/user_processing.py took 0.139 seconds
[2022-08-05 18:50:13,046] {processor.py:153} INFO - Started process (PID=1500) to work on /opt/airflow/dags/user_processing.py
[2022-08-05 18:50:13,048] {processor.py:641} INFO - Processing file /opt/airflow/dags/user_processing.py for tasks to queue
[2022-08-05 18:50:13,050] {logging_mixin.py:115} INFO - [2022-08-05 18:50:13,050] {dagbag.py:507} INFO - Filling up the DagBag from /opt/airflow/dags/user_processing.py
[2022-08-05 18:50:13,066] {processor.py:651} INFO - DAG(s) dict_keys(['user_processing']) retrieved from /opt/airflow/dags/user_processing.py
[2022-08-05 18:50:13,086] {logging_mixin.py:115} INFO - [2022-08-05 18:50:13,085] {dag.py:2371} INFO - Sync 1 DAGs
[2022-08-05 18:50:13,172] {logging_mixin.py:115} INFO - [2022-08-05 18:50:13,172] {dag.py:2919} INFO - Setting next_dagrun for user_processing to 2022-08-04T00:00:00+00:00, run_after=2022-08-05T00:00:00+00:00
[2022-08-05 18:50:13,178] {processor.py:161} INFO - Processing /opt/airflow/dags/user_processing.py took 0.137 seconds
[2022-08-05 18:50:43,604] {processor.py:153} INFO - Started process (PID=1563) to work on /opt/airflow/dags/user_processing.py
[2022-08-05 18:50:43,607] {processor.py:641} INFO - Processing file /opt/airflow/dags/user_processing.py for tasks to queue
[2022-08-05 18:50:43,610] {logging_mixin.py:115} INFO - [2022-08-05 18:50:43,610] {dagbag.py:507} INFO - Filling up the DagBag from /opt/airflow/dags/user_processing.py
[2022-08-05 18:50:43,624] {processor.py:651} INFO - DAG(s) dict_keys(['user_processing']) retrieved from /opt/airflow/dags/user_processing.py
[2022-08-05 18:50:43,644] {logging_mixin.py:115} INFO - [2022-08-05 18:50:43,644] {dag.py:2371} INFO - Sync 1 DAGs
[2022-08-05 18:50:43,735] {logging_mixin.py:115} INFO - [2022-08-05 18:50:43,735] {dag.py:2919} INFO - Setting next_dagrun for user_processing to 2022-08-04T00:00:00+00:00, run_after=2022-08-05T00:00:00+00:00
[2022-08-05 18:50:43,742] {processor.py:161} INFO - Processing /opt/airflow/dags/user_processing.py took 0.143 seconds
[2022-08-05 18:51:14,448] {processor.py:153} INFO - Started process (PID=1625) to work on /opt/airflow/dags/user_processing.py
[2022-08-05 18:51:14,450] {processor.py:641} INFO - Processing file /opt/airflow/dags/user_processing.py for tasks to queue
[2022-08-05 18:51:14,451] {logging_mixin.py:115} INFO - [2022-08-05 18:51:14,451] {dagbag.py:507} INFO - Filling up the DagBag from /opt/airflow/dags/user_processing.py
[2022-08-05 18:51:14,461] {processor.py:651} INFO - DAG(s) dict_keys(['user_processing']) retrieved from /opt/airflow/dags/user_processing.py
[2022-08-05 18:51:14,480] {logging_mixin.py:115} INFO - [2022-08-05 18:51:14,480] {dag.py:2371} INFO - Sync 1 DAGs
[2022-08-05 18:51:14,566] {logging_mixin.py:115} INFO - [2022-08-05 18:51:14,566] {dag.py:2919} INFO - Setting next_dagrun for user_processing to 2022-08-04T00:00:00+00:00, run_after=2022-08-05T00:00:00+00:00
[2022-08-05 18:51:14,572] {processor.py:161} INFO - Processing /opt/airflow/dags/user_processing.py took 0.127 seconds
[2022-08-05 18:51:45,272] {processor.py:153} INFO - Started process (PID=1678) to work on /opt/airflow/dags/user_processing.py
[2022-08-05 18:51:45,275] {processor.py:641} INFO - Processing file /opt/airflow/dags/user_processing.py for tasks to queue
[2022-08-05 18:51:45,276] {logging_mixin.py:115} INFO - [2022-08-05 18:51:45,276] {dagbag.py:507} INFO - Filling up the DagBag from /opt/airflow/dags/user_processing.py
[2022-08-05 18:51:45,286] {processor.py:651} INFO - DAG(s) dict_keys(['user_processing']) retrieved from /opt/airflow/dags/user_processing.py
[2022-08-05 18:51:45,301] {logging_mixin.py:115} INFO - [2022-08-05 18:51:45,301] {dag.py:2371} INFO - Sync 1 DAGs
[2022-08-05 18:51:45,408] {logging_mixin.py:115} INFO - [2022-08-05 18:51:45,408] {dag.py:2919} INFO - Setting next_dagrun for user_processing to 2022-08-04T00:00:00+00:00, run_after=2022-08-05T00:00:00+00:00
[2022-08-05 18:51:45,415] {processor.py:161} INFO - Processing /opt/airflow/dags/user_processing.py took 0.146 seconds
[2022-08-05 18:52:16,394] {processor.py:153} INFO - Started process (PID=1740) to work on /opt/airflow/dags/user_processing.py
[2022-08-05 18:52:16,396] {processor.py:641} INFO - Processing file /opt/airflow/dags/user_processing.py for tasks to queue
[2022-08-05 18:52:16,397] {logging_mixin.py:115} INFO - [2022-08-05 18:52:16,397] {dagbag.py:507} INFO - Filling up the DagBag from /opt/airflow/dags/user_processing.py
[2022-08-05 18:52:16,405] {processor.py:651} INFO - DAG(s) dict_keys(['user_processing']) retrieved from /opt/airflow/dags/user_processing.py
[2022-08-05 18:52:16,422] {logging_mixin.py:115} INFO - [2022-08-05 18:52:16,421] {dag.py:2371} INFO - Sync 1 DAGs
[2022-08-05 18:52:16,517] {logging_mixin.py:115} INFO - [2022-08-05 18:52:16,517] {dag.py:2919} INFO - Setting next_dagrun for user_processing to 2022-08-04T00:00:00+00:00, run_after=2022-08-05T00:00:00+00:00
[2022-08-05 18:52:16,526] {processor.py:161} INFO - Processing /opt/airflow/dags/user_processing.py took 0.134 seconds
[2022-08-05 18:52:47,156] {processor.py:153} INFO - Started process (PID=1802) to work on /opt/airflow/dags/user_processing.py
[2022-08-05 18:52:47,157] {processor.py:641} INFO - Processing file /opt/airflow/dags/user_processing.py for tasks to queue
[2022-08-05 18:52:47,158] {logging_mixin.py:115} INFO - [2022-08-05 18:52:47,158] {dagbag.py:507} INFO - Filling up the DagBag from /opt/airflow/dags/user_processing.py
[2022-08-05 18:52:47,167] {processor.py:651} INFO - DAG(s) dict_keys(['user_processing']) retrieved from /opt/airflow/dags/user_processing.py
[2022-08-05 18:52:47,182] {logging_mixin.py:115} INFO - [2022-08-05 18:52:47,182] {dag.py:2371} INFO - Sync 1 DAGs
[2022-08-05 18:52:47,267] {logging_mixin.py:115} INFO - [2022-08-05 18:52:47,266] {dag.py:2919} INFO - Setting next_dagrun for user_processing to 2022-08-04T00:00:00+00:00, run_after=2022-08-05T00:00:00+00:00
[2022-08-05 18:52:47,274] {processor.py:161} INFO - Processing /opt/airflow/dags/user_processing.py took 0.120 seconds
[2022-08-05 18:53:18,021] {processor.py:153} INFO - Started process (PID=1864) to work on /opt/airflow/dags/user_processing.py
[2022-08-05 18:53:18,025] {processor.py:641} INFO - Processing file /opt/airflow/dags/user_processing.py for tasks to queue
[2022-08-05 18:53:18,027] {logging_mixin.py:115} INFO - [2022-08-05 18:53:18,027] {dagbag.py:507} INFO - Filling up the DagBag from /opt/airflow/dags/user_processing.py
[2022-08-05 18:53:18,042] {processor.py:651} INFO - DAG(s) dict_keys(['user_processing']) retrieved from /opt/airflow/dags/user_processing.py
[2022-08-05 18:53:18,064] {logging_mixin.py:115} INFO - [2022-08-05 18:53:18,064] {dag.py:2371} INFO - Sync 1 DAGs
[2022-08-05 18:53:18,146] {logging_mixin.py:115} INFO - [2022-08-05 18:53:18,146] {dag.py:2919} INFO - Setting next_dagrun for user_processing to 2022-08-04T00:00:00+00:00, run_after=2022-08-05T00:00:00+00:00
[2022-08-05 18:53:18,153] {processor.py:161} INFO - Processing /opt/airflow/dags/user_processing.py took 0.136 seconds
[2022-08-05 18:53:48,867] {processor.py:153} INFO - Started process (PID=1926) to work on /opt/airflow/dags/user_processing.py
[2022-08-05 18:53:48,869] {processor.py:641} INFO - Processing file /opt/airflow/dags/user_processing.py for tasks to queue
[2022-08-05 18:53:48,870] {logging_mixin.py:115} INFO - [2022-08-05 18:53:48,870] {dagbag.py:507} INFO - Filling up the DagBag from /opt/airflow/dags/user_processing.py
[2022-08-05 18:53:48,881] {processor.py:651} INFO - DAG(s) dict_keys(['user_processing']) retrieved from /opt/airflow/dags/user_processing.py
[2022-08-05 18:53:48,896] {logging_mixin.py:115} INFO - [2022-08-05 18:53:48,896] {dag.py:2371} INFO - Sync 1 DAGs
[2022-08-05 18:53:48,978] {logging_mixin.py:115} INFO - [2022-08-05 18:53:48,978] {dag.py:2919} INFO - Setting next_dagrun for user_processing to 2022-08-04T00:00:00+00:00, run_after=2022-08-05T00:00:00+00:00
[2022-08-05 18:53:48,984] {processor.py:161} INFO - Processing /opt/airflow/dags/user_processing.py took 0.120 seconds
[2022-08-05 18:54:19,733] {processor.py:153} INFO - Started process (PID=1988) to work on /opt/airflow/dags/user_processing.py
[2022-08-05 18:54:19,737] {processor.py:641} INFO - Processing file /opt/airflow/dags/user_processing.py for tasks to queue
[2022-08-05 18:54:19,740] {logging_mixin.py:115} INFO - [2022-08-05 18:54:19,739] {dagbag.py:507} INFO - Filling up the DagBag from /opt/airflow/dags/user_processing.py
[2022-08-05 18:54:19,756] {processor.py:651} INFO - DAG(s) dict_keys(['user_processing']) retrieved from /opt/airflow/dags/user_processing.py
[2022-08-05 18:54:19,779] {logging_mixin.py:115} INFO - [2022-08-05 18:54:19,779] {dag.py:2371} INFO - Sync 1 DAGs
[2022-08-05 18:54:19,868] {logging_mixin.py:115} INFO - [2022-08-05 18:54:19,868] {dag.py:2919} INFO - Setting next_dagrun for user_processing to 2022-08-04T00:00:00+00:00, run_after=2022-08-05T00:00:00+00:00
[2022-08-05 18:54:19,876] {processor.py:161} INFO - Processing /opt/airflow/dags/user_processing.py took 0.149 seconds
[2022-08-05 18:54:50,537] {processor.py:153} INFO - Started process (PID=2050) to work on /opt/airflow/dags/user_processing.py
[2022-08-05 18:54:50,540] {processor.py:641} INFO - Processing file /opt/airflow/dags/user_processing.py for tasks to queue
[2022-08-05 18:54:50,542] {logging_mixin.py:115} INFO - [2022-08-05 18:54:50,542] {dagbag.py:507} INFO - Filling up the DagBag from /opt/airflow/dags/user_processing.py
[2022-08-05 18:54:50,557] {processor.py:651} INFO - DAG(s) dict_keys(['user_processing']) retrieved from /opt/airflow/dags/user_processing.py
[2022-08-05 18:54:50,578] {logging_mixin.py:115} INFO - [2022-08-05 18:54:50,578] {dag.py:2371} INFO - Sync 1 DAGs
[2022-08-05 18:54:50,663] {logging_mixin.py:115} INFO - [2022-08-05 18:54:50,663] {dag.py:2919} INFO - Setting next_dagrun for user_processing to 2022-08-04T00:00:00+00:00, run_after=2022-08-05T00:00:00+00:00
[2022-08-05 18:54:50,670] {processor.py:161} INFO - Processing /opt/airflow/dags/user_processing.py took 0.139 seconds
[2022-08-05 18:55:21,468] {processor.py:153} INFO - Started process (PID=2113) to work on /opt/airflow/dags/user_processing.py
[2022-08-05 18:55:21,472] {processor.py:641} INFO - Processing file /opt/airflow/dags/user_processing.py for tasks to queue
[2022-08-05 18:55:21,474] {logging_mixin.py:115} INFO - [2022-08-05 18:55:21,474] {dagbag.py:507} INFO - Filling up the DagBag from /opt/airflow/dags/user_processing.py
[2022-08-05 18:55:21,494] {processor.py:651} INFO - DAG(s) dict_keys(['user_processing']) retrieved from /opt/airflow/dags/user_processing.py
[2022-08-05 18:55:21,515] {logging_mixin.py:115} INFO - [2022-08-05 18:55:21,515] {dag.py:2371} INFO - Sync 1 DAGs
[2022-08-05 18:55:21,601] {logging_mixin.py:115} INFO - [2022-08-05 18:55:21,601] {dag.py:2919} INFO - Setting next_dagrun for user_processing to 2022-08-04T00:00:00+00:00, run_after=2022-08-05T00:00:00+00:00
[2022-08-05 18:55:21,608] {processor.py:161} INFO - Processing /opt/airflow/dags/user_processing.py took 0.147 seconds
[2022-08-05 18:55:52,288] {processor.py:153} INFO - Started process (PID=2175) to work on /opt/airflow/dags/user_processing.py
[2022-08-05 18:55:52,290] {processor.py:641} INFO - Processing file /opt/airflow/dags/user_processing.py for tasks to queue
[2022-08-05 18:55:52,292] {logging_mixin.py:115} INFO - [2022-08-05 18:55:52,292] {dagbag.py:507} INFO - Filling up the DagBag from /opt/airflow/dags/user_processing.py
[2022-08-05 18:55:52,302] {processor.py:651} INFO - DAG(s) dict_keys(['user_processing']) retrieved from /opt/airflow/dags/user_processing.py
[2022-08-05 18:55:52,321] {logging_mixin.py:115} INFO - [2022-08-05 18:55:52,321] {dag.py:2371} INFO - Sync 1 DAGs
[2022-08-05 18:55:52,437] {logging_mixin.py:115} INFO - [2022-08-05 18:55:52,436] {dag.py:2919} INFO - Setting next_dagrun for user_processing to 2022-08-04T00:00:00+00:00, run_after=2022-08-05T00:00:00+00:00
[2022-08-05 18:55:52,444] {processor.py:161} INFO - Processing /opt/airflow/dags/user_processing.py took 0.159 seconds
[2022-08-05 18:56:23,450] {processor.py:153} INFO - Started process (PID=2228) to work on /opt/airflow/dags/user_processing.py
[2022-08-05 18:56:23,452] {processor.py:641} INFO - Processing file /opt/airflow/dags/user_processing.py for tasks to queue
[2022-08-05 18:56:23,453] {logging_mixin.py:115} INFO - [2022-08-05 18:56:23,453] {dagbag.py:507} INFO - Filling up the DagBag from /opt/airflow/dags/user_processing.py
[2022-08-05 18:56:23,465] {processor.py:651} INFO - DAG(s) dict_keys(['user_processing']) retrieved from /opt/airflow/dags/user_processing.py
[2022-08-05 18:56:23,483] {logging_mixin.py:115} INFO - [2022-08-05 18:56:23,483] {dag.py:2371} INFO - Sync 1 DAGs
[2022-08-05 18:56:23,569] {logging_mixin.py:115} INFO - [2022-08-05 18:56:23,569] {dag.py:2919} INFO - Setting next_dagrun for user_processing to 2022-08-04T00:00:00+00:00, run_after=2022-08-05T00:00:00+00:00
[2022-08-05 18:56:23,576] {processor.py:161} INFO - Processing /opt/airflow/dags/user_processing.py took 0.129 seconds
[2022-08-05 18:56:54,419] {processor.py:153} INFO - Started process (PID=2290) to work on /opt/airflow/dags/user_processing.py
[2022-08-05 18:56:54,423] {processor.py:641} INFO - Processing file /opt/airflow/dags/user_processing.py for tasks to queue
[2022-08-05 18:56:54,425] {logging_mixin.py:115} INFO - [2022-08-05 18:56:54,425] {dagbag.py:507} INFO - Filling up the DagBag from /opt/airflow/dags/user_processing.py
[2022-08-05 18:56:54,443] {processor.py:651} INFO - DAG(s) dict_keys(['user_processing']) retrieved from /opt/airflow/dags/user_processing.py
[2022-08-05 18:56:54,466] {logging_mixin.py:115} INFO - [2022-08-05 18:56:54,466] {dag.py:2371} INFO - Sync 1 DAGs
[2022-08-05 18:56:54,562] {logging_mixin.py:115} INFO - [2022-08-05 18:56:54,562] {dag.py:2919} INFO - Setting next_dagrun for user_processing to 2022-08-04T00:00:00+00:00, run_after=2022-08-05T00:00:00+00:00
[2022-08-05 18:56:54,569] {processor.py:161} INFO - Processing /opt/airflow/dags/user_processing.py took 0.157 seconds
[2022-08-05 18:57:25,256] {processor.py:153} INFO - Started process (PID=2353) to work on /opt/airflow/dags/user_processing.py
[2022-08-05 18:57:25,259] {processor.py:641} INFO - Processing file /opt/airflow/dags/user_processing.py for tasks to queue
[2022-08-05 18:57:25,261] {logging_mixin.py:115} INFO - [2022-08-05 18:57:25,261] {dagbag.py:507} INFO - Filling up the DagBag from /opt/airflow/dags/user_processing.py
[2022-08-05 18:57:25,279] {processor.py:651} INFO - DAG(s) dict_keys(['user_processing']) retrieved from /opt/airflow/dags/user_processing.py
[2022-08-05 18:57:25,300] {logging_mixin.py:115} INFO - [2022-08-05 18:57:25,300] {dag.py:2371} INFO - Sync 1 DAGs
[2022-08-05 18:57:25,393] {logging_mixin.py:115} INFO - [2022-08-05 18:57:25,393] {dag.py:2919} INFO - Setting next_dagrun for user_processing to 2022-08-04T00:00:00+00:00, run_after=2022-08-05T00:00:00+00:00
[2022-08-05 18:57:25,400] {processor.py:161} INFO - Processing /opt/airflow/dags/user_processing.py took 0.150 seconds
[2022-08-05 18:57:56,072] {processor.py:153} INFO - Started process (PID=2416) to work on /opt/airflow/dags/user_processing.py
[2022-08-05 18:57:56,073] {processor.py:641} INFO - Processing file /opt/airflow/dags/user_processing.py for tasks to queue
[2022-08-05 18:57:56,075] {logging_mixin.py:115} INFO - [2022-08-05 18:57:56,074] {dagbag.py:507} INFO - Filling up the DagBag from /opt/airflow/dags/user_processing.py
[2022-08-05 18:57:56,092] {processor.py:651} INFO - DAG(s) dict_keys(['user_processing']) retrieved from /opt/airflow/dags/user_processing.py
[2022-08-05 18:57:56,114] {logging_mixin.py:115} INFO - [2022-08-05 18:57:56,114] {dag.py:2371} INFO - Sync 1 DAGs
[2022-08-05 18:57:56,203] {logging_mixin.py:115} INFO - [2022-08-05 18:57:56,203] {dag.py:2919} INFO - Setting next_dagrun for user_processing to 2022-08-04T00:00:00+00:00, run_after=2022-08-05T00:00:00+00:00
[2022-08-05 18:57:56,211] {processor.py:161} INFO - Processing /opt/airflow/dags/user_processing.py took 0.142 seconds
[2022-08-05 18:58:26,983] {processor.py:153} INFO - Started process (PID=2478) to work on /opt/airflow/dags/user_processing.py
[2022-08-05 18:58:26,986] {processor.py:641} INFO - Processing file /opt/airflow/dags/user_processing.py for tasks to queue
[2022-08-05 18:58:26,988] {logging_mixin.py:115} INFO - [2022-08-05 18:58:26,988] {dagbag.py:507} INFO - Filling up the DagBag from /opt/airflow/dags/user_processing.py
[2022-08-05 18:58:27,009] {processor.py:651} INFO - DAG(s) dict_keys(['user_processing']) retrieved from /opt/airflow/dags/user_processing.py
[2022-08-05 18:58:27,105] {logging_mixin.py:115} INFO - [2022-08-05 18:58:27,105] {dag.py:2371} INFO - Sync 1 DAGs
[2022-08-05 18:58:27,117] {logging_mixin.py:115} INFO - [2022-08-05 18:58:27,116] {dag.py:2919} INFO - Setting next_dagrun for user_processing to 2022-08-04T00:00:00+00:00, run_after=2022-08-05T00:00:00+00:00
[2022-08-05 18:58:27,123] {processor.py:161} INFO - Processing /opt/airflow/dags/user_processing.py took 0.148 seconds
[2022-08-05 18:58:57,859] {processor.py:153} INFO - Started process (PID=2540) to work on /opt/airflow/dags/user_processing.py
[2022-08-05 18:58:57,860] {processor.py:641} INFO - Processing file /opt/airflow/dags/user_processing.py for tasks to queue
[2022-08-05 18:58:57,861] {logging_mixin.py:115} INFO - [2022-08-05 18:58:57,861] {dagbag.py:507} INFO - Filling up the DagBag from /opt/airflow/dags/user_processing.py
[2022-08-05 18:58:57,871] {processor.py:651} INFO - DAG(s) dict_keys(['user_processing']) retrieved from /opt/airflow/dags/user_processing.py
[2022-08-05 18:58:57,956] {logging_mixin.py:115} INFO - [2022-08-05 18:58:57,955] {dag.py:2371} INFO - Sync 1 DAGs
[2022-08-05 18:58:57,966] {logging_mixin.py:115} INFO - [2022-08-05 18:58:57,966] {dag.py:2919} INFO - Setting next_dagrun for user_processing to 2022-08-04T00:00:00+00:00, run_after=2022-08-05T00:00:00+00:00
[2022-08-05 18:58:57,973] {processor.py:161} INFO - Processing /opt/airflow/dags/user_processing.py took 0.116 seconds
[2022-08-05 18:59:28,740] {processor.py:153} INFO - Started process (PID=2602) to work on /opt/airflow/dags/user_processing.py
[2022-08-05 18:59:28,743] {processor.py:641} INFO - Processing file /opt/airflow/dags/user_processing.py for tasks to queue
[2022-08-05 18:59:28,745] {logging_mixin.py:115} INFO - [2022-08-05 18:59:28,745] {dagbag.py:507} INFO - Filling up the DagBag from /opt/airflow/dags/user_processing.py
[2022-08-05 18:59:28,765] {processor.py:651} INFO - DAG(s) dict_keys(['user_processing']) retrieved from /opt/airflow/dags/user_processing.py
[2022-08-05 18:59:28,856] {logging_mixin.py:115} INFO - [2022-08-05 18:59:28,856] {dag.py:2371} INFO - Sync 1 DAGs
[2022-08-05 18:59:28,867] {logging_mixin.py:115} INFO - [2022-08-05 18:59:28,867] {dag.py:2919} INFO - Setting next_dagrun for user_processing to 2022-08-04T00:00:00+00:00, run_after=2022-08-05T00:00:00+00:00
[2022-08-05 18:59:28,873] {processor.py:161} INFO - Processing /opt/airflow/dags/user_processing.py took 0.142 seconds
[2022-08-05 18:59:59,756] {processor.py:153} INFO - Started process (PID=2665) to work on /opt/airflow/dags/user_processing.py
[2022-08-05 18:59:59,760] {processor.py:641} INFO - Processing file /opt/airflow/dags/user_processing.py for tasks to queue
[2022-08-05 18:59:59,761] {logging_mixin.py:115} INFO - [2022-08-05 18:59:59,761] {dagbag.py:507} INFO - Filling up the DagBag from /opt/airflow/dags/user_processing.py
[2022-08-05 18:59:59,777] {processor.py:651} INFO - DAG(s) dict_keys(['user_processing']) retrieved from /opt/airflow/dags/user_processing.py
[2022-08-05 18:59:59,869] {logging_mixin.py:115} INFO - [2022-08-05 18:59:59,869] {dag.py:2371} INFO - Sync 1 DAGs
[2022-08-05 18:59:59,880] {logging_mixin.py:115} INFO - [2022-08-05 18:59:59,880] {dag.py:2919} INFO - Setting next_dagrun for user_processing to 2022-08-04T00:00:00+00:00, run_after=2022-08-05T00:00:00+00:00
[2022-08-05 18:59:59,887] {processor.py:161} INFO - Processing /opt/airflow/dags/user_processing.py took 0.135 seconds
[2022-08-05 19:00:30,533] {processor.py:153} INFO - Started process (PID=2718) to work on /opt/airflow/dags/user_processing.py
[2022-08-05 19:00:30,537] {processor.py:641} INFO - Processing file /opt/airflow/dags/user_processing.py for tasks to queue
[2022-08-05 19:00:30,539] {logging_mixin.py:115} INFO - [2022-08-05 19:00:30,539] {dagbag.py:507} INFO - Filling up the DagBag from /opt/airflow/dags/user_processing.py
[2022-08-05 19:00:30,555] {processor.py:651} INFO - DAG(s) dict_keys(['user_processing']) retrieved from /opt/airflow/dags/user_processing.py
[2022-08-05 19:00:30,649] {logging_mixin.py:115} INFO - [2022-08-05 19:00:30,649] {dag.py:2371} INFO - Sync 1 DAGs
[2022-08-05 19:00:30,663] {logging_mixin.py:115} INFO - [2022-08-05 19:00:30,663] {dag.py:2919} INFO - Setting next_dagrun for user_processing to 2022-08-04T00:00:00+00:00, run_after=2022-08-05T00:00:00+00:00
[2022-08-05 19:00:30,671] {processor.py:161} INFO - Processing /opt/airflow/dags/user_processing.py took 0.142 seconds
[2022-08-05 19:01:00,824] {processor.py:153} INFO - Started process (PID=2779) to work on /opt/airflow/dags/user_processing.py
[2022-08-05 19:01:00,828] {processor.py:641} INFO - Processing file /opt/airflow/dags/user_processing.py for tasks to queue
[2022-08-05 19:01:00,829] {logging_mixin.py:115} INFO - [2022-08-05 19:01:00,829] {dagbag.py:507} INFO - Filling up the DagBag from /opt/airflow/dags/user_processing.py
[2022-08-05 19:01:00,845] {processor.py:651} INFO - DAG(s) dict_keys(['user_processing']) retrieved from /opt/airflow/dags/user_processing.py
[2022-08-05 19:01:00,938] {logging_mixin.py:115} INFO - [2022-08-05 19:01:00,938] {dag.py:2371} INFO - Sync 1 DAGs
[2022-08-05 19:01:00,950] {logging_mixin.py:115} INFO - [2022-08-05 19:01:00,950] {dag.py:2919} INFO - Setting next_dagrun for user_processing to 2022-08-04T00:00:00+00:00, run_after=2022-08-05T00:00:00+00:00
[2022-08-05 19:01:00,956] {processor.py:161} INFO - Processing /opt/airflow/dags/user_processing.py took 0.137 seconds
[2022-08-05 19:01:31,079] {processor.py:153} INFO - Started process (PID=2841) to work on /opt/airflow/dags/user_processing.py
[2022-08-05 19:01:31,082] {processor.py:641} INFO - Processing file /opt/airflow/dags/user_processing.py for tasks to queue
[2022-08-05 19:01:31,084] {logging_mixin.py:115} INFO - [2022-08-05 19:01:31,084] {dagbag.py:507} INFO - Filling up the DagBag from /opt/airflow/dags/user_processing.py
[2022-08-05 19:01:31,098] {processor.py:651} INFO - DAG(s) dict_keys(['user_processing']) retrieved from /opt/airflow/dags/user_processing.py
[2022-08-05 19:01:31,187] {logging_mixin.py:115} INFO - [2022-08-05 19:01:31,187] {dag.py:2371} INFO - Sync 1 DAGs
[2022-08-05 19:01:31,198] {logging_mixin.py:115} INFO - [2022-08-05 19:01:31,198] {dag.py:2919} INFO - Setting next_dagrun for user_processing to 2022-08-04T00:00:00+00:00, run_after=2022-08-05T00:00:00+00:00
[2022-08-05 19:01:31,205] {processor.py:161} INFO - Processing /opt/airflow/dags/user_processing.py took 0.130 seconds
[2022-08-05 19:02:02,043] {processor.py:153} INFO - Started process (PID=2904) to work on /opt/airflow/dags/user_processing.py
[2022-08-05 19:02:02,045] {processor.py:641} INFO - Processing file /opt/airflow/dags/user_processing.py for tasks to queue
[2022-08-05 19:02:02,047] {logging_mixin.py:115} INFO - [2022-08-05 19:02:02,047] {dagbag.py:507} INFO - Filling up the DagBag from /opt/airflow/dags/user_processing.py
[2022-08-05 19:02:02,058] {processor.py:651} INFO - DAG(s) dict_keys(['user_processing']) retrieved from /opt/airflow/dags/user_processing.py
[2022-08-05 19:02:02,157] {logging_mixin.py:115} INFO - [2022-08-05 19:02:02,157] {dag.py:2371} INFO - Sync 1 DAGs
[2022-08-05 19:02:02,169] {logging_mixin.py:115} INFO - [2022-08-05 19:02:02,168] {dag.py:2919} INFO - Setting next_dagrun for user_processing to 2022-08-04T00:00:00+00:00, run_after=2022-08-05T00:00:00+00:00
[2022-08-05 19:02:02,176] {processor.py:161} INFO - Processing /opt/airflow/dags/user_processing.py took 0.135 seconds
[2022-08-05 19:02:33,187] {processor.py:153} INFO - Started process (PID=2968) to work on /opt/airflow/dags/user_processing.py
[2022-08-05 19:02:33,190] {processor.py:641} INFO - Processing file /opt/airflow/dags/user_processing.py for tasks to queue
[2022-08-05 19:02:33,192] {logging_mixin.py:115} INFO - [2022-08-05 19:02:33,192] {dagbag.py:507} INFO - Filling up the DagBag from /opt/airflow/dags/user_processing.py
[2022-08-05 19:02:33,211] {processor.py:651} INFO - DAG(s) dict_keys(['user_processing']) retrieved from /opt/airflow/dags/user_processing.py
[2022-08-05 19:02:33,348] {logging_mixin.py:115} INFO - [2022-08-05 19:02:33,348] {dag.py:2371} INFO - Sync 1 DAGs
[2022-08-05 19:02:33,362] {logging_mixin.py:115} INFO - [2022-08-05 19:02:33,362] {dag.py:2919} INFO - Setting next_dagrun for user_processing to 2022-08-04T00:00:00+00:00, run_after=2022-08-05T00:00:00+00:00
[2022-08-05 19:02:33,369] {processor.py:161} INFO - Processing /opt/airflow/dags/user_processing.py took 0.189 seconds
[2022-08-05 19:03:03,471] {processor.py:153} INFO - Started process (PID=3029) to work on /opt/airflow/dags/user_processing.py
[2022-08-05 19:03:03,473] {processor.py:641} INFO - Processing file /opt/airflow/dags/user_processing.py for tasks to queue
[2022-08-05 19:03:03,474] {logging_mixin.py:115} INFO - [2022-08-05 19:03:03,474] {dagbag.py:507} INFO - Filling up the DagBag from /opt/airflow/dags/user_processing.py
[2022-08-05 19:03:03,583] {processor.py:651} INFO - DAG(s) dict_keys(['user_processing']) retrieved from /opt/airflow/dags/user_processing.py
[2022-08-05 19:03:03,596] {logging_mixin.py:115} INFO - [2022-08-05 19:03:03,596] {dag.py:2371} INFO - Sync 1 DAGs
[2022-08-05 19:03:03,608] {logging_mixin.py:115} INFO - [2022-08-05 19:03:03,608] {dag.py:2919} INFO - Setting next_dagrun for user_processing to 2022-08-04T00:00:00+00:00, run_after=2022-08-05T00:00:00+00:00
[2022-08-05 19:03:03,615] {processor.py:161} INFO - Processing /opt/airflow/dags/user_processing.py took 0.146 seconds
[2022-08-05 19:53:24,413] {processor.py:153} INFO - Started process (PID=3081) to work on /opt/airflow/dags/user_processing.py
[2022-08-05 19:53:24,417] {processor.py:641} INFO - Processing file /opt/airflow/dags/user_processing.py for tasks to queue
[2022-08-05 19:53:24,420] {logging_mixin.py:115} INFO - [2022-08-05 19:53:24,420] {dagbag.py:507} INFO - Filling up the DagBag from /opt/airflow/dags/user_processing.py
[2022-08-05 19:53:24,438] {processor.py:651} INFO - DAG(s) dict_keys(['user_processing']) retrieved from /opt/airflow/dags/user_processing.py
[2022-08-05 19:53:24,483] {logging_mixin.py:115} INFO - [2022-08-05 19:53:24,483] {dag.py:2371} INFO - Sync 1 DAGs
[2022-08-05 19:53:24,513] {logging_mixin.py:115} INFO - [2022-08-05 19:53:24,512] {dag.py:2919} INFO - Setting next_dagrun for user_processing to 2022-08-04T00:00:00+00:00, run_after=2022-08-05T00:00:00+00:00
[2022-08-05 19:53:24,527] {processor.py:161} INFO - Processing /opt/airflow/dags/user_processing.py took 0.117 seconds
[2022-08-05 20:42:18,328] {processor.py:153} INFO - Started process (PID=3132) to work on /opt/airflow/dags/user_processing.py
[2022-08-05 20:42:18,330] {processor.py:641} INFO - Processing file /opt/airflow/dags/user_processing.py for tasks to queue
[2022-08-05 20:42:18,332] {logging_mixin.py:115} INFO - [2022-08-05 20:42:18,332] {dagbag.py:507} INFO - Filling up the DagBag from /opt/airflow/dags/user_processing.py
[2022-08-05 20:42:18,340] {processor.py:651} INFO - DAG(s) dict_keys(['user_processing']) retrieved from /opt/airflow/dags/user_processing.py
[2022-08-05 20:42:18,356] {logging_mixin.py:115} INFO - [2022-08-05 20:42:18,356] {dag.py:2371} INFO - Sync 1 DAGs
[2022-08-05 20:42:18,373] {logging_mixin.py:115} INFO - [2022-08-05 20:42:18,373] {dag.py:2919} INFO - Setting next_dagrun for user_processing to 2022-08-04T00:00:00+00:00, run_after=2022-08-05T00:00:00+00:00
[2022-08-05 20:42:18,395] {processor.py:161} INFO - Processing /opt/airflow/dags/user_processing.py took 0.070 seconds
[2022-08-05 21:16:20,622] {processor.py:153} INFO - Started process (PID=3192) to work on /opt/airflow/dags/user_processing.py
[2022-08-05 21:16:20,624] {processor.py:641} INFO - Processing file /opt/airflow/dags/user_processing.py for tasks to queue
[2022-08-05 21:16:20,627] {logging_mixin.py:115} INFO - [2022-08-05 21:16:20,626] {dagbag.py:507} INFO - Filling up the DagBag from /opt/airflow/dags/user_processing.py
[2022-08-05 21:16:20,647] {processor.py:651} INFO - DAG(s) dict_keys(['user_processing']) retrieved from /opt/airflow/dags/user_processing.py
[2022-08-05 21:16:20,683] {logging_mixin.py:115} INFO - [2022-08-05 21:16:20,683] {dag.py:2371} INFO - Sync 1 DAGs
[2022-08-05 21:16:20,711] {logging_mixin.py:115} INFO - [2022-08-05 21:16:20,711] {dag.py:2919} INFO - Setting next_dagrun for user_processing to 2022-08-04T00:00:00+00:00, run_after=2022-08-05T00:00:00+00:00
[2022-08-05 21:16:20,723] {processor.py:161} INFO - Processing /opt/airflow/dags/user_processing.py took 0.106 seconds
[2022-08-05 22:06:29,361] {processor.py:153} INFO - Started process (PID=3253) to work on /opt/airflow/dags/user_processing.py
[2022-08-05 22:06:29,367] {processor.py:641} INFO - Processing file /opt/airflow/dags/user_processing.py for tasks to queue
[2022-08-05 22:06:29,369] {logging_mixin.py:115} INFO - [2022-08-05 22:06:29,369] {dagbag.py:507} INFO - Filling up the DagBag from /opt/airflow/dags/user_processing.py
[2022-08-05 22:06:29,399] {processor.py:651} INFO - DAG(s) dict_keys(['user_processing']) retrieved from /opt/airflow/dags/user_processing.py
[2022-08-05 22:06:29,446] {logging_mixin.py:115} INFO - [2022-08-05 22:06:29,446] {dag.py:2371} INFO - Sync 1 DAGs
[2022-08-05 22:06:29,473] {logging_mixin.py:115} INFO - [2022-08-05 22:06:29,473] {dag.py:2919} INFO - Setting next_dagrun for user_processing to 2022-08-04T00:00:00+00:00, run_after=2022-08-05T00:00:00+00:00
[2022-08-05 22:06:29,488] {processor.py:161} INFO - Processing /opt/airflow/dags/user_processing.py took 0.131 seconds
[2022-08-05 22:40:27,768] {processor.py:153} INFO - Started process (PID=3314) to work on /opt/airflow/dags/user_processing.py
[2022-08-05 22:40:27,770] {processor.py:641} INFO - Processing file /opt/airflow/dags/user_processing.py for tasks to queue
[2022-08-05 22:40:27,770] {logging_mixin.py:115} INFO - [2022-08-05 22:40:27,770] {dagbag.py:507} INFO - Filling up the DagBag from /opt/airflow/dags/user_processing.py
[2022-08-05 22:40:27,780] {processor.py:651} INFO - DAG(s) dict_keys(['user_processing']) retrieved from /opt/airflow/dags/user_processing.py
[2022-08-05 22:40:27,795] {logging_mixin.py:115} INFO - [2022-08-05 22:40:27,795] {dag.py:2371} INFO - Sync 1 DAGs
[2022-08-05 22:40:27,808] {logging_mixin.py:115} INFO - [2022-08-05 22:40:27,808] {dag.py:2919} INFO - Setting next_dagrun for user_processing to 2022-08-04T00:00:00+00:00, run_after=2022-08-05T00:00:00+00:00
[2022-08-05 22:40:27,815] {processor.py:161} INFO - Processing /opt/airflow/dags/user_processing.py took 0.050 seconds
[2022-08-05 23:30:03,658] {processor.py:153} INFO - Started process (PID=3376) to work on /opt/airflow/dags/user_processing.py
[2022-08-05 23:30:03,661] {processor.py:641} INFO - Processing file /opt/airflow/dags/user_processing.py for tasks to queue
[2022-08-05 23:30:03,662] {logging_mixin.py:115} INFO - [2022-08-05 23:30:03,662] {dagbag.py:507} INFO - Filling up the DagBag from /opt/airflow/dags/user_processing.py
[2022-08-05 23:30:03,676] {processor.py:651} INFO - DAG(s) dict_keys(['user_processing']) retrieved from /opt/airflow/dags/user_processing.py
[2022-08-05 23:30:03,720] {logging_mixin.py:115} INFO - [2022-08-05 23:30:03,720] {dag.py:2371} INFO - Sync 1 DAGs
[2022-08-05 23:30:03,784] {logging_mixin.py:115} INFO - [2022-08-05 23:30:03,783] {dag.py:2919} INFO - Setting next_dagrun for user_processing to 2022-08-04T00:00:00+00:00, run_after=2022-08-05T00:00:00+00:00
[2022-08-05 23:30:03,794] {processor.py:161} INFO - Processing /opt/airflow/dags/user_processing.py took 0.140 seconds
