[2022-08-09 19:17:43,297] {taskinstance.py:1159} INFO - Dependencies all met for <TaskInstance: group_dag.check_files manual__2022-08-09T19:16:41.480114+00:00 [queued]>
[2022-08-09 19:17:43,305] {taskinstance.py:1159} INFO - Dependencies all met for <TaskInstance: group_dag.check_files manual__2022-08-09T19:16:41.480114+00:00 [queued]>
[2022-08-09 19:17:43,306] {taskinstance.py:1356} INFO - 
--------------------------------------------------------------------------------
[2022-08-09 19:17:43,307] {taskinstance.py:1357} INFO - Starting attempt 1 of 1
[2022-08-09 19:17:43,308] {taskinstance.py:1358} INFO - 
--------------------------------------------------------------------------------
[2022-08-09 19:17:43,316] {taskinstance.py:1377} INFO - Executing <Task(BashOperator): check_files> on 2022-08-09 19:16:41.480114+00:00
[2022-08-09 19:17:43,320] {standard_task_runner.py:52} INFO - Started process 9809 to run task
[2022-08-09 19:17:43,323] {standard_task_runner.py:79} INFO - Running: ['***', 'tasks', 'run', 'group_dag', 'check_files', 'manual__2022-08-09T19:16:41.480114+00:00', '--job-id', '78', '--raw', '--subdir', 'DAGS_FOLDER/group_dag.py', '--cfg-path', '/tmp/tmps2951dq_', '--error-file', '/tmp/tmpu1dqiu33']
[2022-08-09 19:17:43,323] {standard_task_runner.py:80} INFO - Job 78: Subtask check_files
[2022-08-09 19:17:43,359] {task_command.py:369} INFO - Running <TaskInstance: group_dag.check_files manual__2022-08-09T19:16:41.480114+00:00 [running]> on host 40fffbcee5cb
[2022-08-09 19:17:43,398] {taskinstance.py:1571} INFO - Exporting the following env vars:
AIRFLOW_CTX_DAG_OWNER=***
AIRFLOW_CTX_DAG_ID=group_dag
AIRFLOW_CTX_TASK_ID=check_files
AIRFLOW_CTX_EXECUTION_DATE=2022-08-09T19:16:41.480114+00:00
AIRFLOW_CTX_TRY_NUMBER=1
AIRFLOW_CTX_DAG_RUN_ID=manual__2022-08-09T19:16:41.480114+00:00
[2022-08-09 19:17:43,400] {subprocess.py:62} INFO - Tmp dir root location: 
 /tmp
[2022-08-09 19:17:43,401] {subprocess.py:74} INFO - Running command: ['bash', '-c', 'sleep 10']
[2022-08-09 19:17:43,409] {subprocess.py:85} INFO - Output:
[2022-08-09 19:17:53,412] {subprocess.py:96} INFO - Command exited with return code 0
[2022-08-09 19:17:53,445] {taskinstance.py:1400} INFO - Marking task as SUCCESS. dag_id=group_dag, task_id=check_files, execution_date=20220809T191641, start_date=20220809T191743, end_date=20220809T191753
[2022-08-09 19:17:53,482] {local_task_job.py:156} INFO - Task exited with return code 0
[2022-08-09 19:17:53,503] {local_task_job.py:273} INFO - 3 downstream tasks scheduled from follow-on schedule check
