[2022-08-09 21:07:28,875] {taskinstance.py:1159} INFO - Dependencies all met for <TaskInstance: xcom_dag.processing_tasks.training_model_b manual__2022-08-09T21:07:24.741992+00:00 [queued]>
[2022-08-09 21:07:28,883] {taskinstance.py:1159} INFO - Dependencies all met for <TaskInstance: xcom_dag.processing_tasks.training_model_b manual__2022-08-09T21:07:24.741992+00:00 [queued]>
[2022-08-09 21:07:28,884] {taskinstance.py:1356} INFO - 
--------------------------------------------------------------------------------
[2022-08-09 21:07:28,885] {taskinstance.py:1357} INFO - Starting attempt 1 of 1
[2022-08-09 21:07:28,886] {taskinstance.py:1358} INFO - 
--------------------------------------------------------------------------------
[2022-08-09 21:07:28,898] {taskinstance.py:1377} INFO - Executing <Task(PythonOperator): processing_tasks.training_model_b> on 2022-08-09 21:07:24.741992+00:00
[2022-08-09 21:07:28,903] {standard_task_runner.py:52} INFO - Started process 15285 to run task
[2022-08-09 21:07:28,905] {standard_task_runner.py:79} INFO - Running: ['***', 'tasks', 'run', 'xcom_dag', 'processing_tasks.training_model_b', 'manual__2022-08-09T21:07:24.741992+00:00', '--job-id', '107', '--raw', '--subdir', 'DAGS_FOLDER/xcom_dag.py', '--cfg-path', '/tmp/tmp6ljng7be', '--error-file', '/tmp/tmpct7ux477']
[2022-08-09 21:07:28,906] {standard_task_runner.py:80} INFO - Job 107: Subtask processing_tasks.training_model_b
[2022-08-09 21:07:28,951] {task_command.py:369} INFO - Running <TaskInstance: xcom_dag.processing_tasks.training_model_b manual__2022-08-09T21:07:24.741992+00:00 [running]> on host 40fffbcee5cb
[2022-08-09 21:07:29,009] {taskinstance.py:1571} INFO - Exporting the following env vars:
AIRFLOW_CTX_DAG_OWNER=***
AIRFLOW_CTX_DAG_ID=xcom_dag
AIRFLOW_CTX_TASK_ID=processing_tasks.training_model_b
AIRFLOW_CTX_EXECUTION_DATE=2022-08-09T21:07:24.741992+00:00
AIRFLOW_CTX_TRY_NUMBER=1
AIRFLOW_CTX_DAG_RUN_ID=manual__2022-08-09T21:07:24.741992+00:00
[2022-08-09 21:07:29,011] {logging_mixin.py:115} INFO - model's accuracy: 6.4248063933838715
[2022-08-09 21:07:29,023] {python.py:173} INFO - Done. Returned value was: None
[2022-08-09 21:07:29,034] {taskinstance.py:1400} INFO - Marking task as SUCCESS. dag_id=xcom_dag, task_id=processing_tasks.training_model_b, execution_date=20220809T210724, start_date=20220809T210728, end_date=20220809T210729
[2022-08-09 21:07:29,078] {local_task_job.py:156} INFO - Task exited with return code 0
[2022-08-09 21:07:29,103] {local_task_job.py:273} INFO - 1 downstream tasks scheduled from follow-on schedule check
