[2022-08-10 14:12:05,594] {taskinstance.py:1159} INFO - Dependencies all met for <TaskInstance: xcom_dag.processing_tasks.training_model_a manual__2022-08-10T14:12:00.520146+00:00 [queued]>
[2022-08-10 14:12:05,606] {taskinstance.py:1159} INFO - Dependencies all met for <TaskInstance: xcom_dag.processing_tasks.training_model_a manual__2022-08-10T14:12:00.520146+00:00 [queued]>
[2022-08-10 14:12:05,607] {taskinstance.py:1356} INFO - 
--------------------------------------------------------------------------------
[2022-08-10 14:12:05,608] {taskinstance.py:1357} INFO - Starting attempt 1 of 1
[2022-08-10 14:12:05,608] {taskinstance.py:1358} INFO - 
--------------------------------------------------------------------------------
[2022-08-10 14:12:05,618] {taskinstance.py:1377} INFO - Executing <Task(PythonOperator): processing_tasks.training_model_a> on 2022-08-10 14:12:00.520146+00:00
[2022-08-10 14:12:05,622] {standard_task_runner.py:52} INFO - Started process 19870 to run task
[2022-08-10 14:12:05,625] {standard_task_runner.py:79} INFO - Running: ['***', 'tasks', 'run', 'xcom_dag', 'processing_tasks.training_model_a', 'manual__2022-08-10T14:12:00.520146+00:00', '--job-id', '134', '--raw', '--subdir', 'DAGS_FOLDER/xcom_dag.py', '--cfg-path', '/tmp/tmpfyvjgxdv', '--error-file', '/tmp/tmpc9op6fhx']
[2022-08-10 14:12:05,626] {standard_task_runner.py:80} INFO - Job 134: Subtask processing_tasks.training_model_a
[2022-08-10 14:12:05,670] {task_command.py:369} INFO - Running <TaskInstance: xcom_dag.processing_tasks.training_model_a manual__2022-08-10T14:12:00.520146+00:00 [running]> on host 40fffbcee5cb
[2022-08-10 14:12:05,723] {taskinstance.py:1571} INFO - Exporting the following env vars:
AIRFLOW_CTX_DAG_OWNER=***
AIRFLOW_CTX_DAG_ID=xcom_dag
AIRFLOW_CTX_TASK_ID=processing_tasks.training_model_a
AIRFLOW_CTX_EXECUTION_DATE=2022-08-10T14:12:00.520146+00:00
AIRFLOW_CTX_TRY_NUMBER=1
AIRFLOW_CTX_DAG_RUN_ID=manual__2022-08-10T14:12:00.520146+00:00
[2022-08-10 14:12:05,725] {logging_mixin.py:115} INFO - model's accuracy: 5.38446562174808
[2022-08-10 14:12:05,736] {python.py:173} INFO - Done. Returned value was: None
[2022-08-10 14:12:05,745] {taskinstance.py:1400} INFO - Marking task as SUCCESS. dag_id=xcom_dag, task_id=processing_tasks.training_model_a, execution_date=20220810T141200, start_date=20220810T141205, end_date=20220810T141205
[2022-08-10 14:12:05,758] {local_task_job.py:156} INFO - Task exited with return code 0
[2022-08-10 14:12:05,784] {local_task_job.py:273} INFO - 0 downstream tasks scheduled from follow-on schedule check
