[2022-08-09 19:17:54,547] {taskinstance.py:1159} INFO - Dependencies all met for <TaskInstance: group_dag.transform_a manual__2022-08-09T19:16:41.480114+00:00 [queued]>
[2022-08-09 19:17:54,553] {taskinstance.py:1159} INFO - Dependencies all met for <TaskInstance: group_dag.transform_a manual__2022-08-09T19:16:41.480114+00:00 [queued]>
[2022-08-09 19:17:54,554] {taskinstance.py:1356} INFO - 
--------------------------------------------------------------------------------
[2022-08-09 19:17:54,554] {taskinstance.py:1357} INFO - Starting attempt 1 of 1
[2022-08-09 19:17:54,555] {taskinstance.py:1358} INFO - 
--------------------------------------------------------------------------------
[2022-08-09 19:17:54,567] {taskinstance.py:1377} INFO - Executing <Task(BashOperator): transform_a> on 2022-08-09 19:16:41.480114+00:00
[2022-08-09 19:17:54,571] {standard_task_runner.py:52} INFO - Started process 9823 to run task
[2022-08-09 19:17:54,574] {standard_task_runner.py:79} INFO - Running: ['***', 'tasks', 'run', 'group_dag', 'transform_a', 'manual__2022-08-09T19:16:41.480114+00:00', '--job-id', '79', '--raw', '--subdir', 'DAGS_FOLDER/group_dag.py', '--cfg-path', '/tmp/tmpaasufyj1', '--error-file', '/tmp/tmp39mnsdmm']
[2022-08-09 19:17:54,575] {standard_task_runner.py:80} INFO - Job 79: Subtask transform_a
[2022-08-09 19:17:54,621] {task_command.py:369} INFO - Running <TaskInstance: group_dag.transform_a manual__2022-08-09T19:16:41.480114+00:00 [running]> on host 40fffbcee5cb
[2022-08-09 19:17:54,677] {taskinstance.py:1571} INFO - Exporting the following env vars:
AIRFLOW_CTX_DAG_OWNER=***
AIRFLOW_CTX_DAG_ID=group_dag
AIRFLOW_CTX_TASK_ID=transform_a
AIRFLOW_CTX_EXECUTION_DATE=2022-08-09T19:16:41.480114+00:00
AIRFLOW_CTX_TRY_NUMBER=1
AIRFLOW_CTX_DAG_RUN_ID=manual__2022-08-09T19:16:41.480114+00:00
[2022-08-09 19:17:54,679] {subprocess.py:62} INFO - Tmp dir root location: 
 /tmp
[2022-08-09 19:17:54,681] {subprocess.py:74} INFO - Running command: ['bash', '-c', 'sleep 10']
[2022-08-09 19:17:54,693] {subprocess.py:85} INFO - Output:
[2022-08-09 19:18:04,700] {subprocess.py:96} INFO - Command exited with return code 0
[2022-08-09 19:18:04,735] {taskinstance.py:1400} INFO - Marking task as SUCCESS. dag_id=group_dag, task_id=transform_a, execution_date=20220809T191641, start_date=20220809T191754, end_date=20220809T191804
[2022-08-09 19:18:04,785] {local_task_job.py:156} INFO - Task exited with return code 0
[2022-08-09 19:18:04,814] {local_task_job.py:273} INFO - 0 downstream tasks scheduled from follow-on schedule check
