[2022-08-09 12:43:46,579] {taskinstance.py:1159} INFO - Dependencies all met for <TaskInstance: parallel_dag.transform scheduled__2022-08-08T00:00:00+00:00 [queued]>
[2022-08-09 12:43:46,594] {taskinstance.py:1159} INFO - Dependencies all met for <TaskInstance: parallel_dag.transform scheduled__2022-08-08T00:00:00+00:00 [queued]>
[2022-08-09 12:43:46,596] {taskinstance.py:1356} INFO - 
--------------------------------------------------------------------------------
[2022-08-09 12:43:46,597] {taskinstance.py:1357} INFO - Starting attempt 1 of 1
[2022-08-09 12:43:46,598] {taskinstance.py:1358} INFO - 
--------------------------------------------------------------------------------
[2022-08-09 12:43:46,609] {taskinstance.py:1377} INFO - Executing <Task(BashOperator): transform> on 2022-08-08 00:00:00+00:00
[2022-08-09 12:43:46,614] {standard_task_runner.py:52} INFO - Started process 645 to run task
[2022-08-09 12:43:46,616] {standard_task_runner.py:79} INFO - Running: ['***', 'tasks', 'run', 'parallel_dag', 'transform', 'scheduled__2022-08-08T00:00:00+00:00', '--job-id', '42', '--raw', '--subdir', 'DAGS_FOLDER/parallel_dag.py', '--cfg-path', '/tmp/tmpj8jjf19r', '--error-file', '/tmp/tmpbvrwc_aw']
[2022-08-09 12:43:46,618] {standard_task_runner.py:80} INFO - Job 42: Subtask transform
[2022-08-09 12:43:46,666] {task_command.py:369} INFO - Running <TaskInstance: parallel_dag.transform scheduled__2022-08-08T00:00:00+00:00 [running]> on host 54b556b4c00a
[2022-08-09 12:43:46,723] {taskinstance.py:1571} INFO - Exporting the following env vars:
AIRFLOW_CTX_DAG_OWNER=***
AIRFLOW_CTX_DAG_ID=parallel_dag
AIRFLOW_CTX_TASK_ID=transform
AIRFLOW_CTX_EXECUTION_DATE=2022-08-08T00:00:00+00:00
AIRFLOW_CTX_TRY_NUMBER=1
AIRFLOW_CTX_DAG_RUN_ID=scheduled__2022-08-08T00:00:00+00:00
[2022-08-09 12:43:46,725] {subprocess.py:62} INFO - Tmp dir root location: 
 /tmp
[2022-08-09 12:43:46,727] {subprocess.py:74} INFO - Running command: ['bash', '-c', 'sleep 10']
[2022-08-09 12:43:46,736] {subprocess.py:85} INFO - Output:
[2022-08-09 12:43:56,740] {subprocess.py:96} INFO - Command exited with return code 0
[2022-08-09 12:43:56,759] {taskinstance.py:1400} INFO - Marking task as SUCCESS. dag_id=parallel_dag, task_id=transform, execution_date=20220808T000000, start_date=20220809T124346, end_date=20220809T124356
[2022-08-09 12:43:56,773] {local_task_job.py:156} INFO - Task exited with return code 0
[2022-08-09 12:43:56,788] {local_task_job.py:273} INFO - 0 downstream tasks scheduled from follow-on schedule check
