[2022-08-09 21:11:12,737] {taskinstance.py:1159} INFO - Dependencies all met for <TaskInstance: xcom_dag.downloading_data manual__2022-08-09T21:11:12.187128+00:00 [queued]>
[2022-08-09 21:11:12,743] {taskinstance.py:1159} INFO - Dependencies all met for <TaskInstance: xcom_dag.downloading_data manual__2022-08-09T21:11:12.187128+00:00 [queued]>
[2022-08-09 21:11:12,744] {taskinstance.py:1356} INFO - 
--------------------------------------------------------------------------------
[2022-08-09 21:11:12,745] {taskinstance.py:1357} INFO - Starting attempt 1 of 1
[2022-08-09 21:11:12,745] {taskinstance.py:1358} INFO - 
--------------------------------------------------------------------------------
[2022-08-09 21:11:12,754] {taskinstance.py:1377} INFO - Executing <Task(BashOperator): downloading_data> on 2022-08-09 21:11:12.187128+00:00
[2022-08-09 21:11:12,758] {standard_task_runner.py:52} INFO - Started process 15469 to run task
[2022-08-09 21:11:12,761] {standard_task_runner.py:79} INFO - Running: ['***', 'tasks', 'run', 'xcom_dag', 'downloading_data', 'manual__2022-08-09T21:11:12.187128+00:00', '--job-id', '111', '--raw', '--subdir', 'DAGS_FOLDER/xcom_dag.py', '--cfg-path', '/tmp/tmpbn6l9c1m', '--error-file', '/tmp/tmpc_o3anjj']
[2022-08-09 21:11:12,762] {standard_task_runner.py:80} INFO - Job 111: Subtask downloading_data
[2022-08-09 21:11:12,798] {task_command.py:369} INFO - Running <TaskInstance: xcom_dag.downloading_data manual__2022-08-09T21:11:12.187128+00:00 [running]> on host 40fffbcee5cb
[2022-08-09 21:11:12,842] {taskinstance.py:1571} INFO - Exporting the following env vars:
AIRFLOW_CTX_DAG_OWNER=***
AIRFLOW_CTX_DAG_ID=xcom_dag
AIRFLOW_CTX_TASK_ID=downloading_data
AIRFLOW_CTX_EXECUTION_DATE=2022-08-09T21:11:12.187128+00:00
AIRFLOW_CTX_TRY_NUMBER=1
AIRFLOW_CTX_DAG_RUN_ID=manual__2022-08-09T21:11:12.187128+00:00
[2022-08-09 21:11:12,844] {subprocess.py:62} INFO - Tmp dir root location: 
 /tmp
[2022-08-09 21:11:12,845] {subprocess.py:74} INFO - Running command: ['bash', '-c', 'sleep 3']
[2022-08-09 21:11:12,858] {subprocess.py:85} INFO - Output:
[2022-08-09 21:11:15,864] {subprocess.py:96} INFO - Command exited with return code 0
[2022-08-09 21:11:15,919] {taskinstance.py:1400} INFO - Marking task as SUCCESS. dag_id=xcom_dag, task_id=downloading_data, execution_date=20220809T211112, start_date=20220809T211112, end_date=20220809T211115
[2022-08-09 21:11:15,952] {local_task_job.py:156} INFO - Task exited with return code 0
[2022-08-09 21:11:15,979] {local_task_job.py:273} INFO - 3 downstream tasks scheduled from follow-on schedule check
