[2022-08-09 19:15:35,808] {taskinstance.py:1159} INFO - Dependencies all met for <TaskInstance: group_dag.transform_a scheduled__2022-08-08T00:00:00+00:00 [queued]>
[2022-08-09 19:15:35,815] {taskinstance.py:1159} INFO - Dependencies all met for <TaskInstance: group_dag.transform_a scheduled__2022-08-08T00:00:00+00:00 [queued]>
[2022-08-09 19:15:35,816] {taskinstance.py:1356} INFO - 
--------------------------------------------------------------------------------
[2022-08-09 19:15:35,817] {taskinstance.py:1357} INFO - Starting attempt 1 of 1
[2022-08-09 19:15:35,817] {taskinstance.py:1358} INFO - 
--------------------------------------------------------------------------------
[2022-08-09 19:15:35,826] {taskinstance.py:1377} INFO - Executing <Task(BashOperator): transform_a> on 2022-08-08 00:00:00+00:00
[2022-08-09 19:15:35,830] {standard_task_runner.py:52} INFO - Started process 9673 to run task
[2022-08-09 19:15:35,836] {standard_task_runner.py:79} INFO - Running: ['***', 'tasks', 'run', 'group_dag', 'transform_a', 'scheduled__2022-08-08T00:00:00+00:00', '--job-id', '68', '--raw', '--subdir', 'DAGS_FOLDER/group_dag.py', '--cfg-path', '/tmp/tmp0bmorhtt', '--error-file', '/tmp/tmpmj3k34uf']
[2022-08-09 19:15:35,837] {standard_task_runner.py:80} INFO - Job 68: Subtask transform_a
[2022-08-09 19:15:35,889] {task_command.py:369} INFO - Running <TaskInstance: group_dag.transform_a scheduled__2022-08-08T00:00:00+00:00 [running]> on host 40fffbcee5cb
[2022-08-09 19:15:35,949] {taskinstance.py:1571} INFO - Exporting the following env vars:
AIRFLOW_CTX_DAG_OWNER=***
AIRFLOW_CTX_DAG_ID=group_dag
AIRFLOW_CTX_TASK_ID=transform_a
AIRFLOW_CTX_EXECUTION_DATE=2022-08-08T00:00:00+00:00
AIRFLOW_CTX_TRY_NUMBER=1
AIRFLOW_CTX_DAG_RUN_ID=scheduled__2022-08-08T00:00:00+00:00
[2022-08-09 19:15:35,951] {subprocess.py:62} INFO - Tmp dir root location: 
 /tmp
[2022-08-09 19:15:35,952] {subprocess.py:74} INFO - Running command: ['bash', '-c', 'sleep 10']
[2022-08-09 19:15:35,960] {subprocess.py:85} INFO - Output:
[2022-08-09 19:15:45,962] {subprocess.py:96} INFO - Command exited with return code 0
[2022-08-09 19:15:45,985] {taskinstance.py:1400} INFO - Marking task as SUCCESS. dag_id=group_dag, task_id=transform_a, execution_date=20220808T000000, start_date=20220809T191535, end_date=20220809T191545
[2022-08-09 19:15:46,038] {local_task_job.py:156} INFO - Task exited with return code 0
[2022-08-09 19:15:46,055] {local_task_job.py:273} INFO - 0 downstream tasks scheduled from follow-on schedule check
