[2022-08-10 14:19:01,099] {taskinstance.py:1159} INFO - Dependencies all met for <TaskInstance: xcom_dag.processing_tasks.training_model_c manual__2022-08-10T14:18:56.164154+00:00 [queued]>
[2022-08-10 14:19:01,107] {taskinstance.py:1159} INFO - Dependencies all met for <TaskInstance: xcom_dag.processing_tasks.training_model_c manual__2022-08-10T14:18:56.164154+00:00 [queued]>
[2022-08-10 14:19:01,108] {taskinstance.py:1356} INFO - 
--------------------------------------------------------------------------------
[2022-08-10 14:19:01,109] {taskinstance.py:1357} INFO - Starting attempt 1 of 1
[2022-08-10 14:19:01,109] {taskinstance.py:1358} INFO - 
--------------------------------------------------------------------------------
[2022-08-10 14:19:01,117] {taskinstance.py:1377} INFO - Executing <Task(PythonOperator): processing_tasks.training_model_c> on 2022-08-10 14:18:56.164154+00:00
[2022-08-10 14:19:01,121] {standard_task_runner.py:52} INFO - Started process 20231 to run task
[2022-08-10 14:19:01,123] {standard_task_runner.py:79} INFO - Running: ['***', 'tasks', 'run', 'xcom_dag', 'processing_tasks.training_model_c', 'manual__2022-08-10T14:18:56.164154+00:00', '--job-id', '144', '--raw', '--subdir', 'DAGS_FOLDER/xcom_dag.py', '--cfg-path', '/tmp/tmp7g8bf38t', '--error-file', '/tmp/tmp6n3d87g4']
[2022-08-10 14:19:01,124] {standard_task_runner.py:80} INFO - Job 144: Subtask processing_tasks.training_model_c
[2022-08-10 14:19:01,166] {task_command.py:369} INFO - Running <TaskInstance: xcom_dag.processing_tasks.training_model_c manual__2022-08-10T14:18:56.164154+00:00 [running]> on host 40fffbcee5cb
[2022-08-10 14:19:01,213] {taskinstance.py:1571} INFO - Exporting the following env vars:
AIRFLOW_CTX_DAG_OWNER=***
AIRFLOW_CTX_DAG_ID=xcom_dag
AIRFLOW_CTX_TASK_ID=processing_tasks.training_model_c
AIRFLOW_CTX_EXECUTION_DATE=2022-08-10T14:18:56.164154+00:00
AIRFLOW_CTX_TRY_NUMBER=1
AIRFLOW_CTX_DAG_RUN_ID=manual__2022-08-10T14:18:56.164154+00:00
[2022-08-10 14:19:01,215] {logging_mixin.py:115} INFO - model's accuracy: 6.264997563099554
[2022-08-10 14:19:01,227] {python.py:173} INFO - Done. Returned value was: None
[2022-08-10 14:19:01,238] {taskinstance.py:1400} INFO - Marking task as SUCCESS. dag_id=xcom_dag, task_id=processing_tasks.training_model_c, execution_date=20220810T141856, start_date=20220810T141901, end_date=20220810T141901
[2022-08-10 14:19:01,257] {local_task_job.py:156} INFO - Task exited with return code 0
[2022-08-10 14:19:01,286] {local_task_job.py:273} INFO - 0 downstream tasks scheduled from follow-on schedule check
