[2022-08-09 12:43:35,271] {taskinstance.py:1159} INFO - Dependencies all met for <TaskInstance: parallel_dag.load_a scheduled__2022-08-08T00:00:00+00:00 [queued]>
[2022-08-09 12:43:35,282] {taskinstance.py:1159} INFO - Dependencies all met for <TaskInstance: parallel_dag.load_a scheduled__2022-08-08T00:00:00+00:00 [queued]>
[2022-08-09 12:43:35,283] {taskinstance.py:1356} INFO - 
--------------------------------------------------------------------------------
[2022-08-09 12:43:35,285] {taskinstance.py:1357} INFO - Starting attempt 1 of 1
[2022-08-09 12:43:35,285] {taskinstance.py:1358} INFO - 
--------------------------------------------------------------------------------
[2022-08-09 12:43:35,302] {taskinstance.py:1377} INFO - Executing <Task(BashOperator): load_a> on 2022-08-08 00:00:00+00:00
[2022-08-09 12:43:35,306] {standard_task_runner.py:52} INFO - Started process 627 to run task
[2022-08-09 12:43:35,314] {standard_task_runner.py:79} INFO - Running: ['***', 'tasks', 'run', 'parallel_dag', 'load_a', 'scheduled__2022-08-08T00:00:00+00:00', '--job-id', '38', '--raw', '--subdir', 'DAGS_FOLDER/parallel_dag.py', '--cfg-path', '/tmp/tmp7au1ol6a', '--error-file', '/tmp/tmphz1o5n01']
[2022-08-09 12:43:35,318] {standard_task_runner.py:80} INFO - Job 38: Subtask load_a
[2022-08-09 12:43:35,399] {task_command.py:369} INFO - Running <TaskInstance: parallel_dag.load_a scheduled__2022-08-08T00:00:00+00:00 [running]> on host 54b556b4c00a
[2022-08-09 12:43:35,507] {taskinstance.py:1571} INFO - Exporting the following env vars:
AIRFLOW_CTX_DAG_OWNER=***
AIRFLOW_CTX_DAG_ID=parallel_dag
AIRFLOW_CTX_TASK_ID=load_a
AIRFLOW_CTX_EXECUTION_DATE=2022-08-08T00:00:00+00:00
AIRFLOW_CTX_TRY_NUMBER=1
AIRFLOW_CTX_DAG_RUN_ID=scheduled__2022-08-08T00:00:00+00:00
[2022-08-09 12:43:35,509] {subprocess.py:62} INFO - Tmp dir root location: 
 /tmp
[2022-08-09 12:43:35,511] {subprocess.py:74} INFO - Running command: ['bash', '-c', 'sleep 10']
[2022-08-09 12:43:35,526] {subprocess.py:85} INFO - Output:
[2022-08-09 12:43:45,546] {subprocess.py:96} INFO - Command exited with return code 0
[2022-08-09 12:43:45,579] {taskinstance.py:1400} INFO - Marking task as SUCCESS. dag_id=parallel_dag, task_id=load_a, execution_date=20220808T000000, start_date=20220809T124335, end_date=20220809T124345
[2022-08-09 12:43:45,633] {local_task_job.py:156} INFO - Task exited with return code 0
[2022-08-09 12:43:45,648] {local_task_job.py:273} INFO - 0 downstream tasks scheduled from follow-on schedule check
