[2022-08-09 21:03:22,264] {taskinstance.py:1159} INFO - Dependencies all met for <TaskInstance: xcom_dag.downloading_data manual__2022-08-09T21:03:21.646980+00:00 [queued]>
[2022-08-09 21:03:22,271] {taskinstance.py:1159} INFO - Dependencies all met for <TaskInstance: xcom_dag.downloading_data manual__2022-08-09T21:03:21.646980+00:00 [queued]>
[2022-08-09 21:03:22,272] {taskinstance.py:1356} INFO - 
--------------------------------------------------------------------------------
[2022-08-09 21:03:22,273] {taskinstance.py:1357} INFO - Starting attempt 1 of 1
[2022-08-09 21:03:22,274] {taskinstance.py:1358} INFO - 
--------------------------------------------------------------------------------
[2022-08-09 21:03:22,286] {taskinstance.py:1377} INFO - Executing <Task(BashOperator): downloading_data> on 2022-08-09 21:03:21.646980+00:00
[2022-08-09 21:03:22,290] {standard_task_runner.py:52} INFO - Started process 15066 to run task
[2022-08-09 21:03:22,293] {standard_task_runner.py:79} INFO - Running: ['***', 'tasks', 'run', 'xcom_dag', 'downloading_data', 'manual__2022-08-09T21:03:21.646980+00:00', '--job-id', '101', '--raw', '--subdir', 'DAGS_FOLDER/xcom_dag.py', '--cfg-path', '/tmp/tmprv6tsia7', '--error-file', '/tmp/tmp6hgsrrbp']
[2022-08-09 21:03:22,296] {standard_task_runner.py:80} INFO - Job 101: Subtask downloading_data
[2022-08-09 21:03:22,339] {task_command.py:369} INFO - Running <TaskInstance: xcom_dag.downloading_data manual__2022-08-09T21:03:21.646980+00:00 [running]> on host 40fffbcee5cb
[2022-08-09 21:03:22,392] {taskinstance.py:1571} INFO - Exporting the following env vars:
AIRFLOW_CTX_DAG_OWNER=***
AIRFLOW_CTX_DAG_ID=xcom_dag
AIRFLOW_CTX_TASK_ID=downloading_data
AIRFLOW_CTX_EXECUTION_DATE=2022-08-09T21:03:21.646980+00:00
AIRFLOW_CTX_TRY_NUMBER=1
AIRFLOW_CTX_DAG_RUN_ID=manual__2022-08-09T21:03:21.646980+00:00
[2022-08-09 21:03:22,394] {subprocess.py:62} INFO - Tmp dir root location: 
 /tmp
[2022-08-09 21:03:22,395] {subprocess.py:74} INFO - Running command: ['bash', '-c', 'sleep 3']
[2022-08-09 21:03:22,406] {subprocess.py:85} INFO - Output:
[2022-08-09 21:03:25,413] {subprocess.py:96} INFO - Command exited with return code 0
[2022-08-09 21:03:25,471] {taskinstance.py:1400} INFO - Marking task as SUCCESS. dag_id=xcom_dag, task_id=downloading_data, execution_date=20220809T210321, start_date=20220809T210322, end_date=20220809T210325
[2022-08-09 21:03:25,513] {local_task_job.py:156} INFO - Task exited with return code 0
[2022-08-09 21:03:25,563] {local_task_job.py:273} INFO - 0 downstream tasks scheduled from follow-on schedule check
