[2022-08-09 19:16:42,747] {taskinstance.py:1159} INFO - Dependencies all met for <TaskInstance: group_dag.downloads manual__2022-08-09T19:16:41.480114+00:00 [queued]>
[2022-08-09 19:16:42,753] {taskinstance.py:1159} INFO - Dependencies all met for <TaskInstance: group_dag.downloads manual__2022-08-09T19:16:41.480114+00:00 [queued]>
[2022-08-09 19:16:42,754] {taskinstance.py:1356} INFO - 
--------------------------------------------------------------------------------
[2022-08-09 19:16:42,755] {taskinstance.py:1357} INFO - Starting attempt 1 of 1
[2022-08-09 19:16:42,756] {taskinstance.py:1358} INFO - 
--------------------------------------------------------------------------------
[2022-08-09 19:16:42,765] {taskinstance.py:1377} INFO - Executing <Task(SubDagOperator): downloads> on 2022-08-09 19:16:41.480114+00:00
[2022-08-09 19:16:42,769] {standard_task_runner.py:52} INFO - Started process 9744 to run task
[2022-08-09 19:16:42,773] {standard_task_runner.py:79} INFO - Running: ['***', 'tasks', 'run', 'group_dag', 'downloads', 'manual__2022-08-09T19:16:41.480114+00:00', '--job-id', '74', '--raw', '--subdir', 'DAGS_FOLDER/group_dag.py', '--cfg-path', '/tmp/tmpl3s2vqbn', '--error-file', '/tmp/tmpnsmjsksd']
[2022-08-09 19:16:42,774] {standard_task_runner.py:80} INFO - Job 74: Subtask downloads
[2022-08-09 19:16:42,812] {task_command.py:369} INFO - Running <TaskInstance: group_dag.downloads manual__2022-08-09T19:16:41.480114+00:00 [running]> on host 40fffbcee5cb
[2022-08-09 19:16:42,855] {taskinstance.py:1571} INFO - Exporting the following env vars:
AIRFLOW_CTX_DAG_OWNER=***
AIRFLOW_CTX_DAG_ID=group_dag
AIRFLOW_CTX_TASK_ID=downloads
AIRFLOW_CTX_EXECUTION_DATE=2022-08-09T19:16:41.480114+00:00
AIRFLOW_CTX_TRY_NUMBER=1
AIRFLOW_CTX_DAG_RUN_ID=manual__2022-08-09T19:16:41.480114+00:00
[2022-08-09 19:16:42,857] {warnings.py:110} WARNING - /home/***/.local/lib/python3.7/site-packages/***/utils/context.py:202: AirflowContextDeprecationWarning: Accessing 'execution_date' from the template is deprecated and will be removed in a future version. Please use 'data_interval_start' or 'logical_date' instead.
  warnings.warn(_create_deprecation_warning(key, self._deprecation_replacements[key]))

[2022-08-09 19:16:42,875] {subdag.py:176} INFO - Created DagRun: scheduled__2022-08-09T19:16:41.480114+00:00
[2022-08-09 19:17:42,950] {base.py:301} INFO - Success criteria met. Exiting.
[2022-08-09 19:17:42,962] {subdag.py:191} INFO - Execution finished. State is success
[2022-08-09 19:17:42,974] {taskinstance.py:1400} INFO - Marking task as SUCCESS. dag_id=group_dag, task_id=downloads, execution_date=20220809T191641, start_date=20220809T191642, end_date=20220809T191742
[2022-08-09 19:17:43,025] {local_task_job.py:156} INFO - Task exited with return code 0
[2022-08-09 19:17:43,052] {local_task_job.py:273} INFO - 1 downstream tasks scheduled from follow-on schedule check
