[2022-08-09 12:43:24,322] {taskinstance.py:1159} INFO - Dependencies all met for <TaskInstance: parallel_dag.extract_b manual__2022-08-09T12:43:03+00:00 [queued]>
[2022-08-09 12:43:24,330] {taskinstance.py:1159} INFO - Dependencies all met for <TaskInstance: parallel_dag.extract_b manual__2022-08-09T12:43:03+00:00 [queued]>
[2022-08-09 12:43:24,331] {taskinstance.py:1356} INFO - 
--------------------------------------------------------------------------------
[2022-08-09 12:43:24,332] {taskinstance.py:1357} INFO - Starting attempt 1 of 1
[2022-08-09 12:43:24,332] {taskinstance.py:1358} INFO - 
--------------------------------------------------------------------------------
[2022-08-09 12:43:24,347] {taskinstance.py:1377} INFO - Executing <Task(BashOperator): extract_b> on 2022-08-09 12:43:03+00:00
[2022-08-09 12:43:24,353] {standard_task_runner.py:52} INFO - Started process 606 to run task
[2022-08-09 12:43:24,357] {standard_task_runner.py:79} INFO - Running: ['***', 'tasks', 'run', 'parallel_dag', 'extract_b', 'manual__2022-08-09T12:43:03+00:00', '--job-id', '35', '--raw', '--subdir', 'DAGS_FOLDER/parallel_dag.py', '--cfg-path', '/tmp/tmpi7mjllev', '--error-file', '/tmp/tmpzxgb11ks']
[2022-08-09 12:43:24,360] {standard_task_runner.py:80} INFO - Job 35: Subtask extract_b
[2022-08-09 12:43:24,418] {task_command.py:369} INFO - Running <TaskInstance: parallel_dag.extract_b manual__2022-08-09T12:43:03+00:00 [running]> on host 54b556b4c00a
[2022-08-09 12:43:24,536] {taskinstance.py:1571} INFO - Exporting the following env vars:
AIRFLOW_CTX_DAG_OWNER=***
AIRFLOW_CTX_DAG_ID=parallel_dag
AIRFLOW_CTX_TASK_ID=extract_b
AIRFLOW_CTX_EXECUTION_DATE=2022-08-09T12:43:03+00:00
AIRFLOW_CTX_TRY_NUMBER=1
AIRFLOW_CTX_DAG_RUN_ID=manual__2022-08-09T12:43:03+00:00
[2022-08-09 12:43:24,538] {subprocess.py:62} INFO - Tmp dir root location: 
 /tmp
[2022-08-09 12:43:24,540] {subprocess.py:74} INFO - Running command: ['bash', '-c', 'sleep 10']
[2022-08-09 12:43:24,554] {subprocess.py:85} INFO - Output:
[2022-08-09 12:43:34,558] {subprocess.py:96} INFO - Command exited with return code 0
[2022-08-09 12:43:34,579] {taskinstance.py:1400} INFO - Marking task as SUCCESS. dag_id=parallel_dag, task_id=extract_b, execution_date=20220809T124303, start_date=20220809T124324, end_date=20220809T124334
[2022-08-09 12:43:34,600] {local_task_job.py:156} INFO - Task exited with return code 0
[2022-08-09 12:43:34,627] {local_task_job.py:273} INFO - 1 downstream tasks scheduled from follow-on schedule check
