[2022-08-09 12:43:24,310] {taskinstance.py:1159} INFO - Dependencies all met for <TaskInstance: parallel_dag.extract_a scheduled__2022-08-08T00:00:00+00:00 [queued]>
[2022-08-09 12:43:24,322] {taskinstance.py:1159} INFO - Dependencies all met for <TaskInstance: parallel_dag.extract_a scheduled__2022-08-08T00:00:00+00:00 [queued]>
[2022-08-09 12:43:24,323] {taskinstance.py:1356} INFO - 
--------------------------------------------------------------------------------
[2022-08-09 12:43:24,324] {taskinstance.py:1357} INFO - Starting attempt 1 of 1
[2022-08-09 12:43:24,325] {taskinstance.py:1358} INFO - 
--------------------------------------------------------------------------------
[2022-08-09 12:43:24,337] {taskinstance.py:1377} INFO - Executing <Task(BashOperator): extract_a> on 2022-08-08 00:00:00+00:00
[2022-08-09 12:43:24,342] {standard_task_runner.py:52} INFO - Started process 605 to run task
[2022-08-09 12:43:24,345] {standard_task_runner.py:79} INFO - Running: ['***', 'tasks', 'run', 'parallel_dag', 'extract_a', 'scheduled__2022-08-08T00:00:00+00:00', '--job-id', '34', '--raw', '--subdir', 'DAGS_FOLDER/parallel_dag.py', '--cfg-path', '/tmp/tmpjra9t9bh', '--error-file', '/tmp/tmplekfoadu']
[2022-08-09 12:43:24,346] {standard_task_runner.py:80} INFO - Job 34: Subtask extract_a
[2022-08-09 12:43:24,404] {task_command.py:369} INFO - Running <TaskInstance: parallel_dag.extract_a scheduled__2022-08-08T00:00:00+00:00 [running]> on host 54b556b4c00a
[2022-08-09 12:43:24,501] {taskinstance.py:1571} INFO - Exporting the following env vars:
AIRFLOW_CTX_DAG_OWNER=***
AIRFLOW_CTX_DAG_ID=parallel_dag
AIRFLOW_CTX_TASK_ID=extract_a
AIRFLOW_CTX_EXECUTION_DATE=2022-08-08T00:00:00+00:00
AIRFLOW_CTX_TRY_NUMBER=1
AIRFLOW_CTX_DAG_RUN_ID=scheduled__2022-08-08T00:00:00+00:00
[2022-08-09 12:43:24,503] {subprocess.py:62} INFO - Tmp dir root location: 
 /tmp
[2022-08-09 12:43:24,506] {subprocess.py:74} INFO - Running command: ['bash', '-c', 'sleep 10']
[2022-08-09 12:43:24,530] {subprocess.py:85} INFO - Output:
[2022-08-09 12:43:34,536] {subprocess.py:96} INFO - Command exited with return code 0
[2022-08-09 12:43:34,555] {taskinstance.py:1400} INFO - Marking task as SUCCESS. dag_id=parallel_dag, task_id=extract_a, execution_date=20220808T000000, start_date=20220809T124324, end_date=20220809T124334
[2022-08-09 12:43:34,601] {local_task_job.py:156} INFO - Task exited with return code 0
[2022-08-09 12:43:34,629] {local_task_job.py:273} INFO - 1 downstream tasks scheduled from follow-on schedule check
