[2022-08-10 14:19:01,124] {taskinstance.py:1159} INFO - Dependencies all met for <TaskInstance: xcom_dag.processing_tasks.training_model_a manual__2022-08-10T14:18:56.164154+00:00 [queued]>
[2022-08-10 14:19:01,132] {taskinstance.py:1159} INFO - Dependencies all met for <TaskInstance: xcom_dag.processing_tasks.training_model_a manual__2022-08-10T14:18:56.164154+00:00 [queued]>
[2022-08-10 14:19:01,133] {taskinstance.py:1356} INFO - 
--------------------------------------------------------------------------------
[2022-08-10 14:19:01,134] {taskinstance.py:1357} INFO - Starting attempt 1 of 1
[2022-08-10 14:19:01,134] {taskinstance.py:1358} INFO - 
--------------------------------------------------------------------------------
[2022-08-10 14:19:01,143] {taskinstance.py:1377} INFO - Executing <Task(PythonOperator): processing_tasks.training_model_a> on 2022-08-10 14:18:56.164154+00:00
[2022-08-10 14:19:01,148] {standard_task_runner.py:52} INFO - Started process 20232 to run task
[2022-08-10 14:19:01,155] {standard_task_runner.py:79} INFO - Running: ['***', 'tasks', 'run', 'xcom_dag', 'processing_tasks.training_model_a', 'manual__2022-08-10T14:18:56.164154+00:00', '--job-id', '145', '--raw', '--subdir', 'DAGS_FOLDER/xcom_dag.py', '--cfg-path', '/tmp/tmp0ax9dvm7', '--error-file', '/tmp/tmpo4cetw7m']
[2022-08-10 14:19:01,156] {standard_task_runner.py:80} INFO - Job 145: Subtask processing_tasks.training_model_a
[2022-08-10 14:19:01,203] {task_command.py:369} INFO - Running <TaskInstance: xcom_dag.processing_tasks.training_model_a manual__2022-08-10T14:18:56.164154+00:00 [running]> on host 40fffbcee5cb
[2022-08-10 14:19:01,256] {taskinstance.py:1571} INFO - Exporting the following env vars:
AIRFLOW_CTX_DAG_OWNER=***
AIRFLOW_CTX_DAG_ID=xcom_dag
AIRFLOW_CTX_TASK_ID=processing_tasks.training_model_a
AIRFLOW_CTX_EXECUTION_DATE=2022-08-10T14:18:56.164154+00:00
AIRFLOW_CTX_TRY_NUMBER=1
AIRFLOW_CTX_DAG_RUN_ID=manual__2022-08-10T14:18:56.164154+00:00
[2022-08-10 14:19:01,259] {logging_mixin.py:115} INFO - model's accuracy: 0.5606300307940111
[2022-08-10 14:19:01,269] {python.py:173} INFO - Done. Returned value was: None
[2022-08-10 14:19:01,288] {taskinstance.py:1400} INFO - Marking task as SUCCESS. dag_id=xcom_dag, task_id=processing_tasks.training_model_a, execution_date=20220810T141856, start_date=20220810T141901, end_date=20220810T141901
[2022-08-10 14:19:01,326] {local_task_job.py:156} INFO - Task exited with return code 0
[2022-08-10 14:19:01,351] {local_task_job.py:273} INFO - 0 downstream tasks scheduled from follow-on schedule check
