[2022-08-10 00:28:17,483] {taskinstance.py:1159} INFO - Dependencies all met for <TaskInstance: xcom_dag.processing_tasks.training_model_b scheduled__2022-08-09T00:00:00+00:00 [queued]>
[2022-08-10 00:28:17,493] {taskinstance.py:1159} INFO - Dependencies all met for <TaskInstance: xcom_dag.processing_tasks.training_model_b scheduled__2022-08-09T00:00:00+00:00 [queued]>
[2022-08-10 00:28:17,494] {taskinstance.py:1356} INFO - 
--------------------------------------------------------------------------------
[2022-08-10 00:28:17,495] {taskinstance.py:1357} INFO - Starting attempt 1 of 1
[2022-08-10 00:28:17,497] {taskinstance.py:1358} INFO - 
--------------------------------------------------------------------------------
[2022-08-10 00:28:17,513] {taskinstance.py:1377} INFO - Executing <Task(PythonOperator): processing_tasks.training_model_b> on 2022-08-09 00:00:00+00:00
[2022-08-10 00:28:17,517] {standard_task_runner.py:52} INFO - Started process 16863 to run task
[2022-08-10 00:28:17,521] {standard_task_runner.py:79} INFO - Running: ['***', 'tasks', 'run', 'xcom_dag', 'processing_tasks.training_model_b', 'scheduled__2022-08-09T00:00:00+00:00', '--job-id', '122', '--raw', '--subdir', 'DAGS_FOLDER/xcom_dag.py', '--cfg-path', '/tmp/tmpe34n7k8n', '--error-file', '/tmp/tmp20q9yut1']
[2022-08-10 00:28:17,522] {standard_task_runner.py:80} INFO - Job 122: Subtask processing_tasks.training_model_b
[2022-08-10 00:28:17,566] {task_command.py:369} INFO - Running <TaskInstance: xcom_dag.processing_tasks.training_model_b scheduled__2022-08-09T00:00:00+00:00 [running]> on host 40fffbcee5cb
[2022-08-10 00:28:17,611] {taskinstance.py:1571} INFO - Exporting the following env vars:
AIRFLOW_CTX_DAG_OWNER=***
AIRFLOW_CTX_DAG_ID=xcom_dag
AIRFLOW_CTX_TASK_ID=processing_tasks.training_model_b
AIRFLOW_CTX_EXECUTION_DATE=2022-08-09T00:00:00+00:00
AIRFLOW_CTX_TRY_NUMBER=1
AIRFLOW_CTX_DAG_RUN_ID=scheduled__2022-08-09T00:00:00+00:00
[2022-08-10 00:28:17,614] {logging_mixin.py:115} INFO - model's accuracy: 6.732849078146405
[2022-08-10 00:28:17,623] {python.py:173} INFO - Done. Returned value was: None
[2022-08-10 00:28:17,633] {taskinstance.py:1400} INFO - Marking task as SUCCESS. dag_id=xcom_dag, task_id=processing_tasks.training_model_b, execution_date=20220809T000000, start_date=20220810T002817, end_date=20220810T002817
[2022-08-10 00:28:17,654] {local_task_job.py:156} INFO - Task exited with return code 0
[2022-08-10 00:28:17,684] {local_task_job.py:273} INFO - 0 downstream tasks scheduled from follow-on schedule check
