[2022-08-10 14:18:57,100] {taskinstance.py:1159} INFO - Dependencies all met for <TaskInstance: xcom_dag.downloading_data manual__2022-08-10T14:18:56.164154+00:00 [queued]>
[2022-08-10 14:18:57,108] {taskinstance.py:1159} INFO - Dependencies all met for <TaskInstance: xcom_dag.downloading_data manual__2022-08-10T14:18:56.164154+00:00 [queued]>
[2022-08-10 14:18:57,109] {taskinstance.py:1356} INFO - 
--------------------------------------------------------------------------------
[2022-08-10 14:18:57,110] {taskinstance.py:1357} INFO - Starting attempt 1 of 1
[2022-08-10 14:18:57,110] {taskinstance.py:1358} INFO - 
--------------------------------------------------------------------------------
[2022-08-10 14:18:57,118] {taskinstance.py:1377} INFO - Executing <Task(BashOperator): downloading_data> on 2022-08-10 14:18:56.164154+00:00
[2022-08-10 14:18:57,122] {standard_task_runner.py:52} INFO - Started process 20217 to run task
[2022-08-10 14:18:57,125] {standard_task_runner.py:79} INFO - Running: ['***', 'tasks', 'run', 'xcom_dag', 'downloading_data', 'manual__2022-08-10T14:18:56.164154+00:00', '--job-id', '143', '--raw', '--subdir', 'DAGS_FOLDER/xcom_dag.py', '--cfg-path', '/tmp/tmpkh4cs0bu', '--error-file', '/tmp/tmpek7smg2p']
[2022-08-10 14:18:57,125] {standard_task_runner.py:80} INFO - Job 143: Subtask downloading_data
[2022-08-10 14:18:57,160] {task_command.py:369} INFO - Running <TaskInstance: xcom_dag.downloading_data manual__2022-08-10T14:18:56.164154+00:00 [running]> on host 40fffbcee5cb
[2022-08-10 14:18:57,221] {taskinstance.py:1571} INFO - Exporting the following env vars:
AIRFLOW_CTX_DAG_OWNER=***
AIRFLOW_CTX_DAG_ID=xcom_dag
AIRFLOW_CTX_TASK_ID=downloading_data
AIRFLOW_CTX_EXECUTION_DATE=2022-08-10T14:18:56.164154+00:00
AIRFLOW_CTX_TRY_NUMBER=1
AIRFLOW_CTX_DAG_RUN_ID=manual__2022-08-10T14:18:56.164154+00:00
[2022-08-10 14:18:57,222] {subprocess.py:62} INFO - Tmp dir root location: 
 /tmp
[2022-08-10 14:18:57,224] {subprocess.py:74} INFO - Running command: ['bash', '-c', 'sleep 3']
[2022-08-10 14:18:57,232] {subprocess.py:85} INFO - Output:
[2022-08-10 14:19:00,238] {subprocess.py:96} INFO - Command exited with return code 0
[2022-08-10 14:19:00,282] {taskinstance.py:1400} INFO - Marking task as SUCCESS. dag_id=xcom_dag, task_id=downloading_data, execution_date=20220810T141856, start_date=20220810T141857, end_date=20220810T141900
[2022-08-10 14:19:00,316] {local_task_job.py:156} INFO - Task exited with return code 0
[2022-08-10 14:19:00,345] {local_task_job.py:273} INFO - 3 downstream tasks scheduled from follow-on schedule check
