[2022-08-10 14:04:47,671] {taskinstance.py:1159} INFO - Dependencies all met for <TaskInstance: xcom_dag.processing_tasks.training_model_c manual__2022-08-10T14:04:43.022138+00:00 [queued]>
[2022-08-10 14:04:47,679] {taskinstance.py:1159} INFO - Dependencies all met for <TaskInstance: xcom_dag.processing_tasks.training_model_c manual__2022-08-10T14:04:43.022138+00:00 [queued]>
[2022-08-10 14:04:47,680] {taskinstance.py:1356} INFO - 
--------------------------------------------------------------------------------
[2022-08-10 14:04:47,681] {taskinstance.py:1357} INFO - Starting attempt 1 of 1
[2022-08-10 14:04:47,682] {taskinstance.py:1358} INFO - 
--------------------------------------------------------------------------------
[2022-08-10 14:04:47,692] {taskinstance.py:1377} INFO - Executing <Task(PythonOperator): processing_tasks.training_model_c> on 2022-08-10 14:04:43.022138+00:00
[2022-08-10 14:04:47,696] {standard_task_runner.py:52} INFO - Started process 19501 to run task
[2022-08-10 14:04:47,702] {standard_task_runner.py:79} INFO - Running: ['***', 'tasks', 'run', 'xcom_dag', 'processing_tasks.training_model_c', 'manual__2022-08-10T14:04:43.022138+00:00', '--job-id', '129', '--raw', '--subdir', 'DAGS_FOLDER/xcom_dag.py', '--cfg-path', '/tmp/tmp9nua032a', '--error-file', '/tmp/tmpqd4na8yp']
[2022-08-10 14:04:47,703] {standard_task_runner.py:80} INFO - Job 129: Subtask processing_tasks.training_model_c
[2022-08-10 14:04:47,797] {task_command.py:369} INFO - Running <TaskInstance: xcom_dag.processing_tasks.training_model_c manual__2022-08-10T14:04:43.022138+00:00 [running]> on host 40fffbcee5cb
[2022-08-10 14:04:47,876] {taskinstance.py:1571} INFO - Exporting the following env vars:
AIRFLOW_CTX_DAG_OWNER=***
AIRFLOW_CTX_DAG_ID=xcom_dag
AIRFLOW_CTX_TASK_ID=processing_tasks.training_model_c
AIRFLOW_CTX_EXECUTION_DATE=2022-08-10T14:04:43.022138+00:00
AIRFLOW_CTX_TRY_NUMBER=1
AIRFLOW_CTX_DAG_RUN_ID=manual__2022-08-10T14:04:43.022138+00:00
[2022-08-10 14:04:47,879] {logging_mixin.py:115} INFO - model's accuracy: 8.668041500670096
[2022-08-10 14:04:47,899] {python.py:173} INFO - Done. Returned value was: None
[2022-08-10 14:04:47,929] {taskinstance.py:1400} INFO - Marking task as SUCCESS. dag_id=xcom_dag, task_id=processing_tasks.training_model_c, execution_date=20220810T140443, start_date=20220810T140447, end_date=20220810T140447
[2022-08-10 14:04:47,958] {local_task_job.py:156} INFO - Task exited with return code 0
[2022-08-10 14:04:48,006] {local_task_job.py:273} INFO - 1 downstream tasks scheduled from follow-on schedule check
