[2022-08-09 21:11:17,801] {taskinstance.py:1159} INFO - Dependencies all met for <TaskInstance: xcom_dag.choose_best_model manual__2022-08-09T21:11:12.187128+00:00 [queued]>
[2022-08-09 21:11:17,808] {taskinstance.py:1159} INFO - Dependencies all met for <TaskInstance: xcom_dag.choose_best_model manual__2022-08-09T21:11:12.187128+00:00 [queued]>
[2022-08-09 21:11:17,810] {taskinstance.py:1356} INFO - 
--------------------------------------------------------------------------------
[2022-08-09 21:11:17,810] {taskinstance.py:1357} INFO - Starting attempt 1 of 1
[2022-08-09 21:11:17,812] {taskinstance.py:1358} INFO - 
--------------------------------------------------------------------------------
[2022-08-09 21:11:17,823] {taskinstance.py:1377} INFO - Executing <Task(PythonOperator): choose_best_model> on 2022-08-09 21:11:12.187128+00:00
[2022-08-09 21:11:17,827] {standard_task_runner.py:52} INFO - Started process 15487 to run task
[2022-08-09 21:11:17,831] {standard_task_runner.py:79} INFO - Running: ['***', 'tasks', 'run', 'xcom_dag', 'choose_best_model', 'manual__2022-08-09T21:11:12.187128+00:00', '--job-id', '115', '--raw', '--subdir', 'DAGS_FOLDER/xcom_dag.py', '--cfg-path', '/tmp/tmpcukeiade', '--error-file', '/tmp/tmpjipkyllb']
[2022-08-09 21:11:17,832] {standard_task_runner.py:80} INFO - Job 115: Subtask choose_best_model
[2022-08-09 21:11:17,874] {task_command.py:369} INFO - Running <TaskInstance: xcom_dag.choose_best_model manual__2022-08-09T21:11:12.187128+00:00 [running]> on host 40fffbcee5cb
[2022-08-09 21:11:17,923] {taskinstance.py:1571} INFO - Exporting the following env vars:
AIRFLOW_CTX_DAG_OWNER=***
AIRFLOW_CTX_DAG_ID=xcom_dag
AIRFLOW_CTX_TASK_ID=choose_best_model
AIRFLOW_CTX_EXECUTION_DATE=2022-08-09T21:11:12.187128+00:00
AIRFLOW_CTX_TRY_NUMBER=1
AIRFLOW_CTX_DAG_RUN_ID=manual__2022-08-09T21:11:12.187128+00:00
[2022-08-09 21:11:17,925] {logging_mixin.py:115} INFO - choose best model
[2022-08-09 21:11:17,933] {logging_mixin.py:115} INFO - [5.448436297157887, 4.505881124333867, 1.8781973991485756]
[2022-08-09 21:11:17,934] {python.py:173} INFO - Done. Returned value was: None
[2022-08-09 21:11:17,945] {taskinstance.py:1400} INFO - Marking task as SUCCESS. dag_id=xcom_dag, task_id=choose_best_model, execution_date=20220809T211112, start_date=20220809T211117, end_date=20220809T211117
[2022-08-09 21:11:17,965] {local_task_job.py:156} INFO - Task exited with return code 0
[2022-08-09 21:11:17,988] {local_task_job.py:273} INFO - 0 downstream tasks scheduled from follow-on schedule check
