[2022-08-05 18:38:00,880] {processor.py:153} INFO - Started process (PID=67) to work on /home/airflow/.local/lib/python3.7/site-packages/airflow/example_dags/example_complex.py
[2022-08-05 18:38:00,884] {processor.py:641} INFO - Processing file /home/airflow/.local/lib/python3.7/site-packages/airflow/example_dags/example_complex.py for tasks to queue
[2022-08-05 18:38:00,888] {logging_mixin.py:115} INFO - [2022-08-05 18:38:00,888] {dagbag.py:507} INFO - Filling up the DagBag from /home/airflow/.local/lib/python3.7/site-packages/airflow/example_dags/example_complex.py
[2022-08-05 18:38:00,913] {processor.py:651} INFO - DAG(s) dict_keys(['example_complex']) retrieved from /home/airflow/.local/lib/python3.7/site-packages/airflow/example_dags/example_complex.py
[2022-08-05 18:38:00,963] {logging_mixin.py:115} INFO - [2022-08-05 18:38:00,963] {dag.py:2371} INFO - Sync 1 DAGs
[2022-08-05 18:38:00,994] {logging_mixin.py:115} INFO - [2022-08-05 18:38:00,993] {dag.py:2919} INFO - Setting next_dagrun for example_complex to None, run_after=None
[2022-08-05 18:38:01,301] {processor.py:161} INFO - Processing /home/airflow/.local/lib/python3.7/site-packages/airflow/example_dags/example_complex.py took 0.424 seconds
[2022-08-05 18:38:31,988] {processor.py:153} INFO - Started process (PID=121) to work on /home/airflow/.local/lib/python3.7/site-packages/airflow/example_dags/example_complex.py
[2022-08-05 18:38:31,991] {processor.py:641} INFO - Processing file /home/airflow/.local/lib/python3.7/site-packages/airflow/example_dags/example_complex.py for tasks to queue
[2022-08-05 18:38:31,991] {logging_mixin.py:115} INFO - [2022-08-05 18:38:31,991] {dagbag.py:507} INFO - Filling up the DagBag from /home/airflow/.local/lib/python3.7/site-packages/airflow/example_dags/example_complex.py
[2022-08-05 18:38:31,998] {processor.py:651} INFO - DAG(s) dict_keys(['example_complex']) retrieved from /home/airflow/.local/lib/python3.7/site-packages/airflow/example_dags/example_complex.py
[2022-08-05 18:38:32,018] {logging_mixin.py:115} INFO - [2022-08-05 18:38:32,018] {dag.py:2371} INFO - Sync 1 DAGs
[2022-08-05 18:38:32,032] {logging_mixin.py:115} INFO - [2022-08-05 18:38:32,032] {dag.py:2919} INFO - Setting next_dagrun for example_complex to None, run_after=None
[2022-08-05 18:38:32,124] {processor.py:161} INFO - Processing /home/airflow/.local/lib/python3.7/site-packages/airflow/example_dags/example_complex.py took 0.137 seconds
[2022-08-05 18:39:02,403] {processor.py:153} INFO - Started process (PID=184) to work on /home/airflow/.local/lib/python3.7/site-packages/airflow/example_dags/example_complex.py
[2022-08-05 18:39:02,405] {processor.py:641} INFO - Processing file /home/airflow/.local/lib/python3.7/site-packages/airflow/example_dags/example_complex.py for tasks to queue
[2022-08-05 18:39:02,407] {logging_mixin.py:115} INFO - [2022-08-05 18:39:02,407] {dagbag.py:507} INFO - Filling up the DagBag from /home/airflow/.local/lib/python3.7/site-packages/airflow/example_dags/example_complex.py
[2022-08-05 18:39:02,415] {processor.py:651} INFO - DAG(s) dict_keys(['example_complex']) retrieved from /home/airflow/.local/lib/python3.7/site-packages/airflow/example_dags/example_complex.py
[2022-08-05 18:39:02,432] {logging_mixin.py:115} INFO - [2022-08-05 18:39:02,432] {dag.py:2371} INFO - Sync 1 DAGs
[2022-08-05 18:39:02,445] {logging_mixin.py:115} INFO - [2022-08-05 18:39:02,445] {dag.py:2919} INFO - Setting next_dagrun for example_complex to None, run_after=None
[2022-08-05 18:39:02,526] {processor.py:161} INFO - Processing /home/airflow/.local/lib/python3.7/site-packages/airflow/example_dags/example_complex.py took 0.125 seconds
[2022-08-05 18:39:32,945] {processor.py:153} INFO - Started process (PID=246) to work on /home/airflow/.local/lib/python3.7/site-packages/airflow/example_dags/example_complex.py
[2022-08-05 18:39:32,946] {processor.py:641} INFO - Processing file /home/airflow/.local/lib/python3.7/site-packages/airflow/example_dags/example_complex.py for tasks to queue
[2022-08-05 18:39:32,948] {logging_mixin.py:115} INFO - [2022-08-05 18:39:32,948] {dagbag.py:507} INFO - Filling up the DagBag from /home/airflow/.local/lib/python3.7/site-packages/airflow/example_dags/example_complex.py
[2022-08-05 18:39:32,961] {processor.py:651} INFO - DAG(s) dict_keys(['example_complex']) retrieved from /home/airflow/.local/lib/python3.7/site-packages/airflow/example_dags/example_complex.py
[2022-08-05 18:39:32,982] {logging_mixin.py:115} INFO - [2022-08-05 18:39:32,982] {dag.py:2371} INFO - Sync 1 DAGs
[2022-08-05 18:39:32,995] {logging_mixin.py:115} INFO - [2022-08-05 18:39:32,995] {dag.py:2919} INFO - Setting next_dagrun for example_complex to None, run_after=None
[2022-08-05 18:39:33,080] {processor.py:161} INFO - Processing /home/airflow/.local/lib/python3.7/site-packages/airflow/example_dags/example_complex.py took 0.138 seconds
[2022-08-05 18:40:03,527] {processor.py:153} INFO - Started process (PID=308) to work on /home/airflow/.local/lib/python3.7/site-packages/airflow/example_dags/example_complex.py
[2022-08-05 18:40:03,529] {processor.py:641} INFO - Processing file /home/airflow/.local/lib/python3.7/site-packages/airflow/example_dags/example_complex.py for tasks to queue
[2022-08-05 18:40:03,531] {logging_mixin.py:115} INFO - [2022-08-05 18:40:03,531] {dagbag.py:507} INFO - Filling up the DagBag from /home/airflow/.local/lib/python3.7/site-packages/airflow/example_dags/example_complex.py
[2022-08-05 18:40:03,540] {processor.py:651} INFO - DAG(s) dict_keys(['example_complex']) retrieved from /home/airflow/.local/lib/python3.7/site-packages/airflow/example_dags/example_complex.py
[2022-08-05 18:40:03,559] {logging_mixin.py:115} INFO - [2022-08-05 18:40:03,559] {dag.py:2371} INFO - Sync 1 DAGs
[2022-08-05 18:40:03,572] {logging_mixin.py:115} INFO - [2022-08-05 18:40:03,572] {dag.py:2919} INFO - Setting next_dagrun for example_complex to None, run_after=None
[2022-08-05 18:40:03,650] {processor.py:161} INFO - Processing /home/airflow/.local/lib/python3.7/site-packages/airflow/example_dags/example_complex.py took 0.126 seconds
[2022-08-05 18:40:34,106] {processor.py:153} INFO - Started process (PID=370) to work on /home/airflow/.local/lib/python3.7/site-packages/airflow/example_dags/example_complex.py
[2022-08-05 18:40:34,110] {processor.py:641} INFO - Processing file /home/airflow/.local/lib/python3.7/site-packages/airflow/example_dags/example_complex.py for tasks to queue
[2022-08-05 18:40:34,112] {logging_mixin.py:115} INFO - [2022-08-05 18:40:34,112] {dagbag.py:507} INFO - Filling up the DagBag from /home/airflow/.local/lib/python3.7/site-packages/airflow/example_dags/example_complex.py
[2022-08-05 18:40:34,132] {processor.py:651} INFO - DAG(s) dict_keys(['example_complex']) retrieved from /home/airflow/.local/lib/python3.7/site-packages/airflow/example_dags/example_complex.py
[2022-08-05 18:40:34,159] {logging_mixin.py:115} INFO - [2022-08-05 18:40:34,159] {dag.py:2371} INFO - Sync 1 DAGs
[2022-08-05 18:40:34,172] {logging_mixin.py:115} INFO - [2022-08-05 18:40:34,172] {dag.py:2919} INFO - Setting next_dagrun for example_complex to None, run_after=None
[2022-08-05 18:40:34,249] {processor.py:161} INFO - Processing /home/airflow/.local/lib/python3.7/site-packages/airflow/example_dags/example_complex.py took 0.151 seconds
[2022-08-05 18:41:05,105] {processor.py:153} INFO - Started process (PID=432) to work on /home/airflow/.local/lib/python3.7/site-packages/airflow/example_dags/example_complex.py
[2022-08-05 18:41:05,107] {processor.py:641} INFO - Processing file /home/airflow/.local/lib/python3.7/site-packages/airflow/example_dags/example_complex.py for tasks to queue
[2022-08-05 18:41:05,111] {logging_mixin.py:115} INFO - [2022-08-05 18:41:05,111] {dagbag.py:507} INFO - Filling up the DagBag from /home/airflow/.local/lib/python3.7/site-packages/airflow/example_dags/example_complex.py
[2022-08-05 18:41:05,122] {processor.py:651} INFO - DAG(s) dict_keys(['example_complex']) retrieved from /home/airflow/.local/lib/python3.7/site-packages/airflow/example_dags/example_complex.py
[2022-08-05 18:41:05,147] {logging_mixin.py:115} INFO - [2022-08-05 18:41:05,147] {dag.py:2371} INFO - Sync 1 DAGs
[2022-08-05 18:41:05,171] {logging_mixin.py:115} INFO - [2022-08-05 18:41:05,171] {dag.py:2919} INFO - Setting next_dagrun for example_complex to None, run_after=None
[2022-08-05 18:41:05,284] {processor.py:161} INFO - Processing /home/airflow/.local/lib/python3.7/site-packages/airflow/example_dags/example_complex.py took 0.182 seconds
[2022-08-05 18:41:35,665] {processor.py:153} INFO - Started process (PID=494) to work on /home/airflow/.local/lib/python3.7/site-packages/airflow/example_dags/example_complex.py
[2022-08-05 18:41:35,667] {processor.py:641} INFO - Processing file /home/airflow/.local/lib/python3.7/site-packages/airflow/example_dags/example_complex.py for tasks to queue
[2022-08-05 18:41:35,668] {logging_mixin.py:115} INFO - [2022-08-05 18:41:35,668] {dagbag.py:507} INFO - Filling up the DagBag from /home/airflow/.local/lib/python3.7/site-packages/airflow/example_dags/example_complex.py
[2022-08-05 18:41:35,677] {processor.py:651} INFO - DAG(s) dict_keys(['example_complex']) retrieved from /home/airflow/.local/lib/python3.7/site-packages/airflow/example_dags/example_complex.py
[2022-08-05 18:41:35,695] {logging_mixin.py:115} INFO - [2022-08-05 18:41:35,695] {dag.py:2371} INFO - Sync 1 DAGs
[2022-08-05 18:41:35,711] {logging_mixin.py:115} INFO - [2022-08-05 18:41:35,711] {dag.py:2919} INFO - Setting next_dagrun for example_complex to None, run_after=None
[2022-08-05 18:41:35,795] {processor.py:161} INFO - Processing /home/airflow/.local/lib/python3.7/site-packages/airflow/example_dags/example_complex.py took 0.131 seconds
[2022-08-05 18:42:06,119] {processor.py:153} INFO - Started process (PID=547) to work on /home/airflow/.local/lib/python3.7/site-packages/airflow/example_dags/example_complex.py
[2022-08-05 18:42:06,121] {processor.py:641} INFO - Processing file /home/airflow/.local/lib/python3.7/site-packages/airflow/example_dags/example_complex.py for tasks to queue
[2022-08-05 18:42:06,122] {logging_mixin.py:115} INFO - [2022-08-05 18:42:06,122] {dagbag.py:507} INFO - Filling up the DagBag from /home/airflow/.local/lib/python3.7/site-packages/airflow/example_dags/example_complex.py
[2022-08-05 18:42:06,130] {processor.py:651} INFO - DAG(s) dict_keys(['example_complex']) retrieved from /home/airflow/.local/lib/python3.7/site-packages/airflow/example_dags/example_complex.py
[2022-08-05 18:42:06,148] {logging_mixin.py:115} INFO - [2022-08-05 18:42:06,148] {dag.py:2371} INFO - Sync 1 DAGs
[2022-08-05 18:42:06,163] {logging_mixin.py:115} INFO - [2022-08-05 18:42:06,163] {dag.py:2919} INFO - Setting next_dagrun for example_complex to None, run_after=None
[2022-08-05 18:42:06,249] {processor.py:161} INFO - Processing /home/airflow/.local/lib/python3.7/site-packages/airflow/example_dags/example_complex.py took 0.132 seconds
[2022-08-05 18:42:36,863] {processor.py:153} INFO - Started process (PID=609) to work on /home/airflow/.local/lib/python3.7/site-packages/airflow/example_dags/example_complex.py
[2022-08-05 18:42:36,867] {processor.py:641} INFO - Processing file /home/airflow/.local/lib/python3.7/site-packages/airflow/example_dags/example_complex.py for tasks to queue
[2022-08-05 18:42:36,869] {logging_mixin.py:115} INFO - [2022-08-05 18:42:36,869] {dagbag.py:507} INFO - Filling up the DagBag from /home/airflow/.local/lib/python3.7/site-packages/airflow/example_dags/example_complex.py
[2022-08-05 18:42:36,881] {processor.py:651} INFO - DAG(s) dict_keys(['example_complex']) retrieved from /home/airflow/.local/lib/python3.7/site-packages/airflow/example_dags/example_complex.py
[2022-08-05 18:42:36,902] {logging_mixin.py:115} INFO - [2022-08-05 18:42:36,902] {dag.py:2371} INFO - Sync 1 DAGs
[2022-08-05 18:42:36,916] {logging_mixin.py:115} INFO - [2022-08-05 18:42:36,916] {dag.py:2919} INFO - Setting next_dagrun for example_complex to None, run_after=None
[2022-08-05 18:42:36,994] {processor.py:161} INFO - Processing /home/airflow/.local/lib/python3.7/site-packages/airflow/example_dags/example_complex.py took 0.139 seconds
[2022-08-05 18:43:07,495] {processor.py:153} INFO - Started process (PID=671) to work on /home/airflow/.local/lib/python3.7/site-packages/airflow/example_dags/example_complex.py
[2022-08-05 18:43:07,501] {processor.py:641} INFO - Processing file /home/airflow/.local/lib/python3.7/site-packages/airflow/example_dags/example_complex.py for tasks to queue
[2022-08-05 18:43:07,503] {logging_mixin.py:115} INFO - [2022-08-05 18:43:07,503] {dagbag.py:507} INFO - Filling up the DagBag from /home/airflow/.local/lib/python3.7/site-packages/airflow/example_dags/example_complex.py
[2022-08-05 18:43:07,517] {processor.py:651} INFO - DAG(s) dict_keys(['example_complex']) retrieved from /home/airflow/.local/lib/python3.7/site-packages/airflow/example_dags/example_complex.py
[2022-08-05 18:43:07,541] {logging_mixin.py:115} INFO - [2022-08-05 18:43:07,541] {dag.py:2371} INFO - Sync 1 DAGs
[2022-08-05 18:43:07,626] {logging_mixin.py:115} INFO - [2022-08-05 18:43:07,626] {dag.py:2919} INFO - Setting next_dagrun for example_complex to None, run_after=None
[2022-08-05 18:43:07,632] {processor.py:161} INFO - Processing /home/airflow/.local/lib/python3.7/site-packages/airflow/example_dags/example_complex.py took 0.143 seconds
[2022-08-05 18:43:37,672] {processor.py:153} INFO - Started process (PID=733) to work on /home/airflow/.local/lib/python3.7/site-packages/airflow/example_dags/example_complex.py
[2022-08-05 18:43:37,675] {processor.py:641} INFO - Processing file /home/airflow/.local/lib/python3.7/site-packages/airflow/example_dags/example_complex.py for tasks to queue
[2022-08-05 18:43:37,675] {logging_mixin.py:115} INFO - [2022-08-05 18:43:37,675] {dagbag.py:507} INFO - Filling up the DagBag from /home/airflow/.local/lib/python3.7/site-packages/airflow/example_dags/example_complex.py
[2022-08-05 18:43:37,683] {processor.py:651} INFO - DAG(s) dict_keys(['example_complex']) retrieved from /home/airflow/.local/lib/python3.7/site-packages/airflow/example_dags/example_complex.py
[2022-08-05 18:43:37,700] {logging_mixin.py:115} INFO - [2022-08-05 18:43:37,700] {dag.py:2371} INFO - Sync 1 DAGs
[2022-08-05 18:43:37,787] {logging_mixin.py:115} INFO - [2022-08-05 18:43:37,787] {dag.py:2919} INFO - Setting next_dagrun for example_complex to None, run_after=None
[2022-08-05 18:43:37,794] {processor.py:161} INFO - Processing /home/airflow/.local/lib/python3.7/site-packages/airflow/example_dags/example_complex.py took 0.123 seconds
[2022-08-05 18:44:07,895] {processor.py:153} INFO - Started process (PID=795) to work on /home/airflow/.local/lib/python3.7/site-packages/airflow/example_dags/example_complex.py
[2022-08-05 18:44:07,898] {processor.py:641} INFO - Processing file /home/airflow/.local/lib/python3.7/site-packages/airflow/example_dags/example_complex.py for tasks to queue
[2022-08-05 18:44:07,900] {logging_mixin.py:115} INFO - [2022-08-05 18:44:07,900] {dagbag.py:507} INFO - Filling up the DagBag from /home/airflow/.local/lib/python3.7/site-packages/airflow/example_dags/example_complex.py
[2022-08-05 18:44:07,912] {processor.py:651} INFO - DAG(s) dict_keys(['example_complex']) retrieved from /home/airflow/.local/lib/python3.7/site-packages/airflow/example_dags/example_complex.py
[2022-08-05 18:44:07,933] {logging_mixin.py:115} INFO - [2022-08-05 18:44:07,933] {dag.py:2371} INFO - Sync 1 DAGs
[2022-08-05 18:44:08,018] {logging_mixin.py:115} INFO - [2022-08-05 18:44:08,018] {dag.py:2919} INFO - Setting next_dagrun for example_complex to None, run_after=None
[2022-08-05 18:44:08,025] {processor.py:161} INFO - Processing /home/airflow/.local/lib/python3.7/site-packages/airflow/example_dags/example_complex.py took 0.134 seconds
[2022-08-05 18:44:38,141] {processor.py:153} INFO - Started process (PID=858) to work on /home/airflow/.local/lib/python3.7/site-packages/airflow/example_dags/example_complex.py
[2022-08-05 18:44:38,142] {processor.py:641} INFO - Processing file /home/airflow/.local/lib/python3.7/site-packages/airflow/example_dags/example_complex.py for tasks to queue
[2022-08-05 18:44:38,143] {logging_mixin.py:115} INFO - [2022-08-05 18:44:38,143] {dagbag.py:507} INFO - Filling up the DagBag from /home/airflow/.local/lib/python3.7/site-packages/airflow/example_dags/example_complex.py
[2022-08-05 18:44:38,151] {processor.py:651} INFO - DAG(s) dict_keys(['example_complex']) retrieved from /home/airflow/.local/lib/python3.7/site-packages/airflow/example_dags/example_complex.py
[2022-08-05 18:44:38,170] {logging_mixin.py:115} INFO - [2022-08-05 18:44:38,170] {dag.py:2371} INFO - Sync 1 DAGs
[2022-08-05 18:44:38,253] {logging_mixin.py:115} INFO - [2022-08-05 18:44:38,253] {dag.py:2919} INFO - Setting next_dagrun for example_complex to None, run_after=None
[2022-08-05 18:44:38,260] {processor.py:161} INFO - Processing /home/airflow/.local/lib/python3.7/site-packages/airflow/example_dags/example_complex.py took 0.121 seconds
[2022-08-05 18:45:09,206] {processor.py:153} INFO - Started process (PID=912) to work on /home/airflow/.local/lib/python3.7/site-packages/airflow/example_dags/example_complex.py
[2022-08-05 18:45:09,208] {processor.py:641} INFO - Processing file /home/airflow/.local/lib/python3.7/site-packages/airflow/example_dags/example_complex.py for tasks to queue
[2022-08-05 18:45:09,209] {logging_mixin.py:115} INFO - [2022-08-05 18:45:09,209] {dagbag.py:507} INFO - Filling up the DagBag from /home/airflow/.local/lib/python3.7/site-packages/airflow/example_dags/example_complex.py
[2022-08-05 18:45:09,217] {processor.py:651} INFO - DAG(s) dict_keys(['example_complex']) retrieved from /home/airflow/.local/lib/python3.7/site-packages/airflow/example_dags/example_complex.py
[2022-08-05 18:45:09,236] {logging_mixin.py:115} INFO - [2022-08-05 18:45:09,236] {dag.py:2371} INFO - Sync 1 DAGs
[2022-08-05 18:45:09,323] {logging_mixin.py:115} INFO - [2022-08-05 18:45:09,323] {dag.py:2919} INFO - Setting next_dagrun for example_complex to None, run_after=None
[2022-08-05 18:45:09,330] {processor.py:161} INFO - Processing /home/airflow/.local/lib/python3.7/site-packages/airflow/example_dags/example_complex.py took 0.127 seconds
[2022-08-05 18:45:40,189] {processor.py:153} INFO - Started process (PID=973) to work on /home/airflow/.local/lib/python3.7/site-packages/airflow/example_dags/example_complex.py
[2022-08-05 18:45:40,193] {processor.py:641} INFO - Processing file /home/airflow/.local/lib/python3.7/site-packages/airflow/example_dags/example_complex.py for tasks to queue
[2022-08-05 18:45:40,195] {logging_mixin.py:115} INFO - [2022-08-05 18:45:40,195] {dagbag.py:507} INFO - Filling up the DagBag from /home/airflow/.local/lib/python3.7/site-packages/airflow/example_dags/example_complex.py
[2022-08-05 18:45:40,210] {processor.py:651} INFO - DAG(s) dict_keys(['example_complex']) retrieved from /home/airflow/.local/lib/python3.7/site-packages/airflow/example_dags/example_complex.py
[2022-08-05 18:45:40,234] {logging_mixin.py:115} INFO - [2022-08-05 18:45:40,234] {dag.py:2371} INFO - Sync 1 DAGs
[2022-08-05 18:45:40,318] {logging_mixin.py:115} INFO - [2022-08-05 18:45:40,318] {dag.py:2919} INFO - Setting next_dagrun for example_complex to None, run_after=None
[2022-08-05 18:45:40,325] {processor.py:161} INFO - Processing /home/airflow/.local/lib/python3.7/site-packages/airflow/example_dags/example_complex.py took 0.142 seconds
[2022-08-05 18:46:11,074] {processor.py:153} INFO - Started process (PID=1035) to work on /home/airflow/.local/lib/python3.7/site-packages/airflow/example_dags/example_complex.py
[2022-08-05 18:46:11,078] {processor.py:641} INFO - Processing file /home/airflow/.local/lib/python3.7/site-packages/airflow/example_dags/example_complex.py for tasks to queue
[2022-08-05 18:46:11,081] {logging_mixin.py:115} INFO - [2022-08-05 18:46:11,081] {dagbag.py:507} INFO - Filling up the DagBag from /home/airflow/.local/lib/python3.7/site-packages/airflow/example_dags/example_complex.py
[2022-08-05 18:46:11,099] {processor.py:651} INFO - DAG(s) dict_keys(['example_complex']) retrieved from /home/airflow/.local/lib/python3.7/site-packages/airflow/example_dags/example_complex.py
[2022-08-05 18:46:11,120] {logging_mixin.py:115} INFO - [2022-08-05 18:46:11,120] {dag.py:2371} INFO - Sync 1 DAGs
[2022-08-05 18:46:11,203] {logging_mixin.py:115} INFO - [2022-08-05 18:46:11,203] {dag.py:2919} INFO - Setting next_dagrun for example_complex to None, run_after=None
[2022-08-05 18:46:11,211] {processor.py:161} INFO - Processing /home/airflow/.local/lib/python3.7/site-packages/airflow/example_dags/example_complex.py took 0.144 seconds
[2022-08-05 18:46:41,931] {processor.py:153} INFO - Started process (PID=1098) to work on /home/airflow/.local/lib/python3.7/site-packages/airflow/example_dags/example_complex.py
[2022-08-05 18:46:41,935] {processor.py:641} INFO - Processing file /home/airflow/.local/lib/python3.7/site-packages/airflow/example_dags/example_complex.py for tasks to queue
[2022-08-05 18:46:41,937] {logging_mixin.py:115} INFO - [2022-08-05 18:46:41,937] {dagbag.py:507} INFO - Filling up the DagBag from /home/airflow/.local/lib/python3.7/site-packages/airflow/example_dags/example_complex.py
[2022-08-05 18:46:41,952] {processor.py:651} INFO - DAG(s) dict_keys(['example_complex']) retrieved from /home/airflow/.local/lib/python3.7/site-packages/airflow/example_dags/example_complex.py
[2022-08-05 18:46:41,976] {logging_mixin.py:115} INFO - [2022-08-05 18:46:41,976] {dag.py:2371} INFO - Sync 1 DAGs
[2022-08-05 18:46:42,061] {logging_mixin.py:115} INFO - [2022-08-05 18:46:42,061] {dag.py:2919} INFO - Setting next_dagrun for example_complex to None, run_after=None
[2022-08-05 18:46:42,069] {processor.py:161} INFO - Processing /home/airflow/.local/lib/python3.7/site-packages/airflow/example_dags/example_complex.py took 0.144 seconds
[2022-08-05 18:47:12,732] {processor.py:153} INFO - Started process (PID=1160) to work on /home/airflow/.local/lib/python3.7/site-packages/airflow/example_dags/example_complex.py
[2022-08-05 18:47:12,734] {processor.py:641} INFO - Processing file /home/airflow/.local/lib/python3.7/site-packages/airflow/example_dags/example_complex.py for tasks to queue
[2022-08-05 18:47:12,736] {logging_mixin.py:115} INFO - [2022-08-05 18:47:12,736] {dagbag.py:507} INFO - Filling up the DagBag from /home/airflow/.local/lib/python3.7/site-packages/airflow/example_dags/example_complex.py
[2022-08-05 18:47:12,747] {processor.py:651} INFO - DAG(s) dict_keys(['example_complex']) retrieved from /home/airflow/.local/lib/python3.7/site-packages/airflow/example_dags/example_complex.py
[2022-08-05 18:47:12,767] {logging_mixin.py:115} INFO - [2022-08-05 18:47:12,767] {dag.py:2371} INFO - Sync 1 DAGs
[2022-08-05 18:47:12,857] {logging_mixin.py:115} INFO - [2022-08-05 18:47:12,857] {dag.py:2919} INFO - Setting next_dagrun for example_complex to None, run_after=None
[2022-08-05 18:47:12,864] {processor.py:161} INFO - Processing /home/airflow/.local/lib/python3.7/site-packages/airflow/example_dags/example_complex.py took 0.138 seconds
[2022-08-05 18:47:43,653] {processor.py:153} INFO - Started process (PID=1223) to work on /home/airflow/.local/lib/python3.7/site-packages/airflow/example_dags/example_complex.py
[2022-08-05 18:47:43,656] {processor.py:641} INFO - Processing file /home/airflow/.local/lib/python3.7/site-packages/airflow/example_dags/example_complex.py for tasks to queue
[2022-08-05 18:47:43,657] {logging_mixin.py:115} INFO - [2022-08-05 18:47:43,657] {dagbag.py:507} INFO - Filling up the DagBag from /home/airflow/.local/lib/python3.7/site-packages/airflow/example_dags/example_complex.py
[2022-08-05 18:47:43,666] {processor.py:651} INFO - DAG(s) dict_keys(['example_complex']) retrieved from /home/airflow/.local/lib/python3.7/site-packages/airflow/example_dags/example_complex.py
[2022-08-05 18:47:43,682] {logging_mixin.py:115} INFO - [2022-08-05 18:47:43,682] {dag.py:2371} INFO - Sync 1 DAGs
[2022-08-05 18:47:43,766] {logging_mixin.py:115} INFO - [2022-08-05 18:47:43,765] {dag.py:2919} INFO - Setting next_dagrun for example_complex to None, run_after=None
[2022-08-05 18:47:43,772] {processor.py:161} INFO - Processing /home/airflow/.local/lib/python3.7/site-packages/airflow/example_dags/example_complex.py took 0.123 seconds
[2022-08-05 18:48:14,525] {processor.py:153} INFO - Started process (PID=1285) to work on /home/airflow/.local/lib/python3.7/site-packages/airflow/example_dags/example_complex.py
[2022-08-05 18:48:14,528] {processor.py:641} INFO - Processing file /home/airflow/.local/lib/python3.7/site-packages/airflow/example_dags/example_complex.py for tasks to queue
[2022-08-05 18:48:14,529] {logging_mixin.py:115} INFO - [2022-08-05 18:48:14,529] {dagbag.py:507} INFO - Filling up the DagBag from /home/airflow/.local/lib/python3.7/site-packages/airflow/example_dags/example_complex.py
[2022-08-05 18:48:14,537] {processor.py:651} INFO - DAG(s) dict_keys(['example_complex']) retrieved from /home/airflow/.local/lib/python3.7/site-packages/airflow/example_dags/example_complex.py
[2022-08-05 18:48:14,555] {logging_mixin.py:115} INFO - [2022-08-05 18:48:14,555] {dag.py:2371} INFO - Sync 1 DAGs
[2022-08-05 18:48:14,636] {logging_mixin.py:115} INFO - [2022-08-05 18:48:14,636] {dag.py:2919} INFO - Setting next_dagrun for example_complex to None, run_after=None
[2022-08-05 18:48:14,644] {processor.py:161} INFO - Processing /home/airflow/.local/lib/python3.7/site-packages/airflow/example_dags/example_complex.py took 0.122 seconds
[2022-08-05 18:48:45,402] {processor.py:153} INFO - Started process (PID=1348) to work on /home/airflow/.local/lib/python3.7/site-packages/airflow/example_dags/example_complex.py
[2022-08-05 18:48:45,405] {processor.py:641} INFO - Processing file /home/airflow/.local/lib/python3.7/site-packages/airflow/example_dags/example_complex.py for tasks to queue
[2022-08-05 18:48:45,407] {logging_mixin.py:115} INFO - [2022-08-05 18:48:45,407] {dagbag.py:507} INFO - Filling up the DagBag from /home/airflow/.local/lib/python3.7/site-packages/airflow/example_dags/example_complex.py
[2022-08-05 18:48:45,421] {processor.py:651} INFO - DAG(s) dict_keys(['example_complex']) retrieved from /home/airflow/.local/lib/python3.7/site-packages/airflow/example_dags/example_complex.py
[2022-08-05 18:48:45,447] {logging_mixin.py:115} INFO - [2022-08-05 18:48:45,447] {dag.py:2371} INFO - Sync 1 DAGs
[2022-08-05 18:48:45,528] {logging_mixin.py:115} INFO - [2022-08-05 18:48:45,528] {dag.py:2919} INFO - Setting next_dagrun for example_complex to None, run_after=None
[2022-08-05 18:48:45,535] {processor.py:161} INFO - Processing /home/airflow/.local/lib/python3.7/site-packages/airflow/example_dags/example_complex.py took 0.139 seconds
[2022-08-05 18:49:16,288] {processor.py:153} INFO - Started process (PID=1410) to work on /home/airflow/.local/lib/python3.7/site-packages/airflow/example_dags/example_complex.py
[2022-08-05 18:49:16,290] {processor.py:641} INFO - Processing file /home/airflow/.local/lib/python3.7/site-packages/airflow/example_dags/example_complex.py for tasks to queue
[2022-08-05 18:49:16,291] {logging_mixin.py:115} INFO - [2022-08-05 18:49:16,291] {dagbag.py:507} INFO - Filling up the DagBag from /home/airflow/.local/lib/python3.7/site-packages/airflow/example_dags/example_complex.py
[2022-08-05 18:49:16,299] {processor.py:651} INFO - DAG(s) dict_keys(['example_complex']) retrieved from /home/airflow/.local/lib/python3.7/site-packages/airflow/example_dags/example_complex.py
[2022-08-05 18:49:16,317] {logging_mixin.py:115} INFO - [2022-08-05 18:49:16,317] {dag.py:2371} INFO - Sync 1 DAGs
[2022-08-05 18:49:16,404] {logging_mixin.py:115} INFO - [2022-08-05 18:49:16,404] {dag.py:2919} INFO - Setting next_dagrun for example_complex to None, run_after=None
[2022-08-05 18:49:16,412] {processor.py:161} INFO - Processing /home/airflow/.local/lib/python3.7/site-packages/airflow/example_dags/example_complex.py took 0.127 seconds
[2022-08-05 18:49:47,238] {processor.py:153} INFO - Started process (PID=1463) to work on /home/airflow/.local/lib/python3.7/site-packages/airflow/example_dags/example_complex.py
[2022-08-05 18:49:47,239] {processor.py:641} INFO - Processing file /home/airflow/.local/lib/python3.7/site-packages/airflow/example_dags/example_complex.py for tasks to queue
[2022-08-05 18:49:47,241] {logging_mixin.py:115} INFO - [2022-08-05 18:49:47,241] {dagbag.py:507} INFO - Filling up the DagBag from /home/airflow/.local/lib/python3.7/site-packages/airflow/example_dags/example_complex.py
[2022-08-05 18:49:47,250] {processor.py:651} INFO - DAG(s) dict_keys(['example_complex']) retrieved from /home/airflow/.local/lib/python3.7/site-packages/airflow/example_dags/example_complex.py
[2022-08-05 18:49:47,269] {logging_mixin.py:115} INFO - [2022-08-05 18:49:47,269] {dag.py:2371} INFO - Sync 1 DAGs
[2022-08-05 18:49:47,358] {logging_mixin.py:115} INFO - [2022-08-05 18:49:47,358] {dag.py:2919} INFO - Setting next_dagrun for example_complex to None, run_after=None
[2022-08-05 18:49:47,366] {processor.py:161} INFO - Processing /home/airflow/.local/lib/python3.7/site-packages/airflow/example_dags/example_complex.py took 0.130 seconds
[2022-08-05 18:50:17,969] {processor.py:153} INFO - Started process (PID=1526) to work on /home/airflow/.local/lib/python3.7/site-packages/airflow/example_dags/example_complex.py
[2022-08-05 18:50:17,971] {processor.py:641} INFO - Processing file /home/airflow/.local/lib/python3.7/site-packages/airflow/example_dags/example_complex.py for tasks to queue
[2022-08-05 18:50:17,972] {logging_mixin.py:115} INFO - [2022-08-05 18:50:17,972] {dagbag.py:507} INFO - Filling up the DagBag from /home/airflow/.local/lib/python3.7/site-packages/airflow/example_dags/example_complex.py
[2022-08-05 18:50:17,979] {processor.py:651} INFO - DAG(s) dict_keys(['example_complex']) retrieved from /home/airflow/.local/lib/python3.7/site-packages/airflow/example_dags/example_complex.py
[2022-08-05 18:50:17,996] {logging_mixin.py:115} INFO - [2022-08-05 18:50:17,996] {dag.py:2371} INFO - Sync 1 DAGs
[2022-08-05 18:50:18,078] {logging_mixin.py:115} INFO - [2022-08-05 18:50:18,078] {dag.py:2919} INFO - Setting next_dagrun for example_complex to None, run_after=None
[2022-08-05 18:50:18,085] {processor.py:161} INFO - Processing /home/airflow/.local/lib/python3.7/site-packages/airflow/example_dags/example_complex.py took 0.118 seconds
[2022-08-05 18:50:48,701] {processor.py:153} INFO - Started process (PID=1589) to work on /home/airflow/.local/lib/python3.7/site-packages/airflow/example_dags/example_complex.py
[2022-08-05 18:50:48,705] {processor.py:641} INFO - Processing file /home/airflow/.local/lib/python3.7/site-packages/airflow/example_dags/example_complex.py for tasks to queue
[2022-08-05 18:50:48,707] {logging_mixin.py:115} INFO - [2022-08-05 18:50:48,707] {dagbag.py:507} INFO - Filling up the DagBag from /home/airflow/.local/lib/python3.7/site-packages/airflow/example_dags/example_complex.py
[2022-08-05 18:50:48,721] {processor.py:651} INFO - DAG(s) dict_keys(['example_complex']) retrieved from /home/airflow/.local/lib/python3.7/site-packages/airflow/example_dags/example_complex.py
[2022-08-05 18:50:48,746] {logging_mixin.py:115} INFO - [2022-08-05 18:50:48,746] {dag.py:2371} INFO - Sync 1 DAGs
[2022-08-05 18:50:48,826] {logging_mixin.py:115} INFO - [2022-08-05 18:50:48,826] {dag.py:2919} INFO - Setting next_dagrun for example_complex to None, run_after=None
[2022-08-05 18:50:48,833] {processor.py:161} INFO - Processing /home/airflow/.local/lib/python3.7/site-packages/airflow/example_dags/example_complex.py took 0.137 seconds
[2022-08-05 18:51:19,484] {processor.py:153} INFO - Started process (PID=1651) to work on /home/airflow/.local/lib/python3.7/site-packages/airflow/example_dags/example_complex.py
[2022-08-05 18:51:19,487] {processor.py:641} INFO - Processing file /home/airflow/.local/lib/python3.7/site-packages/airflow/example_dags/example_complex.py for tasks to queue
[2022-08-05 18:51:19,489] {logging_mixin.py:115} INFO - [2022-08-05 18:51:19,489] {dagbag.py:507} INFO - Filling up the DagBag from /home/airflow/.local/lib/python3.7/site-packages/airflow/example_dags/example_complex.py
[2022-08-05 18:51:19,500] {processor.py:651} INFO - DAG(s) dict_keys(['example_complex']) retrieved from /home/airflow/.local/lib/python3.7/site-packages/airflow/example_dags/example_complex.py
[2022-08-05 18:51:19,524] {logging_mixin.py:115} INFO - [2022-08-05 18:51:19,524] {dag.py:2371} INFO - Sync 1 DAGs
[2022-08-05 18:51:19,604] {logging_mixin.py:115} INFO - [2022-08-05 18:51:19,603] {dag.py:2919} INFO - Setting next_dagrun for example_complex to None, run_after=None
[2022-08-05 18:51:19,612] {processor.py:161} INFO - Processing /home/airflow/.local/lib/python3.7/site-packages/airflow/example_dags/example_complex.py took 0.132 seconds
[2022-08-05 18:51:50,621] {processor.py:153} INFO - Started process (PID=1713) to work on /home/airflow/.local/lib/python3.7/site-packages/airflow/example_dags/example_complex.py
[2022-08-05 18:51:50,624] {processor.py:641} INFO - Processing file /home/airflow/.local/lib/python3.7/site-packages/airflow/example_dags/example_complex.py for tasks to queue
[2022-08-05 18:51:50,626] {logging_mixin.py:115} INFO - [2022-08-05 18:51:50,626] {dagbag.py:507} INFO - Filling up the DagBag from /home/airflow/.local/lib/python3.7/site-packages/airflow/example_dags/example_complex.py
[2022-08-05 18:51:50,639] {processor.py:651} INFO - DAG(s) dict_keys(['example_complex']) retrieved from /home/airflow/.local/lib/python3.7/site-packages/airflow/example_dags/example_complex.py
[2022-08-05 18:51:50,662] {logging_mixin.py:115} INFO - [2022-08-05 18:51:50,662] {dag.py:2371} INFO - Sync 1 DAGs
[2022-08-05 18:51:50,742] {logging_mixin.py:115} INFO - [2022-08-05 18:51:50,742] {dag.py:2919} INFO - Setting next_dagrun for example_complex to None, run_after=None
[2022-08-05 18:51:50,750] {processor.py:161} INFO - Processing /home/airflow/.local/lib/python3.7/site-packages/airflow/example_dags/example_complex.py took 0.137 seconds
[2022-08-05 18:52:21,435] {processor.py:153} INFO - Started process (PID=1775) to work on /home/airflow/.local/lib/python3.7/site-packages/airflow/example_dags/example_complex.py
[2022-08-05 18:52:21,438] {processor.py:641} INFO - Processing file /home/airflow/.local/lib/python3.7/site-packages/airflow/example_dags/example_complex.py for tasks to queue
[2022-08-05 18:52:21,441] {logging_mixin.py:115} INFO - [2022-08-05 18:52:21,441] {dagbag.py:507} INFO - Filling up the DagBag from /home/airflow/.local/lib/python3.7/site-packages/airflow/example_dags/example_complex.py
[2022-08-05 18:52:21,455] {processor.py:651} INFO - DAG(s) dict_keys(['example_complex']) retrieved from /home/airflow/.local/lib/python3.7/site-packages/airflow/example_dags/example_complex.py
[2022-08-05 18:52:21,479] {logging_mixin.py:115} INFO - [2022-08-05 18:52:21,479] {dag.py:2371} INFO - Sync 1 DAGs
[2022-08-05 18:52:21,559] {logging_mixin.py:115} INFO - [2022-08-05 18:52:21,559] {dag.py:2919} INFO - Setting next_dagrun for example_complex to None, run_after=None
[2022-08-05 18:52:21,566] {processor.py:161} INFO - Processing /home/airflow/.local/lib/python3.7/site-packages/airflow/example_dags/example_complex.py took 0.137 seconds
[2022-08-05 18:52:52,126] {processor.py:153} INFO - Started process (PID=1837) to work on /home/airflow/.local/lib/python3.7/site-packages/airflow/example_dags/example_complex.py
[2022-08-05 18:52:52,127] {processor.py:641} INFO - Processing file /home/airflow/.local/lib/python3.7/site-packages/airflow/example_dags/example_complex.py for tasks to queue
[2022-08-05 18:52:52,129] {logging_mixin.py:115} INFO - [2022-08-05 18:52:52,129] {dagbag.py:507} INFO - Filling up the DagBag from /home/airflow/.local/lib/python3.7/site-packages/airflow/example_dags/example_complex.py
[2022-08-05 18:52:52,142] {processor.py:651} INFO - DAG(s) dict_keys(['example_complex']) retrieved from /home/airflow/.local/lib/python3.7/site-packages/airflow/example_dags/example_complex.py
[2022-08-05 18:52:52,166] {logging_mixin.py:115} INFO - [2022-08-05 18:52:52,166] {dag.py:2371} INFO - Sync 1 DAGs
[2022-08-05 18:52:52,263] {logging_mixin.py:115} INFO - [2022-08-05 18:52:52,263] {dag.py:2919} INFO - Setting next_dagrun for example_complex to None, run_after=None
[2022-08-05 18:52:52,270] {processor.py:161} INFO - Processing /home/airflow/.local/lib/python3.7/site-packages/airflow/example_dags/example_complex.py took 0.148 seconds
[2022-08-05 18:53:23,111] {processor.py:153} INFO - Started process (PID=1899) to work on /home/airflow/.local/lib/python3.7/site-packages/airflow/example_dags/example_complex.py
[2022-08-05 18:53:23,113] {processor.py:641} INFO - Processing file /home/airflow/.local/lib/python3.7/site-packages/airflow/example_dags/example_complex.py for tasks to queue
[2022-08-05 18:53:23,115] {logging_mixin.py:115} INFO - [2022-08-05 18:53:23,115] {dagbag.py:507} INFO - Filling up the DagBag from /home/airflow/.local/lib/python3.7/site-packages/airflow/example_dags/example_complex.py
[2022-08-05 18:53:23,124] {processor.py:651} INFO - DAG(s) dict_keys(['example_complex']) retrieved from /home/airflow/.local/lib/python3.7/site-packages/airflow/example_dags/example_complex.py
[2022-08-05 18:53:23,142] {logging_mixin.py:115} INFO - [2022-08-05 18:53:23,141] {dag.py:2371} INFO - Sync 1 DAGs
[2022-08-05 18:53:23,225] {logging_mixin.py:115} INFO - [2022-08-05 18:53:23,225] {dag.py:2919} INFO - Setting next_dagrun for example_complex to None, run_after=None
[2022-08-05 18:53:23,232] {processor.py:161} INFO - Processing /home/airflow/.local/lib/python3.7/site-packages/airflow/example_dags/example_complex.py took 0.123 seconds
[2022-08-05 18:53:53,833] {processor.py:153} INFO - Started process (PID=1952) to work on /home/airflow/.local/lib/python3.7/site-packages/airflow/example_dags/example_complex.py
[2022-08-05 18:53:53,835] {processor.py:641} INFO - Processing file /home/airflow/.local/lib/python3.7/site-packages/airflow/example_dags/example_complex.py for tasks to queue
[2022-08-05 18:53:53,836] {logging_mixin.py:115} INFO - [2022-08-05 18:53:53,836] {dagbag.py:507} INFO - Filling up the DagBag from /home/airflow/.local/lib/python3.7/site-packages/airflow/example_dags/example_complex.py
[2022-08-05 18:53:53,845] {processor.py:651} INFO - DAG(s) dict_keys(['example_complex']) retrieved from /home/airflow/.local/lib/python3.7/site-packages/airflow/example_dags/example_complex.py
[2022-08-05 18:53:53,869] {logging_mixin.py:115} INFO - [2022-08-05 18:53:53,869] {dag.py:2371} INFO - Sync 1 DAGs
[2022-08-05 18:53:53,994] {logging_mixin.py:115} INFO - [2022-08-05 18:53:53,994] {dag.py:2919} INFO - Setting next_dagrun for example_complex to None, run_after=None
[2022-08-05 18:53:54,007] {processor.py:161} INFO - Processing /home/airflow/.local/lib/python3.7/site-packages/airflow/example_dags/example_complex.py took 0.177 seconds
[2022-08-05 18:54:24,790] {processor.py:153} INFO - Started process (PID=2014) to work on /home/airflow/.local/lib/python3.7/site-packages/airflow/example_dags/example_complex.py
[2022-08-05 18:54:24,794] {processor.py:641} INFO - Processing file /home/airflow/.local/lib/python3.7/site-packages/airflow/example_dags/example_complex.py for tasks to queue
[2022-08-05 18:54:24,797] {logging_mixin.py:115} INFO - [2022-08-05 18:54:24,797] {dagbag.py:507} INFO - Filling up the DagBag from /home/airflow/.local/lib/python3.7/site-packages/airflow/example_dags/example_complex.py
[2022-08-05 18:54:24,812] {processor.py:651} INFO - DAG(s) dict_keys(['example_complex']) retrieved from /home/airflow/.local/lib/python3.7/site-packages/airflow/example_dags/example_complex.py
[2022-08-05 18:54:24,834] {logging_mixin.py:115} INFO - [2022-08-05 18:54:24,834] {dag.py:2371} INFO - Sync 1 DAGs
[2022-08-05 18:54:24,913] {logging_mixin.py:115} INFO - [2022-08-05 18:54:24,913] {dag.py:2919} INFO - Setting next_dagrun for example_complex to None, run_after=None
[2022-08-05 18:54:24,921] {processor.py:161} INFO - Processing /home/airflow/.local/lib/python3.7/site-packages/airflow/example_dags/example_complex.py took 0.136 seconds
[2022-08-05 18:54:55,649] {processor.py:153} INFO - Started process (PID=2076) to work on /home/airflow/.local/lib/python3.7/site-packages/airflow/example_dags/example_complex.py
[2022-08-05 18:54:55,651] {processor.py:641} INFO - Processing file /home/airflow/.local/lib/python3.7/site-packages/airflow/example_dags/example_complex.py for tasks to queue
[2022-08-05 18:54:55,652] {logging_mixin.py:115} INFO - [2022-08-05 18:54:55,652] {dagbag.py:507} INFO - Filling up the DagBag from /home/airflow/.local/lib/python3.7/site-packages/airflow/example_dags/example_complex.py
[2022-08-05 18:54:55,660] {processor.py:651} INFO - DAG(s) dict_keys(['example_complex']) retrieved from /home/airflow/.local/lib/python3.7/site-packages/airflow/example_dags/example_complex.py
[2022-08-05 18:54:55,680] {logging_mixin.py:115} INFO - [2022-08-05 18:54:55,680] {dag.py:2371} INFO - Sync 1 DAGs
[2022-08-05 18:54:55,762] {logging_mixin.py:115} INFO - [2022-08-05 18:54:55,762] {dag.py:2919} INFO - Setting next_dagrun for example_complex to None, run_after=None
[2022-08-05 18:54:55,769] {processor.py:161} INFO - Processing /home/airflow/.local/lib/python3.7/site-packages/airflow/example_dags/example_complex.py took 0.122 seconds
[2022-08-05 18:55:26,533] {processor.py:153} INFO - Started process (PID=2139) to work on /home/airflow/.local/lib/python3.7/site-packages/airflow/example_dags/example_complex.py
[2022-08-05 18:55:26,536] {processor.py:641} INFO - Processing file /home/airflow/.local/lib/python3.7/site-packages/airflow/example_dags/example_complex.py for tasks to queue
[2022-08-05 18:55:26,539] {logging_mixin.py:115} INFO - [2022-08-05 18:55:26,538] {dagbag.py:507} INFO - Filling up the DagBag from /home/airflow/.local/lib/python3.7/site-packages/airflow/example_dags/example_complex.py
[2022-08-05 18:55:26,553] {processor.py:651} INFO - DAG(s) dict_keys(['example_complex']) retrieved from /home/airflow/.local/lib/python3.7/site-packages/airflow/example_dags/example_complex.py
[2022-08-05 18:55:26,578] {logging_mixin.py:115} INFO - [2022-08-05 18:55:26,578] {dag.py:2371} INFO - Sync 1 DAGs
[2022-08-05 18:55:26,658] {logging_mixin.py:115} INFO - [2022-08-05 18:55:26,658] {dag.py:2919} INFO - Setting next_dagrun for example_complex to None, run_after=None
[2022-08-05 18:55:26,665] {processor.py:161} INFO - Processing /home/airflow/.local/lib/python3.7/site-packages/airflow/example_dags/example_complex.py took 0.137 seconds
[2022-08-05 18:55:57,629] {processor.py:153} INFO - Started process (PID=2201) to work on /home/airflow/.local/lib/python3.7/site-packages/airflow/example_dags/example_complex.py
[2022-08-05 18:55:57,633] {processor.py:641} INFO - Processing file /home/airflow/.local/lib/python3.7/site-packages/airflow/example_dags/example_complex.py for tasks to queue
[2022-08-05 18:55:57,635] {logging_mixin.py:115} INFO - [2022-08-05 18:55:57,635] {dagbag.py:507} INFO - Filling up the DagBag from /home/airflow/.local/lib/python3.7/site-packages/airflow/example_dags/example_complex.py
[2022-08-05 18:55:57,645] {processor.py:651} INFO - DAG(s) dict_keys(['example_complex']) retrieved from /home/airflow/.local/lib/python3.7/site-packages/airflow/example_dags/example_complex.py
[2022-08-05 18:55:57,669] {logging_mixin.py:115} INFO - [2022-08-05 18:55:57,669] {dag.py:2371} INFO - Sync 1 DAGs
[2022-08-05 18:55:57,761] {logging_mixin.py:115} INFO - [2022-08-05 18:55:57,761] {dag.py:2919} INFO - Setting next_dagrun for example_complex to None, run_after=None
[2022-08-05 18:55:57,769] {processor.py:161} INFO - Processing /home/airflow/.local/lib/python3.7/site-packages/airflow/example_dags/example_complex.py took 0.143 seconds
[2022-08-05 18:56:28,599] {processor.py:153} INFO - Started process (PID=2263) to work on /home/airflow/.local/lib/python3.7/site-packages/airflow/example_dags/example_complex.py
[2022-08-05 18:56:28,602] {processor.py:641} INFO - Processing file /home/airflow/.local/lib/python3.7/site-packages/airflow/example_dags/example_complex.py for tasks to queue
[2022-08-05 18:56:28,603] {logging_mixin.py:115} INFO - [2022-08-05 18:56:28,603] {dagbag.py:507} INFO - Filling up the DagBag from /home/airflow/.local/lib/python3.7/site-packages/airflow/example_dags/example_complex.py
[2022-08-05 18:56:28,612] {processor.py:651} INFO - DAG(s) dict_keys(['example_complex']) retrieved from /home/airflow/.local/lib/python3.7/site-packages/airflow/example_dags/example_complex.py
[2022-08-05 18:56:28,631] {logging_mixin.py:115} INFO - [2022-08-05 18:56:28,631] {dag.py:2371} INFO - Sync 1 DAGs
[2022-08-05 18:56:28,712] {logging_mixin.py:115} INFO - [2022-08-05 18:56:28,712] {dag.py:2919} INFO - Setting next_dagrun for example_complex to None, run_after=None
[2022-08-05 18:56:28,720] {processor.py:161} INFO - Processing /home/airflow/.local/lib/python3.7/site-packages/airflow/example_dags/example_complex.py took 0.124 seconds
[2022-08-05 18:56:59,470] {processor.py:153} INFO - Started process (PID=2325) to work on /home/airflow/.local/lib/python3.7/site-packages/airflow/example_dags/example_complex.py
[2022-08-05 18:56:59,473] {processor.py:641} INFO - Processing file /home/airflow/.local/lib/python3.7/site-packages/airflow/example_dags/example_complex.py for tasks to queue
[2022-08-05 18:56:59,475] {logging_mixin.py:115} INFO - [2022-08-05 18:56:59,475] {dagbag.py:507} INFO - Filling up the DagBag from /home/airflow/.local/lib/python3.7/site-packages/airflow/example_dags/example_complex.py
[2022-08-05 18:56:59,489] {processor.py:651} INFO - DAG(s) dict_keys(['example_complex']) retrieved from /home/airflow/.local/lib/python3.7/site-packages/airflow/example_dags/example_complex.py
[2022-08-05 18:56:59,512] {logging_mixin.py:115} INFO - [2022-08-05 18:56:59,512] {dag.py:2371} INFO - Sync 1 DAGs
[2022-08-05 18:56:59,593] {logging_mixin.py:115} INFO - [2022-08-05 18:56:59,593] {dag.py:2919} INFO - Setting next_dagrun for example_complex to None, run_after=None
[2022-08-05 18:56:59,601] {processor.py:161} INFO - Processing /home/airflow/.local/lib/python3.7/site-packages/airflow/example_dags/example_complex.py took 0.138 seconds
[2022-08-05 18:57:30,272] {processor.py:153} INFO - Started process (PID=2389) to work on /home/airflow/.local/lib/python3.7/site-packages/airflow/example_dags/example_complex.py
[2022-08-05 18:57:30,276] {processor.py:641} INFO - Processing file /home/airflow/.local/lib/python3.7/site-packages/airflow/example_dags/example_complex.py for tasks to queue
[2022-08-05 18:57:30,279] {logging_mixin.py:115} INFO - [2022-08-05 18:57:30,279] {dagbag.py:507} INFO - Filling up the DagBag from /home/airflow/.local/lib/python3.7/site-packages/airflow/example_dags/example_complex.py
[2022-08-05 18:57:30,295] {processor.py:651} INFO - DAG(s) dict_keys(['example_complex']) retrieved from /home/airflow/.local/lib/python3.7/site-packages/airflow/example_dags/example_complex.py
[2022-08-05 18:57:30,316] {logging_mixin.py:115} INFO - [2022-08-05 18:57:30,316] {dag.py:2371} INFO - Sync 1 DAGs
[2022-08-05 18:57:30,399] {logging_mixin.py:115} INFO - [2022-08-05 18:57:30,399] {dag.py:2919} INFO - Setting next_dagrun for example_complex to None, run_after=None
[2022-08-05 18:57:30,406] {processor.py:161} INFO - Processing /home/airflow/.local/lib/python3.7/site-packages/airflow/example_dags/example_complex.py took 0.138 seconds
[2022-08-05 18:58:01,157] {processor.py:153} INFO - Started process (PID=2451) to work on /home/airflow/.local/lib/python3.7/site-packages/airflow/example_dags/example_complex.py
[2022-08-05 18:58:01,159] {processor.py:641} INFO - Processing file /home/airflow/.local/lib/python3.7/site-packages/airflow/example_dags/example_complex.py for tasks to queue
[2022-08-05 18:58:01,160] {logging_mixin.py:115} INFO - [2022-08-05 18:58:01,160] {dagbag.py:507} INFO - Filling up the DagBag from /home/airflow/.local/lib/python3.7/site-packages/airflow/example_dags/example_complex.py
[2022-08-05 18:58:01,173] {processor.py:651} INFO - DAG(s) dict_keys(['example_complex']) retrieved from /home/airflow/.local/lib/python3.7/site-packages/airflow/example_dags/example_complex.py
[2022-08-05 18:58:01,273] {logging_mixin.py:115} INFO - [2022-08-05 18:58:01,273] {dag.py:2371} INFO - Sync 1 DAGs
[2022-08-05 18:58:01,285] {logging_mixin.py:115} INFO - [2022-08-05 18:58:01,285] {dag.py:2919} INFO - Setting next_dagrun for example_complex to None, run_after=None
[2022-08-05 18:58:01,292] {processor.py:161} INFO - Processing /home/airflow/.local/lib/python3.7/site-packages/airflow/example_dags/example_complex.py took 0.137 seconds
[2022-08-05 18:58:32,098] {processor.py:153} INFO - Started process (PID=2504) to work on /home/airflow/.local/lib/python3.7/site-packages/airflow/example_dags/example_complex.py
[2022-08-05 18:58:32,100] {processor.py:641} INFO - Processing file /home/airflow/.local/lib/python3.7/site-packages/airflow/example_dags/example_complex.py for tasks to queue
[2022-08-05 18:58:32,105] {logging_mixin.py:115} INFO - [2022-08-05 18:58:32,104] {dagbag.py:507} INFO - Filling up the DagBag from /home/airflow/.local/lib/python3.7/site-packages/airflow/example_dags/example_complex.py
[2022-08-05 18:58:32,119] {processor.py:651} INFO - DAG(s) dict_keys(['example_complex']) retrieved from /home/airflow/.local/lib/python3.7/site-packages/airflow/example_dags/example_complex.py
[2022-08-05 18:58:32,210] {logging_mixin.py:115} INFO - [2022-08-05 18:58:32,210] {dag.py:2371} INFO - Sync 1 DAGs
[2022-08-05 18:58:32,221] {logging_mixin.py:115} INFO - [2022-08-05 18:58:32,221] {dag.py:2919} INFO - Setting next_dagrun for example_complex to None, run_after=None
[2022-08-05 18:58:32,228] {processor.py:161} INFO - Processing /home/airflow/.local/lib/python3.7/site-packages/airflow/example_dags/example_complex.py took 0.135 seconds
[2022-08-05 18:59:02,960] {processor.py:153} INFO - Started process (PID=2566) to work on /home/airflow/.local/lib/python3.7/site-packages/airflow/example_dags/example_complex.py
[2022-08-05 18:59:02,962] {processor.py:641} INFO - Processing file /home/airflow/.local/lib/python3.7/site-packages/airflow/example_dags/example_complex.py for tasks to queue
[2022-08-05 18:59:02,964] {logging_mixin.py:115} INFO - [2022-08-05 18:59:02,964] {dagbag.py:507} INFO - Filling up the DagBag from /home/airflow/.local/lib/python3.7/site-packages/airflow/example_dags/example_complex.py
[2022-08-05 18:59:02,980] {processor.py:651} INFO - DAG(s) dict_keys(['example_complex']) retrieved from /home/airflow/.local/lib/python3.7/site-packages/airflow/example_dags/example_complex.py
[2022-08-05 18:59:03,075] {logging_mixin.py:115} INFO - [2022-08-05 18:59:03,075] {dag.py:2371} INFO - Sync 1 DAGs
[2022-08-05 18:59:03,085] {logging_mixin.py:115} INFO - [2022-08-05 18:59:03,085] {dag.py:2919} INFO - Setting next_dagrun for example_complex to None, run_after=None
[2022-08-05 18:59:03,091] {processor.py:161} INFO - Processing /home/airflow/.local/lib/python3.7/site-packages/airflow/example_dags/example_complex.py took 0.137 seconds
[2022-08-05 18:59:33,973] {processor.py:153} INFO - Started process (PID=2628) to work on /home/airflow/.local/lib/python3.7/site-packages/airflow/example_dags/example_complex.py
[2022-08-05 18:59:33,976] {processor.py:641} INFO - Processing file /home/airflow/.local/lib/python3.7/site-packages/airflow/example_dags/example_complex.py for tasks to queue
[2022-08-05 18:59:33,979] {logging_mixin.py:115} INFO - [2022-08-05 18:59:33,979] {dagbag.py:507} INFO - Filling up the DagBag from /home/airflow/.local/lib/python3.7/site-packages/airflow/example_dags/example_complex.py
[2022-08-05 18:59:33,999] {processor.py:651} INFO - DAG(s) dict_keys(['example_complex']) retrieved from /home/airflow/.local/lib/python3.7/site-packages/airflow/example_dags/example_complex.py
[2022-08-05 18:59:34,097] {logging_mixin.py:115} INFO - [2022-08-05 18:59:34,097] {dag.py:2371} INFO - Sync 1 DAGs
[2022-08-05 18:59:34,108] {logging_mixin.py:115} INFO - [2022-08-05 18:59:34,107] {dag.py:2919} INFO - Setting next_dagrun for example_complex to None, run_after=None
[2022-08-05 18:59:34,114] {processor.py:161} INFO - Processing /home/airflow/.local/lib/python3.7/site-packages/airflow/example_dags/example_complex.py took 0.146 seconds
[2022-08-05 19:00:04,769] {processor.py:153} INFO - Started process (PID=2691) to work on /home/airflow/.local/lib/python3.7/site-packages/airflow/example_dags/example_complex.py
[2022-08-05 19:00:04,773] {processor.py:641} INFO - Processing file /home/airflow/.local/lib/python3.7/site-packages/airflow/example_dags/example_complex.py for tasks to queue
[2022-08-05 19:00:04,776] {logging_mixin.py:115} INFO - [2022-08-05 19:00:04,776] {dagbag.py:507} INFO - Filling up the DagBag from /home/airflow/.local/lib/python3.7/site-packages/airflow/example_dags/example_complex.py
[2022-08-05 19:00:04,794] {processor.py:651} INFO - DAG(s) dict_keys(['example_complex']) retrieved from /home/airflow/.local/lib/python3.7/site-packages/airflow/example_dags/example_complex.py
[2022-08-05 19:00:04,892] {logging_mixin.py:115} INFO - [2022-08-05 19:00:04,892] {dag.py:2371} INFO - Sync 1 DAGs
[2022-08-05 19:00:04,901] {logging_mixin.py:115} INFO - [2022-08-05 19:00:04,901] {dag.py:2919} INFO - Setting next_dagrun for example_complex to None, run_after=None
[2022-08-05 19:00:04,908] {processor.py:161} INFO - Processing /home/airflow/.local/lib/python3.7/site-packages/airflow/example_dags/example_complex.py took 0.144 seconds
[2022-08-05 19:00:35,024] {processor.py:153} INFO - Started process (PID=2752) to work on /home/airflow/.local/lib/python3.7/site-packages/airflow/example_dags/example_complex.py
[2022-08-05 19:00:35,026] {processor.py:641} INFO - Processing file /home/airflow/.local/lib/python3.7/site-packages/airflow/example_dags/example_complex.py for tasks to queue
[2022-08-05 19:00:35,027] {logging_mixin.py:115} INFO - [2022-08-05 19:00:35,027] {dagbag.py:507} INFO - Filling up the DagBag from /home/airflow/.local/lib/python3.7/site-packages/airflow/example_dags/example_complex.py
[2022-08-05 19:00:35,037] {processor.py:651} INFO - DAG(s) dict_keys(['example_complex']) retrieved from /home/airflow/.local/lib/python3.7/site-packages/airflow/example_dags/example_complex.py
[2022-08-05 19:00:35,152] {logging_mixin.py:115} INFO - [2022-08-05 19:00:35,152] {dag.py:2371} INFO - Sync 1 DAGs
[2022-08-05 19:00:35,165] {logging_mixin.py:115} INFO - [2022-08-05 19:00:35,165] {dag.py:2919} INFO - Setting next_dagrun for example_complex to None, run_after=None
[2022-08-05 19:00:35,173] {processor.py:161} INFO - Processing /home/airflow/.local/lib/python3.7/site-packages/airflow/example_dags/example_complex.py took 0.151 seconds
[2022-08-05 19:01:05,302] {processor.py:153} INFO - Started process (PID=2814) to work on /home/airflow/.local/lib/python3.7/site-packages/airflow/example_dags/example_complex.py
[2022-08-05 19:01:05,306] {processor.py:641} INFO - Processing file /home/airflow/.local/lib/python3.7/site-packages/airflow/example_dags/example_complex.py for tasks to queue
[2022-08-05 19:01:05,308] {logging_mixin.py:115} INFO - [2022-08-05 19:01:05,308] {dagbag.py:507} INFO - Filling up the DagBag from /home/airflow/.local/lib/python3.7/site-packages/airflow/example_dags/example_complex.py
[2022-08-05 19:01:05,326] {processor.py:651} INFO - DAG(s) dict_keys(['example_complex']) retrieved from /home/airflow/.local/lib/python3.7/site-packages/airflow/example_dags/example_complex.py
[2022-08-05 19:01:05,422] {logging_mixin.py:115} INFO - [2022-08-05 19:01:05,422] {dag.py:2371} INFO - Sync 1 DAGs
[2022-08-05 19:01:05,431] {logging_mixin.py:115} INFO - [2022-08-05 19:01:05,431] {dag.py:2919} INFO - Setting next_dagrun for example_complex to None, run_after=None
[2022-08-05 19:01:05,438] {processor.py:161} INFO - Processing /home/airflow/.local/lib/python3.7/site-packages/airflow/example_dags/example_complex.py took 0.143 seconds
[2022-08-05 19:01:36,295] {processor.py:153} INFO - Started process (PID=2877) to work on /home/airflow/.local/lib/python3.7/site-packages/airflow/example_dags/example_complex.py
[2022-08-05 19:01:36,298] {processor.py:641} INFO - Processing file /home/airflow/.local/lib/python3.7/site-packages/airflow/example_dags/example_complex.py for tasks to queue
[2022-08-05 19:01:36,300] {logging_mixin.py:115} INFO - [2022-08-05 19:01:36,300] {dagbag.py:507} INFO - Filling up the DagBag from /home/airflow/.local/lib/python3.7/site-packages/airflow/example_dags/example_complex.py
[2022-08-05 19:01:36,314] {processor.py:651} INFO - DAG(s) dict_keys(['example_complex']) retrieved from /home/airflow/.local/lib/python3.7/site-packages/airflow/example_dags/example_complex.py
[2022-08-05 19:01:36,406] {logging_mixin.py:115} INFO - [2022-08-05 19:01:36,406] {dag.py:2371} INFO - Sync 1 DAGs
[2022-08-05 19:01:36,417] {logging_mixin.py:115} INFO - [2022-08-05 19:01:36,417] {dag.py:2919} INFO - Setting next_dagrun for example_complex to None, run_after=None
[2022-08-05 19:01:36,423] {processor.py:161} INFO - Processing /home/airflow/.local/lib/python3.7/site-packages/airflow/example_dags/example_complex.py took 0.132 seconds
[2022-08-05 19:02:07,269] {processor.py:153} INFO - Started process (PID=2930) to work on /home/airflow/.local/lib/python3.7/site-packages/airflow/example_dags/example_complex.py
[2022-08-05 19:02:07,272] {processor.py:641} INFO - Processing file /home/airflow/.local/lib/python3.7/site-packages/airflow/example_dags/example_complex.py for tasks to queue
[2022-08-05 19:02:07,274] {logging_mixin.py:115} INFO - [2022-08-05 19:02:07,274] {dagbag.py:507} INFO - Filling up the DagBag from /home/airflow/.local/lib/python3.7/site-packages/airflow/example_dags/example_complex.py
[2022-08-05 19:02:07,287] {processor.py:651} INFO - DAG(s) dict_keys(['example_complex']) retrieved from /home/airflow/.local/lib/python3.7/site-packages/airflow/example_dags/example_complex.py
[2022-08-05 19:02:07,385] {logging_mixin.py:115} INFO - [2022-08-05 19:02:07,385] {dag.py:2371} INFO - Sync 1 DAGs
[2022-08-05 19:02:07,395] {logging_mixin.py:115} INFO - [2022-08-05 19:02:07,395] {dag.py:2919} INFO - Setting next_dagrun for example_complex to None, run_after=None
[2022-08-05 19:02:07,401] {processor.py:161} INFO - Processing /home/airflow/.local/lib/python3.7/site-packages/airflow/example_dags/example_complex.py took 0.135 seconds
[2022-08-05 19:02:37,571] {processor.py:153} INFO - Started process (PID=2994) to work on /home/airflow/.local/lib/python3.7/site-packages/airflow/example_dags/example_complex.py
[2022-08-05 19:02:37,573] {processor.py:641} INFO - Processing file /home/airflow/.local/lib/python3.7/site-packages/airflow/example_dags/example_complex.py for tasks to queue
[2022-08-05 19:02:37,575] {logging_mixin.py:115} INFO - [2022-08-05 19:02:37,575] {dagbag.py:507} INFO - Filling up the DagBag from /home/airflow/.local/lib/python3.7/site-packages/airflow/example_dags/example_complex.py
[2022-08-05 19:02:37,592] {processor.py:651} INFO - DAG(s) dict_keys(['example_complex']) retrieved from /home/airflow/.local/lib/python3.7/site-packages/airflow/example_dags/example_complex.py
[2022-08-05 19:02:37,686] {logging_mixin.py:115} INFO - [2022-08-05 19:02:37,686] {dag.py:2371} INFO - Sync 1 DAGs
[2022-08-05 19:02:37,696] {logging_mixin.py:115} INFO - [2022-08-05 19:02:37,696] {dag.py:2919} INFO - Setting next_dagrun for example_complex to None, run_after=None
[2022-08-05 19:02:37,703] {processor.py:161} INFO - Processing /home/airflow/.local/lib/python3.7/site-packages/airflow/example_dags/example_complex.py took 0.136 seconds
[2022-08-05 19:03:07,904] {processor.py:153} INFO - Started process (PID=3055) to work on /home/airflow/.local/lib/python3.7/site-packages/airflow/example_dags/example_complex.py
[2022-08-05 19:03:07,906] {processor.py:641} INFO - Processing file /home/airflow/.local/lib/python3.7/site-packages/airflow/example_dags/example_complex.py for tasks to queue
[2022-08-05 19:03:07,908] {logging_mixin.py:115} INFO - [2022-08-05 19:03:07,908] {dagbag.py:507} INFO - Filling up the DagBag from /home/airflow/.local/lib/python3.7/site-packages/airflow/example_dags/example_complex.py
[2022-08-05 19:03:08,014] {processor.py:651} INFO - DAG(s) dict_keys(['example_complex']) retrieved from /home/airflow/.local/lib/python3.7/site-packages/airflow/example_dags/example_complex.py
[2022-08-05 19:03:08,030] {logging_mixin.py:115} INFO - [2022-08-05 19:03:08,030] {dag.py:2371} INFO - Sync 1 DAGs
[2022-08-05 19:03:08,049] {logging_mixin.py:115} INFO - [2022-08-05 19:03:08,049] {dag.py:2919} INFO - Setting next_dagrun for example_complex to None, run_after=None
[2022-08-05 19:03:08,156] {processor.py:161} INFO - Processing /home/airflow/.local/lib/python3.7/site-packages/airflow/example_dags/example_complex.py took 0.257 seconds
[2022-08-05 19:53:26,045] {processor.py:153} INFO - Started process (PID=3107) to work on /home/airflow/.local/lib/python3.7/site-packages/airflow/example_dags/example_complex.py
[2022-08-05 19:53:26,047] {processor.py:641} INFO - Processing file /home/airflow/.local/lib/python3.7/site-packages/airflow/example_dags/example_complex.py for tasks to queue
[2022-08-05 19:53:26,049] {logging_mixin.py:115} INFO - [2022-08-05 19:53:26,049] {dagbag.py:507} INFO - Filling up the DagBag from /home/airflow/.local/lib/python3.7/site-packages/airflow/example_dags/example_complex.py
[2022-08-05 19:53:26,057] {processor.py:651} INFO - DAG(s) dict_keys(['example_complex']) retrieved from /home/airflow/.local/lib/python3.7/site-packages/airflow/example_dags/example_complex.py
[2022-08-05 19:53:26,095] {logging_mixin.py:115} INFO - [2022-08-05 19:53:26,095] {dag.py:2371} INFO - Sync 1 DAGs
[2022-08-05 19:53:26,130] {logging_mixin.py:115} INFO - [2022-08-05 19:53:26,130] {dag.py:2919} INFO - Setting next_dagrun for example_complex to None, run_after=None
[2022-08-05 19:53:26,141] {processor.py:161} INFO - Processing /home/airflow/.local/lib/python3.7/site-packages/airflow/example_dags/example_complex.py took 0.098 seconds
[2022-08-05 20:42:19,794] {processor.py:153} INFO - Started process (PID=3165) to work on /home/airflow/.local/lib/python3.7/site-packages/airflow/example_dags/example_complex.py
[2022-08-05 20:42:19,796] {processor.py:641} INFO - Processing file /home/airflow/.local/lib/python3.7/site-packages/airflow/example_dags/example_complex.py for tasks to queue
[2022-08-05 20:42:19,797] {logging_mixin.py:115} INFO - [2022-08-05 20:42:19,797] {dagbag.py:507} INFO - Filling up the DagBag from /home/airflow/.local/lib/python3.7/site-packages/airflow/example_dags/example_complex.py
[2022-08-05 20:42:19,819] {processor.py:651} INFO - DAG(s) dict_keys(['example_complex']) retrieved from /home/airflow/.local/lib/python3.7/site-packages/airflow/example_dags/example_complex.py
[2022-08-05 20:42:19,863] {logging_mixin.py:115} INFO - [2022-08-05 20:42:19,863] {dag.py:2371} INFO - Sync 1 DAGs
[2022-08-05 20:42:19,889] {logging_mixin.py:115} INFO - [2022-08-05 20:42:19,889] {dag.py:2919} INFO - Setting next_dagrun for example_complex to None, run_after=None
[2022-08-05 20:42:19,908] {processor.py:161} INFO - Processing /home/airflow/.local/lib/python3.7/site-packages/airflow/example_dags/example_complex.py took 0.122 seconds
[2022-08-05 21:16:22,172] {processor.py:153} INFO - Started process (PID=3218) to work on /home/airflow/.local/lib/python3.7/site-packages/airflow/example_dags/example_complex.py
[2022-08-05 21:16:22,174] {processor.py:641} INFO - Processing file /home/airflow/.local/lib/python3.7/site-packages/airflow/example_dags/example_complex.py for tasks to queue
[2022-08-05 21:16:22,175] {logging_mixin.py:115} INFO - [2022-08-05 21:16:22,175] {dagbag.py:507} INFO - Filling up the DagBag from /home/airflow/.local/lib/python3.7/site-packages/airflow/example_dags/example_complex.py
[2022-08-05 21:16:22,183] {processor.py:651} INFO - DAG(s) dict_keys(['example_complex']) retrieved from /home/airflow/.local/lib/python3.7/site-packages/airflow/example_dags/example_complex.py
[2022-08-05 21:16:22,205] {logging_mixin.py:115} INFO - [2022-08-05 21:16:22,205] {dag.py:2371} INFO - Sync 1 DAGs
[2022-08-05 21:16:22,219] {logging_mixin.py:115} INFO - [2022-08-05 21:16:22,219] {dag.py:2919} INFO - Setting next_dagrun for example_complex to None, run_after=None
[2022-08-05 21:16:22,227] {processor.py:161} INFO - Processing /home/airflow/.local/lib/python3.7/site-packages/airflow/example_dags/example_complex.py took 0.057 seconds
[2022-08-05 22:06:30,936] {processor.py:153} INFO - Started process (PID=3279) to work on /home/airflow/.local/lib/python3.7/site-packages/airflow/example_dags/example_complex.py
[2022-08-05 22:06:30,938] {processor.py:641} INFO - Processing file /home/airflow/.local/lib/python3.7/site-packages/airflow/example_dags/example_complex.py for tasks to queue
[2022-08-05 22:06:30,939] {logging_mixin.py:115} INFO - [2022-08-05 22:06:30,939] {dagbag.py:507} INFO - Filling up the DagBag from /home/airflow/.local/lib/python3.7/site-packages/airflow/example_dags/example_complex.py
[2022-08-05 22:06:30,948] {processor.py:651} INFO - DAG(s) dict_keys(['example_complex']) retrieved from /home/airflow/.local/lib/python3.7/site-packages/airflow/example_dags/example_complex.py
[2022-08-05 22:06:30,984] {logging_mixin.py:115} INFO - [2022-08-05 22:06:30,984] {dag.py:2371} INFO - Sync 1 DAGs
[2022-08-05 22:06:31,010] {logging_mixin.py:115} INFO - [2022-08-05 22:06:31,010] {dag.py:2919} INFO - Setting next_dagrun for example_complex to None, run_after=None
[2022-08-05 22:06:31,019] {processor.py:161} INFO - Processing /home/airflow/.local/lib/python3.7/site-packages/airflow/example_dags/example_complex.py took 0.086 seconds
[2022-08-05 22:40:29,007] {processor.py:153} INFO - Started process (PID=3340) to work on /home/airflow/.local/lib/python3.7/site-packages/airflow/example_dags/example_complex.py
[2022-08-05 22:40:29,008] {processor.py:641} INFO - Processing file /home/airflow/.local/lib/python3.7/site-packages/airflow/example_dags/example_complex.py for tasks to queue
[2022-08-05 22:40:29,009] {logging_mixin.py:115} INFO - [2022-08-05 22:40:29,009] {dagbag.py:507} INFO - Filling up the DagBag from /home/airflow/.local/lib/python3.7/site-packages/airflow/example_dags/example_complex.py
[2022-08-05 22:40:29,018] {processor.py:651} INFO - DAG(s) dict_keys(['example_complex']) retrieved from /home/airflow/.local/lib/python3.7/site-packages/airflow/example_dags/example_complex.py
[2022-08-05 22:40:29,044] {logging_mixin.py:115} INFO - [2022-08-05 22:40:29,044] {dag.py:2371} INFO - Sync 1 DAGs
[2022-08-05 22:40:29,065] {logging_mixin.py:115} INFO - [2022-08-05 22:40:29,065] {dag.py:2919} INFO - Setting next_dagrun for example_complex to None, run_after=None
[2022-08-05 22:40:29,078] {processor.py:161} INFO - Processing /home/airflow/.local/lib/python3.7/site-packages/airflow/example_dags/example_complex.py took 0.075 seconds
[2022-08-05 23:30:05,465] {processor.py:153} INFO - Started process (PID=3402) to work on /home/airflow/.local/lib/python3.7/site-packages/airflow/example_dags/example_complex.py
[2022-08-05 23:30:05,467] {processor.py:641} INFO - Processing file /home/airflow/.local/lib/python3.7/site-packages/airflow/example_dags/example_complex.py for tasks to queue
[2022-08-05 23:30:05,468] {logging_mixin.py:115} INFO - [2022-08-05 23:30:05,468] {dagbag.py:507} INFO - Filling up the DagBag from /home/airflow/.local/lib/python3.7/site-packages/airflow/example_dags/example_complex.py
[2022-08-05 23:30:05,479] {processor.py:651} INFO - DAG(s) dict_keys(['example_complex']) retrieved from /home/airflow/.local/lib/python3.7/site-packages/airflow/example_dags/example_complex.py
[2022-08-05 23:30:05,514] {logging_mixin.py:115} INFO - [2022-08-05 23:30:05,514] {dag.py:2371} INFO - Sync 1 DAGs
[2022-08-05 23:30:05,533] {logging_mixin.py:115} INFO - [2022-08-05 23:30:05,533] {dag.py:2919} INFO - Setting next_dagrun for example_complex to None, run_after=None
[2022-08-05 23:30:05,544] {processor.py:161} INFO - Processing /home/airflow/.local/lib/python3.7/site-packages/airflow/example_dags/example_complex.py took 0.081 seconds
