[2022-08-05 18:38:01,363] {processor.py:153} INFO - Started process (PID=69) to work on /home/airflow/.local/lib/python3.7/site-packages/airflow/example_dags/example_branch_operator_decorator.py
[2022-08-05 18:38:01,365] {processor.py:641} INFO - Processing file /home/airflow/.local/lib/python3.7/site-packages/airflow/example_dags/example_branch_operator_decorator.py for tasks to queue
[2022-08-05 18:38:01,367] {logging_mixin.py:115} INFO - [2022-08-05 18:38:01,366] {dagbag.py:507} INFO - Filling up the DagBag from /home/airflow/.local/lib/python3.7/site-packages/airflow/example_dags/example_branch_operator_decorator.py
[2022-08-05 18:38:01,392] {processor.py:651} INFO - DAG(s) dict_keys(['example_branch_python_operator_decorator']) retrieved from /home/airflow/.local/lib/python3.7/site-packages/airflow/example_dags/example_branch_operator_decorator.py
[2022-08-05 18:38:01,465] {logging_mixin.py:115} INFO - [2022-08-05 18:38:01,465] {dag.py:2371} INFO - Sync 1 DAGs
[2022-08-05 18:38:01,629] {logging_mixin.py:115} INFO - [2022-08-05 18:38:01,628] {dag.py:2919} INFO - Setting next_dagrun for example_branch_python_operator_decorator to 2022-08-04T00:00:00+00:00, run_after=2022-08-05T00:00:00+00:00
[2022-08-05 18:38:01,639] {processor.py:161} INFO - Processing /home/airflow/.local/lib/python3.7/site-packages/airflow/example_dags/example_branch_operator_decorator.py took 0.279 seconds
[2022-08-05 18:38:32,149] {processor.py:153} INFO - Started process (PID=123) to work on /home/airflow/.local/lib/python3.7/site-packages/airflow/example_dags/example_branch_operator_decorator.py
[2022-08-05 18:38:32,150] {processor.py:641} INFO - Processing file /home/airflow/.local/lib/python3.7/site-packages/airflow/example_dags/example_branch_operator_decorator.py for tasks to queue
[2022-08-05 18:38:32,152] {logging_mixin.py:115} INFO - [2022-08-05 18:38:32,151] {dagbag.py:507} INFO - Filling up the DagBag from /home/airflow/.local/lib/python3.7/site-packages/airflow/example_dags/example_branch_operator_decorator.py
[2022-08-05 18:38:32,166] {processor.py:651} INFO - DAG(s) dict_keys(['example_branch_python_operator_decorator']) retrieved from /home/airflow/.local/lib/python3.7/site-packages/airflow/example_dags/example_branch_operator_decorator.py
[2022-08-05 18:38:32,184] {logging_mixin.py:115} INFO - [2022-08-05 18:38:32,184] {dag.py:2371} INFO - Sync 1 DAGs
[2022-08-05 18:38:32,291] {logging_mixin.py:115} INFO - [2022-08-05 18:38:32,291] {dag.py:2919} INFO - Setting next_dagrun for example_branch_python_operator_decorator to 2022-08-04T00:00:00+00:00, run_after=2022-08-05T00:00:00+00:00
[2022-08-05 18:38:32,298] {processor.py:161} INFO - Processing /home/airflow/.local/lib/python3.7/site-packages/airflow/example_dags/example_branch_operator_decorator.py took 0.151 seconds
[2022-08-05 18:39:02,548] {processor.py:153} INFO - Started process (PID=186) to work on /home/airflow/.local/lib/python3.7/site-packages/airflow/example_dags/example_branch_operator_decorator.py
[2022-08-05 18:39:02,549] {processor.py:641} INFO - Processing file /home/airflow/.local/lib/python3.7/site-packages/airflow/example_dags/example_branch_operator_decorator.py for tasks to queue
[2022-08-05 18:39:02,550] {logging_mixin.py:115} INFO - [2022-08-05 18:39:02,550] {dagbag.py:507} INFO - Filling up the DagBag from /home/airflow/.local/lib/python3.7/site-packages/airflow/example_dags/example_branch_operator_decorator.py
[2022-08-05 18:39:02,559] {processor.py:651} INFO - DAG(s) dict_keys(['example_branch_python_operator_decorator']) retrieved from /home/airflow/.local/lib/python3.7/site-packages/airflow/example_dags/example_branch_operator_decorator.py
[2022-08-05 18:39:02,578] {logging_mixin.py:115} INFO - [2022-08-05 18:39:02,577] {dag.py:2371} INFO - Sync 1 DAGs
[2022-08-05 18:39:02,656] {logging_mixin.py:115} INFO - [2022-08-05 18:39:02,656] {dag.py:2919} INFO - Setting next_dagrun for example_branch_python_operator_decorator to 2022-08-04T00:00:00+00:00, run_after=2022-08-05T00:00:00+00:00
[2022-08-05 18:39:02,662] {processor.py:161} INFO - Processing /home/airflow/.local/lib/python3.7/site-packages/airflow/example_dags/example_branch_operator_decorator.py took 0.116 seconds
[2022-08-05 18:39:33,100] {processor.py:153} INFO - Started process (PID=248) to work on /home/airflow/.local/lib/python3.7/site-packages/airflow/example_dags/example_branch_operator_decorator.py
[2022-08-05 18:39:33,101] {processor.py:641} INFO - Processing file /home/airflow/.local/lib/python3.7/site-packages/airflow/example_dags/example_branch_operator_decorator.py for tasks to queue
[2022-08-05 18:39:33,101] {logging_mixin.py:115} INFO - [2022-08-05 18:39:33,101] {dagbag.py:507} INFO - Filling up the DagBag from /home/airflow/.local/lib/python3.7/site-packages/airflow/example_dags/example_branch_operator_decorator.py
[2022-08-05 18:39:33,111] {processor.py:651} INFO - DAG(s) dict_keys(['example_branch_python_operator_decorator']) retrieved from /home/airflow/.local/lib/python3.7/site-packages/airflow/example_dags/example_branch_operator_decorator.py
[2022-08-05 18:39:33,126] {logging_mixin.py:115} INFO - [2022-08-05 18:39:33,126] {dag.py:2371} INFO - Sync 1 DAGs
[2022-08-05 18:39:33,204] {logging_mixin.py:115} INFO - [2022-08-05 18:39:33,204] {dag.py:2919} INFO - Setting next_dagrun for example_branch_python_operator_decorator to 2022-08-04T00:00:00+00:00, run_after=2022-08-05T00:00:00+00:00
[2022-08-05 18:39:33,211] {processor.py:161} INFO - Processing /home/airflow/.local/lib/python3.7/site-packages/airflow/example_dags/example_branch_operator_decorator.py took 0.113 seconds
[2022-08-05 18:40:03,672] {processor.py:153} INFO - Started process (PID=310) to work on /home/airflow/.local/lib/python3.7/site-packages/airflow/example_dags/example_branch_operator_decorator.py
[2022-08-05 18:40:03,673] {processor.py:641} INFO - Processing file /home/airflow/.local/lib/python3.7/site-packages/airflow/example_dags/example_branch_operator_decorator.py for tasks to queue
[2022-08-05 18:40:03,674] {logging_mixin.py:115} INFO - [2022-08-05 18:40:03,674] {dagbag.py:507} INFO - Filling up the DagBag from /home/airflow/.local/lib/python3.7/site-packages/airflow/example_dags/example_branch_operator_decorator.py
[2022-08-05 18:40:03,684] {processor.py:651} INFO - DAG(s) dict_keys(['example_branch_python_operator_decorator']) retrieved from /home/airflow/.local/lib/python3.7/site-packages/airflow/example_dags/example_branch_operator_decorator.py
[2022-08-05 18:40:03,699] {logging_mixin.py:115} INFO - [2022-08-05 18:40:03,699] {dag.py:2371} INFO - Sync 1 DAGs
[2022-08-05 18:40:03,777] {logging_mixin.py:115} INFO - [2022-08-05 18:40:03,777] {dag.py:2919} INFO - Setting next_dagrun for example_branch_python_operator_decorator to 2022-08-04T00:00:00+00:00, run_after=2022-08-05T00:00:00+00:00
[2022-08-05 18:40:03,783] {processor.py:161} INFO - Processing /home/airflow/.local/lib/python3.7/site-packages/airflow/example_dags/example_branch_operator_decorator.py took 0.113 seconds
[2022-08-05 18:40:34,271] {processor.py:153} INFO - Started process (PID=372) to work on /home/airflow/.local/lib/python3.7/site-packages/airflow/example_dags/example_branch_operator_decorator.py
[2022-08-05 18:40:34,272] {processor.py:641} INFO - Processing file /home/airflow/.local/lib/python3.7/site-packages/airflow/example_dags/example_branch_operator_decorator.py for tasks to queue
[2022-08-05 18:40:34,273] {logging_mixin.py:115} INFO - [2022-08-05 18:40:34,273] {dagbag.py:507} INFO - Filling up the DagBag from /home/airflow/.local/lib/python3.7/site-packages/airflow/example_dags/example_branch_operator_decorator.py
[2022-08-05 18:40:34,283] {processor.py:651} INFO - DAG(s) dict_keys(['example_branch_python_operator_decorator']) retrieved from /home/airflow/.local/lib/python3.7/site-packages/airflow/example_dags/example_branch_operator_decorator.py
[2022-08-05 18:40:34,298] {logging_mixin.py:115} INFO - [2022-08-05 18:40:34,298] {dag.py:2371} INFO - Sync 1 DAGs
[2022-08-05 18:40:34,375] {logging_mixin.py:115} INFO - [2022-08-05 18:40:34,375] {dag.py:2919} INFO - Setting next_dagrun for example_branch_python_operator_decorator to 2022-08-04T00:00:00+00:00, run_after=2022-08-05T00:00:00+00:00
[2022-08-05 18:40:34,383] {processor.py:161} INFO - Processing /home/airflow/.local/lib/python3.7/site-packages/airflow/example_dags/example_branch_operator_decorator.py took 0.113 seconds
[2022-08-05 18:41:05,302] {processor.py:153} INFO - Started process (PID=434) to work on /home/airflow/.local/lib/python3.7/site-packages/airflow/example_dags/example_branch_operator_decorator.py
[2022-08-05 18:41:05,304] {processor.py:641} INFO - Processing file /home/airflow/.local/lib/python3.7/site-packages/airflow/example_dags/example_branch_operator_decorator.py for tasks to queue
[2022-08-05 18:41:05,305] {logging_mixin.py:115} INFO - [2022-08-05 18:41:05,305] {dagbag.py:507} INFO - Filling up the DagBag from /home/airflow/.local/lib/python3.7/site-packages/airflow/example_dags/example_branch_operator_decorator.py
[2022-08-05 18:41:05,316] {processor.py:651} INFO - DAG(s) dict_keys(['example_branch_python_operator_decorator']) retrieved from /home/airflow/.local/lib/python3.7/site-packages/airflow/example_dags/example_branch_operator_decorator.py
[2022-08-05 18:41:05,335] {logging_mixin.py:115} INFO - [2022-08-05 18:41:05,335] {dag.py:2371} INFO - Sync 1 DAGs
[2022-08-05 18:41:05,440] {logging_mixin.py:115} INFO - [2022-08-05 18:41:05,440] {dag.py:2919} INFO - Setting next_dagrun for example_branch_python_operator_decorator to 2022-08-04T00:00:00+00:00, run_after=2022-08-05T00:00:00+00:00
[2022-08-05 18:41:05,447] {processor.py:161} INFO - Processing /home/airflow/.local/lib/python3.7/site-packages/airflow/example_dags/example_branch_operator_decorator.py took 0.147 seconds
[2022-08-05 18:41:35,817] {processor.py:153} INFO - Started process (PID=496) to work on /home/airflow/.local/lib/python3.7/site-packages/airflow/example_dags/example_branch_operator_decorator.py
[2022-08-05 18:41:35,818] {processor.py:641} INFO - Processing file /home/airflow/.local/lib/python3.7/site-packages/airflow/example_dags/example_branch_operator_decorator.py for tasks to queue
[2022-08-05 18:41:35,819] {logging_mixin.py:115} INFO - [2022-08-05 18:41:35,819] {dagbag.py:507} INFO - Filling up the DagBag from /home/airflow/.local/lib/python3.7/site-packages/airflow/example_dags/example_branch_operator_decorator.py
[2022-08-05 18:41:35,828] {processor.py:651} INFO - DAG(s) dict_keys(['example_branch_python_operator_decorator']) retrieved from /home/airflow/.local/lib/python3.7/site-packages/airflow/example_dags/example_branch_operator_decorator.py
[2022-08-05 18:41:35,844] {logging_mixin.py:115} INFO - [2022-08-05 18:41:35,844] {dag.py:2371} INFO - Sync 1 DAGs
[2022-08-05 18:41:35,932] {logging_mixin.py:115} INFO - [2022-08-05 18:41:35,932] {dag.py:2919} INFO - Setting next_dagrun for example_branch_python_operator_decorator to 2022-08-04T00:00:00+00:00, run_after=2022-08-05T00:00:00+00:00
[2022-08-05 18:41:35,940] {processor.py:161} INFO - Processing /home/airflow/.local/lib/python3.7/site-packages/airflow/example_dags/example_branch_operator_decorator.py took 0.125 seconds
[2022-08-05 18:42:06,273] {processor.py:153} INFO - Started process (PID=549) to work on /home/airflow/.local/lib/python3.7/site-packages/airflow/example_dags/example_branch_operator_decorator.py
[2022-08-05 18:42:06,274] {processor.py:641} INFO - Processing file /home/airflow/.local/lib/python3.7/site-packages/airflow/example_dags/example_branch_operator_decorator.py for tasks to queue
[2022-08-05 18:42:06,275] {logging_mixin.py:115} INFO - [2022-08-05 18:42:06,275] {dagbag.py:507} INFO - Filling up the DagBag from /home/airflow/.local/lib/python3.7/site-packages/airflow/example_dags/example_branch_operator_decorator.py
[2022-08-05 18:42:06,285] {processor.py:651} INFO - DAG(s) dict_keys(['example_branch_python_operator_decorator']) retrieved from /home/airflow/.local/lib/python3.7/site-packages/airflow/example_dags/example_branch_operator_decorator.py
[2022-08-05 18:42:06,301] {logging_mixin.py:115} INFO - [2022-08-05 18:42:06,301] {dag.py:2371} INFO - Sync 1 DAGs
[2022-08-05 18:42:06,388] {logging_mixin.py:115} INFO - [2022-08-05 18:42:06,388] {dag.py:2919} INFO - Setting next_dagrun for example_branch_python_operator_decorator to 2022-08-04T00:00:00+00:00, run_after=2022-08-05T00:00:00+00:00
[2022-08-05 18:42:06,396] {processor.py:161} INFO - Processing /home/airflow/.local/lib/python3.7/site-packages/airflow/example_dags/example_branch_operator_decorator.py took 0.124 seconds
[2022-08-05 18:42:37,015] {processor.py:153} INFO - Started process (PID=611) to work on /home/airflow/.local/lib/python3.7/site-packages/airflow/example_dags/example_branch_operator_decorator.py
[2022-08-05 18:42:37,016] {processor.py:641} INFO - Processing file /home/airflow/.local/lib/python3.7/site-packages/airflow/example_dags/example_branch_operator_decorator.py for tasks to queue
[2022-08-05 18:42:37,017] {logging_mixin.py:115} INFO - [2022-08-05 18:42:37,017] {dagbag.py:507} INFO - Filling up the DagBag from /home/airflow/.local/lib/python3.7/site-packages/airflow/example_dags/example_branch_operator_decorator.py
[2022-08-05 18:42:37,027] {processor.py:651} INFO - DAG(s) dict_keys(['example_branch_python_operator_decorator']) retrieved from /home/airflow/.local/lib/python3.7/site-packages/airflow/example_dags/example_branch_operator_decorator.py
[2022-08-05 18:42:37,042] {logging_mixin.py:115} INFO - [2022-08-05 18:42:37,042] {dag.py:2371} INFO - Sync 1 DAGs
[2022-08-05 18:42:37,117] {logging_mixin.py:115} INFO - [2022-08-05 18:42:37,117] {dag.py:2919} INFO - Setting next_dagrun for example_branch_python_operator_decorator to 2022-08-04T00:00:00+00:00, run_after=2022-08-05T00:00:00+00:00
[2022-08-05 18:42:37,125] {processor.py:161} INFO - Processing /home/airflow/.local/lib/python3.7/site-packages/airflow/example_dags/example_branch_operator_decorator.py took 0.111 seconds
[2022-08-05 18:43:07,655] {processor.py:153} INFO - Started process (PID=673) to work on /home/airflow/.local/lib/python3.7/site-packages/airflow/example_dags/example_branch_operator_decorator.py
[2022-08-05 18:43:07,656] {processor.py:641} INFO - Processing file /home/airflow/.local/lib/python3.7/site-packages/airflow/example_dags/example_branch_operator_decorator.py for tasks to queue
[2022-08-05 18:43:07,657] {logging_mixin.py:115} INFO - [2022-08-05 18:43:07,657] {dagbag.py:507} INFO - Filling up the DagBag from /home/airflow/.local/lib/python3.7/site-packages/airflow/example_dags/example_branch_operator_decorator.py
[2022-08-05 18:43:07,668] {processor.py:651} INFO - DAG(s) dict_keys(['example_branch_python_operator_decorator']) retrieved from /home/airflow/.local/lib/python3.7/site-packages/airflow/example_dags/example_branch_operator_decorator.py
[2022-08-05 18:43:07,685] {logging_mixin.py:115} INFO - [2022-08-05 18:43:07,685] {dag.py:2371} INFO - Sync 1 DAGs
[2022-08-05 18:43:07,772] {logging_mixin.py:115} INFO - [2022-08-05 18:43:07,772] {dag.py:2919} INFO - Setting next_dagrun for example_branch_python_operator_decorator to 2022-08-04T00:00:00+00:00, run_after=2022-08-05T00:00:00+00:00
[2022-08-05 18:43:07,779] {processor.py:161} INFO - Processing /home/airflow/.local/lib/python3.7/site-packages/airflow/example_dags/example_branch_operator_decorator.py took 0.126 seconds
[2022-08-05 18:43:37,814] {processor.py:153} INFO - Started process (PID=735) to work on /home/airflow/.local/lib/python3.7/site-packages/airflow/example_dags/example_branch_operator_decorator.py
[2022-08-05 18:43:37,816] {processor.py:641} INFO - Processing file /home/airflow/.local/lib/python3.7/site-packages/airflow/example_dags/example_branch_operator_decorator.py for tasks to queue
[2022-08-05 18:43:37,817] {logging_mixin.py:115} INFO - [2022-08-05 18:43:37,817] {dagbag.py:507} INFO - Filling up the DagBag from /home/airflow/.local/lib/python3.7/site-packages/airflow/example_dags/example_branch_operator_decorator.py
[2022-08-05 18:43:37,826] {processor.py:651} INFO - DAG(s) dict_keys(['example_branch_python_operator_decorator']) retrieved from /home/airflow/.local/lib/python3.7/site-packages/airflow/example_dags/example_branch_operator_decorator.py
[2022-08-05 18:43:37,843] {logging_mixin.py:115} INFO - [2022-08-05 18:43:37,843] {dag.py:2371} INFO - Sync 1 DAGs
[2022-08-05 18:43:37,920] {logging_mixin.py:115} INFO - [2022-08-05 18:43:37,920] {dag.py:2919} INFO - Setting next_dagrun for example_branch_python_operator_decorator to 2022-08-04T00:00:00+00:00, run_after=2022-08-05T00:00:00+00:00
[2022-08-05 18:43:37,926] {processor.py:161} INFO - Processing /home/airflow/.local/lib/python3.7/site-packages/airflow/example_dags/example_branch_operator_decorator.py took 0.113 seconds
[2022-08-05 18:44:08,046] {processor.py:153} INFO - Started process (PID=797) to work on /home/airflow/.local/lib/python3.7/site-packages/airflow/example_dags/example_branch_operator_decorator.py
[2022-08-05 18:44:08,047] {processor.py:641} INFO - Processing file /home/airflow/.local/lib/python3.7/site-packages/airflow/example_dags/example_branch_operator_decorator.py for tasks to queue
[2022-08-05 18:44:08,048] {logging_mixin.py:115} INFO - [2022-08-05 18:44:08,048] {dagbag.py:507} INFO - Filling up the DagBag from /home/airflow/.local/lib/python3.7/site-packages/airflow/example_dags/example_branch_operator_decorator.py
[2022-08-05 18:44:08,057] {processor.py:651} INFO - DAG(s) dict_keys(['example_branch_python_operator_decorator']) retrieved from /home/airflow/.local/lib/python3.7/site-packages/airflow/example_dags/example_branch_operator_decorator.py
[2022-08-05 18:44:08,074] {logging_mixin.py:115} INFO - [2022-08-05 18:44:08,074] {dag.py:2371} INFO - Sync 1 DAGs
[2022-08-05 18:44:08,150] {logging_mixin.py:115} INFO - [2022-08-05 18:44:08,150] {dag.py:2919} INFO - Setting next_dagrun for example_branch_python_operator_decorator to 2022-08-04T00:00:00+00:00, run_after=2022-08-05T00:00:00+00:00
[2022-08-05 18:44:08,156] {processor.py:161} INFO - Processing /home/airflow/.local/lib/python3.7/site-packages/airflow/example_dags/example_branch_operator_decorator.py took 0.112 seconds
[2022-08-05 18:44:38,281] {processor.py:153} INFO - Started process (PID=860) to work on /home/airflow/.local/lib/python3.7/site-packages/airflow/example_dags/example_branch_operator_decorator.py
[2022-08-05 18:44:38,282] {processor.py:641} INFO - Processing file /home/airflow/.local/lib/python3.7/site-packages/airflow/example_dags/example_branch_operator_decorator.py for tasks to queue
[2022-08-05 18:44:38,283] {logging_mixin.py:115} INFO - [2022-08-05 18:44:38,283] {dagbag.py:507} INFO - Filling up the DagBag from /home/airflow/.local/lib/python3.7/site-packages/airflow/example_dags/example_branch_operator_decorator.py
[2022-08-05 18:44:38,292] {processor.py:651} INFO - DAG(s) dict_keys(['example_branch_python_operator_decorator']) retrieved from /home/airflow/.local/lib/python3.7/site-packages/airflow/example_dags/example_branch_operator_decorator.py
[2022-08-05 18:44:38,308] {logging_mixin.py:115} INFO - [2022-08-05 18:44:38,308] {dag.py:2371} INFO - Sync 1 DAGs
[2022-08-05 18:44:38,388] {logging_mixin.py:115} INFO - [2022-08-05 18:44:38,388] {dag.py:2919} INFO - Setting next_dagrun for example_branch_python_operator_decorator to 2022-08-04T00:00:00+00:00, run_after=2022-08-05T00:00:00+00:00
[2022-08-05 18:44:38,395] {processor.py:161} INFO - Processing /home/airflow/.local/lib/python3.7/site-packages/airflow/example_dags/example_branch_operator_decorator.py took 0.115 seconds
[2022-08-05 18:45:09,352] {processor.py:153} INFO - Started process (PID=914) to work on /home/airflow/.local/lib/python3.7/site-packages/airflow/example_dags/example_branch_operator_decorator.py
[2022-08-05 18:45:09,353] {processor.py:641} INFO - Processing file /home/airflow/.local/lib/python3.7/site-packages/airflow/example_dags/example_branch_operator_decorator.py for tasks to queue
[2022-08-05 18:45:09,354] {logging_mixin.py:115} INFO - [2022-08-05 18:45:09,354] {dagbag.py:507} INFO - Filling up the DagBag from /home/airflow/.local/lib/python3.7/site-packages/airflow/example_dags/example_branch_operator_decorator.py
[2022-08-05 18:45:09,364] {processor.py:651} INFO - DAG(s) dict_keys(['example_branch_python_operator_decorator']) retrieved from /home/airflow/.local/lib/python3.7/site-packages/airflow/example_dags/example_branch_operator_decorator.py
[2022-08-05 18:45:09,383] {logging_mixin.py:115} INFO - [2022-08-05 18:45:09,383] {dag.py:2371} INFO - Sync 1 DAGs
[2022-08-05 18:45:09,457] {logging_mixin.py:115} INFO - [2022-08-05 18:45:09,457] {dag.py:2919} INFO - Setting next_dagrun for example_branch_python_operator_decorator to 2022-08-04T00:00:00+00:00, run_after=2022-08-05T00:00:00+00:00
[2022-08-05 18:45:09,463] {processor.py:161} INFO - Processing /home/airflow/.local/lib/python3.7/site-packages/airflow/example_dags/example_branch_operator_decorator.py took 0.114 seconds
[2022-08-05 18:45:40,348] {processor.py:153} INFO - Started process (PID=975) to work on /home/airflow/.local/lib/python3.7/site-packages/airflow/example_dags/example_branch_operator_decorator.py
[2022-08-05 18:45:40,349] {processor.py:641} INFO - Processing file /home/airflow/.local/lib/python3.7/site-packages/airflow/example_dags/example_branch_operator_decorator.py for tasks to queue
[2022-08-05 18:45:40,350] {logging_mixin.py:115} INFO - [2022-08-05 18:45:40,350] {dagbag.py:507} INFO - Filling up the DagBag from /home/airflow/.local/lib/python3.7/site-packages/airflow/example_dags/example_branch_operator_decorator.py
[2022-08-05 18:45:40,359] {processor.py:651} INFO - DAG(s) dict_keys(['example_branch_python_operator_decorator']) retrieved from /home/airflow/.local/lib/python3.7/site-packages/airflow/example_dags/example_branch_operator_decorator.py
[2022-08-05 18:45:40,376] {logging_mixin.py:115} INFO - [2022-08-05 18:45:40,375] {dag.py:2371} INFO - Sync 1 DAGs
[2022-08-05 18:45:40,449] {logging_mixin.py:115} INFO - [2022-08-05 18:45:40,449] {dag.py:2919} INFO - Setting next_dagrun for example_branch_python_operator_decorator to 2022-08-04T00:00:00+00:00, run_after=2022-08-05T00:00:00+00:00
[2022-08-05 18:45:40,456] {processor.py:161} INFO - Processing /home/airflow/.local/lib/python3.7/site-packages/airflow/example_dags/example_branch_operator_decorator.py took 0.110 seconds
[2022-08-05 18:46:11,232] {processor.py:153} INFO - Started process (PID=1037) to work on /home/airflow/.local/lib/python3.7/site-packages/airflow/example_dags/example_branch_operator_decorator.py
[2022-08-05 18:46:11,233] {processor.py:641} INFO - Processing file /home/airflow/.local/lib/python3.7/site-packages/airflow/example_dags/example_branch_operator_decorator.py for tasks to queue
[2022-08-05 18:46:11,234] {logging_mixin.py:115} INFO - [2022-08-05 18:46:11,234] {dagbag.py:507} INFO - Filling up the DagBag from /home/airflow/.local/lib/python3.7/site-packages/airflow/example_dags/example_branch_operator_decorator.py
[2022-08-05 18:46:11,243] {processor.py:651} INFO - DAG(s) dict_keys(['example_branch_python_operator_decorator']) retrieved from /home/airflow/.local/lib/python3.7/site-packages/airflow/example_dags/example_branch_operator_decorator.py
[2022-08-05 18:46:11,260] {logging_mixin.py:115} INFO - [2022-08-05 18:46:11,260] {dag.py:2371} INFO - Sync 1 DAGs
[2022-08-05 18:46:11,344] {logging_mixin.py:115} INFO - [2022-08-05 18:46:11,344] {dag.py:2919} INFO - Setting next_dagrun for example_branch_python_operator_decorator to 2022-08-04T00:00:00+00:00, run_after=2022-08-05T00:00:00+00:00
[2022-08-05 18:46:11,352] {processor.py:161} INFO - Processing /home/airflow/.local/lib/python3.7/site-packages/airflow/example_dags/example_branch_operator_decorator.py took 0.122 seconds
[2022-08-05 18:46:42,089] {processor.py:153} INFO - Started process (PID=1100) to work on /home/airflow/.local/lib/python3.7/site-packages/airflow/example_dags/example_branch_operator_decorator.py
[2022-08-05 18:46:42,090] {processor.py:641} INFO - Processing file /home/airflow/.local/lib/python3.7/site-packages/airflow/example_dags/example_branch_operator_decorator.py for tasks to queue
[2022-08-05 18:46:42,091] {logging_mixin.py:115} INFO - [2022-08-05 18:46:42,091] {dagbag.py:507} INFO - Filling up the DagBag from /home/airflow/.local/lib/python3.7/site-packages/airflow/example_dags/example_branch_operator_decorator.py
[2022-08-05 18:46:42,100] {processor.py:651} INFO - DAG(s) dict_keys(['example_branch_python_operator_decorator']) retrieved from /home/airflow/.local/lib/python3.7/site-packages/airflow/example_dags/example_branch_operator_decorator.py
[2022-08-05 18:46:42,117] {logging_mixin.py:115} INFO - [2022-08-05 18:46:42,117] {dag.py:2371} INFO - Sync 1 DAGs
[2022-08-05 18:46:42,192] {logging_mixin.py:115} INFO - [2022-08-05 18:46:42,191] {dag.py:2919} INFO - Setting next_dagrun for example_branch_python_operator_decorator to 2022-08-04T00:00:00+00:00, run_after=2022-08-05T00:00:00+00:00
[2022-08-05 18:46:42,198] {processor.py:161} INFO - Processing /home/airflow/.local/lib/python3.7/site-packages/airflow/example_dags/example_branch_operator_decorator.py took 0.111 seconds
[2022-08-05 18:47:12,884] {processor.py:153} INFO - Started process (PID=1162) to work on /home/airflow/.local/lib/python3.7/site-packages/airflow/example_dags/example_branch_operator_decorator.py
[2022-08-05 18:47:12,885] {processor.py:641} INFO - Processing file /home/airflow/.local/lib/python3.7/site-packages/airflow/example_dags/example_branch_operator_decorator.py for tasks to queue
[2022-08-05 18:47:12,886] {logging_mixin.py:115} INFO - [2022-08-05 18:47:12,886] {dagbag.py:507} INFO - Filling up the DagBag from /home/airflow/.local/lib/python3.7/site-packages/airflow/example_dags/example_branch_operator_decorator.py
[2022-08-05 18:47:12,895] {processor.py:651} INFO - DAG(s) dict_keys(['example_branch_python_operator_decorator']) retrieved from /home/airflow/.local/lib/python3.7/site-packages/airflow/example_dags/example_branch_operator_decorator.py
[2022-08-05 18:47:12,912] {logging_mixin.py:115} INFO - [2022-08-05 18:47:12,912] {dag.py:2371} INFO - Sync 1 DAGs
[2022-08-05 18:47:12,993] {logging_mixin.py:115} INFO - [2022-08-05 18:47:12,993] {dag.py:2919} INFO - Setting next_dagrun for example_branch_python_operator_decorator to 2022-08-04T00:00:00+00:00, run_after=2022-08-05T00:00:00+00:00
[2022-08-05 18:47:12,999] {processor.py:161} INFO - Processing /home/airflow/.local/lib/python3.7/site-packages/airflow/example_dags/example_branch_operator_decorator.py took 0.117 seconds
[2022-08-05 18:47:43,792] {processor.py:153} INFO - Started process (PID=1225) to work on /home/airflow/.local/lib/python3.7/site-packages/airflow/example_dags/example_branch_operator_decorator.py
[2022-08-05 18:47:43,793] {processor.py:641} INFO - Processing file /home/airflow/.local/lib/python3.7/site-packages/airflow/example_dags/example_branch_operator_decorator.py for tasks to queue
[2022-08-05 18:47:43,793] {logging_mixin.py:115} INFO - [2022-08-05 18:47:43,793] {dagbag.py:507} INFO - Filling up the DagBag from /home/airflow/.local/lib/python3.7/site-packages/airflow/example_dags/example_branch_operator_decorator.py
[2022-08-05 18:47:43,803] {processor.py:651} INFO - DAG(s) dict_keys(['example_branch_python_operator_decorator']) retrieved from /home/airflow/.local/lib/python3.7/site-packages/airflow/example_dags/example_branch_operator_decorator.py
[2022-08-05 18:47:43,820] {logging_mixin.py:115} INFO - [2022-08-05 18:47:43,820] {dag.py:2371} INFO - Sync 1 DAGs
[2022-08-05 18:47:43,895] {logging_mixin.py:115} INFO - [2022-08-05 18:47:43,895] {dag.py:2919} INFO - Setting next_dagrun for example_branch_python_operator_decorator to 2022-08-04T00:00:00+00:00, run_after=2022-08-05T00:00:00+00:00
[2022-08-05 18:47:43,901] {processor.py:161} INFO - Processing /home/airflow/.local/lib/python3.7/site-packages/airflow/example_dags/example_branch_operator_decorator.py took 0.112 seconds
[2022-08-05 18:48:14,665] {processor.py:153} INFO - Started process (PID=1287) to work on /home/airflow/.local/lib/python3.7/site-packages/airflow/example_dags/example_branch_operator_decorator.py
[2022-08-05 18:48:14,666] {processor.py:641} INFO - Processing file /home/airflow/.local/lib/python3.7/site-packages/airflow/example_dags/example_branch_operator_decorator.py for tasks to queue
[2022-08-05 18:48:14,666] {logging_mixin.py:115} INFO - [2022-08-05 18:48:14,666] {dagbag.py:507} INFO - Filling up the DagBag from /home/airflow/.local/lib/python3.7/site-packages/airflow/example_dags/example_branch_operator_decorator.py
[2022-08-05 18:48:14,677] {processor.py:651} INFO - DAG(s) dict_keys(['example_branch_python_operator_decorator']) retrieved from /home/airflow/.local/lib/python3.7/site-packages/airflow/example_dags/example_branch_operator_decorator.py
[2022-08-05 18:48:14,759] {logging_mixin.py:115} INFO - [2022-08-05 18:48:14,759] {dag.py:2371} INFO - Sync 1 DAGs
[2022-08-05 18:48:14,769] {logging_mixin.py:115} INFO - [2022-08-05 18:48:14,769] {dag.py:2919} INFO - Setting next_dagrun for example_branch_python_operator_decorator to 2022-08-04T00:00:00+00:00, run_after=2022-08-05T00:00:00+00:00
[2022-08-05 18:48:14,775] {processor.py:161} INFO - Processing /home/airflow/.local/lib/python3.7/site-packages/airflow/example_dags/example_branch_operator_decorator.py took 0.112 seconds
[2022-08-05 18:48:45,558] {processor.py:153} INFO - Started process (PID=1350) to work on /home/airflow/.local/lib/python3.7/site-packages/airflow/example_dags/example_branch_operator_decorator.py
[2022-08-05 18:48:45,559] {processor.py:641} INFO - Processing file /home/airflow/.local/lib/python3.7/site-packages/airflow/example_dags/example_branch_operator_decorator.py for tasks to queue
[2022-08-05 18:48:45,560] {logging_mixin.py:115} INFO - [2022-08-05 18:48:45,560] {dagbag.py:507} INFO - Filling up the DagBag from /home/airflow/.local/lib/python3.7/site-packages/airflow/example_dags/example_branch_operator_decorator.py
[2022-08-05 18:48:45,570] {processor.py:651} INFO - DAG(s) dict_keys(['example_branch_python_operator_decorator']) retrieved from /home/airflow/.local/lib/python3.7/site-packages/airflow/example_dags/example_branch_operator_decorator.py
[2022-08-05 18:48:45,649] {logging_mixin.py:115} INFO - [2022-08-05 18:48:45,648] {dag.py:2371} INFO - Sync 1 DAGs
[2022-08-05 18:48:45,659] {logging_mixin.py:115} INFO - [2022-08-05 18:48:45,659] {dag.py:2919} INFO - Setting next_dagrun for example_branch_python_operator_decorator to 2022-08-04T00:00:00+00:00, run_after=2022-08-05T00:00:00+00:00
[2022-08-05 18:48:45,665] {processor.py:161} INFO - Processing /home/airflow/.local/lib/python3.7/site-packages/airflow/example_dags/example_branch_operator_decorator.py took 0.109 seconds
[2022-08-05 18:49:16,435] {processor.py:153} INFO - Started process (PID=1412) to work on /home/airflow/.local/lib/python3.7/site-packages/airflow/example_dags/example_branch_operator_decorator.py
[2022-08-05 18:49:16,436] {processor.py:641} INFO - Processing file /home/airflow/.local/lib/python3.7/site-packages/airflow/example_dags/example_branch_operator_decorator.py for tasks to queue
[2022-08-05 18:49:16,437] {logging_mixin.py:115} INFO - [2022-08-05 18:49:16,437] {dagbag.py:507} INFO - Filling up the DagBag from /home/airflow/.local/lib/python3.7/site-packages/airflow/example_dags/example_branch_operator_decorator.py
[2022-08-05 18:49:16,447] {processor.py:651} INFO - DAG(s) dict_keys(['example_branch_python_operator_decorator']) retrieved from /home/airflow/.local/lib/python3.7/site-packages/airflow/example_dags/example_branch_operator_decorator.py
[2022-08-05 18:49:16,532] {logging_mixin.py:115} INFO - [2022-08-05 18:49:16,532] {dag.py:2371} INFO - Sync 1 DAGs
[2022-08-05 18:49:16,543] {logging_mixin.py:115} INFO - [2022-08-05 18:49:16,543] {dag.py:2919} INFO - Setting next_dagrun for example_branch_python_operator_decorator to 2022-08-04T00:00:00+00:00, run_after=2022-08-05T00:00:00+00:00
[2022-08-05 18:49:16,550] {processor.py:161} INFO - Processing /home/airflow/.local/lib/python3.7/site-packages/airflow/example_dags/example_branch_operator_decorator.py took 0.118 seconds
[2022-08-05 18:49:47,388] {processor.py:153} INFO - Started process (PID=1465) to work on /home/airflow/.local/lib/python3.7/site-packages/airflow/example_dags/example_branch_operator_decorator.py
[2022-08-05 18:49:47,389] {processor.py:641} INFO - Processing file /home/airflow/.local/lib/python3.7/site-packages/airflow/example_dags/example_branch_operator_decorator.py for tasks to queue
[2022-08-05 18:49:47,390] {logging_mixin.py:115} INFO - [2022-08-05 18:49:47,390] {dagbag.py:507} INFO - Filling up the DagBag from /home/airflow/.local/lib/python3.7/site-packages/airflow/example_dags/example_branch_operator_decorator.py
[2022-08-05 18:49:47,401] {processor.py:651} INFO - DAG(s) dict_keys(['example_branch_python_operator_decorator']) retrieved from /home/airflow/.local/lib/python3.7/site-packages/airflow/example_dags/example_branch_operator_decorator.py
[2022-08-05 18:49:47,486] {logging_mixin.py:115} INFO - [2022-08-05 18:49:47,486] {dag.py:2371} INFO - Sync 1 DAGs
[2022-08-05 18:49:47,498] {logging_mixin.py:115} INFO - [2022-08-05 18:49:47,498] {dag.py:2919} INFO - Setting next_dagrun for example_branch_python_operator_decorator to 2022-08-04T00:00:00+00:00, run_after=2022-08-05T00:00:00+00:00
[2022-08-05 18:49:47,504] {processor.py:161} INFO - Processing /home/airflow/.local/lib/python3.7/site-packages/airflow/example_dags/example_branch_operator_decorator.py took 0.118 seconds
[2022-08-05 18:50:18,108] {processor.py:153} INFO - Started process (PID=1528) to work on /home/airflow/.local/lib/python3.7/site-packages/airflow/example_dags/example_branch_operator_decorator.py
[2022-08-05 18:50:18,109] {processor.py:641} INFO - Processing file /home/airflow/.local/lib/python3.7/site-packages/airflow/example_dags/example_branch_operator_decorator.py for tasks to queue
[2022-08-05 18:50:18,111] {logging_mixin.py:115} INFO - [2022-08-05 18:50:18,111] {dagbag.py:507} INFO - Filling up the DagBag from /home/airflow/.local/lib/python3.7/site-packages/airflow/example_dags/example_branch_operator_decorator.py
[2022-08-05 18:50:18,122] {processor.py:651} INFO - DAG(s) dict_keys(['example_branch_python_operator_decorator']) retrieved from /home/airflow/.local/lib/python3.7/site-packages/airflow/example_dags/example_branch_operator_decorator.py
[2022-08-05 18:50:18,218] {logging_mixin.py:115} INFO - [2022-08-05 18:50:18,218] {dag.py:2371} INFO - Sync 1 DAGs
[2022-08-05 18:50:18,230] {logging_mixin.py:115} INFO - [2022-08-05 18:50:18,230] {dag.py:2919} INFO - Setting next_dagrun for example_branch_python_operator_decorator to 2022-08-04T00:00:00+00:00, run_after=2022-08-05T00:00:00+00:00
[2022-08-05 18:50:18,236] {processor.py:161} INFO - Processing /home/airflow/.local/lib/python3.7/site-packages/airflow/example_dags/example_branch_operator_decorator.py took 0.132 seconds
[2022-08-05 18:50:48,855] {processor.py:153} INFO - Started process (PID=1591) to work on /home/airflow/.local/lib/python3.7/site-packages/airflow/example_dags/example_branch_operator_decorator.py
[2022-08-05 18:50:48,856] {processor.py:641} INFO - Processing file /home/airflow/.local/lib/python3.7/site-packages/airflow/example_dags/example_branch_operator_decorator.py for tasks to queue
[2022-08-05 18:50:48,857] {logging_mixin.py:115} INFO - [2022-08-05 18:50:48,857] {dagbag.py:507} INFO - Filling up the DagBag from /home/airflow/.local/lib/python3.7/site-packages/airflow/example_dags/example_branch_operator_decorator.py
[2022-08-05 18:50:48,866] {processor.py:651} INFO - DAG(s) dict_keys(['example_branch_python_operator_decorator']) retrieved from /home/airflow/.local/lib/python3.7/site-packages/airflow/example_dags/example_branch_operator_decorator.py
[2022-08-05 18:50:48,946] {logging_mixin.py:115} INFO - [2022-08-05 18:50:48,946] {dag.py:2371} INFO - Sync 1 DAGs
[2022-08-05 18:50:48,956] {logging_mixin.py:115} INFO - [2022-08-05 18:50:48,956] {dag.py:2919} INFO - Setting next_dagrun for example_branch_python_operator_decorator to 2022-08-04T00:00:00+00:00, run_after=2022-08-05T00:00:00+00:00
[2022-08-05 18:50:48,961] {processor.py:161} INFO - Processing /home/airflow/.local/lib/python3.7/site-packages/airflow/example_dags/example_branch_operator_decorator.py took 0.109 seconds
[2022-08-05 18:51:19,633] {processor.py:153} INFO - Started process (PID=1653) to work on /home/airflow/.local/lib/python3.7/site-packages/airflow/example_dags/example_branch_operator_decorator.py
[2022-08-05 18:51:19,634] {processor.py:641} INFO - Processing file /home/airflow/.local/lib/python3.7/site-packages/airflow/example_dags/example_branch_operator_decorator.py for tasks to queue
[2022-08-05 18:51:19,636] {logging_mixin.py:115} INFO - [2022-08-05 18:51:19,636] {dagbag.py:507} INFO - Filling up the DagBag from /home/airflow/.local/lib/python3.7/site-packages/airflow/example_dags/example_branch_operator_decorator.py
[2022-08-05 18:51:19,645] {processor.py:651} INFO - DAG(s) dict_keys(['example_branch_python_operator_decorator']) retrieved from /home/airflow/.local/lib/python3.7/site-packages/airflow/example_dags/example_branch_operator_decorator.py
[2022-08-05 18:51:19,728] {logging_mixin.py:115} INFO - [2022-08-05 18:51:19,728] {dag.py:2371} INFO - Sync 1 DAGs
[2022-08-05 18:51:19,738] {logging_mixin.py:115} INFO - [2022-08-05 18:51:19,738] {dag.py:2919} INFO - Setting next_dagrun for example_branch_python_operator_decorator to 2022-08-04T00:00:00+00:00, run_after=2022-08-05T00:00:00+00:00
[2022-08-05 18:51:19,744] {processor.py:161} INFO - Processing /home/airflow/.local/lib/python3.7/site-packages/airflow/example_dags/example_branch_operator_decorator.py took 0.113 seconds
[2022-08-05 18:51:50,772] {processor.py:153} INFO - Started process (PID=1715) to work on /home/airflow/.local/lib/python3.7/site-packages/airflow/example_dags/example_branch_operator_decorator.py
[2022-08-05 18:51:50,773] {processor.py:641} INFO - Processing file /home/airflow/.local/lib/python3.7/site-packages/airflow/example_dags/example_branch_operator_decorator.py for tasks to queue
[2022-08-05 18:51:50,774] {logging_mixin.py:115} INFO - [2022-08-05 18:51:50,774] {dagbag.py:507} INFO - Filling up the DagBag from /home/airflow/.local/lib/python3.7/site-packages/airflow/example_dags/example_branch_operator_decorator.py
[2022-08-05 18:51:50,784] {processor.py:651} INFO - DAG(s) dict_keys(['example_branch_python_operator_decorator']) retrieved from /home/airflow/.local/lib/python3.7/site-packages/airflow/example_dags/example_branch_operator_decorator.py
[2022-08-05 18:51:50,866] {logging_mixin.py:115} INFO - [2022-08-05 18:51:50,866] {dag.py:2371} INFO - Sync 1 DAGs
[2022-08-05 18:51:50,876] {logging_mixin.py:115} INFO - [2022-08-05 18:51:50,876] {dag.py:2919} INFO - Setting next_dagrun for example_branch_python_operator_decorator to 2022-08-04T00:00:00+00:00, run_after=2022-08-05T00:00:00+00:00
[2022-08-05 18:51:50,883] {processor.py:161} INFO - Processing /home/airflow/.local/lib/python3.7/site-packages/airflow/example_dags/example_branch_operator_decorator.py took 0.112 seconds
[2022-08-05 18:52:21,587] {processor.py:153} INFO - Started process (PID=1777) to work on /home/airflow/.local/lib/python3.7/site-packages/airflow/example_dags/example_branch_operator_decorator.py
[2022-08-05 18:52:21,588] {processor.py:641} INFO - Processing file /home/airflow/.local/lib/python3.7/site-packages/airflow/example_dags/example_branch_operator_decorator.py for tasks to queue
[2022-08-05 18:52:21,588] {logging_mixin.py:115} INFO - [2022-08-05 18:52:21,588] {dagbag.py:507} INFO - Filling up the DagBag from /home/airflow/.local/lib/python3.7/site-packages/airflow/example_dags/example_branch_operator_decorator.py
[2022-08-05 18:52:21,598] {processor.py:651} INFO - DAG(s) dict_keys(['example_branch_python_operator_decorator']) retrieved from /home/airflow/.local/lib/python3.7/site-packages/airflow/example_dags/example_branch_operator_decorator.py
[2022-08-05 18:52:21,679] {logging_mixin.py:115} INFO - [2022-08-05 18:52:21,679] {dag.py:2371} INFO - Sync 1 DAGs
[2022-08-05 18:52:21,689] {logging_mixin.py:115} INFO - [2022-08-05 18:52:21,689] {dag.py:2919} INFO - Setting next_dagrun for example_branch_python_operator_decorator to 2022-08-04T00:00:00+00:00, run_after=2022-08-05T00:00:00+00:00
[2022-08-05 18:52:21,695] {processor.py:161} INFO - Processing /home/airflow/.local/lib/python3.7/site-packages/airflow/example_dags/example_branch_operator_decorator.py took 0.110 seconds
[2022-08-05 18:52:52,293] {processor.py:153} INFO - Started process (PID=1839) to work on /home/airflow/.local/lib/python3.7/site-packages/airflow/example_dags/example_branch_operator_decorator.py
[2022-08-05 18:52:52,294] {processor.py:641} INFO - Processing file /home/airflow/.local/lib/python3.7/site-packages/airflow/example_dags/example_branch_operator_decorator.py for tasks to queue
[2022-08-05 18:52:52,295] {logging_mixin.py:115} INFO - [2022-08-05 18:52:52,295] {dagbag.py:507} INFO - Filling up the DagBag from /home/airflow/.local/lib/python3.7/site-packages/airflow/example_dags/example_branch_operator_decorator.py
[2022-08-05 18:52:52,306] {processor.py:651} INFO - DAG(s) dict_keys(['example_branch_python_operator_decorator']) retrieved from /home/airflow/.local/lib/python3.7/site-packages/airflow/example_dags/example_branch_operator_decorator.py
[2022-08-05 18:52:52,397] {logging_mixin.py:115} INFO - [2022-08-05 18:52:52,397] {dag.py:2371} INFO - Sync 1 DAGs
[2022-08-05 18:52:52,409] {logging_mixin.py:115} INFO - [2022-08-05 18:52:52,409] {dag.py:2919} INFO - Setting next_dagrun for example_branch_python_operator_decorator to 2022-08-04T00:00:00+00:00, run_after=2022-08-05T00:00:00+00:00
[2022-08-05 18:52:52,416] {processor.py:161} INFO - Processing /home/airflow/.local/lib/python3.7/site-packages/airflow/example_dags/example_branch_operator_decorator.py took 0.126 seconds
[2022-08-05 18:53:23,252] {processor.py:153} INFO - Started process (PID=1901) to work on /home/airflow/.local/lib/python3.7/site-packages/airflow/example_dags/example_branch_operator_decorator.py
[2022-08-05 18:53:23,253] {processor.py:641} INFO - Processing file /home/airflow/.local/lib/python3.7/site-packages/airflow/example_dags/example_branch_operator_decorator.py for tasks to queue
[2022-08-05 18:53:23,254] {logging_mixin.py:115} INFO - [2022-08-05 18:53:23,254] {dagbag.py:507} INFO - Filling up the DagBag from /home/airflow/.local/lib/python3.7/site-packages/airflow/example_dags/example_branch_operator_decorator.py
[2022-08-05 18:53:23,266] {processor.py:651} INFO - DAG(s) dict_keys(['example_branch_python_operator_decorator']) retrieved from /home/airflow/.local/lib/python3.7/site-packages/airflow/example_dags/example_branch_operator_decorator.py
[2022-08-05 18:53:23,353] {logging_mixin.py:115} INFO - [2022-08-05 18:53:23,353] {dag.py:2371} INFO - Sync 1 DAGs
[2022-08-05 18:53:23,364] {logging_mixin.py:115} INFO - [2022-08-05 18:53:23,364] {dag.py:2919} INFO - Setting next_dagrun for example_branch_python_operator_decorator to 2022-08-04T00:00:00+00:00, run_after=2022-08-05T00:00:00+00:00
[2022-08-05 18:53:23,370] {processor.py:161} INFO - Processing /home/airflow/.local/lib/python3.7/site-packages/airflow/example_dags/example_branch_operator_decorator.py took 0.120 seconds
[2022-08-05 18:53:54,040] {processor.py:153} INFO - Started process (PID=1954) to work on /home/airflow/.local/lib/python3.7/site-packages/airflow/example_dags/example_branch_operator_decorator.py
[2022-08-05 18:53:54,042] {processor.py:641} INFO - Processing file /home/airflow/.local/lib/python3.7/site-packages/airflow/example_dags/example_branch_operator_decorator.py for tasks to queue
[2022-08-05 18:53:54,043] {logging_mixin.py:115} INFO - [2022-08-05 18:53:54,043] {dagbag.py:507} INFO - Filling up the DagBag from /home/airflow/.local/lib/python3.7/site-packages/airflow/example_dags/example_branch_operator_decorator.py
[2022-08-05 18:53:54,060] {processor.py:651} INFO - DAG(s) dict_keys(['example_branch_python_operator_decorator']) retrieved from /home/airflow/.local/lib/python3.7/site-packages/airflow/example_dags/example_branch_operator_decorator.py
[2022-08-05 18:53:54,189] {logging_mixin.py:115} INFO - [2022-08-05 18:53:54,189] {dag.py:2371} INFO - Sync 1 DAGs
[2022-08-05 18:53:54,205] {logging_mixin.py:115} INFO - [2022-08-05 18:53:54,205] {dag.py:2919} INFO - Setting next_dagrun for example_branch_python_operator_decorator to 2022-08-04T00:00:00+00:00, run_after=2022-08-05T00:00:00+00:00
[2022-08-05 18:53:54,215] {processor.py:161} INFO - Processing /home/airflow/.local/lib/python3.7/site-packages/airflow/example_dags/example_branch_operator_decorator.py took 0.177 seconds
[2022-08-05 18:54:24,941] {processor.py:153} INFO - Started process (PID=2016) to work on /home/airflow/.local/lib/python3.7/site-packages/airflow/example_dags/example_branch_operator_decorator.py
[2022-08-05 18:54:24,943] {processor.py:641} INFO - Processing file /home/airflow/.local/lib/python3.7/site-packages/airflow/example_dags/example_branch_operator_decorator.py for tasks to queue
[2022-08-05 18:54:24,943] {logging_mixin.py:115} INFO - [2022-08-05 18:54:24,943] {dagbag.py:507} INFO - Filling up the DagBag from /home/airflow/.local/lib/python3.7/site-packages/airflow/example_dags/example_branch_operator_decorator.py
[2022-08-05 18:54:24,954] {processor.py:651} INFO - DAG(s) dict_keys(['example_branch_python_operator_decorator']) retrieved from /home/airflow/.local/lib/python3.7/site-packages/airflow/example_dags/example_branch_operator_decorator.py
[2022-08-05 18:54:25,035] {logging_mixin.py:115} INFO - [2022-08-05 18:54:25,035] {dag.py:2371} INFO - Sync 1 DAGs
[2022-08-05 18:54:25,045] {logging_mixin.py:115} INFO - [2022-08-05 18:54:25,045] {dag.py:2919} INFO - Setting next_dagrun for example_branch_python_operator_decorator to 2022-08-04T00:00:00+00:00, run_after=2022-08-05T00:00:00+00:00
[2022-08-05 18:54:25,051] {processor.py:161} INFO - Processing /home/airflow/.local/lib/python3.7/site-packages/airflow/example_dags/example_branch_operator_decorator.py took 0.112 seconds
[2022-08-05 18:54:55,789] {processor.py:153} INFO - Started process (PID=2078) to work on /home/airflow/.local/lib/python3.7/site-packages/airflow/example_dags/example_branch_operator_decorator.py
[2022-08-05 18:54:55,790] {processor.py:641} INFO - Processing file /home/airflow/.local/lib/python3.7/site-packages/airflow/example_dags/example_branch_operator_decorator.py for tasks to queue
[2022-08-05 18:54:55,791] {logging_mixin.py:115} INFO - [2022-08-05 18:54:55,791] {dagbag.py:507} INFO - Filling up the DagBag from /home/airflow/.local/lib/python3.7/site-packages/airflow/example_dags/example_branch_operator_decorator.py
[2022-08-05 18:54:55,803] {processor.py:651} INFO - DAG(s) dict_keys(['example_branch_python_operator_decorator']) retrieved from /home/airflow/.local/lib/python3.7/site-packages/airflow/example_dags/example_branch_operator_decorator.py
[2022-08-05 18:54:55,885] {logging_mixin.py:115} INFO - [2022-08-05 18:54:55,885] {dag.py:2371} INFO - Sync 1 DAGs
[2022-08-05 18:54:55,895] {logging_mixin.py:115} INFO - [2022-08-05 18:54:55,895] {dag.py:2919} INFO - Setting next_dagrun for example_branch_python_operator_decorator to 2022-08-04T00:00:00+00:00, run_after=2022-08-05T00:00:00+00:00
[2022-08-05 18:54:55,901] {processor.py:161} INFO - Processing /home/airflow/.local/lib/python3.7/site-packages/airflow/example_dags/example_branch_operator_decorator.py took 0.114 seconds
[2022-08-05 18:55:26,685] {processor.py:153} INFO - Started process (PID=2141) to work on /home/airflow/.local/lib/python3.7/site-packages/airflow/example_dags/example_branch_operator_decorator.py
[2022-08-05 18:55:26,686] {processor.py:641} INFO - Processing file /home/airflow/.local/lib/python3.7/site-packages/airflow/example_dags/example_branch_operator_decorator.py for tasks to queue
[2022-08-05 18:55:26,688] {logging_mixin.py:115} INFO - [2022-08-05 18:55:26,687] {dagbag.py:507} INFO - Filling up the DagBag from /home/airflow/.local/lib/python3.7/site-packages/airflow/example_dags/example_branch_operator_decorator.py
[2022-08-05 18:55:26,699] {processor.py:651} INFO - DAG(s) dict_keys(['example_branch_python_operator_decorator']) retrieved from /home/airflow/.local/lib/python3.7/site-packages/airflow/example_dags/example_branch_operator_decorator.py
[2022-08-05 18:55:26,779] {logging_mixin.py:115} INFO - [2022-08-05 18:55:26,779] {dag.py:2371} INFO - Sync 1 DAGs
[2022-08-05 18:55:26,788] {logging_mixin.py:115} INFO - [2022-08-05 18:55:26,788] {dag.py:2919} INFO - Setting next_dagrun for example_branch_python_operator_decorator to 2022-08-04T00:00:00+00:00, run_after=2022-08-05T00:00:00+00:00
[2022-08-05 18:55:26,794] {processor.py:161} INFO - Processing /home/airflow/.local/lib/python3.7/site-packages/airflow/example_dags/example_branch_operator_decorator.py took 0.111 seconds
[2022-08-05 18:55:57,794] {processor.py:153} INFO - Started process (PID=2203) to work on /home/airflow/.local/lib/python3.7/site-packages/airflow/example_dags/example_branch_operator_decorator.py
[2022-08-05 18:55:57,796] {processor.py:641} INFO - Processing file /home/airflow/.local/lib/python3.7/site-packages/airflow/example_dags/example_branch_operator_decorator.py for tasks to queue
[2022-08-05 18:55:57,797] {logging_mixin.py:115} INFO - [2022-08-05 18:55:57,797] {dagbag.py:507} INFO - Filling up the DagBag from /home/airflow/.local/lib/python3.7/site-packages/airflow/example_dags/example_branch_operator_decorator.py
[2022-08-05 18:55:57,808] {processor.py:651} INFO - DAG(s) dict_keys(['example_branch_python_operator_decorator']) retrieved from /home/airflow/.local/lib/python3.7/site-packages/airflow/example_dags/example_branch_operator_decorator.py
[2022-08-05 18:55:57,896] {logging_mixin.py:115} INFO - [2022-08-05 18:55:57,896] {dag.py:2371} INFO - Sync 1 DAGs
[2022-08-05 18:55:57,907] {logging_mixin.py:115} INFO - [2022-08-05 18:55:57,907] {dag.py:2919} INFO - Setting next_dagrun for example_branch_python_operator_decorator to 2022-08-04T00:00:00+00:00, run_after=2022-08-05T00:00:00+00:00
[2022-08-05 18:55:57,915] {processor.py:161} INFO - Processing /home/airflow/.local/lib/python3.7/site-packages/airflow/example_dags/example_branch_operator_decorator.py took 0.124 seconds
[2022-08-05 18:56:28,741] {processor.py:153} INFO - Started process (PID=2265) to work on /home/airflow/.local/lib/python3.7/site-packages/airflow/example_dags/example_branch_operator_decorator.py
[2022-08-05 18:56:28,742] {processor.py:641} INFO - Processing file /home/airflow/.local/lib/python3.7/site-packages/airflow/example_dags/example_branch_operator_decorator.py for tasks to queue
[2022-08-05 18:56:28,743] {logging_mixin.py:115} INFO - [2022-08-05 18:56:28,743] {dagbag.py:507} INFO - Filling up the DagBag from /home/airflow/.local/lib/python3.7/site-packages/airflow/example_dags/example_branch_operator_decorator.py
[2022-08-05 18:56:28,754] {processor.py:651} INFO - DAG(s) dict_keys(['example_branch_python_operator_decorator']) retrieved from /home/airflow/.local/lib/python3.7/site-packages/airflow/example_dags/example_branch_operator_decorator.py
[2022-08-05 18:56:28,836] {logging_mixin.py:115} INFO - [2022-08-05 18:56:28,836] {dag.py:2371} INFO - Sync 1 DAGs
[2022-08-05 18:56:28,846] {logging_mixin.py:115} INFO - [2022-08-05 18:56:28,846] {dag.py:2919} INFO - Setting next_dagrun for example_branch_python_operator_decorator to 2022-08-04T00:00:00+00:00, run_after=2022-08-05T00:00:00+00:00
[2022-08-05 18:56:28,852] {processor.py:161} INFO - Processing /home/airflow/.local/lib/python3.7/site-packages/airflow/example_dags/example_branch_operator_decorator.py took 0.113 seconds
[2022-08-05 18:56:59,622] {processor.py:153} INFO - Started process (PID=2327) to work on /home/airflow/.local/lib/python3.7/site-packages/airflow/example_dags/example_branch_operator_decorator.py
[2022-08-05 18:56:59,623] {processor.py:641} INFO - Processing file /home/airflow/.local/lib/python3.7/site-packages/airflow/example_dags/example_branch_operator_decorator.py for tasks to queue
[2022-08-05 18:56:59,624] {logging_mixin.py:115} INFO - [2022-08-05 18:56:59,624] {dagbag.py:507} INFO - Filling up the DagBag from /home/airflow/.local/lib/python3.7/site-packages/airflow/example_dags/example_branch_operator_decorator.py
[2022-08-05 18:56:59,639] {processor.py:651} INFO - DAG(s) dict_keys(['example_branch_python_operator_decorator']) retrieved from /home/airflow/.local/lib/python3.7/site-packages/airflow/example_dags/example_branch_operator_decorator.py
[2022-08-05 18:56:59,730] {logging_mixin.py:115} INFO - [2022-08-05 18:56:59,730] {dag.py:2371} INFO - Sync 1 DAGs
[2022-08-05 18:56:59,742] {logging_mixin.py:115} INFO - [2022-08-05 18:56:59,742] {dag.py:2919} INFO - Setting next_dagrun for example_branch_python_operator_decorator to 2022-08-04T00:00:00+00:00, run_after=2022-08-05T00:00:00+00:00
[2022-08-05 18:56:59,748] {processor.py:161} INFO - Processing /home/airflow/.local/lib/python3.7/site-packages/airflow/example_dags/example_branch_operator_decorator.py took 0.128 seconds
[2022-08-05 18:57:30,438] {processor.py:153} INFO - Started process (PID=2391) to work on /home/airflow/.local/lib/python3.7/site-packages/airflow/example_dags/example_branch_operator_decorator.py
[2022-08-05 18:57:30,440] {processor.py:641} INFO - Processing file /home/airflow/.local/lib/python3.7/site-packages/airflow/example_dags/example_branch_operator_decorator.py for tasks to queue
[2022-08-05 18:57:30,441] {logging_mixin.py:115} INFO - [2022-08-05 18:57:30,441] {dagbag.py:507} INFO - Filling up the DagBag from /home/airflow/.local/lib/python3.7/site-packages/airflow/example_dags/example_branch_operator_decorator.py
[2022-08-05 18:57:30,454] {processor.py:651} INFO - DAG(s) dict_keys(['example_branch_python_operator_decorator']) retrieved from /home/airflow/.local/lib/python3.7/site-packages/airflow/example_dags/example_branch_operator_decorator.py
[2022-08-05 18:57:30,543] {logging_mixin.py:115} INFO - [2022-08-05 18:57:30,543] {dag.py:2371} INFO - Sync 1 DAGs
[2022-08-05 18:57:30,554] {logging_mixin.py:115} INFO - [2022-08-05 18:57:30,554] {dag.py:2919} INFO - Setting next_dagrun for example_branch_python_operator_decorator to 2022-08-04T00:00:00+00:00, run_after=2022-08-05T00:00:00+00:00
[2022-08-05 18:57:30,561] {processor.py:161} INFO - Processing /home/airflow/.local/lib/python3.7/site-packages/airflow/example_dags/example_branch_operator_decorator.py took 0.125 seconds
[2022-08-05 18:58:01,317] {processor.py:153} INFO - Started process (PID=2453) to work on /home/airflow/.local/lib/python3.7/site-packages/airflow/example_dags/example_branch_operator_decorator.py
[2022-08-05 18:58:01,318] {processor.py:641} INFO - Processing file /home/airflow/.local/lib/python3.7/site-packages/airflow/example_dags/example_branch_operator_decorator.py for tasks to queue
[2022-08-05 18:58:01,319] {logging_mixin.py:115} INFO - [2022-08-05 18:58:01,319] {dagbag.py:507} INFO - Filling up the DagBag from /home/airflow/.local/lib/python3.7/site-packages/airflow/example_dags/example_branch_operator_decorator.py
[2022-08-05 18:58:01,417] {processor.py:651} INFO - DAG(s) dict_keys(['example_branch_python_operator_decorator']) retrieved from /home/airflow/.local/lib/python3.7/site-packages/airflow/example_dags/example_branch_operator_decorator.py
[2022-08-05 18:58:01,431] {logging_mixin.py:115} INFO - [2022-08-05 18:58:01,431] {dag.py:2371} INFO - Sync 1 DAGs
[2022-08-05 18:58:01,445] {logging_mixin.py:115} INFO - [2022-08-05 18:58:01,445] {dag.py:2919} INFO - Setting next_dagrun for example_branch_python_operator_decorator to 2022-08-04T00:00:00+00:00, run_after=2022-08-05T00:00:00+00:00
[2022-08-05 18:58:01,453] {processor.py:161} INFO - Processing /home/airflow/.local/lib/python3.7/site-packages/airflow/example_dags/example_branch_operator_decorator.py took 0.138 seconds
[2022-08-05 18:58:32,248] {processor.py:153} INFO - Started process (PID=2506) to work on /home/airflow/.local/lib/python3.7/site-packages/airflow/example_dags/example_branch_operator_decorator.py
[2022-08-05 18:58:32,249] {processor.py:641} INFO - Processing file /home/airflow/.local/lib/python3.7/site-packages/airflow/example_dags/example_branch_operator_decorator.py for tasks to queue
[2022-08-05 18:58:32,250] {logging_mixin.py:115} INFO - [2022-08-05 18:58:32,250] {dagbag.py:507} INFO - Filling up the DagBag from /home/airflow/.local/lib/python3.7/site-packages/airflow/example_dags/example_branch_operator_decorator.py
[2022-08-05 18:58:32,332] {processor.py:651} INFO - DAG(s) dict_keys(['example_branch_python_operator_decorator']) retrieved from /home/airflow/.local/lib/python3.7/site-packages/airflow/example_dags/example_branch_operator_decorator.py
[2022-08-05 18:58:32,347] {logging_mixin.py:115} INFO - [2022-08-05 18:58:32,347] {dag.py:2371} INFO - Sync 1 DAGs
[2022-08-05 18:58:32,358] {logging_mixin.py:115} INFO - [2022-08-05 18:58:32,358] {dag.py:2919} INFO - Setting next_dagrun for example_branch_python_operator_decorator to 2022-08-04T00:00:00+00:00, run_after=2022-08-05T00:00:00+00:00
[2022-08-05 18:58:32,366] {processor.py:161} INFO - Processing /home/airflow/.local/lib/python3.7/site-packages/airflow/example_dags/example_branch_operator_decorator.py took 0.120 seconds
[2022-08-05 18:59:03,113] {processor.py:153} INFO - Started process (PID=2568) to work on /home/airflow/.local/lib/python3.7/site-packages/airflow/example_dags/example_branch_operator_decorator.py
[2022-08-05 18:59:03,114] {processor.py:641} INFO - Processing file /home/airflow/.local/lib/python3.7/site-packages/airflow/example_dags/example_branch_operator_decorator.py for tasks to queue
[2022-08-05 18:59:03,115] {logging_mixin.py:115} INFO - [2022-08-05 18:59:03,115] {dagbag.py:507} INFO - Filling up the DagBag from /home/airflow/.local/lib/python3.7/site-packages/airflow/example_dags/example_branch_operator_decorator.py
[2022-08-05 18:59:03,191] {processor.py:651} INFO - DAG(s) dict_keys(['example_branch_python_operator_decorator']) retrieved from /home/airflow/.local/lib/python3.7/site-packages/airflow/example_dags/example_branch_operator_decorator.py
[2022-08-05 18:59:03,203] {logging_mixin.py:115} INFO - [2022-08-05 18:59:03,203] {dag.py:2371} INFO - Sync 1 DAGs
[2022-08-05 18:59:03,214] {logging_mixin.py:115} INFO - [2022-08-05 18:59:03,214] {dag.py:2919} INFO - Setting next_dagrun for example_branch_python_operator_decorator to 2022-08-04T00:00:00+00:00, run_after=2022-08-05T00:00:00+00:00
[2022-08-05 18:59:03,220] {processor.py:161} INFO - Processing /home/airflow/.local/lib/python3.7/site-packages/airflow/example_dags/example_branch_operator_decorator.py took 0.109 seconds
[2022-08-05 18:59:34,135] {processor.py:153} INFO - Started process (PID=2630) to work on /home/airflow/.local/lib/python3.7/site-packages/airflow/example_dags/example_branch_operator_decorator.py
[2022-08-05 18:59:34,136] {processor.py:641} INFO - Processing file /home/airflow/.local/lib/python3.7/site-packages/airflow/example_dags/example_branch_operator_decorator.py for tasks to queue
[2022-08-05 18:59:34,137] {logging_mixin.py:115} INFO - [2022-08-05 18:59:34,137] {dagbag.py:507} INFO - Filling up the DagBag from /home/airflow/.local/lib/python3.7/site-packages/airflow/example_dags/example_branch_operator_decorator.py
[2022-08-05 18:59:34,217] {processor.py:651} INFO - DAG(s) dict_keys(['example_branch_python_operator_decorator']) retrieved from /home/airflow/.local/lib/python3.7/site-packages/airflow/example_dags/example_branch_operator_decorator.py
[2022-08-05 18:59:34,229] {logging_mixin.py:115} INFO - [2022-08-05 18:59:34,229] {dag.py:2371} INFO - Sync 1 DAGs
[2022-08-05 18:59:34,239] {logging_mixin.py:115} INFO - [2022-08-05 18:59:34,239] {dag.py:2919} INFO - Setting next_dagrun for example_branch_python_operator_decorator to 2022-08-04T00:00:00+00:00, run_after=2022-08-05T00:00:00+00:00
[2022-08-05 18:59:34,245] {processor.py:161} INFO - Processing /home/airflow/.local/lib/python3.7/site-packages/airflow/example_dags/example_branch_operator_decorator.py took 0.112 seconds
[2022-08-05 19:00:04,930] {processor.py:153} INFO - Started process (PID=2693) to work on /home/airflow/.local/lib/python3.7/site-packages/airflow/example_dags/example_branch_operator_decorator.py
[2022-08-05 19:00:04,932] {processor.py:641} INFO - Processing file /home/airflow/.local/lib/python3.7/site-packages/airflow/example_dags/example_branch_operator_decorator.py for tasks to queue
[2022-08-05 19:00:04,932] {logging_mixin.py:115} INFO - [2022-08-05 19:00:04,932] {dagbag.py:507} INFO - Filling up the DagBag from /home/airflow/.local/lib/python3.7/site-packages/airflow/example_dags/example_branch_operator_decorator.py
[2022-08-05 19:00:05,012] {processor.py:651} INFO - DAG(s) dict_keys(['example_branch_python_operator_decorator']) retrieved from /home/airflow/.local/lib/python3.7/site-packages/airflow/example_dags/example_branch_operator_decorator.py
[2022-08-05 19:00:05,025] {logging_mixin.py:115} INFO - [2022-08-05 19:00:05,025] {dag.py:2371} INFO - Sync 1 DAGs
[2022-08-05 19:00:05,035] {logging_mixin.py:115} INFO - [2022-08-05 19:00:05,035] {dag.py:2919} INFO - Setting next_dagrun for example_branch_python_operator_decorator to 2022-08-04T00:00:00+00:00, run_after=2022-08-05T00:00:00+00:00
[2022-08-05 19:00:05,041] {processor.py:161} INFO - Processing /home/airflow/.local/lib/python3.7/site-packages/airflow/example_dags/example_branch_operator_decorator.py took 0.113 seconds
[2022-08-05 19:00:35,196] {processor.py:153} INFO - Started process (PID=2754) to work on /home/airflow/.local/lib/python3.7/site-packages/airflow/example_dags/example_branch_operator_decorator.py
[2022-08-05 19:00:35,197] {processor.py:641} INFO - Processing file /home/airflow/.local/lib/python3.7/site-packages/airflow/example_dags/example_branch_operator_decorator.py for tasks to queue
[2022-08-05 19:00:35,198] {logging_mixin.py:115} INFO - [2022-08-05 19:00:35,198] {dagbag.py:507} INFO - Filling up the DagBag from /home/airflow/.local/lib/python3.7/site-packages/airflow/example_dags/example_branch_operator_decorator.py
[2022-08-05 19:00:35,277] {processor.py:651} INFO - DAG(s) dict_keys(['example_branch_python_operator_decorator']) retrieved from /home/airflow/.local/lib/python3.7/site-packages/airflow/example_dags/example_branch_operator_decorator.py
[2022-08-05 19:00:35,289] {logging_mixin.py:115} INFO - [2022-08-05 19:00:35,289] {dag.py:2371} INFO - Sync 1 DAGs
[2022-08-05 19:00:35,301] {logging_mixin.py:115} INFO - [2022-08-05 19:00:35,300] {dag.py:2919} INFO - Setting next_dagrun for example_branch_python_operator_decorator to 2022-08-04T00:00:00+00:00, run_after=2022-08-05T00:00:00+00:00
[2022-08-05 19:00:35,306] {processor.py:161} INFO - Processing /home/airflow/.local/lib/python3.7/site-packages/airflow/example_dags/example_branch_operator_decorator.py took 0.113 seconds
[2022-08-05 19:01:05,460] {processor.py:153} INFO - Started process (PID=2816) to work on /home/airflow/.local/lib/python3.7/site-packages/airflow/example_dags/example_branch_operator_decorator.py
[2022-08-05 19:01:05,461] {processor.py:641} INFO - Processing file /home/airflow/.local/lib/python3.7/site-packages/airflow/example_dags/example_branch_operator_decorator.py for tasks to queue
[2022-08-05 19:01:05,462] {logging_mixin.py:115} INFO - [2022-08-05 19:01:05,462] {dagbag.py:507} INFO - Filling up the DagBag from /home/airflow/.local/lib/python3.7/site-packages/airflow/example_dags/example_branch_operator_decorator.py
[2022-08-05 19:01:05,541] {processor.py:651} INFO - DAG(s) dict_keys(['example_branch_python_operator_decorator']) retrieved from /home/airflow/.local/lib/python3.7/site-packages/airflow/example_dags/example_branch_operator_decorator.py
[2022-08-05 19:01:05,553] {logging_mixin.py:115} INFO - [2022-08-05 19:01:05,553] {dag.py:2371} INFO - Sync 1 DAGs
[2022-08-05 19:01:05,563] {logging_mixin.py:115} INFO - [2022-08-05 19:01:05,563] {dag.py:2919} INFO - Setting next_dagrun for example_branch_python_operator_decorator to 2022-08-04T00:00:00+00:00, run_after=2022-08-05T00:00:00+00:00
[2022-08-05 19:01:05,569] {processor.py:161} INFO - Processing /home/airflow/.local/lib/python3.7/site-packages/airflow/example_dags/example_branch_operator_decorator.py took 0.111 seconds
[2022-08-05 19:01:36,443] {processor.py:153} INFO - Started process (PID=2879) to work on /home/airflow/.local/lib/python3.7/site-packages/airflow/example_dags/example_branch_operator_decorator.py
[2022-08-05 19:01:36,444] {processor.py:641} INFO - Processing file /home/airflow/.local/lib/python3.7/site-packages/airflow/example_dags/example_branch_operator_decorator.py for tasks to queue
[2022-08-05 19:01:36,445] {logging_mixin.py:115} INFO - [2022-08-05 19:01:36,445] {dagbag.py:507} INFO - Filling up the DagBag from /home/airflow/.local/lib/python3.7/site-packages/airflow/example_dags/example_branch_operator_decorator.py
[2022-08-05 19:01:36,524] {processor.py:651} INFO - DAG(s) dict_keys(['example_branch_python_operator_decorator']) retrieved from /home/airflow/.local/lib/python3.7/site-packages/airflow/example_dags/example_branch_operator_decorator.py
[2022-08-05 19:01:36,535] {logging_mixin.py:115} INFO - [2022-08-05 19:01:36,535] {dag.py:2371} INFO - Sync 1 DAGs
[2022-08-05 19:01:36,547] {logging_mixin.py:115} INFO - [2022-08-05 19:01:36,547] {dag.py:2919} INFO - Setting next_dagrun for example_branch_python_operator_decorator to 2022-08-04T00:00:00+00:00, run_after=2022-08-05T00:00:00+00:00
[2022-08-05 19:01:36,553] {processor.py:161} INFO - Processing /home/airflow/.local/lib/python3.7/site-packages/airflow/example_dags/example_branch_operator_decorator.py took 0.112 seconds
[2022-08-05 19:02:07,423] {processor.py:153} INFO - Started process (PID=2932) to work on /home/airflow/.local/lib/python3.7/site-packages/airflow/example_dags/example_branch_operator_decorator.py
[2022-08-05 19:02:07,424] {processor.py:641} INFO - Processing file /home/airflow/.local/lib/python3.7/site-packages/airflow/example_dags/example_branch_operator_decorator.py for tasks to queue
[2022-08-05 19:02:07,425] {logging_mixin.py:115} INFO - [2022-08-05 19:02:07,425] {dagbag.py:507} INFO - Filling up the DagBag from /home/airflow/.local/lib/python3.7/site-packages/airflow/example_dags/example_branch_operator_decorator.py
[2022-08-05 19:02:07,507] {processor.py:651} INFO - DAG(s) dict_keys(['example_branch_python_operator_decorator']) retrieved from /home/airflow/.local/lib/python3.7/site-packages/airflow/example_dags/example_branch_operator_decorator.py
[2022-08-05 19:02:07,519] {logging_mixin.py:115} INFO - [2022-08-05 19:02:07,519] {dag.py:2371} INFO - Sync 1 DAGs
[2022-08-05 19:02:07,530] {logging_mixin.py:115} INFO - [2022-08-05 19:02:07,530] {dag.py:2919} INFO - Setting next_dagrun for example_branch_python_operator_decorator to 2022-08-04T00:00:00+00:00, run_after=2022-08-05T00:00:00+00:00
[2022-08-05 19:02:07,536] {processor.py:161} INFO - Processing /home/airflow/.local/lib/python3.7/site-packages/airflow/example_dags/example_branch_operator_decorator.py took 0.115 seconds
[2022-08-05 19:02:37,724] {processor.py:153} INFO - Started process (PID=2996) to work on /home/airflow/.local/lib/python3.7/site-packages/airflow/example_dags/example_branch_operator_decorator.py
[2022-08-05 19:02:37,725] {processor.py:641} INFO - Processing file /home/airflow/.local/lib/python3.7/site-packages/airflow/example_dags/example_branch_operator_decorator.py for tasks to queue
[2022-08-05 19:02:37,726] {logging_mixin.py:115} INFO - [2022-08-05 19:02:37,726] {dagbag.py:507} INFO - Filling up the DagBag from /home/airflow/.local/lib/python3.7/site-packages/airflow/example_dags/example_branch_operator_decorator.py
[2022-08-05 19:02:37,804] {processor.py:651} INFO - DAG(s) dict_keys(['example_branch_python_operator_decorator']) retrieved from /home/airflow/.local/lib/python3.7/site-packages/airflow/example_dags/example_branch_operator_decorator.py
[2022-08-05 19:02:37,816] {logging_mixin.py:115} INFO - [2022-08-05 19:02:37,816] {dag.py:2371} INFO - Sync 1 DAGs
[2022-08-05 19:02:37,826] {logging_mixin.py:115} INFO - [2022-08-05 19:02:37,826] {dag.py:2919} INFO - Setting next_dagrun for example_branch_python_operator_decorator to 2022-08-04T00:00:00+00:00, run_after=2022-08-05T00:00:00+00:00
[2022-08-05 19:02:37,832] {processor.py:161} INFO - Processing /home/airflow/.local/lib/python3.7/site-packages/airflow/example_dags/example_branch_operator_decorator.py took 0.109 seconds
[2022-08-05 19:03:08,182] {processor.py:153} INFO - Started process (PID=3057) to work on /home/airflow/.local/lib/python3.7/site-packages/airflow/example_dags/example_branch_operator_decorator.py
[2022-08-05 19:03:08,287] {processor.py:641} INFO - Processing file /home/airflow/.local/lib/python3.7/site-packages/airflow/example_dags/example_branch_operator_decorator.py for tasks to queue
[2022-08-05 19:03:08,289] {logging_mixin.py:115} INFO - [2022-08-05 19:03:08,289] {dagbag.py:507} INFO - Filling up the DagBag from /home/airflow/.local/lib/python3.7/site-packages/airflow/example_dags/example_branch_operator_decorator.py
[2022-08-05 19:03:08,400] {processor.py:651} INFO - DAG(s) dict_keys(['example_branch_python_operator_decorator']) retrieved from /home/airflow/.local/lib/python3.7/site-packages/airflow/example_dags/example_branch_operator_decorator.py
[2022-08-05 19:03:08,436] {logging_mixin.py:115} INFO - [2022-08-05 19:03:08,436] {dag.py:2371} INFO - Sync 1 DAGs
[2022-08-05 19:03:08,451] {logging_mixin.py:115} INFO - [2022-08-05 19:03:08,450] {dag.py:2919} INFO - Setting next_dagrun for example_branch_python_operator_decorator to 2022-08-04T00:00:00+00:00, run_after=2022-08-05T00:00:00+00:00
[2022-08-05 19:03:08,464] {processor.py:161} INFO - Processing /home/airflow/.local/lib/python3.7/site-packages/airflow/example_dags/example_branch_operator_decorator.py took 0.286 seconds
[2022-08-05 19:53:26,162] {processor.py:153} INFO - Started process (PID=3109) to work on /home/airflow/.local/lib/python3.7/site-packages/airflow/example_dags/example_branch_operator_decorator.py
[2022-08-05 19:53:26,163] {processor.py:641} INFO - Processing file /home/airflow/.local/lib/python3.7/site-packages/airflow/example_dags/example_branch_operator_decorator.py for tasks to queue
[2022-08-05 19:53:26,166] {logging_mixin.py:115} INFO - [2022-08-05 19:53:26,165] {dagbag.py:507} INFO - Filling up the DagBag from /home/airflow/.local/lib/python3.7/site-packages/airflow/example_dags/example_branch_operator_decorator.py
[2022-08-05 19:53:26,184] {processor.py:651} INFO - DAG(s) dict_keys(['example_branch_python_operator_decorator']) retrieved from /home/airflow/.local/lib/python3.7/site-packages/airflow/example_dags/example_branch_operator_decorator.py
[2022-08-05 19:53:26,213] {logging_mixin.py:115} INFO - [2022-08-05 19:53:26,213] {dag.py:2371} INFO - Sync 1 DAGs
[2022-08-05 19:53:26,244] {logging_mixin.py:115} INFO - [2022-08-05 19:53:26,244] {dag.py:2919} INFO - Setting next_dagrun for example_branch_python_operator_decorator to 2022-08-04T00:00:00+00:00, run_after=2022-08-05T00:00:00+00:00
[2022-08-05 19:53:26,255] {processor.py:161} INFO - Processing /home/airflow/.local/lib/python3.7/site-packages/airflow/example_dags/example_branch_operator_decorator.py took 0.096 seconds
[2022-08-05 20:42:19,971] {processor.py:153} INFO - Started process (PID=3169) to work on /home/airflow/.local/lib/python3.7/site-packages/airflow/example_dags/example_branch_operator_decorator.py
[2022-08-05 20:42:19,994] {processor.py:641} INFO - Processing file /home/airflow/.local/lib/python3.7/site-packages/airflow/example_dags/example_branch_operator_decorator.py for tasks to queue
[2022-08-05 20:42:19,996] {logging_mixin.py:115} INFO - [2022-08-05 20:42:19,996] {dagbag.py:507} INFO - Filling up the DagBag from /home/airflow/.local/lib/python3.7/site-packages/airflow/example_dags/example_branch_operator_decorator.py
[2022-08-05 20:42:20,048] {processor.py:651} INFO - DAG(s) dict_keys(['example_branch_python_operator_decorator']) retrieved from /home/airflow/.local/lib/python3.7/site-packages/airflow/example_dags/example_branch_operator_decorator.py
[2022-08-05 20:42:20,090] {logging_mixin.py:115} INFO - [2022-08-05 20:42:20,090] {dag.py:2371} INFO - Sync 1 DAGs
[2022-08-05 20:42:20,136] {logging_mixin.py:115} INFO - [2022-08-05 20:42:20,136] {dag.py:2919} INFO - Setting next_dagrun for example_branch_python_operator_decorator to 2022-08-04T00:00:00+00:00, run_after=2022-08-05T00:00:00+00:00
[2022-08-05 20:42:20,178] {processor.py:161} INFO - Processing /home/airflow/.local/lib/python3.7/site-packages/airflow/example_dags/example_branch_operator_decorator.py took 0.212 seconds
[2022-08-05 21:16:22,262] {processor.py:153} INFO - Started process (PID=3220) to work on /home/airflow/.local/lib/python3.7/site-packages/airflow/example_dags/example_branch_operator_decorator.py
[2022-08-05 21:16:22,264] {processor.py:641} INFO - Processing file /home/airflow/.local/lib/python3.7/site-packages/airflow/example_dags/example_branch_operator_decorator.py for tasks to queue
[2022-08-05 21:16:22,266] {logging_mixin.py:115} INFO - [2022-08-05 21:16:22,266] {dagbag.py:507} INFO - Filling up the DagBag from /home/airflow/.local/lib/python3.7/site-packages/airflow/example_dags/example_branch_operator_decorator.py
[2022-08-05 21:16:22,282] {processor.py:651} INFO - DAG(s) dict_keys(['example_branch_python_operator_decorator']) retrieved from /home/airflow/.local/lib/python3.7/site-packages/airflow/example_dags/example_branch_operator_decorator.py
[2022-08-05 21:16:22,316] {logging_mixin.py:115} INFO - [2022-08-05 21:16:22,316] {dag.py:2371} INFO - Sync 1 DAGs
[2022-08-05 21:16:22,341] {logging_mixin.py:115} INFO - [2022-08-05 21:16:22,341] {dag.py:2919} INFO - Setting next_dagrun for example_branch_python_operator_decorator to 2022-08-04T00:00:00+00:00, run_after=2022-08-05T00:00:00+00:00
[2022-08-05 21:16:22,353] {processor.py:161} INFO - Processing /home/airflow/.local/lib/python3.7/site-packages/airflow/example_dags/example_branch_operator_decorator.py took 0.098 seconds
[2022-08-05 22:06:31,054] {processor.py:153} INFO - Started process (PID=3281) to work on /home/airflow/.local/lib/python3.7/site-packages/airflow/example_dags/example_branch_operator_decorator.py
[2022-08-05 22:06:31,056] {processor.py:641} INFO - Processing file /home/airflow/.local/lib/python3.7/site-packages/airflow/example_dags/example_branch_operator_decorator.py for tasks to queue
[2022-08-05 22:06:31,059] {logging_mixin.py:115} INFO - [2022-08-05 22:06:31,059] {dagbag.py:507} INFO - Filling up the DagBag from /home/airflow/.local/lib/python3.7/site-packages/airflow/example_dags/example_branch_operator_decorator.py
[2022-08-05 22:06:31,078] {processor.py:651} INFO - DAG(s) dict_keys(['example_branch_python_operator_decorator']) retrieved from /home/airflow/.local/lib/python3.7/site-packages/airflow/example_dags/example_branch_operator_decorator.py
[2022-08-05 22:06:31,102] {logging_mixin.py:115} INFO - [2022-08-05 22:06:31,102] {dag.py:2371} INFO - Sync 1 DAGs
[2022-08-05 22:06:31,124] {logging_mixin.py:115} INFO - [2022-08-05 22:06:31,124] {dag.py:2919} INFO - Setting next_dagrun for example_branch_python_operator_decorator to 2022-08-04T00:00:00+00:00, run_after=2022-08-05T00:00:00+00:00
[2022-08-05 22:06:31,135] {processor.py:161} INFO - Processing /home/airflow/.local/lib/python3.7/site-packages/airflow/example_dags/example_branch_operator_decorator.py took 0.085 seconds
[2022-08-05 22:40:29,154] {processor.py:153} INFO - Started process (PID=3342) to work on /home/airflow/.local/lib/python3.7/site-packages/airflow/example_dags/example_branch_operator_decorator.py
[2022-08-05 22:40:29,158] {processor.py:641} INFO - Processing file /home/airflow/.local/lib/python3.7/site-packages/airflow/example_dags/example_branch_operator_decorator.py for tasks to queue
[2022-08-05 22:40:29,160] {logging_mixin.py:115} INFO - [2022-08-05 22:40:29,160] {dagbag.py:507} INFO - Filling up the DagBag from /home/airflow/.local/lib/python3.7/site-packages/airflow/example_dags/example_branch_operator_decorator.py
[2022-08-05 22:40:29,182] {processor.py:651} INFO - DAG(s) dict_keys(['example_branch_python_operator_decorator']) retrieved from /home/airflow/.local/lib/python3.7/site-packages/airflow/example_dags/example_branch_operator_decorator.py
[2022-08-05 22:40:29,222] {logging_mixin.py:115} INFO - [2022-08-05 22:40:29,222] {dag.py:2371} INFO - Sync 1 DAGs
[2022-08-05 22:40:29,262] {logging_mixin.py:115} INFO - [2022-08-05 22:40:29,262] {dag.py:2919} INFO - Setting next_dagrun for example_branch_python_operator_decorator to 2022-08-04T00:00:00+00:00, run_after=2022-08-05T00:00:00+00:00
[2022-08-05 22:40:29,279] {processor.py:161} INFO - Processing /home/airflow/.local/lib/python3.7/site-packages/airflow/example_dags/example_branch_operator_decorator.py took 0.128 seconds
[2022-08-05 23:30:05,577] {processor.py:153} INFO - Started process (PID=3404) to work on /home/airflow/.local/lib/python3.7/site-packages/airflow/example_dags/example_branch_operator_decorator.py
[2022-08-05 23:30:05,579] {processor.py:641} INFO - Processing file /home/airflow/.local/lib/python3.7/site-packages/airflow/example_dags/example_branch_operator_decorator.py for tasks to queue
[2022-08-05 23:30:05,580] {logging_mixin.py:115} INFO - [2022-08-05 23:30:05,580] {dagbag.py:507} INFO - Filling up the DagBag from /home/airflow/.local/lib/python3.7/site-packages/airflow/example_dags/example_branch_operator_decorator.py
[2022-08-05 23:30:05,599] {processor.py:651} INFO - DAG(s) dict_keys(['example_branch_python_operator_decorator']) retrieved from /home/airflow/.local/lib/python3.7/site-packages/airflow/example_dags/example_branch_operator_decorator.py
[2022-08-05 23:30:05,633] {logging_mixin.py:115} INFO - [2022-08-05 23:30:05,633] {dag.py:2371} INFO - Sync 1 DAGs
[2022-08-05 23:30:05,657] {logging_mixin.py:115} INFO - [2022-08-05 23:30:05,657] {dag.py:2919} INFO - Setting next_dagrun for example_branch_python_operator_decorator to 2022-08-04T00:00:00+00:00, run_after=2022-08-05T00:00:00+00:00
[2022-08-05 23:30:05,668] {processor.py:161} INFO - Processing /home/airflow/.local/lib/python3.7/site-packages/airflow/example_dags/example_branch_operator_decorator.py took 0.094 seconds
