[2022-08-05 18:37:58,441] {processor.py:153} INFO - Started process (PID=48) to work on /home/airflow/.local/lib/python3.7/site-packages/airflow/example_dags/example_branch_day_of_week_operator.py
[2022-08-05 18:37:58,443] {processor.py:641} INFO - Processing file /home/airflow/.local/lib/python3.7/site-packages/airflow/example_dags/example_branch_day_of_week_operator.py for tasks to queue
[2022-08-05 18:37:58,445] {logging_mixin.py:115} INFO - [2022-08-05 18:37:58,445] {dagbag.py:507} INFO - Filling up the DagBag from /home/airflow/.local/lib/python3.7/site-packages/airflow/example_dags/example_branch_day_of_week_operator.py
[2022-08-05 18:37:58,454] {processor.py:651} INFO - DAG(s) dict_keys(['example_weekday_branch_operator']) retrieved from /home/airflow/.local/lib/python3.7/site-packages/airflow/example_dags/example_branch_day_of_week_operator.py
[2022-08-05 18:37:58,495] {logging_mixin.py:115} INFO - [2022-08-05 18:37:58,495] {dag.py:2371} INFO - Sync 1 DAGs
[2022-08-05 18:37:58,521] {logging_mixin.py:115} INFO - [2022-08-05 18:37:58,521] {dag.py:2919} INFO - Setting next_dagrun for example_weekday_branch_operator to 2022-08-04T00:00:00+00:00, run_after=2022-08-05T00:00:00+00:00
[2022-08-05 18:37:58,887] {processor.py:161} INFO - Processing /home/airflow/.local/lib/python3.7/site-packages/airflow/example_dags/example_branch_day_of_week_operator.py took 0.448 seconds
[2022-08-05 18:38:29,378] {processor.py:153} INFO - Started process (PID=111) to work on /home/airflow/.local/lib/python3.7/site-packages/airflow/example_dags/example_branch_day_of_week_operator.py
[2022-08-05 18:38:29,379] {processor.py:641} INFO - Processing file /home/airflow/.local/lib/python3.7/site-packages/airflow/example_dags/example_branch_day_of_week_operator.py for tasks to queue
[2022-08-05 18:38:29,380] {logging_mixin.py:115} INFO - [2022-08-05 18:38:29,380] {dagbag.py:507} INFO - Filling up the DagBag from /home/airflow/.local/lib/python3.7/site-packages/airflow/example_dags/example_branch_day_of_week_operator.py
[2022-08-05 18:38:29,384] {processor.py:651} INFO - DAG(s) dict_keys(['example_weekday_branch_operator']) retrieved from /home/airflow/.local/lib/python3.7/site-packages/airflow/example_dags/example_branch_day_of_week_operator.py
[2022-08-05 18:38:29,400] {logging_mixin.py:115} INFO - [2022-08-05 18:38:29,400] {dag.py:2371} INFO - Sync 1 DAGs
[2022-08-05 18:38:29,414] {logging_mixin.py:115} INFO - [2022-08-05 18:38:29,414] {dag.py:2919} INFO - Setting next_dagrun for example_weekday_branch_operator to 2022-08-04T00:00:00+00:00, run_after=2022-08-05T00:00:00+00:00
[2022-08-05 18:38:29,499] {processor.py:161} INFO - Processing /home/airflow/.local/lib/python3.7/site-packages/airflow/example_dags/example_branch_day_of_week_operator.py took 0.123 seconds
[2022-08-05 18:38:59,676] {processor.py:153} INFO - Started process (PID=174) to work on /home/airflow/.local/lib/python3.7/site-packages/airflow/example_dags/example_branch_day_of_week_operator.py
[2022-08-05 18:38:59,677] {processor.py:641} INFO - Processing file /home/airflow/.local/lib/python3.7/site-packages/airflow/example_dags/example_branch_day_of_week_operator.py for tasks to queue
[2022-08-05 18:38:59,678] {logging_mixin.py:115} INFO - [2022-08-05 18:38:59,678] {dagbag.py:507} INFO - Filling up the DagBag from /home/airflow/.local/lib/python3.7/site-packages/airflow/example_dags/example_branch_day_of_week_operator.py
[2022-08-05 18:38:59,683] {processor.py:651} INFO - DAG(s) dict_keys(['example_weekday_branch_operator']) retrieved from /home/airflow/.local/lib/python3.7/site-packages/airflow/example_dags/example_branch_day_of_week_operator.py
[2022-08-05 18:38:59,700] {logging_mixin.py:115} INFO - [2022-08-05 18:38:59,700] {dag.py:2371} INFO - Sync 1 DAGs
[2022-08-05 18:38:59,716] {logging_mixin.py:115} INFO - [2022-08-05 18:38:59,716] {dag.py:2919} INFO - Setting next_dagrun for example_weekday_branch_operator to 2022-08-04T00:00:00+00:00, run_after=2022-08-05T00:00:00+00:00
[2022-08-05 18:38:59,802] {processor.py:161} INFO - Processing /home/airflow/.local/lib/python3.7/site-packages/airflow/example_dags/example_branch_day_of_week_operator.py took 0.128 seconds
[2022-08-05 18:39:30,316] {processor.py:153} INFO - Started process (PID=236) to work on /home/airflow/.local/lib/python3.7/site-packages/airflow/example_dags/example_branch_day_of_week_operator.py
[2022-08-05 18:39:30,317] {processor.py:641} INFO - Processing file /home/airflow/.local/lib/python3.7/site-packages/airflow/example_dags/example_branch_day_of_week_operator.py for tasks to queue
[2022-08-05 18:39:30,318] {logging_mixin.py:115} INFO - [2022-08-05 18:39:30,318] {dagbag.py:507} INFO - Filling up the DagBag from /home/airflow/.local/lib/python3.7/site-packages/airflow/example_dags/example_branch_day_of_week_operator.py
[2022-08-05 18:39:30,323] {processor.py:651} INFO - DAG(s) dict_keys(['example_weekday_branch_operator']) retrieved from /home/airflow/.local/lib/python3.7/site-packages/airflow/example_dags/example_branch_day_of_week_operator.py
[2022-08-05 18:39:30,337] {logging_mixin.py:115} INFO - [2022-08-05 18:39:30,337] {dag.py:2371} INFO - Sync 1 DAGs
[2022-08-05 18:39:30,351] {logging_mixin.py:115} INFO - [2022-08-05 18:39:30,351] {dag.py:2919} INFO - Setting next_dagrun for example_weekday_branch_operator to 2022-08-04T00:00:00+00:00, run_after=2022-08-05T00:00:00+00:00
[2022-08-05 18:39:30,437] {processor.py:161} INFO - Processing /home/airflow/.local/lib/python3.7/site-packages/airflow/example_dags/example_branch_day_of_week_operator.py took 0.123 seconds
[2022-08-05 18:40:00,909] {processor.py:153} INFO - Started process (PID=298) to work on /home/airflow/.local/lib/python3.7/site-packages/airflow/example_dags/example_branch_day_of_week_operator.py
[2022-08-05 18:40:00,910] {processor.py:641} INFO - Processing file /home/airflow/.local/lib/python3.7/site-packages/airflow/example_dags/example_branch_day_of_week_operator.py for tasks to queue
[2022-08-05 18:40:00,911] {logging_mixin.py:115} INFO - [2022-08-05 18:40:00,911] {dagbag.py:507} INFO - Filling up the DagBag from /home/airflow/.local/lib/python3.7/site-packages/airflow/example_dags/example_branch_day_of_week_operator.py
[2022-08-05 18:40:00,916] {processor.py:651} INFO - DAG(s) dict_keys(['example_weekday_branch_operator']) retrieved from /home/airflow/.local/lib/python3.7/site-packages/airflow/example_dags/example_branch_day_of_week_operator.py
[2022-08-05 18:40:00,932] {logging_mixin.py:115} INFO - [2022-08-05 18:40:00,932] {dag.py:2371} INFO - Sync 1 DAGs
[2022-08-05 18:40:00,947] {logging_mixin.py:115} INFO - [2022-08-05 18:40:00,947] {dag.py:2919} INFO - Setting next_dagrun for example_weekday_branch_operator to 2022-08-04T00:00:00+00:00, run_after=2022-08-05T00:00:00+00:00
[2022-08-05 18:40:01,025] {processor.py:161} INFO - Processing /home/airflow/.local/lib/python3.7/site-packages/airflow/example_dags/example_branch_day_of_week_operator.py took 0.118 seconds
[2022-08-05 18:40:31,373] {processor.py:153} INFO - Started process (PID=360) to work on /home/airflow/.local/lib/python3.7/site-packages/airflow/example_dags/example_branch_day_of_week_operator.py
[2022-08-05 18:40:31,374] {processor.py:641} INFO - Processing file /home/airflow/.local/lib/python3.7/site-packages/airflow/example_dags/example_branch_day_of_week_operator.py for tasks to queue
[2022-08-05 18:40:31,376] {logging_mixin.py:115} INFO - [2022-08-05 18:40:31,376] {dagbag.py:507} INFO - Filling up the DagBag from /home/airflow/.local/lib/python3.7/site-packages/airflow/example_dags/example_branch_day_of_week_operator.py
[2022-08-05 18:40:31,381] {processor.py:651} INFO - DAG(s) dict_keys(['example_weekday_branch_operator']) retrieved from /home/airflow/.local/lib/python3.7/site-packages/airflow/example_dags/example_branch_day_of_week_operator.py
[2022-08-05 18:40:31,397] {logging_mixin.py:115} INFO - [2022-08-05 18:40:31,397] {dag.py:2371} INFO - Sync 1 DAGs
[2022-08-05 18:40:31,414] {logging_mixin.py:115} INFO - [2022-08-05 18:40:31,414] {dag.py:2919} INFO - Setting next_dagrun for example_weekday_branch_operator to 2022-08-04T00:00:00+00:00, run_after=2022-08-05T00:00:00+00:00
[2022-08-05 18:40:31,511] {processor.py:161} INFO - Processing /home/airflow/.local/lib/python3.7/site-packages/airflow/example_dags/example_branch_day_of_week_operator.py took 0.140 seconds
[2022-08-05 18:41:02,425] {processor.py:153} INFO - Started process (PID=413) to work on /home/airflow/.local/lib/python3.7/site-packages/airflow/example_dags/example_branch_day_of_week_operator.py
[2022-08-05 18:41:02,427] {processor.py:641} INFO - Processing file /home/airflow/.local/lib/python3.7/site-packages/airflow/example_dags/example_branch_day_of_week_operator.py for tasks to queue
[2022-08-05 18:41:02,427] {logging_mixin.py:115} INFO - [2022-08-05 18:41:02,427] {dagbag.py:507} INFO - Filling up the DagBag from /home/airflow/.local/lib/python3.7/site-packages/airflow/example_dags/example_branch_day_of_week_operator.py
[2022-08-05 18:41:02,432] {processor.py:651} INFO - DAG(s) dict_keys(['example_weekday_branch_operator']) retrieved from /home/airflow/.local/lib/python3.7/site-packages/airflow/example_dags/example_branch_day_of_week_operator.py
[2022-08-05 18:41:02,448] {logging_mixin.py:115} INFO - [2022-08-05 18:41:02,448] {dag.py:2371} INFO - Sync 1 DAGs
[2022-08-05 18:41:02,464] {logging_mixin.py:115} INFO - [2022-08-05 18:41:02,464] {dag.py:2919} INFO - Setting next_dagrun for example_weekday_branch_operator to 2022-08-04T00:00:00+00:00, run_after=2022-08-05T00:00:00+00:00
[2022-08-05 18:41:02,547] {processor.py:161} INFO - Processing /home/airflow/.local/lib/python3.7/site-packages/airflow/example_dags/example_branch_day_of_week_operator.py took 0.123 seconds
[2022-08-05 18:41:33,061] {processor.py:153} INFO - Started process (PID=475) to work on /home/airflow/.local/lib/python3.7/site-packages/airflow/example_dags/example_branch_day_of_week_operator.py
[2022-08-05 18:41:33,062] {processor.py:641} INFO - Processing file /home/airflow/.local/lib/python3.7/site-packages/airflow/example_dags/example_branch_day_of_week_operator.py for tasks to queue
[2022-08-05 18:41:33,063] {logging_mixin.py:115} INFO - [2022-08-05 18:41:33,063] {dagbag.py:507} INFO - Filling up the DagBag from /home/airflow/.local/lib/python3.7/site-packages/airflow/example_dags/example_branch_day_of_week_operator.py
[2022-08-05 18:41:33,068] {processor.py:651} INFO - DAG(s) dict_keys(['example_weekday_branch_operator']) retrieved from /home/airflow/.local/lib/python3.7/site-packages/airflow/example_dags/example_branch_day_of_week_operator.py
[2022-08-05 18:41:33,084] {logging_mixin.py:115} INFO - [2022-08-05 18:41:33,084] {dag.py:2371} INFO - Sync 1 DAGs
[2022-08-05 18:41:33,098] {logging_mixin.py:115} INFO - [2022-08-05 18:41:33,098] {dag.py:2919} INFO - Setting next_dagrun for example_weekday_branch_operator to 2022-08-04T00:00:00+00:00, run_after=2022-08-05T00:00:00+00:00
[2022-08-05 18:41:33,179] {processor.py:161} INFO - Processing /home/airflow/.local/lib/python3.7/site-packages/airflow/example_dags/example_branch_day_of_week_operator.py took 0.120 seconds
[2022-08-05 18:42:03,538] {processor.py:153} INFO - Started process (PID=537) to work on /home/airflow/.local/lib/python3.7/site-packages/airflow/example_dags/example_branch_day_of_week_operator.py
[2022-08-05 18:42:03,539] {processor.py:641} INFO - Processing file /home/airflow/.local/lib/python3.7/site-packages/airflow/example_dags/example_branch_day_of_week_operator.py for tasks to queue
[2022-08-05 18:42:03,539] {logging_mixin.py:115} INFO - [2022-08-05 18:42:03,539] {dagbag.py:507} INFO - Filling up the DagBag from /home/airflow/.local/lib/python3.7/site-packages/airflow/example_dags/example_branch_day_of_week_operator.py
[2022-08-05 18:42:03,545] {processor.py:651} INFO - DAG(s) dict_keys(['example_weekday_branch_operator']) retrieved from /home/airflow/.local/lib/python3.7/site-packages/airflow/example_dags/example_branch_day_of_week_operator.py
[2022-08-05 18:42:03,561] {logging_mixin.py:115} INFO - [2022-08-05 18:42:03,560] {dag.py:2371} INFO - Sync 1 DAGs
[2022-08-05 18:42:03,575] {logging_mixin.py:115} INFO - [2022-08-05 18:42:03,575] {dag.py:2919} INFO - Setting next_dagrun for example_weekday_branch_operator to 2022-08-04T00:00:00+00:00, run_after=2022-08-05T00:00:00+00:00
[2022-08-05 18:42:03,656] {processor.py:161} INFO - Processing /home/airflow/.local/lib/python3.7/site-packages/airflow/example_dags/example_branch_day_of_week_operator.py took 0.120 seconds
[2022-08-05 18:42:34,095] {processor.py:153} INFO - Started process (PID=599) to work on /home/airflow/.local/lib/python3.7/site-packages/airflow/example_dags/example_branch_day_of_week_operator.py
[2022-08-05 18:42:34,096] {processor.py:641} INFO - Processing file /home/airflow/.local/lib/python3.7/site-packages/airflow/example_dags/example_branch_day_of_week_operator.py for tasks to queue
[2022-08-05 18:42:34,097] {logging_mixin.py:115} INFO - [2022-08-05 18:42:34,097] {dagbag.py:507} INFO - Filling up the DagBag from /home/airflow/.local/lib/python3.7/site-packages/airflow/example_dags/example_branch_day_of_week_operator.py
[2022-08-05 18:42:34,102] {processor.py:651} INFO - DAG(s) dict_keys(['example_weekday_branch_operator']) retrieved from /home/airflow/.local/lib/python3.7/site-packages/airflow/example_dags/example_branch_day_of_week_operator.py
[2022-08-05 18:42:34,119] {logging_mixin.py:115} INFO - [2022-08-05 18:42:34,119] {dag.py:2371} INFO - Sync 1 DAGs
[2022-08-05 18:42:34,134] {logging_mixin.py:115} INFO - [2022-08-05 18:42:34,134] {dag.py:2919} INFO - Setting next_dagrun for example_weekday_branch_operator to 2022-08-04T00:00:00+00:00, run_after=2022-08-05T00:00:00+00:00
[2022-08-05 18:42:34,228] {processor.py:161} INFO - Processing /home/airflow/.local/lib/python3.7/site-packages/airflow/example_dags/example_branch_day_of_week_operator.py took 0.134 seconds
[2022-08-05 18:43:04,562] {processor.py:153} INFO - Started process (PID=661) to work on /home/airflow/.local/lib/python3.7/site-packages/airflow/example_dags/example_branch_day_of_week_operator.py
[2022-08-05 18:43:04,564] {processor.py:641} INFO - Processing file /home/airflow/.local/lib/python3.7/site-packages/airflow/example_dags/example_branch_day_of_week_operator.py for tasks to queue
[2022-08-05 18:43:04,565] {logging_mixin.py:115} INFO - [2022-08-05 18:43:04,565] {dagbag.py:507} INFO - Filling up the DagBag from /home/airflow/.local/lib/python3.7/site-packages/airflow/example_dags/example_branch_day_of_week_operator.py
[2022-08-05 18:43:04,570] {processor.py:651} INFO - DAG(s) dict_keys(['example_weekday_branch_operator']) retrieved from /home/airflow/.local/lib/python3.7/site-packages/airflow/example_dags/example_branch_day_of_week_operator.py
[2022-08-05 18:43:04,587] {logging_mixin.py:115} INFO - [2022-08-05 18:43:04,587] {dag.py:2371} INFO - Sync 1 DAGs
[2022-08-05 18:43:04,700] {logging_mixin.py:115} INFO - [2022-08-05 18:43:04,700] {dag.py:2919} INFO - Setting next_dagrun for example_weekday_branch_operator to 2022-08-04T00:00:00+00:00, run_after=2022-08-05T00:00:00+00:00
[2022-08-05 18:43:04,708] {processor.py:161} INFO - Processing /home/airflow/.local/lib/python3.7/site-packages/airflow/example_dags/example_branch_day_of_week_operator.py took 0.148 seconds
[2022-08-05 18:43:34,788] {processor.py:153} INFO - Started process (PID=723) to work on /home/airflow/.local/lib/python3.7/site-packages/airflow/example_dags/example_branch_day_of_week_operator.py
[2022-08-05 18:43:34,790] {processor.py:641} INFO - Processing file /home/airflow/.local/lib/python3.7/site-packages/airflow/example_dags/example_branch_day_of_week_operator.py for tasks to queue
[2022-08-05 18:43:34,793] {logging_mixin.py:115} INFO - [2022-08-05 18:43:34,793] {dagbag.py:507} INFO - Filling up the DagBag from /home/airflow/.local/lib/python3.7/site-packages/airflow/example_dags/example_branch_day_of_week_operator.py
[2022-08-05 18:43:34,798] {processor.py:651} INFO - DAG(s) dict_keys(['example_weekday_branch_operator']) retrieved from /home/airflow/.local/lib/python3.7/site-packages/airflow/example_dags/example_branch_day_of_week_operator.py
[2022-08-05 18:43:34,813] {logging_mixin.py:115} INFO - [2022-08-05 18:43:34,813] {dag.py:2371} INFO - Sync 1 DAGs
[2022-08-05 18:43:34,900] {logging_mixin.py:115} INFO - [2022-08-05 18:43:34,900] {dag.py:2919} INFO - Setting next_dagrun for example_weekday_branch_operator to 2022-08-04T00:00:00+00:00, run_after=2022-08-05T00:00:00+00:00
[2022-08-05 18:43:34,908] {processor.py:161} INFO - Processing /home/airflow/.local/lib/python3.7/site-packages/airflow/example_dags/example_branch_day_of_week_operator.py took 0.123 seconds
[2022-08-05 18:44:04,971] {processor.py:153} INFO - Started process (PID=776) to work on /home/airflow/.local/lib/python3.7/site-packages/airflow/example_dags/example_branch_day_of_week_operator.py
[2022-08-05 18:44:04,972] {processor.py:641} INFO - Processing file /home/airflow/.local/lib/python3.7/site-packages/airflow/example_dags/example_branch_day_of_week_operator.py for tasks to queue
[2022-08-05 18:44:04,973] {logging_mixin.py:115} INFO - [2022-08-05 18:44:04,973] {dagbag.py:507} INFO - Filling up the DagBag from /home/airflow/.local/lib/python3.7/site-packages/airflow/example_dags/example_branch_day_of_week_operator.py
[2022-08-05 18:44:04,978] {processor.py:651} INFO - DAG(s) dict_keys(['example_weekday_branch_operator']) retrieved from /home/airflow/.local/lib/python3.7/site-packages/airflow/example_dags/example_branch_day_of_week_operator.py
[2022-08-05 18:44:04,993] {logging_mixin.py:115} INFO - [2022-08-05 18:44:04,993] {dag.py:2371} INFO - Sync 1 DAGs
[2022-08-05 18:44:05,078] {logging_mixin.py:115} INFO - [2022-08-05 18:44:05,078] {dag.py:2919} INFO - Setting next_dagrun for example_weekday_branch_operator to 2022-08-04T00:00:00+00:00, run_after=2022-08-05T00:00:00+00:00
[2022-08-05 18:44:05,087] {processor.py:161} INFO - Processing /home/airflow/.local/lib/python3.7/site-packages/airflow/example_dags/example_branch_day_of_week_operator.py took 0.118 seconds
[2022-08-05 18:44:35,179] {processor.py:153} INFO - Started process (PID=839) to work on /home/airflow/.local/lib/python3.7/site-packages/airflow/example_dags/example_branch_day_of_week_operator.py
[2022-08-05 18:44:35,180] {processor.py:641} INFO - Processing file /home/airflow/.local/lib/python3.7/site-packages/airflow/example_dags/example_branch_day_of_week_operator.py for tasks to queue
[2022-08-05 18:44:35,181] {logging_mixin.py:115} INFO - [2022-08-05 18:44:35,181] {dagbag.py:507} INFO - Filling up the DagBag from /home/airflow/.local/lib/python3.7/site-packages/airflow/example_dags/example_branch_day_of_week_operator.py
[2022-08-05 18:44:35,186] {processor.py:651} INFO - DAG(s) dict_keys(['example_weekday_branch_operator']) retrieved from /home/airflow/.local/lib/python3.7/site-packages/airflow/example_dags/example_branch_day_of_week_operator.py
[2022-08-05 18:44:35,201] {logging_mixin.py:115} INFO - [2022-08-05 18:44:35,200] {dag.py:2371} INFO - Sync 1 DAGs
[2022-08-05 18:44:35,291] {logging_mixin.py:115} INFO - [2022-08-05 18:44:35,291] {dag.py:2919} INFO - Setting next_dagrun for example_weekday_branch_operator to 2022-08-04T00:00:00+00:00, run_after=2022-08-05T00:00:00+00:00
[2022-08-05 18:44:35,300] {processor.py:161} INFO - Processing /home/airflow/.local/lib/python3.7/site-packages/airflow/example_dags/example_branch_day_of_week_operator.py took 0.123 seconds
[2022-08-05 18:45:05,368] {processor.py:153} INFO - Started process (PID=902) to work on /home/airflow/.local/lib/python3.7/site-packages/airflow/example_dags/example_branch_day_of_week_operator.py
[2022-08-05 18:45:05,369] {processor.py:641} INFO - Processing file /home/airflow/.local/lib/python3.7/site-packages/airflow/example_dags/example_branch_day_of_week_operator.py for tasks to queue
[2022-08-05 18:45:05,370] {logging_mixin.py:115} INFO - [2022-08-05 18:45:05,370] {dagbag.py:507} INFO - Filling up the DagBag from /home/airflow/.local/lib/python3.7/site-packages/airflow/example_dags/example_branch_day_of_week_operator.py
[2022-08-05 18:45:05,375] {processor.py:651} INFO - DAG(s) dict_keys(['example_weekday_branch_operator']) retrieved from /home/airflow/.local/lib/python3.7/site-packages/airflow/example_dags/example_branch_day_of_week_operator.py
[2022-08-05 18:45:05,390] {logging_mixin.py:115} INFO - [2022-08-05 18:45:05,390] {dag.py:2371} INFO - Sync 1 DAGs
[2022-08-05 18:45:05,476] {logging_mixin.py:115} INFO - [2022-08-05 18:45:05,476] {dag.py:2919} INFO - Setting next_dagrun for example_weekday_branch_operator to 2022-08-04T00:00:00+00:00, run_after=2022-08-05T00:00:00+00:00
[2022-08-05 18:45:05,485] {processor.py:161} INFO - Processing /home/airflow/.local/lib/python3.7/site-packages/airflow/example_dags/example_branch_day_of_week_operator.py took 0.118 seconds
[2022-08-05 18:45:36,370] {processor.py:153} INFO - Started process (PID=963) to work on /home/airflow/.local/lib/python3.7/site-packages/airflow/example_dags/example_branch_day_of_week_operator.py
[2022-08-05 18:45:36,371] {processor.py:641} INFO - Processing file /home/airflow/.local/lib/python3.7/site-packages/airflow/example_dags/example_branch_day_of_week_operator.py for tasks to queue
[2022-08-05 18:45:36,372] {logging_mixin.py:115} INFO - [2022-08-05 18:45:36,372] {dagbag.py:507} INFO - Filling up the DagBag from /home/airflow/.local/lib/python3.7/site-packages/airflow/example_dags/example_branch_day_of_week_operator.py
[2022-08-05 18:45:36,376] {processor.py:651} INFO - DAG(s) dict_keys(['example_weekday_branch_operator']) retrieved from /home/airflow/.local/lib/python3.7/site-packages/airflow/example_dags/example_branch_day_of_week_operator.py
[2022-08-05 18:45:36,392] {logging_mixin.py:115} INFO - [2022-08-05 18:45:36,392] {dag.py:2371} INFO - Sync 1 DAGs
[2022-08-05 18:45:36,474] {logging_mixin.py:115} INFO - [2022-08-05 18:45:36,474] {dag.py:2919} INFO - Setting next_dagrun for example_weekday_branch_operator to 2022-08-04T00:00:00+00:00, run_after=2022-08-05T00:00:00+00:00
[2022-08-05 18:45:36,481] {processor.py:161} INFO - Processing /home/airflow/.local/lib/python3.7/site-packages/airflow/example_dags/example_branch_day_of_week_operator.py took 0.113 seconds
[2022-08-05 18:46:07,266] {processor.py:153} INFO - Started process (PID=1025) to work on /home/airflow/.local/lib/python3.7/site-packages/airflow/example_dags/example_branch_day_of_week_operator.py
[2022-08-05 18:46:07,267] {processor.py:641} INFO - Processing file /home/airflow/.local/lib/python3.7/site-packages/airflow/example_dags/example_branch_day_of_week_operator.py for tasks to queue
[2022-08-05 18:46:07,269] {logging_mixin.py:115} INFO - [2022-08-05 18:46:07,268] {dagbag.py:507} INFO - Filling up the DagBag from /home/airflow/.local/lib/python3.7/site-packages/airflow/example_dags/example_branch_day_of_week_operator.py
[2022-08-05 18:46:07,275] {processor.py:651} INFO - DAG(s) dict_keys(['example_weekday_branch_operator']) retrieved from /home/airflow/.local/lib/python3.7/site-packages/airflow/example_dags/example_branch_day_of_week_operator.py
[2022-08-05 18:46:07,292] {logging_mixin.py:115} INFO - [2022-08-05 18:46:07,292] {dag.py:2371} INFO - Sync 1 DAGs
[2022-08-05 18:46:07,388] {logging_mixin.py:115} INFO - [2022-08-05 18:46:07,388] {dag.py:2919} INFO - Setting next_dagrun for example_weekday_branch_operator to 2022-08-04T00:00:00+00:00, run_after=2022-08-05T00:00:00+00:00
[2022-08-05 18:46:07,395] {processor.py:161} INFO - Processing /home/airflow/.local/lib/python3.7/site-packages/airflow/example_dags/example_branch_day_of_week_operator.py took 0.131 seconds
[2022-08-05 18:46:38,063] {processor.py:153} INFO - Started process (PID=1088) to work on /home/airflow/.local/lib/python3.7/site-packages/airflow/example_dags/example_branch_day_of_week_operator.py
[2022-08-05 18:46:38,065] {processor.py:641} INFO - Processing file /home/airflow/.local/lib/python3.7/site-packages/airflow/example_dags/example_branch_day_of_week_operator.py for tasks to queue
[2022-08-05 18:46:38,066] {logging_mixin.py:115} INFO - [2022-08-05 18:46:38,066] {dagbag.py:507} INFO - Filling up the DagBag from /home/airflow/.local/lib/python3.7/site-packages/airflow/example_dags/example_branch_day_of_week_operator.py
[2022-08-05 18:46:38,071] {processor.py:651} INFO - DAG(s) dict_keys(['example_weekday_branch_operator']) retrieved from /home/airflow/.local/lib/python3.7/site-packages/airflow/example_dags/example_branch_day_of_week_operator.py
[2022-08-05 18:46:38,086] {logging_mixin.py:115} INFO - [2022-08-05 18:46:38,086] {dag.py:2371} INFO - Sync 1 DAGs
[2022-08-05 18:46:38,174] {logging_mixin.py:115} INFO - [2022-08-05 18:46:38,174] {dag.py:2919} INFO - Setting next_dagrun for example_weekday_branch_operator to 2022-08-04T00:00:00+00:00, run_after=2022-08-05T00:00:00+00:00
[2022-08-05 18:46:38,181] {processor.py:161} INFO - Processing /home/airflow/.local/lib/python3.7/site-packages/airflow/example_dags/example_branch_day_of_week_operator.py took 0.120 seconds
[2022-08-05 18:47:08,947] {processor.py:153} INFO - Started process (PID=1150) to work on /home/airflow/.local/lib/python3.7/site-packages/airflow/example_dags/example_branch_day_of_week_operator.py
[2022-08-05 18:47:08,948] {processor.py:641} INFO - Processing file /home/airflow/.local/lib/python3.7/site-packages/airflow/example_dags/example_branch_day_of_week_operator.py for tasks to queue
[2022-08-05 18:47:08,949] {logging_mixin.py:115} INFO - [2022-08-05 18:47:08,949] {dagbag.py:507} INFO - Filling up the DagBag from /home/airflow/.local/lib/python3.7/site-packages/airflow/example_dags/example_branch_day_of_week_operator.py
[2022-08-05 18:47:08,953] {processor.py:651} INFO - DAG(s) dict_keys(['example_weekday_branch_operator']) retrieved from /home/airflow/.local/lib/python3.7/site-packages/airflow/example_dags/example_branch_day_of_week_operator.py
[2022-08-05 18:47:08,968] {logging_mixin.py:115} INFO - [2022-08-05 18:47:08,968] {dag.py:2371} INFO - Sync 1 DAGs
[2022-08-05 18:47:09,051] {logging_mixin.py:115} INFO - [2022-08-05 18:47:09,051] {dag.py:2919} INFO - Setting next_dagrun for example_weekday_branch_operator to 2022-08-04T00:00:00+00:00, run_after=2022-08-05T00:00:00+00:00
[2022-08-05 18:47:09,058] {processor.py:161} INFO - Processing /home/airflow/.local/lib/python3.7/site-packages/airflow/example_dags/example_branch_day_of_week_operator.py took 0.113 seconds
[2022-08-05 18:47:39,834] {processor.py:153} INFO - Started process (PID=1213) to work on /home/airflow/.local/lib/python3.7/site-packages/airflow/example_dags/example_branch_day_of_week_operator.py
[2022-08-05 18:47:39,835] {processor.py:641} INFO - Processing file /home/airflow/.local/lib/python3.7/site-packages/airflow/example_dags/example_branch_day_of_week_operator.py for tasks to queue
[2022-08-05 18:47:39,836] {logging_mixin.py:115} INFO - [2022-08-05 18:47:39,836] {dagbag.py:507} INFO - Filling up the DagBag from /home/airflow/.local/lib/python3.7/site-packages/airflow/example_dags/example_branch_day_of_week_operator.py
[2022-08-05 18:47:39,841] {processor.py:651} INFO - DAG(s) dict_keys(['example_weekday_branch_operator']) retrieved from /home/airflow/.local/lib/python3.7/site-packages/airflow/example_dags/example_branch_day_of_week_operator.py
[2022-08-05 18:47:39,856] {logging_mixin.py:115} INFO - [2022-08-05 18:47:39,856] {dag.py:2371} INFO - Sync 1 DAGs
[2022-08-05 18:47:39,940] {logging_mixin.py:115} INFO - [2022-08-05 18:47:39,940] {dag.py:2919} INFO - Setting next_dagrun for example_weekday_branch_operator to 2022-08-04T00:00:00+00:00, run_after=2022-08-05T00:00:00+00:00
[2022-08-05 18:47:39,948] {processor.py:161} INFO - Processing /home/airflow/.local/lib/python3.7/site-packages/airflow/example_dags/example_branch_day_of_week_operator.py took 0.116 seconds
[2022-08-05 18:48:10,685] {processor.py:153} INFO - Started process (PID=1266) to work on /home/airflow/.local/lib/python3.7/site-packages/airflow/example_dags/example_branch_day_of_week_operator.py
[2022-08-05 18:48:10,686] {processor.py:641} INFO - Processing file /home/airflow/.local/lib/python3.7/site-packages/airflow/example_dags/example_branch_day_of_week_operator.py for tasks to queue
[2022-08-05 18:48:10,687] {logging_mixin.py:115} INFO - [2022-08-05 18:48:10,687] {dagbag.py:507} INFO - Filling up the DagBag from /home/airflow/.local/lib/python3.7/site-packages/airflow/example_dags/example_branch_day_of_week_operator.py
[2022-08-05 18:48:10,692] {processor.py:651} INFO - DAG(s) dict_keys(['example_weekday_branch_operator']) retrieved from /home/airflow/.local/lib/python3.7/site-packages/airflow/example_dags/example_branch_day_of_week_operator.py
[2022-08-05 18:48:10,708] {logging_mixin.py:115} INFO - [2022-08-05 18:48:10,708] {dag.py:2371} INFO - Sync 1 DAGs
[2022-08-05 18:48:10,806] {logging_mixin.py:115} INFO - [2022-08-05 18:48:10,806] {dag.py:2919} INFO - Setting next_dagrun for example_weekday_branch_operator to 2022-08-04T00:00:00+00:00, run_after=2022-08-05T00:00:00+00:00
[2022-08-05 18:48:10,813] {processor.py:161} INFO - Processing /home/airflow/.local/lib/python3.7/site-packages/airflow/example_dags/example_branch_day_of_week_operator.py took 0.130 seconds
[2022-08-05 18:48:41,605] {processor.py:153} INFO - Started process (PID=1328) to work on /home/airflow/.local/lib/python3.7/site-packages/airflow/example_dags/example_branch_day_of_week_operator.py
[2022-08-05 18:48:41,607] {processor.py:641} INFO - Processing file /home/airflow/.local/lib/python3.7/site-packages/airflow/example_dags/example_branch_day_of_week_operator.py for tasks to queue
[2022-08-05 18:48:41,608] {logging_mixin.py:115} INFO - [2022-08-05 18:48:41,608] {dagbag.py:507} INFO - Filling up the DagBag from /home/airflow/.local/lib/python3.7/site-packages/airflow/example_dags/example_branch_day_of_week_operator.py
[2022-08-05 18:48:41,613] {processor.py:651} INFO - DAG(s) dict_keys(['example_weekday_branch_operator']) retrieved from /home/airflow/.local/lib/python3.7/site-packages/airflow/example_dags/example_branch_day_of_week_operator.py
[2022-08-05 18:48:41,627] {logging_mixin.py:115} INFO - [2022-08-05 18:48:41,627] {dag.py:2371} INFO - Sync 1 DAGs
[2022-08-05 18:48:41,703] {logging_mixin.py:115} INFO - [2022-08-05 18:48:41,703] {dag.py:2919} INFO - Setting next_dagrun for example_weekday_branch_operator to 2022-08-04T00:00:00+00:00, run_after=2022-08-05T00:00:00+00:00
[2022-08-05 18:48:41,709] {processor.py:161} INFO - Processing /home/airflow/.local/lib/python3.7/site-packages/airflow/example_dags/example_branch_day_of_week_operator.py took 0.106 seconds
[2022-08-05 18:49:12,534] {processor.py:153} INFO - Started process (PID=1391) to work on /home/airflow/.local/lib/python3.7/site-packages/airflow/example_dags/example_branch_day_of_week_operator.py
[2022-08-05 18:49:12,535] {processor.py:641} INFO - Processing file /home/airflow/.local/lib/python3.7/site-packages/airflow/example_dags/example_branch_day_of_week_operator.py for tasks to queue
[2022-08-05 18:49:12,536] {logging_mixin.py:115} INFO - [2022-08-05 18:49:12,536] {dagbag.py:507} INFO - Filling up the DagBag from /home/airflow/.local/lib/python3.7/site-packages/airflow/example_dags/example_branch_day_of_week_operator.py
[2022-08-05 18:49:12,540] {processor.py:651} INFO - DAG(s) dict_keys(['example_weekday_branch_operator']) retrieved from /home/airflow/.local/lib/python3.7/site-packages/airflow/example_dags/example_branch_day_of_week_operator.py
[2022-08-05 18:49:12,555] {logging_mixin.py:115} INFO - [2022-08-05 18:49:12,555] {dag.py:2371} INFO - Sync 1 DAGs
[2022-08-05 18:49:12,637] {logging_mixin.py:115} INFO - [2022-08-05 18:49:12,637] {dag.py:2919} INFO - Setting next_dagrun for example_weekday_branch_operator to 2022-08-04T00:00:00+00:00, run_after=2022-08-05T00:00:00+00:00
[2022-08-05 18:49:12,644] {processor.py:161} INFO - Processing /home/airflow/.local/lib/python3.7/site-packages/airflow/example_dags/example_branch_day_of_week_operator.py took 0.112 seconds
[2022-08-05 18:49:43,385] {processor.py:153} INFO - Started process (PID=1453) to work on /home/airflow/.local/lib/python3.7/site-packages/airflow/example_dags/example_branch_day_of_week_operator.py
[2022-08-05 18:49:43,386] {processor.py:641} INFO - Processing file /home/airflow/.local/lib/python3.7/site-packages/airflow/example_dags/example_branch_day_of_week_operator.py for tasks to queue
[2022-08-05 18:49:43,387] {logging_mixin.py:115} INFO - [2022-08-05 18:49:43,387] {dagbag.py:507} INFO - Filling up the DagBag from /home/airflow/.local/lib/python3.7/site-packages/airflow/example_dags/example_branch_day_of_week_operator.py
[2022-08-05 18:49:43,392] {processor.py:651} INFO - DAG(s) dict_keys(['example_weekday_branch_operator']) retrieved from /home/airflow/.local/lib/python3.7/site-packages/airflow/example_dags/example_branch_day_of_week_operator.py
[2022-08-05 18:49:43,410] {logging_mixin.py:115} INFO - [2022-08-05 18:49:43,410] {dag.py:2371} INFO - Sync 1 DAGs
[2022-08-05 18:49:43,508] {logging_mixin.py:115} INFO - [2022-08-05 18:49:43,508] {dag.py:2919} INFO - Setting next_dagrun for example_weekday_branch_operator to 2022-08-04T00:00:00+00:00, run_after=2022-08-05T00:00:00+00:00
[2022-08-05 18:49:43,515] {processor.py:161} INFO - Processing /home/airflow/.local/lib/python3.7/site-packages/airflow/example_dags/example_branch_day_of_week_operator.py took 0.133 seconds
[2022-08-05 18:50:14,326] {processor.py:153} INFO - Started process (PID=1516) to work on /home/airflow/.local/lib/python3.7/site-packages/airflow/example_dags/example_branch_day_of_week_operator.py
[2022-08-05 18:50:14,327] {processor.py:641} INFO - Processing file /home/airflow/.local/lib/python3.7/site-packages/airflow/example_dags/example_branch_day_of_week_operator.py for tasks to queue
[2022-08-05 18:50:14,329] {logging_mixin.py:115} INFO - [2022-08-05 18:50:14,329] {dagbag.py:507} INFO - Filling up the DagBag from /home/airflow/.local/lib/python3.7/site-packages/airflow/example_dags/example_branch_day_of_week_operator.py
[2022-08-05 18:50:14,334] {processor.py:651} INFO - DAG(s) dict_keys(['example_weekday_branch_operator']) retrieved from /home/airflow/.local/lib/python3.7/site-packages/airflow/example_dags/example_branch_day_of_week_operator.py
[2022-08-05 18:50:14,349] {logging_mixin.py:115} INFO - [2022-08-05 18:50:14,349] {dag.py:2371} INFO - Sync 1 DAGs
[2022-08-05 18:50:14,438] {logging_mixin.py:115} INFO - [2022-08-05 18:50:14,438] {dag.py:2919} INFO - Setting next_dagrun for example_weekday_branch_operator to 2022-08-04T00:00:00+00:00, run_after=2022-08-05T00:00:00+00:00
[2022-08-05 18:50:14,445] {processor.py:161} INFO - Processing /home/airflow/.local/lib/python3.7/site-packages/airflow/example_dags/example_branch_day_of_week_operator.py took 0.121 seconds
[2022-08-05 18:50:44,834] {processor.py:153} INFO - Started process (PID=1579) to work on /home/airflow/.local/lib/python3.7/site-packages/airflow/example_dags/example_branch_day_of_week_operator.py
[2022-08-05 18:50:44,836] {processor.py:641} INFO - Processing file /home/airflow/.local/lib/python3.7/site-packages/airflow/example_dags/example_branch_day_of_week_operator.py for tasks to queue
[2022-08-05 18:50:44,837] {logging_mixin.py:115} INFO - [2022-08-05 18:50:44,837] {dagbag.py:507} INFO - Filling up the DagBag from /home/airflow/.local/lib/python3.7/site-packages/airflow/example_dags/example_branch_day_of_week_operator.py
[2022-08-05 18:50:44,842] {processor.py:651} INFO - DAG(s) dict_keys(['example_weekday_branch_operator']) retrieved from /home/airflow/.local/lib/python3.7/site-packages/airflow/example_dags/example_branch_day_of_week_operator.py
[2022-08-05 18:50:44,863] {logging_mixin.py:115} INFO - [2022-08-05 18:50:44,863] {dag.py:2371} INFO - Sync 1 DAGs
[2022-08-05 18:50:44,957] {logging_mixin.py:115} INFO - [2022-08-05 18:50:44,956] {dag.py:2919} INFO - Setting next_dagrun for example_weekday_branch_operator to 2022-08-04T00:00:00+00:00, run_after=2022-08-05T00:00:00+00:00
[2022-08-05 18:50:44,964] {processor.py:161} INFO - Processing /home/airflow/.local/lib/python3.7/site-packages/airflow/example_dags/example_branch_day_of_week_operator.py took 0.132 seconds
[2022-08-05 18:51:15,677] {processor.py:153} INFO - Started process (PID=1641) to work on /home/airflow/.local/lib/python3.7/site-packages/airflow/example_dags/example_branch_day_of_week_operator.py
[2022-08-05 18:51:15,679] {processor.py:641} INFO - Processing file /home/airflow/.local/lib/python3.7/site-packages/airflow/example_dags/example_branch_day_of_week_operator.py for tasks to queue
[2022-08-05 18:51:15,680] {logging_mixin.py:115} INFO - [2022-08-05 18:51:15,680] {dagbag.py:507} INFO - Filling up the DagBag from /home/airflow/.local/lib/python3.7/site-packages/airflow/example_dags/example_branch_day_of_week_operator.py
[2022-08-05 18:51:15,685] {processor.py:651} INFO - DAG(s) dict_keys(['example_weekday_branch_operator']) retrieved from /home/airflow/.local/lib/python3.7/site-packages/airflow/example_dags/example_branch_day_of_week_operator.py
[2022-08-05 18:51:15,701] {logging_mixin.py:115} INFO - [2022-08-05 18:51:15,701] {dag.py:2371} INFO - Sync 1 DAGs
[2022-08-05 18:51:15,799] {logging_mixin.py:115} INFO - [2022-08-05 18:51:15,799] {dag.py:2919} INFO - Setting next_dagrun for example_weekday_branch_operator to 2022-08-04T00:00:00+00:00, run_after=2022-08-05T00:00:00+00:00
[2022-08-05 18:51:15,806] {processor.py:161} INFO - Processing /home/airflow/.local/lib/python3.7/site-packages/airflow/example_dags/example_branch_day_of_week_operator.py took 0.130 seconds
[2022-08-05 18:51:46,790] {processor.py:153} INFO - Started process (PID=1703) to work on /home/airflow/.local/lib/python3.7/site-packages/airflow/example_dags/example_branch_day_of_week_operator.py
[2022-08-05 18:51:46,792] {processor.py:641} INFO - Processing file /home/airflow/.local/lib/python3.7/site-packages/airflow/example_dags/example_branch_day_of_week_operator.py for tasks to queue
[2022-08-05 18:51:46,792] {logging_mixin.py:115} INFO - [2022-08-05 18:51:46,792] {dagbag.py:507} INFO - Filling up the DagBag from /home/airflow/.local/lib/python3.7/site-packages/airflow/example_dags/example_branch_day_of_week_operator.py
[2022-08-05 18:51:46,797] {processor.py:651} INFO - DAG(s) dict_keys(['example_weekday_branch_operator']) retrieved from /home/airflow/.local/lib/python3.7/site-packages/airflow/example_dags/example_branch_day_of_week_operator.py
[2022-08-05 18:51:46,812] {logging_mixin.py:115} INFO - [2022-08-05 18:51:46,812] {dag.py:2371} INFO - Sync 1 DAGs
[2022-08-05 18:51:46,896] {logging_mixin.py:115} INFO - [2022-08-05 18:51:46,896] {dag.py:2919} INFO - Setting next_dagrun for example_weekday_branch_operator to 2022-08-04T00:00:00+00:00, run_after=2022-08-05T00:00:00+00:00
[2022-08-05 18:51:46,902] {processor.py:161} INFO - Processing /home/airflow/.local/lib/python3.7/site-packages/airflow/example_dags/example_branch_day_of_week_operator.py took 0.114 seconds
[2022-08-05 18:52:17,667] {processor.py:153} INFO - Started process (PID=1756) to work on /home/airflow/.local/lib/python3.7/site-packages/airflow/example_dags/example_branch_day_of_week_operator.py
[2022-08-05 18:52:17,668] {processor.py:641} INFO - Processing file /home/airflow/.local/lib/python3.7/site-packages/airflow/example_dags/example_branch_day_of_week_operator.py for tasks to queue
[2022-08-05 18:52:17,669] {logging_mixin.py:115} INFO - [2022-08-05 18:52:17,669] {dagbag.py:507} INFO - Filling up the DagBag from /home/airflow/.local/lib/python3.7/site-packages/airflow/example_dags/example_branch_day_of_week_operator.py
[2022-08-05 18:52:17,674] {processor.py:651} INFO - DAG(s) dict_keys(['example_weekday_branch_operator']) retrieved from /home/airflow/.local/lib/python3.7/site-packages/airflow/example_dags/example_branch_day_of_week_operator.py
[2022-08-05 18:52:17,693] {logging_mixin.py:115} INFO - [2022-08-05 18:52:17,693] {dag.py:2371} INFO - Sync 1 DAGs
[2022-08-05 18:52:17,785] {logging_mixin.py:115} INFO - [2022-08-05 18:52:17,785] {dag.py:2919} INFO - Setting next_dagrun for example_weekday_branch_operator to 2022-08-04T00:00:00+00:00, run_after=2022-08-05T00:00:00+00:00
[2022-08-05 18:52:17,792] {processor.py:161} INFO - Processing /home/airflow/.local/lib/python3.7/site-packages/airflow/example_dags/example_branch_day_of_week_operator.py took 0.127 seconds
[2022-08-05 18:52:48,348] {processor.py:153} INFO - Started process (PID=1818) to work on /home/airflow/.local/lib/python3.7/site-packages/airflow/example_dags/example_branch_day_of_week_operator.py
[2022-08-05 18:52:48,349] {processor.py:641} INFO - Processing file /home/airflow/.local/lib/python3.7/site-packages/airflow/example_dags/example_branch_day_of_week_operator.py for tasks to queue
[2022-08-05 18:52:48,350] {logging_mixin.py:115} INFO - [2022-08-05 18:52:48,350] {dagbag.py:507} INFO - Filling up the DagBag from /home/airflow/.local/lib/python3.7/site-packages/airflow/example_dags/example_branch_day_of_week_operator.py
[2022-08-05 18:52:48,355] {processor.py:651} INFO - DAG(s) dict_keys(['example_weekday_branch_operator']) retrieved from /home/airflow/.local/lib/python3.7/site-packages/airflow/example_dags/example_branch_day_of_week_operator.py
[2022-08-05 18:52:48,372] {logging_mixin.py:115} INFO - [2022-08-05 18:52:48,372] {dag.py:2371} INFO - Sync 1 DAGs
[2022-08-05 18:52:48,473] {logging_mixin.py:115} INFO - [2022-08-05 18:52:48,472] {dag.py:2919} INFO - Setting next_dagrun for example_weekday_branch_operator to 2022-08-04T00:00:00+00:00, run_after=2022-08-05T00:00:00+00:00
[2022-08-05 18:52:48,480] {processor.py:161} INFO - Processing /home/airflow/.local/lib/python3.7/site-packages/airflow/example_dags/example_branch_day_of_week_operator.py took 0.134 seconds
[2022-08-05 18:53:19,276] {processor.py:153} INFO - Started process (PID=1880) to work on /home/airflow/.local/lib/python3.7/site-packages/airflow/example_dags/example_branch_day_of_week_operator.py
[2022-08-05 18:53:19,278] {processor.py:641} INFO - Processing file /home/airflow/.local/lib/python3.7/site-packages/airflow/example_dags/example_branch_day_of_week_operator.py for tasks to queue
[2022-08-05 18:53:19,279] {logging_mixin.py:115} INFO - [2022-08-05 18:53:19,279] {dagbag.py:507} INFO - Filling up the DagBag from /home/airflow/.local/lib/python3.7/site-packages/airflow/example_dags/example_branch_day_of_week_operator.py
[2022-08-05 18:53:19,285] {processor.py:651} INFO - DAG(s) dict_keys(['example_weekday_branch_operator']) retrieved from /home/airflow/.local/lib/python3.7/site-packages/airflow/example_dags/example_branch_day_of_week_operator.py
[2022-08-05 18:53:19,302] {logging_mixin.py:115} INFO - [2022-08-05 18:53:19,302] {dag.py:2371} INFO - Sync 1 DAGs
[2022-08-05 18:53:19,388] {logging_mixin.py:115} INFO - [2022-08-05 18:53:19,388] {dag.py:2919} INFO - Setting next_dagrun for example_weekday_branch_operator to 2022-08-04T00:00:00+00:00, run_after=2022-08-05T00:00:00+00:00
[2022-08-05 18:53:19,395] {processor.py:161} INFO - Processing /home/airflow/.local/lib/python3.7/site-packages/airflow/example_dags/example_branch_day_of_week_operator.py took 0.121 seconds
[2022-08-05 18:53:50,043] {processor.py:153} INFO - Started process (PID=1942) to work on /home/airflow/.local/lib/python3.7/site-packages/airflow/example_dags/example_branch_day_of_week_operator.py
[2022-08-05 18:53:50,044] {processor.py:641} INFO - Processing file /home/airflow/.local/lib/python3.7/site-packages/airflow/example_dags/example_branch_day_of_week_operator.py for tasks to queue
[2022-08-05 18:53:50,045] {logging_mixin.py:115} INFO - [2022-08-05 18:53:50,045] {dagbag.py:507} INFO - Filling up the DagBag from /home/airflow/.local/lib/python3.7/site-packages/airflow/example_dags/example_branch_day_of_week_operator.py
[2022-08-05 18:53:50,050] {processor.py:651} INFO - DAG(s) dict_keys(['example_weekday_branch_operator']) retrieved from /home/airflow/.local/lib/python3.7/site-packages/airflow/example_dags/example_branch_day_of_week_operator.py
[2022-08-05 18:53:50,067] {logging_mixin.py:115} INFO - [2022-08-05 18:53:50,067] {dag.py:2371} INFO - Sync 1 DAGs
[2022-08-05 18:53:50,154] {logging_mixin.py:115} INFO - [2022-08-05 18:53:50,154] {dag.py:2919} INFO - Setting next_dagrun for example_weekday_branch_operator to 2022-08-04T00:00:00+00:00, run_after=2022-08-05T00:00:00+00:00
[2022-08-05 18:53:50,162] {processor.py:161} INFO - Processing /home/airflow/.local/lib/python3.7/site-packages/airflow/example_dags/example_branch_day_of_week_operator.py took 0.121 seconds
[2022-08-05 18:54:20,918] {processor.py:153} INFO - Started process (PID=2004) to work on /home/airflow/.local/lib/python3.7/site-packages/airflow/example_dags/example_branch_day_of_week_operator.py
[2022-08-05 18:54:20,920] {processor.py:641} INFO - Processing file /home/airflow/.local/lib/python3.7/site-packages/airflow/example_dags/example_branch_day_of_week_operator.py for tasks to queue
[2022-08-05 18:54:20,922] {logging_mixin.py:115} INFO - [2022-08-05 18:54:20,922] {dagbag.py:507} INFO - Filling up the DagBag from /home/airflow/.local/lib/python3.7/site-packages/airflow/example_dags/example_branch_day_of_week_operator.py
[2022-08-05 18:54:20,927] {processor.py:651} INFO - DAG(s) dict_keys(['example_weekday_branch_operator']) retrieved from /home/airflow/.local/lib/python3.7/site-packages/airflow/example_dags/example_branch_day_of_week_operator.py
[2022-08-05 18:54:20,944] {logging_mixin.py:115} INFO - [2022-08-05 18:54:20,944] {dag.py:2371} INFO - Sync 1 DAGs
[2022-08-05 18:54:21,029] {logging_mixin.py:115} INFO - [2022-08-05 18:54:21,029] {dag.py:2919} INFO - Setting next_dagrun for example_weekday_branch_operator to 2022-08-04T00:00:00+00:00, run_after=2022-08-05T00:00:00+00:00
[2022-08-05 18:54:21,035] {processor.py:161} INFO - Processing /home/airflow/.local/lib/python3.7/site-packages/airflow/example_dags/example_branch_day_of_week_operator.py took 0.119 seconds
[2022-08-05 18:54:51,851] {processor.py:153} INFO - Started process (PID=2066) to work on /home/airflow/.local/lib/python3.7/site-packages/airflow/example_dags/example_branch_day_of_week_operator.py
[2022-08-05 18:54:51,853] {processor.py:641} INFO - Processing file /home/airflow/.local/lib/python3.7/site-packages/airflow/example_dags/example_branch_day_of_week_operator.py for tasks to queue
[2022-08-05 18:54:51,854] {logging_mixin.py:115} INFO - [2022-08-05 18:54:51,854] {dagbag.py:507} INFO - Filling up the DagBag from /home/airflow/.local/lib/python3.7/site-packages/airflow/example_dags/example_branch_day_of_week_operator.py
[2022-08-05 18:54:51,859] {processor.py:651} INFO - DAG(s) dict_keys(['example_weekday_branch_operator']) retrieved from /home/airflow/.local/lib/python3.7/site-packages/airflow/example_dags/example_branch_day_of_week_operator.py
[2022-08-05 18:54:51,876] {logging_mixin.py:115} INFO - [2022-08-05 18:54:51,876] {dag.py:2371} INFO - Sync 1 DAGs
[2022-08-05 18:54:51,962] {logging_mixin.py:115} INFO - [2022-08-05 18:54:51,961] {dag.py:2919} INFO - Setting next_dagrun for example_weekday_branch_operator to 2022-08-04T00:00:00+00:00, run_after=2022-08-05T00:00:00+00:00
[2022-08-05 18:54:51,968] {processor.py:161} INFO - Processing /home/airflow/.local/lib/python3.7/site-packages/airflow/example_dags/example_branch_day_of_week_operator.py took 0.119 seconds
[2022-08-05 18:55:22,693] {processor.py:153} INFO - Started process (PID=2129) to work on /home/airflow/.local/lib/python3.7/site-packages/airflow/example_dags/example_branch_day_of_week_operator.py
[2022-08-05 18:55:22,694] {processor.py:641} INFO - Processing file /home/airflow/.local/lib/python3.7/site-packages/airflow/example_dags/example_branch_day_of_week_operator.py for tasks to queue
[2022-08-05 18:55:22,695] {logging_mixin.py:115} INFO - [2022-08-05 18:55:22,695] {dagbag.py:507} INFO - Filling up the DagBag from /home/airflow/.local/lib/python3.7/site-packages/airflow/example_dags/example_branch_day_of_week_operator.py
[2022-08-05 18:55:22,700] {processor.py:651} INFO - DAG(s) dict_keys(['example_weekday_branch_operator']) retrieved from /home/airflow/.local/lib/python3.7/site-packages/airflow/example_dags/example_branch_day_of_week_operator.py
[2022-08-05 18:55:22,718] {logging_mixin.py:115} INFO - [2022-08-05 18:55:22,718] {dag.py:2371} INFO - Sync 1 DAGs
[2022-08-05 18:55:22,802] {logging_mixin.py:115} INFO - [2022-08-05 18:55:22,802] {dag.py:2919} INFO - Setting next_dagrun for example_weekday_branch_operator to 2022-08-04T00:00:00+00:00, run_after=2022-08-05T00:00:00+00:00
[2022-08-05 18:55:22,810] {processor.py:161} INFO - Processing /home/airflow/.local/lib/python3.7/site-packages/airflow/example_dags/example_branch_day_of_week_operator.py took 0.119 seconds
[2022-08-05 18:55:53,757] {processor.py:153} INFO - Started process (PID=2191) to work on /home/airflow/.local/lib/python3.7/site-packages/airflow/example_dags/example_branch_day_of_week_operator.py
[2022-08-05 18:55:53,759] {processor.py:641} INFO - Processing file /home/airflow/.local/lib/python3.7/site-packages/airflow/example_dags/example_branch_day_of_week_operator.py for tasks to queue
[2022-08-05 18:55:53,761] {logging_mixin.py:115} INFO - [2022-08-05 18:55:53,761] {dagbag.py:507} INFO - Filling up the DagBag from /home/airflow/.local/lib/python3.7/site-packages/airflow/example_dags/example_branch_day_of_week_operator.py
[2022-08-05 18:55:53,769] {processor.py:651} INFO - DAG(s) dict_keys(['example_weekday_branch_operator']) retrieved from /home/airflow/.local/lib/python3.7/site-packages/airflow/example_dags/example_branch_day_of_week_operator.py
[2022-08-05 18:55:53,789] {logging_mixin.py:115} INFO - [2022-08-05 18:55:53,789] {dag.py:2371} INFO - Sync 1 DAGs
[2022-08-05 18:55:53,882] {logging_mixin.py:115} INFO - [2022-08-05 18:55:53,881] {dag.py:2919} INFO - Setting next_dagrun for example_weekday_branch_operator to 2022-08-04T00:00:00+00:00, run_after=2022-08-05T00:00:00+00:00
[2022-08-05 18:55:53,890] {processor.py:161} INFO - Processing /home/airflow/.local/lib/python3.7/site-packages/airflow/example_dags/example_branch_day_of_week_operator.py took 0.135 seconds
[2022-08-05 18:56:24,746] {processor.py:153} INFO - Started process (PID=2253) to work on /home/airflow/.local/lib/python3.7/site-packages/airflow/example_dags/example_branch_day_of_week_operator.py
[2022-08-05 18:56:24,748] {processor.py:641} INFO - Processing file /home/airflow/.local/lib/python3.7/site-packages/airflow/example_dags/example_branch_day_of_week_operator.py for tasks to queue
[2022-08-05 18:56:24,749] {logging_mixin.py:115} INFO - [2022-08-05 18:56:24,749] {dagbag.py:507} INFO - Filling up the DagBag from /home/airflow/.local/lib/python3.7/site-packages/airflow/example_dags/example_branch_day_of_week_operator.py
[2022-08-05 18:56:24,754] {processor.py:651} INFO - DAG(s) dict_keys(['example_weekday_branch_operator']) retrieved from /home/airflow/.local/lib/python3.7/site-packages/airflow/example_dags/example_branch_day_of_week_operator.py
[2022-08-05 18:56:24,772] {logging_mixin.py:115} INFO - [2022-08-05 18:56:24,772] {dag.py:2371} INFO - Sync 1 DAGs
[2022-08-05 18:56:24,919] {logging_mixin.py:115} INFO - [2022-08-05 18:56:24,919] {dag.py:2919} INFO - Setting next_dagrun for example_weekday_branch_operator to 2022-08-04T00:00:00+00:00, run_after=2022-08-05T00:00:00+00:00
[2022-08-05 18:56:24,926] {processor.py:161} INFO - Processing /home/airflow/.local/lib/python3.7/site-packages/airflow/example_dags/example_branch_day_of_week_operator.py took 0.182 seconds
[2022-08-05 18:56:55,666] {processor.py:153} INFO - Started process (PID=2306) to work on /home/airflow/.local/lib/python3.7/site-packages/airflow/example_dags/example_branch_day_of_week_operator.py
[2022-08-05 18:56:55,667] {processor.py:641} INFO - Processing file /home/airflow/.local/lib/python3.7/site-packages/airflow/example_dags/example_branch_day_of_week_operator.py for tasks to queue
[2022-08-05 18:56:55,668] {logging_mixin.py:115} INFO - [2022-08-05 18:56:55,668] {dagbag.py:507} INFO - Filling up the DagBag from /home/airflow/.local/lib/python3.7/site-packages/airflow/example_dags/example_branch_day_of_week_operator.py
[2022-08-05 18:56:55,672] {processor.py:651} INFO - DAG(s) dict_keys(['example_weekday_branch_operator']) retrieved from /home/airflow/.local/lib/python3.7/site-packages/airflow/example_dags/example_branch_day_of_week_operator.py
[2022-08-05 18:56:55,689] {logging_mixin.py:115} INFO - [2022-08-05 18:56:55,689] {dag.py:2371} INFO - Sync 1 DAGs
[2022-08-05 18:56:55,776] {logging_mixin.py:115} INFO - [2022-08-05 18:56:55,776] {dag.py:2919} INFO - Setting next_dagrun for example_weekday_branch_operator to 2022-08-04T00:00:00+00:00, run_after=2022-08-05T00:00:00+00:00
[2022-08-05 18:56:55,782] {processor.py:161} INFO - Processing /home/airflow/.local/lib/python3.7/site-packages/airflow/example_dags/example_branch_day_of_week_operator.py took 0.118 seconds
[2022-08-05 18:57:26,476] {processor.py:153} INFO - Started process (PID=2369) to work on /home/airflow/.local/lib/python3.7/site-packages/airflow/example_dags/example_branch_day_of_week_operator.py
[2022-08-05 18:57:26,478] {processor.py:641} INFO - Processing file /home/airflow/.local/lib/python3.7/site-packages/airflow/example_dags/example_branch_day_of_week_operator.py for tasks to queue
[2022-08-05 18:57:26,479] {logging_mixin.py:115} INFO - [2022-08-05 18:57:26,479] {dagbag.py:507} INFO - Filling up the DagBag from /home/airflow/.local/lib/python3.7/site-packages/airflow/example_dags/example_branch_day_of_week_operator.py
[2022-08-05 18:57:26,484] {processor.py:651} INFO - DAG(s) dict_keys(['example_weekday_branch_operator']) retrieved from /home/airflow/.local/lib/python3.7/site-packages/airflow/example_dags/example_branch_day_of_week_operator.py
[2022-08-05 18:57:26,501] {logging_mixin.py:115} INFO - [2022-08-05 18:57:26,501] {dag.py:2371} INFO - Sync 1 DAGs
[2022-08-05 18:57:26,589] {logging_mixin.py:115} INFO - [2022-08-05 18:57:26,589] {dag.py:2919} INFO - Setting next_dagrun for example_weekday_branch_operator to 2022-08-04T00:00:00+00:00, run_after=2022-08-05T00:00:00+00:00
[2022-08-05 18:57:26,598] {processor.py:161} INFO - Processing /home/airflow/.local/lib/python3.7/site-packages/airflow/example_dags/example_branch_day_of_week_operator.py took 0.124 seconds
[2022-08-05 18:57:57,297] {processor.py:153} INFO - Started process (PID=2432) to work on /home/airflow/.local/lib/python3.7/site-packages/airflow/example_dags/example_branch_day_of_week_operator.py
[2022-08-05 18:57:57,299] {processor.py:641} INFO - Processing file /home/airflow/.local/lib/python3.7/site-packages/airflow/example_dags/example_branch_day_of_week_operator.py for tasks to queue
[2022-08-05 18:57:57,300] {logging_mixin.py:115} INFO - [2022-08-05 18:57:57,300] {dagbag.py:507} INFO - Filling up the DagBag from /home/airflow/.local/lib/python3.7/site-packages/airflow/example_dags/example_branch_day_of_week_operator.py
[2022-08-05 18:57:57,305] {processor.py:651} INFO - DAG(s) dict_keys(['example_weekday_branch_operator']) retrieved from /home/airflow/.local/lib/python3.7/site-packages/airflow/example_dags/example_branch_day_of_week_operator.py
[2022-08-05 18:57:57,323] {logging_mixin.py:115} INFO - [2022-08-05 18:57:57,323] {dag.py:2371} INFO - Sync 1 DAGs
[2022-08-05 18:57:57,413] {logging_mixin.py:115} INFO - [2022-08-05 18:57:57,413] {dag.py:2919} INFO - Setting next_dagrun for example_weekday_branch_operator to 2022-08-04T00:00:00+00:00, run_after=2022-08-05T00:00:00+00:00
[2022-08-05 18:57:57,420] {processor.py:161} INFO - Processing /home/airflow/.local/lib/python3.7/site-packages/airflow/example_dags/example_branch_day_of_week_operator.py took 0.125 seconds
[2022-08-05 18:58:28,397] {processor.py:153} INFO - Started process (PID=2494) to work on /home/airflow/.local/lib/python3.7/site-packages/airflow/example_dags/example_branch_day_of_week_operator.py
[2022-08-05 18:58:28,398] {processor.py:641} INFO - Processing file /home/airflow/.local/lib/python3.7/site-packages/airflow/example_dags/example_branch_day_of_week_operator.py for tasks to queue
[2022-08-05 18:58:28,400] {logging_mixin.py:115} INFO - [2022-08-05 18:58:28,400] {dagbag.py:507} INFO - Filling up the DagBag from /home/airflow/.local/lib/python3.7/site-packages/airflow/example_dags/example_branch_day_of_week_operator.py
[2022-08-05 18:58:28,404] {processor.py:651} INFO - DAG(s) dict_keys(['example_weekday_branch_operator']) retrieved from /home/airflow/.local/lib/python3.7/site-packages/airflow/example_dags/example_branch_day_of_week_operator.py
[2022-08-05 18:58:28,497] {logging_mixin.py:115} INFO - [2022-08-05 18:58:28,497] {dag.py:2371} INFO - Sync 1 DAGs
[2022-08-05 18:58:28,509] {logging_mixin.py:115} INFO - [2022-08-05 18:58:28,509] {dag.py:2919} INFO - Setting next_dagrun for example_weekday_branch_operator to 2022-08-04T00:00:00+00:00, run_after=2022-08-05T00:00:00+00:00
[2022-08-05 18:58:28,517] {processor.py:161} INFO - Processing /home/airflow/.local/lib/python3.7/site-packages/airflow/example_dags/example_branch_day_of_week_operator.py took 0.122 seconds
[2022-08-05 18:58:59,104] {processor.py:153} INFO - Started process (PID=2556) to work on /home/airflow/.local/lib/python3.7/site-packages/airflow/example_dags/example_branch_day_of_week_operator.py
[2022-08-05 18:58:59,106] {processor.py:641} INFO - Processing file /home/airflow/.local/lib/python3.7/site-packages/airflow/example_dags/example_branch_day_of_week_operator.py for tasks to queue
[2022-08-05 18:58:59,107] {logging_mixin.py:115} INFO - [2022-08-05 18:58:59,107] {dagbag.py:507} INFO - Filling up the DagBag from /home/airflow/.local/lib/python3.7/site-packages/airflow/example_dags/example_branch_day_of_week_operator.py
[2022-08-05 18:58:59,112] {processor.py:651} INFO - DAG(s) dict_keys(['example_weekday_branch_operator']) retrieved from /home/airflow/.local/lib/python3.7/site-packages/airflow/example_dags/example_branch_day_of_week_operator.py
[2022-08-05 18:58:59,214] {logging_mixin.py:115} INFO - [2022-08-05 18:58:59,213] {dag.py:2371} INFO - Sync 1 DAGs
[2022-08-05 18:58:59,225] {logging_mixin.py:115} INFO - [2022-08-05 18:58:59,225] {dag.py:2919} INFO - Setting next_dagrun for example_weekday_branch_operator to 2022-08-04T00:00:00+00:00, run_after=2022-08-05T00:00:00+00:00
[2022-08-05 18:58:59,232] {processor.py:161} INFO - Processing /home/airflow/.local/lib/python3.7/site-packages/airflow/example_dags/example_branch_day_of_week_operator.py took 0.130 seconds
[2022-08-05 18:59:30,146] {processor.py:153} INFO - Started process (PID=2618) to work on /home/airflow/.local/lib/python3.7/site-packages/airflow/example_dags/example_branch_day_of_week_operator.py
[2022-08-05 18:59:30,147] {processor.py:641} INFO - Processing file /home/airflow/.local/lib/python3.7/site-packages/airflow/example_dags/example_branch_day_of_week_operator.py for tasks to queue
[2022-08-05 18:59:30,148] {logging_mixin.py:115} INFO - [2022-08-05 18:59:30,148] {dagbag.py:507} INFO - Filling up the DagBag from /home/airflow/.local/lib/python3.7/site-packages/airflow/example_dags/example_branch_day_of_week_operator.py
[2022-08-05 18:59:30,153] {processor.py:651} INFO - DAG(s) dict_keys(['example_weekday_branch_operator']) retrieved from /home/airflow/.local/lib/python3.7/site-packages/airflow/example_dags/example_branch_day_of_week_operator.py
[2022-08-05 18:59:30,252] {logging_mixin.py:115} INFO - [2022-08-05 18:59:30,252] {dag.py:2371} INFO - Sync 1 DAGs
[2022-08-05 18:59:30,267] {logging_mixin.py:115} INFO - [2022-08-05 18:59:30,266] {dag.py:2919} INFO - Setting next_dagrun for example_weekday_branch_operator to 2022-08-04T00:00:00+00:00, run_after=2022-08-05T00:00:00+00:00
[2022-08-05 18:59:30,275] {processor.py:161} INFO - Processing /home/airflow/.local/lib/python3.7/site-packages/airflow/example_dags/example_branch_day_of_week_operator.py took 0.131 seconds
[2022-08-05 19:00:00,984] {processor.py:153} INFO - Started process (PID=2681) to work on /home/airflow/.local/lib/python3.7/site-packages/airflow/example_dags/example_branch_day_of_week_operator.py
[2022-08-05 19:00:00,985] {processor.py:641} INFO - Processing file /home/airflow/.local/lib/python3.7/site-packages/airflow/example_dags/example_branch_day_of_week_operator.py for tasks to queue
[2022-08-05 19:00:00,987] {logging_mixin.py:115} INFO - [2022-08-05 19:00:00,987] {dagbag.py:507} INFO - Filling up the DagBag from /home/airflow/.local/lib/python3.7/site-packages/airflow/example_dags/example_branch_day_of_week_operator.py
[2022-08-05 19:00:00,992] {processor.py:651} INFO - DAG(s) dict_keys(['example_weekday_branch_operator']) retrieved from /home/airflow/.local/lib/python3.7/site-packages/airflow/example_dags/example_branch_day_of_week_operator.py
[2022-08-05 19:00:01,087] {logging_mixin.py:115} INFO - [2022-08-05 19:00:01,087] {dag.py:2371} INFO - Sync 1 DAGs
[2022-08-05 19:00:01,098] {logging_mixin.py:115} INFO - [2022-08-05 19:00:01,098] {dag.py:2919} INFO - Setting next_dagrun for example_weekday_branch_operator to 2022-08-04T00:00:00+00:00, run_after=2022-08-05T00:00:00+00:00
[2022-08-05 19:00:01,106] {processor.py:161} INFO - Processing /home/airflow/.local/lib/python3.7/site-packages/airflow/example_dags/example_branch_day_of_week_operator.py took 0.124 seconds
[2022-08-05 19:00:32,047] {processor.py:153} INFO - Started process (PID=2742) to work on /home/airflow/.local/lib/python3.7/site-packages/airflow/example_dags/example_branch_day_of_week_operator.py
[2022-08-05 19:00:32,048] {processor.py:641} INFO - Processing file /home/airflow/.local/lib/python3.7/site-packages/airflow/example_dags/example_branch_day_of_week_operator.py for tasks to queue
[2022-08-05 19:00:32,049] {logging_mixin.py:115} INFO - [2022-08-05 19:00:32,049] {dagbag.py:507} INFO - Filling up the DagBag from /home/airflow/.local/lib/python3.7/site-packages/airflow/example_dags/example_branch_day_of_week_operator.py
[2022-08-05 19:00:32,054] {processor.py:651} INFO - DAG(s) dict_keys(['example_weekday_branch_operator']) retrieved from /home/airflow/.local/lib/python3.7/site-packages/airflow/example_dags/example_branch_day_of_week_operator.py
[2022-08-05 19:00:32,136] {logging_mixin.py:115} INFO - [2022-08-05 19:00:32,136] {dag.py:2371} INFO - Sync 1 DAGs
[2022-08-05 19:00:32,146] {logging_mixin.py:115} INFO - [2022-08-05 19:00:32,146] {dag.py:2919} INFO - Setting next_dagrun for example_weekday_branch_operator to 2022-08-04T00:00:00+00:00, run_after=2022-08-05T00:00:00+00:00
[2022-08-05 19:00:32,152] {processor.py:161} INFO - Processing /home/airflow/.local/lib/python3.7/site-packages/airflow/example_dags/example_branch_day_of_week_operator.py took 0.107 seconds
[2022-08-05 19:01:02,274] {processor.py:153} INFO - Started process (PID=2795) to work on /home/airflow/.local/lib/python3.7/site-packages/airflow/example_dags/example_branch_day_of_week_operator.py
[2022-08-05 19:01:02,275] {processor.py:641} INFO - Processing file /home/airflow/.local/lib/python3.7/site-packages/airflow/example_dags/example_branch_day_of_week_operator.py for tasks to queue
[2022-08-05 19:01:02,276] {logging_mixin.py:115} INFO - [2022-08-05 19:01:02,276] {dagbag.py:507} INFO - Filling up the DagBag from /home/airflow/.local/lib/python3.7/site-packages/airflow/example_dags/example_branch_day_of_week_operator.py
[2022-08-05 19:01:02,281] {processor.py:651} INFO - DAG(s) dict_keys(['example_weekday_branch_operator']) retrieved from /home/airflow/.local/lib/python3.7/site-packages/airflow/example_dags/example_branch_day_of_week_operator.py
[2022-08-05 19:01:02,363] {logging_mixin.py:115} INFO - [2022-08-05 19:01:02,363] {dag.py:2371} INFO - Sync 1 DAGs
[2022-08-05 19:01:02,373] {logging_mixin.py:115} INFO - [2022-08-05 19:01:02,373] {dag.py:2919} INFO - Setting next_dagrun for example_weekday_branch_operator to 2022-08-04T00:00:00+00:00, run_after=2022-08-05T00:00:00+00:00
[2022-08-05 19:01:02,379] {processor.py:161} INFO - Processing /home/airflow/.local/lib/python3.7/site-packages/airflow/example_dags/example_branch_day_of_week_operator.py took 0.107 seconds
[2022-08-05 19:01:32,414] {processor.py:153} INFO - Started process (PID=2857) to work on /home/airflow/.local/lib/python3.7/site-packages/airflow/example_dags/example_branch_day_of_week_operator.py
[2022-08-05 19:01:32,415] {processor.py:641} INFO - Processing file /home/airflow/.local/lib/python3.7/site-packages/airflow/example_dags/example_branch_day_of_week_operator.py for tasks to queue
[2022-08-05 19:01:32,416] {logging_mixin.py:115} INFO - [2022-08-05 19:01:32,416] {dagbag.py:507} INFO - Filling up the DagBag from /home/airflow/.local/lib/python3.7/site-packages/airflow/example_dags/example_branch_day_of_week_operator.py
[2022-08-05 19:01:32,421] {processor.py:651} INFO - DAG(s) dict_keys(['example_weekday_branch_operator']) retrieved from /home/airflow/.local/lib/python3.7/site-packages/airflow/example_dags/example_branch_day_of_week_operator.py
[2022-08-05 19:01:32,502] {logging_mixin.py:115} INFO - [2022-08-05 19:01:32,502] {dag.py:2371} INFO - Sync 1 DAGs
[2022-08-05 19:01:32,512] {logging_mixin.py:115} INFO - [2022-08-05 19:01:32,512] {dag.py:2919} INFO - Setting next_dagrun for example_weekday_branch_operator to 2022-08-04T00:00:00+00:00, run_after=2022-08-05T00:00:00+00:00
[2022-08-05 19:01:32,518] {processor.py:161} INFO - Processing /home/airflow/.local/lib/python3.7/site-packages/airflow/example_dags/example_branch_day_of_week_operator.py took 0.106 seconds
[2022-08-05 19:02:03,320] {processor.py:153} INFO - Started process (PID=2920) to work on /home/airflow/.local/lib/python3.7/site-packages/airflow/example_dags/example_branch_day_of_week_operator.py
[2022-08-05 19:02:03,322] {processor.py:641} INFO - Processing file /home/airflow/.local/lib/python3.7/site-packages/airflow/example_dags/example_branch_day_of_week_operator.py for tasks to queue
[2022-08-05 19:02:03,323] {logging_mixin.py:115} INFO - [2022-08-05 19:02:03,323] {dagbag.py:507} INFO - Filling up the DagBag from /home/airflow/.local/lib/python3.7/site-packages/airflow/example_dags/example_branch_day_of_week_operator.py
[2022-08-05 19:02:03,329] {processor.py:651} INFO - DAG(s) dict_keys(['example_weekday_branch_operator']) retrieved from /home/airflow/.local/lib/python3.7/site-packages/airflow/example_dags/example_branch_day_of_week_operator.py
[2022-08-05 19:02:03,432] {logging_mixin.py:115} INFO - [2022-08-05 19:02:03,432] {dag.py:2371} INFO - Sync 1 DAGs
[2022-08-05 19:02:03,444] {logging_mixin.py:115} INFO - [2022-08-05 19:02:03,444] {dag.py:2919} INFO - Setting next_dagrun for example_weekday_branch_operator to 2022-08-04T00:00:00+00:00, run_after=2022-08-05T00:00:00+00:00
[2022-08-05 19:02:03,451] {processor.py:161} INFO - Processing /home/airflow/.local/lib/python3.7/site-packages/airflow/example_dags/example_branch_day_of_week_operator.py took 0.134 seconds
[2022-08-05 19:02:34,665] {processor.py:153} INFO - Started process (PID=2984) to work on /home/airflow/.local/lib/python3.7/site-packages/airflow/example_dags/example_branch_day_of_week_operator.py
[2022-08-05 19:02:34,666] {processor.py:641} INFO - Processing file /home/airflow/.local/lib/python3.7/site-packages/airflow/example_dags/example_branch_day_of_week_operator.py for tasks to queue
[2022-08-05 19:02:34,668] {logging_mixin.py:115} INFO - [2022-08-05 19:02:34,668] {dagbag.py:507} INFO - Filling up the DagBag from /home/airflow/.local/lib/python3.7/site-packages/airflow/example_dags/example_branch_day_of_week_operator.py
[2022-08-05 19:02:34,673] {processor.py:651} INFO - DAG(s) dict_keys(['example_weekday_branch_operator']) retrieved from /home/airflow/.local/lib/python3.7/site-packages/airflow/example_dags/example_branch_day_of_week_operator.py
[2022-08-05 19:02:34,780] {logging_mixin.py:115} INFO - [2022-08-05 19:02:34,780] {dag.py:2371} INFO - Sync 1 DAGs
[2022-08-05 19:02:34,792] {logging_mixin.py:115} INFO - [2022-08-05 19:02:34,792] {dag.py:2919} INFO - Setting next_dagrun for example_weekday_branch_operator to 2022-08-04T00:00:00+00:00, run_after=2022-08-05T00:00:00+00:00
[2022-08-05 19:02:34,800] {processor.py:161} INFO - Processing /home/airflow/.local/lib/python3.7/site-packages/airflow/example_dags/example_branch_day_of_week_operator.py took 0.137 seconds
[2022-08-05 19:03:05,143] {processor.py:153} INFO - Started process (PID=3045) to work on /home/airflow/.local/lib/python3.7/site-packages/airflow/example_dags/example_branch_day_of_week_operator.py
[2022-08-05 19:03:05,144] {processor.py:641} INFO - Processing file /home/airflow/.local/lib/python3.7/site-packages/airflow/example_dags/example_branch_day_of_week_operator.py for tasks to queue
[2022-08-05 19:03:05,145] {logging_mixin.py:115} INFO - [2022-08-05 19:03:05,145] {dagbag.py:507} INFO - Filling up the DagBag from /home/airflow/.local/lib/python3.7/site-packages/airflow/example_dags/example_branch_day_of_week_operator.py
[2022-08-05 19:03:05,150] {processor.py:651} INFO - DAG(s) dict_keys(['example_weekday_branch_operator']) retrieved from /home/airflow/.local/lib/python3.7/site-packages/airflow/example_dags/example_branch_day_of_week_operator.py
[2022-08-05 19:03:05,237] {logging_mixin.py:115} INFO - [2022-08-05 19:03:05,237] {dag.py:2371} INFO - Sync 1 DAGs
[2022-08-05 19:03:05,249] {logging_mixin.py:115} INFO - [2022-08-05 19:03:05,249] {dag.py:2919} INFO - Setting next_dagrun for example_weekday_branch_operator to 2022-08-04T00:00:00+00:00, run_after=2022-08-05T00:00:00+00:00
[2022-08-05 19:03:05,255] {processor.py:161} INFO - Processing /home/airflow/.local/lib/python3.7/site-packages/airflow/example_dags/example_branch_day_of_week_operator.py took 0.115 seconds
[2022-08-05 19:53:25,534] {processor.py:153} INFO - Started process (PID=3097) to work on /home/airflow/.local/lib/python3.7/site-packages/airflow/example_dags/example_branch_day_of_week_operator.py
[2022-08-05 19:53:25,536] {processor.py:641} INFO - Processing file /home/airflow/.local/lib/python3.7/site-packages/airflow/example_dags/example_branch_day_of_week_operator.py for tasks to queue
[2022-08-05 19:53:25,537] {logging_mixin.py:115} INFO - [2022-08-05 19:53:25,537] {dagbag.py:507} INFO - Filling up the DagBag from /home/airflow/.local/lib/python3.7/site-packages/airflow/example_dags/example_branch_day_of_week_operator.py
[2022-08-05 19:53:25,543] {processor.py:651} INFO - DAG(s) dict_keys(['example_weekday_branch_operator']) retrieved from /home/airflow/.local/lib/python3.7/site-packages/airflow/example_dags/example_branch_day_of_week_operator.py
[2022-08-05 19:53:25,575] {logging_mixin.py:115} INFO - [2022-08-05 19:53:25,575] {dag.py:2371} INFO - Sync 1 DAGs
[2022-08-05 19:53:25,601] {logging_mixin.py:115} INFO - [2022-08-05 19:53:25,601] {dag.py:2919} INFO - Setting next_dagrun for example_weekday_branch_operator to 2022-08-04T00:00:00+00:00, run_after=2022-08-05T00:00:00+00:00
[2022-08-05 19:53:25,614] {processor.py:161} INFO - Processing /home/airflow/.local/lib/python3.7/site-packages/airflow/example_dags/example_branch_day_of_week_operator.py took 0.082 seconds
[2022-08-05 20:42:18,983] {processor.py:153} INFO - Started process (PID=3148) to work on /home/airflow/.local/lib/python3.7/site-packages/airflow/example_dags/example_branch_day_of_week_operator.py
[2022-08-05 20:42:18,984] {processor.py:641} INFO - Processing file /home/airflow/.local/lib/python3.7/site-packages/airflow/example_dags/example_branch_day_of_week_operator.py for tasks to queue
[2022-08-05 20:42:18,985] {logging_mixin.py:115} INFO - [2022-08-05 20:42:18,985] {dagbag.py:507} INFO - Filling up the DagBag from /home/airflow/.local/lib/python3.7/site-packages/airflow/example_dags/example_branch_day_of_week_operator.py
[2022-08-05 20:42:18,989] {processor.py:651} INFO - DAG(s) dict_keys(['example_weekday_branch_operator']) retrieved from /home/airflow/.local/lib/python3.7/site-packages/airflow/example_dags/example_branch_day_of_week_operator.py
[2022-08-05 20:42:19,005] {logging_mixin.py:115} INFO - [2022-08-05 20:42:19,005] {dag.py:2371} INFO - Sync 1 DAGs
[2022-08-05 20:42:19,017] {logging_mixin.py:115} INFO - [2022-08-05 20:42:19,017] {dag.py:2919} INFO - Setting next_dagrun for example_weekday_branch_operator to 2022-08-04T00:00:00+00:00, run_after=2022-08-05T00:00:00+00:00
[2022-08-05 20:42:19,023] {processor.py:161} INFO - Processing /home/airflow/.local/lib/python3.7/site-packages/airflow/example_dags/example_branch_day_of_week_operator.py took 0.043 seconds
[2022-08-05 21:16:21,674] {processor.py:153} INFO - Started process (PID=3208) to work on /home/airflow/.local/lib/python3.7/site-packages/airflow/example_dags/example_branch_day_of_week_operator.py
[2022-08-05 21:16:21,676] {processor.py:641} INFO - Processing file /home/airflow/.local/lib/python3.7/site-packages/airflow/example_dags/example_branch_day_of_week_operator.py for tasks to queue
[2022-08-05 21:16:21,677] {logging_mixin.py:115} INFO - [2022-08-05 21:16:21,677] {dagbag.py:507} INFO - Filling up the DagBag from /home/airflow/.local/lib/python3.7/site-packages/airflow/example_dags/example_branch_day_of_week_operator.py
[2022-08-05 21:16:21,684] {processor.py:651} INFO - DAG(s) dict_keys(['example_weekday_branch_operator']) retrieved from /home/airflow/.local/lib/python3.7/site-packages/airflow/example_dags/example_branch_day_of_week_operator.py
[2022-08-05 21:16:21,712] {logging_mixin.py:115} INFO - [2022-08-05 21:16:21,712] {dag.py:2371} INFO - Sync 1 DAGs
[2022-08-05 21:16:21,730] {logging_mixin.py:115} INFO - [2022-08-05 21:16:21,730] {dag.py:2919} INFO - Setting next_dagrun for example_weekday_branch_operator to 2022-08-04T00:00:00+00:00, run_after=2022-08-05T00:00:00+00:00
[2022-08-05 21:16:21,742] {processor.py:161} INFO - Processing /home/airflow/.local/lib/python3.7/site-packages/airflow/example_dags/example_branch_day_of_week_operator.py took 0.070 seconds
[2022-08-05 22:06:30,414] {processor.py:153} INFO - Started process (PID=3269) to work on /home/airflow/.local/lib/python3.7/site-packages/airflow/example_dags/example_branch_day_of_week_operator.py
[2022-08-05 22:06:30,416] {processor.py:641} INFO - Processing file /home/airflow/.local/lib/python3.7/site-packages/airflow/example_dags/example_branch_day_of_week_operator.py for tasks to queue
[2022-08-05 22:06:30,420] {logging_mixin.py:115} INFO - [2022-08-05 22:06:30,420] {dagbag.py:507} INFO - Filling up the DagBag from /home/airflow/.local/lib/python3.7/site-packages/airflow/example_dags/example_branch_day_of_week_operator.py
[2022-08-05 22:06:30,427] {processor.py:651} INFO - DAG(s) dict_keys(['example_weekday_branch_operator']) retrieved from /home/airflow/.local/lib/python3.7/site-packages/airflow/example_dags/example_branch_day_of_week_operator.py
[2022-08-05 22:06:30,455] {logging_mixin.py:115} INFO - [2022-08-05 22:06:30,455] {dag.py:2371} INFO - Sync 1 DAGs
[2022-08-05 22:06:30,482] {logging_mixin.py:115} INFO - [2022-08-05 22:06:30,481] {dag.py:2919} INFO - Setting next_dagrun for example_weekday_branch_operator to 2022-08-04T00:00:00+00:00, run_after=2022-08-05T00:00:00+00:00
[2022-08-05 22:06:30,492] {processor.py:161} INFO - Processing /home/airflow/.local/lib/python3.7/site-packages/airflow/example_dags/example_branch_day_of_week_operator.py took 0.080 seconds
[2022-08-05 22:40:28,373] {processor.py:153} INFO - Started process (PID=3330) to work on /home/airflow/.local/lib/python3.7/site-packages/airflow/example_dags/example_branch_day_of_week_operator.py
[2022-08-05 22:40:28,374] {processor.py:641} INFO - Processing file /home/airflow/.local/lib/python3.7/site-packages/airflow/example_dags/example_branch_day_of_week_operator.py for tasks to queue
[2022-08-05 22:40:28,375] {logging_mixin.py:115} INFO - [2022-08-05 22:40:28,375] {dagbag.py:507} INFO - Filling up the DagBag from /home/airflow/.local/lib/python3.7/site-packages/airflow/example_dags/example_branch_day_of_week_operator.py
[2022-08-05 22:40:28,379] {processor.py:651} INFO - DAG(s) dict_keys(['example_weekday_branch_operator']) retrieved from /home/airflow/.local/lib/python3.7/site-packages/airflow/example_dags/example_branch_day_of_week_operator.py
[2022-08-05 22:40:28,395] {logging_mixin.py:115} INFO - [2022-08-05 22:40:28,395] {dag.py:2371} INFO - Sync 1 DAGs
[2022-08-05 22:40:28,407] {logging_mixin.py:115} INFO - [2022-08-05 22:40:28,407] {dag.py:2919} INFO - Setting next_dagrun for example_weekday_branch_operator to 2022-08-04T00:00:00+00:00, run_after=2022-08-05T00:00:00+00:00
[2022-08-05 22:40:28,413] {processor.py:161} INFO - Processing /home/airflow/.local/lib/python3.7/site-packages/airflow/example_dags/example_branch_day_of_week_operator.py took 0.042 seconds
[2022-08-05 23:30:04,858] {processor.py:153} INFO - Started process (PID=3392) to work on /home/airflow/.local/lib/python3.7/site-packages/airflow/example_dags/example_branch_day_of_week_operator.py
[2022-08-05 23:30:04,860] {processor.py:641} INFO - Processing file /home/airflow/.local/lib/python3.7/site-packages/airflow/example_dags/example_branch_day_of_week_operator.py for tasks to queue
[2022-08-05 23:30:04,861] {logging_mixin.py:115} INFO - [2022-08-05 23:30:04,861] {dagbag.py:507} INFO - Filling up the DagBag from /home/airflow/.local/lib/python3.7/site-packages/airflow/example_dags/example_branch_day_of_week_operator.py
[2022-08-05 23:30:04,867] {processor.py:651} INFO - DAG(s) dict_keys(['example_weekday_branch_operator']) retrieved from /home/airflow/.local/lib/python3.7/site-packages/airflow/example_dags/example_branch_day_of_week_operator.py
[2022-08-05 23:30:04,895] {logging_mixin.py:115} INFO - [2022-08-05 23:30:04,895] {dag.py:2371} INFO - Sync 1 DAGs
[2022-08-05 23:30:04,915] {logging_mixin.py:115} INFO - [2022-08-05 23:30:04,915] {dag.py:2919} INFO - Setting next_dagrun for example_weekday_branch_operator to 2022-08-04T00:00:00+00:00, run_after=2022-08-05T00:00:00+00:00
[2022-08-05 23:30:04,929] {processor.py:161} INFO - Processing /home/airflow/.local/lib/python3.7/site-packages/airflow/example_dags/example_branch_day_of_week_operator.py took 0.073 seconds
