[2022-08-05 18:38:00,446] {processor.py:153} INFO - Started process (PID=65) to work on /home/airflow/.local/lib/python3.7/site-packages/airflow/example_dags/example_sla_dag.py
[2022-08-05 18:38:00,452] {processor.py:641} INFO - Processing file /home/airflow/.local/lib/python3.7/site-packages/airflow/example_dags/example_sla_dag.py for tasks to queue
[2022-08-05 18:38:00,454] {logging_mixin.py:115} INFO - [2022-08-05 18:38:00,454] {dagbag.py:507} INFO - Filling up the DagBag from /home/airflow/.local/lib/python3.7/site-packages/airflow/example_dags/example_sla_dag.py
[2022-08-05 18:38:00,488] {processor.py:651} INFO - DAG(s) dict_keys(['example_sla_dag']) retrieved from /home/airflow/.local/lib/python3.7/site-packages/airflow/example_dags/example_sla_dag.py
[2022-08-05 18:38:00,537] {logging_mixin.py:115} INFO - [2022-08-05 18:38:00,537] {dag.py:2371} INFO - Sync 1 DAGs
[2022-08-05 18:38:00,790] {logging_mixin.py:115} INFO - [2022-08-05 18:38:00,790] {dag.py:2919} INFO - Setting next_dagrun for example_sla_dag to 2022-08-05T18:36:00+00:00, run_after=2022-08-05T18:38:00+00:00
[2022-08-05 18:38:00,811] {processor.py:161} INFO - Processing /home/airflow/.local/lib/python3.7/site-packages/airflow/example_dags/example_sla_dag.py took 0.367 seconds
[2022-08-05 18:38:30,854] {processor.py:153} INFO - Started process (PID=119) to work on /home/airflow/.local/lib/python3.7/site-packages/airflow/example_dags/example_sla_dag.py
[2022-08-05 18:38:30,856] {processor.py:641} INFO - Processing file /home/airflow/.local/lib/python3.7/site-packages/airflow/example_dags/example_sla_dag.py for tasks to queue
[2022-08-05 18:38:30,856] {logging_mixin.py:115} INFO - [2022-08-05 18:38:30,856] {dagbag.py:507} INFO - Filling up the DagBag from /home/airflow/.local/lib/python3.7/site-packages/airflow/example_dags/example_sla_dag.py
[2022-08-05 18:38:30,866] {processor.py:651} INFO - DAG(s) dict_keys(['example_sla_dag']) retrieved from /home/airflow/.local/lib/python3.7/site-packages/airflow/example_dags/example_sla_dag.py
[2022-08-05 18:38:30,880] {logging_mixin.py:115} INFO - [2022-08-05 18:38:30,880] {dag.py:2371} INFO - Sync 1 DAGs
[2022-08-05 18:38:30,958] {logging_mixin.py:115} INFO - [2022-08-05 18:38:30,958] {dag.py:2919} INFO - Setting next_dagrun for example_sla_dag to 2022-08-05T18:36:00+00:00, run_after=2022-08-05T18:38:00+00:00
[2022-08-05 18:38:30,964] {processor.py:161} INFO - Processing /home/airflow/.local/lib/python3.7/site-packages/airflow/example_dags/example_sla_dag.py took 0.112 seconds
[2022-08-05 18:39:01,232] {processor.py:153} INFO - Started process (PID=182) to work on /home/airflow/.local/lib/python3.7/site-packages/airflow/example_dags/example_sla_dag.py
[2022-08-05 18:39:01,234] {processor.py:641} INFO - Processing file /home/airflow/.local/lib/python3.7/site-packages/airflow/example_dags/example_sla_dag.py for tasks to queue
[2022-08-05 18:39:01,235] {logging_mixin.py:115} INFO - [2022-08-05 18:39:01,235] {dagbag.py:507} INFO - Filling up the DagBag from /home/airflow/.local/lib/python3.7/site-packages/airflow/example_dags/example_sla_dag.py
[2022-08-05 18:39:01,246] {processor.py:651} INFO - DAG(s) dict_keys(['example_sla_dag']) retrieved from /home/airflow/.local/lib/python3.7/site-packages/airflow/example_dags/example_sla_dag.py
[2022-08-05 18:39:01,265] {logging_mixin.py:115} INFO - [2022-08-05 18:39:01,265] {dag.py:2371} INFO - Sync 1 DAGs
[2022-08-05 18:39:01,361] {logging_mixin.py:115} INFO - [2022-08-05 18:39:01,361] {dag.py:2919} INFO - Setting next_dagrun for example_sla_dag to 2022-08-05T18:36:00+00:00, run_after=2022-08-05T18:38:00+00:00
[2022-08-05 18:39:01,370] {processor.py:161} INFO - Processing /home/airflow/.local/lib/python3.7/site-packages/airflow/example_dags/example_sla_dag.py took 0.140 seconds
[2022-08-05 18:39:31,779] {processor.py:153} INFO - Started process (PID=244) to work on /home/airflow/.local/lib/python3.7/site-packages/airflow/example_dags/example_sla_dag.py
[2022-08-05 18:39:31,780] {processor.py:641} INFO - Processing file /home/airflow/.local/lib/python3.7/site-packages/airflow/example_dags/example_sla_dag.py for tasks to queue
[2022-08-05 18:39:31,781] {logging_mixin.py:115} INFO - [2022-08-05 18:39:31,781] {dagbag.py:507} INFO - Filling up the DagBag from /home/airflow/.local/lib/python3.7/site-packages/airflow/example_dags/example_sla_dag.py
[2022-08-05 18:39:31,790] {processor.py:651} INFO - DAG(s) dict_keys(['example_sla_dag']) retrieved from /home/airflow/.local/lib/python3.7/site-packages/airflow/example_dags/example_sla_dag.py
[2022-08-05 18:39:31,806] {logging_mixin.py:115} INFO - [2022-08-05 18:39:31,806] {dag.py:2371} INFO - Sync 1 DAGs
[2022-08-05 18:39:31,897] {logging_mixin.py:115} INFO - [2022-08-05 18:39:31,897] {dag.py:2919} INFO - Setting next_dagrun for example_sla_dag to 2022-08-05T18:36:00+00:00, run_after=2022-08-05T18:38:00+00:00
[2022-08-05 18:39:31,905] {processor.py:161} INFO - Processing /home/airflow/.local/lib/python3.7/site-packages/airflow/example_dags/example_sla_dag.py took 0.129 seconds
[2022-08-05 18:40:02,367] {processor.py:153} INFO - Started process (PID=306) to work on /home/airflow/.local/lib/python3.7/site-packages/airflow/example_dags/example_sla_dag.py
[2022-08-05 18:40:02,369] {processor.py:641} INFO - Processing file /home/airflow/.local/lib/python3.7/site-packages/airflow/example_dags/example_sla_dag.py for tasks to queue
[2022-08-05 18:40:02,370] {logging_mixin.py:115} INFO - [2022-08-05 18:40:02,370] {dagbag.py:507} INFO - Filling up the DagBag from /home/airflow/.local/lib/python3.7/site-packages/airflow/example_dags/example_sla_dag.py
[2022-08-05 18:40:02,379] {processor.py:651} INFO - DAG(s) dict_keys(['example_sla_dag']) retrieved from /home/airflow/.local/lib/python3.7/site-packages/airflow/example_dags/example_sla_dag.py
[2022-08-05 18:40:02,395] {logging_mixin.py:115} INFO - [2022-08-05 18:40:02,395] {dag.py:2371} INFO - Sync 1 DAGs
[2022-08-05 18:40:02,484] {logging_mixin.py:115} INFO - [2022-08-05 18:40:02,484] {dag.py:2919} INFO - Setting next_dagrun for example_sla_dag to 2022-08-05T18:38:00+00:00, run_after=2022-08-05T18:40:00+00:00
[2022-08-05 18:40:02,493] {processor.py:161} INFO - Processing /home/airflow/.local/lib/python3.7/site-packages/airflow/example_dags/example_sla_dag.py took 0.127 seconds
[2022-08-05 18:40:32,909] {processor.py:153} INFO - Started process (PID=368) to work on /home/airflow/.local/lib/python3.7/site-packages/airflow/example_dags/example_sla_dag.py
[2022-08-05 18:40:32,910] {processor.py:641} INFO - Processing file /home/airflow/.local/lib/python3.7/site-packages/airflow/example_dags/example_sla_dag.py for tasks to queue
[2022-08-05 18:40:32,913] {logging_mixin.py:115} INFO - [2022-08-05 18:40:32,913] {dagbag.py:507} INFO - Filling up the DagBag from /home/airflow/.local/lib/python3.7/site-packages/airflow/example_dags/example_sla_dag.py
[2022-08-05 18:40:32,924] {processor.py:651} INFO - DAG(s) dict_keys(['example_sla_dag']) retrieved from /home/airflow/.local/lib/python3.7/site-packages/airflow/example_dags/example_sla_dag.py
[2022-08-05 18:40:32,941] {logging_mixin.py:115} INFO - [2022-08-05 18:40:32,941] {dag.py:2371} INFO - Sync 1 DAGs
[2022-08-05 18:40:33,035] {logging_mixin.py:115} INFO - [2022-08-05 18:40:33,035] {dag.py:2919} INFO - Setting next_dagrun for example_sla_dag to 2022-08-05T18:38:00+00:00, run_after=2022-08-05T18:40:00+00:00
[2022-08-05 18:40:33,043] {processor.py:161} INFO - Processing /home/airflow/.local/lib/python3.7/site-packages/airflow/example_dags/example_sla_dag.py took 0.136 seconds
[2022-08-05 18:41:03,943] {processor.py:153} INFO - Started process (PID=430) to work on /home/airflow/.local/lib/python3.7/site-packages/airflow/example_dags/example_sla_dag.py
[2022-08-05 18:41:03,944] {processor.py:641} INFO - Processing file /home/airflow/.local/lib/python3.7/site-packages/airflow/example_dags/example_sla_dag.py for tasks to queue
[2022-08-05 18:41:03,945] {logging_mixin.py:115} INFO - [2022-08-05 18:41:03,945] {dagbag.py:507} INFO - Filling up the DagBag from /home/airflow/.local/lib/python3.7/site-packages/airflow/example_dags/example_sla_dag.py
[2022-08-05 18:41:03,956] {processor.py:651} INFO - DAG(s) dict_keys(['example_sla_dag']) retrieved from /home/airflow/.local/lib/python3.7/site-packages/airflow/example_dags/example_sla_dag.py
[2022-08-05 18:41:03,975] {logging_mixin.py:115} INFO - [2022-08-05 18:41:03,974] {dag.py:2371} INFO - Sync 1 DAGs
[2022-08-05 18:41:04,070] {logging_mixin.py:115} INFO - [2022-08-05 18:41:04,070] {dag.py:2919} INFO - Setting next_dagrun for example_sla_dag to 2022-08-05T18:38:00+00:00, run_after=2022-08-05T18:40:00+00:00
[2022-08-05 18:41:04,078] {processor.py:161} INFO - Processing /home/airflow/.local/lib/python3.7/site-packages/airflow/example_dags/example_sla_dag.py took 0.136 seconds
[2022-08-05 18:41:34,514] {processor.py:153} INFO - Started process (PID=483) to work on /home/airflow/.local/lib/python3.7/site-packages/airflow/example_dags/example_sla_dag.py
[2022-08-05 18:41:34,515] {processor.py:641} INFO - Processing file /home/airflow/.local/lib/python3.7/site-packages/airflow/example_dags/example_sla_dag.py for tasks to queue
[2022-08-05 18:41:34,517] {logging_mixin.py:115} INFO - [2022-08-05 18:41:34,517] {dagbag.py:507} INFO - Filling up the DagBag from /home/airflow/.local/lib/python3.7/site-packages/airflow/example_dags/example_sla_dag.py
[2022-08-05 18:41:34,528] {processor.py:651} INFO - DAG(s) dict_keys(['example_sla_dag']) retrieved from /home/airflow/.local/lib/python3.7/site-packages/airflow/example_dags/example_sla_dag.py
[2022-08-05 18:41:34,545] {logging_mixin.py:115} INFO - [2022-08-05 18:41:34,545] {dag.py:2371} INFO - Sync 1 DAGs
[2022-08-05 18:41:34,634] {logging_mixin.py:115} INFO - [2022-08-05 18:41:34,634] {dag.py:2919} INFO - Setting next_dagrun for example_sla_dag to 2022-08-05T18:38:00+00:00, run_after=2022-08-05T18:40:00+00:00
[2022-08-05 18:41:34,641] {processor.py:161} INFO - Processing /home/airflow/.local/lib/python3.7/site-packages/airflow/example_dags/example_sla_dag.py took 0.130 seconds
[2022-08-05 18:42:04,956] {processor.py:153} INFO - Started process (PID=545) to work on /home/airflow/.local/lib/python3.7/site-packages/airflow/example_dags/example_sla_dag.py
[2022-08-05 18:42:04,958] {processor.py:641} INFO - Processing file /home/airflow/.local/lib/python3.7/site-packages/airflow/example_dags/example_sla_dag.py for tasks to queue
[2022-08-05 18:42:04,959] {logging_mixin.py:115} INFO - [2022-08-05 18:42:04,959] {dagbag.py:507} INFO - Filling up the DagBag from /home/airflow/.local/lib/python3.7/site-packages/airflow/example_dags/example_sla_dag.py
[2022-08-05 18:42:04,969] {processor.py:651} INFO - DAG(s) dict_keys(['example_sla_dag']) retrieved from /home/airflow/.local/lib/python3.7/site-packages/airflow/example_dags/example_sla_dag.py
[2022-08-05 18:42:04,987] {logging_mixin.py:115} INFO - [2022-08-05 18:42:04,987] {dag.py:2371} INFO - Sync 1 DAGs
[2022-08-05 18:42:05,082] {logging_mixin.py:115} INFO - [2022-08-05 18:42:05,082] {dag.py:2919} INFO - Setting next_dagrun for example_sla_dag to 2022-08-05T18:40:00+00:00, run_after=2022-08-05T18:42:00+00:00
[2022-08-05 18:42:05,092] {processor.py:161} INFO - Processing /home/airflow/.local/lib/python3.7/site-packages/airflow/example_dags/example_sla_dag.py took 0.138 seconds
[2022-08-05 18:42:35,653] {processor.py:153} INFO - Started process (PID=607) to work on /home/airflow/.local/lib/python3.7/site-packages/airflow/example_dags/example_sla_dag.py
[2022-08-05 18:42:35,655] {processor.py:641} INFO - Processing file /home/airflow/.local/lib/python3.7/site-packages/airflow/example_dags/example_sla_dag.py for tasks to queue
[2022-08-05 18:42:35,656] {logging_mixin.py:115} INFO - [2022-08-05 18:42:35,656] {dagbag.py:507} INFO - Filling up the DagBag from /home/airflow/.local/lib/python3.7/site-packages/airflow/example_dags/example_sla_dag.py
[2022-08-05 18:42:35,667] {processor.py:651} INFO - DAG(s) dict_keys(['example_sla_dag']) retrieved from /home/airflow/.local/lib/python3.7/site-packages/airflow/example_dags/example_sla_dag.py
[2022-08-05 18:42:35,683] {logging_mixin.py:115} INFO - [2022-08-05 18:42:35,683] {dag.py:2371} INFO - Sync 1 DAGs
[2022-08-05 18:42:35,798] {logging_mixin.py:115} INFO - [2022-08-05 18:42:35,798] {dag.py:2919} INFO - Setting next_dagrun for example_sla_dag to 2022-08-05T18:40:00+00:00, run_after=2022-08-05T18:42:00+00:00
[2022-08-05 18:42:35,808] {processor.py:161} INFO - Processing /home/airflow/.local/lib/python3.7/site-packages/airflow/example_dags/example_sla_dag.py took 0.157 seconds
[2022-08-05 18:43:06,309] {processor.py:153} INFO - Started process (PID=669) to work on /home/airflow/.local/lib/python3.7/site-packages/airflow/example_dags/example_sla_dag.py
[2022-08-05 18:43:06,310] {processor.py:641} INFO - Processing file /home/airflow/.local/lib/python3.7/site-packages/airflow/example_dags/example_sla_dag.py for tasks to queue
[2022-08-05 18:43:06,312] {logging_mixin.py:115} INFO - [2022-08-05 18:43:06,311] {dagbag.py:507} INFO - Filling up the DagBag from /home/airflow/.local/lib/python3.7/site-packages/airflow/example_dags/example_sla_dag.py
[2022-08-05 18:43:06,322] {processor.py:651} INFO - DAG(s) dict_keys(['example_sla_dag']) retrieved from /home/airflow/.local/lib/python3.7/site-packages/airflow/example_dags/example_sla_dag.py
[2022-08-05 18:43:06,342] {logging_mixin.py:115} INFO - [2022-08-05 18:43:06,342] {dag.py:2371} INFO - Sync 1 DAGs
[2022-08-05 18:43:06,431] {logging_mixin.py:115} INFO - [2022-08-05 18:43:06,431] {dag.py:2919} INFO - Setting next_dagrun for example_sla_dag to 2022-08-05T18:40:00+00:00, run_after=2022-08-05T18:42:00+00:00
[2022-08-05 18:43:06,438] {processor.py:161} INFO - Processing /home/airflow/.local/lib/python3.7/site-packages/airflow/example_dags/example_sla_dag.py took 0.131 seconds
[2022-08-05 18:43:36,517] {processor.py:153} INFO - Started process (PID=731) to work on /home/airflow/.local/lib/python3.7/site-packages/airflow/example_dags/example_sla_dag.py
[2022-08-05 18:43:36,519] {processor.py:641} INFO - Processing file /home/airflow/.local/lib/python3.7/site-packages/airflow/example_dags/example_sla_dag.py for tasks to queue
[2022-08-05 18:43:36,520] {logging_mixin.py:115} INFO - [2022-08-05 18:43:36,520] {dagbag.py:507} INFO - Filling up the DagBag from /home/airflow/.local/lib/python3.7/site-packages/airflow/example_dags/example_sla_dag.py
[2022-08-05 18:43:36,533] {processor.py:651} INFO - DAG(s) dict_keys(['example_sla_dag']) retrieved from /home/airflow/.local/lib/python3.7/site-packages/airflow/example_dags/example_sla_dag.py
[2022-08-05 18:43:36,551] {logging_mixin.py:115} INFO - [2022-08-05 18:43:36,551] {dag.py:2371} INFO - Sync 1 DAGs
[2022-08-05 18:43:36,639] {logging_mixin.py:115} INFO - [2022-08-05 18:43:36,639] {dag.py:2919} INFO - Setting next_dagrun for example_sla_dag to 2022-08-05T18:40:00+00:00, run_after=2022-08-05T18:42:00+00:00
[2022-08-05 18:43:36,647] {processor.py:161} INFO - Processing /home/airflow/.local/lib/python3.7/site-packages/airflow/example_dags/example_sla_dag.py took 0.133 seconds
[2022-08-05 18:44:06,724] {processor.py:153} INFO - Started process (PID=793) to work on /home/airflow/.local/lib/python3.7/site-packages/airflow/example_dags/example_sla_dag.py
[2022-08-05 18:44:06,725] {processor.py:641} INFO - Processing file /home/airflow/.local/lib/python3.7/site-packages/airflow/example_dags/example_sla_dag.py for tasks to queue
[2022-08-05 18:44:06,727] {logging_mixin.py:115} INFO - [2022-08-05 18:44:06,727] {dagbag.py:507} INFO - Filling up the DagBag from /home/airflow/.local/lib/python3.7/site-packages/airflow/example_dags/example_sla_dag.py
[2022-08-05 18:44:06,738] {processor.py:651} INFO - DAG(s) dict_keys(['example_sla_dag']) retrieved from /home/airflow/.local/lib/python3.7/site-packages/airflow/example_dags/example_sla_dag.py
[2022-08-05 18:44:06,756] {logging_mixin.py:115} INFO - [2022-08-05 18:44:06,756] {dag.py:2371} INFO - Sync 1 DAGs
[2022-08-05 18:44:06,851] {logging_mixin.py:115} INFO - [2022-08-05 18:44:06,851] {dag.py:2919} INFO - Setting next_dagrun for example_sla_dag to 2022-08-05T18:42:00+00:00, run_after=2022-08-05T18:44:00+00:00
[2022-08-05 18:44:06,859] {processor.py:161} INFO - Processing /home/airflow/.local/lib/python3.7/site-packages/airflow/example_dags/example_sla_dag.py took 0.137 seconds
[2022-08-05 18:44:36,975] {processor.py:153} INFO - Started process (PID=847) to work on /home/airflow/.local/lib/python3.7/site-packages/airflow/example_dags/example_sla_dag.py
[2022-08-05 18:44:36,977] {processor.py:641} INFO - Processing file /home/airflow/.local/lib/python3.7/site-packages/airflow/example_dags/example_sla_dag.py for tasks to queue
[2022-08-05 18:44:36,978] {logging_mixin.py:115} INFO - [2022-08-05 18:44:36,978] {dagbag.py:507} INFO - Filling up the DagBag from /home/airflow/.local/lib/python3.7/site-packages/airflow/example_dags/example_sla_dag.py
[2022-08-05 18:44:36,989] {processor.py:651} INFO - DAG(s) dict_keys(['example_sla_dag']) retrieved from /home/airflow/.local/lib/python3.7/site-packages/airflow/example_dags/example_sla_dag.py
[2022-08-05 18:44:37,011] {logging_mixin.py:115} INFO - [2022-08-05 18:44:37,011] {dag.py:2371} INFO - Sync 1 DAGs
[2022-08-05 18:44:37,107] {logging_mixin.py:115} INFO - [2022-08-05 18:44:37,107] {dag.py:2919} INFO - Setting next_dagrun for example_sla_dag to 2022-08-05T18:42:00+00:00, run_after=2022-08-05T18:44:00+00:00
[2022-08-05 18:44:37,114] {processor.py:161} INFO - Processing /home/airflow/.local/lib/python3.7/site-packages/airflow/example_dags/example_sla_dag.py took 0.142 seconds
[2022-08-05 18:45:08,049] {processor.py:153} INFO - Started process (PID=910) to work on /home/airflow/.local/lib/python3.7/site-packages/airflow/example_dags/example_sla_dag.py
[2022-08-05 18:45:08,051] {processor.py:641} INFO - Processing file /home/airflow/.local/lib/python3.7/site-packages/airflow/example_dags/example_sla_dag.py for tasks to queue
[2022-08-05 18:45:08,052] {logging_mixin.py:115} INFO - [2022-08-05 18:45:08,051] {dagbag.py:507} INFO - Filling up the DagBag from /home/airflow/.local/lib/python3.7/site-packages/airflow/example_dags/example_sla_dag.py
[2022-08-05 18:45:08,062] {processor.py:651} INFO - DAG(s) dict_keys(['example_sla_dag']) retrieved from /home/airflow/.local/lib/python3.7/site-packages/airflow/example_dags/example_sla_dag.py
[2022-08-05 18:45:08,080] {logging_mixin.py:115} INFO - [2022-08-05 18:45:08,080] {dag.py:2371} INFO - Sync 1 DAGs
[2022-08-05 18:45:08,169] {logging_mixin.py:115} INFO - [2022-08-05 18:45:08,169] {dag.py:2919} INFO - Setting next_dagrun for example_sla_dag to 2022-08-05T18:42:00+00:00, run_after=2022-08-05T18:44:00+00:00
[2022-08-05 18:45:08,177] {processor.py:161} INFO - Processing /home/airflow/.local/lib/python3.7/site-packages/airflow/example_dags/example_sla_dag.py took 0.129 seconds
[2022-08-05 18:45:39,020] {processor.py:153} INFO - Started process (PID=971) to work on /home/airflow/.local/lib/python3.7/site-packages/airflow/example_dags/example_sla_dag.py
[2022-08-05 18:45:39,021] {processor.py:641} INFO - Processing file /home/airflow/.local/lib/python3.7/site-packages/airflow/example_dags/example_sla_dag.py for tasks to queue
[2022-08-05 18:45:39,022] {logging_mixin.py:115} INFO - [2022-08-05 18:45:39,022] {dagbag.py:507} INFO - Filling up the DagBag from /home/airflow/.local/lib/python3.7/site-packages/airflow/example_dags/example_sla_dag.py
[2022-08-05 18:45:39,032] {processor.py:651} INFO - DAG(s) dict_keys(['example_sla_dag']) retrieved from /home/airflow/.local/lib/python3.7/site-packages/airflow/example_dags/example_sla_dag.py
[2022-08-05 18:45:39,048] {logging_mixin.py:115} INFO - [2022-08-05 18:45:39,048] {dag.py:2371} INFO - Sync 1 DAGs
[2022-08-05 18:45:39,122] {logging_mixin.py:115} INFO - [2022-08-05 18:45:39,122] {dag.py:2919} INFO - Setting next_dagrun for example_sla_dag to 2022-08-05T18:42:00+00:00, run_after=2022-08-05T18:44:00+00:00
[2022-08-05 18:45:39,128] {processor.py:161} INFO - Processing /home/airflow/.local/lib/python3.7/site-packages/airflow/example_dags/example_sla_dag.py took 0.110 seconds
[2022-08-05 18:46:09,888] {processor.py:153} INFO - Started process (PID=1033) to work on /home/airflow/.local/lib/python3.7/site-packages/airflow/example_dags/example_sla_dag.py
[2022-08-05 18:46:09,889] {processor.py:641} INFO - Processing file /home/airflow/.local/lib/python3.7/site-packages/airflow/example_dags/example_sla_dag.py for tasks to queue
[2022-08-05 18:46:09,891] {logging_mixin.py:115} INFO - [2022-08-05 18:46:09,891] {dagbag.py:507} INFO - Filling up the DagBag from /home/airflow/.local/lib/python3.7/site-packages/airflow/example_dags/example_sla_dag.py
[2022-08-05 18:46:09,901] {processor.py:651} INFO - DAG(s) dict_keys(['example_sla_dag']) retrieved from /home/airflow/.local/lib/python3.7/site-packages/airflow/example_dags/example_sla_dag.py
[2022-08-05 18:46:09,919] {logging_mixin.py:115} INFO - [2022-08-05 18:46:09,919] {dag.py:2371} INFO - Sync 1 DAGs
[2022-08-05 18:46:10,007] {logging_mixin.py:115} INFO - [2022-08-05 18:46:10,007] {dag.py:2919} INFO - Setting next_dagrun for example_sla_dag to 2022-08-05T18:44:00+00:00, run_after=2022-08-05T18:46:00+00:00
[2022-08-05 18:46:10,014] {processor.py:161} INFO - Processing /home/airflow/.local/lib/python3.7/site-packages/airflow/example_dags/example_sla_dag.py took 0.128 seconds
[2022-08-05 18:46:40,734] {processor.py:153} INFO - Started process (PID=1096) to work on /home/airflow/.local/lib/python3.7/site-packages/airflow/example_dags/example_sla_dag.py
[2022-08-05 18:46:40,735] {processor.py:641} INFO - Processing file /home/airflow/.local/lib/python3.7/site-packages/airflow/example_dags/example_sla_dag.py for tasks to queue
[2022-08-05 18:46:40,736] {logging_mixin.py:115} INFO - [2022-08-05 18:46:40,736] {dagbag.py:507} INFO - Filling up the DagBag from /home/airflow/.local/lib/python3.7/site-packages/airflow/example_dags/example_sla_dag.py
[2022-08-05 18:46:40,747] {processor.py:651} INFO - DAG(s) dict_keys(['example_sla_dag']) retrieved from /home/airflow/.local/lib/python3.7/site-packages/airflow/example_dags/example_sla_dag.py
[2022-08-05 18:46:40,768] {logging_mixin.py:115} INFO - [2022-08-05 18:46:40,768] {dag.py:2371} INFO - Sync 1 DAGs
[2022-08-05 18:46:40,864] {logging_mixin.py:115} INFO - [2022-08-05 18:46:40,864] {dag.py:2919} INFO - Setting next_dagrun for example_sla_dag to 2022-08-05T18:44:00+00:00, run_after=2022-08-05T18:46:00+00:00
[2022-08-05 18:46:40,872] {processor.py:161} INFO - Processing /home/airflow/.local/lib/python3.7/site-packages/airflow/example_dags/example_sla_dag.py took 0.140 seconds
[2022-08-05 18:47:11,560] {processor.py:153} INFO - Started process (PID=1158) to work on /home/airflow/.local/lib/python3.7/site-packages/airflow/example_dags/example_sla_dag.py
[2022-08-05 18:47:11,561] {processor.py:641} INFO - Processing file /home/airflow/.local/lib/python3.7/site-packages/airflow/example_dags/example_sla_dag.py for tasks to queue
[2022-08-05 18:47:11,562] {logging_mixin.py:115} INFO - [2022-08-05 18:47:11,562] {dagbag.py:507} INFO - Filling up the DagBag from /home/airflow/.local/lib/python3.7/site-packages/airflow/example_dags/example_sla_dag.py
[2022-08-05 18:47:11,572] {processor.py:651} INFO - DAG(s) dict_keys(['example_sla_dag']) retrieved from /home/airflow/.local/lib/python3.7/site-packages/airflow/example_dags/example_sla_dag.py
[2022-08-05 18:47:11,594] {logging_mixin.py:115} INFO - [2022-08-05 18:47:11,594] {dag.py:2371} INFO - Sync 1 DAGs
[2022-08-05 18:47:11,681] {logging_mixin.py:115} INFO - [2022-08-05 18:47:11,681] {dag.py:2919} INFO - Setting next_dagrun for example_sla_dag to 2022-08-05T18:44:00+00:00, run_after=2022-08-05T18:46:00+00:00
[2022-08-05 18:47:11,689] {processor.py:161} INFO - Processing /home/airflow/.local/lib/python3.7/site-packages/airflow/example_dags/example_sla_dag.py took 0.131 seconds
[2022-08-05 18:47:42,490] {processor.py:153} INFO - Started process (PID=1221) to work on /home/airflow/.local/lib/python3.7/site-packages/airflow/example_dags/example_sla_dag.py
[2022-08-05 18:47:42,492] {processor.py:641} INFO - Processing file /home/airflow/.local/lib/python3.7/site-packages/airflow/example_dags/example_sla_dag.py for tasks to queue
[2022-08-05 18:47:42,492] {logging_mixin.py:115} INFO - [2022-08-05 18:47:42,492] {dagbag.py:507} INFO - Filling up the DagBag from /home/airflow/.local/lib/python3.7/site-packages/airflow/example_dags/example_sla_dag.py
[2022-08-05 18:47:42,503] {processor.py:651} INFO - DAG(s) dict_keys(['example_sla_dag']) retrieved from /home/airflow/.local/lib/python3.7/site-packages/airflow/example_dags/example_sla_dag.py
[2022-08-05 18:47:42,523] {logging_mixin.py:115} INFO - [2022-08-05 18:47:42,523] {dag.py:2371} INFO - Sync 1 DAGs
[2022-08-05 18:47:42,611] {logging_mixin.py:115} INFO - [2022-08-05 18:47:42,611] {dag.py:2919} INFO - Setting next_dagrun for example_sla_dag to 2022-08-05T18:44:00+00:00, run_after=2022-08-05T18:46:00+00:00
[2022-08-05 18:47:42,618] {processor.py:161} INFO - Processing /home/airflow/.local/lib/python3.7/site-packages/airflow/example_dags/example_sla_dag.py took 0.130 seconds
[2022-08-05 18:48:13,337] {processor.py:153} INFO - Started process (PID=1283) to work on /home/airflow/.local/lib/python3.7/site-packages/airflow/example_dags/example_sla_dag.py
[2022-08-05 18:48:13,340] {processor.py:641} INFO - Processing file /home/airflow/.local/lib/python3.7/site-packages/airflow/example_dags/example_sla_dag.py for tasks to queue
[2022-08-05 18:48:13,344] {logging_mixin.py:115} INFO - [2022-08-05 18:48:13,344] {dagbag.py:507} INFO - Filling up the DagBag from /home/airflow/.local/lib/python3.7/site-packages/airflow/example_dags/example_sla_dag.py
[2022-08-05 18:48:13,361] {processor.py:651} INFO - DAG(s) dict_keys(['example_sla_dag']) retrieved from /home/airflow/.local/lib/python3.7/site-packages/airflow/example_dags/example_sla_dag.py
[2022-08-05 18:48:13,451] {logging_mixin.py:115} INFO - [2022-08-05 18:48:13,451] {dag.py:2371} INFO - Sync 1 DAGs
[2022-08-05 18:48:13,465] {logging_mixin.py:115} INFO - [2022-08-05 18:48:13,465] {dag.py:2919} INFO - Setting next_dagrun for example_sla_dag to 2022-08-05T18:46:00+00:00, run_after=2022-08-05T18:48:00+00:00
[2022-08-05 18:48:13,471] {processor.py:161} INFO - Processing /home/airflow/.local/lib/python3.7/site-packages/airflow/example_dags/example_sla_dag.py took 0.137 seconds
[2022-08-05 18:48:44,216] {processor.py:153} INFO - Started process (PID=1346) to work on /home/airflow/.local/lib/python3.7/site-packages/airflow/example_dags/example_sla_dag.py
[2022-08-05 18:48:44,218] {processor.py:641} INFO - Processing file /home/airflow/.local/lib/python3.7/site-packages/airflow/example_dags/example_sla_dag.py for tasks to queue
[2022-08-05 18:48:44,220] {logging_mixin.py:115} INFO - [2022-08-05 18:48:44,220] {dagbag.py:507} INFO - Filling up the DagBag from /home/airflow/.local/lib/python3.7/site-packages/airflow/example_dags/example_sla_dag.py
[2022-08-05 18:48:44,232] {processor.py:651} INFO - DAG(s) dict_keys(['example_sla_dag']) retrieved from /home/airflow/.local/lib/python3.7/site-packages/airflow/example_dags/example_sla_dag.py
[2022-08-05 18:48:44,329] {logging_mixin.py:115} INFO - [2022-08-05 18:48:44,329] {dag.py:2371} INFO - Sync 1 DAGs
[2022-08-05 18:48:44,341] {logging_mixin.py:115} INFO - [2022-08-05 18:48:44,341] {dag.py:2919} INFO - Setting next_dagrun for example_sla_dag to 2022-08-05T18:46:00+00:00, run_after=2022-08-05T18:48:00+00:00
[2022-08-05 18:48:44,348] {processor.py:161} INFO - Processing /home/airflow/.local/lib/python3.7/site-packages/airflow/example_dags/example_sla_dag.py took 0.134 seconds
[2022-08-05 18:49:15,121] {processor.py:153} INFO - Started process (PID=1399) to work on /home/airflow/.local/lib/python3.7/site-packages/airflow/example_dags/example_sla_dag.py
[2022-08-05 18:49:15,122] {processor.py:641} INFO - Processing file /home/airflow/.local/lib/python3.7/site-packages/airflow/example_dags/example_sla_dag.py for tasks to queue
[2022-08-05 18:49:15,123] {logging_mixin.py:115} INFO - [2022-08-05 18:49:15,123] {dagbag.py:507} INFO - Filling up the DagBag from /home/airflow/.local/lib/python3.7/site-packages/airflow/example_dags/example_sla_dag.py
[2022-08-05 18:49:15,134] {processor.py:651} INFO - DAG(s) dict_keys(['example_sla_dag']) retrieved from /home/airflow/.local/lib/python3.7/site-packages/airflow/example_dags/example_sla_dag.py
[2022-08-05 18:49:15,234] {logging_mixin.py:115} INFO - [2022-08-05 18:49:15,234] {dag.py:2371} INFO - Sync 1 DAGs
[2022-08-05 18:49:15,250] {logging_mixin.py:115} INFO - [2022-08-05 18:49:15,250] {dag.py:2919} INFO - Setting next_dagrun for example_sla_dag to 2022-08-05T18:46:00+00:00, run_after=2022-08-05T18:48:00+00:00
[2022-08-05 18:49:15,258] {processor.py:161} INFO - Processing /home/airflow/.local/lib/python3.7/site-packages/airflow/example_dags/example_sla_dag.py took 0.140 seconds
[2022-08-05 18:49:46,080] {processor.py:153} INFO - Started process (PID=1461) to work on /home/airflow/.local/lib/python3.7/site-packages/airflow/example_dags/example_sla_dag.py
[2022-08-05 18:49:46,081] {processor.py:641} INFO - Processing file /home/airflow/.local/lib/python3.7/site-packages/airflow/example_dags/example_sla_dag.py for tasks to queue
[2022-08-05 18:49:46,082] {logging_mixin.py:115} INFO - [2022-08-05 18:49:46,082] {dagbag.py:507} INFO - Filling up the DagBag from /home/airflow/.local/lib/python3.7/site-packages/airflow/example_dags/example_sla_dag.py
[2022-08-05 18:49:46,095] {processor.py:651} INFO - DAG(s) dict_keys(['example_sla_dag']) retrieved from /home/airflow/.local/lib/python3.7/site-packages/airflow/example_dags/example_sla_dag.py
[2022-08-05 18:49:46,191] {logging_mixin.py:115} INFO - [2022-08-05 18:49:46,191] {dag.py:2371} INFO - Sync 1 DAGs
[2022-08-05 18:49:46,204] {logging_mixin.py:115} INFO - [2022-08-05 18:49:46,204] {dag.py:2919} INFO - Setting next_dagrun for example_sla_dag to 2022-08-05T18:46:00+00:00, run_after=2022-08-05T18:48:00+00:00
[2022-08-05 18:49:46,211] {processor.py:161} INFO - Processing /home/airflow/.local/lib/python3.7/site-packages/airflow/example_dags/example_sla_dag.py took 0.135 seconds
[2022-08-05 18:50:16,811] {processor.py:153} INFO - Started process (PID=1524) to work on /home/airflow/.local/lib/python3.7/site-packages/airflow/example_dags/example_sla_dag.py
[2022-08-05 18:50:16,812] {processor.py:641} INFO - Processing file /home/airflow/.local/lib/python3.7/site-packages/airflow/example_dags/example_sla_dag.py for tasks to queue
[2022-08-05 18:50:16,813] {logging_mixin.py:115} INFO - [2022-08-05 18:50:16,813] {dagbag.py:507} INFO - Filling up the DagBag from /home/airflow/.local/lib/python3.7/site-packages/airflow/example_dags/example_sla_dag.py
[2022-08-05 18:50:16,824] {processor.py:651} INFO - DAG(s) dict_keys(['example_sla_dag']) retrieved from /home/airflow/.local/lib/python3.7/site-packages/airflow/example_dags/example_sla_dag.py
[2022-08-05 18:50:16,918] {logging_mixin.py:115} INFO - [2022-08-05 18:50:16,918] {dag.py:2371} INFO - Sync 1 DAGs
[2022-08-05 18:50:16,933] {logging_mixin.py:115} INFO - [2022-08-05 18:50:16,933] {dag.py:2919} INFO - Setting next_dagrun for example_sla_dag to 2022-08-05T18:48:00+00:00, run_after=2022-08-05T18:50:00+00:00
[2022-08-05 18:50:16,941] {processor.py:161} INFO - Processing /home/airflow/.local/lib/python3.7/site-packages/airflow/example_dags/example_sla_dag.py took 0.133 seconds
[2022-08-05 18:50:47,521] {processor.py:153} INFO - Started process (PID=1587) to work on /home/airflow/.local/lib/python3.7/site-packages/airflow/example_dags/example_sla_dag.py
[2022-08-05 18:50:47,523] {processor.py:641} INFO - Processing file /home/airflow/.local/lib/python3.7/site-packages/airflow/example_dags/example_sla_dag.py for tasks to queue
[2022-08-05 18:50:47,524] {logging_mixin.py:115} INFO - [2022-08-05 18:50:47,524] {dagbag.py:507} INFO - Filling up the DagBag from /home/airflow/.local/lib/python3.7/site-packages/airflow/example_dags/example_sla_dag.py
[2022-08-05 18:50:47,539] {processor.py:651} INFO - DAG(s) dict_keys(['example_sla_dag']) retrieved from /home/airflow/.local/lib/python3.7/site-packages/airflow/example_dags/example_sla_dag.py
[2022-08-05 18:50:47,630] {logging_mixin.py:115} INFO - [2022-08-05 18:50:47,630] {dag.py:2371} INFO - Sync 1 DAGs
[2022-08-05 18:50:47,644] {logging_mixin.py:115} INFO - [2022-08-05 18:50:47,644] {dag.py:2919} INFO - Setting next_dagrun for example_sla_dag to 2022-08-05T18:48:00+00:00, run_after=2022-08-05T18:50:00+00:00
[2022-08-05 18:50:47,650] {processor.py:161} INFO - Processing /home/airflow/.local/lib/python3.7/site-packages/airflow/example_dags/example_sla_dag.py took 0.133 seconds
[2022-08-05 18:51:18,319] {processor.py:153} INFO - Started process (PID=1649) to work on /home/airflow/.local/lib/python3.7/site-packages/airflow/example_dags/example_sla_dag.py
[2022-08-05 18:51:18,321] {processor.py:641} INFO - Processing file /home/airflow/.local/lib/python3.7/site-packages/airflow/example_dags/example_sla_dag.py for tasks to queue
[2022-08-05 18:51:18,322] {logging_mixin.py:115} INFO - [2022-08-05 18:51:18,322] {dagbag.py:507} INFO - Filling up the DagBag from /home/airflow/.local/lib/python3.7/site-packages/airflow/example_dags/example_sla_dag.py
[2022-08-05 18:51:18,335] {processor.py:651} INFO - DAG(s) dict_keys(['example_sla_dag']) retrieved from /home/airflow/.local/lib/python3.7/site-packages/airflow/example_dags/example_sla_dag.py
[2022-08-05 18:51:18,426] {logging_mixin.py:115} INFO - [2022-08-05 18:51:18,426] {dag.py:2371} INFO - Sync 1 DAGs
[2022-08-05 18:51:18,441] {logging_mixin.py:115} INFO - [2022-08-05 18:51:18,441] {dag.py:2919} INFO - Setting next_dagrun for example_sla_dag to 2022-08-05T18:48:00+00:00, run_after=2022-08-05T18:50:00+00:00
[2022-08-05 18:51:18,447] {processor.py:161} INFO - Processing /home/airflow/.local/lib/python3.7/site-packages/airflow/example_dags/example_sla_dag.py took 0.131 seconds
[2022-08-05 18:51:49,439] {processor.py:153} INFO - Started process (PID=1711) to work on /home/airflow/.local/lib/python3.7/site-packages/airflow/example_dags/example_sla_dag.py
[2022-08-05 18:51:49,440] {processor.py:641} INFO - Processing file /home/airflow/.local/lib/python3.7/site-packages/airflow/example_dags/example_sla_dag.py for tasks to queue
[2022-08-05 18:51:49,441] {logging_mixin.py:115} INFO - [2022-08-05 18:51:49,441] {dagbag.py:507} INFO - Filling up the DagBag from /home/airflow/.local/lib/python3.7/site-packages/airflow/example_dags/example_sla_dag.py
[2022-08-05 18:51:49,454] {processor.py:651} INFO - DAG(s) dict_keys(['example_sla_dag']) retrieved from /home/airflow/.local/lib/python3.7/site-packages/airflow/example_dags/example_sla_dag.py
[2022-08-05 18:51:49,545] {logging_mixin.py:115} INFO - [2022-08-05 18:51:49,545] {dag.py:2371} INFO - Sync 1 DAGs
[2022-08-05 18:51:49,558] {logging_mixin.py:115} INFO - [2022-08-05 18:51:49,558] {dag.py:2919} INFO - Setting next_dagrun for example_sla_dag to 2022-08-05T18:48:00+00:00, run_after=2022-08-05T18:50:00+00:00
[2022-08-05 18:51:49,564] {processor.py:161} INFO - Processing /home/airflow/.local/lib/python3.7/site-packages/airflow/example_dags/example_sla_dag.py took 0.128 seconds
[2022-08-05 18:52:20,258] {processor.py:153} INFO - Started process (PID=1773) to work on /home/airflow/.local/lib/python3.7/site-packages/airflow/example_dags/example_sla_dag.py
[2022-08-05 18:52:20,259] {processor.py:641} INFO - Processing file /home/airflow/.local/lib/python3.7/site-packages/airflow/example_dags/example_sla_dag.py for tasks to queue
[2022-08-05 18:52:20,260] {logging_mixin.py:115} INFO - [2022-08-05 18:52:20,260] {dagbag.py:507} INFO - Filling up the DagBag from /home/airflow/.local/lib/python3.7/site-packages/airflow/example_dags/example_sla_dag.py
[2022-08-05 18:52:20,269] {processor.py:651} INFO - DAG(s) dict_keys(['example_sla_dag']) retrieved from /home/airflow/.local/lib/python3.7/site-packages/airflow/example_dags/example_sla_dag.py
[2022-08-05 18:52:20,360] {logging_mixin.py:115} INFO - [2022-08-05 18:52:20,360] {dag.py:2371} INFO - Sync 1 DAGs
[2022-08-05 18:52:20,372] {logging_mixin.py:115} INFO - [2022-08-05 18:52:20,372] {dag.py:2919} INFO - Setting next_dagrun for example_sla_dag to 2022-08-05T18:50:00+00:00, run_after=2022-08-05T18:52:00+00:00
[2022-08-05 18:52:20,379] {processor.py:161} INFO - Processing /home/airflow/.local/lib/python3.7/site-packages/airflow/example_dags/example_sla_dag.py took 0.122 seconds
[2022-08-05 18:52:50,961] {processor.py:153} INFO - Started process (PID=1835) to work on /home/airflow/.local/lib/python3.7/site-packages/airflow/example_dags/example_sla_dag.py
[2022-08-05 18:52:50,962] {processor.py:641} INFO - Processing file /home/airflow/.local/lib/python3.7/site-packages/airflow/example_dags/example_sla_dag.py for tasks to queue
[2022-08-05 18:52:50,964] {logging_mixin.py:115} INFO - [2022-08-05 18:52:50,964] {dagbag.py:507} INFO - Filling up the DagBag from /home/airflow/.local/lib/python3.7/site-packages/airflow/example_dags/example_sla_dag.py
[2022-08-05 18:52:50,974] {processor.py:651} INFO - DAG(s) dict_keys(['example_sla_dag']) retrieved from /home/airflow/.local/lib/python3.7/site-packages/airflow/example_dags/example_sla_dag.py
[2022-08-05 18:52:51,064] {logging_mixin.py:115} INFO - [2022-08-05 18:52:51,064] {dag.py:2371} INFO - Sync 1 DAGs
[2022-08-05 18:52:51,078] {logging_mixin.py:115} INFO - [2022-08-05 18:52:51,078] {dag.py:2919} INFO - Setting next_dagrun for example_sla_dag to 2022-08-05T18:50:00+00:00, run_after=2022-08-05T18:52:00+00:00
[2022-08-05 18:52:51,085] {processor.py:161} INFO - Processing /home/airflow/.local/lib/python3.7/site-packages/airflow/example_dags/example_sla_dag.py took 0.126 seconds
[2022-08-05 18:53:21,940] {processor.py:153} INFO - Started process (PID=1888) to work on /home/airflow/.local/lib/python3.7/site-packages/airflow/example_dags/example_sla_dag.py
[2022-08-05 18:53:21,942] {processor.py:641} INFO - Processing file /home/airflow/.local/lib/python3.7/site-packages/airflow/example_dags/example_sla_dag.py for tasks to queue
[2022-08-05 18:53:21,943] {logging_mixin.py:115} INFO - [2022-08-05 18:53:21,943] {dagbag.py:507} INFO - Filling up the DagBag from /home/airflow/.local/lib/python3.7/site-packages/airflow/example_dags/example_sla_dag.py
[2022-08-05 18:53:21,956] {processor.py:651} INFO - DAG(s) dict_keys(['example_sla_dag']) retrieved from /home/airflow/.local/lib/python3.7/site-packages/airflow/example_dags/example_sla_dag.py
[2022-08-05 18:53:22,061] {logging_mixin.py:115} INFO - [2022-08-05 18:53:22,061] {dag.py:2371} INFO - Sync 1 DAGs
[2022-08-05 18:53:22,076] {logging_mixin.py:115} INFO - [2022-08-05 18:53:22,076] {dag.py:2919} INFO - Setting next_dagrun for example_sla_dag to 2022-08-05T18:50:00+00:00, run_after=2022-08-05T18:52:00+00:00
[2022-08-05 18:53:22,084] {processor.py:161} INFO - Processing /home/airflow/.local/lib/python3.7/site-packages/airflow/example_dags/example_sla_dag.py took 0.149 seconds
[2022-08-05 18:53:52,685] {processor.py:153} INFO - Started process (PID=1950) to work on /home/airflow/.local/lib/python3.7/site-packages/airflow/example_dags/example_sla_dag.py
[2022-08-05 18:53:52,686] {processor.py:641} INFO - Processing file /home/airflow/.local/lib/python3.7/site-packages/airflow/example_dags/example_sla_dag.py for tasks to queue
[2022-08-05 18:53:52,687] {logging_mixin.py:115} INFO - [2022-08-05 18:53:52,687] {dagbag.py:507} INFO - Filling up the DagBag from /home/airflow/.local/lib/python3.7/site-packages/airflow/example_dags/example_sla_dag.py
[2022-08-05 18:53:52,699] {processor.py:651} INFO - DAG(s) dict_keys(['example_sla_dag']) retrieved from /home/airflow/.local/lib/python3.7/site-packages/airflow/example_dags/example_sla_dag.py
[2022-08-05 18:53:52,789] {logging_mixin.py:115} INFO - [2022-08-05 18:53:52,789] {dag.py:2371} INFO - Sync 1 DAGs
[2022-08-05 18:53:52,800] {logging_mixin.py:115} INFO - [2022-08-05 18:53:52,800] {dag.py:2919} INFO - Setting next_dagrun for example_sla_dag to 2022-08-05T18:50:00+00:00, run_after=2022-08-05T18:52:00+00:00
[2022-08-05 18:53:52,807] {processor.py:161} INFO - Processing /home/airflow/.local/lib/python3.7/site-packages/airflow/example_dags/example_sla_dag.py took 0.123 seconds
[2022-08-05 18:54:23,605] {processor.py:153} INFO - Started process (PID=2012) to work on /home/airflow/.local/lib/python3.7/site-packages/airflow/example_dags/example_sla_dag.py
[2022-08-05 18:54:23,607] {processor.py:641} INFO - Processing file /home/airflow/.local/lib/python3.7/site-packages/airflow/example_dags/example_sla_dag.py for tasks to queue
[2022-08-05 18:54:23,608] {logging_mixin.py:115} INFO - [2022-08-05 18:54:23,608] {dagbag.py:507} INFO - Filling up the DagBag from /home/airflow/.local/lib/python3.7/site-packages/airflow/example_dags/example_sla_dag.py
[2022-08-05 18:54:23,622] {processor.py:651} INFO - DAG(s) dict_keys(['example_sla_dag']) retrieved from /home/airflow/.local/lib/python3.7/site-packages/airflow/example_dags/example_sla_dag.py
[2022-08-05 18:54:23,712] {logging_mixin.py:115} INFO - [2022-08-05 18:54:23,712] {dag.py:2371} INFO - Sync 1 DAGs
[2022-08-05 18:54:23,726] {logging_mixin.py:115} INFO - [2022-08-05 18:54:23,726] {dag.py:2919} INFO - Setting next_dagrun for example_sla_dag to 2022-08-05T18:52:00+00:00, run_after=2022-08-05T18:54:00+00:00
[2022-08-05 18:54:23,733] {processor.py:161} INFO - Processing /home/airflow/.local/lib/python3.7/site-packages/airflow/example_dags/example_sla_dag.py took 0.130 seconds
[2022-08-05 18:54:54,494] {processor.py:153} INFO - Started process (PID=2074) to work on /home/airflow/.local/lib/python3.7/site-packages/airflow/example_dags/example_sla_dag.py
[2022-08-05 18:54:54,495] {processor.py:641} INFO - Processing file /home/airflow/.local/lib/python3.7/site-packages/airflow/example_dags/example_sla_dag.py for tasks to queue
[2022-08-05 18:54:54,496] {logging_mixin.py:115} INFO - [2022-08-05 18:54:54,496] {dagbag.py:507} INFO - Filling up the DagBag from /home/airflow/.local/lib/python3.7/site-packages/airflow/example_dags/example_sla_dag.py
[2022-08-05 18:54:54,507] {processor.py:651} INFO - DAG(s) dict_keys(['example_sla_dag']) retrieved from /home/airflow/.local/lib/python3.7/site-packages/airflow/example_dags/example_sla_dag.py
[2022-08-05 18:54:54,586] {logging_mixin.py:115} INFO - [2022-08-05 18:54:54,586] {dag.py:2371} INFO - Sync 1 DAGs
[2022-08-05 18:54:54,597] {logging_mixin.py:115} INFO - [2022-08-05 18:54:54,597] {dag.py:2919} INFO - Setting next_dagrun for example_sla_dag to 2022-08-05T18:52:00+00:00, run_after=2022-08-05T18:54:00+00:00
[2022-08-05 18:54:54,602] {processor.py:161} INFO - Processing /home/airflow/.local/lib/python3.7/site-packages/airflow/example_dags/example_sla_dag.py took 0.111 seconds
[2022-08-05 18:55:25,365] {processor.py:153} INFO - Started process (PID=2137) to work on /home/airflow/.local/lib/python3.7/site-packages/airflow/example_dags/example_sla_dag.py
[2022-08-05 18:55:25,366] {processor.py:641} INFO - Processing file /home/airflow/.local/lib/python3.7/site-packages/airflow/example_dags/example_sla_dag.py for tasks to queue
[2022-08-05 18:55:25,367] {logging_mixin.py:115} INFO - [2022-08-05 18:55:25,367] {dagbag.py:507} INFO - Filling up the DagBag from /home/airflow/.local/lib/python3.7/site-packages/airflow/example_dags/example_sla_dag.py
[2022-08-05 18:55:25,379] {processor.py:651} INFO - DAG(s) dict_keys(['example_sla_dag']) retrieved from /home/airflow/.local/lib/python3.7/site-packages/airflow/example_dags/example_sla_dag.py
[2022-08-05 18:55:25,465] {logging_mixin.py:115} INFO - [2022-08-05 18:55:25,465] {dag.py:2371} INFO - Sync 1 DAGs
[2022-08-05 18:55:25,477] {logging_mixin.py:115} INFO - [2022-08-05 18:55:25,477] {dag.py:2919} INFO - Setting next_dagrun for example_sla_dag to 2022-08-05T18:52:00+00:00, run_after=2022-08-05T18:54:00+00:00
[2022-08-05 18:55:25,484] {processor.py:161} INFO - Processing /home/airflow/.local/lib/python3.7/site-packages/airflow/example_dags/example_sla_dag.py took 0.121 seconds
[2022-08-05 18:55:56,450] {processor.py:153} INFO - Started process (PID=2199) to work on /home/airflow/.local/lib/python3.7/site-packages/airflow/example_dags/example_sla_dag.py
[2022-08-05 18:55:56,451] {processor.py:641} INFO - Processing file /home/airflow/.local/lib/python3.7/site-packages/airflow/example_dags/example_sla_dag.py for tasks to queue
[2022-08-05 18:55:56,452] {logging_mixin.py:115} INFO - [2022-08-05 18:55:56,452] {dagbag.py:507} INFO - Filling up the DagBag from /home/airflow/.local/lib/python3.7/site-packages/airflow/example_dags/example_sla_dag.py
[2022-08-05 18:55:56,466] {processor.py:651} INFO - DAG(s) dict_keys(['example_sla_dag']) retrieved from /home/airflow/.local/lib/python3.7/site-packages/airflow/example_dags/example_sla_dag.py
[2022-08-05 18:55:56,559] {logging_mixin.py:115} INFO - [2022-08-05 18:55:56,559] {dag.py:2371} INFO - Sync 1 DAGs
[2022-08-05 18:55:56,573] {logging_mixin.py:115} INFO - [2022-08-05 18:55:56,572] {dag.py:2919} INFO - Setting next_dagrun for example_sla_dag to 2022-08-05T18:52:00+00:00, run_after=2022-08-05T18:54:00+00:00
[2022-08-05 18:55:56,581] {processor.py:161} INFO - Processing /home/airflow/.local/lib/python3.7/site-packages/airflow/example_dags/example_sla_dag.py took 0.136 seconds
[2022-08-05 18:56:27,439] {processor.py:153} INFO - Started process (PID=2261) to work on /home/airflow/.local/lib/python3.7/site-packages/airflow/example_dags/example_sla_dag.py
[2022-08-05 18:56:27,441] {processor.py:641} INFO - Processing file /home/airflow/.local/lib/python3.7/site-packages/airflow/example_dags/example_sla_dag.py for tasks to queue
[2022-08-05 18:56:27,441] {logging_mixin.py:115} INFO - [2022-08-05 18:56:27,441] {dagbag.py:507} INFO - Filling up the DagBag from /home/airflow/.local/lib/python3.7/site-packages/airflow/example_dags/example_sla_dag.py
[2022-08-05 18:56:27,454] {processor.py:651} INFO - DAG(s) dict_keys(['example_sla_dag']) retrieved from /home/airflow/.local/lib/python3.7/site-packages/airflow/example_dags/example_sla_dag.py
[2022-08-05 18:56:27,548] {logging_mixin.py:115} INFO - [2022-08-05 18:56:27,548] {dag.py:2371} INFO - Sync 1 DAGs
[2022-08-05 18:56:27,561] {logging_mixin.py:115} INFO - [2022-08-05 18:56:27,561] {dag.py:2919} INFO - Setting next_dagrun for example_sla_dag to 2022-08-05T18:54:00+00:00, run_after=2022-08-05T18:56:00+00:00
[2022-08-05 18:56:27,568] {processor.py:161} INFO - Processing /home/airflow/.local/lib/python3.7/site-packages/airflow/example_dags/example_sla_dag.py took 0.130 seconds
[2022-08-05 18:56:58,285] {processor.py:153} INFO - Started process (PID=2323) to work on /home/airflow/.local/lib/python3.7/site-packages/airflow/example_dags/example_sla_dag.py
[2022-08-05 18:56:58,286] {processor.py:641} INFO - Processing file /home/airflow/.local/lib/python3.7/site-packages/airflow/example_dags/example_sla_dag.py for tasks to queue
[2022-08-05 18:56:58,288] {logging_mixin.py:115} INFO - [2022-08-05 18:56:58,288] {dagbag.py:507} INFO - Filling up the DagBag from /home/airflow/.local/lib/python3.7/site-packages/airflow/example_dags/example_sla_dag.py
[2022-08-05 18:56:58,300] {processor.py:651} INFO - DAG(s) dict_keys(['example_sla_dag']) retrieved from /home/airflow/.local/lib/python3.7/site-packages/airflow/example_dags/example_sla_dag.py
[2022-08-05 18:56:58,398] {logging_mixin.py:115} INFO - [2022-08-05 18:56:58,398] {dag.py:2371} INFO - Sync 1 DAGs
[2022-08-05 18:56:58,412] {logging_mixin.py:115} INFO - [2022-08-05 18:56:58,412] {dag.py:2919} INFO - Setting next_dagrun for example_sla_dag to 2022-08-05T18:54:00+00:00, run_after=2022-08-05T18:56:00+00:00
[2022-08-05 18:56:58,419] {processor.py:161} INFO - Processing /home/airflow/.local/lib/python3.7/site-packages/airflow/example_dags/example_sla_dag.py took 0.137 seconds
[2022-08-05 18:57:29,102] {processor.py:153} INFO - Started process (PID=2387) to work on /home/airflow/.local/lib/python3.7/site-packages/airflow/example_dags/example_sla_dag.py
[2022-08-05 18:57:29,104] {processor.py:641} INFO - Processing file /home/airflow/.local/lib/python3.7/site-packages/airflow/example_dags/example_sla_dag.py for tasks to queue
[2022-08-05 18:57:29,105] {logging_mixin.py:115} INFO - [2022-08-05 18:57:29,105] {dagbag.py:507} INFO - Filling up the DagBag from /home/airflow/.local/lib/python3.7/site-packages/airflow/example_dags/example_sla_dag.py
[2022-08-05 18:57:29,118] {processor.py:651} INFO - DAG(s) dict_keys(['example_sla_dag']) retrieved from /home/airflow/.local/lib/python3.7/site-packages/airflow/example_dags/example_sla_dag.py
[2022-08-05 18:57:29,208] {logging_mixin.py:115} INFO - [2022-08-05 18:57:29,208] {dag.py:2371} INFO - Sync 1 DAGs
[2022-08-05 18:57:29,222] {logging_mixin.py:115} INFO - [2022-08-05 18:57:29,222] {dag.py:2919} INFO - Setting next_dagrun for example_sla_dag to 2022-08-05T18:54:00+00:00, run_after=2022-08-05T18:56:00+00:00
[2022-08-05 18:57:29,229] {processor.py:161} INFO - Processing /home/airflow/.local/lib/python3.7/site-packages/airflow/example_dags/example_sla_dag.py took 0.130 seconds
[2022-08-05 18:58:00,002] {processor.py:153} INFO - Started process (PID=2440) to work on /home/airflow/.local/lib/python3.7/site-packages/airflow/example_dags/example_sla_dag.py
[2022-08-05 18:58:00,003] {processor.py:641} INFO - Processing file /home/airflow/.local/lib/python3.7/site-packages/airflow/example_dags/example_sla_dag.py for tasks to queue
[2022-08-05 18:58:00,004] {logging_mixin.py:115} INFO - [2022-08-05 18:58:00,003] {dagbag.py:507} INFO - Filling up the DagBag from /home/airflow/.local/lib/python3.7/site-packages/airflow/example_dags/example_sla_dag.py
[2022-08-05 18:58:00,096] {processor.py:651} INFO - DAG(s) dict_keys(['example_sla_dag']) retrieved from /home/airflow/.local/lib/python3.7/site-packages/airflow/example_dags/example_sla_dag.py
[2022-08-05 18:58:00,109] {logging_mixin.py:115} INFO - [2022-08-05 18:58:00,109] {dag.py:2371} INFO - Sync 1 DAGs
[2022-08-05 18:58:00,122] {logging_mixin.py:115} INFO - [2022-08-05 18:58:00,122] {dag.py:2919} INFO - Setting next_dagrun for example_sla_dag to 2022-08-05T18:56:00+00:00, run_after=2022-08-05T18:58:00+00:00
[2022-08-05 18:58:00,129] {processor.py:161} INFO - Processing /home/airflow/.local/lib/python3.7/site-packages/airflow/example_dags/example_sla_dag.py took 0.130 seconds
[2022-08-05 18:58:30,925] {processor.py:153} INFO - Started process (PID=2502) to work on /home/airflow/.local/lib/python3.7/site-packages/airflow/example_dags/example_sla_dag.py
[2022-08-05 18:58:30,926] {processor.py:641} INFO - Processing file /home/airflow/.local/lib/python3.7/site-packages/airflow/example_dags/example_sla_dag.py for tasks to queue
[2022-08-05 18:58:30,927] {logging_mixin.py:115} INFO - [2022-08-05 18:58:30,927] {dagbag.py:507} INFO - Filling up the DagBag from /home/airflow/.local/lib/python3.7/site-packages/airflow/example_dags/example_sla_dag.py
[2022-08-05 18:58:31,018] {processor.py:651} INFO - DAG(s) dict_keys(['example_sla_dag']) retrieved from /home/airflow/.local/lib/python3.7/site-packages/airflow/example_dags/example_sla_dag.py
[2022-08-05 18:58:31,031] {logging_mixin.py:115} INFO - [2022-08-05 18:58:31,031] {dag.py:2371} INFO - Sync 1 DAGs
[2022-08-05 18:58:31,045] {logging_mixin.py:115} INFO - [2022-08-05 18:58:31,045] {dag.py:2919} INFO - Setting next_dagrun for example_sla_dag to 2022-08-05T18:56:00+00:00, run_after=2022-08-05T18:58:00+00:00
[2022-08-05 18:58:31,052] {processor.py:161} INFO - Processing /home/airflow/.local/lib/python3.7/site-packages/airflow/example_dags/example_sla_dag.py took 0.129 seconds
[2022-08-05 18:59:01,785] {processor.py:153} INFO - Started process (PID=2564) to work on /home/airflow/.local/lib/python3.7/site-packages/airflow/example_dags/example_sla_dag.py
[2022-08-05 18:59:01,786] {processor.py:641} INFO - Processing file /home/airflow/.local/lib/python3.7/site-packages/airflow/example_dags/example_sla_dag.py for tasks to queue
[2022-08-05 18:59:01,787] {logging_mixin.py:115} INFO - [2022-08-05 18:59:01,787] {dagbag.py:507} INFO - Filling up the DagBag from /home/airflow/.local/lib/python3.7/site-packages/airflow/example_dags/example_sla_dag.py
[2022-08-05 18:59:01,876] {processor.py:651} INFO - DAG(s) dict_keys(['example_sla_dag']) retrieved from /home/airflow/.local/lib/python3.7/site-packages/airflow/example_dags/example_sla_dag.py
[2022-08-05 18:59:01,890] {logging_mixin.py:115} INFO - [2022-08-05 18:59:01,890] {dag.py:2371} INFO - Sync 1 DAGs
[2022-08-05 18:59:01,902] {logging_mixin.py:115} INFO - [2022-08-05 18:59:01,902] {dag.py:2919} INFO - Setting next_dagrun for example_sla_dag to 2022-08-05T18:56:00+00:00, run_after=2022-08-05T18:58:00+00:00
[2022-08-05 18:59:01,909] {processor.py:161} INFO - Processing /home/airflow/.local/lib/python3.7/site-packages/airflow/example_dags/example_sla_dag.py took 0.127 seconds
[2022-08-05 18:59:32,791] {processor.py:153} INFO - Started process (PID=2626) to work on /home/airflow/.local/lib/python3.7/site-packages/airflow/example_dags/example_sla_dag.py
[2022-08-05 18:59:32,792] {processor.py:641} INFO - Processing file /home/airflow/.local/lib/python3.7/site-packages/airflow/example_dags/example_sla_dag.py for tasks to queue
[2022-08-05 18:59:32,794] {logging_mixin.py:115} INFO - [2022-08-05 18:59:32,794] {dagbag.py:507} INFO - Filling up the DagBag from /home/airflow/.local/lib/python3.7/site-packages/airflow/example_dags/example_sla_dag.py
[2022-08-05 18:59:32,883] {processor.py:651} INFO - DAG(s) dict_keys(['example_sla_dag']) retrieved from /home/airflow/.local/lib/python3.7/site-packages/airflow/example_dags/example_sla_dag.py
[2022-08-05 18:59:32,896] {logging_mixin.py:115} INFO - [2022-08-05 18:59:32,896] {dag.py:2371} INFO - Sync 1 DAGs
[2022-08-05 18:59:32,908] {logging_mixin.py:115} INFO - [2022-08-05 18:59:32,908] {dag.py:2919} INFO - Setting next_dagrun for example_sla_dag to 2022-08-05T18:56:00+00:00, run_after=2022-08-05T18:58:00+00:00
[2022-08-05 18:59:32,915] {processor.py:161} INFO - Processing /home/airflow/.local/lib/python3.7/site-packages/airflow/example_dags/example_sla_dag.py took 0.127 seconds
[2022-08-05 19:00:03,589] {processor.py:153} INFO - Started process (PID=2689) to work on /home/airflow/.local/lib/python3.7/site-packages/airflow/example_dags/example_sla_dag.py
[2022-08-05 19:00:03,590] {processor.py:641} INFO - Processing file /home/airflow/.local/lib/python3.7/site-packages/airflow/example_dags/example_sla_dag.py for tasks to queue
[2022-08-05 19:00:03,591] {logging_mixin.py:115} INFO - [2022-08-05 19:00:03,591] {dagbag.py:507} INFO - Filling up the DagBag from /home/airflow/.local/lib/python3.7/site-packages/airflow/example_dags/example_sla_dag.py
[2022-08-05 19:00:03,681] {processor.py:651} INFO - DAG(s) dict_keys(['example_sla_dag']) retrieved from /home/airflow/.local/lib/python3.7/site-packages/airflow/example_dags/example_sla_dag.py
[2022-08-05 19:00:03,695] {logging_mixin.py:115} INFO - [2022-08-05 19:00:03,695] {dag.py:2371} INFO - Sync 1 DAGs
[2022-08-05 19:00:03,708] {logging_mixin.py:115} INFO - [2022-08-05 19:00:03,708] {dag.py:2919} INFO - Setting next_dagrun for example_sla_dag to 2022-08-05T18:58:00+00:00, run_after=2022-08-05T19:00:00+00:00
[2022-08-05 19:00:03,717] {processor.py:161} INFO - Processing /home/airflow/.local/lib/python3.7/site-packages/airflow/example_dags/example_sla_dag.py took 0.130 seconds
[2022-08-05 19:00:33,871] {processor.py:153} INFO - Started process (PID=2750) to work on /home/airflow/.local/lib/python3.7/site-packages/airflow/example_dags/example_sla_dag.py
[2022-08-05 19:00:33,872] {processor.py:641} INFO - Processing file /home/airflow/.local/lib/python3.7/site-packages/airflow/example_dags/example_sla_dag.py for tasks to queue
[2022-08-05 19:00:33,873] {logging_mixin.py:115} INFO - [2022-08-05 19:00:33,873] {dagbag.py:507} INFO - Filling up the DagBag from /home/airflow/.local/lib/python3.7/site-packages/airflow/example_dags/example_sla_dag.py
[2022-08-05 19:00:33,964] {processor.py:651} INFO - DAG(s) dict_keys(['example_sla_dag']) retrieved from /home/airflow/.local/lib/python3.7/site-packages/airflow/example_dags/example_sla_dag.py
[2022-08-05 19:00:33,977] {logging_mixin.py:115} INFO - [2022-08-05 19:00:33,977] {dag.py:2371} INFO - Sync 1 DAGs
[2022-08-05 19:00:33,990] {logging_mixin.py:115} INFO - [2022-08-05 19:00:33,990] {dag.py:2919} INFO - Setting next_dagrun for example_sla_dag to 2022-08-05T18:58:00+00:00, run_after=2022-08-05T19:00:00+00:00
[2022-08-05 19:00:33,996] {processor.py:161} INFO - Processing /home/airflow/.local/lib/python3.7/site-packages/airflow/example_dags/example_sla_dag.py took 0.128 seconds
[2022-08-05 19:01:04,114] {processor.py:153} INFO - Started process (PID=2812) to work on /home/airflow/.local/lib/python3.7/site-packages/airflow/example_dags/example_sla_dag.py
[2022-08-05 19:01:04,115] {processor.py:641} INFO - Processing file /home/airflow/.local/lib/python3.7/site-packages/airflow/example_dags/example_sla_dag.py for tasks to queue
[2022-08-05 19:01:04,116] {logging_mixin.py:115} INFO - [2022-08-05 19:01:04,116] {dagbag.py:507} INFO - Filling up the DagBag from /home/airflow/.local/lib/python3.7/site-packages/airflow/example_dags/example_sla_dag.py
[2022-08-05 19:01:04,212] {processor.py:651} INFO - DAG(s) dict_keys(['example_sla_dag']) retrieved from /home/airflow/.local/lib/python3.7/site-packages/airflow/example_dags/example_sla_dag.py
[2022-08-05 19:01:04,227] {logging_mixin.py:115} INFO - [2022-08-05 19:01:04,227] {dag.py:2371} INFO - Sync 1 DAGs
[2022-08-05 19:01:04,241] {logging_mixin.py:115} INFO - [2022-08-05 19:01:04,241] {dag.py:2919} INFO - Setting next_dagrun for example_sla_dag to 2022-08-05T18:58:00+00:00, run_after=2022-08-05T19:00:00+00:00
[2022-08-05 19:01:04,248] {processor.py:161} INFO - Processing /home/airflow/.local/lib/python3.7/site-packages/airflow/example_dags/example_sla_dag.py took 0.136 seconds
[2022-08-05 19:01:35,131] {processor.py:153} INFO - Started process (PID=2865) to work on /home/airflow/.local/lib/python3.7/site-packages/airflow/example_dags/example_sla_dag.py
[2022-08-05 19:01:35,132] {processor.py:641} INFO - Processing file /home/airflow/.local/lib/python3.7/site-packages/airflow/example_dags/example_sla_dag.py for tasks to queue
[2022-08-05 19:01:35,133] {logging_mixin.py:115} INFO - [2022-08-05 19:01:35,133] {dagbag.py:507} INFO - Filling up the DagBag from /home/airflow/.local/lib/python3.7/site-packages/airflow/example_dags/example_sla_dag.py
[2022-08-05 19:01:35,222] {processor.py:651} INFO - DAG(s) dict_keys(['example_sla_dag']) retrieved from /home/airflow/.local/lib/python3.7/site-packages/airflow/example_dags/example_sla_dag.py
[2022-08-05 19:01:35,235] {logging_mixin.py:115} INFO - [2022-08-05 19:01:35,235] {dag.py:2371} INFO - Sync 1 DAGs
[2022-08-05 19:01:35,249] {logging_mixin.py:115} INFO - [2022-08-05 19:01:35,249] {dag.py:2919} INFO - Setting next_dagrun for example_sla_dag to 2022-08-05T18:58:00+00:00, run_after=2022-08-05T19:00:00+00:00
[2022-08-05 19:01:35,255] {processor.py:161} INFO - Processing /home/airflow/.local/lib/python3.7/site-packages/airflow/example_dags/example_sla_dag.py took 0.126 seconds
[2022-08-05 19:02:05,962] {processor.py:153} INFO - Started process (PID=2928) to work on /home/airflow/.local/lib/python3.7/site-packages/airflow/example_dags/example_sla_dag.py
[2022-08-05 19:02:05,965] {processor.py:641} INFO - Processing file /home/airflow/.local/lib/python3.7/site-packages/airflow/example_dags/example_sla_dag.py for tasks to queue
[2022-08-05 19:02:05,994] {logging_mixin.py:115} INFO - [2022-08-05 19:02:05,994] {dagbag.py:507} INFO - Filling up the DagBag from /home/airflow/.local/lib/python3.7/site-packages/airflow/example_dags/example_sla_dag.py
[2022-08-05 19:02:06,158] {processor.py:651} INFO - DAG(s) dict_keys(['example_sla_dag']) retrieved from /home/airflow/.local/lib/python3.7/site-packages/airflow/example_dags/example_sla_dag.py
[2022-08-05 19:02:06,184] {logging_mixin.py:115} INFO - [2022-08-05 19:02:06,184] {dag.py:2371} INFO - Sync 1 DAGs
[2022-08-05 19:02:06,199] {logging_mixin.py:115} INFO - [2022-08-05 19:02:06,199] {dag.py:2919} INFO - Setting next_dagrun for example_sla_dag to 2022-08-05T19:00:00+00:00, run_after=2022-08-05T19:02:00+00:00
[2022-08-05 19:02:06,216] {processor.py:161} INFO - Processing /home/airflow/.local/lib/python3.7/site-packages/airflow/example_dags/example_sla_dag.py took 0.256 seconds
[2022-08-05 19:02:36,281] {processor.py:153} INFO - Started process (PID=2992) to work on /home/airflow/.local/lib/python3.7/site-packages/airflow/example_dags/example_sla_dag.py
[2022-08-05 19:02:36,282] {processor.py:641} INFO - Processing file /home/airflow/.local/lib/python3.7/site-packages/airflow/example_dags/example_sla_dag.py for tasks to queue
[2022-08-05 19:02:36,283] {logging_mixin.py:115} INFO - [2022-08-05 19:02:36,283] {dagbag.py:507} INFO - Filling up the DagBag from /home/airflow/.local/lib/python3.7/site-packages/airflow/example_dags/example_sla_dag.py
[2022-08-05 19:02:36,364] {processor.py:651} INFO - DAG(s) dict_keys(['example_sla_dag']) retrieved from /home/airflow/.local/lib/python3.7/site-packages/airflow/example_dags/example_sla_dag.py
[2022-08-05 19:02:36,377] {logging_mixin.py:115} INFO - [2022-08-05 19:02:36,376] {dag.py:2371} INFO - Sync 1 DAGs
[2022-08-05 19:02:36,388] {logging_mixin.py:115} INFO - [2022-08-05 19:02:36,388] {dag.py:2919} INFO - Setting next_dagrun for example_sla_dag to 2022-08-05T19:00:00+00:00, run_after=2022-08-05T19:02:00+00:00
[2022-08-05 19:02:36,394] {processor.py:161} INFO - Processing /home/airflow/.local/lib/python3.7/site-packages/airflow/example_dags/example_sla_dag.py took 0.115 seconds
[2022-08-05 19:03:06,718] {processor.py:153} INFO - Started process (PID=3053) to work on /home/airflow/.local/lib/python3.7/site-packages/airflow/example_dags/example_sla_dag.py
[2022-08-05 19:03:06,720] {processor.py:641} INFO - Processing file /home/airflow/.local/lib/python3.7/site-packages/airflow/example_dags/example_sla_dag.py for tasks to queue
[2022-08-05 19:03:06,721] {logging_mixin.py:115} INFO - [2022-08-05 19:03:06,721] {dagbag.py:507} INFO - Filling up the DagBag from /home/airflow/.local/lib/python3.7/site-packages/airflow/example_dags/example_sla_dag.py
[2022-08-05 19:03:06,817] {processor.py:651} INFO - DAG(s) dict_keys(['example_sla_dag']) retrieved from /home/airflow/.local/lib/python3.7/site-packages/airflow/example_dags/example_sla_dag.py
[2022-08-05 19:03:06,832] {logging_mixin.py:115} INFO - [2022-08-05 19:03:06,832] {dag.py:2371} INFO - Sync 1 DAGs
[2022-08-05 19:03:06,846] {logging_mixin.py:115} INFO - [2022-08-05 19:03:06,846] {dag.py:2919} INFO - Setting next_dagrun for example_sla_dag to 2022-08-05T19:00:00+00:00, run_after=2022-08-05T19:02:00+00:00
[2022-08-05 19:03:06,854] {processor.py:161} INFO - Processing /home/airflow/.local/lib/python3.7/site-packages/airflow/example_dags/example_sla_dag.py took 0.138 seconds
[2022-08-05 19:53:25,954] {processor.py:153} INFO - Started process (PID=3105) to work on /home/airflow/.local/lib/python3.7/site-packages/airflow/example_dags/example_sla_dag.py
[2022-08-05 19:53:25,955] {processor.py:641} INFO - Processing file /home/airflow/.local/lib/python3.7/site-packages/airflow/example_dags/example_sla_dag.py for tasks to queue
[2022-08-05 19:53:25,956] {logging_mixin.py:115} INFO - [2022-08-05 19:53:25,956] {dagbag.py:507} INFO - Filling up the DagBag from /home/airflow/.local/lib/python3.7/site-packages/airflow/example_dags/example_sla_dag.py
[2022-08-05 19:53:25,969] {processor.py:651} INFO - DAG(s) dict_keys(['example_sla_dag']) retrieved from /home/airflow/.local/lib/python3.7/site-packages/airflow/example_dags/example_sla_dag.py
[2022-08-05 19:53:25,990] {logging_mixin.py:115} INFO - [2022-08-05 19:53:25,990] {dag.py:2371} INFO - Sync 1 DAGs
[2022-08-05 19:53:26,010] {logging_mixin.py:115} INFO - [2022-08-05 19:53:26,010] {dag.py:2919} INFO - Setting next_dagrun for example_sla_dag to 2022-08-05T19:50:00+00:00, run_after=2022-08-05T19:52:00+00:00
[2022-08-05 19:53:26,025] {processor.py:161} INFO - Processing /home/airflow/.local/lib/python3.7/site-packages/airflow/example_dags/example_sla_dag.py took 0.073 seconds
[2022-08-05 20:42:19,622] {processor.py:153} INFO - Started process (PID=3163) to work on /home/airflow/.local/lib/python3.7/site-packages/airflow/example_dags/example_sla_dag.py
[2022-08-05 20:42:19,624] {processor.py:641} INFO - Processing file /home/airflow/.local/lib/python3.7/site-packages/airflow/example_dags/example_sla_dag.py for tasks to queue
[2022-08-05 20:42:19,625] {logging_mixin.py:115} INFO - [2022-08-05 20:42:19,625] {dagbag.py:507} INFO - Filling up the DagBag from /home/airflow/.local/lib/python3.7/site-packages/airflow/example_dags/example_sla_dag.py
[2022-08-05 20:42:19,654] {processor.py:651} INFO - DAG(s) dict_keys(['example_sla_dag']) retrieved from /home/airflow/.local/lib/python3.7/site-packages/airflow/example_dags/example_sla_dag.py
[2022-08-05 20:42:19,700] {logging_mixin.py:115} INFO - [2022-08-05 20:42:19,700] {dag.py:2371} INFO - Sync 1 DAGs
[2022-08-05 20:42:19,739] {logging_mixin.py:115} INFO - [2022-08-05 20:42:19,739] {dag.py:2919} INFO - Setting next_dagrun for example_sla_dag to 2022-08-05T20:40:00+00:00, run_after=2022-08-05T20:42:00+00:00
[2022-08-05 20:42:19,759] {processor.py:161} INFO - Processing /home/airflow/.local/lib/python3.7/site-packages/airflow/example_dags/example_sla_dag.py took 0.141 seconds
[2022-08-05 21:16:22,063] {processor.py:153} INFO - Started process (PID=3216) to work on /home/airflow/.local/lib/python3.7/site-packages/airflow/example_dags/example_sla_dag.py
[2022-08-05 21:16:22,065] {processor.py:641} INFO - Processing file /home/airflow/.local/lib/python3.7/site-packages/airflow/example_dags/example_sla_dag.py for tasks to queue
[2022-08-05 21:16:22,066] {logging_mixin.py:115} INFO - [2022-08-05 21:16:22,066] {dagbag.py:507} INFO - Filling up the DagBag from /home/airflow/.local/lib/python3.7/site-packages/airflow/example_dags/example_sla_dag.py
[2022-08-05 21:16:22,081] {processor.py:651} INFO - DAG(s) dict_keys(['example_sla_dag']) retrieved from /home/airflow/.local/lib/python3.7/site-packages/airflow/example_dags/example_sla_dag.py
[2022-08-05 21:16:22,099] {logging_mixin.py:115} INFO - [2022-08-05 21:16:22,099] {dag.py:2371} INFO - Sync 1 DAGs
[2022-08-05 21:16:22,129] {logging_mixin.py:115} INFO - [2022-08-05 21:16:22,129] {dag.py:2919} INFO - Setting next_dagrun for example_sla_dag to 2022-08-05T21:14:00+00:00, run_after=2022-08-05T21:16:00+00:00
[2022-08-05 21:16:22,144] {processor.py:161} INFO - Processing /home/airflow/.local/lib/python3.7/site-packages/airflow/example_dags/example_sla_dag.py took 0.084 seconds
[2022-08-05 22:06:30,826] {processor.py:153} INFO - Started process (PID=3277) to work on /home/airflow/.local/lib/python3.7/site-packages/airflow/example_dags/example_sla_dag.py
[2022-08-05 22:06:30,827] {processor.py:641} INFO - Processing file /home/airflow/.local/lib/python3.7/site-packages/airflow/example_dags/example_sla_dag.py for tasks to queue
[2022-08-05 22:06:30,829] {logging_mixin.py:115} INFO - [2022-08-05 22:06:30,828] {dagbag.py:507} INFO - Filling up the DagBag from /home/airflow/.local/lib/python3.7/site-packages/airflow/example_dags/example_sla_dag.py
[2022-08-05 22:06:30,839] {processor.py:651} INFO - DAG(s) dict_keys(['example_sla_dag']) retrieved from /home/airflow/.local/lib/python3.7/site-packages/airflow/example_dags/example_sla_dag.py
[2022-08-05 22:06:30,870] {logging_mixin.py:115} INFO - [2022-08-05 22:06:30,870] {dag.py:2371} INFO - Sync 1 DAGs
[2022-08-05 22:06:30,894] {logging_mixin.py:115} INFO - [2022-08-05 22:06:30,894] {dag.py:2919} INFO - Setting next_dagrun for example_sla_dag to 2022-08-05T22:04:00+00:00, run_after=2022-08-05T22:06:00+00:00
[2022-08-05 22:06:30,911] {processor.py:161} INFO - Processing /home/airflow/.local/lib/python3.7/site-packages/airflow/example_dags/example_sla_dag.py took 0.088 seconds
[2022-08-05 22:40:28,895] {processor.py:153} INFO - Started process (PID=3338) to work on /home/airflow/.local/lib/python3.7/site-packages/airflow/example_dags/example_sla_dag.py
[2022-08-05 22:40:28,898] {processor.py:641} INFO - Processing file /home/airflow/.local/lib/python3.7/site-packages/airflow/example_dags/example_sla_dag.py for tasks to queue
[2022-08-05 22:40:28,899] {logging_mixin.py:115} INFO - [2022-08-05 22:40:28,899] {dagbag.py:507} INFO - Filling up the DagBag from /home/airflow/.local/lib/python3.7/site-packages/airflow/example_dags/example_sla_dag.py
[2022-08-05 22:40:28,918] {processor.py:651} INFO - DAG(s) dict_keys(['example_sla_dag']) retrieved from /home/airflow/.local/lib/python3.7/site-packages/airflow/example_dags/example_sla_dag.py
[2022-08-05 22:40:28,944] {logging_mixin.py:115} INFO - [2022-08-05 22:40:28,944] {dag.py:2371} INFO - Sync 1 DAGs
[2022-08-05 22:40:28,970] {logging_mixin.py:115} INFO - [2022-08-05 22:40:28,970] {dag.py:2919} INFO - Setting next_dagrun for example_sla_dag to 2022-08-05T22:38:00+00:00, run_after=2022-08-05T22:40:00+00:00
[2022-08-05 22:40:28,981] {processor.py:161} INFO - Processing /home/airflow/.local/lib/python3.7/site-packages/airflow/example_dags/example_sla_dag.py took 0.089 seconds
[2022-08-05 23:30:05,337] {processor.py:153} INFO - Started process (PID=3400) to work on /home/airflow/.local/lib/python3.7/site-packages/airflow/example_dags/example_sla_dag.py
[2022-08-05 23:30:05,342] {processor.py:641} INFO - Processing file /home/airflow/.local/lib/python3.7/site-packages/airflow/example_dags/example_sla_dag.py for tasks to queue
[2022-08-05 23:30:05,344] {logging_mixin.py:115} INFO - [2022-08-05 23:30:05,344] {dagbag.py:507} INFO - Filling up the DagBag from /home/airflow/.local/lib/python3.7/site-packages/airflow/example_dags/example_sla_dag.py
[2022-08-05 23:30:05,370] {processor.py:651} INFO - DAG(s) dict_keys(['example_sla_dag']) retrieved from /home/airflow/.local/lib/python3.7/site-packages/airflow/example_dags/example_sla_dag.py
[2022-08-05 23:30:05,393] {logging_mixin.py:115} INFO - [2022-08-05 23:30:05,393] {dag.py:2371} INFO - Sync 1 DAGs
[2022-08-05 23:30:05,412] {logging_mixin.py:115} INFO - [2022-08-05 23:30:05,412] {dag.py:2919} INFO - Setting next_dagrun for example_sla_dag to 2022-08-05T23:28:00+00:00, run_after=2022-08-05T23:30:00+00:00
[2022-08-05 23:30:05,432] {processor.py:161} INFO - Processing /home/airflow/.local/lib/python3.7/site-packages/airflow/example_dags/example_sla_dag.py took 0.098 seconds
