[2022-08-05 18:37:59,567] {processor.py:153} INFO - Started process (PID=61) to work on /home/airflow/.local/lib/python3.7/site-packages/airflow/example_dags/example_task_group.py
[2022-08-05 18:37:59,569] {processor.py:641} INFO - Processing file /home/airflow/.local/lib/python3.7/site-packages/airflow/example_dags/example_task_group.py for tasks to queue
[2022-08-05 18:37:59,570] {logging_mixin.py:115} INFO - [2022-08-05 18:37:59,570] {dagbag.py:507} INFO - Filling up the DagBag from /home/airflow/.local/lib/python3.7/site-packages/airflow/example_dags/example_task_group.py
[2022-08-05 18:37:59,592] {processor.py:651} INFO - DAG(s) dict_keys(['example_task_group']) retrieved from /home/airflow/.local/lib/python3.7/site-packages/airflow/example_dags/example_task_group.py
[2022-08-05 18:37:59,650] {logging_mixin.py:115} INFO - [2022-08-05 18:37:59,650] {dag.py:2371} INFO - Sync 1 DAGs
[2022-08-05 18:37:59,692] {logging_mixin.py:115} INFO - [2022-08-05 18:37:59,692] {dag.py:2919} INFO - Setting next_dagrun for example_task_group to 2022-08-04T18:37:59.692375+00:00, run_after=2022-08-05T18:37:59.692375+00:00
[2022-08-05 18:38:00,082] {processor.py:161} INFO - Processing /home/airflow/.local/lib/python3.7/site-packages/airflow/example_dags/example_task_group.py took 0.517 seconds
[2022-08-05 18:38:30,622] {processor.py:153} INFO - Started process (PID=115) to work on /home/airflow/.local/lib/python3.7/site-packages/airflow/example_dags/example_task_group.py
[2022-08-05 18:38:30,624] {processor.py:641} INFO - Processing file /home/airflow/.local/lib/python3.7/site-packages/airflow/example_dags/example_task_group.py for tasks to queue
[2022-08-05 18:38:30,626] {logging_mixin.py:115} INFO - [2022-08-05 18:38:30,626] {dagbag.py:507} INFO - Filling up the DagBag from /home/airflow/.local/lib/python3.7/site-packages/airflow/example_dags/example_task_group.py
[2022-08-05 18:38:30,634] {processor.py:651} INFO - DAG(s) dict_keys(['example_task_group']) retrieved from /home/airflow/.local/lib/python3.7/site-packages/airflow/example_dags/example_task_group.py
[2022-08-05 18:38:30,655] {logging_mixin.py:115} INFO - [2022-08-05 18:38:30,655] {dag.py:2371} INFO - Sync 1 DAGs
[2022-08-05 18:38:30,670] {logging_mixin.py:115} INFO - [2022-08-05 18:38:30,670] {dag.py:2919} INFO - Setting next_dagrun for example_task_group to 2022-08-04T18:38:30.670340+00:00, run_after=2022-08-05T18:38:30.670340+00:00
[2022-08-05 18:38:30,747] {processor.py:161} INFO - Processing /home/airflow/.local/lib/python3.7/site-packages/airflow/example_dags/example_task_group.py took 0.129 seconds
[2022-08-05 18:39:00,987] {processor.py:153} INFO - Started process (PID=178) to work on /home/airflow/.local/lib/python3.7/site-packages/airflow/example_dags/example_task_group.py
[2022-08-05 18:39:00,993] {processor.py:641} INFO - Processing file /home/airflow/.local/lib/python3.7/site-packages/airflow/example_dags/example_task_group.py for tasks to queue
[2022-08-05 18:39:00,996] {logging_mixin.py:115} INFO - [2022-08-05 18:39:00,995] {dagbag.py:507} INFO - Filling up the DagBag from /home/airflow/.local/lib/python3.7/site-packages/airflow/example_dags/example_task_group.py
[2022-08-05 18:39:01,005] {processor.py:651} INFO - DAG(s) dict_keys(['example_task_group']) retrieved from /home/airflow/.local/lib/python3.7/site-packages/airflow/example_dags/example_task_group.py
[2022-08-05 18:39:01,030] {logging_mixin.py:115} INFO - [2022-08-05 18:39:01,030] {dag.py:2371} INFO - Sync 1 DAGs
[2022-08-05 18:39:01,046] {logging_mixin.py:115} INFO - [2022-08-05 18:39:01,046] {dag.py:2919} INFO - Setting next_dagrun for example_task_group to 2022-08-04T18:39:01.046330+00:00, run_after=2022-08-05T18:39:01.046330+00:00
[2022-08-05 18:39:01,135] {processor.py:161} INFO - Processing /home/airflow/.local/lib/python3.7/site-packages/airflow/example_dags/example_task_group.py took 0.157 seconds
[2022-08-05 18:39:31,568] {processor.py:153} INFO - Started process (PID=240) to work on /home/airflow/.local/lib/python3.7/site-packages/airflow/example_dags/example_task_group.py
[2022-08-05 18:39:31,571] {processor.py:641} INFO - Processing file /home/airflow/.local/lib/python3.7/site-packages/airflow/example_dags/example_task_group.py for tasks to queue
[2022-08-05 18:39:31,574] {logging_mixin.py:115} INFO - [2022-08-05 18:39:31,574] {dagbag.py:507} INFO - Filling up the DagBag from /home/airflow/.local/lib/python3.7/site-packages/airflow/example_dags/example_task_group.py
[2022-08-05 18:39:31,582] {processor.py:651} INFO - DAG(s) dict_keys(['example_task_group']) retrieved from /home/airflow/.local/lib/python3.7/site-packages/airflow/example_dags/example_task_group.py
[2022-08-05 18:39:31,605] {logging_mixin.py:115} INFO - [2022-08-05 18:39:31,605] {dag.py:2371} INFO - Sync 1 DAGs
[2022-08-05 18:39:31,619] {logging_mixin.py:115} INFO - [2022-08-05 18:39:31,619] {dag.py:2919} INFO - Setting next_dagrun for example_task_group to 2022-08-04T18:39:31.619370+00:00, run_after=2022-08-05T18:39:31.619370+00:00
[2022-08-05 18:39:31,696] {processor.py:161} INFO - Processing /home/airflow/.local/lib/python3.7/site-packages/airflow/example_dags/example_task_group.py took 0.137 seconds
[2022-08-05 18:40:02,150] {processor.py:153} INFO - Started process (PID=302) to work on /home/airflow/.local/lib/python3.7/site-packages/airflow/example_dags/example_task_group.py
[2022-08-05 18:40:02,154] {processor.py:641} INFO - Processing file /home/airflow/.local/lib/python3.7/site-packages/airflow/example_dags/example_task_group.py for tasks to queue
[2022-08-05 18:40:02,156] {logging_mixin.py:115} INFO - [2022-08-05 18:40:02,156] {dagbag.py:507} INFO - Filling up the DagBag from /home/airflow/.local/lib/python3.7/site-packages/airflow/example_dags/example_task_group.py
[2022-08-05 18:40:02,168] {processor.py:651} INFO - DAG(s) dict_keys(['example_task_group']) retrieved from /home/airflow/.local/lib/python3.7/site-packages/airflow/example_dags/example_task_group.py
[2022-08-05 18:40:02,192] {logging_mixin.py:115} INFO - [2022-08-05 18:40:02,192] {dag.py:2371} INFO - Sync 1 DAGs
[2022-08-05 18:40:02,208] {logging_mixin.py:115} INFO - [2022-08-05 18:40:02,208] {dag.py:2919} INFO - Setting next_dagrun for example_task_group to 2022-08-04T18:40:02.208309+00:00, run_after=2022-08-05T18:40:02.208309+00:00
[2022-08-05 18:40:02,286] {processor.py:161} INFO - Processing /home/airflow/.local/lib/python3.7/site-packages/airflow/example_dags/example_task_group.py took 0.141 seconds
[2022-08-05 18:40:32,684] {processor.py:153} INFO - Started process (PID=364) to work on /home/airflow/.local/lib/python3.7/site-packages/airflow/example_dags/example_task_group.py
[2022-08-05 18:40:32,686] {processor.py:641} INFO - Processing file /home/airflow/.local/lib/python3.7/site-packages/airflow/example_dags/example_task_group.py for tasks to queue
[2022-08-05 18:40:32,688] {logging_mixin.py:115} INFO - [2022-08-05 18:40:32,688] {dagbag.py:507} INFO - Filling up the DagBag from /home/airflow/.local/lib/python3.7/site-packages/airflow/example_dags/example_task_group.py
[2022-08-05 18:40:32,693] {processor.py:651} INFO - DAG(s) dict_keys(['example_task_group']) retrieved from /home/airflow/.local/lib/python3.7/site-packages/airflow/example_dags/example_task_group.py
[2022-08-05 18:40:32,709] {logging_mixin.py:115} INFO - [2022-08-05 18:40:32,709] {dag.py:2371} INFO - Sync 1 DAGs
[2022-08-05 18:40:32,723] {logging_mixin.py:115} INFO - [2022-08-05 18:40:32,723] {dag.py:2919} INFO - Setting next_dagrun for example_task_group to 2022-08-04T18:40:32.723213+00:00, run_after=2022-08-05T18:40:32.723213+00:00
[2022-08-05 18:40:32,809] {processor.py:161} INFO - Processing /home/airflow/.local/lib/python3.7/site-packages/airflow/example_dags/example_task_group.py took 0.128 seconds
[2022-08-05 18:41:03,645] {processor.py:153} INFO - Started process (PID=426) to work on /home/airflow/.local/lib/python3.7/site-packages/airflow/example_dags/example_task_group.py
[2022-08-05 18:41:03,647] {processor.py:641} INFO - Processing file /home/airflow/.local/lib/python3.7/site-packages/airflow/example_dags/example_task_group.py for tasks to queue
[2022-08-05 18:41:03,648] {logging_mixin.py:115} INFO - [2022-08-05 18:41:03,648] {dagbag.py:507} INFO - Filling up the DagBag from /home/airflow/.local/lib/python3.7/site-packages/airflow/example_dags/example_task_group.py
[2022-08-05 18:41:03,656] {processor.py:651} INFO - DAG(s) dict_keys(['example_task_group']) retrieved from /home/airflow/.local/lib/python3.7/site-packages/airflow/example_dags/example_task_group.py
[2022-08-05 18:41:03,679] {logging_mixin.py:115} INFO - [2022-08-05 18:41:03,679] {dag.py:2371} INFO - Sync 1 DAGs
[2022-08-05 18:41:03,715] {logging_mixin.py:115} INFO - [2022-08-05 18:41:03,715] {dag.py:2919} INFO - Setting next_dagrun for example_task_group to 2022-08-04T18:41:03.714943+00:00, run_after=2022-08-05T18:41:03.714943+00:00
[2022-08-05 18:41:03,837] {processor.py:161} INFO - Processing /home/airflow/.local/lib/python3.7/site-packages/airflow/example_dags/example_task_group.py took 0.195 seconds
[2022-08-05 18:41:34,270] {processor.py:153} INFO - Started process (PID=479) to work on /home/airflow/.local/lib/python3.7/site-packages/airflow/example_dags/example_task_group.py
[2022-08-05 18:41:34,271] {processor.py:641} INFO - Processing file /home/airflow/.local/lib/python3.7/site-packages/airflow/example_dags/example_task_group.py for tasks to queue
[2022-08-05 18:41:34,272] {logging_mixin.py:115} INFO - [2022-08-05 18:41:34,272] {dagbag.py:507} INFO - Filling up the DagBag from /home/airflow/.local/lib/python3.7/site-packages/airflow/example_dags/example_task_group.py
[2022-08-05 18:41:34,277] {processor.py:651} INFO - DAG(s) dict_keys(['example_task_group']) retrieved from /home/airflow/.local/lib/python3.7/site-packages/airflow/example_dags/example_task_group.py
[2022-08-05 18:41:34,297] {logging_mixin.py:115} INFO - [2022-08-05 18:41:34,297] {dag.py:2371} INFO - Sync 1 DAGs
[2022-08-05 18:41:34,313] {logging_mixin.py:115} INFO - [2022-08-05 18:41:34,313] {dag.py:2919} INFO - Setting next_dagrun for example_task_group to 2022-08-04T18:41:34.313417+00:00, run_after=2022-08-05T18:41:34.313417+00:00
[2022-08-05 18:41:34,410] {processor.py:161} INFO - Processing /home/airflow/.local/lib/python3.7/site-packages/airflow/example_dags/example_task_group.py took 0.142 seconds
[2022-08-05 18:42:04,748] {processor.py:153} INFO - Started process (PID=541) to work on /home/airflow/.local/lib/python3.7/site-packages/airflow/example_dags/example_task_group.py
[2022-08-05 18:42:04,750] {processor.py:641} INFO - Processing file /home/airflow/.local/lib/python3.7/site-packages/airflow/example_dags/example_task_group.py for tasks to queue
[2022-08-05 18:42:04,751] {logging_mixin.py:115} INFO - [2022-08-05 18:42:04,751] {dagbag.py:507} INFO - Filling up the DagBag from /home/airflow/.local/lib/python3.7/site-packages/airflow/example_dags/example_task_group.py
[2022-08-05 18:42:04,757] {processor.py:651} INFO - DAG(s) dict_keys(['example_task_group']) retrieved from /home/airflow/.local/lib/python3.7/site-packages/airflow/example_dags/example_task_group.py
[2022-08-05 18:42:04,774] {logging_mixin.py:115} INFO - [2022-08-05 18:42:04,774] {dag.py:2371} INFO - Sync 1 DAGs
[2022-08-05 18:42:04,788] {logging_mixin.py:115} INFO - [2022-08-05 18:42:04,788] {dag.py:2919} INFO - Setting next_dagrun for example_task_group to 2022-08-04T18:42:04.788590+00:00, run_after=2022-08-05T18:42:04.788590+00:00
[2022-08-05 18:42:04,870] {processor.py:161} INFO - Processing /home/airflow/.local/lib/python3.7/site-packages/airflow/example_dags/example_task_group.py took 0.125 seconds
[2022-08-05 18:42:35,427] {processor.py:153} INFO - Started process (PID=603) to work on /home/airflow/.local/lib/python3.7/site-packages/airflow/example_dags/example_task_group.py
[2022-08-05 18:42:35,432] {processor.py:641} INFO - Processing file /home/airflow/.local/lib/python3.7/site-packages/airflow/example_dags/example_task_group.py for tasks to queue
[2022-08-05 18:42:35,434] {logging_mixin.py:115} INFO - [2022-08-05 18:42:35,434] {dagbag.py:507} INFO - Filling up the DagBag from /home/airflow/.local/lib/python3.7/site-packages/airflow/example_dags/example_task_group.py
[2022-08-05 18:42:35,443] {processor.py:651} INFO - DAG(s) dict_keys(['example_task_group']) retrieved from /home/airflow/.local/lib/python3.7/site-packages/airflow/example_dags/example_task_group.py
[2022-08-05 18:42:35,469] {logging_mixin.py:115} INFO - [2022-08-05 18:42:35,469] {dag.py:2371} INFO - Sync 1 DAGs
[2022-08-05 18:42:35,484] {logging_mixin.py:115} INFO - [2022-08-05 18:42:35,484] {dag.py:2919} INFO - Setting next_dagrun for example_task_group to 2022-08-04T18:42:35.483908+00:00, run_after=2022-08-05T18:42:35.483908+00:00
[2022-08-05 18:42:35,565] {processor.py:161} INFO - Processing /home/airflow/.local/lib/python3.7/site-packages/airflow/example_dags/example_task_group.py took 0.145 seconds
[2022-08-05 18:43:05,975] {processor.py:153} INFO - Started process (PID=665) to work on /home/airflow/.local/lib/python3.7/site-packages/airflow/example_dags/example_task_group.py
[2022-08-05 18:43:05,978] {processor.py:641} INFO - Processing file /home/airflow/.local/lib/python3.7/site-packages/airflow/example_dags/example_task_group.py for tasks to queue
[2022-08-05 18:43:05,981] {logging_mixin.py:115} INFO - [2022-08-05 18:43:05,980] {dagbag.py:507} INFO - Filling up the DagBag from /home/airflow/.local/lib/python3.7/site-packages/airflow/example_dags/example_task_group.py
[2022-08-05 18:43:05,990] {processor.py:651} INFO - DAG(s) dict_keys(['example_task_group']) retrieved from /home/airflow/.local/lib/python3.7/site-packages/airflow/example_dags/example_task_group.py
[2022-08-05 18:43:06,017] {logging_mixin.py:115} INFO - [2022-08-05 18:43:06,017] {dag.py:2371} INFO - Sync 1 DAGs
[2022-08-05 18:43:06,111] {logging_mixin.py:115} INFO - [2022-08-05 18:43:06,110] {dag.py:2919} INFO - Setting next_dagrun for example_task_group to 2022-08-04T18:43:06.110863+00:00, run_after=2022-08-05T18:43:06.110863+00:00
[2022-08-05 18:43:06,118] {processor.py:161} INFO - Processing /home/airflow/.local/lib/python3.7/site-packages/airflow/example_dags/example_task_group.py took 0.151 seconds
[2022-08-05 18:43:36,222] {processor.py:153} INFO - Started process (PID=727) to work on /home/airflow/.local/lib/python3.7/site-packages/airflow/example_dags/example_task_group.py
[2022-08-05 18:43:36,226] {processor.py:641} INFO - Processing file /home/airflow/.local/lib/python3.7/site-packages/airflow/example_dags/example_task_group.py for tasks to queue
[2022-08-05 18:43:36,228] {logging_mixin.py:115} INFO - [2022-08-05 18:43:36,228] {dagbag.py:507} INFO - Filling up the DagBag from /home/airflow/.local/lib/python3.7/site-packages/airflow/example_dags/example_task_group.py
[2022-08-05 18:43:36,235] {processor.py:651} INFO - DAG(s) dict_keys(['example_task_group']) retrieved from /home/airflow/.local/lib/python3.7/site-packages/airflow/example_dags/example_task_group.py
[2022-08-05 18:43:36,257] {logging_mixin.py:115} INFO - [2022-08-05 18:43:36,257] {dag.py:2371} INFO - Sync 1 DAGs
[2022-08-05 18:43:36,341] {logging_mixin.py:115} INFO - [2022-08-05 18:43:36,341] {dag.py:2919} INFO - Setting next_dagrun for example_task_group to 2022-08-04T18:43:36.341532+00:00, run_after=2022-08-05T18:43:36.341532+00:00
[2022-08-05 18:43:36,348] {processor.py:161} INFO - Processing /home/airflow/.local/lib/python3.7/site-packages/airflow/example_dags/example_task_group.py took 0.134 seconds
[2022-08-05 18:44:06,406] {processor.py:153} INFO - Started process (PID=789) to work on /home/airflow/.local/lib/python3.7/site-packages/airflow/example_dags/example_task_group.py
[2022-08-05 18:44:06,410] {processor.py:641} INFO - Processing file /home/airflow/.local/lib/python3.7/site-packages/airflow/example_dags/example_task_group.py for tasks to queue
[2022-08-05 18:44:06,412] {logging_mixin.py:115} INFO - [2022-08-05 18:44:06,412] {dagbag.py:507} INFO - Filling up the DagBag from /home/airflow/.local/lib/python3.7/site-packages/airflow/example_dags/example_task_group.py
[2022-08-05 18:44:06,423] {processor.py:651} INFO - DAG(s) dict_keys(['example_task_group']) retrieved from /home/airflow/.local/lib/python3.7/site-packages/airflow/example_dags/example_task_group.py
[2022-08-05 18:44:06,448] {logging_mixin.py:115} INFO - [2022-08-05 18:44:06,448] {dag.py:2371} INFO - Sync 1 DAGs
[2022-08-05 18:44:06,541] {logging_mixin.py:115} INFO - [2022-08-05 18:44:06,541] {dag.py:2919} INFO - Setting next_dagrun for example_task_group to 2022-08-04T18:44:06.540938+00:00, run_after=2022-08-05T18:44:06.540938+00:00
[2022-08-05 18:44:06,548] {processor.py:161} INFO - Processing /home/airflow/.local/lib/python3.7/site-packages/airflow/example_dags/example_task_group.py took 0.147 seconds
[2022-08-05 18:44:36,663] {processor.py:153} INFO - Started process (PID=843) to work on /home/airflow/.local/lib/python3.7/site-packages/airflow/example_dags/example_task_group.py
[2022-08-05 18:44:36,665] {processor.py:641} INFO - Processing file /home/airflow/.local/lib/python3.7/site-packages/airflow/example_dags/example_task_group.py for tasks to queue
[2022-08-05 18:44:36,667] {logging_mixin.py:115} INFO - [2022-08-05 18:44:36,667] {dagbag.py:507} INFO - Filling up the DagBag from /home/airflow/.local/lib/python3.7/site-packages/airflow/example_dags/example_task_group.py
[2022-08-05 18:44:36,672] {processor.py:651} INFO - DAG(s) dict_keys(['example_task_group']) retrieved from /home/airflow/.local/lib/python3.7/site-packages/airflow/example_dags/example_task_group.py
[2022-08-05 18:44:36,688] {logging_mixin.py:115} INFO - [2022-08-05 18:44:36,688] {dag.py:2371} INFO - Sync 1 DAGs
[2022-08-05 18:44:36,780] {logging_mixin.py:115} INFO - [2022-08-05 18:44:36,780] {dag.py:2919} INFO - Setting next_dagrun for example_task_group to 2022-08-04T18:44:36.780497+00:00, run_after=2022-08-05T18:44:36.780497+00:00
[2022-08-05 18:44:36,788] {processor.py:161} INFO - Processing /home/airflow/.local/lib/python3.7/site-packages/airflow/example_dags/example_task_group.py took 0.127 seconds
[2022-08-05 18:45:07,748] {processor.py:153} INFO - Started process (PID=906) to work on /home/airflow/.local/lib/python3.7/site-packages/airflow/example_dags/example_task_group.py
[2022-08-05 18:45:07,752] {processor.py:641} INFO - Processing file /home/airflow/.local/lib/python3.7/site-packages/airflow/example_dags/example_task_group.py for tasks to queue
[2022-08-05 18:45:07,754] {logging_mixin.py:115} INFO - [2022-08-05 18:45:07,754] {dagbag.py:507} INFO - Filling up the DagBag from /home/airflow/.local/lib/python3.7/site-packages/airflow/example_dags/example_task_group.py
[2022-08-05 18:45:07,767] {processor.py:651} INFO - DAG(s) dict_keys(['example_task_group']) retrieved from /home/airflow/.local/lib/python3.7/site-packages/airflow/example_dags/example_task_group.py
[2022-08-05 18:45:07,790] {logging_mixin.py:115} INFO - [2022-08-05 18:45:07,790] {dag.py:2371} INFO - Sync 1 DAGs
[2022-08-05 18:45:07,877] {logging_mixin.py:115} INFO - [2022-08-05 18:45:07,877] {dag.py:2919} INFO - Setting next_dagrun for example_task_group to 2022-08-04T18:45:07.877343+00:00, run_after=2022-08-05T18:45:07.877343+00:00
[2022-08-05 18:45:07,884] {processor.py:161} INFO - Processing /home/airflow/.local/lib/python3.7/site-packages/airflow/example_dags/example_task_group.py took 0.142 seconds
[2022-08-05 18:45:38,729] {processor.py:153} INFO - Started process (PID=967) to work on /home/airflow/.local/lib/python3.7/site-packages/airflow/example_dags/example_task_group.py
[2022-08-05 18:45:38,732] {processor.py:641} INFO - Processing file /home/airflow/.local/lib/python3.7/site-packages/airflow/example_dags/example_task_group.py for tasks to queue
[2022-08-05 18:45:38,735] {logging_mixin.py:115} INFO - [2022-08-05 18:45:38,735] {dagbag.py:507} INFO - Filling up the DagBag from /home/airflow/.local/lib/python3.7/site-packages/airflow/example_dags/example_task_group.py
[2022-08-05 18:45:38,743] {processor.py:651} INFO - DAG(s) dict_keys(['example_task_group']) retrieved from /home/airflow/.local/lib/python3.7/site-packages/airflow/example_dags/example_task_group.py
[2022-08-05 18:45:38,766] {logging_mixin.py:115} INFO - [2022-08-05 18:45:38,766] {dag.py:2371} INFO - Sync 1 DAGs
[2022-08-05 18:45:38,851] {logging_mixin.py:115} INFO - [2022-08-05 18:45:38,851] {dag.py:2919} INFO - Setting next_dagrun for example_task_group to 2022-08-04T18:45:38.851549+00:00, run_after=2022-08-05T18:45:38.851549+00:00
[2022-08-05 18:45:38,859] {processor.py:161} INFO - Processing /home/airflow/.local/lib/python3.7/site-packages/airflow/example_dags/example_task_group.py took 0.135 seconds
[2022-08-05 18:46:09,599] {processor.py:153} INFO - Started process (PID=1029) to work on /home/airflow/.local/lib/python3.7/site-packages/airflow/example_dags/example_task_group.py
[2022-08-05 18:46:09,603] {processor.py:641} INFO - Processing file /home/airflow/.local/lib/python3.7/site-packages/airflow/example_dags/example_task_group.py for tasks to queue
[2022-08-05 18:46:09,605] {logging_mixin.py:115} INFO - [2022-08-05 18:46:09,605] {dagbag.py:507} INFO - Filling up the DagBag from /home/airflow/.local/lib/python3.7/site-packages/airflow/example_dags/example_task_group.py
[2022-08-05 18:46:09,612] {processor.py:651} INFO - DAG(s) dict_keys(['example_task_group']) retrieved from /home/airflow/.local/lib/python3.7/site-packages/airflow/example_dags/example_task_group.py
[2022-08-05 18:46:09,634] {logging_mixin.py:115} INFO - [2022-08-05 18:46:09,634] {dag.py:2371} INFO - Sync 1 DAGs
[2022-08-05 18:46:09,717] {logging_mixin.py:115} INFO - [2022-08-05 18:46:09,717] {dag.py:2919} INFO - Setting next_dagrun for example_task_group to 2022-08-04T18:46:09.717454+00:00, run_after=2022-08-05T18:46:09.717454+00:00
[2022-08-05 18:46:09,724] {processor.py:161} INFO - Processing /home/airflow/.local/lib/python3.7/site-packages/airflow/example_dags/example_task_group.py took 0.132 seconds
[2022-08-05 18:46:40,438] {processor.py:153} INFO - Started process (PID=1092) to work on /home/airflow/.local/lib/python3.7/site-packages/airflow/example_dags/example_task_group.py
[2022-08-05 18:46:40,441] {processor.py:641} INFO - Processing file /home/airflow/.local/lib/python3.7/site-packages/airflow/example_dags/example_task_group.py for tasks to queue
[2022-08-05 18:46:40,442] {logging_mixin.py:115} INFO - [2022-08-05 18:46:40,442] {dagbag.py:507} INFO - Filling up the DagBag from /home/airflow/.local/lib/python3.7/site-packages/airflow/example_dags/example_task_group.py
[2022-08-05 18:46:40,452] {processor.py:651} INFO - DAG(s) dict_keys(['example_task_group']) retrieved from /home/airflow/.local/lib/python3.7/site-packages/airflow/example_dags/example_task_group.py
[2022-08-05 18:46:40,475] {logging_mixin.py:115} INFO - [2022-08-05 18:46:40,475] {dag.py:2371} INFO - Sync 1 DAGs
[2022-08-05 18:46:40,561] {logging_mixin.py:115} INFO - [2022-08-05 18:46:40,561] {dag.py:2919} INFO - Setting next_dagrun for example_task_group to 2022-08-04T18:46:40.561770+00:00, run_after=2022-08-05T18:46:40.561770+00:00
[2022-08-05 18:46:40,568] {processor.py:161} INFO - Processing /home/airflow/.local/lib/python3.7/site-packages/airflow/example_dags/example_task_group.py took 0.139 seconds
[2022-08-05 18:47:11,290] {processor.py:153} INFO - Started process (PID=1154) to work on /home/airflow/.local/lib/python3.7/site-packages/airflow/example_dags/example_task_group.py
[2022-08-05 18:47:11,292] {processor.py:641} INFO - Processing file /home/airflow/.local/lib/python3.7/site-packages/airflow/example_dags/example_task_group.py for tasks to queue
[2022-08-05 18:47:11,294] {logging_mixin.py:115} INFO - [2022-08-05 18:47:11,294] {dagbag.py:507} INFO - Filling up the DagBag from /home/airflow/.local/lib/python3.7/site-packages/airflow/example_dags/example_task_group.py
[2022-08-05 18:47:11,300] {processor.py:651} INFO - DAG(s) dict_keys(['example_task_group']) retrieved from /home/airflow/.local/lib/python3.7/site-packages/airflow/example_dags/example_task_group.py
[2022-08-05 18:47:11,321] {logging_mixin.py:115} INFO - [2022-08-05 18:47:11,321] {dag.py:2371} INFO - Sync 1 DAGs
[2022-08-05 18:47:11,404] {logging_mixin.py:115} INFO - [2022-08-05 18:47:11,404] {dag.py:2919} INFO - Setting next_dagrun for example_task_group to 2022-08-04T18:47:11.404638+00:00, run_after=2022-08-05T18:47:11.404638+00:00
[2022-08-05 18:47:11,411] {processor.py:161} INFO - Processing /home/airflow/.local/lib/python3.7/site-packages/airflow/example_dags/example_task_group.py took 0.127 seconds
[2022-08-05 18:47:42,185] {processor.py:153} INFO - Started process (PID=1217) to work on /home/airflow/.local/lib/python3.7/site-packages/airflow/example_dags/example_task_group.py
[2022-08-05 18:47:42,188] {processor.py:641} INFO - Processing file /home/airflow/.local/lib/python3.7/site-packages/airflow/example_dags/example_task_group.py for tasks to queue
[2022-08-05 18:47:42,191] {logging_mixin.py:115} INFO - [2022-08-05 18:47:42,191] {dagbag.py:507} INFO - Filling up the DagBag from /home/airflow/.local/lib/python3.7/site-packages/airflow/example_dags/example_task_group.py
[2022-08-05 18:47:42,201] {processor.py:651} INFO - DAG(s) dict_keys(['example_task_group']) retrieved from /home/airflow/.local/lib/python3.7/site-packages/airflow/example_dags/example_task_group.py
[2022-08-05 18:47:42,225] {logging_mixin.py:115} INFO - [2022-08-05 18:47:42,225] {dag.py:2371} INFO - Sync 1 DAGs
[2022-08-05 18:47:42,318] {logging_mixin.py:115} INFO - [2022-08-05 18:47:42,318] {dag.py:2919} INFO - Setting next_dagrun for example_task_group to 2022-08-04T18:47:42.317992+00:00, run_after=2022-08-05T18:47:42.317992+00:00
[2022-08-05 18:47:42,325] {processor.py:161} INFO - Processing /home/airflow/.local/lib/python3.7/site-packages/airflow/example_dags/example_task_group.py took 0.147 seconds
[2022-08-05 18:48:13,025] {processor.py:153} INFO - Started process (PID=1279) to work on /home/airflow/.local/lib/python3.7/site-packages/airflow/example_dags/example_task_group.py
[2022-08-05 18:48:13,028] {processor.py:641} INFO - Processing file /home/airflow/.local/lib/python3.7/site-packages/airflow/example_dags/example_task_group.py for tasks to queue
[2022-08-05 18:48:13,031] {logging_mixin.py:115} INFO - [2022-08-05 18:48:13,031] {dagbag.py:507} INFO - Filling up the DagBag from /home/airflow/.local/lib/python3.7/site-packages/airflow/example_dags/example_task_group.py
[2022-08-05 18:48:13,039] {processor.py:651} INFO - DAG(s) dict_keys(['example_task_group']) retrieved from /home/airflow/.local/lib/python3.7/site-packages/airflow/example_dags/example_task_group.py
[2022-08-05 18:48:13,061] {logging_mixin.py:115} INFO - [2022-08-05 18:48:13,061] {dag.py:2371} INFO - Sync 1 DAGs
[2022-08-05 18:48:13,150] {logging_mixin.py:115} INFO - [2022-08-05 18:48:13,149] {dag.py:2919} INFO - Setting next_dagrun for example_task_group to 2022-08-04T18:48:13.149894+00:00, run_after=2022-08-05T18:48:13.149894+00:00
[2022-08-05 18:48:13,157] {processor.py:161} INFO - Processing /home/airflow/.local/lib/python3.7/site-packages/airflow/example_dags/example_task_group.py took 0.141 seconds
[2022-08-05 18:48:43,888] {processor.py:153} INFO - Started process (PID=1334) to work on /home/airflow/.local/lib/python3.7/site-packages/airflow/example_dags/example_task_group.py
[2022-08-05 18:48:43,890] {processor.py:641} INFO - Processing file /home/airflow/.local/lib/python3.7/site-packages/airflow/example_dags/example_task_group.py for tasks to queue
[2022-08-05 18:48:43,893] {logging_mixin.py:115} INFO - [2022-08-05 18:48:43,893] {dagbag.py:507} INFO - Filling up the DagBag from /home/airflow/.local/lib/python3.7/site-packages/airflow/example_dags/example_task_group.py
[2022-08-05 18:48:43,899] {processor.py:651} INFO - DAG(s) dict_keys(['example_task_group']) retrieved from /home/airflow/.local/lib/python3.7/site-packages/airflow/example_dags/example_task_group.py
[2022-08-05 18:48:43,919] {logging_mixin.py:115} INFO - [2022-08-05 18:48:43,918] {dag.py:2371} INFO - Sync 1 DAGs
[2022-08-05 18:48:44,024] {logging_mixin.py:115} INFO - [2022-08-05 18:48:44,024] {dag.py:2919} INFO - Setting next_dagrun for example_task_group to 2022-08-04T18:48:44.023995+00:00, run_after=2022-08-05T18:48:44.023995+00:00
[2022-08-05 18:48:44,030] {processor.py:161} INFO - Processing /home/airflow/.local/lib/python3.7/site-packages/airflow/example_dags/example_task_group.py took 0.145 seconds
[2022-08-05 18:49:14,810] {processor.py:153} INFO - Started process (PID=1395) to work on /home/airflow/.local/lib/python3.7/site-packages/airflow/example_dags/example_task_group.py
[2022-08-05 18:49:14,813] {processor.py:641} INFO - Processing file /home/airflow/.local/lib/python3.7/site-packages/airflow/example_dags/example_task_group.py for tasks to queue
[2022-08-05 18:49:14,814] {logging_mixin.py:115} INFO - [2022-08-05 18:49:14,814] {dagbag.py:507} INFO - Filling up the DagBag from /home/airflow/.local/lib/python3.7/site-packages/airflow/example_dags/example_task_group.py
[2022-08-05 18:49:14,819] {processor.py:651} INFO - DAG(s) dict_keys(['example_task_group']) retrieved from /home/airflow/.local/lib/python3.7/site-packages/airflow/example_dags/example_task_group.py
[2022-08-05 18:49:14,834] {logging_mixin.py:115} INFO - [2022-08-05 18:49:14,834] {dag.py:2371} INFO - Sync 1 DAGs
[2022-08-05 18:49:14,929] {logging_mixin.py:115} INFO - [2022-08-05 18:49:14,929] {dag.py:2919} INFO - Setting next_dagrun for example_task_group to 2022-08-04T18:49:14.929637+00:00, run_after=2022-08-05T18:49:14.929637+00:00
[2022-08-05 18:49:14,937] {processor.py:161} INFO - Processing /home/airflow/.local/lib/python3.7/site-packages/airflow/example_dags/example_task_group.py took 0.129 seconds
[2022-08-05 18:49:45,781] {processor.py:153} INFO - Started process (PID=1457) to work on /home/airflow/.local/lib/python3.7/site-packages/airflow/example_dags/example_task_group.py
[2022-08-05 18:49:45,783] {processor.py:641} INFO - Processing file /home/airflow/.local/lib/python3.7/site-packages/airflow/example_dags/example_task_group.py for tasks to queue
[2022-08-05 18:49:45,786] {logging_mixin.py:115} INFO - [2022-08-05 18:49:45,786] {dagbag.py:507} INFO - Filling up the DagBag from /home/airflow/.local/lib/python3.7/site-packages/airflow/example_dags/example_task_group.py
[2022-08-05 18:49:45,796] {processor.py:651} INFO - DAG(s) dict_keys(['example_task_group']) retrieved from /home/airflow/.local/lib/python3.7/site-packages/airflow/example_dags/example_task_group.py
[2022-08-05 18:49:45,817] {logging_mixin.py:115} INFO - [2022-08-05 18:49:45,817] {dag.py:2371} INFO - Sync 1 DAGs
[2022-08-05 18:49:45,907] {logging_mixin.py:115} INFO - [2022-08-05 18:49:45,907] {dag.py:2919} INFO - Setting next_dagrun for example_task_group to 2022-08-04T18:49:45.907076+00:00, run_after=2022-08-05T18:49:45.907076+00:00
[2022-08-05 18:49:45,914] {processor.py:161} INFO - Processing /home/airflow/.local/lib/python3.7/site-packages/airflow/example_dags/example_task_group.py took 0.137 seconds
[2022-08-05 18:50:16,513] {processor.py:153} INFO - Started process (PID=1520) to work on /home/airflow/.local/lib/python3.7/site-packages/airflow/example_dags/example_task_group.py
[2022-08-05 18:50:16,516] {processor.py:641} INFO - Processing file /home/airflow/.local/lib/python3.7/site-packages/airflow/example_dags/example_task_group.py for tasks to queue
[2022-08-05 18:50:16,519] {logging_mixin.py:115} INFO - [2022-08-05 18:50:16,519] {dagbag.py:507} INFO - Filling up the DagBag from /home/airflow/.local/lib/python3.7/site-packages/airflow/example_dags/example_task_group.py
[2022-08-05 18:50:16,529] {processor.py:651} INFO - DAG(s) dict_keys(['example_task_group']) retrieved from /home/airflow/.local/lib/python3.7/site-packages/airflow/example_dags/example_task_group.py
[2022-08-05 18:50:16,552] {logging_mixin.py:115} INFO - [2022-08-05 18:50:16,552] {dag.py:2371} INFO - Sync 1 DAGs
[2022-08-05 18:50:16,639] {logging_mixin.py:115} INFO - [2022-08-05 18:50:16,639] {dag.py:2919} INFO - Setting next_dagrun for example_task_group to 2022-08-04T18:50:16.639060+00:00, run_after=2022-08-05T18:50:16.639060+00:00
[2022-08-05 18:50:16,645] {processor.py:161} INFO - Processing /home/airflow/.local/lib/python3.7/site-packages/airflow/example_dags/example_task_group.py took 0.138 seconds
[2022-08-05 18:50:47,204] {processor.py:153} INFO - Started process (PID=1583) to work on /home/airflow/.local/lib/python3.7/site-packages/airflow/example_dags/example_task_group.py
[2022-08-05 18:50:47,208] {processor.py:641} INFO - Processing file /home/airflow/.local/lib/python3.7/site-packages/airflow/example_dags/example_task_group.py for tasks to queue
[2022-08-05 18:50:47,211] {logging_mixin.py:115} INFO - [2022-08-05 18:50:47,210] {dagbag.py:507} INFO - Filling up the DagBag from /home/airflow/.local/lib/python3.7/site-packages/airflow/example_dags/example_task_group.py
[2022-08-05 18:50:47,220] {processor.py:651} INFO - DAG(s) dict_keys(['example_task_group']) retrieved from /home/airflow/.local/lib/python3.7/site-packages/airflow/example_dags/example_task_group.py
[2022-08-05 18:50:47,243] {logging_mixin.py:115} INFO - [2022-08-05 18:50:47,243] {dag.py:2371} INFO - Sync 1 DAGs
[2022-08-05 18:50:47,333] {logging_mixin.py:115} INFO - [2022-08-05 18:50:47,333] {dag.py:2919} INFO - Setting next_dagrun for example_task_group to 2022-08-04T18:50:47.332974+00:00, run_after=2022-08-05T18:50:47.332974+00:00
[2022-08-05 18:50:47,339] {processor.py:161} INFO - Processing /home/airflow/.local/lib/python3.7/site-packages/airflow/example_dags/example_task_group.py took 0.140 seconds
[2022-08-05 18:51:18,037] {processor.py:153} INFO - Started process (PID=1645) to work on /home/airflow/.local/lib/python3.7/site-packages/airflow/example_dags/example_task_group.py
[2022-08-05 18:51:18,039] {processor.py:641} INFO - Processing file /home/airflow/.local/lib/python3.7/site-packages/airflow/example_dags/example_task_group.py for tasks to queue
[2022-08-05 18:51:18,040] {logging_mixin.py:115} INFO - [2022-08-05 18:51:18,040] {dagbag.py:507} INFO - Filling up the DagBag from /home/airflow/.local/lib/python3.7/site-packages/airflow/example_dags/example_task_group.py
[2022-08-05 18:51:18,045] {processor.py:651} INFO - DAG(s) dict_keys(['example_task_group']) retrieved from /home/airflow/.local/lib/python3.7/site-packages/airflow/example_dags/example_task_group.py
[2022-08-05 18:51:18,062] {logging_mixin.py:115} INFO - [2022-08-05 18:51:18,062] {dag.py:2371} INFO - Sync 1 DAGs
[2022-08-05 18:51:18,150] {logging_mixin.py:115} INFO - [2022-08-05 18:51:18,149] {dag.py:2919} INFO - Setting next_dagrun for example_task_group to 2022-08-04T18:51:18.149865+00:00, run_after=2022-08-05T18:51:18.149865+00:00
[2022-08-05 18:51:18,156] {processor.py:161} INFO - Processing /home/airflow/.local/lib/python3.7/site-packages/airflow/example_dags/example_task_group.py took 0.122 seconds
[2022-08-05 18:51:49,148] {processor.py:153} INFO - Started process (PID=1707) to work on /home/airflow/.local/lib/python3.7/site-packages/airflow/example_dags/example_task_group.py
[2022-08-05 18:51:49,151] {processor.py:641} INFO - Processing file /home/airflow/.local/lib/python3.7/site-packages/airflow/example_dags/example_task_group.py for tasks to queue
[2022-08-05 18:51:49,153] {logging_mixin.py:115} INFO - [2022-08-05 18:51:49,153] {dagbag.py:507} INFO - Filling up the DagBag from /home/airflow/.local/lib/python3.7/site-packages/airflow/example_dags/example_task_group.py
[2022-08-05 18:51:49,162] {processor.py:651} INFO - DAG(s) dict_keys(['example_task_group']) retrieved from /home/airflow/.local/lib/python3.7/site-packages/airflow/example_dags/example_task_group.py
[2022-08-05 18:51:49,183] {logging_mixin.py:115} INFO - [2022-08-05 18:51:49,183] {dag.py:2371} INFO - Sync 1 DAGs
[2022-08-05 18:51:49,271] {logging_mixin.py:115} INFO - [2022-08-05 18:51:49,271] {dag.py:2919} INFO - Setting next_dagrun for example_task_group to 2022-08-04T18:51:49.271420+00:00, run_after=2022-08-05T18:51:49.271420+00:00
[2022-08-05 18:51:49,277] {processor.py:161} INFO - Processing /home/airflow/.local/lib/python3.7/site-packages/airflow/example_dags/example_task_group.py took 0.135 seconds
[2022-08-05 18:52:19,979] {processor.py:153} INFO - Started process (PID=1769) to work on /home/airflow/.local/lib/python3.7/site-packages/airflow/example_dags/example_task_group.py
[2022-08-05 18:52:19,982] {processor.py:641} INFO - Processing file /home/airflow/.local/lib/python3.7/site-packages/airflow/example_dags/example_task_group.py for tasks to queue
[2022-08-05 18:52:19,984] {logging_mixin.py:115} INFO - [2022-08-05 18:52:19,984] {dagbag.py:507} INFO - Filling up the DagBag from /home/airflow/.local/lib/python3.7/site-packages/airflow/example_dags/example_task_group.py
[2022-08-05 18:52:19,993] {processor.py:651} INFO - DAG(s) dict_keys(['example_task_group']) retrieved from /home/airflow/.local/lib/python3.7/site-packages/airflow/example_dags/example_task_group.py
[2022-08-05 18:52:20,014] {logging_mixin.py:115} INFO - [2022-08-05 18:52:20,014] {dag.py:2371} INFO - Sync 1 DAGs
[2022-08-05 18:52:20,107] {logging_mixin.py:115} INFO - [2022-08-05 18:52:20,107] {dag.py:2919} INFO - Setting next_dagrun for example_task_group to 2022-08-04T18:52:20.107185+00:00, run_after=2022-08-05T18:52:20.107185+00:00
[2022-08-05 18:52:20,113] {processor.py:161} INFO - Processing /home/airflow/.local/lib/python3.7/site-packages/airflow/example_dags/example_task_group.py took 0.139 seconds
[2022-08-05 18:52:50,665] {processor.py:153} INFO - Started process (PID=1831) to work on /home/airflow/.local/lib/python3.7/site-packages/airflow/example_dags/example_task_group.py
[2022-08-05 18:52:50,666] {processor.py:641} INFO - Processing file /home/airflow/.local/lib/python3.7/site-packages/airflow/example_dags/example_task_group.py for tasks to queue
[2022-08-05 18:52:50,667] {logging_mixin.py:115} INFO - [2022-08-05 18:52:50,667] {dagbag.py:507} INFO - Filling up the DagBag from /home/airflow/.local/lib/python3.7/site-packages/airflow/example_dags/example_task_group.py
[2022-08-05 18:52:50,672] {processor.py:651} INFO - DAG(s) dict_keys(['example_task_group']) retrieved from /home/airflow/.local/lib/python3.7/site-packages/airflow/example_dags/example_task_group.py
[2022-08-05 18:52:50,693] {logging_mixin.py:115} INFO - [2022-08-05 18:52:50,692] {dag.py:2371} INFO - Sync 1 DAGs
[2022-08-05 18:52:50,802] {logging_mixin.py:115} INFO - [2022-08-05 18:52:50,802] {dag.py:2919} INFO - Setting next_dagrun for example_task_group to 2022-08-04T18:52:50.802757+00:00, run_after=2022-08-05T18:52:50.802757+00:00
[2022-08-05 18:52:50,810] {processor.py:161} INFO - Processing /home/airflow/.local/lib/python3.7/site-packages/airflow/example_dags/example_task_group.py took 0.147 seconds
[2022-08-05 18:53:21,606] {processor.py:153} INFO - Started process (PID=1884) to work on /home/airflow/.local/lib/python3.7/site-packages/airflow/example_dags/example_task_group.py
[2022-08-05 18:53:21,608] {processor.py:641} INFO - Processing file /home/airflow/.local/lib/python3.7/site-packages/airflow/example_dags/example_task_group.py for tasks to queue
[2022-08-05 18:53:21,609] {logging_mixin.py:115} INFO - [2022-08-05 18:53:21,609] {dagbag.py:507} INFO - Filling up the DagBag from /home/airflow/.local/lib/python3.7/site-packages/airflow/example_dags/example_task_group.py
[2022-08-05 18:53:21,614] {processor.py:651} INFO - DAG(s) dict_keys(['example_task_group']) retrieved from /home/airflow/.local/lib/python3.7/site-packages/airflow/example_dags/example_task_group.py
[2022-08-05 18:53:21,631] {logging_mixin.py:115} INFO - [2022-08-05 18:53:21,631] {dag.py:2371} INFO - Sync 1 DAGs
[2022-08-05 18:53:21,726] {logging_mixin.py:115} INFO - [2022-08-05 18:53:21,726] {dag.py:2919} INFO - Setting next_dagrun for example_task_group to 2022-08-04T18:53:21.726289+00:00, run_after=2022-08-05T18:53:21.726289+00:00
[2022-08-05 18:53:21,734] {processor.py:161} INFO - Processing /home/airflow/.local/lib/python3.7/site-packages/airflow/example_dags/example_task_group.py took 0.131 seconds
[2022-08-05 18:53:52,403] {processor.py:153} INFO - Started process (PID=1946) to work on /home/airflow/.local/lib/python3.7/site-packages/airflow/example_dags/example_task_group.py
[2022-08-05 18:53:52,404] {processor.py:641} INFO - Processing file /home/airflow/.local/lib/python3.7/site-packages/airflow/example_dags/example_task_group.py for tasks to queue
[2022-08-05 18:53:52,406] {logging_mixin.py:115} INFO - [2022-08-05 18:53:52,406] {dagbag.py:507} INFO - Filling up the DagBag from /home/airflow/.local/lib/python3.7/site-packages/airflow/example_dags/example_task_group.py
[2022-08-05 18:53:52,413] {processor.py:651} INFO - DAG(s) dict_keys(['example_task_group']) retrieved from /home/airflow/.local/lib/python3.7/site-packages/airflow/example_dags/example_task_group.py
[2022-08-05 18:53:52,435] {logging_mixin.py:115} INFO - [2022-08-05 18:53:52,434] {dag.py:2371} INFO - Sync 1 DAGs
[2022-08-05 18:53:52,517] {logging_mixin.py:115} INFO - [2022-08-05 18:53:52,517] {dag.py:2919} INFO - Setting next_dagrun for example_task_group to 2022-08-04T18:53:52.517661+00:00, run_after=2022-08-05T18:53:52.517661+00:00
[2022-08-05 18:53:52,524] {processor.py:161} INFO - Processing /home/airflow/.local/lib/python3.7/site-packages/airflow/example_dags/example_task_group.py took 0.125 seconds
[2022-08-05 18:54:23,283] {processor.py:153} INFO - Started process (PID=2008) to work on /home/airflow/.local/lib/python3.7/site-packages/airflow/example_dags/example_task_group.py
[2022-08-05 18:54:23,289] {processor.py:641} INFO - Processing file /home/airflow/.local/lib/python3.7/site-packages/airflow/example_dags/example_task_group.py for tasks to queue
[2022-08-05 18:54:23,292] {logging_mixin.py:115} INFO - [2022-08-05 18:54:23,292] {dagbag.py:507} INFO - Filling up the DagBag from /home/airflow/.local/lib/python3.7/site-packages/airflow/example_dags/example_task_group.py
[2022-08-05 18:54:23,301] {processor.py:651} INFO - DAG(s) dict_keys(['example_task_group']) retrieved from /home/airflow/.local/lib/python3.7/site-packages/airflow/example_dags/example_task_group.py
[2022-08-05 18:54:23,329] {logging_mixin.py:115} INFO - [2022-08-05 18:54:23,329] {dag.py:2371} INFO - Sync 1 DAGs
[2022-08-05 18:54:23,430] {logging_mixin.py:115} INFO - [2022-08-05 18:54:23,430] {dag.py:2919} INFO - Setting next_dagrun for example_task_group to 2022-08-04T18:54:23.429905+00:00, run_after=2022-08-05T18:54:23.429905+00:00
[2022-08-05 18:54:23,437] {processor.py:161} INFO - Processing /home/airflow/.local/lib/python3.7/site-packages/airflow/example_dags/example_task_group.py took 0.160 seconds
[2022-08-05 18:54:54,210] {processor.py:153} INFO - Started process (PID=2070) to work on /home/airflow/.local/lib/python3.7/site-packages/airflow/example_dags/example_task_group.py
[2022-08-05 18:54:54,213] {processor.py:641} INFO - Processing file /home/airflow/.local/lib/python3.7/site-packages/airflow/example_dags/example_task_group.py for tasks to queue
[2022-08-05 18:54:54,215] {logging_mixin.py:115} INFO - [2022-08-05 18:54:54,215] {dagbag.py:507} INFO - Filling up the DagBag from /home/airflow/.local/lib/python3.7/site-packages/airflow/example_dags/example_task_group.py
[2022-08-05 18:54:54,224] {processor.py:651} INFO - DAG(s) dict_keys(['example_task_group']) retrieved from /home/airflow/.local/lib/python3.7/site-packages/airflow/example_dags/example_task_group.py
[2022-08-05 18:54:54,249] {logging_mixin.py:115} INFO - [2022-08-05 18:54:54,249] {dag.py:2371} INFO - Sync 1 DAGs
[2022-08-05 18:54:54,332] {logging_mixin.py:115} INFO - [2022-08-05 18:54:54,332] {dag.py:2919} INFO - Setting next_dagrun for example_task_group to 2022-08-04T18:54:54.332528+00:00, run_after=2022-08-05T18:54:54.332528+00:00
[2022-08-05 18:54:54,339] {processor.py:161} INFO - Processing /home/airflow/.local/lib/python3.7/site-packages/airflow/example_dags/example_task_group.py took 0.137 seconds
[2022-08-05 18:55:25,071] {processor.py:153} INFO - Started process (PID=2133) to work on /home/airflow/.local/lib/python3.7/site-packages/airflow/example_dags/example_task_group.py
[2022-08-05 18:55:25,073] {processor.py:641} INFO - Processing file /home/airflow/.local/lib/python3.7/site-packages/airflow/example_dags/example_task_group.py for tasks to queue
[2022-08-05 18:55:25,075] {logging_mixin.py:115} INFO - [2022-08-05 18:55:25,075] {dagbag.py:507} INFO - Filling up the DagBag from /home/airflow/.local/lib/python3.7/site-packages/airflow/example_dags/example_task_group.py
[2022-08-05 18:55:25,084] {processor.py:651} INFO - DAG(s) dict_keys(['example_task_group']) retrieved from /home/airflow/.local/lib/python3.7/site-packages/airflow/example_dags/example_task_group.py
[2022-08-05 18:55:25,108] {logging_mixin.py:115} INFO - [2022-08-05 18:55:25,108] {dag.py:2371} INFO - Sync 1 DAGs
[2022-08-05 18:55:25,193] {logging_mixin.py:115} INFO - [2022-08-05 18:55:25,193] {dag.py:2919} INFO - Setting next_dagrun for example_task_group to 2022-08-04T18:55:25.193003+00:00, run_after=2022-08-05T18:55:25.193003+00:00
[2022-08-05 18:55:25,200] {processor.py:161} INFO - Processing /home/airflow/.local/lib/python3.7/site-packages/airflow/example_dags/example_task_group.py took 0.135 seconds
[2022-08-05 18:55:56,129] {processor.py:153} INFO - Started process (PID=2195) to work on /home/airflow/.local/lib/python3.7/site-packages/airflow/example_dags/example_task_group.py
[2022-08-05 18:55:56,131] {processor.py:641} INFO - Processing file /home/airflow/.local/lib/python3.7/site-packages/airflow/example_dags/example_task_group.py for tasks to queue
[2022-08-05 18:55:56,133] {logging_mixin.py:115} INFO - [2022-08-05 18:55:56,133] {dagbag.py:507} INFO - Filling up the DagBag from /home/airflow/.local/lib/python3.7/site-packages/airflow/example_dags/example_task_group.py
[2022-08-05 18:55:56,140] {processor.py:651} INFO - DAG(s) dict_keys(['example_task_group']) retrieved from /home/airflow/.local/lib/python3.7/site-packages/airflow/example_dags/example_task_group.py
[2022-08-05 18:55:56,163] {logging_mixin.py:115} INFO - [2022-08-05 18:55:56,163] {dag.py:2371} INFO - Sync 1 DAGs
[2022-08-05 18:55:56,248] {logging_mixin.py:115} INFO - [2022-08-05 18:55:56,248] {dag.py:2919} INFO - Setting next_dagrun for example_task_group to 2022-08-04T18:55:56.247984+00:00, run_after=2022-08-05T18:55:56.247984+00:00
[2022-08-05 18:55:56,255] {processor.py:161} INFO - Processing /home/airflow/.local/lib/python3.7/site-packages/airflow/example_dags/example_task_group.py took 0.130 seconds
[2022-08-05 18:56:27,136] {processor.py:153} INFO - Started process (PID=2257) to work on /home/airflow/.local/lib/python3.7/site-packages/airflow/example_dags/example_task_group.py
[2022-08-05 18:56:27,140] {processor.py:641} INFO - Processing file /home/airflow/.local/lib/python3.7/site-packages/airflow/example_dags/example_task_group.py for tasks to queue
[2022-08-05 18:56:27,142] {logging_mixin.py:115} INFO - [2022-08-05 18:56:27,142] {dagbag.py:507} INFO - Filling up the DagBag from /home/airflow/.local/lib/python3.7/site-packages/airflow/example_dags/example_task_group.py
[2022-08-05 18:56:27,153] {processor.py:651} INFO - DAG(s) dict_keys(['example_task_group']) retrieved from /home/airflow/.local/lib/python3.7/site-packages/airflow/example_dags/example_task_group.py
[2022-08-05 18:56:27,180] {logging_mixin.py:115} INFO - [2022-08-05 18:56:27,180] {dag.py:2371} INFO - Sync 1 DAGs
[2022-08-05 18:56:27,268] {logging_mixin.py:115} INFO - [2022-08-05 18:56:27,268] {dag.py:2919} INFO - Setting next_dagrun for example_task_group to 2022-08-04T18:56:27.267952+00:00, run_after=2022-08-05T18:56:27.267952+00:00
[2022-08-05 18:56:27,275] {processor.py:161} INFO - Processing /home/airflow/.local/lib/python3.7/site-packages/airflow/example_dags/example_task_group.py took 0.145 seconds
[2022-08-05 18:56:57,972] {processor.py:153} INFO - Started process (PID=2319) to work on /home/airflow/.local/lib/python3.7/site-packages/airflow/example_dags/example_task_group.py
[2022-08-05 18:56:57,974] {processor.py:641} INFO - Processing file /home/airflow/.local/lib/python3.7/site-packages/airflow/example_dags/example_task_group.py for tasks to queue
[2022-08-05 18:56:57,975] {logging_mixin.py:115} INFO - [2022-08-05 18:56:57,975] {dagbag.py:507} INFO - Filling up the DagBag from /home/airflow/.local/lib/python3.7/site-packages/airflow/example_dags/example_task_group.py
[2022-08-05 18:56:57,980] {processor.py:651} INFO - DAG(s) dict_keys(['example_task_group']) retrieved from /home/airflow/.local/lib/python3.7/site-packages/airflow/example_dags/example_task_group.py
[2022-08-05 18:56:57,999] {logging_mixin.py:115} INFO - [2022-08-05 18:56:57,999] {dag.py:2371} INFO - Sync 1 DAGs
[2022-08-05 18:56:58,095] {logging_mixin.py:115} INFO - [2022-08-05 18:56:58,095] {dag.py:2919} INFO - Setting next_dagrun for example_task_group to 2022-08-04T18:56:58.095178+00:00, run_after=2022-08-05T18:56:58.095178+00:00
[2022-08-05 18:56:58,104] {processor.py:161} INFO - Processing /home/airflow/.local/lib/python3.7/site-packages/airflow/example_dags/example_task_group.py took 0.136 seconds
[2022-08-05 18:57:28,814] {processor.py:153} INFO - Started process (PID=2381) to work on /home/airflow/.local/lib/python3.7/site-packages/airflow/example_dags/example_task_group.py
[2022-08-05 18:57:28,815] {processor.py:641} INFO - Processing file /home/airflow/.local/lib/python3.7/site-packages/airflow/example_dags/example_task_group.py for tasks to queue
[2022-08-05 18:57:28,816] {logging_mixin.py:115} INFO - [2022-08-05 18:57:28,816] {dagbag.py:507} INFO - Filling up the DagBag from /home/airflow/.local/lib/python3.7/site-packages/airflow/example_dags/example_task_group.py
[2022-08-05 18:57:28,821] {processor.py:651} INFO - DAG(s) dict_keys(['example_task_group']) retrieved from /home/airflow/.local/lib/python3.7/site-packages/airflow/example_dags/example_task_group.py
[2022-08-05 18:57:28,840] {logging_mixin.py:115} INFO - [2022-08-05 18:57:28,840] {dag.py:2371} INFO - Sync 1 DAGs
[2022-08-05 18:57:28,935] {logging_mixin.py:115} INFO - [2022-08-05 18:57:28,935] {dag.py:2919} INFO - Setting next_dagrun for example_task_group to 2022-08-04T18:57:28.935814+00:00, run_after=2022-08-05T18:57:28.935814+00:00
[2022-08-05 18:57:28,943] {processor.py:161} INFO - Processing /home/airflow/.local/lib/python3.7/site-packages/airflow/example_dags/example_task_group.py took 0.132 seconds
[2022-08-05 18:57:59,701] {processor.py:153} INFO - Started process (PID=2436) to work on /home/airflow/.local/lib/python3.7/site-packages/airflow/example_dags/example_task_group.py
[2022-08-05 18:57:59,705] {processor.py:641} INFO - Processing file /home/airflow/.local/lib/python3.7/site-packages/airflow/example_dags/example_task_group.py for tasks to queue
[2022-08-05 18:57:59,707] {logging_mixin.py:115} INFO - [2022-08-05 18:57:59,707] {dagbag.py:507} INFO - Filling up the DagBag from /home/airflow/.local/lib/python3.7/site-packages/airflow/example_dags/example_task_group.py
[2022-08-05 18:57:59,717] {processor.py:651} INFO - DAG(s) dict_keys(['example_task_group']) retrieved from /home/airflow/.local/lib/python3.7/site-packages/airflow/example_dags/example_task_group.py
[2022-08-05 18:57:59,818] {logging_mixin.py:115} INFO - [2022-08-05 18:57:59,818] {dag.py:2371} INFO - Sync 1 DAGs
[2022-08-05 18:57:59,828] {logging_mixin.py:115} INFO - [2022-08-05 18:57:59,828] {dag.py:2919} INFO - Setting next_dagrun for example_task_group to 2022-08-04T18:57:59.828490+00:00, run_after=2022-08-05T18:57:59.828490+00:00
[2022-08-05 18:57:59,835] {processor.py:161} INFO - Processing /home/airflow/.local/lib/python3.7/site-packages/airflow/example_dags/example_task_group.py took 0.140 seconds
[2022-08-05 18:58:30,619] {processor.py:153} INFO - Started process (PID=2498) to work on /home/airflow/.local/lib/python3.7/site-packages/airflow/example_dags/example_task_group.py
[2022-08-05 18:58:30,623] {processor.py:641} INFO - Processing file /home/airflow/.local/lib/python3.7/site-packages/airflow/example_dags/example_task_group.py for tasks to queue
[2022-08-05 18:58:30,626] {logging_mixin.py:115} INFO - [2022-08-05 18:58:30,626] {dagbag.py:507} INFO - Filling up the DagBag from /home/airflow/.local/lib/python3.7/site-packages/airflow/example_dags/example_task_group.py
[2022-08-05 18:58:30,634] {processor.py:651} INFO - DAG(s) dict_keys(['example_task_group']) retrieved from /home/airflow/.local/lib/python3.7/site-packages/airflow/example_dags/example_task_group.py
[2022-08-05 18:58:30,744] {logging_mixin.py:115} INFO - [2022-08-05 18:58:30,744] {dag.py:2371} INFO - Sync 1 DAGs
[2022-08-05 18:58:30,755] {logging_mixin.py:115} INFO - [2022-08-05 18:58:30,755] {dag.py:2919} INFO - Setting next_dagrun for example_task_group to 2022-08-04T18:58:30.755381+00:00, run_after=2022-08-05T18:58:30.755381+00:00
[2022-08-05 18:58:30,761] {processor.py:161} INFO - Processing /home/airflow/.local/lib/python3.7/site-packages/airflow/example_dags/example_task_group.py took 0.148 seconds
[2022-08-05 18:59:01,479] {processor.py:153} INFO - Started process (PID=2560) to work on /home/airflow/.local/lib/python3.7/site-packages/airflow/example_dags/example_task_group.py
[2022-08-05 18:59:01,481] {processor.py:641} INFO - Processing file /home/airflow/.local/lib/python3.7/site-packages/airflow/example_dags/example_task_group.py for tasks to queue
[2022-08-05 18:59:01,483] {logging_mixin.py:115} INFO - [2022-08-05 18:59:01,483] {dagbag.py:507} INFO - Filling up the DagBag from /home/airflow/.local/lib/python3.7/site-packages/airflow/example_dags/example_task_group.py
[2022-08-05 18:59:01,492] {processor.py:651} INFO - DAG(s) dict_keys(['example_task_group']) retrieved from /home/airflow/.local/lib/python3.7/site-packages/airflow/example_dags/example_task_group.py
[2022-08-05 18:59:01,598] {logging_mixin.py:115} INFO - [2022-08-05 18:59:01,597] {dag.py:2371} INFO - Sync 1 DAGs
[2022-08-05 18:59:01,611] {logging_mixin.py:115} INFO - [2022-08-05 18:59:01,611] {dag.py:2919} INFO - Setting next_dagrun for example_task_group to 2022-08-04T18:59:01.611082+00:00, run_after=2022-08-05T18:59:01.611082+00:00
[2022-08-05 18:59:01,617] {processor.py:161} INFO - Processing /home/airflow/.local/lib/python3.7/site-packages/airflow/example_dags/example_task_group.py took 0.147 seconds
[2022-08-05 18:59:32,490] {processor.py:153} INFO - Started process (PID=2622) to work on /home/airflow/.local/lib/python3.7/site-packages/airflow/example_dags/example_task_group.py
[2022-08-05 18:59:32,492] {processor.py:641} INFO - Processing file /home/airflow/.local/lib/python3.7/site-packages/airflow/example_dags/example_task_group.py for tasks to queue
[2022-08-05 18:59:32,493] {logging_mixin.py:115} INFO - [2022-08-05 18:59:32,493] {dagbag.py:507} INFO - Filling up the DagBag from /home/airflow/.local/lib/python3.7/site-packages/airflow/example_dags/example_task_group.py
[2022-08-05 18:59:32,503] {processor.py:651} INFO - DAG(s) dict_keys(['example_task_group']) retrieved from /home/airflow/.local/lib/python3.7/site-packages/airflow/example_dags/example_task_group.py
[2022-08-05 18:59:32,604] {logging_mixin.py:115} INFO - [2022-08-05 18:59:32,604] {dag.py:2371} INFO - Sync 1 DAGs
[2022-08-05 18:59:32,615] {logging_mixin.py:115} INFO - [2022-08-05 18:59:32,615] {dag.py:2919} INFO - Setting next_dagrun for example_task_group to 2022-08-04T18:59:32.615200+00:00, run_after=2022-08-05T18:59:32.615200+00:00
[2022-08-05 18:59:32,623] {processor.py:161} INFO - Processing /home/airflow/.local/lib/python3.7/site-packages/airflow/example_dags/example_task_group.py took 0.139 seconds
[2022-08-05 19:00:03,301] {processor.py:153} INFO - Started process (PID=2685) to work on /home/airflow/.local/lib/python3.7/site-packages/airflow/example_dags/example_task_group.py
[2022-08-05 19:00:03,303] {processor.py:641} INFO - Processing file /home/airflow/.local/lib/python3.7/site-packages/airflow/example_dags/example_task_group.py for tasks to queue
[2022-08-05 19:00:03,305] {logging_mixin.py:115} INFO - [2022-08-05 19:00:03,305] {dagbag.py:507} INFO - Filling up the DagBag from /home/airflow/.local/lib/python3.7/site-packages/airflow/example_dags/example_task_group.py
[2022-08-05 19:00:03,312] {processor.py:651} INFO - DAG(s) dict_keys(['example_task_group']) retrieved from /home/airflow/.local/lib/python3.7/site-packages/airflow/example_dags/example_task_group.py
[2022-08-05 19:00:03,404] {logging_mixin.py:115} INFO - [2022-08-05 19:00:03,404] {dag.py:2371} INFO - Sync 1 DAGs
[2022-08-05 19:00:03,415] {logging_mixin.py:115} INFO - [2022-08-05 19:00:03,415] {dag.py:2919} INFO - Setting next_dagrun for example_task_group to 2022-08-04T19:00:03.415282+00:00, run_after=2022-08-05T19:00:03.415282+00:00
[2022-08-05 19:00:03,422] {processor.py:161} INFO - Processing /home/airflow/.local/lib/python3.7/site-packages/airflow/example_dags/example_task_group.py took 0.123 seconds
[2022-08-05 19:00:33,580] {processor.py:153} INFO - Started process (PID=2746) to work on /home/airflow/.local/lib/python3.7/site-packages/airflow/example_dags/example_task_group.py
[2022-08-05 19:00:33,582] {processor.py:641} INFO - Processing file /home/airflow/.local/lib/python3.7/site-packages/airflow/example_dags/example_task_group.py for tasks to queue
[2022-08-05 19:00:33,584] {logging_mixin.py:115} INFO - [2022-08-05 19:00:33,583] {dagbag.py:507} INFO - Filling up the DagBag from /home/airflow/.local/lib/python3.7/site-packages/airflow/example_dags/example_task_group.py
[2022-08-05 19:00:33,588] {processor.py:651} INFO - DAG(s) dict_keys(['example_task_group']) retrieved from /home/airflow/.local/lib/python3.7/site-packages/airflow/example_dags/example_task_group.py
[2022-08-05 19:00:33,682] {logging_mixin.py:115} INFO - [2022-08-05 19:00:33,682] {dag.py:2371} INFO - Sync 1 DAGs
[2022-08-05 19:00:33,692] {logging_mixin.py:115} INFO - [2022-08-05 19:00:33,692] {dag.py:2919} INFO - Setting next_dagrun for example_task_group to 2022-08-04T19:00:33.692743+00:00, run_after=2022-08-05T19:00:33.692743+00:00
[2022-08-05 19:00:33,700] {processor.py:161} INFO - Processing /home/airflow/.local/lib/python3.7/site-packages/airflow/example_dags/example_task_group.py took 0.122 seconds
[2022-08-05 19:01:03,815] {processor.py:153} INFO - Started process (PID=2808) to work on /home/airflow/.local/lib/python3.7/site-packages/airflow/example_dags/example_task_group.py
[2022-08-05 19:01:03,816] {processor.py:641} INFO - Processing file /home/airflow/.local/lib/python3.7/site-packages/airflow/example_dags/example_task_group.py for tasks to queue
[2022-08-05 19:01:03,817] {logging_mixin.py:115} INFO - [2022-08-05 19:01:03,817] {dagbag.py:507} INFO - Filling up the DagBag from /home/airflow/.local/lib/python3.7/site-packages/airflow/example_dags/example_task_group.py
[2022-08-05 19:01:03,822] {processor.py:651} INFO - DAG(s) dict_keys(['example_task_group']) retrieved from /home/airflow/.local/lib/python3.7/site-packages/airflow/example_dags/example_task_group.py
[2022-08-05 19:01:03,925] {logging_mixin.py:115} INFO - [2022-08-05 19:01:03,925] {dag.py:2371} INFO - Sync 1 DAGs
[2022-08-05 19:01:03,936] {logging_mixin.py:115} INFO - [2022-08-05 19:01:03,936] {dag.py:2919} INFO - Setting next_dagrun for example_task_group to 2022-08-04T19:01:03.936276+00:00, run_after=2022-08-05T19:01:03.936276+00:00
[2022-08-05 19:01:03,942] {processor.py:161} INFO - Processing /home/airflow/.local/lib/python3.7/site-packages/airflow/example_dags/example_task_group.py took 0.130 seconds
[2022-08-05 19:01:34,837] {processor.py:153} INFO - Started process (PID=2861) to work on /home/airflow/.local/lib/python3.7/site-packages/airflow/example_dags/example_task_group.py
[2022-08-05 19:01:34,840] {processor.py:641} INFO - Processing file /home/airflow/.local/lib/python3.7/site-packages/airflow/example_dags/example_task_group.py for tasks to queue
[2022-08-05 19:01:34,842] {logging_mixin.py:115} INFO - [2022-08-05 19:01:34,842] {dagbag.py:507} INFO - Filling up the DagBag from /home/airflow/.local/lib/python3.7/site-packages/airflow/example_dags/example_task_group.py
[2022-08-05 19:01:34,851] {processor.py:651} INFO - DAG(s) dict_keys(['example_task_group']) retrieved from /home/airflow/.local/lib/python3.7/site-packages/airflow/example_dags/example_task_group.py
[2022-08-05 19:01:34,951] {logging_mixin.py:115} INFO - [2022-08-05 19:01:34,951] {dag.py:2371} INFO - Sync 1 DAGs
[2022-08-05 19:01:34,961] {logging_mixin.py:115} INFO - [2022-08-05 19:01:34,961] {dag.py:2919} INFO - Setting next_dagrun for example_task_group to 2022-08-04T19:01:34.961831+00:00, run_after=2022-08-05T19:01:34.961831+00:00
[2022-08-05 19:01:34,968] {processor.py:161} INFO - Processing /home/airflow/.local/lib/python3.7/site-packages/airflow/example_dags/example_task_group.py took 0.139 seconds
[2022-08-05 19:02:05,639] {processor.py:153} INFO - Started process (PID=2924) to work on /home/airflow/.local/lib/python3.7/site-packages/airflow/example_dags/example_task_group.py
[2022-08-05 19:02:05,641] {processor.py:641} INFO - Processing file /home/airflow/.local/lib/python3.7/site-packages/airflow/example_dags/example_task_group.py for tasks to queue
[2022-08-05 19:02:05,647] {logging_mixin.py:115} INFO - [2022-08-05 19:02:05,647] {dagbag.py:507} INFO - Filling up the DagBag from /home/airflow/.local/lib/python3.7/site-packages/airflow/example_dags/example_task_group.py
[2022-08-05 19:02:05,655] {processor.py:651} INFO - DAG(s) dict_keys(['example_task_group']) retrieved from /home/airflow/.local/lib/python3.7/site-packages/airflow/example_dags/example_task_group.py
[2022-08-05 19:02:05,764] {logging_mixin.py:115} INFO - [2022-08-05 19:02:05,763] {dag.py:2371} INFO - Sync 1 DAGs
[2022-08-05 19:02:05,777] {logging_mixin.py:115} INFO - [2022-08-05 19:02:05,777] {dag.py:2919} INFO - Setting next_dagrun for example_task_group to 2022-08-04T19:02:05.776963+00:00, run_after=2022-08-05T19:02:05.776963+00:00
[2022-08-05 19:02:05,785] {processor.py:161} INFO - Processing /home/airflow/.local/lib/python3.7/site-packages/airflow/example_dags/example_task_group.py took 0.150 seconds
[2022-08-05 19:02:35,985] {processor.py:153} INFO - Started process (PID=2988) to work on /home/airflow/.local/lib/python3.7/site-packages/airflow/example_dags/example_task_group.py
[2022-08-05 19:02:35,989] {processor.py:641} INFO - Processing file /home/airflow/.local/lib/python3.7/site-packages/airflow/example_dags/example_task_group.py for tasks to queue
[2022-08-05 19:02:35,992] {logging_mixin.py:115} INFO - [2022-08-05 19:02:35,992] {dagbag.py:507} INFO - Filling up the DagBag from /home/airflow/.local/lib/python3.7/site-packages/airflow/example_dags/example_task_group.py
[2022-08-05 19:02:35,999] {processor.py:651} INFO - DAG(s) dict_keys(['example_task_group']) retrieved from /home/airflow/.local/lib/python3.7/site-packages/airflow/example_dags/example_task_group.py
[2022-08-05 19:02:36,093] {logging_mixin.py:115} INFO - [2022-08-05 19:02:36,093] {dag.py:2371} INFO - Sync 1 DAGs
[2022-08-05 19:02:36,104] {logging_mixin.py:115} INFO - [2022-08-05 19:02:36,104] {dag.py:2919} INFO - Setting next_dagrun for example_task_group to 2022-08-04T19:02:36.104792+00:00, run_after=2022-08-05T19:02:36.104792+00:00
[2022-08-05 19:02:36,111] {processor.py:161} INFO - Processing /home/airflow/.local/lib/python3.7/site-packages/airflow/example_dags/example_task_group.py took 0.131 seconds
[2022-08-05 19:03:06,415] {processor.py:153} INFO - Started process (PID=3049) to work on /home/airflow/.local/lib/python3.7/site-packages/airflow/example_dags/example_task_group.py
[2022-08-05 19:03:06,421] {processor.py:641} INFO - Processing file /home/airflow/.local/lib/python3.7/site-packages/airflow/example_dags/example_task_group.py for tasks to queue
[2022-08-05 19:03:06,423] {logging_mixin.py:115} INFO - [2022-08-05 19:03:06,423] {dagbag.py:507} INFO - Filling up the DagBag from /home/airflow/.local/lib/python3.7/site-packages/airflow/example_dags/example_task_group.py
[2022-08-05 19:03:06,431] {processor.py:651} INFO - DAG(s) dict_keys(['example_task_group']) retrieved from /home/airflow/.local/lib/python3.7/site-packages/airflow/example_dags/example_task_group.py
[2022-08-05 19:03:06,525] {logging_mixin.py:115} INFO - [2022-08-05 19:03:06,525] {dag.py:2371} INFO - Sync 1 DAGs
[2022-08-05 19:03:06,537] {logging_mixin.py:115} INFO - [2022-08-05 19:03:06,537] {dag.py:2919} INFO - Setting next_dagrun for example_task_group to 2022-08-04T19:03:06.537720+00:00, run_after=2022-08-05T19:03:06.537720+00:00
[2022-08-05 19:03:06,545] {processor.py:161} INFO - Processing /home/airflow/.local/lib/python3.7/site-packages/airflow/example_dags/example_task_group.py took 0.133 seconds
[2022-08-05 19:53:25,780] {processor.py:153} INFO - Started process (PID=3101) to work on /home/airflow/.local/lib/python3.7/site-packages/airflow/example_dags/example_task_group.py
[2022-08-05 19:53:25,782] {processor.py:641} INFO - Processing file /home/airflow/.local/lib/python3.7/site-packages/airflow/example_dags/example_task_group.py for tasks to queue
[2022-08-05 19:53:25,783] {logging_mixin.py:115} INFO - [2022-08-05 19:53:25,783] {dagbag.py:507} INFO - Filling up the DagBag from /home/airflow/.local/lib/python3.7/site-packages/airflow/example_dags/example_task_group.py
[2022-08-05 19:53:25,790] {processor.py:651} INFO - DAG(s) dict_keys(['example_task_group']) retrieved from /home/airflow/.local/lib/python3.7/site-packages/airflow/example_dags/example_task_group.py
[2022-08-05 19:53:25,814] {logging_mixin.py:115} INFO - [2022-08-05 19:53:25,814] {dag.py:2371} INFO - Sync 1 DAGs
[2022-08-05 19:53:25,832] {logging_mixin.py:115} INFO - [2022-08-05 19:53:25,832] {dag.py:2919} INFO - Setting next_dagrun for example_task_group to 2022-08-04T19:53:25.832515+00:00, run_after=2022-08-05T19:53:25.832515+00:00
[2022-08-05 19:53:25,848] {processor.py:161} INFO - Processing /home/airflow/.local/lib/python3.7/site-packages/airflow/example_dags/example_task_group.py took 0.070 seconds
[2022-08-05 20:42:19,265] {processor.py:153} INFO - Started process (PID=3152) to work on /home/airflow/.local/lib/python3.7/site-packages/airflow/example_dags/example_task_group.py
[2022-08-05 20:42:19,267] {processor.py:641} INFO - Processing file /home/airflow/.local/lib/python3.7/site-packages/airflow/example_dags/example_task_group.py for tasks to queue
[2022-08-05 20:42:19,269] {logging_mixin.py:115} INFO - [2022-08-05 20:42:19,269] {dagbag.py:507} INFO - Filling up the DagBag from /home/airflow/.local/lib/python3.7/site-packages/airflow/example_dags/example_task_group.py
[2022-08-05 20:42:19,279] {processor.py:651} INFO - DAG(s) dict_keys(['example_task_group']) retrieved from /home/airflow/.local/lib/python3.7/site-packages/airflow/example_dags/example_task_group.py
[2022-08-05 20:42:19,315] {logging_mixin.py:115} INFO - [2022-08-05 20:42:19,315] {dag.py:2371} INFO - Sync 1 DAGs
[2022-08-05 20:42:19,338] {logging_mixin.py:115} INFO - [2022-08-05 20:42:19,338] {dag.py:2919} INFO - Setting next_dagrun for example_task_group to 2022-08-04T20:42:19.337906+00:00, run_after=2022-08-05T20:42:19.337906+00:00
[2022-08-05 20:42:19,354] {processor.py:161} INFO - Processing /home/airflow/.local/lib/python3.7/site-packages/airflow/example_dags/example_task_group.py took 0.092 seconds
[2022-08-05 21:16:21,903] {processor.py:153} INFO - Started process (PID=3212) to work on /home/airflow/.local/lib/python3.7/site-packages/airflow/example_dags/example_task_group.py
[2022-08-05 21:16:21,904] {processor.py:641} INFO - Processing file /home/airflow/.local/lib/python3.7/site-packages/airflow/example_dags/example_task_group.py for tasks to queue
[2022-08-05 21:16:21,905] {logging_mixin.py:115} INFO - [2022-08-05 21:16:21,905] {dagbag.py:507} INFO - Filling up the DagBag from /home/airflow/.local/lib/python3.7/site-packages/airflow/example_dags/example_task_group.py
[2022-08-05 21:16:21,911] {processor.py:651} INFO - DAG(s) dict_keys(['example_task_group']) retrieved from /home/airflow/.local/lib/python3.7/site-packages/airflow/example_dags/example_task_group.py
[2022-08-05 21:16:21,932] {logging_mixin.py:115} INFO - [2022-08-05 21:16:21,932] {dag.py:2371} INFO - Sync 1 DAGs
[2022-08-05 21:16:21,948] {logging_mixin.py:115} INFO - [2022-08-05 21:16:21,948] {dag.py:2919} INFO - Setting next_dagrun for example_task_group to 2022-08-04T21:16:21.948025+00:00, run_after=2022-08-05T21:16:21.948025+00:00
[2022-08-05 21:16:21,960] {processor.py:161} INFO - Processing /home/airflow/.local/lib/python3.7/site-packages/airflow/example_dags/example_task_group.py took 0.060 seconds
[2022-08-05 22:06:30,635] {processor.py:153} INFO - Started process (PID=3273) to work on /home/airflow/.local/lib/python3.7/site-packages/airflow/example_dags/example_task_group.py
[2022-08-05 22:06:30,637] {processor.py:641} INFO - Processing file /home/airflow/.local/lib/python3.7/site-packages/airflow/example_dags/example_task_group.py for tasks to queue
[2022-08-05 22:06:30,638] {logging_mixin.py:115} INFO - [2022-08-05 22:06:30,638] {dagbag.py:507} INFO - Filling up the DagBag from /home/airflow/.local/lib/python3.7/site-packages/airflow/example_dags/example_task_group.py
[2022-08-05 22:06:30,643] {processor.py:651} INFO - DAG(s) dict_keys(['example_task_group']) retrieved from /home/airflow/.local/lib/python3.7/site-packages/airflow/example_dags/example_task_group.py
[2022-08-05 22:06:30,668] {logging_mixin.py:115} INFO - [2022-08-05 22:06:30,668] {dag.py:2371} INFO - Sync 1 DAGs
[2022-08-05 22:06:30,686] {logging_mixin.py:115} INFO - [2022-08-05 22:06:30,686] {dag.py:2919} INFO - Setting next_dagrun for example_task_group to 2022-08-04T22:06:30.686027+00:00, run_after=2022-08-05T22:06:30.686027+00:00
[2022-08-05 22:06:30,697] {processor.py:161} INFO - Processing /home/airflow/.local/lib/python3.7/site-packages/airflow/example_dags/example_task_group.py took 0.065 seconds
[2022-08-05 22:40:28,604] {processor.py:153} INFO - Started process (PID=3334) to work on /home/airflow/.local/lib/python3.7/site-packages/airflow/example_dags/example_task_group.py
[2022-08-05 22:40:28,608] {processor.py:641} INFO - Processing file /home/airflow/.local/lib/python3.7/site-packages/airflow/example_dags/example_task_group.py for tasks to queue
[2022-08-05 22:40:28,609] {logging_mixin.py:115} INFO - [2022-08-05 22:40:28,609] {dagbag.py:507} INFO - Filling up the DagBag from /home/airflow/.local/lib/python3.7/site-packages/airflow/example_dags/example_task_group.py
[2022-08-05 22:40:28,618] {processor.py:651} INFO - DAG(s) dict_keys(['example_task_group']) retrieved from /home/airflow/.local/lib/python3.7/site-packages/airflow/example_dags/example_task_group.py
[2022-08-05 22:40:28,660] {logging_mixin.py:115} INFO - [2022-08-05 22:40:28,660] {dag.py:2371} INFO - Sync 1 DAGs
[2022-08-05 22:40:28,689] {logging_mixin.py:115} INFO - [2022-08-05 22:40:28,689] {dag.py:2919} INFO - Setting next_dagrun for example_task_group to 2022-08-04T22:40:28.689033+00:00, run_after=2022-08-05T22:40:28.689033+00:00
[2022-08-05 22:40:28,709] {processor.py:161} INFO - Processing /home/airflow/.local/lib/python3.7/site-packages/airflow/example_dags/example_task_group.py took 0.108 seconds
[2022-08-05 23:30:05,105] {processor.py:153} INFO - Started process (PID=3396) to work on /home/airflow/.local/lib/python3.7/site-packages/airflow/example_dags/example_task_group.py
[2022-08-05 23:30:05,107] {processor.py:641} INFO - Processing file /home/airflow/.local/lib/python3.7/site-packages/airflow/example_dags/example_task_group.py for tasks to queue
[2022-08-05 23:30:05,108] {logging_mixin.py:115} INFO - [2022-08-05 23:30:05,108] {dagbag.py:507} INFO - Filling up the DagBag from /home/airflow/.local/lib/python3.7/site-packages/airflow/example_dags/example_task_group.py
[2022-08-05 23:30:05,114] {processor.py:651} INFO - DAG(s) dict_keys(['example_task_group']) retrieved from /home/airflow/.local/lib/python3.7/site-packages/airflow/example_dags/example_task_group.py
[2022-08-05 23:30:05,132] {logging_mixin.py:115} INFO - [2022-08-05 23:30:05,132] {dag.py:2371} INFO - Sync 1 DAGs
[2022-08-05 23:30:05,162] {logging_mixin.py:115} INFO - [2022-08-05 23:30:05,162] {dag.py:2919} INFO - Setting next_dagrun for example_task_group to 2022-08-04T23:30:05.161318+00:00, run_after=2022-08-05T23:30:05.161318+00:00
[2022-08-05 23:30:05,179] {processor.py:161} INFO - Processing /home/airflow/.local/lib/python3.7/site-packages/airflow/example_dags/example_task_group.py took 0.076 seconds
