[2022-08-05 18:37:56,639] {processor.py:153} INFO - Started process (PID=36) to work on /home/airflow/.local/lib/python3.7/site-packages/airflow/example_dags/example_nested_branch_dag.py
[2022-08-05 18:37:56,650] {processor.py:641} INFO - Processing file /home/airflow/.local/lib/python3.7/site-packages/airflow/example_dags/example_nested_branch_dag.py for tasks to queue
[2022-08-05 18:37:56,652] {logging_mixin.py:115} INFO - [2022-08-05 18:37:56,652] {dagbag.py:507} INFO - Filling up the DagBag from /home/airflow/.local/lib/python3.7/site-packages/airflow/example_dags/example_nested_branch_dag.py
[2022-08-05 18:37:56,662] {processor.py:651} INFO - DAG(s) dict_keys(['example_nested_branch_dag']) retrieved from /home/airflow/.local/lib/python3.7/site-packages/airflow/example_dags/example_nested_branch_dag.py
[2022-08-05 18:37:56,716] {logging_mixin.py:115} INFO - [2022-08-05 18:37:56,716] {dag.py:2371} INFO - Sync 1 DAGs
[2022-08-05 18:37:56,771] {logging_mixin.py:115} INFO - [2022-08-05 18:37:56,770] {dag.py:2919} INFO - Setting next_dagrun for example_nested_branch_dag to 2022-08-04T00:00:00+00:00, run_after=2022-08-05T00:00:00+00:00
[2022-08-05 18:37:56,904] {processor.py:161} INFO - Processing /home/airflow/.local/lib/python3.7/site-packages/airflow/example_dags/example_nested_branch_dag.py took 0.269 seconds
[2022-08-05 18:38:27,311] {processor.py:153} INFO - Started process (PID=99) to work on /home/airflow/.local/lib/python3.7/site-packages/airflow/example_dags/example_nested_branch_dag.py
[2022-08-05 18:38:27,312] {processor.py:641} INFO - Processing file /home/airflow/.local/lib/python3.7/site-packages/airflow/example_dags/example_nested_branch_dag.py for tasks to queue
[2022-08-05 18:38:27,314] {logging_mixin.py:115} INFO - [2022-08-05 18:38:27,314] {dagbag.py:507} INFO - Filling up the DagBag from /home/airflow/.local/lib/python3.7/site-packages/airflow/example_dags/example_nested_branch_dag.py
[2022-08-05 18:38:27,321] {processor.py:651} INFO - DAG(s) dict_keys(['example_nested_branch_dag']) retrieved from /home/airflow/.local/lib/python3.7/site-packages/airflow/example_dags/example_nested_branch_dag.py
[2022-08-05 18:38:27,337] {logging_mixin.py:115} INFO - [2022-08-05 18:38:27,337] {dag.py:2371} INFO - Sync 1 DAGs
[2022-08-05 18:38:27,352] {logging_mixin.py:115} INFO - [2022-08-05 18:38:27,351] {dag.py:2919} INFO - Setting next_dagrun for example_nested_branch_dag to 2022-08-04T00:00:00+00:00, run_after=2022-08-05T00:00:00+00:00
[2022-08-05 18:38:27,430] {processor.py:161} INFO - Processing /home/airflow/.local/lib/python3.7/site-packages/airflow/example_dags/example_nested_branch_dag.py took 0.121 seconds
[2022-08-05 18:38:57,816] {processor.py:153} INFO - Started process (PID=162) to work on /home/airflow/.local/lib/python3.7/site-packages/airflow/example_dags/example_nested_branch_dag.py
[2022-08-05 18:38:57,818] {processor.py:641} INFO - Processing file /home/airflow/.local/lib/python3.7/site-packages/airflow/example_dags/example_nested_branch_dag.py for tasks to queue
[2022-08-05 18:38:57,818] {logging_mixin.py:115} INFO - [2022-08-05 18:38:57,818] {dagbag.py:507} INFO - Filling up the DagBag from /home/airflow/.local/lib/python3.7/site-packages/airflow/example_dags/example_nested_branch_dag.py
[2022-08-05 18:38:57,824] {processor.py:651} INFO - DAG(s) dict_keys(['example_nested_branch_dag']) retrieved from /home/airflow/.local/lib/python3.7/site-packages/airflow/example_dags/example_nested_branch_dag.py
[2022-08-05 18:38:57,840] {logging_mixin.py:115} INFO - [2022-08-05 18:38:57,840] {dag.py:2371} INFO - Sync 1 DAGs
[2022-08-05 18:38:57,854] {logging_mixin.py:115} INFO - [2022-08-05 18:38:57,854] {dag.py:2919} INFO - Setting next_dagrun for example_nested_branch_dag to 2022-08-04T00:00:00+00:00, run_after=2022-08-05T00:00:00+00:00
[2022-08-05 18:38:57,929] {processor.py:161} INFO - Processing /home/airflow/.local/lib/python3.7/site-packages/airflow/example_dags/example_nested_branch_dag.py took 0.115 seconds
[2022-08-05 18:39:28,429] {processor.py:153} INFO - Started process (PID=224) to work on /home/airflow/.local/lib/python3.7/site-packages/airflow/example_dags/example_nested_branch_dag.py
[2022-08-05 18:39:28,432] {processor.py:641} INFO - Processing file /home/airflow/.local/lib/python3.7/site-packages/airflow/example_dags/example_nested_branch_dag.py for tasks to queue
[2022-08-05 18:39:28,433] {logging_mixin.py:115} INFO - [2022-08-05 18:39:28,433] {dagbag.py:507} INFO - Filling up the DagBag from /home/airflow/.local/lib/python3.7/site-packages/airflow/example_dags/example_nested_branch_dag.py
[2022-08-05 18:39:28,439] {processor.py:651} INFO - DAG(s) dict_keys(['example_nested_branch_dag']) retrieved from /home/airflow/.local/lib/python3.7/site-packages/airflow/example_dags/example_nested_branch_dag.py
[2022-08-05 18:39:28,455] {logging_mixin.py:115} INFO - [2022-08-05 18:39:28,455] {dag.py:2371} INFO - Sync 1 DAGs
[2022-08-05 18:39:28,471] {logging_mixin.py:115} INFO - [2022-08-05 18:39:28,471] {dag.py:2919} INFO - Setting next_dagrun for example_nested_branch_dag to 2022-08-04T00:00:00+00:00, run_after=2022-08-05T00:00:00+00:00
[2022-08-05 18:39:28,554] {processor.py:161} INFO - Processing /home/airflow/.local/lib/python3.7/site-packages/airflow/example_dags/example_nested_branch_dag.py took 0.127 seconds
[2022-08-05 18:39:58,958] {processor.py:153} INFO - Started process (PID=286) to work on /home/airflow/.local/lib/python3.7/site-packages/airflow/example_dags/example_nested_branch_dag.py
[2022-08-05 18:39:58,960] {processor.py:641} INFO - Processing file /home/airflow/.local/lib/python3.7/site-packages/airflow/example_dags/example_nested_branch_dag.py for tasks to queue
[2022-08-05 18:39:58,960] {logging_mixin.py:115} INFO - [2022-08-05 18:39:58,960] {dagbag.py:507} INFO - Filling up the DagBag from /home/airflow/.local/lib/python3.7/site-packages/airflow/example_dags/example_nested_branch_dag.py
[2022-08-05 18:39:58,966] {processor.py:651} INFO - DAG(s) dict_keys(['example_nested_branch_dag']) retrieved from /home/airflow/.local/lib/python3.7/site-packages/airflow/example_dags/example_nested_branch_dag.py
[2022-08-05 18:39:58,982] {logging_mixin.py:115} INFO - [2022-08-05 18:39:58,982] {dag.py:2371} INFO - Sync 1 DAGs
[2022-08-05 18:39:58,998] {logging_mixin.py:115} INFO - [2022-08-05 18:39:58,998] {dag.py:2919} INFO - Setting next_dagrun for example_nested_branch_dag to 2022-08-04T00:00:00+00:00, run_after=2022-08-05T00:00:00+00:00
[2022-08-05 18:39:59,086] {processor.py:161} INFO - Processing /home/airflow/.local/lib/python3.7/site-packages/airflow/example_dags/example_nested_branch_dag.py took 0.129 seconds
[2022-08-05 18:40:29,431] {processor.py:153} INFO - Started process (PID=339) to work on /home/airflow/.local/lib/python3.7/site-packages/airflow/example_dags/example_nested_branch_dag.py
[2022-08-05 18:40:29,433] {processor.py:641} INFO - Processing file /home/airflow/.local/lib/python3.7/site-packages/airflow/example_dags/example_nested_branch_dag.py for tasks to queue
[2022-08-05 18:40:29,433] {logging_mixin.py:115} INFO - [2022-08-05 18:40:29,433] {dagbag.py:507} INFO - Filling up the DagBag from /home/airflow/.local/lib/python3.7/site-packages/airflow/example_dags/example_nested_branch_dag.py
[2022-08-05 18:40:29,439] {processor.py:651} INFO - DAG(s) dict_keys(['example_nested_branch_dag']) retrieved from /home/airflow/.local/lib/python3.7/site-packages/airflow/example_dags/example_nested_branch_dag.py
[2022-08-05 18:40:29,457] {logging_mixin.py:115} INFO - [2022-08-05 18:40:29,457] {dag.py:2371} INFO - Sync 1 DAGs
[2022-08-05 18:40:29,475] {logging_mixin.py:115} INFO - [2022-08-05 18:40:29,475] {dag.py:2919} INFO - Setting next_dagrun for example_nested_branch_dag to 2022-08-04T00:00:00+00:00, run_after=2022-08-05T00:00:00+00:00
[2022-08-05 18:40:29,568] {processor.py:161} INFO - Processing /home/airflow/.local/lib/python3.7/site-packages/airflow/example_dags/example_nested_branch_dag.py took 0.139 seconds
[2022-08-05 18:41:00,150] {processor.py:153} INFO - Started process (PID=401) to work on /home/airflow/.local/lib/python3.7/site-packages/airflow/example_dags/example_nested_branch_dag.py
[2022-08-05 18:41:00,152] {processor.py:641} INFO - Processing file /home/airflow/.local/lib/python3.7/site-packages/airflow/example_dags/example_nested_branch_dag.py for tasks to queue
[2022-08-05 18:41:00,154] {logging_mixin.py:115} INFO - [2022-08-05 18:41:00,154] {dagbag.py:507} INFO - Filling up the DagBag from /home/airflow/.local/lib/python3.7/site-packages/airflow/example_dags/example_nested_branch_dag.py
[2022-08-05 18:41:00,159] {processor.py:651} INFO - DAG(s) dict_keys(['example_nested_branch_dag']) retrieved from /home/airflow/.local/lib/python3.7/site-packages/airflow/example_dags/example_nested_branch_dag.py
[2022-08-05 18:41:00,184] {logging_mixin.py:115} INFO - [2022-08-05 18:41:00,184] {dag.py:2371} INFO - Sync 1 DAGs
[2022-08-05 18:41:00,211] {logging_mixin.py:115} INFO - [2022-08-05 18:41:00,211] {dag.py:2919} INFO - Setting next_dagrun for example_nested_branch_dag to 2022-08-04T00:00:00+00:00, run_after=2022-08-05T00:00:00+00:00
[2022-08-05 18:41:00,402] {processor.py:161} INFO - Processing /home/airflow/.local/lib/python3.7/site-packages/airflow/example_dags/example_nested_branch_dag.py took 0.254 seconds
[2022-08-05 18:41:31,022] {processor.py:153} INFO - Started process (PID=463) to work on /home/airflow/.local/lib/python3.7/site-packages/airflow/example_dags/example_nested_branch_dag.py
[2022-08-05 18:41:31,023] {processor.py:641} INFO - Processing file /home/airflow/.local/lib/python3.7/site-packages/airflow/example_dags/example_nested_branch_dag.py for tasks to queue
[2022-08-05 18:41:31,024] {logging_mixin.py:115} INFO - [2022-08-05 18:41:31,024] {dagbag.py:507} INFO - Filling up the DagBag from /home/airflow/.local/lib/python3.7/site-packages/airflow/example_dags/example_nested_branch_dag.py
[2022-08-05 18:41:31,030] {processor.py:651} INFO - DAG(s) dict_keys(['example_nested_branch_dag']) retrieved from /home/airflow/.local/lib/python3.7/site-packages/airflow/example_dags/example_nested_branch_dag.py
[2022-08-05 18:41:31,046] {logging_mixin.py:115} INFO - [2022-08-05 18:41:31,046] {dag.py:2371} INFO - Sync 1 DAGs
[2022-08-05 18:41:31,060] {logging_mixin.py:115} INFO - [2022-08-05 18:41:31,060] {dag.py:2919} INFO - Setting next_dagrun for example_nested_branch_dag to 2022-08-04T00:00:00+00:00, run_after=2022-08-05T00:00:00+00:00
[2022-08-05 18:41:31,143] {processor.py:161} INFO - Processing /home/airflow/.local/lib/python3.7/site-packages/airflow/example_dags/example_nested_branch_dag.py took 0.123 seconds
[2022-08-05 18:42:01,569] {processor.py:153} INFO - Started process (PID=525) to work on /home/airflow/.local/lib/python3.7/site-packages/airflow/example_dags/example_nested_branch_dag.py
[2022-08-05 18:42:01,570] {processor.py:641} INFO - Processing file /home/airflow/.local/lib/python3.7/site-packages/airflow/example_dags/example_nested_branch_dag.py for tasks to queue
[2022-08-05 18:42:01,571] {logging_mixin.py:115} INFO - [2022-08-05 18:42:01,571] {dagbag.py:507} INFO - Filling up the DagBag from /home/airflow/.local/lib/python3.7/site-packages/airflow/example_dags/example_nested_branch_dag.py
[2022-08-05 18:42:01,576] {processor.py:651} INFO - DAG(s) dict_keys(['example_nested_branch_dag']) retrieved from /home/airflow/.local/lib/python3.7/site-packages/airflow/example_dags/example_nested_branch_dag.py
[2022-08-05 18:42:01,593] {logging_mixin.py:115} INFO - [2022-08-05 18:42:01,592] {dag.py:2371} INFO - Sync 1 DAGs
[2022-08-05 18:42:01,606] {logging_mixin.py:115} INFO - [2022-08-05 18:42:01,606] {dag.py:2919} INFO - Setting next_dagrun for example_nested_branch_dag to 2022-08-04T00:00:00+00:00, run_after=2022-08-05T00:00:00+00:00
[2022-08-05 18:42:01,688] {processor.py:161} INFO - Processing /home/airflow/.local/lib/python3.7/site-packages/airflow/example_dags/example_nested_branch_dag.py took 0.121 seconds
[2022-08-05 18:42:32,073] {processor.py:153} INFO - Started process (PID=587) to work on /home/airflow/.local/lib/python3.7/site-packages/airflow/example_dags/example_nested_branch_dag.py
[2022-08-05 18:42:32,074] {processor.py:641} INFO - Processing file /home/airflow/.local/lib/python3.7/site-packages/airflow/example_dags/example_nested_branch_dag.py for tasks to queue
[2022-08-05 18:42:32,076] {logging_mixin.py:115} INFO - [2022-08-05 18:42:32,076] {dagbag.py:507} INFO - Filling up the DagBag from /home/airflow/.local/lib/python3.7/site-packages/airflow/example_dags/example_nested_branch_dag.py
[2022-08-05 18:42:32,082] {processor.py:651} INFO - DAG(s) dict_keys(['example_nested_branch_dag']) retrieved from /home/airflow/.local/lib/python3.7/site-packages/airflow/example_dags/example_nested_branch_dag.py
[2022-08-05 18:42:32,099] {logging_mixin.py:115} INFO - [2022-08-05 18:42:32,099] {dag.py:2371} INFO - Sync 1 DAGs
[2022-08-05 18:42:32,117] {logging_mixin.py:115} INFO - [2022-08-05 18:42:32,117] {dag.py:2919} INFO - Setting next_dagrun for example_nested_branch_dag to 2022-08-04T00:00:00+00:00, run_after=2022-08-05T00:00:00+00:00
[2022-08-05 18:42:32,216] {processor.py:161} INFO - Processing /home/airflow/.local/lib/python3.7/site-packages/airflow/example_dags/example_nested_branch_dag.py took 0.145 seconds
[2022-08-05 18:43:02,978] {processor.py:153} INFO - Started process (PID=649) to work on /home/airflow/.local/lib/python3.7/site-packages/airflow/example_dags/example_nested_branch_dag.py
[2022-08-05 18:43:03,002] {processor.py:641} INFO - Processing file /home/airflow/.local/lib/python3.7/site-packages/airflow/example_dags/example_nested_branch_dag.py for tasks to queue
[2022-08-05 18:43:03,024] {logging_mixin.py:115} INFO - [2022-08-05 18:43:03,024] {dagbag.py:507} INFO - Filling up the DagBag from /home/airflow/.local/lib/python3.7/site-packages/airflow/example_dags/example_nested_branch_dag.py
[2022-08-05 18:43:03,030] {processor.py:651} INFO - DAG(s) dict_keys(['example_nested_branch_dag']) retrieved from /home/airflow/.local/lib/python3.7/site-packages/airflow/example_dags/example_nested_branch_dag.py
[2022-08-05 18:43:03,054] {logging_mixin.py:115} INFO - [2022-08-05 18:43:03,054] {dag.py:2371} INFO - Sync 1 DAGs
[2022-08-05 18:43:03,174] {logging_mixin.py:115} INFO - [2022-08-05 18:43:03,174] {dag.py:2919} INFO - Setting next_dagrun for example_nested_branch_dag to 2022-08-04T00:00:00+00:00, run_after=2022-08-05T00:00:00+00:00
[2022-08-05 18:43:03,237] {processor.py:161} INFO - Processing /home/airflow/.local/lib/python3.7/site-packages/airflow/example_dags/example_nested_branch_dag.py took 0.261 seconds
[2022-08-05 18:43:33,561] {processor.py:153} INFO - Started process (PID=711) to work on /home/airflow/.local/lib/python3.7/site-packages/airflow/example_dags/example_nested_branch_dag.py
[2022-08-05 18:43:33,599] {processor.py:641} INFO - Processing file /home/airflow/.local/lib/python3.7/site-packages/airflow/example_dags/example_nested_branch_dag.py for tasks to queue
[2022-08-05 18:43:33,601] {logging_mixin.py:115} INFO - [2022-08-05 18:43:33,601] {dagbag.py:507} INFO - Filling up the DagBag from /home/airflow/.local/lib/python3.7/site-packages/airflow/example_dags/example_nested_branch_dag.py
[2022-08-05 18:43:33,607] {processor.py:651} INFO - DAG(s) dict_keys(['example_nested_branch_dag']) retrieved from /home/airflow/.local/lib/python3.7/site-packages/airflow/example_dags/example_nested_branch_dag.py
[2022-08-05 18:43:33,624] {logging_mixin.py:115} INFO - [2022-08-05 18:43:33,624] {dag.py:2371} INFO - Sync 1 DAGs
[2022-08-05 18:43:33,723] {logging_mixin.py:115} INFO - [2022-08-05 18:43:33,723] {dag.py:2919} INFO - Setting next_dagrun for example_nested_branch_dag to 2022-08-04T00:00:00+00:00, run_after=2022-08-05T00:00:00+00:00
[2022-08-05 18:43:33,731] {processor.py:161} INFO - Processing /home/airflow/.local/lib/python3.7/site-packages/airflow/example_dags/example_nested_branch_dag.py took 0.172 seconds
[2022-08-05 18:44:03,883] {processor.py:153} INFO - Started process (PID=764) to work on /home/airflow/.local/lib/python3.7/site-packages/airflow/example_dags/example_nested_branch_dag.py
[2022-08-05 18:44:03,885] {processor.py:641} INFO - Processing file /home/airflow/.local/lib/python3.7/site-packages/airflow/example_dags/example_nested_branch_dag.py for tasks to queue
[2022-08-05 18:44:03,887] {logging_mixin.py:115} INFO - [2022-08-05 18:44:03,887] {dagbag.py:507} INFO - Filling up the DagBag from /home/airflow/.local/lib/python3.7/site-packages/airflow/example_dags/example_nested_branch_dag.py
[2022-08-05 18:44:03,894] {processor.py:651} INFO - DAG(s) dict_keys(['example_nested_branch_dag']) retrieved from /home/airflow/.local/lib/python3.7/site-packages/airflow/example_dags/example_nested_branch_dag.py
[2022-08-05 18:44:03,909] {logging_mixin.py:115} INFO - [2022-08-05 18:44:03,909] {dag.py:2371} INFO - Sync 1 DAGs
[2022-08-05 18:44:04,000] {logging_mixin.py:115} INFO - [2022-08-05 18:44:04,000] {dag.py:2919} INFO - Setting next_dagrun for example_nested_branch_dag to 2022-08-04T00:00:00+00:00, run_after=2022-08-05T00:00:00+00:00
[2022-08-05 18:44:04,007] {processor.py:161} INFO - Processing /home/airflow/.local/lib/python3.7/site-packages/airflow/example_dags/example_nested_branch_dag.py took 0.126 seconds
[2022-08-05 18:44:34,144] {processor.py:153} INFO - Started process (PID=827) to work on /home/airflow/.local/lib/python3.7/site-packages/airflow/example_dags/example_nested_branch_dag.py
[2022-08-05 18:44:34,146] {processor.py:641} INFO - Processing file /home/airflow/.local/lib/python3.7/site-packages/airflow/example_dags/example_nested_branch_dag.py for tasks to queue
[2022-08-05 18:44:34,147] {logging_mixin.py:115} INFO - [2022-08-05 18:44:34,147] {dagbag.py:507} INFO - Filling up the DagBag from /home/airflow/.local/lib/python3.7/site-packages/airflow/example_dags/example_nested_branch_dag.py
[2022-08-05 18:44:34,155] {processor.py:651} INFO - DAG(s) dict_keys(['example_nested_branch_dag']) retrieved from /home/airflow/.local/lib/python3.7/site-packages/airflow/example_dags/example_nested_branch_dag.py
[2022-08-05 18:44:34,172] {logging_mixin.py:115} INFO - [2022-08-05 18:44:34,172] {dag.py:2371} INFO - Sync 1 DAGs
[2022-08-05 18:44:34,259] {logging_mixin.py:115} INFO - [2022-08-05 18:44:34,259] {dag.py:2919} INFO - Setting next_dagrun for example_nested_branch_dag to 2022-08-04T00:00:00+00:00, run_after=2022-08-05T00:00:00+00:00
[2022-08-05 18:44:34,266] {processor.py:161} INFO - Processing /home/airflow/.local/lib/python3.7/site-packages/airflow/example_dags/example_nested_branch_dag.py took 0.123 seconds
[2022-08-05 18:45:04,371] {processor.py:153} INFO - Started process (PID=890) to work on /home/airflow/.local/lib/python3.7/site-packages/airflow/example_dags/example_nested_branch_dag.py
[2022-08-05 18:45:04,372] {processor.py:641} INFO - Processing file /home/airflow/.local/lib/python3.7/site-packages/airflow/example_dags/example_nested_branch_dag.py for tasks to queue
[2022-08-05 18:45:04,373] {logging_mixin.py:115} INFO - [2022-08-05 18:45:04,373] {dagbag.py:507} INFO - Filling up the DagBag from /home/airflow/.local/lib/python3.7/site-packages/airflow/example_dags/example_nested_branch_dag.py
[2022-08-05 18:45:04,379] {processor.py:651} INFO - DAG(s) dict_keys(['example_nested_branch_dag']) retrieved from /home/airflow/.local/lib/python3.7/site-packages/airflow/example_dags/example_nested_branch_dag.py
[2022-08-05 18:45:04,395] {logging_mixin.py:115} INFO - [2022-08-05 18:45:04,395] {dag.py:2371} INFO - Sync 1 DAGs
[2022-08-05 18:45:04,480] {logging_mixin.py:115} INFO - [2022-08-05 18:45:04,480] {dag.py:2919} INFO - Setting next_dagrun for example_nested_branch_dag to 2022-08-04T00:00:00+00:00, run_after=2022-08-05T00:00:00+00:00
[2022-08-05 18:45:04,487] {processor.py:161} INFO - Processing /home/airflow/.local/lib/python3.7/site-packages/airflow/example_dags/example_nested_branch_dag.py took 0.118 seconds
[2022-08-05 18:45:35,312] {processor.py:153} INFO - Started process (PID=951) to work on /home/airflow/.local/lib/python3.7/site-packages/airflow/example_dags/example_nested_branch_dag.py
[2022-08-05 18:45:35,314] {processor.py:641} INFO - Processing file /home/airflow/.local/lib/python3.7/site-packages/airflow/example_dags/example_nested_branch_dag.py for tasks to queue
[2022-08-05 18:45:35,315] {logging_mixin.py:115} INFO - [2022-08-05 18:45:35,315] {dagbag.py:507} INFO - Filling up the DagBag from /home/airflow/.local/lib/python3.7/site-packages/airflow/example_dags/example_nested_branch_dag.py
[2022-08-05 18:45:35,321] {processor.py:651} INFO - DAG(s) dict_keys(['example_nested_branch_dag']) retrieved from /home/airflow/.local/lib/python3.7/site-packages/airflow/example_dags/example_nested_branch_dag.py
[2022-08-05 18:45:35,338] {logging_mixin.py:115} INFO - [2022-08-05 18:45:35,338] {dag.py:2371} INFO - Sync 1 DAGs
[2022-08-05 18:45:35,428] {logging_mixin.py:115} INFO - [2022-08-05 18:45:35,428] {dag.py:2919} INFO - Setting next_dagrun for example_nested_branch_dag to 2022-08-04T00:00:00+00:00, run_after=2022-08-05T00:00:00+00:00
[2022-08-05 18:45:35,435] {processor.py:161} INFO - Processing /home/airflow/.local/lib/python3.7/site-packages/airflow/example_dags/example_nested_branch_dag.py took 0.124 seconds
[2022-08-05 18:46:06,351] {processor.py:153} INFO - Started process (PID=1013) to work on /home/airflow/.local/lib/python3.7/site-packages/airflow/example_dags/example_nested_branch_dag.py
[2022-08-05 18:46:06,352] {processor.py:641} INFO - Processing file /home/airflow/.local/lib/python3.7/site-packages/airflow/example_dags/example_nested_branch_dag.py for tasks to queue
[2022-08-05 18:46:06,353] {logging_mixin.py:115} INFO - [2022-08-05 18:46:06,353] {dagbag.py:507} INFO - Filling up the DagBag from /home/airflow/.local/lib/python3.7/site-packages/airflow/example_dags/example_nested_branch_dag.py
[2022-08-05 18:46:06,359] {processor.py:651} INFO - DAG(s) dict_keys(['example_nested_branch_dag']) retrieved from /home/airflow/.local/lib/python3.7/site-packages/airflow/example_dags/example_nested_branch_dag.py
[2022-08-05 18:46:06,376] {logging_mixin.py:115} INFO - [2022-08-05 18:46:06,376] {dag.py:2371} INFO - Sync 1 DAGs
[2022-08-05 18:46:06,464] {logging_mixin.py:115} INFO - [2022-08-05 18:46:06,464] {dag.py:2919} INFO - Setting next_dagrun for example_nested_branch_dag to 2022-08-04T00:00:00+00:00, run_after=2022-08-05T00:00:00+00:00
[2022-08-05 18:46:06,471] {processor.py:161} INFO - Processing /home/airflow/.local/lib/python3.7/site-packages/airflow/example_dags/example_nested_branch_dag.py took 0.123 seconds
[2022-08-05 18:46:37,132] {processor.py:153} INFO - Started process (PID=1076) to work on /home/airflow/.local/lib/python3.7/site-packages/airflow/example_dags/example_nested_branch_dag.py
[2022-08-05 18:46:37,134] {processor.py:641} INFO - Processing file /home/airflow/.local/lib/python3.7/site-packages/airflow/example_dags/example_nested_branch_dag.py for tasks to queue
[2022-08-05 18:46:37,135] {logging_mixin.py:115} INFO - [2022-08-05 18:46:37,135] {dagbag.py:507} INFO - Filling up the DagBag from /home/airflow/.local/lib/python3.7/site-packages/airflow/example_dags/example_nested_branch_dag.py
[2022-08-05 18:46:37,140] {processor.py:651} INFO - DAG(s) dict_keys(['example_nested_branch_dag']) retrieved from /home/airflow/.local/lib/python3.7/site-packages/airflow/example_dags/example_nested_branch_dag.py
[2022-08-05 18:46:37,156] {logging_mixin.py:115} INFO - [2022-08-05 18:46:37,156] {dag.py:2371} INFO - Sync 1 DAGs
[2022-08-05 18:46:37,242] {logging_mixin.py:115} INFO - [2022-08-05 18:46:37,242] {dag.py:2919} INFO - Setting next_dagrun for example_nested_branch_dag to 2022-08-04T00:00:00+00:00, run_after=2022-08-05T00:00:00+00:00
[2022-08-05 18:46:37,249] {processor.py:161} INFO - Processing /home/airflow/.local/lib/python3.7/site-packages/airflow/example_dags/example_nested_branch_dag.py took 0.120 seconds
[2022-08-05 18:47:08,030] {processor.py:153} INFO - Started process (PID=1138) to work on /home/airflow/.local/lib/python3.7/site-packages/airflow/example_dags/example_nested_branch_dag.py
[2022-08-05 18:47:08,032] {processor.py:641} INFO - Processing file /home/airflow/.local/lib/python3.7/site-packages/airflow/example_dags/example_nested_branch_dag.py for tasks to queue
[2022-08-05 18:47:08,033] {logging_mixin.py:115} INFO - [2022-08-05 18:47:08,033] {dagbag.py:507} INFO - Filling up the DagBag from /home/airflow/.local/lib/python3.7/site-packages/airflow/example_dags/example_nested_branch_dag.py
[2022-08-05 18:47:08,043] {processor.py:651} INFO - DAG(s) dict_keys(['example_nested_branch_dag']) retrieved from /home/airflow/.local/lib/python3.7/site-packages/airflow/example_dags/example_nested_branch_dag.py
[2022-08-05 18:47:08,066] {logging_mixin.py:115} INFO - [2022-08-05 18:47:08,066] {dag.py:2371} INFO - Sync 1 DAGs
[2022-08-05 18:47:08,181] {logging_mixin.py:115} INFO - [2022-08-05 18:47:08,181] {dag.py:2919} INFO - Setting next_dagrun for example_nested_branch_dag to 2022-08-04T00:00:00+00:00, run_after=2022-08-05T00:00:00+00:00
[2022-08-05 18:47:08,188] {processor.py:161} INFO - Processing /home/airflow/.local/lib/python3.7/site-packages/airflow/example_dags/example_nested_branch_dag.py took 0.160 seconds
[2022-08-05 18:47:38,862] {processor.py:153} INFO - Started process (PID=1192) to work on /home/airflow/.local/lib/python3.7/site-packages/airflow/example_dags/example_nested_branch_dag.py
[2022-08-05 18:47:38,863] {processor.py:641} INFO - Processing file /home/airflow/.local/lib/python3.7/site-packages/airflow/example_dags/example_nested_branch_dag.py for tasks to queue
[2022-08-05 18:47:38,864] {logging_mixin.py:115} INFO - [2022-08-05 18:47:38,864] {dagbag.py:507} INFO - Filling up the DagBag from /home/airflow/.local/lib/python3.7/site-packages/airflow/example_dags/example_nested_branch_dag.py
[2022-08-05 18:47:38,871] {processor.py:651} INFO - DAG(s) dict_keys(['example_nested_branch_dag']) retrieved from /home/airflow/.local/lib/python3.7/site-packages/airflow/example_dags/example_nested_branch_dag.py
[2022-08-05 18:47:38,892] {logging_mixin.py:115} INFO - [2022-08-05 18:47:38,892] {dag.py:2371} INFO - Sync 1 DAGs
[2022-08-05 18:47:38,998] {logging_mixin.py:115} INFO - [2022-08-05 18:47:38,997] {dag.py:2919} INFO - Setting next_dagrun for example_nested_branch_dag to 2022-08-04T00:00:00+00:00, run_after=2022-08-05T00:00:00+00:00
[2022-08-05 18:47:39,007] {processor.py:161} INFO - Processing /home/airflow/.local/lib/python3.7/site-packages/airflow/example_dags/example_nested_branch_dag.py took 0.147 seconds
[2022-08-05 18:48:09,731] {processor.py:153} INFO - Started process (PID=1254) to work on /home/airflow/.local/lib/python3.7/site-packages/airflow/example_dags/example_nested_branch_dag.py
[2022-08-05 18:48:09,733] {processor.py:641} INFO - Processing file /home/airflow/.local/lib/python3.7/site-packages/airflow/example_dags/example_nested_branch_dag.py for tasks to queue
[2022-08-05 18:48:09,733] {logging_mixin.py:115} INFO - [2022-08-05 18:48:09,733] {dagbag.py:507} INFO - Filling up the DagBag from /home/airflow/.local/lib/python3.7/site-packages/airflow/example_dags/example_nested_branch_dag.py
[2022-08-05 18:48:09,739] {processor.py:651} INFO - DAG(s) dict_keys(['example_nested_branch_dag']) retrieved from /home/airflow/.local/lib/python3.7/site-packages/airflow/example_dags/example_nested_branch_dag.py
[2022-08-05 18:48:09,757] {logging_mixin.py:115} INFO - [2022-08-05 18:48:09,757] {dag.py:2371} INFO - Sync 1 DAGs
[2022-08-05 18:48:09,844] {logging_mixin.py:115} INFO - [2022-08-05 18:48:09,844] {dag.py:2919} INFO - Setting next_dagrun for example_nested_branch_dag to 2022-08-04T00:00:00+00:00, run_after=2022-08-05T00:00:00+00:00
[2022-08-05 18:48:09,851] {processor.py:161} INFO - Processing /home/airflow/.local/lib/python3.7/site-packages/airflow/example_dags/example_nested_branch_dag.py took 0.121 seconds
[2022-08-05 18:48:40,574] {processor.py:153} INFO - Started process (PID=1316) to work on /home/airflow/.local/lib/python3.7/site-packages/airflow/example_dags/example_nested_branch_dag.py
[2022-08-05 18:48:40,575] {processor.py:641} INFO - Processing file /home/airflow/.local/lib/python3.7/site-packages/airflow/example_dags/example_nested_branch_dag.py for tasks to queue
[2022-08-05 18:48:40,576] {logging_mixin.py:115} INFO - [2022-08-05 18:48:40,576] {dagbag.py:507} INFO - Filling up the DagBag from /home/airflow/.local/lib/python3.7/site-packages/airflow/example_dags/example_nested_branch_dag.py
[2022-08-05 18:48:40,582] {processor.py:651} INFO - DAG(s) dict_keys(['example_nested_branch_dag']) retrieved from /home/airflow/.local/lib/python3.7/site-packages/airflow/example_dags/example_nested_branch_dag.py
[2022-08-05 18:48:40,600] {logging_mixin.py:115} INFO - [2022-08-05 18:48:40,600] {dag.py:2371} INFO - Sync 1 DAGs
[2022-08-05 18:48:40,684] {logging_mixin.py:115} INFO - [2022-08-05 18:48:40,684] {dag.py:2919} INFO - Setting next_dagrun for example_nested_branch_dag to 2022-08-04T00:00:00+00:00, run_after=2022-08-05T00:00:00+00:00
[2022-08-05 18:48:40,691] {processor.py:161} INFO - Processing /home/airflow/.local/lib/python3.7/site-packages/airflow/example_dags/example_nested_branch_dag.py took 0.119 seconds
[2022-08-05 18:49:11,480] {processor.py:153} INFO - Started process (PID=1379) to work on /home/airflow/.local/lib/python3.7/site-packages/airflow/example_dags/example_nested_branch_dag.py
[2022-08-05 18:49:11,481] {processor.py:641} INFO - Processing file /home/airflow/.local/lib/python3.7/site-packages/airflow/example_dags/example_nested_branch_dag.py for tasks to queue
[2022-08-05 18:49:11,484] {logging_mixin.py:115} INFO - [2022-08-05 18:49:11,484] {dagbag.py:507} INFO - Filling up the DagBag from /home/airflow/.local/lib/python3.7/site-packages/airflow/example_dags/example_nested_branch_dag.py
[2022-08-05 18:49:11,489] {processor.py:651} INFO - DAG(s) dict_keys(['example_nested_branch_dag']) retrieved from /home/airflow/.local/lib/python3.7/site-packages/airflow/example_dags/example_nested_branch_dag.py
[2022-08-05 18:49:11,506] {logging_mixin.py:115} INFO - [2022-08-05 18:49:11,506] {dag.py:2371} INFO - Sync 1 DAGs
[2022-08-05 18:49:11,591] {logging_mixin.py:115} INFO - [2022-08-05 18:49:11,591] {dag.py:2919} INFO - Setting next_dagrun for example_nested_branch_dag to 2022-08-04T00:00:00+00:00, run_after=2022-08-05T00:00:00+00:00
[2022-08-05 18:49:11,598] {processor.py:161} INFO - Processing /home/airflow/.local/lib/python3.7/site-packages/airflow/example_dags/example_nested_branch_dag.py took 0.121 seconds
[2022-08-05 18:49:42,418] {processor.py:153} INFO - Started process (PID=1441) to work on /home/airflow/.local/lib/python3.7/site-packages/airflow/example_dags/example_nested_branch_dag.py
[2022-08-05 18:49:42,419] {processor.py:641} INFO - Processing file /home/airflow/.local/lib/python3.7/site-packages/airflow/example_dags/example_nested_branch_dag.py for tasks to queue
[2022-08-05 18:49:42,420] {logging_mixin.py:115} INFO - [2022-08-05 18:49:42,420] {dagbag.py:507} INFO - Filling up the DagBag from /home/airflow/.local/lib/python3.7/site-packages/airflow/example_dags/example_nested_branch_dag.py
[2022-08-05 18:49:42,425] {processor.py:651} INFO - DAG(s) dict_keys(['example_nested_branch_dag']) retrieved from /home/airflow/.local/lib/python3.7/site-packages/airflow/example_dags/example_nested_branch_dag.py
[2022-08-05 18:49:42,442] {logging_mixin.py:115} INFO - [2022-08-05 18:49:42,442] {dag.py:2371} INFO - Sync 1 DAGs
[2022-08-05 18:49:42,525] {logging_mixin.py:115} INFO - [2022-08-05 18:49:42,525] {dag.py:2919} INFO - Setting next_dagrun for example_nested_branch_dag to 2022-08-04T00:00:00+00:00, run_after=2022-08-05T00:00:00+00:00
[2022-08-05 18:49:42,532] {processor.py:161} INFO - Processing /home/airflow/.local/lib/python3.7/site-packages/airflow/example_dags/example_nested_branch_dag.py took 0.116 seconds
[2022-08-05 18:50:13,333] {processor.py:153} INFO - Started process (PID=1504) to work on /home/airflow/.local/lib/python3.7/site-packages/airflow/example_dags/example_nested_branch_dag.py
[2022-08-05 18:50:13,336] {processor.py:641} INFO - Processing file /home/airflow/.local/lib/python3.7/site-packages/airflow/example_dags/example_nested_branch_dag.py for tasks to queue
[2022-08-05 18:50:13,339] {logging_mixin.py:115} INFO - [2022-08-05 18:50:13,339] {dagbag.py:507} INFO - Filling up the DagBag from /home/airflow/.local/lib/python3.7/site-packages/airflow/example_dags/example_nested_branch_dag.py
[2022-08-05 18:50:13,346] {processor.py:651} INFO - DAG(s) dict_keys(['example_nested_branch_dag']) retrieved from /home/airflow/.local/lib/python3.7/site-packages/airflow/example_dags/example_nested_branch_dag.py
[2022-08-05 18:50:13,370] {logging_mixin.py:115} INFO - [2022-08-05 18:50:13,370] {dag.py:2371} INFO - Sync 1 DAGs
[2022-08-05 18:50:13,456] {logging_mixin.py:115} INFO - [2022-08-05 18:50:13,456] {dag.py:2919} INFO - Setting next_dagrun for example_nested_branch_dag to 2022-08-04T00:00:00+00:00, run_after=2022-08-05T00:00:00+00:00
[2022-08-05 18:50:13,463] {processor.py:161} INFO - Processing /home/airflow/.local/lib/python3.7/site-packages/airflow/example_dags/example_nested_branch_dag.py took 0.132 seconds
[2022-08-05 18:50:43,907] {processor.py:153} INFO - Started process (PID=1567) to work on /home/airflow/.local/lib/python3.7/site-packages/airflow/example_dags/example_nested_branch_dag.py
[2022-08-05 18:50:43,909] {processor.py:641} INFO - Processing file /home/airflow/.local/lib/python3.7/site-packages/airflow/example_dags/example_nested_branch_dag.py for tasks to queue
[2022-08-05 18:50:43,909] {logging_mixin.py:115} INFO - [2022-08-05 18:50:43,909] {dagbag.py:507} INFO - Filling up the DagBag from /home/airflow/.local/lib/python3.7/site-packages/airflow/example_dags/example_nested_branch_dag.py
[2022-08-05 18:50:43,916] {processor.py:651} INFO - DAG(s) dict_keys(['example_nested_branch_dag']) retrieved from /home/airflow/.local/lib/python3.7/site-packages/airflow/example_dags/example_nested_branch_dag.py
[2022-08-05 18:50:43,934] {logging_mixin.py:115} INFO - [2022-08-05 18:50:43,934] {dag.py:2371} INFO - Sync 1 DAGs
[2022-08-05 18:50:44,021] {logging_mixin.py:115} INFO - [2022-08-05 18:50:44,021] {dag.py:2919} INFO - Setting next_dagrun for example_nested_branch_dag to 2022-08-04T00:00:00+00:00, run_after=2022-08-05T00:00:00+00:00
[2022-08-05 18:50:44,029] {processor.py:161} INFO - Processing /home/airflow/.local/lib/python3.7/site-packages/airflow/example_dags/example_nested_branch_dag.py took 0.123 seconds
[2022-08-05 18:51:14,725] {processor.py:153} INFO - Started process (PID=1629) to work on /home/airflow/.local/lib/python3.7/site-packages/airflow/example_dags/example_nested_branch_dag.py
[2022-08-05 18:51:14,726] {processor.py:641} INFO - Processing file /home/airflow/.local/lib/python3.7/site-packages/airflow/example_dags/example_nested_branch_dag.py for tasks to queue
[2022-08-05 18:51:14,727] {logging_mixin.py:115} INFO - [2022-08-05 18:51:14,727] {dagbag.py:507} INFO - Filling up the DagBag from /home/airflow/.local/lib/python3.7/site-packages/airflow/example_dags/example_nested_branch_dag.py
[2022-08-05 18:51:14,735] {processor.py:651} INFO - DAG(s) dict_keys(['example_nested_branch_dag']) retrieved from /home/airflow/.local/lib/python3.7/site-packages/airflow/example_dags/example_nested_branch_dag.py
[2022-08-05 18:51:14,753] {logging_mixin.py:115} INFO - [2022-08-05 18:51:14,753] {dag.py:2371} INFO - Sync 1 DAGs
[2022-08-05 18:51:14,837] {logging_mixin.py:115} INFO - [2022-08-05 18:51:14,837] {dag.py:2919} INFO - Setting next_dagrun for example_nested_branch_dag to 2022-08-04T00:00:00+00:00, run_after=2022-08-05T00:00:00+00:00
[2022-08-05 18:51:14,844] {processor.py:161} INFO - Processing /home/airflow/.local/lib/python3.7/site-packages/airflow/example_dags/example_nested_branch_dag.py took 0.121 seconds
[2022-08-05 18:51:45,571] {processor.py:153} INFO - Started process (PID=1682) to work on /home/airflow/.local/lib/python3.7/site-packages/airflow/example_dags/example_nested_branch_dag.py
[2022-08-05 18:51:45,572] {processor.py:641} INFO - Processing file /home/airflow/.local/lib/python3.7/site-packages/airflow/example_dags/example_nested_branch_dag.py for tasks to queue
[2022-08-05 18:51:45,573] {logging_mixin.py:115} INFO - [2022-08-05 18:51:45,573] {dagbag.py:507} INFO - Filling up the DagBag from /home/airflow/.local/lib/python3.7/site-packages/airflow/example_dags/example_nested_branch_dag.py
[2022-08-05 18:51:45,578] {processor.py:651} INFO - DAG(s) dict_keys(['example_nested_branch_dag']) retrieved from /home/airflow/.local/lib/python3.7/site-packages/airflow/example_dags/example_nested_branch_dag.py
[2022-08-05 18:51:45,595] {logging_mixin.py:115} INFO - [2022-08-05 18:51:45,595] {dag.py:2371} INFO - Sync 1 DAGs
[2022-08-05 18:51:45,681] {logging_mixin.py:115} INFO - [2022-08-05 18:51:45,681] {dag.py:2919} INFO - Setting next_dagrun for example_nested_branch_dag to 2022-08-04T00:00:00+00:00, run_after=2022-08-05T00:00:00+00:00
[2022-08-05 18:51:45,689] {processor.py:161} INFO - Processing /home/airflow/.local/lib/python3.7/site-packages/airflow/example_dags/example_nested_branch_dag.py took 0.121 seconds
[2022-08-05 18:52:16,697] {processor.py:153} INFO - Started process (PID=1744) to work on /home/airflow/.local/lib/python3.7/site-packages/airflow/example_dags/example_nested_branch_dag.py
[2022-08-05 18:52:16,698] {processor.py:641} INFO - Processing file /home/airflow/.local/lib/python3.7/site-packages/airflow/example_dags/example_nested_branch_dag.py for tasks to queue
[2022-08-05 18:52:16,699] {logging_mixin.py:115} INFO - [2022-08-05 18:52:16,699] {dagbag.py:507} INFO - Filling up the DagBag from /home/airflow/.local/lib/python3.7/site-packages/airflow/example_dags/example_nested_branch_dag.py
[2022-08-05 18:52:16,705] {processor.py:651} INFO - DAG(s) dict_keys(['example_nested_branch_dag']) retrieved from /home/airflow/.local/lib/python3.7/site-packages/airflow/example_dags/example_nested_branch_dag.py
[2022-08-05 18:52:16,732] {logging_mixin.py:115} INFO - [2022-08-05 18:52:16,731] {dag.py:2371} INFO - Sync 1 DAGs
[2022-08-05 18:52:16,830] {logging_mixin.py:115} INFO - [2022-08-05 18:52:16,830] {dag.py:2919} INFO - Setting next_dagrun for example_nested_branch_dag to 2022-08-04T00:00:00+00:00, run_after=2022-08-05T00:00:00+00:00
[2022-08-05 18:52:16,837] {processor.py:161} INFO - Processing /home/airflow/.local/lib/python3.7/site-packages/airflow/example_dags/example_nested_branch_dag.py took 0.142 seconds
[2022-08-05 18:52:47,441] {processor.py:153} INFO - Started process (PID=1806) to work on /home/airflow/.local/lib/python3.7/site-packages/airflow/example_dags/example_nested_branch_dag.py
[2022-08-05 18:52:47,442] {processor.py:641} INFO - Processing file /home/airflow/.local/lib/python3.7/site-packages/airflow/example_dags/example_nested_branch_dag.py for tasks to queue
[2022-08-05 18:52:47,443] {logging_mixin.py:115} INFO - [2022-08-05 18:52:47,443] {dagbag.py:507} INFO - Filling up the DagBag from /home/airflow/.local/lib/python3.7/site-packages/airflow/example_dags/example_nested_branch_dag.py
[2022-08-05 18:52:47,449] {processor.py:651} INFO - DAG(s) dict_keys(['example_nested_branch_dag']) retrieved from /home/airflow/.local/lib/python3.7/site-packages/airflow/example_dags/example_nested_branch_dag.py
[2022-08-05 18:52:47,467] {logging_mixin.py:115} INFO - [2022-08-05 18:52:47,467] {dag.py:2371} INFO - Sync 1 DAGs
[2022-08-05 18:52:47,553] {logging_mixin.py:115} INFO - [2022-08-05 18:52:47,553] {dag.py:2919} INFO - Setting next_dagrun for example_nested_branch_dag to 2022-08-04T00:00:00+00:00, run_after=2022-08-05T00:00:00+00:00
[2022-08-05 18:52:47,562] {processor.py:161} INFO - Processing /home/airflow/.local/lib/python3.7/site-packages/airflow/example_dags/example_nested_branch_dag.py took 0.122 seconds
[2022-08-05 18:53:18,303] {processor.py:153} INFO - Started process (PID=1868) to work on /home/airflow/.local/lib/python3.7/site-packages/airflow/example_dags/example_nested_branch_dag.py
[2022-08-05 18:53:18,304] {processor.py:641} INFO - Processing file /home/airflow/.local/lib/python3.7/site-packages/airflow/example_dags/example_nested_branch_dag.py for tasks to queue
[2022-08-05 18:53:18,305] {logging_mixin.py:115} INFO - [2022-08-05 18:53:18,305] {dagbag.py:507} INFO - Filling up the DagBag from /home/airflow/.local/lib/python3.7/site-packages/airflow/example_dags/example_nested_branch_dag.py
[2022-08-05 18:53:18,311] {processor.py:651} INFO - DAG(s) dict_keys(['example_nested_branch_dag']) retrieved from /home/airflow/.local/lib/python3.7/site-packages/airflow/example_dags/example_nested_branch_dag.py
[2022-08-05 18:53:18,330] {logging_mixin.py:115} INFO - [2022-08-05 18:53:18,330] {dag.py:2371} INFO - Sync 1 DAGs
[2022-08-05 18:53:18,420] {logging_mixin.py:115} INFO - [2022-08-05 18:53:18,420] {dag.py:2919} INFO - Setting next_dagrun for example_nested_branch_dag to 2022-08-04T00:00:00+00:00, run_after=2022-08-05T00:00:00+00:00
[2022-08-05 18:53:18,427] {processor.py:161} INFO - Processing /home/airflow/.local/lib/python3.7/site-packages/airflow/example_dags/example_nested_branch_dag.py took 0.125 seconds
[2022-08-05 18:53:49,152] {processor.py:153} INFO - Started process (PID=1930) to work on /home/airflow/.local/lib/python3.7/site-packages/airflow/example_dags/example_nested_branch_dag.py
[2022-08-05 18:53:49,153] {processor.py:641} INFO - Processing file /home/airflow/.local/lib/python3.7/site-packages/airflow/example_dags/example_nested_branch_dag.py for tasks to queue
[2022-08-05 18:53:49,154] {logging_mixin.py:115} INFO - [2022-08-05 18:53:49,154] {dagbag.py:507} INFO - Filling up the DagBag from /home/airflow/.local/lib/python3.7/site-packages/airflow/example_dags/example_nested_branch_dag.py
[2022-08-05 18:53:49,160] {processor.py:651} INFO - DAG(s) dict_keys(['example_nested_branch_dag']) retrieved from /home/airflow/.local/lib/python3.7/site-packages/airflow/example_dags/example_nested_branch_dag.py
[2022-08-05 18:53:49,178] {logging_mixin.py:115} INFO - [2022-08-05 18:53:49,178] {dag.py:2371} INFO - Sync 1 DAGs
[2022-08-05 18:53:49,266] {logging_mixin.py:115} INFO - [2022-08-05 18:53:49,266] {dag.py:2919} INFO - Setting next_dagrun for example_nested_branch_dag to 2022-08-04T00:00:00+00:00, run_after=2022-08-05T00:00:00+00:00
[2022-08-05 18:53:49,273] {processor.py:161} INFO - Processing /home/airflow/.local/lib/python3.7/site-packages/airflow/example_dags/example_nested_branch_dag.py took 0.123 seconds
[2022-08-05 18:54:20,045] {processor.py:153} INFO - Started process (PID=1992) to work on /home/airflow/.local/lib/python3.7/site-packages/airflow/example_dags/example_nested_branch_dag.py
[2022-08-05 18:54:20,046] {processor.py:641} INFO - Processing file /home/airflow/.local/lib/python3.7/site-packages/airflow/example_dags/example_nested_branch_dag.py for tasks to queue
[2022-08-05 18:54:20,048] {logging_mixin.py:115} INFO - [2022-08-05 18:54:20,048] {dagbag.py:507} INFO - Filling up the DagBag from /home/airflow/.local/lib/python3.7/site-packages/airflow/example_dags/example_nested_branch_dag.py
[2022-08-05 18:54:20,056] {processor.py:651} INFO - DAG(s) dict_keys(['example_nested_branch_dag']) retrieved from /home/airflow/.local/lib/python3.7/site-packages/airflow/example_dags/example_nested_branch_dag.py
[2022-08-05 18:54:20,072] {logging_mixin.py:115} INFO - [2022-08-05 18:54:20,072] {dag.py:2371} INFO - Sync 1 DAGs
[2022-08-05 18:54:20,155] {logging_mixin.py:115} INFO - [2022-08-05 18:54:20,155] {dag.py:2919} INFO - Setting next_dagrun for example_nested_branch_dag to 2022-08-04T00:00:00+00:00, run_after=2022-08-05T00:00:00+00:00
[2022-08-05 18:54:20,161] {processor.py:161} INFO - Processing /home/airflow/.local/lib/python3.7/site-packages/airflow/example_dags/example_nested_branch_dag.py took 0.118 seconds
[2022-08-05 18:54:50,827] {processor.py:153} INFO - Started process (PID=2054) to work on /home/airflow/.local/lib/python3.7/site-packages/airflow/example_dags/example_nested_branch_dag.py
[2022-08-05 18:54:50,828] {processor.py:641} INFO - Processing file /home/airflow/.local/lib/python3.7/site-packages/airflow/example_dags/example_nested_branch_dag.py for tasks to queue
[2022-08-05 18:54:50,829] {logging_mixin.py:115} INFO - [2022-08-05 18:54:50,829] {dagbag.py:507} INFO - Filling up the DagBag from /home/airflow/.local/lib/python3.7/site-packages/airflow/example_dags/example_nested_branch_dag.py
[2022-08-05 18:54:50,834] {processor.py:651} INFO - DAG(s) dict_keys(['example_nested_branch_dag']) retrieved from /home/airflow/.local/lib/python3.7/site-packages/airflow/example_dags/example_nested_branch_dag.py
[2022-08-05 18:54:50,852] {logging_mixin.py:115} INFO - [2022-08-05 18:54:50,852] {dag.py:2371} INFO - Sync 1 DAGs
[2022-08-05 18:54:50,936] {logging_mixin.py:115} INFO - [2022-08-05 18:54:50,936] {dag.py:2919} INFO - Setting next_dagrun for example_nested_branch_dag to 2022-08-04T00:00:00+00:00, run_after=2022-08-05T00:00:00+00:00
[2022-08-05 18:54:50,943] {processor.py:161} INFO - Processing /home/airflow/.local/lib/python3.7/site-packages/airflow/example_dags/example_nested_branch_dag.py took 0.118 seconds
[2022-08-05 18:55:21,768] {processor.py:153} INFO - Started process (PID=2117) to work on /home/airflow/.local/lib/python3.7/site-packages/airflow/example_dags/example_nested_branch_dag.py
[2022-08-05 18:55:21,769] {processor.py:641} INFO - Processing file /home/airflow/.local/lib/python3.7/site-packages/airflow/example_dags/example_nested_branch_dag.py for tasks to queue
[2022-08-05 18:55:21,770] {logging_mixin.py:115} INFO - [2022-08-05 18:55:21,770] {dagbag.py:507} INFO - Filling up the DagBag from /home/airflow/.local/lib/python3.7/site-packages/airflow/example_dags/example_nested_branch_dag.py
[2022-08-05 18:55:21,776] {processor.py:651} INFO - DAG(s) dict_keys(['example_nested_branch_dag']) retrieved from /home/airflow/.local/lib/python3.7/site-packages/airflow/example_dags/example_nested_branch_dag.py
[2022-08-05 18:55:21,795] {logging_mixin.py:115} INFO - [2022-08-05 18:55:21,794] {dag.py:2371} INFO - Sync 1 DAGs
[2022-08-05 18:55:21,880] {logging_mixin.py:115} INFO - [2022-08-05 18:55:21,880] {dag.py:2919} INFO - Setting next_dagrun for example_nested_branch_dag to 2022-08-04T00:00:00+00:00, run_after=2022-08-05T00:00:00+00:00
[2022-08-05 18:55:21,886] {processor.py:161} INFO - Processing /home/airflow/.local/lib/python3.7/site-packages/airflow/example_dags/example_nested_branch_dag.py took 0.121 seconds
[2022-08-05 18:55:52,624] {processor.py:153} INFO - Started process (PID=2179) to work on /home/airflow/.local/lib/python3.7/site-packages/airflow/example_dags/example_nested_branch_dag.py
[2022-08-05 18:55:52,626] {processor.py:641} INFO - Processing file /home/airflow/.local/lib/python3.7/site-packages/airflow/example_dags/example_nested_branch_dag.py for tasks to queue
[2022-08-05 18:55:52,627] {logging_mixin.py:115} INFO - [2022-08-05 18:55:52,627] {dagbag.py:507} INFO - Filling up the DagBag from /home/airflow/.local/lib/python3.7/site-packages/airflow/example_dags/example_nested_branch_dag.py
[2022-08-05 18:55:52,633] {processor.py:651} INFO - DAG(s) dict_keys(['example_nested_branch_dag']) retrieved from /home/airflow/.local/lib/python3.7/site-packages/airflow/example_dags/example_nested_branch_dag.py
[2022-08-05 18:55:52,651] {logging_mixin.py:115} INFO - [2022-08-05 18:55:52,651] {dag.py:2371} INFO - Sync 1 DAGs
[2022-08-05 18:55:52,760] {logging_mixin.py:115} INFO - [2022-08-05 18:55:52,759] {dag.py:2919} INFO - Setting next_dagrun for example_nested_branch_dag to 2022-08-04T00:00:00+00:00, run_after=2022-08-05T00:00:00+00:00
[2022-08-05 18:55:52,772] {processor.py:161} INFO - Processing /home/airflow/.local/lib/python3.7/site-packages/airflow/example_dags/example_nested_branch_dag.py took 0.150 seconds
[2022-08-05 18:56:23,762] {processor.py:153} INFO - Started process (PID=2232) to work on /home/airflow/.local/lib/python3.7/site-packages/airflow/example_dags/example_nested_branch_dag.py
[2022-08-05 18:56:23,764] {processor.py:641} INFO - Processing file /home/airflow/.local/lib/python3.7/site-packages/airflow/example_dags/example_nested_branch_dag.py for tasks to queue
[2022-08-05 18:56:23,765] {logging_mixin.py:115} INFO - [2022-08-05 18:56:23,765] {dagbag.py:507} INFO - Filling up the DagBag from /home/airflow/.local/lib/python3.7/site-packages/airflow/example_dags/example_nested_branch_dag.py
[2022-08-05 18:56:23,773] {processor.py:651} INFO - DAG(s) dict_keys(['example_nested_branch_dag']) retrieved from /home/airflow/.local/lib/python3.7/site-packages/airflow/example_dags/example_nested_branch_dag.py
[2022-08-05 18:56:23,791] {logging_mixin.py:115} INFO - [2022-08-05 18:56:23,790] {dag.py:2371} INFO - Sync 1 DAGs
[2022-08-05 18:56:23,882] {logging_mixin.py:115} INFO - [2022-08-05 18:56:23,882] {dag.py:2919} INFO - Setting next_dagrun for example_nested_branch_dag to 2022-08-04T00:00:00+00:00, run_after=2022-08-05T00:00:00+00:00
[2022-08-05 18:56:23,891] {processor.py:161} INFO - Processing /home/airflow/.local/lib/python3.7/site-packages/airflow/example_dags/example_nested_branch_dag.py took 0.131 seconds
[2022-08-05 18:56:54,725] {processor.py:153} INFO - Started process (PID=2294) to work on /home/airflow/.local/lib/python3.7/site-packages/airflow/example_dags/example_nested_branch_dag.py
[2022-08-05 18:56:54,727] {processor.py:641} INFO - Processing file /home/airflow/.local/lib/python3.7/site-packages/airflow/example_dags/example_nested_branch_dag.py for tasks to queue
[2022-08-05 18:56:54,728] {logging_mixin.py:115} INFO - [2022-08-05 18:56:54,728] {dagbag.py:507} INFO - Filling up the DagBag from /home/airflow/.local/lib/python3.7/site-packages/airflow/example_dags/example_nested_branch_dag.py
[2022-08-05 18:56:54,740] {processor.py:651} INFO - DAG(s) dict_keys(['example_nested_branch_dag']) retrieved from /home/airflow/.local/lib/python3.7/site-packages/airflow/example_dags/example_nested_branch_dag.py
[2022-08-05 18:56:54,758] {logging_mixin.py:115} INFO - [2022-08-05 18:56:54,758] {dag.py:2371} INFO - Sync 1 DAGs
[2022-08-05 18:56:54,843] {logging_mixin.py:115} INFO - [2022-08-05 18:56:54,843] {dag.py:2919} INFO - Setting next_dagrun for example_nested_branch_dag to 2022-08-04T00:00:00+00:00, run_after=2022-08-05T00:00:00+00:00
[2022-08-05 18:56:54,850] {processor.py:161} INFO - Processing /home/airflow/.local/lib/python3.7/site-packages/airflow/example_dags/example_nested_branch_dag.py took 0.126 seconds
[2022-08-05 18:57:25,579] {processor.py:153} INFO - Started process (PID=2357) to work on /home/airflow/.local/lib/python3.7/site-packages/airflow/example_dags/example_nested_branch_dag.py
[2022-08-05 18:57:25,580] {processor.py:641} INFO - Processing file /home/airflow/.local/lib/python3.7/site-packages/airflow/example_dags/example_nested_branch_dag.py for tasks to queue
[2022-08-05 18:57:25,581] {logging_mixin.py:115} INFO - [2022-08-05 18:57:25,581] {dagbag.py:507} INFO - Filling up the DagBag from /home/airflow/.local/lib/python3.7/site-packages/airflow/example_dags/example_nested_branch_dag.py
[2022-08-05 18:57:25,588] {processor.py:651} INFO - DAG(s) dict_keys(['example_nested_branch_dag']) retrieved from /home/airflow/.local/lib/python3.7/site-packages/airflow/example_dags/example_nested_branch_dag.py
[2022-08-05 18:57:25,611] {logging_mixin.py:115} INFO - [2022-08-05 18:57:25,611] {dag.py:2371} INFO - Sync 1 DAGs
[2022-08-05 18:57:25,706] {logging_mixin.py:115} INFO - [2022-08-05 18:57:25,705] {dag.py:2919} INFO - Setting next_dagrun for example_nested_branch_dag to 2022-08-04T00:00:00+00:00, run_after=2022-08-05T00:00:00+00:00
[2022-08-05 18:57:25,714] {processor.py:161} INFO - Processing /home/airflow/.local/lib/python3.7/site-packages/airflow/example_dags/example_nested_branch_dag.py took 0.136 seconds
[2022-08-05 18:57:56,376] {processor.py:153} INFO - Started process (PID=2420) to work on /home/airflow/.local/lib/python3.7/site-packages/airflow/example_dags/example_nested_branch_dag.py
[2022-08-05 18:57:56,376] {processor.py:641} INFO - Processing file /home/airflow/.local/lib/python3.7/site-packages/airflow/example_dags/example_nested_branch_dag.py for tasks to queue
[2022-08-05 18:57:56,377] {logging_mixin.py:115} INFO - [2022-08-05 18:57:56,377] {dagbag.py:507} INFO - Filling up the DagBag from /home/airflow/.local/lib/python3.7/site-packages/airflow/example_dags/example_nested_branch_dag.py
[2022-08-05 18:57:56,383] {processor.py:651} INFO - DAG(s) dict_keys(['example_nested_branch_dag']) retrieved from /home/airflow/.local/lib/python3.7/site-packages/airflow/example_dags/example_nested_branch_dag.py
[2022-08-05 18:57:56,401] {logging_mixin.py:115} INFO - [2022-08-05 18:57:56,401] {dag.py:2371} INFO - Sync 1 DAGs
[2022-08-05 18:57:56,487] {logging_mixin.py:115} INFO - [2022-08-05 18:57:56,487] {dag.py:2919} INFO - Setting next_dagrun for example_nested_branch_dag to 2022-08-04T00:00:00+00:00, run_after=2022-08-05T00:00:00+00:00
[2022-08-05 18:57:56,495] {processor.py:161} INFO - Processing /home/airflow/.local/lib/python3.7/site-packages/airflow/example_dags/example_nested_branch_dag.py took 0.122 seconds
[2022-08-05 18:58:27,276] {processor.py:153} INFO - Started process (PID=2482) to work on /home/airflow/.local/lib/python3.7/site-packages/airflow/example_dags/example_nested_branch_dag.py
[2022-08-05 18:58:27,277] {processor.py:641} INFO - Processing file /home/airflow/.local/lib/python3.7/site-packages/airflow/example_dags/example_nested_branch_dag.py for tasks to queue
[2022-08-05 18:58:27,278] {logging_mixin.py:115} INFO - [2022-08-05 18:58:27,277] {dagbag.py:507} INFO - Filling up the DagBag from /home/airflow/.local/lib/python3.7/site-packages/airflow/example_dags/example_nested_branch_dag.py
[2022-08-05 18:58:27,285] {processor.py:651} INFO - DAG(s) dict_keys(['example_nested_branch_dag']) retrieved from /home/airflow/.local/lib/python3.7/site-packages/airflow/example_dags/example_nested_branch_dag.py
[2022-08-05 18:58:27,376] {logging_mixin.py:115} INFO - [2022-08-05 18:58:27,375] {dag.py:2371} INFO - Sync 1 DAGs
[2022-08-05 18:58:27,387] {logging_mixin.py:115} INFO - [2022-08-05 18:58:27,387] {dag.py:2919} INFO - Setting next_dagrun for example_nested_branch_dag to 2022-08-04T00:00:00+00:00, run_after=2022-08-05T00:00:00+00:00
[2022-08-05 18:58:27,394] {processor.py:161} INFO - Processing /home/airflow/.local/lib/python3.7/site-packages/airflow/example_dags/example_nested_branch_dag.py took 0.120 seconds
[2022-08-05 18:58:58,128] {processor.py:153} INFO - Started process (PID=2544) to work on /home/airflow/.local/lib/python3.7/site-packages/airflow/example_dags/example_nested_branch_dag.py
[2022-08-05 18:58:58,129] {processor.py:641} INFO - Processing file /home/airflow/.local/lib/python3.7/site-packages/airflow/example_dags/example_nested_branch_dag.py for tasks to queue
[2022-08-05 18:58:58,130] {logging_mixin.py:115} INFO - [2022-08-05 18:58:58,130] {dagbag.py:507} INFO - Filling up the DagBag from /home/airflow/.local/lib/python3.7/site-packages/airflow/example_dags/example_nested_branch_dag.py
[2022-08-05 18:58:58,137] {processor.py:651} INFO - DAG(s) dict_keys(['example_nested_branch_dag']) retrieved from /home/airflow/.local/lib/python3.7/site-packages/airflow/example_dags/example_nested_branch_dag.py
[2022-08-05 18:58:58,227] {logging_mixin.py:115} INFO - [2022-08-05 18:58:58,227] {dag.py:2371} INFO - Sync 1 DAGs
[2022-08-05 18:58:58,239] {logging_mixin.py:115} INFO - [2022-08-05 18:58:58,239] {dag.py:2919} INFO - Setting next_dagrun for example_nested_branch_dag to 2022-08-04T00:00:00+00:00, run_after=2022-08-05T00:00:00+00:00
[2022-08-05 18:58:58,245] {processor.py:161} INFO - Processing /home/airflow/.local/lib/python3.7/site-packages/airflow/example_dags/example_nested_branch_dag.py took 0.119 seconds
[2022-08-05 18:59:29,043] {processor.py:153} INFO - Started process (PID=2606) to work on /home/airflow/.local/lib/python3.7/site-packages/airflow/example_dags/example_nested_branch_dag.py
[2022-08-05 18:59:29,044] {processor.py:641} INFO - Processing file /home/airflow/.local/lib/python3.7/site-packages/airflow/example_dags/example_nested_branch_dag.py for tasks to queue
[2022-08-05 18:59:29,045] {logging_mixin.py:115} INFO - [2022-08-05 18:59:29,045] {dagbag.py:507} INFO - Filling up the DagBag from /home/airflow/.local/lib/python3.7/site-packages/airflow/example_dags/example_nested_branch_dag.py
[2022-08-05 18:59:29,052] {processor.py:651} INFO - DAG(s) dict_keys(['example_nested_branch_dag']) retrieved from /home/airflow/.local/lib/python3.7/site-packages/airflow/example_dags/example_nested_branch_dag.py
[2022-08-05 18:59:29,144] {logging_mixin.py:115} INFO - [2022-08-05 18:59:29,144] {dag.py:2371} INFO - Sync 1 DAGs
[2022-08-05 18:59:29,154] {logging_mixin.py:115} INFO - [2022-08-05 18:59:29,154] {dag.py:2919} INFO - Setting next_dagrun for example_nested_branch_dag to 2022-08-04T00:00:00+00:00, run_after=2022-08-05T00:00:00+00:00
[2022-08-05 18:59:29,161] {processor.py:161} INFO - Processing /home/airflow/.local/lib/python3.7/site-packages/airflow/example_dags/example_nested_branch_dag.py took 0.121 seconds
[2022-08-05 19:00:00,042] {processor.py:153} INFO - Started process (PID=2669) to work on /home/airflow/.local/lib/python3.7/site-packages/airflow/example_dags/example_nested_branch_dag.py
[2022-08-05 19:00:00,043] {processor.py:641} INFO - Processing file /home/airflow/.local/lib/python3.7/site-packages/airflow/example_dags/example_nested_branch_dag.py for tasks to queue
[2022-08-05 19:00:00,043] {logging_mixin.py:115} INFO - [2022-08-05 19:00:00,043] {dagbag.py:507} INFO - Filling up the DagBag from /home/airflow/.local/lib/python3.7/site-packages/airflow/example_dags/example_nested_branch_dag.py
[2022-08-05 19:00:00,051] {processor.py:651} INFO - DAG(s) dict_keys(['example_nested_branch_dag']) retrieved from /home/airflow/.local/lib/python3.7/site-packages/airflow/example_dags/example_nested_branch_dag.py
[2022-08-05 19:00:00,141] {logging_mixin.py:115} INFO - [2022-08-05 19:00:00,141] {dag.py:2371} INFO - Sync 1 DAGs
[2022-08-05 19:00:00,152] {logging_mixin.py:115} INFO - [2022-08-05 19:00:00,152] {dag.py:2919} INFO - Setting next_dagrun for example_nested_branch_dag to 2022-08-04T00:00:00+00:00, run_after=2022-08-05T00:00:00+00:00
[2022-08-05 19:00:00,158] {processor.py:161} INFO - Processing /home/airflow/.local/lib/python3.7/site-packages/airflow/example_dags/example_nested_branch_dag.py took 0.118 seconds
[2022-08-05 19:00:30,855] {processor.py:153} INFO - Started process (PID=2728) to work on /home/airflow/.local/lib/python3.7/site-packages/airflow/example_dags/example_nested_branch_dag.py
[2022-08-05 19:00:30,857] {processor.py:641} INFO - Processing file /home/airflow/.local/lib/python3.7/site-packages/airflow/example_dags/example_nested_branch_dag.py for tasks to queue
[2022-08-05 19:00:30,859] {logging_mixin.py:115} INFO - [2022-08-05 19:00:30,859] {dagbag.py:507} INFO - Filling up the DagBag from /home/airflow/.local/lib/python3.7/site-packages/airflow/example_dags/example_nested_branch_dag.py
[2022-08-05 19:00:30,867] {processor.py:651} INFO - DAG(s) dict_keys(['example_nested_branch_dag']) retrieved from /home/airflow/.local/lib/python3.7/site-packages/airflow/example_dags/example_nested_branch_dag.py
[2022-08-05 19:00:30,971] {logging_mixin.py:115} INFO - [2022-08-05 19:00:30,971] {dag.py:2371} INFO - Sync 1 DAGs
[2022-08-05 19:00:30,986] {logging_mixin.py:115} INFO - [2022-08-05 19:00:30,986] {dag.py:2919} INFO - Setting next_dagrun for example_nested_branch_dag to 2022-08-04T00:00:00+00:00, run_after=2022-08-05T00:00:00+00:00
[2022-08-05 19:00:31,000] {processor.py:161} INFO - Processing /home/airflow/.local/lib/python3.7/site-packages/airflow/example_dags/example_nested_branch_dag.py took 0.146 seconds
[2022-08-05 19:01:01,112] {processor.py:153} INFO - Started process (PID=2783) to work on /home/airflow/.local/lib/python3.7/site-packages/airflow/example_dags/example_nested_branch_dag.py
[2022-08-05 19:01:01,113] {processor.py:641} INFO - Processing file /home/airflow/.local/lib/python3.7/site-packages/airflow/example_dags/example_nested_branch_dag.py for tasks to queue
[2022-08-05 19:01:01,114] {logging_mixin.py:115} INFO - [2022-08-05 19:01:01,114] {dagbag.py:507} INFO - Filling up the DagBag from /home/airflow/.local/lib/python3.7/site-packages/airflow/example_dags/example_nested_branch_dag.py
[2022-08-05 19:01:01,121] {processor.py:651} INFO - DAG(s) dict_keys(['example_nested_branch_dag']) retrieved from /home/airflow/.local/lib/python3.7/site-packages/airflow/example_dags/example_nested_branch_dag.py
[2022-08-05 19:01:01,211] {logging_mixin.py:115} INFO - [2022-08-05 19:01:01,211] {dag.py:2371} INFO - Sync 1 DAGs
[2022-08-05 19:01:01,222] {logging_mixin.py:115} INFO - [2022-08-05 19:01:01,222] {dag.py:2919} INFO - Setting next_dagrun for example_nested_branch_dag to 2022-08-04T00:00:00+00:00, run_after=2022-08-05T00:00:00+00:00
[2022-08-05 19:01:01,229] {processor.py:161} INFO - Processing /home/airflow/.local/lib/python3.7/site-packages/airflow/example_dags/example_nested_branch_dag.py took 0.119 seconds
[2022-08-05 19:01:31,360] {processor.py:153} INFO - Started process (PID=2845) to work on /home/airflow/.local/lib/python3.7/site-packages/airflow/example_dags/example_nested_branch_dag.py
[2022-08-05 19:01:31,362] {processor.py:641} INFO - Processing file /home/airflow/.local/lib/python3.7/site-packages/airflow/example_dags/example_nested_branch_dag.py for tasks to queue
[2022-08-05 19:01:31,363] {logging_mixin.py:115} INFO - [2022-08-05 19:01:31,363] {dagbag.py:507} INFO - Filling up the DagBag from /home/airflow/.local/lib/python3.7/site-packages/airflow/example_dags/example_nested_branch_dag.py
[2022-08-05 19:01:31,370] {processor.py:651} INFO - DAG(s) dict_keys(['example_nested_branch_dag']) retrieved from /home/airflow/.local/lib/python3.7/site-packages/airflow/example_dags/example_nested_branch_dag.py
[2022-08-05 19:01:31,459] {logging_mixin.py:115} INFO - [2022-08-05 19:01:31,459] {dag.py:2371} INFO - Sync 1 DAGs
[2022-08-05 19:01:31,470] {logging_mixin.py:115} INFO - [2022-08-05 19:01:31,470] {dag.py:2919} INFO - Setting next_dagrun for example_nested_branch_dag to 2022-08-04T00:00:00+00:00, run_after=2022-08-05T00:00:00+00:00
[2022-08-05 19:01:31,477] {processor.py:161} INFO - Processing /home/airflow/.local/lib/python3.7/site-packages/airflow/example_dags/example_nested_branch_dag.py took 0.118 seconds
[2022-08-05 19:02:02,334] {processor.py:153} INFO - Started process (PID=2908) to work on /home/airflow/.local/lib/python3.7/site-packages/airflow/example_dags/example_nested_branch_dag.py
[2022-08-05 19:02:02,334] {processor.py:641} INFO - Processing file /home/airflow/.local/lib/python3.7/site-packages/airflow/example_dags/example_nested_branch_dag.py for tasks to queue
[2022-08-05 19:02:02,335] {logging_mixin.py:115} INFO - [2022-08-05 19:02:02,335] {dagbag.py:507} INFO - Filling up the DagBag from /home/airflow/.local/lib/python3.7/site-packages/airflow/example_dags/example_nested_branch_dag.py
[2022-08-05 19:02:02,342] {processor.py:651} INFO - DAG(s) dict_keys(['example_nested_branch_dag']) retrieved from /home/airflow/.local/lib/python3.7/site-packages/airflow/example_dags/example_nested_branch_dag.py
[2022-08-05 19:02:02,438] {logging_mixin.py:115} INFO - [2022-08-05 19:02:02,438] {dag.py:2371} INFO - Sync 1 DAGs
[2022-08-05 19:02:02,449] {logging_mixin.py:115} INFO - [2022-08-05 19:02:02,449] {dag.py:2919} INFO - Setting next_dagrun for example_nested_branch_dag to 2022-08-04T00:00:00+00:00, run_after=2022-08-05T00:00:00+00:00
[2022-08-05 19:02:02,455] {processor.py:161} INFO - Processing /home/airflow/.local/lib/python3.7/site-packages/airflow/example_dags/example_nested_branch_dag.py took 0.124 seconds
[2022-08-05 19:02:33,543] {processor.py:153} INFO - Started process (PID=2972) to work on /home/airflow/.local/lib/python3.7/site-packages/airflow/example_dags/example_nested_branch_dag.py
[2022-08-05 19:02:33,544] {processor.py:641} INFO - Processing file /home/airflow/.local/lib/python3.7/site-packages/airflow/example_dags/example_nested_branch_dag.py for tasks to queue
[2022-08-05 19:02:33,545] {logging_mixin.py:115} INFO - [2022-08-05 19:02:33,545] {dagbag.py:507} INFO - Filling up the DagBag from /home/airflow/.local/lib/python3.7/site-packages/airflow/example_dags/example_nested_branch_dag.py
[2022-08-05 19:02:33,553] {processor.py:651} INFO - DAG(s) dict_keys(['example_nested_branch_dag']) retrieved from /home/airflow/.local/lib/python3.7/site-packages/airflow/example_dags/example_nested_branch_dag.py
[2022-08-05 19:02:33,666] {logging_mixin.py:115} INFO - [2022-08-05 19:02:33,666] {dag.py:2371} INFO - Sync 1 DAGs
[2022-08-05 19:02:33,680] {logging_mixin.py:115} INFO - [2022-08-05 19:02:33,680] {dag.py:2919} INFO - Setting next_dagrun for example_nested_branch_dag to 2022-08-04T00:00:00+00:00, run_after=2022-08-05T00:00:00+00:00
[2022-08-05 19:02:33,688] {processor.py:161} INFO - Processing /home/airflow/.local/lib/python3.7/site-packages/airflow/example_dags/example_nested_branch_dag.py took 0.148 seconds
[2022-08-05 19:03:03,772] {processor.py:153} INFO - Started process (PID=3033) to work on /home/airflow/.local/lib/python3.7/site-packages/airflow/example_dags/example_nested_branch_dag.py
[2022-08-05 19:03:03,774] {processor.py:641} INFO - Processing file /home/airflow/.local/lib/python3.7/site-packages/airflow/example_dags/example_nested_branch_dag.py for tasks to queue
[2022-08-05 19:03:03,775] {logging_mixin.py:115} INFO - [2022-08-05 19:03:03,775] {dagbag.py:507} INFO - Filling up the DagBag from /home/airflow/.local/lib/python3.7/site-packages/airflow/example_dags/example_nested_branch_dag.py
[2022-08-05 19:03:03,855] {processor.py:651} INFO - DAG(s) dict_keys(['example_nested_branch_dag']) retrieved from /home/airflow/.local/lib/python3.7/site-packages/airflow/example_dags/example_nested_branch_dag.py
[2022-08-05 19:03:03,867] {logging_mixin.py:115} INFO - [2022-08-05 19:03:03,867] {dag.py:2371} INFO - Sync 1 DAGs
[2022-08-05 19:03:03,878] {logging_mixin.py:115} INFO - [2022-08-05 19:03:03,878] {dag.py:2919} INFO - Setting next_dagrun for example_nested_branch_dag to 2022-08-04T00:00:00+00:00, run_after=2022-08-05T00:00:00+00:00
[2022-08-05 19:03:03,884] {processor.py:161} INFO - Processing /home/airflow/.local/lib/python3.7/site-packages/airflow/example_dags/example_nested_branch_dag.py took 0.114 seconds
[2022-08-05 19:53:24,701] {processor.py:153} INFO - Started process (PID=3085) to work on /home/airflow/.local/lib/python3.7/site-packages/airflow/example_dags/example_nested_branch_dag.py
[2022-08-05 19:53:24,704] {processor.py:641} INFO - Processing file /home/airflow/.local/lib/python3.7/site-packages/airflow/example_dags/example_nested_branch_dag.py for tasks to queue
[2022-08-05 19:53:24,706] {logging_mixin.py:115} INFO - [2022-08-05 19:53:24,706] {dagbag.py:507} INFO - Filling up the DagBag from /home/airflow/.local/lib/python3.7/site-packages/airflow/example_dags/example_nested_branch_dag.py
[2022-08-05 19:53:24,717] {processor.py:651} INFO - DAG(s) dict_keys(['example_nested_branch_dag']) retrieved from /home/airflow/.local/lib/python3.7/site-packages/airflow/example_dags/example_nested_branch_dag.py
[2022-08-05 19:53:24,749] {logging_mixin.py:115} INFO - [2022-08-05 19:53:24,749] {dag.py:2371} INFO - Sync 1 DAGs
[2022-08-05 19:53:24,771] {logging_mixin.py:115} INFO - [2022-08-05 19:53:24,771] {dag.py:2919} INFO - Setting next_dagrun for example_nested_branch_dag to 2022-08-04T00:00:00+00:00, run_after=2022-08-05T00:00:00+00:00
[2022-08-05 19:53:24,782] {processor.py:161} INFO - Processing /home/airflow/.local/lib/python3.7/site-packages/airflow/example_dags/example_nested_branch_dag.py took 0.085 seconds
[2022-08-05 20:42:18,500] {processor.py:153} INFO - Started process (PID=3136) to work on /home/airflow/.local/lib/python3.7/site-packages/airflow/example_dags/example_nested_branch_dag.py
[2022-08-05 20:42:18,501] {processor.py:641} INFO - Processing file /home/airflow/.local/lib/python3.7/site-packages/airflow/example_dags/example_nested_branch_dag.py for tasks to queue
[2022-08-05 20:42:18,502] {logging_mixin.py:115} INFO - [2022-08-05 20:42:18,502] {dagbag.py:507} INFO - Filling up the DagBag from /home/airflow/.local/lib/python3.7/site-packages/airflow/example_dags/example_nested_branch_dag.py
[2022-08-05 20:42:18,508] {processor.py:651} INFO - DAG(s) dict_keys(['example_nested_branch_dag']) retrieved from /home/airflow/.local/lib/python3.7/site-packages/airflow/example_dags/example_nested_branch_dag.py
[2022-08-05 20:42:18,525] {logging_mixin.py:115} INFO - [2022-08-05 20:42:18,525] {dag.py:2371} INFO - Sync 1 DAGs
[2022-08-05 20:42:18,538] {logging_mixin.py:115} INFO - [2022-08-05 20:42:18,538] {dag.py:2919} INFO - Setting next_dagrun for example_nested_branch_dag to 2022-08-04T00:00:00+00:00, run_after=2022-08-05T00:00:00+00:00
[2022-08-05 20:42:18,546] {processor.py:161} INFO - Processing /home/airflow/.local/lib/python3.7/site-packages/airflow/example_dags/example_nested_branch_dag.py took 0.048 seconds
[2022-08-05 21:16:20,921] {processor.py:153} INFO - Started process (PID=3196) to work on /home/airflow/.local/lib/python3.7/site-packages/airflow/example_dags/example_nested_branch_dag.py
[2022-08-05 21:16:20,923] {processor.py:641} INFO - Processing file /home/airflow/.local/lib/python3.7/site-packages/airflow/example_dags/example_nested_branch_dag.py for tasks to queue
[2022-08-05 21:16:20,925] {logging_mixin.py:115} INFO - [2022-08-05 21:16:20,925] {dagbag.py:507} INFO - Filling up the DagBag from /home/airflow/.local/lib/python3.7/site-packages/airflow/example_dags/example_nested_branch_dag.py
[2022-08-05 21:16:20,935] {processor.py:651} INFO - DAG(s) dict_keys(['example_nested_branch_dag']) retrieved from /home/airflow/.local/lib/python3.7/site-packages/airflow/example_dags/example_nested_branch_dag.py
[2022-08-05 21:16:20,972] {logging_mixin.py:115} INFO - [2022-08-05 21:16:20,972] {dag.py:2371} INFO - Sync 1 DAGs
[2022-08-05 21:16:20,994] {logging_mixin.py:115} INFO - [2022-08-05 21:16:20,994] {dag.py:2919} INFO - Setting next_dagrun for example_nested_branch_dag to 2022-08-04T00:00:00+00:00, run_after=2022-08-05T00:00:00+00:00
[2022-08-05 21:16:21,007] {processor.py:161} INFO - Processing /home/airflow/.local/lib/python3.7/site-packages/airflow/example_dags/example_nested_branch_dag.py took 0.088 seconds
[2022-08-05 22:06:29,663] {processor.py:153} INFO - Started process (PID=3257) to work on /home/airflow/.local/lib/python3.7/site-packages/airflow/example_dags/example_nested_branch_dag.py
[2022-08-05 22:06:29,669] {processor.py:641} INFO - Processing file /home/airflow/.local/lib/python3.7/site-packages/airflow/example_dags/example_nested_branch_dag.py for tasks to queue
[2022-08-05 22:06:29,670] {logging_mixin.py:115} INFO - [2022-08-05 22:06:29,670] {dagbag.py:507} INFO - Filling up the DagBag from /home/airflow/.local/lib/python3.7/site-packages/airflow/example_dags/example_nested_branch_dag.py
[2022-08-05 22:06:29,692] {processor.py:651} INFO - DAG(s) dict_keys(['example_nested_branch_dag']) retrieved from /home/airflow/.local/lib/python3.7/site-packages/airflow/example_dags/example_nested_branch_dag.py
[2022-08-05 22:06:29,732] {logging_mixin.py:115} INFO - [2022-08-05 22:06:29,732] {dag.py:2371} INFO - Sync 1 DAGs
[2022-08-05 22:06:29,775] {logging_mixin.py:115} INFO - [2022-08-05 22:06:29,775] {dag.py:2919} INFO - Setting next_dagrun for example_nested_branch_dag to 2022-08-04T00:00:00+00:00, run_after=2022-08-05T00:00:00+00:00
[2022-08-05 22:06:29,792] {processor.py:161} INFO - Processing /home/airflow/.local/lib/python3.7/site-packages/airflow/example_dags/example_nested_branch_dag.py took 0.132 seconds
[2022-08-05 22:40:27,896] {processor.py:153} INFO - Started process (PID=3318) to work on /home/airflow/.local/lib/python3.7/site-packages/airflow/example_dags/example_nested_branch_dag.py
[2022-08-05 22:40:27,897] {processor.py:641} INFO - Processing file /home/airflow/.local/lib/python3.7/site-packages/airflow/example_dags/example_nested_branch_dag.py for tasks to queue
[2022-08-05 22:40:27,898] {logging_mixin.py:115} INFO - [2022-08-05 22:40:27,898] {dagbag.py:507} INFO - Filling up the DagBag from /home/airflow/.local/lib/python3.7/site-packages/airflow/example_dags/example_nested_branch_dag.py
[2022-08-05 22:40:27,904] {processor.py:651} INFO - DAG(s) dict_keys(['example_nested_branch_dag']) retrieved from /home/airflow/.local/lib/python3.7/site-packages/airflow/example_dags/example_nested_branch_dag.py
[2022-08-05 22:40:27,922] {logging_mixin.py:115} INFO - [2022-08-05 22:40:27,922] {dag.py:2371} INFO - Sync 1 DAGs
[2022-08-05 22:40:27,934] {logging_mixin.py:115} INFO - [2022-08-05 22:40:27,934] {dag.py:2919} INFO - Setting next_dagrun for example_nested_branch_dag to 2022-08-04T00:00:00+00:00, run_after=2022-08-05T00:00:00+00:00
[2022-08-05 22:40:27,942] {processor.py:161} INFO - Processing /home/airflow/.local/lib/python3.7/site-packages/airflow/example_dags/example_nested_branch_dag.py took 0.049 seconds
[2022-08-05 23:30:03,996] {processor.py:153} INFO - Started process (PID=3380) to work on /home/airflow/.local/lib/python3.7/site-packages/airflow/example_dags/example_nested_branch_dag.py
[2022-08-05 23:30:04,000] {processor.py:641} INFO - Processing file /home/airflow/.local/lib/python3.7/site-packages/airflow/example_dags/example_nested_branch_dag.py for tasks to queue
[2022-08-05 23:30:04,005] {logging_mixin.py:115} INFO - [2022-08-05 23:30:04,005] {dagbag.py:507} INFO - Filling up the DagBag from /home/airflow/.local/lib/python3.7/site-packages/airflow/example_dags/example_nested_branch_dag.py
[2022-08-05 23:30:04,018] {processor.py:651} INFO - DAG(s) dict_keys(['example_nested_branch_dag']) retrieved from /home/airflow/.local/lib/python3.7/site-packages/airflow/example_dags/example_nested_branch_dag.py
[2022-08-05 23:30:04,071] {logging_mixin.py:115} INFO - [2022-08-05 23:30:04,071] {dag.py:2371} INFO - Sync 1 DAGs
[2022-08-05 23:30:04,103] {logging_mixin.py:115} INFO - [2022-08-05 23:30:04,103] {dag.py:2919} INFO - Setting next_dagrun for example_nested_branch_dag to 2022-08-04T00:00:00+00:00, run_after=2022-08-05T00:00:00+00:00
[2022-08-05 23:30:04,127] {processor.py:161} INFO - Processing /home/airflow/.local/lib/python3.7/site-packages/airflow/example_dags/example_nested_branch_dag.py took 0.133 seconds
