[2022-08-05 18:37:57,680] {processor.py:153} INFO - Started process (PID=42) to work on /home/airflow/.local/lib/python3.7/site-packages/airflow/example_dags/example_bash_operator.py
[2022-08-05 18:37:57,683] {processor.py:641} INFO - Processing file /home/airflow/.local/lib/python3.7/site-packages/airflow/example_dags/example_bash_operator.py for tasks to queue
[2022-08-05 18:37:57,684] {logging_mixin.py:115} INFO - [2022-08-05 18:37:57,684] {dagbag.py:507} INFO - Filling up the DagBag from /home/airflow/.local/lib/python3.7/site-packages/airflow/example_dags/example_bash_operator.py
[2022-08-05 18:37:57,695] {processor.py:651} INFO - DAG(s) dict_keys(['example_bash_operator']) retrieved from /home/airflow/.local/lib/python3.7/site-packages/airflow/example_dags/example_bash_operator.py
[2022-08-05 18:37:57,719] {logging_mixin.py:115} INFO - [2022-08-05 18:37:57,719] {dag.py:2371} INFO - Sync 1 DAGs
[2022-08-05 18:37:57,905] {logging_mixin.py:115} INFO - [2022-08-05 18:37:57,904] {dag.py:2919} INFO - Setting next_dagrun for example_bash_operator to 2022-08-04T00:00:00+00:00, run_after=2022-08-05T00:00:00+00:00
[2022-08-05 18:37:57,921] {processor.py:161} INFO - Processing /home/airflow/.local/lib/python3.7/site-packages/airflow/example_dags/example_bash_operator.py took 0.243 seconds
[2022-08-05 18:38:28,037] {processor.py:153} INFO - Started process (PID=105) to work on /home/airflow/.local/lib/python3.7/site-packages/airflow/example_dags/example_bash_operator.py
[2022-08-05 18:38:28,039] {processor.py:641} INFO - Processing file /home/airflow/.local/lib/python3.7/site-packages/airflow/example_dags/example_bash_operator.py for tasks to queue
[2022-08-05 18:38:28,040] {logging_mixin.py:115} INFO - [2022-08-05 18:38:28,040] {dagbag.py:507} INFO - Filling up the DagBag from /home/airflow/.local/lib/python3.7/site-packages/airflow/example_dags/example_bash_operator.py
[2022-08-05 18:38:28,045] {processor.py:651} INFO - DAG(s) dict_keys(['example_bash_operator']) retrieved from /home/airflow/.local/lib/python3.7/site-packages/airflow/example_dags/example_bash_operator.py
[2022-08-05 18:38:28,060] {logging_mixin.py:115} INFO - [2022-08-05 18:38:28,060] {dag.py:2371} INFO - Sync 1 DAGs
[2022-08-05 18:38:28,137] {logging_mixin.py:115} INFO - [2022-08-05 18:38:28,137] {dag.py:2919} INFO - Setting next_dagrun for example_bash_operator to 2022-08-04T00:00:00+00:00, run_after=2022-08-05T00:00:00+00:00
[2022-08-05 18:38:28,144] {processor.py:161} INFO - Processing /home/airflow/.local/lib/python3.7/site-packages/airflow/example_dags/example_bash_operator.py took 0.108 seconds
[2022-08-05 18:38:58,307] {processor.py:153} INFO - Started process (PID=168) to work on /home/airflow/.local/lib/python3.7/site-packages/airflow/example_dags/example_bash_operator.py
[2022-08-05 18:38:58,308] {processor.py:641} INFO - Processing file /home/airflow/.local/lib/python3.7/site-packages/airflow/example_dags/example_bash_operator.py for tasks to queue
[2022-08-05 18:38:58,309] {logging_mixin.py:115} INFO - [2022-08-05 18:38:58,309] {dagbag.py:507} INFO - Filling up the DagBag from /home/airflow/.local/lib/python3.7/site-packages/airflow/example_dags/example_bash_operator.py
[2022-08-05 18:38:58,316] {processor.py:651} INFO - DAG(s) dict_keys(['example_bash_operator']) retrieved from /home/airflow/.local/lib/python3.7/site-packages/airflow/example_dags/example_bash_operator.py
[2022-08-05 18:38:58,335] {logging_mixin.py:115} INFO - [2022-08-05 18:38:58,335] {dag.py:2371} INFO - Sync 1 DAGs
[2022-08-05 18:38:58,438] {logging_mixin.py:115} INFO - [2022-08-05 18:38:58,437] {dag.py:2919} INFO - Setting next_dagrun for example_bash_operator to 2022-08-04T00:00:00+00:00, run_after=2022-08-05T00:00:00+00:00
[2022-08-05 18:38:58,446] {processor.py:161} INFO - Processing /home/airflow/.local/lib/python3.7/site-packages/airflow/example_dags/example_bash_operator.py took 0.140 seconds
[2022-08-05 18:39:28,911] {processor.py:153} INFO - Started process (PID=230) to work on /home/airflow/.local/lib/python3.7/site-packages/airflow/example_dags/example_bash_operator.py
[2022-08-05 18:39:28,913] {processor.py:641} INFO - Processing file /home/airflow/.local/lib/python3.7/site-packages/airflow/example_dags/example_bash_operator.py for tasks to queue
[2022-08-05 18:39:28,914] {logging_mixin.py:115} INFO - [2022-08-05 18:39:28,914] {dagbag.py:507} INFO - Filling up the DagBag from /home/airflow/.local/lib/python3.7/site-packages/airflow/example_dags/example_bash_operator.py
[2022-08-05 18:39:28,921] {processor.py:651} INFO - DAG(s) dict_keys(['example_bash_operator']) retrieved from /home/airflow/.local/lib/python3.7/site-packages/airflow/example_dags/example_bash_operator.py
[2022-08-05 18:39:28,937] {logging_mixin.py:115} INFO - [2022-08-05 18:39:28,937] {dag.py:2371} INFO - Sync 1 DAGs
[2022-08-05 18:39:29,029] {logging_mixin.py:115} INFO - [2022-08-05 18:39:29,029] {dag.py:2919} INFO - Setting next_dagrun for example_bash_operator to 2022-08-04T00:00:00+00:00, run_after=2022-08-05T00:00:00+00:00
[2022-08-05 18:39:29,036] {processor.py:161} INFO - Processing /home/airflow/.local/lib/python3.7/site-packages/airflow/example_dags/example_bash_operator.py took 0.127 seconds
[2022-08-05 18:39:59,506] {processor.py:153} INFO - Started process (PID=292) to work on /home/airflow/.local/lib/python3.7/site-packages/airflow/example_dags/example_bash_operator.py
[2022-08-05 18:39:59,507] {processor.py:641} INFO - Processing file /home/airflow/.local/lib/python3.7/site-packages/airflow/example_dags/example_bash_operator.py for tasks to queue
[2022-08-05 18:39:59,508] {logging_mixin.py:115} INFO - [2022-08-05 18:39:59,508] {dagbag.py:507} INFO - Filling up the DagBag from /home/airflow/.local/lib/python3.7/site-packages/airflow/example_dags/example_bash_operator.py
[2022-08-05 18:39:59,515] {processor.py:651} INFO - DAG(s) dict_keys(['example_bash_operator']) retrieved from /home/airflow/.local/lib/python3.7/site-packages/airflow/example_dags/example_bash_operator.py
[2022-08-05 18:39:59,531] {logging_mixin.py:115} INFO - [2022-08-05 18:39:59,531] {dag.py:2371} INFO - Sync 1 DAGs
[2022-08-05 18:39:59,623] {logging_mixin.py:115} INFO - [2022-08-05 18:39:59,623] {dag.py:2919} INFO - Setting next_dagrun for example_bash_operator to 2022-08-04T00:00:00+00:00, run_after=2022-08-05T00:00:00+00:00
[2022-08-05 18:39:59,630] {processor.py:161} INFO - Processing /home/airflow/.local/lib/python3.7/site-packages/airflow/example_dags/example_bash_operator.py took 0.126 seconds
[2022-08-05 18:40:29,958] {processor.py:153} INFO - Started process (PID=345) to work on /home/airflow/.local/lib/python3.7/site-packages/airflow/example_dags/example_bash_operator.py
[2022-08-05 18:40:29,959] {processor.py:641} INFO - Processing file /home/airflow/.local/lib/python3.7/site-packages/airflow/example_dags/example_bash_operator.py for tasks to queue
[2022-08-05 18:40:29,960] {logging_mixin.py:115} INFO - [2022-08-05 18:40:29,960] {dagbag.py:507} INFO - Filling up the DagBag from /home/airflow/.local/lib/python3.7/site-packages/airflow/example_dags/example_bash_operator.py
[2022-08-05 18:40:29,968] {processor.py:651} INFO - DAG(s) dict_keys(['example_bash_operator']) retrieved from /home/airflow/.local/lib/python3.7/site-packages/airflow/example_dags/example_bash_operator.py
[2022-08-05 18:40:29,986] {logging_mixin.py:115} INFO - [2022-08-05 18:40:29,986] {dag.py:2371} INFO - Sync 1 DAGs
[2022-08-05 18:40:30,119] {logging_mixin.py:115} INFO - [2022-08-05 18:40:30,119] {dag.py:2919} INFO - Setting next_dagrun for example_bash_operator to 2022-08-04T00:00:00+00:00, run_after=2022-08-05T00:00:00+00:00
[2022-08-05 18:40:30,127] {processor.py:161} INFO - Processing /home/airflow/.local/lib/python3.7/site-packages/airflow/example_dags/example_bash_operator.py took 0.171 seconds
[2022-08-05 18:41:00,967] {processor.py:153} INFO - Started process (PID=407) to work on /home/airflow/.local/lib/python3.7/site-packages/airflow/example_dags/example_bash_operator.py
[2022-08-05 18:41:00,968] {processor.py:641} INFO - Processing file /home/airflow/.local/lib/python3.7/site-packages/airflow/example_dags/example_bash_operator.py for tasks to queue
[2022-08-05 18:41:00,969] {logging_mixin.py:115} INFO - [2022-08-05 18:41:00,969] {dagbag.py:507} INFO - Filling up the DagBag from /home/airflow/.local/lib/python3.7/site-packages/airflow/example_dags/example_bash_operator.py
[2022-08-05 18:41:00,975] {processor.py:651} INFO - DAG(s) dict_keys(['example_bash_operator']) retrieved from /home/airflow/.local/lib/python3.7/site-packages/airflow/example_dags/example_bash_operator.py
[2022-08-05 18:41:00,992] {logging_mixin.py:115} INFO - [2022-08-05 18:41:00,992] {dag.py:2371} INFO - Sync 1 DAGs
[2022-08-05 18:41:01,071] {logging_mixin.py:115} INFO - [2022-08-05 18:41:01,071] {dag.py:2919} INFO - Setting next_dagrun for example_bash_operator to 2022-08-04T00:00:00+00:00, run_after=2022-08-05T00:00:00+00:00
[2022-08-05 18:41:01,115] {processor.py:161} INFO - Processing /home/airflow/.local/lib/python3.7/site-packages/airflow/example_dags/example_bash_operator.py took 0.151 seconds
[2022-08-05 18:41:31,545] {processor.py:153} INFO - Started process (PID=469) to work on /home/airflow/.local/lib/python3.7/site-packages/airflow/example_dags/example_bash_operator.py
[2022-08-05 18:41:31,546] {processor.py:641} INFO - Processing file /home/airflow/.local/lib/python3.7/site-packages/airflow/example_dags/example_bash_operator.py for tasks to queue
[2022-08-05 18:41:31,547] {logging_mixin.py:115} INFO - [2022-08-05 18:41:31,547] {dagbag.py:507} INFO - Filling up the DagBag from /home/airflow/.local/lib/python3.7/site-packages/airflow/example_dags/example_bash_operator.py
[2022-08-05 18:41:31,554] {processor.py:651} INFO - DAG(s) dict_keys(['example_bash_operator']) retrieved from /home/airflow/.local/lib/python3.7/site-packages/airflow/example_dags/example_bash_operator.py
[2022-08-05 18:41:31,570] {logging_mixin.py:115} INFO - [2022-08-05 18:41:31,570] {dag.py:2371} INFO - Sync 1 DAGs
[2022-08-05 18:41:31,656] {logging_mixin.py:115} INFO - [2022-08-05 18:41:31,656] {dag.py:2919} INFO - Setting next_dagrun for example_bash_operator to 2022-08-04T00:00:00+00:00, run_after=2022-08-05T00:00:00+00:00
[2022-08-05 18:41:31,663] {processor.py:161} INFO - Processing /home/airflow/.local/lib/python3.7/site-packages/airflow/example_dags/example_bash_operator.py took 0.120 seconds
[2022-08-05 18:42:02,067] {processor.py:153} INFO - Started process (PID=531) to work on /home/airflow/.local/lib/python3.7/site-packages/airflow/example_dags/example_bash_operator.py
[2022-08-05 18:42:02,069] {processor.py:641} INFO - Processing file /home/airflow/.local/lib/python3.7/site-packages/airflow/example_dags/example_bash_operator.py for tasks to queue
[2022-08-05 18:42:02,070] {logging_mixin.py:115} INFO - [2022-08-05 18:42:02,070] {dagbag.py:507} INFO - Filling up the DagBag from /home/airflow/.local/lib/python3.7/site-packages/airflow/example_dags/example_bash_operator.py
[2022-08-05 18:42:02,077] {processor.py:651} INFO - DAG(s) dict_keys(['example_bash_operator']) retrieved from /home/airflow/.local/lib/python3.7/site-packages/airflow/example_dags/example_bash_operator.py
[2022-08-05 18:42:02,093] {logging_mixin.py:115} INFO - [2022-08-05 18:42:02,093] {dag.py:2371} INFO - Sync 1 DAGs
[2022-08-05 18:42:02,189] {logging_mixin.py:115} INFO - [2022-08-05 18:42:02,189] {dag.py:2919} INFO - Setting next_dagrun for example_bash_operator to 2022-08-04T00:00:00+00:00, run_after=2022-08-05T00:00:00+00:00
[2022-08-05 18:42:02,197] {processor.py:161} INFO - Processing /home/airflow/.local/lib/python3.7/site-packages/airflow/example_dags/example_bash_operator.py took 0.131 seconds
[2022-08-05 18:42:32,676] {processor.py:153} INFO - Started process (PID=593) to work on /home/airflow/.local/lib/python3.7/site-packages/airflow/example_dags/example_bash_operator.py
[2022-08-05 18:42:32,678] {processor.py:641} INFO - Processing file /home/airflow/.local/lib/python3.7/site-packages/airflow/example_dags/example_bash_operator.py for tasks to queue
[2022-08-05 18:42:32,679] {logging_mixin.py:115} INFO - [2022-08-05 18:42:32,679] {dagbag.py:507} INFO - Filling up the DagBag from /home/airflow/.local/lib/python3.7/site-packages/airflow/example_dags/example_bash_operator.py
[2022-08-05 18:42:32,687] {processor.py:651} INFO - DAG(s) dict_keys(['example_bash_operator']) retrieved from /home/airflow/.local/lib/python3.7/site-packages/airflow/example_dags/example_bash_operator.py
[2022-08-05 18:42:32,706] {logging_mixin.py:115} INFO - [2022-08-05 18:42:32,706] {dag.py:2371} INFO - Sync 1 DAGs
[2022-08-05 18:42:32,809] {logging_mixin.py:115} INFO - [2022-08-05 18:42:32,809] {dag.py:2919} INFO - Setting next_dagrun for example_bash_operator to 2022-08-04T00:00:00+00:00, run_after=2022-08-05T00:00:00+00:00
[2022-08-05 18:42:32,818] {processor.py:161} INFO - Processing /home/airflow/.local/lib/python3.7/site-packages/airflow/example_dags/example_bash_operator.py took 0.144 seconds
[2022-08-05 18:43:03,836] {processor.py:153} INFO - Started process (PID=655) to work on /home/airflow/.local/lib/python3.7/site-packages/airflow/example_dags/example_bash_operator.py
[2022-08-05 18:43:03,838] {processor.py:641} INFO - Processing file /home/airflow/.local/lib/python3.7/site-packages/airflow/example_dags/example_bash_operator.py for tasks to queue
[2022-08-05 18:43:03,840] {logging_mixin.py:115} INFO - [2022-08-05 18:43:03,840] {dagbag.py:507} INFO - Filling up the DagBag from /home/airflow/.local/lib/python3.7/site-packages/airflow/example_dags/example_bash_operator.py
[2022-08-05 18:43:03,847] {processor.py:651} INFO - DAG(s) dict_keys(['example_bash_operator']) retrieved from /home/airflow/.local/lib/python3.7/site-packages/airflow/example_dags/example_bash_operator.py
[2022-08-05 18:43:03,865] {logging_mixin.py:115} INFO - [2022-08-05 18:43:03,865] {dag.py:2371} INFO - Sync 1 DAGs
[2022-08-05 18:43:03,994] {logging_mixin.py:115} INFO - [2022-08-05 18:43:03,994] {dag.py:2919} INFO - Setting next_dagrun for example_bash_operator to 2022-08-04T00:00:00+00:00, run_after=2022-08-05T00:00:00+00:00
[2022-08-05 18:43:04,000] {processor.py:161} INFO - Processing /home/airflow/.local/lib/python3.7/site-packages/airflow/example_dags/example_bash_operator.py took 0.166 seconds
[2022-08-05 18:43:34,138] {processor.py:153} INFO - Started process (PID=717) to work on /home/airflow/.local/lib/python3.7/site-packages/airflow/example_dags/example_bash_operator.py
[2022-08-05 18:43:34,140] {processor.py:641} INFO - Processing file /home/airflow/.local/lib/python3.7/site-packages/airflow/example_dags/example_bash_operator.py for tasks to queue
[2022-08-05 18:43:34,141] {logging_mixin.py:115} INFO - [2022-08-05 18:43:34,141] {dagbag.py:507} INFO - Filling up the DagBag from /home/airflow/.local/lib/python3.7/site-packages/airflow/example_dags/example_bash_operator.py
[2022-08-05 18:43:34,149] {processor.py:651} INFO - DAG(s) dict_keys(['example_bash_operator']) retrieved from /home/airflow/.local/lib/python3.7/site-packages/airflow/example_dags/example_bash_operator.py
[2022-08-05 18:43:34,165] {logging_mixin.py:115} INFO - [2022-08-05 18:43:34,165] {dag.py:2371} INFO - Sync 1 DAGs
[2022-08-05 18:43:34,241] {logging_mixin.py:115} INFO - [2022-08-05 18:43:34,241] {dag.py:2919} INFO - Setting next_dagrun for example_bash_operator to 2022-08-04T00:00:00+00:00, run_after=2022-08-05T00:00:00+00:00
[2022-08-05 18:43:34,247] {processor.py:161} INFO - Processing /home/airflow/.local/lib/python3.7/site-packages/airflow/example_dags/example_bash_operator.py took 0.111 seconds
[2022-08-05 18:44:04,391] {processor.py:153} INFO - Started process (PID=770) to work on /home/airflow/.local/lib/python3.7/site-packages/airflow/example_dags/example_bash_operator.py
[2022-08-05 18:44:04,393] {processor.py:641} INFO - Processing file /home/airflow/.local/lib/python3.7/site-packages/airflow/example_dags/example_bash_operator.py for tasks to queue
[2022-08-05 18:44:04,394] {logging_mixin.py:115} INFO - [2022-08-05 18:44:04,394] {dagbag.py:507} INFO - Filling up the DagBag from /home/airflow/.local/lib/python3.7/site-packages/airflow/example_dags/example_bash_operator.py
[2022-08-05 18:44:04,400] {processor.py:651} INFO - DAG(s) dict_keys(['example_bash_operator']) retrieved from /home/airflow/.local/lib/python3.7/site-packages/airflow/example_dags/example_bash_operator.py
[2022-08-05 18:44:04,417] {logging_mixin.py:115} INFO - [2022-08-05 18:44:04,417] {dag.py:2371} INFO - Sync 1 DAGs
[2022-08-05 18:44:04,499] {logging_mixin.py:115} INFO - [2022-08-05 18:44:04,498] {dag.py:2919} INFO - Setting next_dagrun for example_bash_operator to 2022-08-04T00:00:00+00:00, run_after=2022-08-05T00:00:00+00:00
[2022-08-05 18:44:04,506] {processor.py:161} INFO - Processing /home/airflow/.local/lib/python3.7/site-packages/airflow/example_dags/example_bash_operator.py took 0.116 seconds
[2022-08-05 18:44:34,602] {processor.py:153} INFO - Started process (PID=833) to work on /home/airflow/.local/lib/python3.7/site-packages/airflow/example_dags/example_bash_operator.py
[2022-08-05 18:44:34,604] {processor.py:641} INFO - Processing file /home/airflow/.local/lib/python3.7/site-packages/airflow/example_dags/example_bash_operator.py for tasks to queue
[2022-08-05 18:44:34,604] {logging_mixin.py:115} INFO - [2022-08-05 18:44:34,604] {dagbag.py:507} INFO - Filling up the DagBag from /home/airflow/.local/lib/python3.7/site-packages/airflow/example_dags/example_bash_operator.py
[2022-08-05 18:44:34,612] {processor.py:651} INFO - DAG(s) dict_keys(['example_bash_operator']) retrieved from /home/airflow/.local/lib/python3.7/site-packages/airflow/example_dags/example_bash_operator.py
[2022-08-05 18:44:34,629] {logging_mixin.py:115} INFO - [2022-08-05 18:44:34,629] {dag.py:2371} INFO - Sync 1 DAGs
[2022-08-05 18:44:34,708] {logging_mixin.py:115} INFO - [2022-08-05 18:44:34,708] {dag.py:2919} INFO - Setting next_dagrun for example_bash_operator to 2022-08-04T00:00:00+00:00, run_after=2022-08-05T00:00:00+00:00
[2022-08-05 18:44:34,735] {processor.py:161} INFO - Processing /home/airflow/.local/lib/python3.7/site-packages/airflow/example_dags/example_bash_operator.py took 0.134 seconds
[2022-08-05 18:45:04,833] {processor.py:153} INFO - Started process (PID=896) to work on /home/airflow/.local/lib/python3.7/site-packages/airflow/example_dags/example_bash_operator.py
[2022-08-05 18:45:04,834] {processor.py:641} INFO - Processing file /home/airflow/.local/lib/python3.7/site-packages/airflow/example_dags/example_bash_operator.py for tasks to queue
[2022-08-05 18:45:04,835] {logging_mixin.py:115} INFO - [2022-08-05 18:45:04,835] {dagbag.py:507} INFO - Filling up the DagBag from /home/airflow/.local/lib/python3.7/site-packages/airflow/example_dags/example_bash_operator.py
[2022-08-05 18:45:04,842] {processor.py:651} INFO - DAG(s) dict_keys(['example_bash_operator']) retrieved from /home/airflow/.local/lib/python3.7/site-packages/airflow/example_dags/example_bash_operator.py
[2022-08-05 18:45:04,857] {logging_mixin.py:115} INFO - [2022-08-05 18:45:04,857] {dag.py:2371} INFO - Sync 1 DAGs
[2022-08-05 18:45:04,934] {logging_mixin.py:115} INFO - [2022-08-05 18:45:04,934] {dag.py:2919} INFO - Setting next_dagrun for example_bash_operator to 2022-08-04T00:00:00+00:00, run_after=2022-08-05T00:00:00+00:00
[2022-08-05 18:45:04,941] {processor.py:161} INFO - Processing /home/airflow/.local/lib/python3.7/site-packages/airflow/example_dags/example_bash_operator.py took 0.110 seconds
[2022-08-05 18:45:35,790] {processor.py:153} INFO - Started process (PID=957) to work on /home/airflow/.local/lib/python3.7/site-packages/airflow/example_dags/example_bash_operator.py
[2022-08-05 18:45:35,792] {processor.py:641} INFO - Processing file /home/airflow/.local/lib/python3.7/site-packages/airflow/example_dags/example_bash_operator.py for tasks to queue
[2022-08-05 18:45:35,793] {logging_mixin.py:115} INFO - [2022-08-05 18:45:35,793] {dagbag.py:507} INFO - Filling up the DagBag from /home/airflow/.local/lib/python3.7/site-packages/airflow/example_dags/example_bash_operator.py
[2022-08-05 18:45:35,799] {processor.py:651} INFO - DAG(s) dict_keys(['example_bash_operator']) retrieved from /home/airflow/.local/lib/python3.7/site-packages/airflow/example_dags/example_bash_operator.py
[2022-08-05 18:45:35,815] {logging_mixin.py:115} INFO - [2022-08-05 18:45:35,814] {dag.py:2371} INFO - Sync 1 DAGs
[2022-08-05 18:45:35,902] {logging_mixin.py:115} INFO - [2022-08-05 18:45:35,902] {dag.py:2919} INFO - Setting next_dagrun for example_bash_operator to 2022-08-04T00:00:00+00:00, run_after=2022-08-05T00:00:00+00:00
[2022-08-05 18:45:35,909] {processor.py:161} INFO - Processing /home/airflow/.local/lib/python3.7/site-packages/airflow/example_dags/example_bash_operator.py took 0.121 seconds
[2022-08-05 18:46:06,827] {processor.py:153} INFO - Started process (PID=1019) to work on /home/airflow/.local/lib/python3.7/site-packages/airflow/example_dags/example_bash_operator.py
[2022-08-05 18:46:06,829] {processor.py:641} INFO - Processing file /home/airflow/.local/lib/python3.7/site-packages/airflow/example_dags/example_bash_operator.py for tasks to queue
[2022-08-05 18:46:06,830] {logging_mixin.py:115} INFO - [2022-08-05 18:46:06,830] {dagbag.py:507} INFO - Filling up the DagBag from /home/airflow/.local/lib/python3.7/site-packages/airflow/example_dags/example_bash_operator.py
[2022-08-05 18:46:06,839] {processor.py:651} INFO - DAG(s) dict_keys(['example_bash_operator']) retrieved from /home/airflow/.local/lib/python3.7/site-packages/airflow/example_dags/example_bash_operator.py
[2022-08-05 18:46:06,856] {logging_mixin.py:115} INFO - [2022-08-05 18:46:06,856] {dag.py:2371} INFO - Sync 1 DAGs
[2022-08-05 18:46:06,944] {logging_mixin.py:115} INFO - [2022-08-05 18:46:06,944] {dag.py:2919} INFO - Setting next_dagrun for example_bash_operator to 2022-08-04T00:00:00+00:00, run_after=2022-08-05T00:00:00+00:00
[2022-08-05 18:46:06,951] {processor.py:161} INFO - Processing /home/airflow/.local/lib/python3.7/site-packages/airflow/example_dags/example_bash_operator.py took 0.126 seconds
[2022-08-05 18:46:37,620] {processor.py:153} INFO - Started process (PID=1082) to work on /home/airflow/.local/lib/python3.7/site-packages/airflow/example_dags/example_bash_operator.py
[2022-08-05 18:46:37,622] {processor.py:641} INFO - Processing file /home/airflow/.local/lib/python3.7/site-packages/airflow/example_dags/example_bash_operator.py for tasks to queue
[2022-08-05 18:46:37,623] {logging_mixin.py:115} INFO - [2022-08-05 18:46:37,623] {dagbag.py:507} INFO - Filling up the DagBag from /home/airflow/.local/lib/python3.7/site-packages/airflow/example_dags/example_bash_operator.py
[2022-08-05 18:46:37,630] {processor.py:651} INFO - DAG(s) dict_keys(['example_bash_operator']) retrieved from /home/airflow/.local/lib/python3.7/site-packages/airflow/example_dags/example_bash_operator.py
[2022-08-05 18:46:37,651] {logging_mixin.py:115} INFO - [2022-08-05 18:46:37,651] {dag.py:2371} INFO - Sync 1 DAGs
[2022-08-05 18:46:37,750] {logging_mixin.py:115} INFO - [2022-08-05 18:46:37,750] {dag.py:2919} INFO - Setting next_dagrun for example_bash_operator to 2022-08-04T00:00:00+00:00, run_after=2022-08-05T00:00:00+00:00
[2022-08-05 18:46:37,757] {processor.py:161} INFO - Processing /home/airflow/.local/lib/python3.7/site-packages/airflow/example_dags/example_bash_operator.py took 0.139 seconds
[2022-08-05 18:47:08,524] {processor.py:153} INFO - Started process (PID=1144) to work on /home/airflow/.local/lib/python3.7/site-packages/airflow/example_dags/example_bash_operator.py
[2022-08-05 18:47:08,526] {processor.py:641} INFO - Processing file /home/airflow/.local/lib/python3.7/site-packages/airflow/example_dags/example_bash_operator.py for tasks to queue
[2022-08-05 18:47:08,526] {logging_mixin.py:115} INFO - [2022-08-05 18:47:08,526] {dagbag.py:507} INFO - Filling up the DagBag from /home/airflow/.local/lib/python3.7/site-packages/airflow/example_dags/example_bash_operator.py
[2022-08-05 18:47:08,533] {processor.py:651} INFO - DAG(s) dict_keys(['example_bash_operator']) retrieved from /home/airflow/.local/lib/python3.7/site-packages/airflow/example_dags/example_bash_operator.py
[2022-08-05 18:47:08,550] {logging_mixin.py:115} INFO - [2022-08-05 18:47:08,549] {dag.py:2371} INFO - Sync 1 DAGs
[2022-08-05 18:47:08,636] {logging_mixin.py:115} INFO - [2022-08-05 18:47:08,636] {dag.py:2919} INFO - Setting next_dagrun for example_bash_operator to 2022-08-04T00:00:00+00:00, run_after=2022-08-05T00:00:00+00:00
[2022-08-05 18:47:08,645] {processor.py:161} INFO - Processing /home/airflow/.local/lib/python3.7/site-packages/airflow/example_dags/example_bash_operator.py took 0.123 seconds
[2022-08-05 18:47:39,372] {processor.py:153} INFO - Started process (PID=1198) to work on /home/airflow/.local/lib/python3.7/site-packages/airflow/example_dags/example_bash_operator.py
[2022-08-05 18:47:39,373] {processor.py:641} INFO - Processing file /home/airflow/.local/lib/python3.7/site-packages/airflow/example_dags/example_bash_operator.py for tasks to queue
[2022-08-05 18:47:39,374] {logging_mixin.py:115} INFO - [2022-08-05 18:47:39,374] {dagbag.py:507} INFO - Filling up the DagBag from /home/airflow/.local/lib/python3.7/site-packages/airflow/example_dags/example_bash_operator.py
[2022-08-05 18:47:39,381] {processor.py:651} INFO - DAG(s) dict_keys(['example_bash_operator']) retrieved from /home/airflow/.local/lib/python3.7/site-packages/airflow/example_dags/example_bash_operator.py
[2022-08-05 18:47:39,398] {logging_mixin.py:115} INFO - [2022-08-05 18:47:39,398] {dag.py:2371} INFO - Sync 1 DAGs
[2022-08-05 18:47:39,486] {logging_mixin.py:115} INFO - [2022-08-05 18:47:39,486] {dag.py:2919} INFO - Setting next_dagrun for example_bash_operator to 2022-08-04T00:00:00+00:00, run_after=2022-08-05T00:00:00+00:00
[2022-08-05 18:47:39,493] {processor.py:161} INFO - Processing /home/airflow/.local/lib/python3.7/site-packages/airflow/example_dags/example_bash_operator.py took 0.124 seconds
[2022-08-05 18:48:10,233] {processor.py:153} INFO - Started process (PID=1260) to work on /home/airflow/.local/lib/python3.7/site-packages/airflow/example_dags/example_bash_operator.py
[2022-08-05 18:48:10,234] {processor.py:641} INFO - Processing file /home/airflow/.local/lib/python3.7/site-packages/airflow/example_dags/example_bash_operator.py for tasks to queue
[2022-08-05 18:48:10,235] {logging_mixin.py:115} INFO - [2022-08-05 18:48:10,235] {dagbag.py:507} INFO - Filling up the DagBag from /home/airflow/.local/lib/python3.7/site-packages/airflow/example_dags/example_bash_operator.py
[2022-08-05 18:48:10,242] {processor.py:651} INFO - DAG(s) dict_keys(['example_bash_operator']) retrieved from /home/airflow/.local/lib/python3.7/site-packages/airflow/example_dags/example_bash_operator.py
[2022-08-05 18:48:10,260] {logging_mixin.py:115} INFO - [2022-08-05 18:48:10,260] {dag.py:2371} INFO - Sync 1 DAGs
[2022-08-05 18:48:10,354] {logging_mixin.py:115} INFO - [2022-08-05 18:48:10,354] {dag.py:2919} INFO - Setting next_dagrun for example_bash_operator to 2022-08-04T00:00:00+00:00, run_after=2022-08-05T00:00:00+00:00
[2022-08-05 18:48:10,362] {processor.py:161} INFO - Processing /home/airflow/.local/lib/python3.7/site-packages/airflow/example_dags/example_bash_operator.py took 0.131 seconds
[2022-08-05 18:48:41,066] {processor.py:153} INFO - Started process (PID=1322) to work on /home/airflow/.local/lib/python3.7/site-packages/airflow/example_dags/example_bash_operator.py
[2022-08-05 18:48:41,068] {processor.py:641} INFO - Processing file /home/airflow/.local/lib/python3.7/site-packages/airflow/example_dags/example_bash_operator.py for tasks to queue
[2022-08-05 18:48:41,068] {logging_mixin.py:115} INFO - [2022-08-05 18:48:41,068] {dagbag.py:507} INFO - Filling up the DagBag from /home/airflow/.local/lib/python3.7/site-packages/airflow/example_dags/example_bash_operator.py
[2022-08-05 18:48:41,076] {processor.py:651} INFO - DAG(s) dict_keys(['example_bash_operator']) retrieved from /home/airflow/.local/lib/python3.7/site-packages/airflow/example_dags/example_bash_operator.py
[2022-08-05 18:48:41,093] {logging_mixin.py:115} INFO - [2022-08-05 18:48:41,093] {dag.py:2371} INFO - Sync 1 DAGs
[2022-08-05 18:48:41,182] {logging_mixin.py:115} INFO - [2022-08-05 18:48:41,182] {dag.py:2919} INFO - Setting next_dagrun for example_bash_operator to 2022-08-04T00:00:00+00:00, run_after=2022-08-05T00:00:00+00:00
[2022-08-05 18:48:41,189] {processor.py:161} INFO - Processing /home/airflow/.local/lib/python3.7/site-packages/airflow/example_dags/example_bash_operator.py took 0.124 seconds
[2022-08-05 18:49:11,952] {processor.py:153} INFO - Started process (PID=1385) to work on /home/airflow/.local/lib/python3.7/site-packages/airflow/example_dags/example_bash_operator.py
[2022-08-05 18:49:11,954] {processor.py:641} INFO - Processing file /home/airflow/.local/lib/python3.7/site-packages/airflow/example_dags/example_bash_operator.py for tasks to queue
[2022-08-05 18:49:11,955] {logging_mixin.py:115} INFO - [2022-08-05 18:49:11,955] {dagbag.py:507} INFO - Filling up the DagBag from /home/airflow/.local/lib/python3.7/site-packages/airflow/example_dags/example_bash_operator.py
[2022-08-05 18:49:11,961] {processor.py:651} INFO - DAG(s) dict_keys(['example_bash_operator']) retrieved from /home/airflow/.local/lib/python3.7/site-packages/airflow/example_dags/example_bash_operator.py
[2022-08-05 18:49:11,979] {logging_mixin.py:115} INFO - [2022-08-05 18:49:11,979] {dag.py:2371} INFO - Sync 1 DAGs
[2022-08-05 18:49:12,063] {logging_mixin.py:115} INFO - [2022-08-05 18:49:12,063] {dag.py:2919} INFO - Setting next_dagrun for example_bash_operator to 2022-08-04T00:00:00+00:00, run_after=2022-08-05T00:00:00+00:00
[2022-08-05 18:49:12,069] {processor.py:161} INFO - Processing /home/airflow/.local/lib/python3.7/site-packages/airflow/example_dags/example_bash_operator.py took 0.119 seconds
[2022-08-05 18:49:42,863] {processor.py:153} INFO - Started process (PID=1446) to work on /home/airflow/.local/lib/python3.7/site-packages/airflow/example_dags/example_bash_operator.py
[2022-08-05 18:49:42,864] {processor.py:641} INFO - Processing file /home/airflow/.local/lib/python3.7/site-packages/airflow/example_dags/example_bash_operator.py for tasks to queue
[2022-08-05 18:49:42,865] {logging_mixin.py:115} INFO - [2022-08-05 18:49:42,865] {dagbag.py:507} INFO - Filling up the DagBag from /home/airflow/.local/lib/python3.7/site-packages/airflow/example_dags/example_bash_operator.py
[2022-08-05 18:49:42,872] {processor.py:651} INFO - DAG(s) dict_keys(['example_bash_operator']) retrieved from /home/airflow/.local/lib/python3.7/site-packages/airflow/example_dags/example_bash_operator.py
[2022-08-05 18:49:42,890] {logging_mixin.py:115} INFO - [2022-08-05 18:49:42,890] {dag.py:2371} INFO - Sync 1 DAGs
[2022-08-05 18:49:42,980] {logging_mixin.py:115} INFO - [2022-08-05 18:49:42,980] {dag.py:2919} INFO - Setting next_dagrun for example_bash_operator to 2022-08-04T00:00:00+00:00, run_after=2022-08-05T00:00:00+00:00
[2022-08-05 18:49:42,989] {processor.py:161} INFO - Processing /home/airflow/.local/lib/python3.7/site-packages/airflow/example_dags/example_bash_operator.py took 0.128 seconds
[2022-08-05 18:50:13,774] {processor.py:153} INFO - Started process (PID=1509) to work on /home/airflow/.local/lib/python3.7/site-packages/airflow/example_dags/example_bash_operator.py
[2022-08-05 18:50:13,776] {processor.py:641} INFO - Processing file /home/airflow/.local/lib/python3.7/site-packages/airflow/example_dags/example_bash_operator.py for tasks to queue
[2022-08-05 18:50:13,777] {logging_mixin.py:115} INFO - [2022-08-05 18:50:13,777] {dagbag.py:507} INFO - Filling up the DagBag from /home/airflow/.local/lib/python3.7/site-packages/airflow/example_dags/example_bash_operator.py
[2022-08-05 18:50:13,784] {processor.py:651} INFO - DAG(s) dict_keys(['example_bash_operator']) retrieved from /home/airflow/.local/lib/python3.7/site-packages/airflow/example_dags/example_bash_operator.py
[2022-08-05 18:50:13,801] {logging_mixin.py:115} INFO - [2022-08-05 18:50:13,801] {dag.py:2371} INFO - Sync 1 DAGs
[2022-08-05 18:50:13,886] {logging_mixin.py:115} INFO - [2022-08-05 18:50:13,886] {dag.py:2919} INFO - Setting next_dagrun for example_bash_operator to 2022-08-04T00:00:00+00:00, run_after=2022-08-05T00:00:00+00:00
[2022-08-05 18:50:13,893] {processor.py:161} INFO - Processing /home/airflow/.local/lib/python3.7/site-packages/airflow/example_dags/example_bash_operator.py took 0.120 seconds
[2022-08-05 18:50:44,378] {processor.py:153} INFO - Started process (PID=1573) to work on /home/airflow/.local/lib/python3.7/site-packages/airflow/example_dags/example_bash_operator.py
[2022-08-05 18:50:44,379] {processor.py:641} INFO - Processing file /home/airflow/.local/lib/python3.7/site-packages/airflow/example_dags/example_bash_operator.py for tasks to queue
[2022-08-05 18:50:44,380] {logging_mixin.py:115} INFO - [2022-08-05 18:50:44,380] {dagbag.py:507} INFO - Filling up the DagBag from /home/airflow/.local/lib/python3.7/site-packages/airflow/example_dags/example_bash_operator.py
[2022-08-05 18:50:44,387] {processor.py:651} INFO - DAG(s) dict_keys(['example_bash_operator']) retrieved from /home/airflow/.local/lib/python3.7/site-packages/airflow/example_dags/example_bash_operator.py
[2022-08-05 18:50:44,404] {logging_mixin.py:115} INFO - [2022-08-05 18:50:44,404] {dag.py:2371} INFO - Sync 1 DAGs
[2022-08-05 18:50:44,495] {logging_mixin.py:115} INFO - [2022-08-05 18:50:44,495] {dag.py:2919} INFO - Setting next_dagrun for example_bash_operator to 2022-08-04T00:00:00+00:00, run_after=2022-08-05T00:00:00+00:00
[2022-08-05 18:50:44,503] {processor.py:161} INFO - Processing /home/airflow/.local/lib/python3.7/site-packages/airflow/example_dags/example_bash_operator.py took 0.127 seconds
[2022-08-05 18:51:15,215] {processor.py:153} INFO - Started process (PID=1635) to work on /home/airflow/.local/lib/python3.7/site-packages/airflow/example_dags/example_bash_operator.py
[2022-08-05 18:51:15,217] {processor.py:641} INFO - Processing file /home/airflow/.local/lib/python3.7/site-packages/airflow/example_dags/example_bash_operator.py for tasks to queue
[2022-08-05 18:51:15,218] {logging_mixin.py:115} INFO - [2022-08-05 18:51:15,218] {dagbag.py:507} INFO - Filling up the DagBag from /home/airflow/.local/lib/python3.7/site-packages/airflow/example_dags/example_bash_operator.py
[2022-08-05 18:51:15,224] {processor.py:651} INFO - DAG(s) dict_keys(['example_bash_operator']) retrieved from /home/airflow/.local/lib/python3.7/site-packages/airflow/example_dags/example_bash_operator.py
[2022-08-05 18:51:15,242] {logging_mixin.py:115} INFO - [2022-08-05 18:51:15,242] {dag.py:2371} INFO - Sync 1 DAGs
[2022-08-05 18:51:15,344] {logging_mixin.py:115} INFO - [2022-08-05 18:51:15,344] {dag.py:2919} INFO - Setting next_dagrun for example_bash_operator to 2022-08-04T00:00:00+00:00, run_after=2022-08-05T00:00:00+00:00
[2022-08-05 18:51:15,350] {processor.py:161} INFO - Processing /home/airflow/.local/lib/python3.7/site-packages/airflow/example_dags/example_bash_operator.py took 0.137 seconds
[2022-08-05 18:51:46,181] {processor.py:153} INFO - Started process (PID=1697) to work on /home/airflow/.local/lib/python3.7/site-packages/airflow/example_dags/example_bash_operator.py
[2022-08-05 18:51:46,182] {processor.py:641} INFO - Processing file /home/airflow/.local/lib/python3.7/site-packages/airflow/example_dags/example_bash_operator.py for tasks to queue
[2022-08-05 18:51:46,183] {logging_mixin.py:115} INFO - [2022-08-05 18:51:46,183] {dagbag.py:507} INFO - Filling up the DagBag from /home/airflow/.local/lib/python3.7/site-packages/airflow/example_dags/example_bash_operator.py
[2022-08-05 18:51:46,194] {processor.py:651} INFO - DAG(s) dict_keys(['example_bash_operator']) retrieved from /home/airflow/.local/lib/python3.7/site-packages/airflow/example_dags/example_bash_operator.py
[2022-08-05 18:51:46,212] {logging_mixin.py:115} INFO - [2022-08-05 18:51:46,212] {dag.py:2371} INFO - Sync 1 DAGs
[2022-08-05 18:51:46,302] {logging_mixin.py:115} INFO - [2022-08-05 18:51:46,302] {dag.py:2919} INFO - Setting next_dagrun for example_bash_operator to 2022-08-04T00:00:00+00:00, run_after=2022-08-05T00:00:00+00:00
[2022-08-05 18:51:46,309] {processor.py:161} INFO - Processing /home/airflow/.local/lib/python3.7/site-packages/airflow/example_dags/example_bash_operator.py took 0.132 seconds
[2022-08-05 18:52:17,202] {processor.py:153} INFO - Started process (PID=1750) to work on /home/airflow/.local/lib/python3.7/site-packages/airflow/example_dags/example_bash_operator.py
[2022-08-05 18:52:17,203] {processor.py:641} INFO - Processing file /home/airflow/.local/lib/python3.7/site-packages/airflow/example_dags/example_bash_operator.py for tasks to queue
[2022-08-05 18:52:17,205] {logging_mixin.py:115} INFO - [2022-08-05 18:52:17,205] {dagbag.py:507} INFO - Filling up the DagBag from /home/airflow/.local/lib/python3.7/site-packages/airflow/example_dags/example_bash_operator.py
[2022-08-05 18:52:17,212] {processor.py:651} INFO - DAG(s) dict_keys(['example_bash_operator']) retrieved from /home/airflow/.local/lib/python3.7/site-packages/airflow/example_dags/example_bash_operator.py
[2022-08-05 18:52:17,230] {logging_mixin.py:115} INFO - [2022-08-05 18:52:17,230] {dag.py:2371} INFO - Sync 1 DAGs
[2022-08-05 18:52:17,328] {logging_mixin.py:115} INFO - [2022-08-05 18:52:17,328] {dag.py:2919} INFO - Setting next_dagrun for example_bash_operator to 2022-08-04T00:00:00+00:00, run_after=2022-08-05T00:00:00+00:00
[2022-08-05 18:52:17,335] {processor.py:161} INFO - Processing /home/airflow/.local/lib/python3.7/site-packages/airflow/example_dags/example_bash_operator.py took 0.136 seconds
[2022-08-05 18:52:47,888] {processor.py:153} INFO - Started process (PID=1812) to work on /home/airflow/.local/lib/python3.7/site-packages/airflow/example_dags/example_bash_operator.py
[2022-08-05 18:52:47,889] {processor.py:641} INFO - Processing file /home/airflow/.local/lib/python3.7/site-packages/airflow/example_dags/example_bash_operator.py for tasks to queue
[2022-08-05 18:52:47,890] {logging_mixin.py:115} INFO - [2022-08-05 18:52:47,890] {dagbag.py:507} INFO - Filling up the DagBag from /home/airflow/.local/lib/python3.7/site-packages/airflow/example_dags/example_bash_operator.py
[2022-08-05 18:52:47,898] {processor.py:651} INFO - DAG(s) dict_keys(['example_bash_operator']) retrieved from /home/airflow/.local/lib/python3.7/site-packages/airflow/example_dags/example_bash_operator.py
[2022-08-05 18:52:47,922] {logging_mixin.py:115} INFO - [2022-08-05 18:52:47,922] {dag.py:2371} INFO - Sync 1 DAGs
[2022-08-05 18:52:48,009] {logging_mixin.py:115} INFO - [2022-08-05 18:52:48,009] {dag.py:2919} INFO - Setting next_dagrun for example_bash_operator to 2022-08-04T00:00:00+00:00, run_after=2022-08-05T00:00:00+00:00
[2022-08-05 18:52:48,016] {processor.py:161} INFO - Processing /home/airflow/.local/lib/python3.7/site-packages/airflow/example_dags/example_bash_operator.py took 0.130 seconds
[2022-08-05 18:53:18,841] {processor.py:153} INFO - Started process (PID=1874) to work on /home/airflow/.local/lib/python3.7/site-packages/airflow/example_dags/example_bash_operator.py
[2022-08-05 18:53:18,843] {processor.py:641} INFO - Processing file /home/airflow/.local/lib/python3.7/site-packages/airflow/example_dags/example_bash_operator.py for tasks to queue
[2022-08-05 18:53:18,844] {logging_mixin.py:115} INFO - [2022-08-05 18:53:18,844] {dagbag.py:507} INFO - Filling up the DagBag from /home/airflow/.local/lib/python3.7/site-packages/airflow/example_dags/example_bash_operator.py
[2022-08-05 18:53:18,851] {processor.py:651} INFO - DAG(s) dict_keys(['example_bash_operator']) retrieved from /home/airflow/.local/lib/python3.7/site-packages/airflow/example_dags/example_bash_operator.py
[2022-08-05 18:53:18,948] {logging_mixin.py:115} INFO - [2022-08-05 18:53:18,948] {dag.py:2371} INFO - Sync 1 DAGs
[2022-08-05 18:53:18,959] {logging_mixin.py:115} INFO - [2022-08-05 18:53:18,959] {dag.py:2919} INFO - Setting next_dagrun for example_bash_operator to 2022-08-04T00:00:00+00:00, run_after=2022-08-05T00:00:00+00:00
[2022-08-05 18:53:18,966] {processor.py:161} INFO - Processing /home/airflow/.local/lib/python3.7/site-packages/airflow/example_dags/example_bash_operator.py took 0.127 seconds
[2022-08-05 18:53:49,608] {processor.py:153} INFO - Started process (PID=1936) to work on /home/airflow/.local/lib/python3.7/site-packages/airflow/example_dags/example_bash_operator.py
[2022-08-05 18:53:49,609] {processor.py:641} INFO - Processing file /home/airflow/.local/lib/python3.7/site-packages/airflow/example_dags/example_bash_operator.py for tasks to queue
[2022-08-05 18:53:49,610] {logging_mixin.py:115} INFO - [2022-08-05 18:53:49,610] {dagbag.py:507} INFO - Filling up the DagBag from /home/airflow/.local/lib/python3.7/site-packages/airflow/example_dags/example_bash_operator.py
[2022-08-05 18:53:49,619] {processor.py:651} INFO - DAG(s) dict_keys(['example_bash_operator']) retrieved from /home/airflow/.local/lib/python3.7/site-packages/airflow/example_dags/example_bash_operator.py
[2022-08-05 18:53:49,715] {logging_mixin.py:115} INFO - [2022-08-05 18:53:49,715] {dag.py:2371} INFO - Sync 1 DAGs
[2022-08-05 18:53:49,728] {logging_mixin.py:115} INFO - [2022-08-05 18:53:49,727] {dag.py:2919} INFO - Setting next_dagrun for example_bash_operator to 2022-08-04T00:00:00+00:00, run_after=2022-08-05T00:00:00+00:00
[2022-08-05 18:53:49,735] {processor.py:161} INFO - Processing /home/airflow/.local/lib/python3.7/site-packages/airflow/example_dags/example_bash_operator.py took 0.129 seconds
[2022-08-05 18:54:20,492] {processor.py:153} INFO - Started process (PID=1998) to work on /home/airflow/.local/lib/python3.7/site-packages/airflow/example_dags/example_bash_operator.py
[2022-08-05 18:54:20,494] {processor.py:641} INFO - Processing file /home/airflow/.local/lib/python3.7/site-packages/airflow/example_dags/example_bash_operator.py for tasks to queue
[2022-08-05 18:54:20,495] {logging_mixin.py:115} INFO - [2022-08-05 18:54:20,495] {dagbag.py:507} INFO - Filling up the DagBag from /home/airflow/.local/lib/python3.7/site-packages/airflow/example_dags/example_bash_operator.py
[2022-08-05 18:54:20,502] {processor.py:651} INFO - DAG(s) dict_keys(['example_bash_operator']) retrieved from /home/airflow/.local/lib/python3.7/site-packages/airflow/example_dags/example_bash_operator.py
[2022-08-05 18:54:20,594] {logging_mixin.py:115} INFO - [2022-08-05 18:54:20,594] {dag.py:2371} INFO - Sync 1 DAGs
[2022-08-05 18:54:20,608] {logging_mixin.py:115} INFO - [2022-08-05 18:54:20,608] {dag.py:2919} INFO - Setting next_dagrun for example_bash_operator to 2022-08-04T00:00:00+00:00, run_after=2022-08-05T00:00:00+00:00
[2022-08-05 18:54:20,614] {processor.py:161} INFO - Processing /home/airflow/.local/lib/python3.7/site-packages/airflow/example_dags/example_bash_operator.py took 0.124 seconds
[2022-08-05 18:54:51,306] {processor.py:153} INFO - Started process (PID=2060) to work on /home/airflow/.local/lib/python3.7/site-packages/airflow/example_dags/example_bash_operator.py
[2022-08-05 18:54:51,307] {processor.py:641} INFO - Processing file /home/airflow/.local/lib/python3.7/site-packages/airflow/example_dags/example_bash_operator.py for tasks to queue
[2022-08-05 18:54:51,308] {logging_mixin.py:115} INFO - [2022-08-05 18:54:51,308] {dagbag.py:507} INFO - Filling up the DagBag from /home/airflow/.local/lib/python3.7/site-packages/airflow/example_dags/example_bash_operator.py
[2022-08-05 18:54:51,315] {processor.py:651} INFO - DAG(s) dict_keys(['example_bash_operator']) retrieved from /home/airflow/.local/lib/python3.7/site-packages/airflow/example_dags/example_bash_operator.py
[2022-08-05 18:54:51,412] {logging_mixin.py:115} INFO - [2022-08-05 18:54:51,412] {dag.py:2371} INFO - Sync 1 DAGs
[2022-08-05 18:54:51,424] {logging_mixin.py:115} INFO - [2022-08-05 18:54:51,424] {dag.py:2919} INFO - Setting next_dagrun for example_bash_operator to 2022-08-04T00:00:00+00:00, run_after=2022-08-05T00:00:00+00:00
[2022-08-05 18:54:51,432] {processor.py:161} INFO - Processing /home/airflow/.local/lib/python3.7/site-packages/airflow/example_dags/example_bash_operator.py took 0.128 seconds
[2022-08-05 18:55:22,258] {processor.py:153} INFO - Started process (PID=2123) to work on /home/airflow/.local/lib/python3.7/site-packages/airflow/example_dags/example_bash_operator.py
[2022-08-05 18:55:22,259] {processor.py:641} INFO - Processing file /home/airflow/.local/lib/python3.7/site-packages/airflow/example_dags/example_bash_operator.py for tasks to queue
[2022-08-05 18:55:22,261] {logging_mixin.py:115} INFO - [2022-08-05 18:55:22,260] {dagbag.py:507} INFO - Filling up the DagBag from /home/airflow/.local/lib/python3.7/site-packages/airflow/example_dags/example_bash_operator.py
[2022-08-05 18:55:22,268] {processor.py:651} INFO - DAG(s) dict_keys(['example_bash_operator']) retrieved from /home/airflow/.local/lib/python3.7/site-packages/airflow/example_dags/example_bash_operator.py
[2022-08-05 18:55:22,371] {logging_mixin.py:115} INFO - [2022-08-05 18:55:22,370] {dag.py:2371} INFO - Sync 1 DAGs
[2022-08-05 18:55:22,384] {logging_mixin.py:115} INFO - [2022-08-05 18:55:22,384] {dag.py:2919} INFO - Setting next_dagrun for example_bash_operator to 2022-08-04T00:00:00+00:00, run_after=2022-08-05T00:00:00+00:00
[2022-08-05 18:55:22,390] {processor.py:161} INFO - Processing /home/airflow/.local/lib/python3.7/site-packages/airflow/example_dags/example_bash_operator.py took 0.134 seconds
[2022-08-05 18:55:53,214] {processor.py:153} INFO - Started process (PID=2185) to work on /home/airflow/.local/lib/python3.7/site-packages/airflow/example_dags/example_bash_operator.py
[2022-08-05 18:55:53,216] {processor.py:641} INFO - Processing file /home/airflow/.local/lib/python3.7/site-packages/airflow/example_dags/example_bash_operator.py for tasks to queue
[2022-08-05 18:55:53,216] {logging_mixin.py:115} INFO - [2022-08-05 18:55:53,216] {dagbag.py:507} INFO - Filling up the DagBag from /home/airflow/.local/lib/python3.7/site-packages/airflow/example_dags/example_bash_operator.py
[2022-08-05 18:55:53,223] {processor.py:651} INFO - DAG(s) dict_keys(['example_bash_operator']) retrieved from /home/airflow/.local/lib/python3.7/site-packages/airflow/example_dags/example_bash_operator.py
[2022-08-05 18:55:53,317] {logging_mixin.py:115} INFO - [2022-08-05 18:55:53,317] {dag.py:2371} INFO - Sync 1 DAGs
[2022-08-05 18:55:53,331] {logging_mixin.py:115} INFO - [2022-08-05 18:55:53,331] {dag.py:2919} INFO - Setting next_dagrun for example_bash_operator to 2022-08-04T00:00:00+00:00, run_after=2022-08-05T00:00:00+00:00
[2022-08-05 18:55:53,348] {processor.py:161} INFO - Processing /home/airflow/.local/lib/python3.7/site-packages/airflow/example_dags/example_bash_operator.py took 0.136 seconds
[2022-08-05 18:56:24,264] {processor.py:153} INFO - Started process (PID=2238) to work on /home/airflow/.local/lib/python3.7/site-packages/airflow/example_dags/example_bash_operator.py
[2022-08-05 18:56:24,266] {processor.py:641} INFO - Processing file /home/airflow/.local/lib/python3.7/site-packages/airflow/example_dags/example_bash_operator.py for tasks to queue
[2022-08-05 18:56:24,266] {logging_mixin.py:115} INFO - [2022-08-05 18:56:24,266] {dagbag.py:507} INFO - Filling up the DagBag from /home/airflow/.local/lib/python3.7/site-packages/airflow/example_dags/example_bash_operator.py
[2022-08-05 18:56:24,275] {processor.py:651} INFO - DAG(s) dict_keys(['example_bash_operator']) retrieved from /home/airflow/.local/lib/python3.7/site-packages/airflow/example_dags/example_bash_operator.py
[2022-08-05 18:56:24,383] {logging_mixin.py:115} INFO - [2022-08-05 18:56:24,383] {dag.py:2371} INFO - Sync 1 DAGs
[2022-08-05 18:56:24,397] {logging_mixin.py:115} INFO - [2022-08-05 18:56:24,397] {dag.py:2919} INFO - Setting next_dagrun for example_bash_operator to 2022-08-04T00:00:00+00:00, run_after=2022-08-05T00:00:00+00:00
[2022-08-05 18:56:24,406] {processor.py:161} INFO - Processing /home/airflow/.local/lib/python3.7/site-packages/airflow/example_dags/example_bash_operator.py took 0.144 seconds
[2022-08-05 18:56:55,225] {processor.py:153} INFO - Started process (PID=2300) to work on /home/airflow/.local/lib/python3.7/site-packages/airflow/example_dags/example_bash_operator.py
[2022-08-05 18:56:55,226] {processor.py:641} INFO - Processing file /home/airflow/.local/lib/python3.7/site-packages/airflow/example_dags/example_bash_operator.py for tasks to queue
[2022-08-05 18:56:55,227] {logging_mixin.py:115} INFO - [2022-08-05 18:56:55,227] {dagbag.py:507} INFO - Filling up the DagBag from /home/airflow/.local/lib/python3.7/site-packages/airflow/example_dags/example_bash_operator.py
[2022-08-05 18:56:55,234] {processor.py:651} INFO - DAG(s) dict_keys(['example_bash_operator']) retrieved from /home/airflow/.local/lib/python3.7/site-packages/airflow/example_dags/example_bash_operator.py
[2022-08-05 18:56:55,338] {logging_mixin.py:115} INFO - [2022-08-05 18:56:55,338] {dag.py:2371} INFO - Sync 1 DAGs
[2022-08-05 18:56:55,351] {logging_mixin.py:115} INFO - [2022-08-05 18:56:55,351] {dag.py:2919} INFO - Setting next_dagrun for example_bash_operator to 2022-08-04T00:00:00+00:00, run_after=2022-08-05T00:00:00+00:00
[2022-08-05 18:56:55,358] {processor.py:161} INFO - Processing /home/airflow/.local/lib/python3.7/site-packages/airflow/example_dags/example_bash_operator.py took 0.135 seconds
[2022-08-05 18:57:26,027] {processor.py:153} INFO - Started process (PID=2363) to work on /home/airflow/.local/lib/python3.7/site-packages/airflow/example_dags/example_bash_operator.py
[2022-08-05 18:57:26,028] {processor.py:641} INFO - Processing file /home/airflow/.local/lib/python3.7/site-packages/airflow/example_dags/example_bash_operator.py for tasks to queue
[2022-08-05 18:57:26,029] {logging_mixin.py:115} INFO - [2022-08-05 18:57:26,029] {dagbag.py:507} INFO - Filling up the DagBag from /home/airflow/.local/lib/python3.7/site-packages/airflow/example_dags/example_bash_operator.py
[2022-08-05 18:57:26,036] {processor.py:651} INFO - DAG(s) dict_keys(['example_bash_operator']) retrieved from /home/airflow/.local/lib/python3.7/site-packages/airflow/example_dags/example_bash_operator.py
[2022-08-05 18:57:26,128] {logging_mixin.py:115} INFO - [2022-08-05 18:57:26,128] {dag.py:2371} INFO - Sync 1 DAGs
[2022-08-05 18:57:26,139] {logging_mixin.py:115} INFO - [2022-08-05 18:57:26,139] {dag.py:2919} INFO - Setting next_dagrun for example_bash_operator to 2022-08-04T00:00:00+00:00, run_after=2022-08-05T00:00:00+00:00
[2022-08-05 18:57:26,145] {processor.py:161} INFO - Processing /home/airflow/.local/lib/python3.7/site-packages/airflow/example_dags/example_bash_operator.py took 0.120 seconds
[2022-08-05 18:57:56,855] {processor.py:153} INFO - Started process (PID=2426) to work on /home/airflow/.local/lib/python3.7/site-packages/airflow/example_dags/example_bash_operator.py
[2022-08-05 18:57:56,857] {processor.py:641} INFO - Processing file /home/airflow/.local/lib/python3.7/site-packages/airflow/example_dags/example_bash_operator.py for tasks to queue
[2022-08-05 18:57:56,858] {logging_mixin.py:115} INFO - [2022-08-05 18:57:56,858] {dagbag.py:507} INFO - Filling up the DagBag from /home/airflow/.local/lib/python3.7/site-packages/airflow/example_dags/example_bash_operator.py
[2022-08-05 18:57:56,866] {processor.py:651} INFO - DAG(s) dict_keys(['example_bash_operator']) retrieved from /home/airflow/.local/lib/python3.7/site-packages/airflow/example_dags/example_bash_operator.py
[2022-08-05 18:57:56,963] {logging_mixin.py:115} INFO - [2022-08-05 18:57:56,963] {dag.py:2371} INFO - Sync 1 DAGs
[2022-08-05 18:57:56,976] {logging_mixin.py:115} INFO - [2022-08-05 18:57:56,975] {dag.py:2919} INFO - Setting next_dagrun for example_bash_operator to 2022-08-04T00:00:00+00:00, run_after=2022-08-05T00:00:00+00:00
[2022-08-05 18:57:56,982] {processor.py:161} INFO - Processing /home/airflow/.local/lib/python3.7/site-packages/airflow/example_dags/example_bash_operator.py took 0.129 seconds
[2022-08-05 18:58:27,783] {processor.py:153} INFO - Started process (PID=2488) to work on /home/airflow/.local/lib/python3.7/site-packages/airflow/example_dags/example_bash_operator.py
[2022-08-05 18:58:27,784] {processor.py:641} INFO - Processing file /home/airflow/.local/lib/python3.7/site-packages/airflow/example_dags/example_bash_operator.py for tasks to queue
[2022-08-05 18:58:27,787] {logging_mixin.py:115} INFO - [2022-08-05 18:58:27,787] {dagbag.py:507} INFO - Filling up the DagBag from /home/airflow/.local/lib/python3.7/site-packages/airflow/example_dags/example_bash_operator.py
[2022-08-05 18:58:27,796] {processor.py:651} INFO - DAG(s) dict_keys(['example_bash_operator']) retrieved from /home/airflow/.local/lib/python3.7/site-packages/airflow/example_dags/example_bash_operator.py
[2022-08-05 18:58:27,894] {logging_mixin.py:115} INFO - [2022-08-05 18:58:27,894] {dag.py:2371} INFO - Sync 1 DAGs
[2022-08-05 18:58:27,906] {logging_mixin.py:115} INFO - [2022-08-05 18:58:27,906] {dag.py:2919} INFO - Setting next_dagrun for example_bash_operator to 2022-08-04T00:00:00+00:00, run_after=2022-08-05T00:00:00+00:00
[2022-08-05 18:58:27,915] {processor.py:161} INFO - Processing /home/airflow/.local/lib/python3.7/site-packages/airflow/example_dags/example_bash_operator.py took 0.134 seconds
[2022-08-05 18:58:58,651] {processor.py:153} INFO - Started process (PID=2550) to work on /home/airflow/.local/lib/python3.7/site-packages/airflow/example_dags/example_bash_operator.py
[2022-08-05 18:58:58,653] {processor.py:641} INFO - Processing file /home/airflow/.local/lib/python3.7/site-packages/airflow/example_dags/example_bash_operator.py for tasks to queue
[2022-08-05 18:58:58,654] {logging_mixin.py:115} INFO - [2022-08-05 18:58:58,654] {dagbag.py:507} INFO - Filling up the DagBag from /home/airflow/.local/lib/python3.7/site-packages/airflow/example_dags/example_bash_operator.py
[2022-08-05 18:58:58,665] {processor.py:651} INFO - DAG(s) dict_keys(['example_bash_operator']) retrieved from /home/airflow/.local/lib/python3.7/site-packages/airflow/example_dags/example_bash_operator.py
[2022-08-05 18:58:58,759] {logging_mixin.py:115} INFO - [2022-08-05 18:58:58,759] {dag.py:2371} INFO - Sync 1 DAGs
[2022-08-05 18:58:58,770] {logging_mixin.py:115} INFO - [2022-08-05 18:58:58,770] {dag.py:2919} INFO - Setting next_dagrun for example_bash_operator to 2022-08-04T00:00:00+00:00, run_after=2022-08-05T00:00:00+00:00
[2022-08-05 18:58:58,777] {processor.py:161} INFO - Processing /home/airflow/.local/lib/python3.7/site-packages/airflow/example_dags/example_bash_operator.py took 0.129 seconds
[2022-08-05 18:59:29,558] {processor.py:153} INFO - Started process (PID=2612) to work on /home/airflow/.local/lib/python3.7/site-packages/airflow/example_dags/example_bash_operator.py
[2022-08-05 18:59:29,559] {processor.py:641} INFO - Processing file /home/airflow/.local/lib/python3.7/site-packages/airflow/example_dags/example_bash_operator.py for tasks to queue
[2022-08-05 18:59:29,560] {logging_mixin.py:115} INFO - [2022-08-05 18:59:29,560] {dagbag.py:507} INFO - Filling up the DagBag from /home/airflow/.local/lib/python3.7/site-packages/airflow/example_dags/example_bash_operator.py
[2022-08-05 18:59:29,569] {processor.py:651} INFO - DAG(s) dict_keys(['example_bash_operator']) retrieved from /home/airflow/.local/lib/python3.7/site-packages/airflow/example_dags/example_bash_operator.py
[2022-08-05 18:59:29,673] {logging_mixin.py:115} INFO - [2022-08-05 18:59:29,673] {dag.py:2371} INFO - Sync 1 DAGs
[2022-08-05 18:59:29,686] {logging_mixin.py:115} INFO - [2022-08-05 18:59:29,686] {dag.py:2919} INFO - Setting next_dagrun for example_bash_operator to 2022-08-04T00:00:00+00:00, run_after=2022-08-05T00:00:00+00:00
[2022-08-05 18:59:29,693] {processor.py:161} INFO - Processing /home/airflow/.local/lib/python3.7/site-packages/airflow/example_dags/example_bash_operator.py took 0.137 seconds
[2022-08-05 19:00:00,545] {processor.py:153} INFO - Started process (PID=2675) to work on /home/airflow/.local/lib/python3.7/site-packages/airflow/example_dags/example_bash_operator.py
[2022-08-05 19:00:00,547] {processor.py:641} INFO - Processing file /home/airflow/.local/lib/python3.7/site-packages/airflow/example_dags/example_bash_operator.py for tasks to queue
[2022-08-05 19:00:00,548] {logging_mixin.py:115} INFO - [2022-08-05 19:00:00,548] {dagbag.py:507} INFO - Filling up the DagBag from /home/airflow/.local/lib/python3.7/site-packages/airflow/example_dags/example_bash_operator.py
[2022-08-05 19:00:00,557] {processor.py:651} INFO - DAG(s) dict_keys(['example_bash_operator']) retrieved from /home/airflow/.local/lib/python3.7/site-packages/airflow/example_dags/example_bash_operator.py
[2022-08-05 19:00:00,658] {logging_mixin.py:115} INFO - [2022-08-05 19:00:00,657] {dag.py:2371} INFO - Sync 1 DAGs
[2022-08-05 19:00:00,672] {logging_mixin.py:115} INFO - [2022-08-05 19:00:00,672] {dag.py:2919} INFO - Setting next_dagrun for example_bash_operator to 2022-08-04T00:00:00+00:00, run_after=2022-08-05T00:00:00+00:00
[2022-08-05 19:00:00,679] {processor.py:161} INFO - Processing /home/airflow/.local/lib/python3.7/site-packages/airflow/example_dags/example_bash_operator.py took 0.135 seconds
[2022-08-05 19:00:31,444] {processor.py:153} INFO - Started process (PID=2736) to work on /home/airflow/.local/lib/python3.7/site-packages/airflow/example_dags/example_bash_operator.py
[2022-08-05 19:00:31,445] {processor.py:641} INFO - Processing file /home/airflow/.local/lib/python3.7/site-packages/airflow/example_dags/example_bash_operator.py for tasks to queue
[2022-08-05 19:00:31,446] {logging_mixin.py:115} INFO - [2022-08-05 19:00:31,446] {dagbag.py:507} INFO - Filling up the DagBag from /home/airflow/.local/lib/python3.7/site-packages/airflow/example_dags/example_bash_operator.py
[2022-08-05 19:00:31,457] {processor.py:651} INFO - DAG(s) dict_keys(['example_bash_operator']) retrieved from /home/airflow/.local/lib/python3.7/site-packages/airflow/example_dags/example_bash_operator.py
[2022-08-05 19:00:31,583] {logging_mixin.py:115} INFO - [2022-08-05 19:00:31,583] {dag.py:2371} INFO - Sync 1 DAGs
[2022-08-05 19:00:31,597] {logging_mixin.py:115} INFO - [2022-08-05 19:00:31,597] {dag.py:2919} INFO - Setting next_dagrun for example_bash_operator to 2022-08-04T00:00:00+00:00, run_after=2022-08-05T00:00:00+00:00
[2022-08-05 19:00:31,606] {processor.py:161} INFO - Processing /home/airflow/.local/lib/python3.7/site-packages/airflow/example_dags/example_bash_operator.py took 0.165 seconds
[2022-08-05 19:01:01,673] {processor.py:153} INFO - Started process (PID=2789) to work on /home/airflow/.local/lib/python3.7/site-packages/airflow/example_dags/example_bash_operator.py
[2022-08-05 19:01:01,674] {processor.py:641} INFO - Processing file /home/airflow/.local/lib/python3.7/site-packages/airflow/example_dags/example_bash_operator.py for tasks to queue
[2022-08-05 19:01:01,675] {logging_mixin.py:115} INFO - [2022-08-05 19:01:01,675] {dagbag.py:507} INFO - Filling up the DagBag from /home/airflow/.local/lib/python3.7/site-packages/airflow/example_dags/example_bash_operator.py
[2022-08-05 19:01:01,684] {processor.py:651} INFO - DAG(s) dict_keys(['example_bash_operator']) retrieved from /home/airflow/.local/lib/python3.7/site-packages/airflow/example_dags/example_bash_operator.py
[2022-08-05 19:01:01,781] {logging_mixin.py:115} INFO - [2022-08-05 19:01:01,781] {dag.py:2371} INFO - Sync 1 DAGs
[2022-08-05 19:01:01,792] {logging_mixin.py:115} INFO - [2022-08-05 19:01:01,792] {dag.py:2919} INFO - Setting next_dagrun for example_bash_operator to 2022-08-04T00:00:00+00:00, run_after=2022-08-05T00:00:00+00:00
[2022-08-05 19:01:01,798] {processor.py:161} INFO - Processing /home/airflow/.local/lib/python3.7/site-packages/airflow/example_dags/example_bash_operator.py took 0.128 seconds
[2022-08-05 19:01:31,854] {processor.py:153} INFO - Started process (PID=2851) to work on /home/airflow/.local/lib/python3.7/site-packages/airflow/example_dags/example_bash_operator.py
[2022-08-05 19:01:31,855] {processor.py:641} INFO - Processing file /home/airflow/.local/lib/python3.7/site-packages/airflow/example_dags/example_bash_operator.py for tasks to queue
[2022-08-05 19:01:31,856] {logging_mixin.py:115} INFO - [2022-08-05 19:01:31,856] {dagbag.py:507} INFO - Filling up the DagBag from /home/airflow/.local/lib/python3.7/site-packages/airflow/example_dags/example_bash_operator.py
[2022-08-05 19:01:31,863] {processor.py:651} INFO - DAG(s) dict_keys(['example_bash_operator']) retrieved from /home/airflow/.local/lib/python3.7/site-packages/airflow/example_dags/example_bash_operator.py
[2022-08-05 19:01:31,959] {logging_mixin.py:115} INFO - [2022-08-05 19:01:31,959] {dag.py:2371} INFO - Sync 1 DAGs
[2022-08-05 19:01:31,971] {logging_mixin.py:115} INFO - [2022-08-05 19:01:31,971] {dag.py:2919} INFO - Setting next_dagrun for example_bash_operator to 2022-08-04T00:00:00+00:00, run_after=2022-08-05T00:00:00+00:00
[2022-08-05 19:01:31,977] {processor.py:161} INFO - Processing /home/airflow/.local/lib/python3.7/site-packages/airflow/example_dags/example_bash_operator.py took 0.126 seconds
[2022-08-05 19:02:02,857] {processor.py:153} INFO - Started process (PID=2914) to work on /home/airflow/.local/lib/python3.7/site-packages/airflow/example_dags/example_bash_operator.py
[2022-08-05 19:02:02,859] {processor.py:641} INFO - Processing file /home/airflow/.local/lib/python3.7/site-packages/airflow/example_dags/example_bash_operator.py for tasks to queue
[2022-08-05 19:02:02,860] {logging_mixin.py:115} INFO - [2022-08-05 19:02:02,860] {dagbag.py:507} INFO - Filling up the DagBag from /home/airflow/.local/lib/python3.7/site-packages/airflow/example_dags/example_bash_operator.py
[2022-08-05 19:02:02,871] {processor.py:651} INFO - DAG(s) dict_keys(['example_bash_operator']) retrieved from /home/airflow/.local/lib/python3.7/site-packages/airflow/example_dags/example_bash_operator.py
[2022-08-05 19:02:02,965] {logging_mixin.py:115} INFO - [2022-08-05 19:02:02,965] {dag.py:2371} INFO - Sync 1 DAGs
[2022-08-05 19:02:02,976] {logging_mixin.py:115} INFO - [2022-08-05 19:02:02,976] {dag.py:2919} INFO - Setting next_dagrun for example_bash_operator to 2022-08-04T00:00:00+00:00, run_after=2022-08-05T00:00:00+00:00
[2022-08-05 19:02:02,984] {processor.py:161} INFO - Processing /home/airflow/.local/lib/python3.7/site-packages/airflow/example_dags/example_bash_operator.py took 0.129 seconds
[2022-08-05 19:02:34,178] {processor.py:153} INFO - Started process (PID=2978) to work on /home/airflow/.local/lib/python3.7/site-packages/airflow/example_dags/example_bash_operator.py
[2022-08-05 19:02:34,180] {processor.py:641} INFO - Processing file /home/airflow/.local/lib/python3.7/site-packages/airflow/example_dags/example_bash_operator.py for tasks to queue
[2022-08-05 19:02:34,181] {logging_mixin.py:115} INFO - [2022-08-05 19:02:34,181] {dagbag.py:507} INFO - Filling up the DagBag from /home/airflow/.local/lib/python3.7/site-packages/airflow/example_dags/example_bash_operator.py
[2022-08-05 19:02:34,192] {processor.py:651} INFO - DAG(s) dict_keys(['example_bash_operator']) retrieved from /home/airflow/.local/lib/python3.7/site-packages/airflow/example_dags/example_bash_operator.py
[2022-08-05 19:02:34,315] {logging_mixin.py:115} INFO - [2022-08-05 19:02:34,315] {dag.py:2371} INFO - Sync 1 DAGs
[2022-08-05 19:02:34,329] {logging_mixin.py:115} INFO - [2022-08-05 19:02:34,329] {dag.py:2919} INFO - Setting next_dagrun for example_bash_operator to 2022-08-04T00:00:00+00:00, run_after=2022-08-05T00:00:00+00:00
[2022-08-05 19:02:34,338] {processor.py:161} INFO - Processing /home/airflow/.local/lib/python3.7/site-packages/airflow/example_dags/example_bash_operator.py took 0.162 seconds
[2022-08-05 19:03:04,406] {processor.py:153} INFO - Started process (PID=3039) to work on /home/airflow/.local/lib/python3.7/site-packages/airflow/example_dags/example_bash_operator.py
[2022-08-05 19:03:04,407] {processor.py:641} INFO - Processing file /home/airflow/.local/lib/python3.7/site-packages/airflow/example_dags/example_bash_operator.py for tasks to queue
[2022-08-05 19:03:04,408] {logging_mixin.py:115} INFO - [2022-08-05 19:03:04,408] {dagbag.py:507} INFO - Filling up the DagBag from /home/airflow/.local/lib/python3.7/site-packages/airflow/example_dags/example_bash_operator.py
[2022-08-05 19:03:04,490] {processor.py:651} INFO - DAG(s) dict_keys(['example_bash_operator']) retrieved from /home/airflow/.local/lib/python3.7/site-packages/airflow/example_dags/example_bash_operator.py
[2022-08-05 19:03:04,502] {logging_mixin.py:115} INFO - [2022-08-05 19:03:04,502] {dag.py:2371} INFO - Sync 1 DAGs
[2022-08-05 19:03:04,513] {logging_mixin.py:115} INFO - [2022-08-05 19:03:04,513] {dag.py:2919} INFO - Setting next_dagrun for example_bash_operator to 2022-08-04T00:00:00+00:00, run_after=2022-08-05T00:00:00+00:00
[2022-08-05 19:03:04,520] {processor.py:161} INFO - Processing /home/airflow/.local/lib/python3.7/site-packages/airflow/example_dags/example_bash_operator.py took 0.116 seconds
[2022-08-05 19:53:25,200] {processor.py:153} INFO - Started process (PID=3091) to work on /home/airflow/.local/lib/python3.7/site-packages/airflow/example_dags/example_bash_operator.py
[2022-08-05 19:53:25,202] {processor.py:641} INFO - Processing file /home/airflow/.local/lib/python3.7/site-packages/airflow/example_dags/example_bash_operator.py for tasks to queue
[2022-08-05 19:53:25,204] {logging_mixin.py:115} INFO - [2022-08-05 19:53:25,204] {dagbag.py:507} INFO - Filling up the DagBag from /home/airflow/.local/lib/python3.7/site-packages/airflow/example_dags/example_bash_operator.py
[2022-08-05 19:53:25,214] {processor.py:651} INFO - DAG(s) dict_keys(['example_bash_operator']) retrieved from /home/airflow/.local/lib/python3.7/site-packages/airflow/example_dags/example_bash_operator.py
[2022-08-05 19:53:25,237] {logging_mixin.py:115} INFO - [2022-08-05 19:53:25,237] {dag.py:2371} INFO - Sync 1 DAGs
[2022-08-05 19:53:25,272] {logging_mixin.py:115} INFO - [2022-08-05 19:53:25,272] {dag.py:2919} INFO - Setting next_dagrun for example_bash_operator to 2022-08-04T00:00:00+00:00, run_after=2022-08-05T00:00:00+00:00
[2022-08-05 19:53:25,281] {processor.py:161} INFO - Processing /home/airflow/.local/lib/python3.7/site-packages/airflow/example_dags/example_bash_operator.py took 0.083 seconds
[2022-08-05 20:42:18,752] {processor.py:153} INFO - Started process (PID=3142) to work on /home/airflow/.local/lib/python3.7/site-packages/airflow/example_dags/example_bash_operator.py
[2022-08-05 20:42:18,753] {processor.py:641} INFO - Processing file /home/airflow/.local/lib/python3.7/site-packages/airflow/example_dags/example_bash_operator.py for tasks to queue
[2022-08-05 20:42:18,754] {logging_mixin.py:115} INFO - [2022-08-05 20:42:18,754] {dagbag.py:507} INFO - Filling up the DagBag from /home/airflow/.local/lib/python3.7/site-packages/airflow/example_dags/example_bash_operator.py
[2022-08-05 20:42:18,761] {processor.py:651} INFO - DAG(s) dict_keys(['example_bash_operator']) retrieved from /home/airflow/.local/lib/python3.7/site-packages/airflow/example_dags/example_bash_operator.py
[2022-08-05 20:42:18,776] {logging_mixin.py:115} INFO - [2022-08-05 20:42:18,776] {dag.py:2371} INFO - Sync 1 DAGs
[2022-08-05 20:42:18,788] {logging_mixin.py:115} INFO - [2022-08-05 20:42:18,788] {dag.py:2919} INFO - Setting next_dagrun for example_bash_operator to 2022-08-04T00:00:00+00:00, run_after=2022-08-05T00:00:00+00:00
[2022-08-05 20:42:18,796] {processor.py:161} INFO - Processing /home/airflow/.local/lib/python3.7/site-packages/airflow/example_dags/example_bash_operator.py took 0.045 seconds
[2022-08-05 21:16:21,354] {processor.py:153} INFO - Started process (PID=3202) to work on /home/airflow/.local/lib/python3.7/site-packages/airflow/example_dags/example_bash_operator.py
[2022-08-05 21:16:21,356] {processor.py:641} INFO - Processing file /home/airflow/.local/lib/python3.7/site-packages/airflow/example_dags/example_bash_operator.py for tasks to queue
[2022-08-05 21:16:21,358] {logging_mixin.py:115} INFO - [2022-08-05 21:16:21,358] {dagbag.py:507} INFO - Filling up the DagBag from /home/airflow/.local/lib/python3.7/site-packages/airflow/example_dags/example_bash_operator.py
[2022-08-05 21:16:21,370] {processor.py:651} INFO - DAG(s) dict_keys(['example_bash_operator']) retrieved from /home/airflow/.local/lib/python3.7/site-packages/airflow/example_dags/example_bash_operator.py
[2022-08-05 21:16:21,393] {logging_mixin.py:115} INFO - [2022-08-05 21:16:21,393] {dag.py:2371} INFO - Sync 1 DAGs
[2022-08-05 21:16:21,422] {logging_mixin.py:115} INFO - [2022-08-05 21:16:21,422] {dag.py:2919} INFO - Setting next_dagrun for example_bash_operator to 2022-08-04T00:00:00+00:00, run_after=2022-08-05T00:00:00+00:00
[2022-08-05 21:16:21,433] {processor.py:161} INFO - Processing /home/airflow/.local/lib/python3.7/site-packages/airflow/example_dags/example_bash_operator.py took 0.081 seconds
[2022-08-05 22:06:30,129] {processor.py:153} INFO - Started process (PID=3263) to work on /home/airflow/.local/lib/python3.7/site-packages/airflow/example_dags/example_bash_operator.py
[2022-08-05 22:06:30,132] {processor.py:641} INFO - Processing file /home/airflow/.local/lib/python3.7/site-packages/airflow/example_dags/example_bash_operator.py for tasks to queue
[2022-08-05 22:06:30,133] {logging_mixin.py:115} INFO - [2022-08-05 22:06:30,133] {dagbag.py:507} INFO - Filling up the DagBag from /home/airflow/.local/lib/python3.7/site-packages/airflow/example_dags/example_bash_operator.py
[2022-08-05 22:06:30,143] {processor.py:651} INFO - DAG(s) dict_keys(['example_bash_operator']) retrieved from /home/airflow/.local/lib/python3.7/site-packages/airflow/example_dags/example_bash_operator.py
[2022-08-05 22:06:30,175] {logging_mixin.py:115} INFO - [2022-08-05 22:06:30,175] {dag.py:2371} INFO - Sync 1 DAGs
[2022-08-05 22:06:30,202] {logging_mixin.py:115} INFO - [2022-08-05 22:06:30,201] {dag.py:2919} INFO - Setting next_dagrun for example_bash_operator to 2022-08-04T00:00:00+00:00, run_after=2022-08-05T00:00:00+00:00
[2022-08-05 22:06:30,218] {processor.py:161} INFO - Processing /home/airflow/.local/lib/python3.7/site-packages/airflow/example_dags/example_bash_operator.py took 0.091 seconds
[2022-08-05 22:40:28,143] {processor.py:153} INFO - Started process (PID=3324) to work on /home/airflow/.local/lib/python3.7/site-packages/airflow/example_dags/example_bash_operator.py
[2022-08-05 22:40:28,144] {processor.py:641} INFO - Processing file /home/airflow/.local/lib/python3.7/site-packages/airflow/example_dags/example_bash_operator.py for tasks to queue
[2022-08-05 22:40:28,145] {logging_mixin.py:115} INFO - [2022-08-05 22:40:28,145] {dagbag.py:507} INFO - Filling up the DagBag from /home/airflow/.local/lib/python3.7/site-packages/airflow/example_dags/example_bash_operator.py
[2022-08-05 22:40:28,152] {processor.py:651} INFO - DAG(s) dict_keys(['example_bash_operator']) retrieved from /home/airflow/.local/lib/python3.7/site-packages/airflow/example_dags/example_bash_operator.py
[2022-08-05 22:40:28,167] {logging_mixin.py:115} INFO - [2022-08-05 22:40:28,167] {dag.py:2371} INFO - Sync 1 DAGs
[2022-08-05 22:40:28,180] {logging_mixin.py:115} INFO - [2022-08-05 22:40:28,180] {dag.py:2919} INFO - Setting next_dagrun for example_bash_operator to 2022-08-04T00:00:00+00:00, run_after=2022-08-05T00:00:00+00:00
[2022-08-05 22:40:28,189] {processor.py:161} INFO - Processing /home/airflow/.local/lib/python3.7/site-packages/airflow/example_dags/example_bash_operator.py took 0.048 seconds
[2022-08-05 23:30:04,526] {processor.py:153} INFO - Started process (PID=3386) to work on /home/airflow/.local/lib/python3.7/site-packages/airflow/example_dags/example_bash_operator.py
[2022-08-05 23:30:04,528] {processor.py:641} INFO - Processing file /home/airflow/.local/lib/python3.7/site-packages/airflow/example_dags/example_bash_operator.py for tasks to queue
[2022-08-05 23:30:04,529] {logging_mixin.py:115} INFO - [2022-08-05 23:30:04,529] {dagbag.py:507} INFO - Filling up the DagBag from /home/airflow/.local/lib/python3.7/site-packages/airflow/example_dags/example_bash_operator.py
[2022-08-05 23:30:04,549] {processor.py:651} INFO - DAG(s) dict_keys(['example_bash_operator']) retrieved from /home/airflow/.local/lib/python3.7/site-packages/airflow/example_dags/example_bash_operator.py
[2022-08-05 23:30:04,596] {logging_mixin.py:115} INFO - [2022-08-05 23:30:04,596] {dag.py:2371} INFO - Sync 1 DAGs
[2022-08-05 23:30:04,621] {logging_mixin.py:115} INFO - [2022-08-05 23:30:04,621] {dag.py:2919} INFO - Setting next_dagrun for example_bash_operator to 2022-08-04T00:00:00+00:00, run_after=2022-08-05T00:00:00+00:00
[2022-08-05 23:30:04,635] {processor.py:161} INFO - Processing /home/airflow/.local/lib/python3.7/site-packages/airflow/example_dags/example_bash_operator.py took 0.112 seconds
