[2022-08-05 18:37:59,238] {processor.py:153} INFO - Started process (PID=58) to work on /home/airflow/.local/lib/python3.7/site-packages/airflow/example_dags/example_branch_labels.py
[2022-08-05 18:37:59,241] {processor.py:641} INFO - Processing file /home/airflow/.local/lib/python3.7/site-packages/airflow/example_dags/example_branch_labels.py for tasks to queue
[2022-08-05 18:37:59,243] {logging_mixin.py:115} INFO - [2022-08-05 18:37:59,243] {dagbag.py:507} INFO - Filling up the DagBag from /home/airflow/.local/lib/python3.7/site-packages/airflow/example_dags/example_branch_labels.py
[2022-08-05 18:37:59,273] {processor.py:651} INFO - DAG(s) dict_keys(['example_branch_labels']) retrieved from /home/airflow/.local/lib/python3.7/site-packages/airflow/example_dags/example_branch_labels.py
[2022-08-05 18:37:59,375] {logging_mixin.py:115} INFO - [2022-08-05 18:37:59,375] {dag.py:2371} INFO - Sync 1 DAGs
[2022-08-05 18:37:59,441] {logging_mixin.py:115} INFO - [2022-08-05 18:37:59,441] {dag.py:2919} INFO - Setting next_dagrun for example_branch_labels to 2022-08-04T00:00:00+00:00, run_after=2022-08-05T00:00:00+00:00
[2022-08-05 18:37:59,477] {processor.py:161} INFO - Processing /home/airflow/.local/lib/python3.7/site-packages/airflow/example_dags/example_branch_labels.py took 0.241 seconds
[2022-08-05 18:38:29,524] {processor.py:153} INFO - Started process (PID=113) to work on /home/airflow/.local/lib/python3.7/site-packages/airflow/example_dags/example_branch_labels.py
[2022-08-05 18:38:29,526] {processor.py:641} INFO - Processing file /home/airflow/.local/lib/python3.7/site-packages/airflow/example_dags/example_branch_labels.py for tasks to queue
[2022-08-05 18:38:29,528] {logging_mixin.py:115} INFO - [2022-08-05 18:38:29,528] {dagbag.py:507} INFO - Filling up the DagBag from /home/airflow/.local/lib/python3.7/site-packages/airflow/example_dags/example_branch_labels.py
[2022-08-05 18:38:29,534] {processor.py:651} INFO - DAG(s) dict_keys(['example_branch_labels']) retrieved from /home/airflow/.local/lib/python3.7/site-packages/airflow/example_dags/example_branch_labels.py
[2022-08-05 18:38:29,558] {logging_mixin.py:115} INFO - [2022-08-05 18:38:29,558] {dag.py:2371} INFO - Sync 1 DAGs
[2022-08-05 18:38:29,576] {logging_mixin.py:115} INFO - [2022-08-05 18:38:29,576] {dag.py:2919} INFO - Setting next_dagrun for example_branch_labels to 2022-08-04T00:00:00+00:00, run_after=2022-08-05T00:00:00+00:00
[2022-08-05 18:38:29,584] {processor.py:161} INFO - Processing /home/airflow/.local/lib/python3.7/site-packages/airflow/example_dags/example_branch_labels.py took 0.063 seconds
[2022-08-05 18:38:59,828] {processor.py:153} INFO - Started process (PID=176) to work on /home/airflow/.local/lib/python3.7/site-packages/airflow/example_dags/example_branch_labels.py
[2022-08-05 18:38:59,829] {processor.py:641} INFO - Processing file /home/airflow/.local/lib/python3.7/site-packages/airflow/example_dags/example_branch_labels.py for tasks to queue
[2022-08-05 18:38:59,830] {logging_mixin.py:115} INFO - [2022-08-05 18:38:59,830] {dagbag.py:507} INFO - Filling up the DagBag from /home/airflow/.local/lib/python3.7/site-packages/airflow/example_dags/example_branch_labels.py
[2022-08-05 18:38:59,835] {processor.py:651} INFO - DAG(s) dict_keys(['example_branch_labels']) retrieved from /home/airflow/.local/lib/python3.7/site-packages/airflow/example_dags/example_branch_labels.py
[2022-08-05 18:38:59,857] {logging_mixin.py:115} INFO - [2022-08-05 18:38:59,857] {dag.py:2371} INFO - Sync 1 DAGs
[2022-08-05 18:38:59,892] {logging_mixin.py:115} INFO - [2022-08-05 18:38:59,892] {dag.py:2919} INFO - Setting next_dagrun for example_branch_labels to 2022-08-04T00:00:00+00:00, run_after=2022-08-05T00:00:00+00:00
[2022-08-05 18:38:59,928] {processor.py:161} INFO - Processing /home/airflow/.local/lib/python3.7/site-packages/airflow/example_dags/example_branch_labels.py took 0.102 seconds
[2022-08-05 18:39:30,460] {processor.py:153} INFO - Started process (PID=238) to work on /home/airflow/.local/lib/python3.7/site-packages/airflow/example_dags/example_branch_labels.py
[2022-08-05 18:39:30,462] {processor.py:641} INFO - Processing file /home/airflow/.local/lib/python3.7/site-packages/airflow/example_dags/example_branch_labels.py for tasks to queue
[2022-08-05 18:39:30,463] {logging_mixin.py:115} INFO - [2022-08-05 18:39:30,463] {dagbag.py:507} INFO - Filling up the DagBag from /home/airflow/.local/lib/python3.7/site-packages/airflow/example_dags/example_branch_labels.py
[2022-08-05 18:39:30,467] {processor.py:651} INFO - DAG(s) dict_keys(['example_branch_labels']) retrieved from /home/airflow/.local/lib/python3.7/site-packages/airflow/example_dags/example_branch_labels.py
[2022-08-05 18:39:30,485] {logging_mixin.py:115} INFO - [2022-08-05 18:39:30,485] {dag.py:2371} INFO - Sync 1 DAGs
[2022-08-05 18:39:30,502] {logging_mixin.py:115} INFO - [2022-08-05 18:39:30,502] {dag.py:2919} INFO - Setting next_dagrun for example_branch_labels to 2022-08-04T00:00:00+00:00, run_after=2022-08-05T00:00:00+00:00
[2022-08-05 18:39:30,508] {processor.py:161} INFO - Processing /home/airflow/.local/lib/python3.7/site-packages/airflow/example_dags/example_branch_labels.py took 0.050 seconds
[2022-08-05 18:40:01,059] {processor.py:153} INFO - Started process (PID=301) to work on /home/airflow/.local/lib/python3.7/site-packages/airflow/example_dags/example_branch_labels.py
[2022-08-05 18:40:01,060] {processor.py:641} INFO - Processing file /home/airflow/.local/lib/python3.7/site-packages/airflow/example_dags/example_branch_labels.py for tasks to queue
[2022-08-05 18:40:01,061] {logging_mixin.py:115} INFO - [2022-08-05 18:40:01,061] {dagbag.py:507} INFO - Filling up the DagBag from /home/airflow/.local/lib/python3.7/site-packages/airflow/example_dags/example_branch_labels.py
[2022-08-05 18:40:01,065] {processor.py:651} INFO - DAG(s) dict_keys(['example_branch_labels']) retrieved from /home/airflow/.local/lib/python3.7/site-packages/airflow/example_dags/example_branch_labels.py
[2022-08-05 18:40:01,080] {logging_mixin.py:115} INFO - [2022-08-05 18:40:01,080] {dag.py:2371} INFO - Sync 1 DAGs
[2022-08-05 18:40:01,094] {logging_mixin.py:115} INFO - [2022-08-05 18:40:01,094] {dag.py:2919} INFO - Setting next_dagrun for example_branch_labels to 2022-08-04T00:00:00+00:00, run_after=2022-08-05T00:00:00+00:00
[2022-08-05 18:40:01,101] {processor.py:161} INFO - Processing /home/airflow/.local/lib/python3.7/site-packages/airflow/example_dags/example_branch_labels.py took 0.044 seconds
[2022-08-05 18:40:31,605] {processor.py:153} INFO - Started process (PID=363) to work on /home/airflow/.local/lib/python3.7/site-packages/airflow/example_dags/example_branch_labels.py
[2022-08-05 18:40:31,606] {processor.py:641} INFO - Processing file /home/airflow/.local/lib/python3.7/site-packages/airflow/example_dags/example_branch_labels.py for tasks to queue
[2022-08-05 18:40:31,607] {logging_mixin.py:115} INFO - [2022-08-05 18:40:31,607] {dagbag.py:507} INFO - Filling up the DagBag from /home/airflow/.local/lib/python3.7/site-packages/airflow/example_dags/example_branch_labels.py
[2022-08-05 18:40:31,613] {processor.py:651} INFO - DAG(s) dict_keys(['example_branch_labels']) retrieved from /home/airflow/.local/lib/python3.7/site-packages/airflow/example_dags/example_branch_labels.py
[2022-08-05 18:40:31,634] {logging_mixin.py:115} INFO - [2022-08-05 18:40:31,634] {dag.py:2371} INFO - Sync 1 DAGs
[2022-08-05 18:40:31,653] {logging_mixin.py:115} INFO - [2022-08-05 18:40:31,653] {dag.py:2919} INFO - Setting next_dagrun for example_branch_labels to 2022-08-04T00:00:00+00:00, run_after=2022-08-05T00:00:00+00:00
[2022-08-05 18:40:31,663] {processor.py:161} INFO - Processing /home/airflow/.local/lib/python3.7/site-packages/airflow/example_dags/example_branch_labels.py took 0.061 seconds
[2022-08-05 18:41:02,575] {processor.py:153} INFO - Started process (PID=416) to work on /home/airflow/.local/lib/python3.7/site-packages/airflow/example_dags/example_branch_labels.py
[2022-08-05 18:41:02,576] {processor.py:641} INFO - Processing file /home/airflow/.local/lib/python3.7/site-packages/airflow/example_dags/example_branch_labels.py for tasks to queue
[2022-08-05 18:41:02,578] {logging_mixin.py:115} INFO - [2022-08-05 18:41:02,578] {dagbag.py:507} INFO - Filling up the DagBag from /home/airflow/.local/lib/python3.7/site-packages/airflow/example_dags/example_branch_labels.py
[2022-08-05 18:41:02,581] {processor.py:651} INFO - DAG(s) dict_keys(['example_branch_labels']) retrieved from /home/airflow/.local/lib/python3.7/site-packages/airflow/example_dags/example_branch_labels.py
[2022-08-05 18:41:02,598] {logging_mixin.py:115} INFO - [2022-08-05 18:41:02,598] {dag.py:2371} INFO - Sync 1 DAGs
[2022-08-05 18:41:02,613] {logging_mixin.py:115} INFO - [2022-08-05 18:41:02,613] {dag.py:2919} INFO - Setting next_dagrun for example_branch_labels to 2022-08-04T00:00:00+00:00, run_after=2022-08-05T00:00:00+00:00
[2022-08-05 18:41:02,621] {processor.py:161} INFO - Processing /home/airflow/.local/lib/python3.7/site-packages/airflow/example_dags/example_branch_labels.py took 0.048 seconds
[2022-08-05 18:41:33,208] {processor.py:153} INFO - Started process (PID=478) to work on /home/airflow/.local/lib/python3.7/site-packages/airflow/example_dags/example_branch_labels.py
[2022-08-05 18:41:33,209] {processor.py:641} INFO - Processing file /home/airflow/.local/lib/python3.7/site-packages/airflow/example_dags/example_branch_labels.py for tasks to queue
[2022-08-05 18:41:33,210] {logging_mixin.py:115} INFO - [2022-08-05 18:41:33,210] {dagbag.py:507} INFO - Filling up the DagBag from /home/airflow/.local/lib/python3.7/site-packages/airflow/example_dags/example_branch_labels.py
[2022-08-05 18:41:33,213] {processor.py:651} INFO - DAG(s) dict_keys(['example_branch_labels']) retrieved from /home/airflow/.local/lib/python3.7/site-packages/airflow/example_dags/example_branch_labels.py
[2022-08-05 18:41:33,229] {logging_mixin.py:115} INFO - [2022-08-05 18:41:33,229] {dag.py:2371} INFO - Sync 1 DAGs
[2022-08-05 18:41:33,243] {logging_mixin.py:115} INFO - [2022-08-05 18:41:33,243] {dag.py:2919} INFO - Setting next_dagrun for example_branch_labels to 2022-08-04T00:00:00+00:00, run_after=2022-08-05T00:00:00+00:00
[2022-08-05 18:41:33,250] {processor.py:161} INFO - Processing /home/airflow/.local/lib/python3.7/site-packages/airflow/example_dags/example_branch_labels.py took 0.045 seconds
[2022-08-05 18:42:03,678] {processor.py:153} INFO - Started process (PID=539) to work on /home/airflow/.local/lib/python3.7/site-packages/airflow/example_dags/example_branch_labels.py
[2022-08-05 18:42:03,680] {processor.py:641} INFO - Processing file /home/airflow/.local/lib/python3.7/site-packages/airflow/example_dags/example_branch_labels.py for tasks to queue
[2022-08-05 18:42:03,680] {logging_mixin.py:115} INFO - [2022-08-05 18:42:03,680] {dagbag.py:507} INFO - Filling up the DagBag from /home/airflow/.local/lib/python3.7/site-packages/airflow/example_dags/example_branch_labels.py
[2022-08-05 18:42:03,684] {processor.py:651} INFO - DAG(s) dict_keys(['example_branch_labels']) retrieved from /home/airflow/.local/lib/python3.7/site-packages/airflow/example_dags/example_branch_labels.py
[2022-08-05 18:42:03,700] {logging_mixin.py:115} INFO - [2022-08-05 18:42:03,700] {dag.py:2371} INFO - Sync 1 DAGs
[2022-08-05 18:42:03,714] {logging_mixin.py:115} INFO - [2022-08-05 18:42:03,714] {dag.py:2919} INFO - Setting next_dagrun for example_branch_labels to 2022-08-04T00:00:00+00:00, run_after=2022-08-05T00:00:00+00:00
[2022-08-05 18:42:03,721] {processor.py:161} INFO - Processing /home/airflow/.local/lib/python3.7/site-packages/airflow/example_dags/example_branch_labels.py took 0.045 seconds
[2022-08-05 18:42:34,323] {processor.py:153} INFO - Started process (PID=602) to work on /home/airflow/.local/lib/python3.7/site-packages/airflow/example_dags/example_branch_labels.py
[2022-08-05 18:42:34,325] {processor.py:641} INFO - Processing file /home/airflow/.local/lib/python3.7/site-packages/airflow/example_dags/example_branch_labels.py for tasks to queue
[2022-08-05 18:42:34,325] {logging_mixin.py:115} INFO - [2022-08-05 18:42:34,325] {dagbag.py:507} INFO - Filling up the DagBag from /home/airflow/.local/lib/python3.7/site-packages/airflow/example_dags/example_branch_labels.py
[2022-08-05 18:42:34,331] {processor.py:651} INFO - DAG(s) dict_keys(['example_branch_labels']) retrieved from /home/airflow/.local/lib/python3.7/site-packages/airflow/example_dags/example_branch_labels.py
[2022-08-05 18:42:34,348] {logging_mixin.py:115} INFO - [2022-08-05 18:42:34,348] {dag.py:2371} INFO - Sync 1 DAGs
[2022-08-05 18:42:34,364] {logging_mixin.py:115} INFO - [2022-08-05 18:42:34,364] {dag.py:2919} INFO - Setting next_dagrun for example_branch_labels to 2022-08-04T00:00:00+00:00, run_after=2022-08-05T00:00:00+00:00
[2022-08-05 18:42:34,375] {processor.py:161} INFO - Processing /home/airflow/.local/lib/python3.7/site-packages/airflow/example_dags/example_branch_labels.py took 0.054 seconds
[2022-08-05 18:43:04,823] {processor.py:153} INFO - Started process (PID=664) to work on /home/airflow/.local/lib/python3.7/site-packages/airflow/example_dags/example_branch_labels.py
[2022-08-05 18:43:04,825] {processor.py:641} INFO - Processing file /home/airflow/.local/lib/python3.7/site-packages/airflow/example_dags/example_branch_labels.py for tasks to queue
[2022-08-05 18:43:04,826] {logging_mixin.py:115} INFO - [2022-08-05 18:43:04,826] {dagbag.py:507} INFO - Filling up the DagBag from /home/airflow/.local/lib/python3.7/site-packages/airflow/example_dags/example_branch_labels.py
[2022-08-05 18:43:04,830] {processor.py:651} INFO - DAG(s) dict_keys(['example_branch_labels']) retrieved from /home/airflow/.local/lib/python3.7/site-packages/airflow/example_dags/example_branch_labels.py
[2022-08-05 18:43:04,849] {logging_mixin.py:115} INFO - [2022-08-05 18:43:04,849] {dag.py:2371} INFO - Sync 1 DAGs
[2022-08-05 18:43:04,950] {logging_mixin.py:115} INFO - [2022-08-05 18:43:04,950] {dag.py:2919} INFO - Setting next_dagrun for example_branch_labels to 2022-08-04T00:00:00+00:00, run_after=2022-08-05T00:00:00+00:00
[2022-08-05 18:43:04,957] {processor.py:161} INFO - Processing /home/airflow/.local/lib/python3.7/site-packages/airflow/example_dags/example_branch_labels.py took 0.136 seconds
[2022-08-05 18:43:35,058] {processor.py:153} INFO - Started process (PID=726) to work on /home/airflow/.local/lib/python3.7/site-packages/airflow/example_dags/example_branch_labels.py
[2022-08-05 18:43:35,060] {processor.py:641} INFO - Processing file /home/airflow/.local/lib/python3.7/site-packages/airflow/example_dags/example_branch_labels.py for tasks to queue
[2022-08-05 18:43:35,060] {logging_mixin.py:115} INFO - [2022-08-05 18:43:35,060] {dagbag.py:507} INFO - Filling up the DagBag from /home/airflow/.local/lib/python3.7/site-packages/airflow/example_dags/example_branch_labels.py
[2022-08-05 18:43:35,064] {processor.py:651} INFO - DAG(s) dict_keys(['example_branch_labels']) retrieved from /home/airflow/.local/lib/python3.7/site-packages/airflow/example_dags/example_branch_labels.py
[2022-08-05 18:43:35,081] {logging_mixin.py:115} INFO - [2022-08-05 18:43:35,081] {dag.py:2371} INFO - Sync 1 DAGs
[2022-08-05 18:43:35,169] {logging_mixin.py:115} INFO - [2022-08-05 18:43:35,169] {dag.py:2919} INFO - Setting next_dagrun for example_branch_labels to 2022-08-04T00:00:00+00:00, run_after=2022-08-05T00:00:00+00:00
[2022-08-05 18:43:35,176] {processor.py:161} INFO - Processing /home/airflow/.local/lib/python3.7/site-packages/airflow/example_dags/example_branch_labels.py took 0.119 seconds
[2022-08-05 18:44:05,236] {processor.py:153} INFO - Started process (PID=779) to work on /home/airflow/.local/lib/python3.7/site-packages/airflow/example_dags/example_branch_labels.py
[2022-08-05 18:44:05,237] {processor.py:641} INFO - Processing file /home/airflow/.local/lib/python3.7/site-packages/airflow/example_dags/example_branch_labels.py for tasks to queue
[2022-08-05 18:44:05,238] {logging_mixin.py:115} INFO - [2022-08-05 18:44:05,238] {dagbag.py:507} INFO - Filling up the DagBag from /home/airflow/.local/lib/python3.7/site-packages/airflow/example_dags/example_branch_labels.py
[2022-08-05 18:44:05,242] {processor.py:651} INFO - DAG(s) dict_keys(['example_branch_labels']) retrieved from /home/airflow/.local/lib/python3.7/site-packages/airflow/example_dags/example_branch_labels.py
[2022-08-05 18:44:05,258] {logging_mixin.py:115} INFO - [2022-08-05 18:44:05,258] {dag.py:2371} INFO - Sync 1 DAGs
[2022-08-05 18:44:05,342] {logging_mixin.py:115} INFO - [2022-08-05 18:44:05,342] {dag.py:2919} INFO - Setting next_dagrun for example_branch_labels to 2022-08-04T00:00:00+00:00, run_after=2022-08-05T00:00:00+00:00
[2022-08-05 18:44:05,351] {processor.py:161} INFO - Processing /home/airflow/.local/lib/python3.7/site-packages/airflow/example_dags/example_branch_labels.py took 0.117 seconds
[2022-08-05 18:44:35,475] {processor.py:153} INFO - Started process (PID=842) to work on /home/airflow/.local/lib/python3.7/site-packages/airflow/example_dags/example_branch_labels.py
[2022-08-05 18:44:35,494] {processor.py:641} INFO - Processing file /home/airflow/.local/lib/python3.7/site-packages/airflow/example_dags/example_branch_labels.py for tasks to queue
[2022-08-05 18:44:35,496] {logging_mixin.py:115} INFO - [2022-08-05 18:44:35,496] {dagbag.py:507} INFO - Filling up the DagBag from /home/airflow/.local/lib/python3.7/site-packages/airflow/example_dags/example_branch_labels.py
[2022-08-05 18:44:35,525] {processor.py:651} INFO - DAG(s) dict_keys(['example_branch_labels']) retrieved from /home/airflow/.local/lib/python3.7/site-packages/airflow/example_dags/example_branch_labels.py
[2022-08-05 18:44:35,543] {logging_mixin.py:115} INFO - [2022-08-05 18:44:35,543] {dag.py:2371} INFO - Sync 1 DAGs
[2022-08-05 18:44:35,632] {logging_mixin.py:115} INFO - [2022-08-05 18:44:35,632] {dag.py:2919} INFO - Setting next_dagrun for example_branch_labels to 2022-08-04T00:00:00+00:00, run_after=2022-08-05T00:00:00+00:00
[2022-08-05 18:44:35,639] {processor.py:161} INFO - Processing /home/airflow/.local/lib/python3.7/site-packages/airflow/example_dags/example_branch_labels.py took 0.166 seconds
[2022-08-05 18:45:06,555] {processor.py:153} INFO - Started process (PID=905) to work on /home/airflow/.local/lib/python3.7/site-packages/airflow/example_dags/example_branch_labels.py
[2022-08-05 18:45:06,557] {processor.py:641} INFO - Processing file /home/airflow/.local/lib/python3.7/site-packages/airflow/example_dags/example_branch_labels.py for tasks to queue
[2022-08-05 18:45:06,558] {logging_mixin.py:115} INFO - [2022-08-05 18:45:06,558] {dagbag.py:507} INFO - Filling up the DagBag from /home/airflow/.local/lib/python3.7/site-packages/airflow/example_dags/example_branch_labels.py
[2022-08-05 18:45:06,564] {processor.py:651} INFO - DAG(s) dict_keys(['example_branch_labels']) retrieved from /home/airflow/.local/lib/python3.7/site-packages/airflow/example_dags/example_branch_labels.py
[2022-08-05 18:45:06,591] {logging_mixin.py:115} INFO - [2022-08-05 18:45:06,591] {dag.py:2371} INFO - Sync 1 DAGs
[2022-08-05 18:45:06,683] {logging_mixin.py:115} INFO - [2022-08-05 18:45:06,683] {dag.py:2919} INFO - Setting next_dagrun for example_branch_labels to 2022-08-04T00:00:00+00:00, run_after=2022-08-05T00:00:00+00:00
[2022-08-05 18:45:06,689] {processor.py:161} INFO - Processing /home/airflow/.local/lib/python3.7/site-packages/airflow/example_dags/example_branch_labels.py took 0.138 seconds
[2022-08-05 18:45:37,546] {processor.py:153} INFO - Started process (PID=966) to work on /home/airflow/.local/lib/python3.7/site-packages/airflow/example_dags/example_branch_labels.py
[2022-08-05 18:45:37,548] {processor.py:641} INFO - Processing file /home/airflow/.local/lib/python3.7/site-packages/airflow/example_dags/example_branch_labels.py for tasks to queue
[2022-08-05 18:45:37,549] {logging_mixin.py:115} INFO - [2022-08-05 18:45:37,549] {dagbag.py:507} INFO - Filling up the DagBag from /home/airflow/.local/lib/python3.7/site-packages/airflow/example_dags/example_branch_labels.py
[2022-08-05 18:45:37,555] {processor.py:651} INFO - DAG(s) dict_keys(['example_branch_labels']) retrieved from /home/airflow/.local/lib/python3.7/site-packages/airflow/example_dags/example_branch_labels.py
[2022-08-05 18:45:37,576] {logging_mixin.py:115} INFO - [2022-08-05 18:45:37,576] {dag.py:2371} INFO - Sync 1 DAGs
[2022-08-05 18:45:37,666] {logging_mixin.py:115} INFO - [2022-08-05 18:45:37,666] {dag.py:2919} INFO - Setting next_dagrun for example_branch_labels to 2022-08-04T00:00:00+00:00, run_after=2022-08-05T00:00:00+00:00
[2022-08-05 18:45:37,673] {processor.py:161} INFO - Processing /home/airflow/.local/lib/python3.7/site-packages/airflow/example_dags/example_branch_labels.py took 0.131 seconds
[2022-08-05 18:46:08,423] {processor.py:153} INFO - Started process (PID=1028) to work on /home/airflow/.local/lib/python3.7/site-packages/airflow/example_dags/example_branch_labels.py
[2022-08-05 18:46:08,425] {processor.py:641} INFO - Processing file /home/airflow/.local/lib/python3.7/site-packages/airflow/example_dags/example_branch_labels.py for tasks to queue
[2022-08-05 18:46:08,426] {logging_mixin.py:115} INFO - [2022-08-05 18:46:08,426] {dagbag.py:507} INFO - Filling up the DagBag from /home/airflow/.local/lib/python3.7/site-packages/airflow/example_dags/example_branch_labels.py
[2022-08-05 18:46:08,430] {processor.py:651} INFO - DAG(s) dict_keys(['example_branch_labels']) retrieved from /home/airflow/.local/lib/python3.7/site-packages/airflow/example_dags/example_branch_labels.py
[2022-08-05 18:46:08,447] {logging_mixin.py:115} INFO - [2022-08-05 18:46:08,447] {dag.py:2371} INFO - Sync 1 DAGs
[2022-08-05 18:46:08,540] {logging_mixin.py:115} INFO - [2022-08-05 18:46:08,540] {dag.py:2919} INFO - Setting next_dagrun for example_branch_labels to 2022-08-04T00:00:00+00:00, run_after=2022-08-05T00:00:00+00:00
[2022-08-05 18:46:08,548] {processor.py:161} INFO - Processing /home/airflow/.local/lib/python3.7/site-packages/airflow/example_dags/example_branch_labels.py took 0.127 seconds
[2022-08-05 18:46:39,251] {processor.py:153} INFO - Started process (PID=1091) to work on /home/airflow/.local/lib/python3.7/site-packages/airflow/example_dags/example_branch_labels.py
[2022-08-05 18:46:39,254] {processor.py:641} INFO - Processing file /home/airflow/.local/lib/python3.7/site-packages/airflow/example_dags/example_branch_labels.py for tasks to queue
[2022-08-05 18:46:39,256] {logging_mixin.py:115} INFO - [2022-08-05 18:46:39,256] {dagbag.py:507} INFO - Filling up the DagBag from /home/airflow/.local/lib/python3.7/site-packages/airflow/example_dags/example_branch_labels.py
[2022-08-05 18:46:39,262] {processor.py:651} INFO - DAG(s) dict_keys(['example_branch_labels']) retrieved from /home/airflow/.local/lib/python3.7/site-packages/airflow/example_dags/example_branch_labels.py
[2022-08-05 18:46:39,285] {logging_mixin.py:115} INFO - [2022-08-05 18:46:39,285] {dag.py:2371} INFO - Sync 1 DAGs
[2022-08-05 18:46:39,376] {logging_mixin.py:115} INFO - [2022-08-05 18:46:39,376] {dag.py:2919} INFO - Setting next_dagrun for example_branch_labels to 2022-08-04T00:00:00+00:00, run_after=2022-08-05T00:00:00+00:00
[2022-08-05 18:46:39,382] {processor.py:161} INFO - Processing /home/airflow/.local/lib/python3.7/site-packages/airflow/example_dags/example_branch_labels.py took 0.136 seconds
[2022-08-05 18:47:10,122] {processor.py:153} INFO - Started process (PID=1153) to work on /home/airflow/.local/lib/python3.7/site-packages/airflow/example_dags/example_branch_labels.py
[2022-08-05 18:47:10,124] {processor.py:641} INFO - Processing file /home/airflow/.local/lib/python3.7/site-packages/airflow/example_dags/example_branch_labels.py for tasks to queue
[2022-08-05 18:47:10,126] {logging_mixin.py:115} INFO - [2022-08-05 18:47:10,126] {dagbag.py:507} INFO - Filling up the DagBag from /home/airflow/.local/lib/python3.7/site-packages/airflow/example_dags/example_branch_labels.py
[2022-08-05 18:47:10,133] {processor.py:651} INFO - DAG(s) dict_keys(['example_branch_labels']) retrieved from /home/airflow/.local/lib/python3.7/site-packages/airflow/example_dags/example_branch_labels.py
[2022-08-05 18:47:10,156] {logging_mixin.py:115} INFO - [2022-08-05 18:47:10,156] {dag.py:2371} INFO - Sync 1 DAGs
[2022-08-05 18:47:10,241] {logging_mixin.py:115} INFO - [2022-08-05 18:47:10,241] {dag.py:2919} INFO - Setting next_dagrun for example_branch_labels to 2022-08-04T00:00:00+00:00, run_after=2022-08-05T00:00:00+00:00
[2022-08-05 18:47:10,249] {processor.py:161} INFO - Processing /home/airflow/.local/lib/python3.7/site-packages/airflow/example_dags/example_branch_labels.py took 0.131 seconds
[2022-08-05 18:47:41,008] {processor.py:153} INFO - Started process (PID=1216) to work on /home/airflow/.local/lib/python3.7/site-packages/airflow/example_dags/example_branch_labels.py
[2022-08-05 18:47:41,010] {processor.py:641} INFO - Processing file /home/airflow/.local/lib/python3.7/site-packages/airflow/example_dags/example_branch_labels.py for tasks to queue
[2022-08-05 18:47:41,012] {logging_mixin.py:115} INFO - [2022-08-05 18:47:41,012] {dagbag.py:507} INFO - Filling up the DagBag from /home/airflow/.local/lib/python3.7/site-packages/airflow/example_dags/example_branch_labels.py
[2022-08-05 18:47:41,018] {processor.py:651} INFO - DAG(s) dict_keys(['example_branch_labels']) retrieved from /home/airflow/.local/lib/python3.7/site-packages/airflow/example_dags/example_branch_labels.py
[2022-08-05 18:47:41,040] {logging_mixin.py:115} INFO - [2022-08-05 18:47:41,040] {dag.py:2371} INFO - Sync 1 DAGs
[2022-08-05 18:47:41,126] {logging_mixin.py:115} INFO - [2022-08-05 18:47:41,125] {dag.py:2919} INFO - Setting next_dagrun for example_branch_labels to 2022-08-04T00:00:00+00:00, run_after=2022-08-05T00:00:00+00:00
[2022-08-05 18:47:41,132] {processor.py:161} INFO - Processing /home/airflow/.local/lib/python3.7/site-packages/airflow/example_dags/example_branch_labels.py took 0.128 seconds
[2022-08-05 18:48:11,842] {processor.py:153} INFO - Started process (PID=1276) to work on /home/airflow/.local/lib/python3.7/site-packages/airflow/example_dags/example_branch_labels.py
[2022-08-05 18:48:11,843] {processor.py:641} INFO - Processing file /home/airflow/.local/lib/python3.7/site-packages/airflow/example_dags/example_branch_labels.py for tasks to queue
[2022-08-05 18:48:11,844] {logging_mixin.py:115} INFO - [2022-08-05 18:48:11,844] {dagbag.py:507} INFO - Filling up the DagBag from /home/airflow/.local/lib/python3.7/site-packages/airflow/example_dags/example_branch_labels.py
[2022-08-05 18:48:11,848] {processor.py:651} INFO - DAG(s) dict_keys(['example_branch_labels']) retrieved from /home/airflow/.local/lib/python3.7/site-packages/airflow/example_dags/example_branch_labels.py
[2022-08-05 18:48:11,864] {logging_mixin.py:115} INFO - [2022-08-05 18:48:11,864] {dag.py:2371} INFO - Sync 1 DAGs
[2022-08-05 18:48:11,959] {logging_mixin.py:115} INFO - [2022-08-05 18:48:11,959] {dag.py:2919} INFO - Setting next_dagrun for example_branch_labels to 2022-08-04T00:00:00+00:00, run_after=2022-08-05T00:00:00+00:00
[2022-08-05 18:48:11,966] {processor.py:161} INFO - Processing /home/airflow/.local/lib/python3.7/site-packages/airflow/example_dags/example_branch_labels.py took 0.126 seconds
[2022-08-05 18:48:42,737] {processor.py:153} INFO - Started process (PID=1331) to work on /home/airflow/.local/lib/python3.7/site-packages/airflow/example_dags/example_branch_labels.py
[2022-08-05 18:48:42,738] {processor.py:641} INFO - Processing file /home/airflow/.local/lib/python3.7/site-packages/airflow/example_dags/example_branch_labels.py for tasks to queue
[2022-08-05 18:48:42,739] {logging_mixin.py:115} INFO - [2022-08-05 18:48:42,739] {dagbag.py:507} INFO - Filling up the DagBag from /home/airflow/.local/lib/python3.7/site-packages/airflow/example_dags/example_branch_labels.py
[2022-08-05 18:48:42,743] {processor.py:651} INFO - DAG(s) dict_keys(['example_branch_labels']) retrieved from /home/airflow/.local/lib/python3.7/site-packages/airflow/example_dags/example_branch_labels.py
[2022-08-05 18:48:42,759] {logging_mixin.py:115} INFO - [2022-08-05 18:48:42,759] {dag.py:2371} INFO - Sync 1 DAGs
[2022-08-05 18:48:42,849] {logging_mixin.py:115} INFO - [2022-08-05 18:48:42,849] {dag.py:2919} INFO - Setting next_dagrun for example_branch_labels to 2022-08-04T00:00:00+00:00, run_after=2022-08-05T00:00:00+00:00
[2022-08-05 18:48:42,856] {processor.py:161} INFO - Processing /home/airflow/.local/lib/python3.7/site-packages/airflow/example_dags/example_branch_labels.py took 0.121 seconds
[2022-08-05 18:49:13,674] {processor.py:153} INFO - Started process (PID=1394) to work on /home/airflow/.local/lib/python3.7/site-packages/airflow/example_dags/example_branch_labels.py
[2022-08-05 18:49:13,675] {processor.py:641} INFO - Processing file /home/airflow/.local/lib/python3.7/site-packages/airflow/example_dags/example_branch_labels.py for tasks to queue
[2022-08-05 18:49:13,676] {logging_mixin.py:115} INFO - [2022-08-05 18:49:13,676] {dagbag.py:507} INFO - Filling up the DagBag from /home/airflow/.local/lib/python3.7/site-packages/airflow/example_dags/example_branch_labels.py
[2022-08-05 18:49:13,680] {processor.py:651} INFO - DAG(s) dict_keys(['example_branch_labels']) retrieved from /home/airflow/.local/lib/python3.7/site-packages/airflow/example_dags/example_branch_labels.py
[2022-08-05 18:49:13,696] {logging_mixin.py:115} INFO - [2022-08-05 18:49:13,696] {dag.py:2371} INFO - Sync 1 DAGs
[2022-08-05 18:49:13,780] {logging_mixin.py:115} INFO - [2022-08-05 18:49:13,780] {dag.py:2919} INFO - Setting next_dagrun for example_branch_labels to 2022-08-04T00:00:00+00:00, run_after=2022-08-05T00:00:00+00:00
[2022-08-05 18:49:13,787] {processor.py:161} INFO - Processing /home/airflow/.local/lib/python3.7/site-packages/airflow/example_dags/example_branch_labels.py took 0.116 seconds
[2022-08-05 18:49:44,586] {processor.py:153} INFO - Started process (PID=1456) to work on /home/airflow/.local/lib/python3.7/site-packages/airflow/example_dags/example_branch_labels.py
[2022-08-05 18:49:44,590] {processor.py:641} INFO - Processing file /home/airflow/.local/lib/python3.7/site-packages/airflow/example_dags/example_branch_labels.py for tasks to queue
[2022-08-05 18:49:44,591] {logging_mixin.py:115} INFO - [2022-08-05 18:49:44,591] {dagbag.py:507} INFO - Filling up the DagBag from /home/airflow/.local/lib/python3.7/site-packages/airflow/example_dags/example_branch_labels.py
[2022-08-05 18:49:44,598] {processor.py:651} INFO - DAG(s) dict_keys(['example_branch_labels']) retrieved from /home/airflow/.local/lib/python3.7/site-packages/airflow/example_dags/example_branch_labels.py
[2022-08-05 18:49:44,623] {logging_mixin.py:115} INFO - [2022-08-05 18:49:44,623] {dag.py:2371} INFO - Sync 1 DAGs
[2022-08-05 18:49:44,720] {logging_mixin.py:115} INFO - [2022-08-05 18:49:44,720] {dag.py:2919} INFO - Setting next_dagrun for example_branch_labels to 2022-08-04T00:00:00+00:00, run_after=2022-08-05T00:00:00+00:00
[2022-08-05 18:49:44,729] {processor.py:161} INFO - Processing /home/airflow/.local/lib/python3.7/site-packages/airflow/example_dags/example_branch_labels.py took 0.147 seconds
[2022-08-05 18:50:15,341] {processor.py:153} INFO - Started process (PID=1519) to work on /home/airflow/.local/lib/python3.7/site-packages/airflow/example_dags/example_branch_labels.py
[2022-08-05 18:50:15,343] {processor.py:641} INFO - Processing file /home/airflow/.local/lib/python3.7/site-packages/airflow/example_dags/example_branch_labels.py for tasks to queue
[2022-08-05 18:50:15,344] {logging_mixin.py:115} INFO - [2022-08-05 18:50:15,344] {dagbag.py:507} INFO - Filling up the DagBag from /home/airflow/.local/lib/python3.7/site-packages/airflow/example_dags/example_branch_labels.py
[2022-08-05 18:50:15,348] {processor.py:651} INFO - DAG(s) dict_keys(['example_branch_labels']) retrieved from /home/airflow/.local/lib/python3.7/site-packages/airflow/example_dags/example_branch_labels.py
[2022-08-05 18:50:15,364] {logging_mixin.py:115} INFO - [2022-08-05 18:50:15,364] {dag.py:2371} INFO - Sync 1 DAGs
[2022-08-05 18:50:15,449] {logging_mixin.py:115} INFO - [2022-08-05 18:50:15,449] {dag.py:2919} INFO - Setting next_dagrun for example_branch_labels to 2022-08-04T00:00:00+00:00, run_after=2022-08-05T00:00:00+00:00
[2022-08-05 18:50:15,456] {processor.py:161} INFO - Processing /home/airflow/.local/lib/python3.7/site-packages/airflow/example_dags/example_branch_labels.py took 0.117 seconds
[2022-08-05 18:50:46,027] {processor.py:153} INFO - Started process (PID=1582) to work on /home/airflow/.local/lib/python3.7/site-packages/airflow/example_dags/example_branch_labels.py
[2022-08-05 18:50:46,031] {processor.py:641} INFO - Processing file /home/airflow/.local/lib/python3.7/site-packages/airflow/example_dags/example_branch_labels.py for tasks to queue
[2022-08-05 18:50:46,032] {logging_mixin.py:115} INFO - [2022-08-05 18:50:46,032] {dagbag.py:507} INFO - Filling up the DagBag from /home/airflow/.local/lib/python3.7/site-packages/airflow/example_dags/example_branch_labels.py
[2022-08-05 18:50:46,039] {processor.py:651} INFO - DAG(s) dict_keys(['example_branch_labels']) retrieved from /home/airflow/.local/lib/python3.7/site-packages/airflow/example_dags/example_branch_labels.py
[2022-08-05 18:50:46,061] {logging_mixin.py:115} INFO - [2022-08-05 18:50:46,061] {dag.py:2371} INFO - Sync 1 DAGs
[2022-08-05 18:50:46,146] {logging_mixin.py:115} INFO - [2022-08-05 18:50:46,146] {dag.py:2919} INFO - Setting next_dagrun for example_branch_labels to 2022-08-04T00:00:00+00:00, run_after=2022-08-05T00:00:00+00:00
[2022-08-05 18:50:46,152] {processor.py:161} INFO - Processing /home/airflow/.local/lib/python3.7/site-packages/airflow/example_dags/example_branch_labels.py took 0.130 seconds
[2022-08-05 18:51:16,874] {processor.py:153} INFO - Started process (PID=1644) to work on /home/airflow/.local/lib/python3.7/site-packages/airflow/example_dags/example_branch_labels.py
[2022-08-05 18:51:16,877] {processor.py:641} INFO - Processing file /home/airflow/.local/lib/python3.7/site-packages/airflow/example_dags/example_branch_labels.py for tasks to queue
[2022-08-05 18:51:16,879] {logging_mixin.py:115} INFO - [2022-08-05 18:51:16,879] {dagbag.py:507} INFO - Filling up the DagBag from /home/airflow/.local/lib/python3.7/site-packages/airflow/example_dags/example_branch_labels.py
[2022-08-05 18:51:16,885] {processor.py:651} INFO - DAG(s) dict_keys(['example_branch_labels']) retrieved from /home/airflow/.local/lib/python3.7/site-packages/airflow/example_dags/example_branch_labels.py
[2022-08-05 18:51:16,907] {logging_mixin.py:115} INFO - [2022-08-05 18:51:16,907] {dag.py:2371} INFO - Sync 1 DAGs
[2022-08-05 18:51:16,996] {logging_mixin.py:115} INFO - [2022-08-05 18:51:16,996] {dag.py:2919} INFO - Setting next_dagrun for example_branch_labels to 2022-08-04T00:00:00+00:00, run_after=2022-08-05T00:00:00+00:00
[2022-08-05 18:51:17,003] {processor.py:161} INFO - Processing /home/airflow/.local/lib/python3.7/site-packages/airflow/example_dags/example_branch_labels.py took 0.133 seconds
[2022-08-05 18:51:47,964] {processor.py:153} INFO - Started process (PID=1706) to work on /home/airflow/.local/lib/python3.7/site-packages/airflow/example_dags/example_branch_labels.py
[2022-08-05 18:51:47,966] {processor.py:641} INFO - Processing file /home/airflow/.local/lib/python3.7/site-packages/airflow/example_dags/example_branch_labels.py for tasks to queue
[2022-08-05 18:51:47,968] {logging_mixin.py:115} INFO - [2022-08-05 18:51:47,968] {dagbag.py:507} INFO - Filling up the DagBag from /home/airflow/.local/lib/python3.7/site-packages/airflow/example_dags/example_branch_labels.py
[2022-08-05 18:51:47,975] {processor.py:651} INFO - DAG(s) dict_keys(['example_branch_labels']) retrieved from /home/airflow/.local/lib/python3.7/site-packages/airflow/example_dags/example_branch_labels.py
[2022-08-05 18:51:47,996] {logging_mixin.py:115} INFO - [2022-08-05 18:51:47,996] {dag.py:2371} INFO - Sync 1 DAGs
[2022-08-05 18:51:48,091] {logging_mixin.py:115} INFO - [2022-08-05 18:51:48,091] {dag.py:2919} INFO - Setting next_dagrun for example_branch_labels to 2022-08-04T00:00:00+00:00, run_after=2022-08-05T00:00:00+00:00
[2022-08-05 18:51:48,098] {processor.py:161} INFO - Processing /home/airflow/.local/lib/python3.7/site-packages/airflow/example_dags/example_branch_labels.py took 0.138 seconds
[2022-08-05 18:52:18,824] {processor.py:153} INFO - Started process (PID=1768) to work on /home/airflow/.local/lib/python3.7/site-packages/airflow/example_dags/example_branch_labels.py
[2022-08-05 18:52:18,825] {processor.py:641} INFO - Processing file /home/airflow/.local/lib/python3.7/site-packages/airflow/example_dags/example_branch_labels.py for tasks to queue
[2022-08-05 18:52:18,827] {logging_mixin.py:115} INFO - [2022-08-05 18:52:18,827] {dagbag.py:507} INFO - Filling up the DagBag from /home/airflow/.local/lib/python3.7/site-packages/airflow/example_dags/example_branch_labels.py
[2022-08-05 18:52:18,831] {processor.py:651} INFO - DAG(s) dict_keys(['example_branch_labels']) retrieved from /home/airflow/.local/lib/python3.7/site-packages/airflow/example_dags/example_branch_labels.py
[2022-08-05 18:52:18,848] {logging_mixin.py:115} INFO - [2022-08-05 18:52:18,848] {dag.py:2371} INFO - Sync 1 DAGs
[2022-08-05 18:52:18,933] {logging_mixin.py:115} INFO - [2022-08-05 18:52:18,933] {dag.py:2919} INFO - Setting next_dagrun for example_branch_labels to 2022-08-04T00:00:00+00:00, run_after=2022-08-05T00:00:00+00:00
[2022-08-05 18:52:18,939] {processor.py:161} INFO - Processing /home/airflow/.local/lib/python3.7/site-packages/airflow/example_dags/example_branch_labels.py took 0.118 seconds
[2022-08-05 18:52:49,510] {processor.py:153} INFO - Started process (PID=1821) to work on /home/airflow/.local/lib/python3.7/site-packages/airflow/example_dags/example_branch_labels.py
[2022-08-05 18:52:49,511] {processor.py:641} INFO - Processing file /home/airflow/.local/lib/python3.7/site-packages/airflow/example_dags/example_branch_labels.py for tasks to queue
[2022-08-05 18:52:49,512] {logging_mixin.py:115} INFO - [2022-08-05 18:52:49,512] {dagbag.py:507} INFO - Filling up the DagBag from /home/airflow/.local/lib/python3.7/site-packages/airflow/example_dags/example_branch_labels.py
[2022-08-05 18:52:49,516] {processor.py:651} INFO - DAG(s) dict_keys(['example_branch_labels']) retrieved from /home/airflow/.local/lib/python3.7/site-packages/airflow/example_dags/example_branch_labels.py
[2022-08-05 18:52:49,534] {logging_mixin.py:115} INFO - [2022-08-05 18:52:49,534] {dag.py:2371} INFO - Sync 1 DAGs
[2022-08-05 18:52:49,628] {logging_mixin.py:115} INFO - [2022-08-05 18:52:49,628] {dag.py:2919} INFO - Setting next_dagrun for example_branch_labels to 2022-08-04T00:00:00+00:00, run_after=2022-08-05T00:00:00+00:00
[2022-08-05 18:52:49,635] {processor.py:161} INFO - Processing /home/airflow/.local/lib/python3.7/site-packages/airflow/example_dags/example_branch_labels.py took 0.127 seconds
[2022-08-05 18:53:20,452] {processor.py:153} INFO - Started process (PID=1883) to work on /home/airflow/.local/lib/python3.7/site-packages/airflow/example_dags/example_branch_labels.py
[2022-08-05 18:53:20,455] {processor.py:641} INFO - Processing file /home/airflow/.local/lib/python3.7/site-packages/airflow/example_dags/example_branch_labels.py for tasks to queue
[2022-08-05 18:53:20,456] {logging_mixin.py:115} INFO - [2022-08-05 18:53:20,456] {dagbag.py:507} INFO - Filling up the DagBag from /home/airflow/.local/lib/python3.7/site-packages/airflow/example_dags/example_branch_labels.py
[2022-08-05 18:53:20,463] {processor.py:651} INFO - DAG(s) dict_keys(['example_branch_labels']) retrieved from /home/airflow/.local/lib/python3.7/site-packages/airflow/example_dags/example_branch_labels.py
[2022-08-05 18:53:20,486] {logging_mixin.py:115} INFO - [2022-08-05 18:53:20,486] {dag.py:2371} INFO - Sync 1 DAGs
[2022-08-05 18:53:20,573] {logging_mixin.py:115} INFO - [2022-08-05 18:53:20,573] {dag.py:2919} INFO - Setting next_dagrun for example_branch_labels to 2022-08-04T00:00:00+00:00, run_after=2022-08-05T00:00:00+00:00
[2022-08-05 18:53:20,580] {processor.py:161} INFO - Processing /home/airflow/.local/lib/python3.7/site-packages/airflow/example_dags/example_branch_labels.py took 0.131 seconds
[2022-08-05 18:53:51,233] {processor.py:153} INFO - Started process (PID=1945) to work on /home/airflow/.local/lib/python3.7/site-packages/airflow/example_dags/example_branch_labels.py
[2022-08-05 18:53:51,235] {processor.py:641} INFO - Processing file /home/airflow/.local/lib/python3.7/site-packages/airflow/example_dags/example_branch_labels.py for tasks to queue
[2022-08-05 18:53:51,237] {logging_mixin.py:115} INFO - [2022-08-05 18:53:51,237] {dagbag.py:507} INFO - Filling up the DagBag from /home/airflow/.local/lib/python3.7/site-packages/airflow/example_dags/example_branch_labels.py
[2022-08-05 18:53:51,245] {processor.py:651} INFO - DAG(s) dict_keys(['example_branch_labels']) retrieved from /home/airflow/.local/lib/python3.7/site-packages/airflow/example_dags/example_branch_labels.py
[2022-08-05 18:53:51,269] {logging_mixin.py:115} INFO - [2022-08-05 18:53:51,269] {dag.py:2371} INFO - Sync 1 DAGs
[2022-08-05 18:53:51,357] {logging_mixin.py:115} INFO - [2022-08-05 18:53:51,357] {dag.py:2919} INFO - Setting next_dagrun for example_branch_labels to 2022-08-04T00:00:00+00:00, run_after=2022-08-05T00:00:00+00:00
[2022-08-05 18:53:51,363] {processor.py:161} INFO - Processing /home/airflow/.local/lib/python3.7/site-packages/airflow/example_dags/example_branch_labels.py took 0.136 seconds
[2022-08-05 18:54:22,099] {processor.py:153} INFO - Started process (PID=2007) to work on /home/airflow/.local/lib/python3.7/site-packages/airflow/example_dags/example_branch_labels.py
[2022-08-05 18:54:22,102] {processor.py:641} INFO - Processing file /home/airflow/.local/lib/python3.7/site-packages/airflow/example_dags/example_branch_labels.py for tasks to queue
[2022-08-05 18:54:22,104] {logging_mixin.py:115} INFO - [2022-08-05 18:54:22,103] {dagbag.py:507} INFO - Filling up the DagBag from /home/airflow/.local/lib/python3.7/site-packages/airflow/example_dags/example_branch_labels.py
[2022-08-05 18:54:22,110] {processor.py:651} INFO - DAG(s) dict_keys(['example_branch_labels']) retrieved from /home/airflow/.local/lib/python3.7/site-packages/airflow/example_dags/example_branch_labels.py
[2022-08-05 18:54:22,133] {logging_mixin.py:115} INFO - [2022-08-05 18:54:22,133] {dag.py:2371} INFO - Sync 1 DAGs
[2022-08-05 18:54:22,222] {logging_mixin.py:115} INFO - [2022-08-05 18:54:22,222] {dag.py:2919} INFO - Setting next_dagrun for example_branch_labels to 2022-08-04T00:00:00+00:00, run_after=2022-08-05T00:00:00+00:00
[2022-08-05 18:54:22,228] {processor.py:161} INFO - Processing /home/airflow/.local/lib/python3.7/site-packages/airflow/example_dags/example_branch_labels.py took 0.133 seconds
[2022-08-05 18:54:53,026] {processor.py:153} INFO - Started process (PID=2069) to work on /home/airflow/.local/lib/python3.7/site-packages/airflow/example_dags/example_branch_labels.py
[2022-08-05 18:54:53,029] {processor.py:641} INFO - Processing file /home/airflow/.local/lib/python3.7/site-packages/airflow/example_dags/example_branch_labels.py for tasks to queue
[2022-08-05 18:54:53,031] {logging_mixin.py:115} INFO - [2022-08-05 18:54:53,031] {dagbag.py:507} INFO - Filling up the DagBag from /home/airflow/.local/lib/python3.7/site-packages/airflow/example_dags/example_branch_labels.py
[2022-08-05 18:54:53,037] {processor.py:651} INFO - DAG(s) dict_keys(['example_branch_labels']) retrieved from /home/airflow/.local/lib/python3.7/site-packages/airflow/example_dags/example_branch_labels.py
[2022-08-05 18:54:53,061] {logging_mixin.py:115} INFO - [2022-08-05 18:54:53,061] {dag.py:2371} INFO - Sync 1 DAGs
[2022-08-05 18:54:53,147] {logging_mixin.py:115} INFO - [2022-08-05 18:54:53,147] {dag.py:2919} INFO - Setting next_dagrun for example_branch_labels to 2022-08-04T00:00:00+00:00, run_after=2022-08-05T00:00:00+00:00
[2022-08-05 18:54:53,154] {processor.py:161} INFO - Processing /home/airflow/.local/lib/python3.7/site-packages/airflow/example_dags/example_branch_labels.py took 0.131 seconds
[2022-08-05 18:55:23,875] {processor.py:153} INFO - Started process (PID=2132) to work on /home/airflow/.local/lib/python3.7/site-packages/airflow/example_dags/example_branch_labels.py
[2022-08-05 18:55:23,877] {processor.py:641} INFO - Processing file /home/airflow/.local/lib/python3.7/site-packages/airflow/example_dags/example_branch_labels.py for tasks to queue
[2022-08-05 18:55:23,879] {logging_mixin.py:115} INFO - [2022-08-05 18:55:23,879] {dagbag.py:507} INFO - Filling up the DagBag from /home/airflow/.local/lib/python3.7/site-packages/airflow/example_dags/example_branch_labels.py
[2022-08-05 18:55:23,886] {processor.py:651} INFO - DAG(s) dict_keys(['example_branch_labels']) retrieved from /home/airflow/.local/lib/python3.7/site-packages/airflow/example_dags/example_branch_labels.py
[2022-08-05 18:55:23,910] {logging_mixin.py:115} INFO - [2022-08-05 18:55:23,910] {dag.py:2371} INFO - Sync 1 DAGs
[2022-08-05 18:55:24,008] {logging_mixin.py:115} INFO - [2022-08-05 18:55:24,008] {dag.py:2919} INFO - Setting next_dagrun for example_branch_labels to 2022-08-04T00:00:00+00:00, run_after=2022-08-05T00:00:00+00:00
[2022-08-05 18:55:24,015] {processor.py:161} INFO - Processing /home/airflow/.local/lib/python3.7/site-packages/airflow/example_dags/example_branch_labels.py took 0.145 seconds
[2022-08-05 18:55:54,949] {processor.py:153} INFO - Started process (PID=2194) to work on /home/airflow/.local/lib/python3.7/site-packages/airflow/example_dags/example_branch_labels.py
[2022-08-05 18:55:54,952] {processor.py:641} INFO - Processing file /home/airflow/.local/lib/python3.7/site-packages/airflow/example_dags/example_branch_labels.py for tasks to queue
[2022-08-05 18:55:54,953] {logging_mixin.py:115} INFO - [2022-08-05 18:55:54,953] {dagbag.py:507} INFO - Filling up the DagBag from /home/airflow/.local/lib/python3.7/site-packages/airflow/example_dags/example_branch_labels.py
[2022-08-05 18:55:54,960] {processor.py:651} INFO - DAG(s) dict_keys(['example_branch_labels']) retrieved from /home/airflow/.local/lib/python3.7/site-packages/airflow/example_dags/example_branch_labels.py
[2022-08-05 18:55:54,984] {logging_mixin.py:115} INFO - [2022-08-05 18:55:54,984] {dag.py:2371} INFO - Sync 1 DAGs
[2022-08-05 18:55:55,074] {logging_mixin.py:115} INFO - [2022-08-05 18:55:55,074] {dag.py:2919} INFO - Setting next_dagrun for example_branch_labels to 2022-08-04T00:00:00+00:00, run_after=2022-08-05T00:00:00+00:00
[2022-08-05 18:55:55,081] {processor.py:161} INFO - Processing /home/airflow/.local/lib/python3.7/site-packages/airflow/example_dags/example_branch_labels.py took 0.136 seconds
[2022-08-05 18:56:25,955] {processor.py:153} INFO - Started process (PID=2256) to work on /home/airflow/.local/lib/python3.7/site-packages/airflow/example_dags/example_branch_labels.py
[2022-08-05 18:56:25,956] {processor.py:641} INFO - Processing file /home/airflow/.local/lib/python3.7/site-packages/airflow/example_dags/example_branch_labels.py for tasks to queue
[2022-08-05 18:56:25,957] {logging_mixin.py:115} INFO - [2022-08-05 18:56:25,957] {dagbag.py:507} INFO - Filling up the DagBag from /home/airflow/.local/lib/python3.7/site-packages/airflow/example_dags/example_branch_labels.py
[2022-08-05 18:56:25,961] {processor.py:651} INFO - DAG(s) dict_keys(['example_branch_labels']) retrieved from /home/airflow/.local/lib/python3.7/site-packages/airflow/example_dags/example_branch_labels.py
[2022-08-05 18:56:25,979] {logging_mixin.py:115} INFO - [2022-08-05 18:56:25,979] {dag.py:2371} INFO - Sync 1 DAGs
[2022-08-05 18:56:26,073] {logging_mixin.py:115} INFO - [2022-08-05 18:56:26,073] {dag.py:2919} INFO - Setting next_dagrun for example_branch_labels to 2022-08-04T00:00:00+00:00, run_after=2022-08-05T00:00:00+00:00
[2022-08-05 18:56:26,081] {processor.py:161} INFO - Processing /home/airflow/.local/lib/python3.7/site-packages/airflow/example_dags/example_branch_labels.py took 0.128 seconds
[2022-08-05 18:56:56,811] {processor.py:153} INFO - Started process (PID=2318) to work on /home/airflow/.local/lib/python3.7/site-packages/airflow/example_dags/example_branch_labels.py
[2022-08-05 18:56:56,813] {processor.py:641} INFO - Processing file /home/airflow/.local/lib/python3.7/site-packages/airflow/example_dags/example_branch_labels.py for tasks to queue
[2022-08-05 18:56:56,814] {logging_mixin.py:115} INFO - [2022-08-05 18:56:56,814] {dagbag.py:507} INFO - Filling up the DagBag from /home/airflow/.local/lib/python3.7/site-packages/airflow/example_dags/example_branch_labels.py
[2022-08-05 18:56:56,818] {processor.py:651} INFO - DAG(s) dict_keys(['example_branch_labels']) retrieved from /home/airflow/.local/lib/python3.7/site-packages/airflow/example_dags/example_branch_labels.py
[2022-08-05 18:56:56,836] {logging_mixin.py:115} INFO - [2022-08-05 18:56:56,836] {dag.py:2371} INFO - Sync 1 DAGs
[2022-08-05 18:56:56,937] {logging_mixin.py:115} INFO - [2022-08-05 18:56:56,937] {dag.py:2919} INFO - Setting next_dagrun for example_branch_labels to 2022-08-04T00:00:00+00:00, run_after=2022-08-05T00:00:00+00:00
[2022-08-05 18:56:56,944] {processor.py:161} INFO - Processing /home/airflow/.local/lib/python3.7/site-packages/airflow/example_dags/example_branch_labels.py took 0.134 seconds
[2022-08-05 18:57:27,656] {processor.py:153} INFO - Started process (PID=2372) to work on /home/airflow/.local/lib/python3.7/site-packages/airflow/example_dags/example_branch_labels.py
[2022-08-05 18:57:27,658] {processor.py:641} INFO - Processing file /home/airflow/.local/lib/python3.7/site-packages/airflow/example_dags/example_branch_labels.py for tasks to queue
[2022-08-05 18:57:27,660] {logging_mixin.py:115} INFO - [2022-08-05 18:57:27,660] {dagbag.py:507} INFO - Filling up the DagBag from /home/airflow/.local/lib/python3.7/site-packages/airflow/example_dags/example_branch_labels.py
[2022-08-05 18:57:27,666] {processor.py:651} INFO - DAG(s) dict_keys(['example_branch_labels']) retrieved from /home/airflow/.local/lib/python3.7/site-packages/airflow/example_dags/example_branch_labels.py
[2022-08-05 18:57:27,690] {logging_mixin.py:115} INFO - [2022-08-05 18:57:27,690] {dag.py:2371} INFO - Sync 1 DAGs
[2022-08-05 18:57:27,778] {logging_mixin.py:115} INFO - [2022-08-05 18:57:27,778] {dag.py:2919} INFO - Setting next_dagrun for example_branch_labels to 2022-08-04T00:00:00+00:00, run_after=2022-08-05T00:00:00+00:00
[2022-08-05 18:57:27,785] {processor.py:161} INFO - Processing /home/airflow/.local/lib/python3.7/site-packages/airflow/example_dags/example_branch_labels.py took 0.133 seconds
[2022-08-05 18:57:58,510] {processor.py:153} INFO - Started process (PID=2435) to work on /home/airflow/.local/lib/python3.7/site-packages/airflow/example_dags/example_branch_labels.py
[2022-08-05 18:57:58,511] {processor.py:641} INFO - Processing file /home/airflow/.local/lib/python3.7/site-packages/airflow/example_dags/example_branch_labels.py for tasks to queue
[2022-08-05 18:57:58,512] {logging_mixin.py:115} INFO - [2022-08-05 18:57:58,512] {dagbag.py:507} INFO - Filling up the DagBag from /home/airflow/.local/lib/python3.7/site-packages/airflow/example_dags/example_branch_labels.py
[2022-08-05 18:57:58,516] {processor.py:651} INFO - DAG(s) dict_keys(['example_branch_labels']) retrieved from /home/airflow/.local/lib/python3.7/site-packages/airflow/example_dags/example_branch_labels.py
[2022-08-05 18:57:58,623] {logging_mixin.py:115} INFO - [2022-08-05 18:57:58,623] {dag.py:2371} INFO - Sync 1 DAGs
[2022-08-05 18:57:58,635] {logging_mixin.py:115} INFO - [2022-08-05 18:57:58,635] {dag.py:2919} INFO - Setting next_dagrun for example_branch_labels to 2022-08-04T00:00:00+00:00, run_after=2022-08-05T00:00:00+00:00
[2022-08-05 18:57:58,642] {processor.py:161} INFO - Processing /home/airflow/.local/lib/python3.7/site-packages/airflow/example_dags/example_branch_labels.py took 0.136 seconds
[2022-08-05 18:58:29,442] {processor.py:153} INFO - Started process (PID=2497) to work on /home/airflow/.local/lib/python3.7/site-packages/airflow/example_dags/example_branch_labels.py
[2022-08-05 18:58:29,444] {processor.py:641} INFO - Processing file /home/airflow/.local/lib/python3.7/site-packages/airflow/example_dags/example_branch_labels.py for tasks to queue
[2022-08-05 18:58:29,446] {logging_mixin.py:115} INFO - [2022-08-05 18:58:29,446] {dagbag.py:507} INFO - Filling up the DagBag from /home/airflow/.local/lib/python3.7/site-packages/airflow/example_dags/example_branch_labels.py
[2022-08-05 18:58:29,452] {processor.py:651} INFO - DAG(s) dict_keys(['example_branch_labels']) retrieved from /home/airflow/.local/lib/python3.7/site-packages/airflow/example_dags/example_branch_labels.py
[2022-08-05 18:58:29,550] {logging_mixin.py:115} INFO - [2022-08-05 18:58:29,550] {dag.py:2371} INFO - Sync 1 DAGs
[2022-08-05 18:58:29,562] {logging_mixin.py:115} INFO - [2022-08-05 18:58:29,562] {dag.py:2919} INFO - Setting next_dagrun for example_branch_labels to 2022-08-04T00:00:00+00:00, run_after=2022-08-05T00:00:00+00:00
[2022-08-05 18:58:29,569] {processor.py:161} INFO - Processing /home/airflow/.local/lib/python3.7/site-packages/airflow/example_dags/example_branch_labels.py took 0.132 seconds
[2022-08-05 18:59:00,287] {processor.py:153} INFO - Started process (PID=2559) to work on /home/airflow/.local/lib/python3.7/site-packages/airflow/example_dags/example_branch_labels.py
[2022-08-05 18:59:00,288] {processor.py:641} INFO - Processing file /home/airflow/.local/lib/python3.7/site-packages/airflow/example_dags/example_branch_labels.py for tasks to queue
[2022-08-05 18:59:00,290] {logging_mixin.py:115} INFO - [2022-08-05 18:59:00,290] {dagbag.py:507} INFO - Filling up the DagBag from /home/airflow/.local/lib/python3.7/site-packages/airflow/example_dags/example_branch_labels.py
[2022-08-05 18:59:00,297] {processor.py:651} INFO - DAG(s) dict_keys(['example_branch_labels']) retrieved from /home/airflow/.local/lib/python3.7/site-packages/airflow/example_dags/example_branch_labels.py
[2022-08-05 18:59:00,402] {logging_mixin.py:115} INFO - [2022-08-05 18:59:00,402] {dag.py:2371} INFO - Sync 1 DAGs
[2022-08-05 18:59:00,413] {logging_mixin.py:115} INFO - [2022-08-05 18:59:00,413] {dag.py:2919} INFO - Setting next_dagrun for example_branch_labels to 2022-08-04T00:00:00+00:00, run_after=2022-08-05T00:00:00+00:00
[2022-08-05 18:59:00,419] {processor.py:161} INFO - Processing /home/airflow/.local/lib/python3.7/site-packages/airflow/example_dags/example_branch_labels.py took 0.135 seconds
[2022-08-05 18:59:31,315] {processor.py:153} INFO - Started process (PID=2621) to work on /home/airflow/.local/lib/python3.7/site-packages/airflow/example_dags/example_branch_labels.py
[2022-08-05 18:59:31,316] {processor.py:641} INFO - Processing file /home/airflow/.local/lib/python3.7/site-packages/airflow/example_dags/example_branch_labels.py for tasks to queue
[2022-08-05 18:59:31,317] {logging_mixin.py:115} INFO - [2022-08-05 18:59:31,317] {dagbag.py:507} INFO - Filling up the DagBag from /home/airflow/.local/lib/python3.7/site-packages/airflow/example_dags/example_branch_labels.py
[2022-08-05 18:59:31,322] {processor.py:651} INFO - DAG(s) dict_keys(['example_branch_labels']) retrieved from /home/airflow/.local/lib/python3.7/site-packages/airflow/example_dags/example_branch_labels.py
[2022-08-05 18:59:31,415] {logging_mixin.py:115} INFO - [2022-08-05 18:59:31,414] {dag.py:2371} INFO - Sync 1 DAGs
[2022-08-05 18:59:31,426] {logging_mixin.py:115} INFO - [2022-08-05 18:59:31,425] {dag.py:2919} INFO - Setting next_dagrun for example_branch_labels to 2022-08-04T00:00:00+00:00, run_after=2022-08-05T00:00:00+00:00
[2022-08-05 18:59:31,432] {processor.py:161} INFO - Processing /home/airflow/.local/lib/python3.7/site-packages/airflow/example_dags/example_branch_labels.py took 0.119 seconds
[2022-08-05 19:00:02,137] {processor.py:153} INFO - Started process (PID=2684) to work on /home/airflow/.local/lib/python3.7/site-packages/airflow/example_dags/example_branch_labels.py
[2022-08-05 19:00:02,138] {processor.py:641} INFO - Processing file /home/airflow/.local/lib/python3.7/site-packages/airflow/example_dags/example_branch_labels.py for tasks to queue
[2022-08-05 19:00:02,139] {logging_mixin.py:115} INFO - [2022-08-05 19:00:02,139] {dagbag.py:507} INFO - Filling up the DagBag from /home/airflow/.local/lib/python3.7/site-packages/airflow/example_dags/example_branch_labels.py
[2022-08-05 19:00:02,143] {processor.py:651} INFO - DAG(s) dict_keys(['example_branch_labels']) retrieved from /home/airflow/.local/lib/python3.7/site-packages/airflow/example_dags/example_branch_labels.py
[2022-08-05 19:00:02,247] {logging_mixin.py:115} INFO - [2022-08-05 19:00:02,247] {dag.py:2371} INFO - Sync 1 DAGs
[2022-08-05 19:00:02,259] {logging_mixin.py:115} INFO - [2022-08-05 19:00:02,259] {dag.py:2919} INFO - Setting next_dagrun for example_branch_labels to 2022-08-04T00:00:00+00:00, run_after=2022-08-05T00:00:00+00:00
[2022-08-05 19:00:02,267] {processor.py:161} INFO - Processing /home/airflow/.local/lib/python3.7/site-packages/airflow/example_dags/example_branch_labels.py took 0.132 seconds
[2022-08-05 19:00:32,302] {processor.py:153} INFO - Started process (PID=2744) to work on /home/airflow/.local/lib/python3.7/site-packages/airflow/example_dags/example_branch_labels.py
[2022-08-05 19:00:32,304] {processor.py:641} INFO - Processing file /home/airflow/.local/lib/python3.7/site-packages/airflow/example_dags/example_branch_labels.py for tasks to queue
[2022-08-05 19:00:32,305] {logging_mixin.py:115} INFO - [2022-08-05 19:00:32,305] {dagbag.py:507} INFO - Filling up the DagBag from /home/airflow/.local/lib/python3.7/site-packages/airflow/example_dags/example_branch_labels.py
[2022-08-05 19:00:32,309] {processor.py:651} INFO - DAG(s) dict_keys(['example_branch_labels']) retrieved from /home/airflow/.local/lib/python3.7/site-packages/airflow/example_dags/example_branch_labels.py
[2022-08-05 19:00:32,390] {logging_mixin.py:115} INFO - [2022-08-05 19:00:32,390] {dag.py:2371} INFO - Sync 1 DAGs
[2022-08-05 19:00:32,400] {logging_mixin.py:115} INFO - [2022-08-05 19:00:32,400] {dag.py:2919} INFO - Setting next_dagrun for example_branch_labels to 2022-08-04T00:00:00+00:00, run_after=2022-08-05T00:00:00+00:00
[2022-08-05 19:00:32,406] {processor.py:161} INFO - Processing /home/airflow/.local/lib/python3.7/site-packages/airflow/example_dags/example_branch_labels.py took 0.106 seconds
[2022-08-05 19:01:02,532] {processor.py:153} INFO - Started process (PID=2797) to work on /home/airflow/.local/lib/python3.7/site-packages/airflow/example_dags/example_branch_labels.py
[2022-08-05 19:01:02,533] {processor.py:641} INFO - Processing file /home/airflow/.local/lib/python3.7/site-packages/airflow/example_dags/example_branch_labels.py for tasks to queue
[2022-08-05 19:01:02,534] {logging_mixin.py:115} INFO - [2022-08-05 19:01:02,534] {dagbag.py:507} INFO - Filling up the DagBag from /home/airflow/.local/lib/python3.7/site-packages/airflow/example_dags/example_branch_labels.py
[2022-08-05 19:01:02,538] {processor.py:651} INFO - DAG(s) dict_keys(['example_branch_labels']) retrieved from /home/airflow/.local/lib/python3.7/site-packages/airflow/example_dags/example_branch_labels.py
[2022-08-05 19:01:02,624] {logging_mixin.py:115} INFO - [2022-08-05 19:01:02,623] {dag.py:2371} INFO - Sync 1 DAGs
[2022-08-05 19:01:02,634] {logging_mixin.py:115} INFO - [2022-08-05 19:01:02,634] {dag.py:2919} INFO - Setting next_dagrun for example_branch_labels to 2022-08-04T00:00:00+00:00, run_after=2022-08-05T00:00:00+00:00
[2022-08-05 19:01:02,640] {processor.py:161} INFO - Processing /home/airflow/.local/lib/python3.7/site-packages/airflow/example_dags/example_branch_labels.py took 0.111 seconds
[2022-08-05 19:01:32,665] {processor.py:153} INFO - Started process (PID=2859) to work on /home/airflow/.local/lib/python3.7/site-packages/airflow/example_dags/example_branch_labels.py
[2022-08-05 19:01:32,666] {processor.py:641} INFO - Processing file /home/airflow/.local/lib/python3.7/site-packages/airflow/example_dags/example_branch_labels.py for tasks to queue
[2022-08-05 19:01:32,667] {logging_mixin.py:115} INFO - [2022-08-05 19:01:32,667] {dagbag.py:507} INFO - Filling up the DagBag from /home/airflow/.local/lib/python3.7/site-packages/airflow/example_dags/example_branch_labels.py
[2022-08-05 19:01:32,671] {processor.py:651} INFO - DAG(s) dict_keys(['example_branch_labels']) retrieved from /home/airflow/.local/lib/python3.7/site-packages/airflow/example_dags/example_branch_labels.py
[2022-08-05 19:01:32,753] {logging_mixin.py:115} INFO - [2022-08-05 19:01:32,753] {dag.py:2371} INFO - Sync 1 DAGs
[2022-08-05 19:01:32,763] {logging_mixin.py:115} INFO - [2022-08-05 19:01:32,763] {dag.py:2919} INFO - Setting next_dagrun for example_branch_labels to 2022-08-04T00:00:00+00:00, run_after=2022-08-05T00:00:00+00:00
[2022-08-05 19:01:32,769] {processor.py:161} INFO - Processing /home/airflow/.local/lib/python3.7/site-packages/airflow/example_dags/example_branch_labels.py took 0.107 seconds
[2022-08-05 19:02:03,474] {processor.py:153} INFO - Started process (PID=2922) to work on /home/airflow/.local/lib/python3.7/site-packages/airflow/example_dags/example_branch_labels.py
[2022-08-05 19:02:03,476] {processor.py:641} INFO - Processing file /home/airflow/.local/lib/python3.7/site-packages/airflow/example_dags/example_branch_labels.py for tasks to queue
[2022-08-05 19:02:03,477] {logging_mixin.py:115} INFO - [2022-08-05 19:02:03,477] {dagbag.py:507} INFO - Filling up the DagBag from /home/airflow/.local/lib/python3.7/site-packages/airflow/example_dags/example_branch_labels.py
[2022-08-05 19:02:03,481] {processor.py:651} INFO - DAG(s) dict_keys(['example_branch_labels']) retrieved from /home/airflow/.local/lib/python3.7/site-packages/airflow/example_dags/example_branch_labels.py
[2022-08-05 19:02:03,583] {logging_mixin.py:115} INFO - [2022-08-05 19:02:03,583] {dag.py:2371} INFO - Sync 1 DAGs
[2022-08-05 19:02:03,593] {logging_mixin.py:115} INFO - [2022-08-05 19:02:03,593] {dag.py:2919} INFO - Setting next_dagrun for example_branch_labels to 2022-08-04T00:00:00+00:00, run_after=2022-08-05T00:00:00+00:00
[2022-08-05 19:02:03,599] {processor.py:161} INFO - Processing /home/airflow/.local/lib/python3.7/site-packages/airflow/example_dags/example_branch_labels.py took 0.128 seconds
[2022-08-05 19:02:34,822] {processor.py:153} INFO - Started process (PID=2986) to work on /home/airflow/.local/lib/python3.7/site-packages/airflow/example_dags/example_branch_labels.py
[2022-08-05 19:02:34,824] {processor.py:641} INFO - Processing file /home/airflow/.local/lib/python3.7/site-packages/airflow/example_dags/example_branch_labels.py for tasks to queue
[2022-08-05 19:02:34,824] {logging_mixin.py:115} INFO - [2022-08-05 19:02:34,824] {dagbag.py:507} INFO - Filling up the DagBag from /home/airflow/.local/lib/python3.7/site-packages/airflow/example_dags/example_branch_labels.py
[2022-08-05 19:02:34,828] {processor.py:651} INFO - DAG(s) dict_keys(['example_branch_labels']) retrieved from /home/airflow/.local/lib/python3.7/site-packages/airflow/example_dags/example_branch_labels.py
[2022-08-05 19:02:34,924] {logging_mixin.py:115} INFO - [2022-08-05 19:02:34,923] {dag.py:2371} INFO - Sync 1 DAGs
[2022-08-05 19:02:34,934] {logging_mixin.py:115} INFO - [2022-08-05 19:02:34,934] {dag.py:2919} INFO - Setting next_dagrun for example_branch_labels to 2022-08-04T00:00:00+00:00, run_after=2022-08-05T00:00:00+00:00
[2022-08-05 19:02:34,940] {processor.py:161} INFO - Processing /home/airflow/.local/lib/python3.7/site-packages/airflow/example_dags/example_branch_labels.py took 0.120 seconds
[2022-08-05 19:03:05,275] {processor.py:153} INFO - Started process (PID=3047) to work on /home/airflow/.local/lib/python3.7/site-packages/airflow/example_dags/example_branch_labels.py
[2022-08-05 19:03:05,277] {processor.py:641} INFO - Processing file /home/airflow/.local/lib/python3.7/site-packages/airflow/example_dags/example_branch_labels.py for tasks to queue
[2022-08-05 19:03:05,278] {logging_mixin.py:115} INFO - [2022-08-05 19:03:05,278] {dagbag.py:507} INFO - Filling up the DagBag from /home/airflow/.local/lib/python3.7/site-packages/airflow/example_dags/example_branch_labels.py
[2022-08-05 19:03:05,282] {processor.py:651} INFO - DAG(s) dict_keys(['example_branch_labels']) retrieved from /home/airflow/.local/lib/python3.7/site-packages/airflow/example_dags/example_branch_labels.py
[2022-08-05 19:03:05,361] {logging_mixin.py:115} INFO - [2022-08-05 19:03:05,361] {dag.py:2371} INFO - Sync 1 DAGs
[2022-08-05 19:03:05,371] {logging_mixin.py:115} INFO - [2022-08-05 19:03:05,371] {dag.py:2919} INFO - Setting next_dagrun for example_branch_labels to 2022-08-04T00:00:00+00:00, run_after=2022-08-05T00:00:00+00:00
[2022-08-05 19:03:05,377] {processor.py:161} INFO - Processing /home/airflow/.local/lib/python3.7/site-packages/airflow/example_dags/example_branch_labels.py took 0.104 seconds
[2022-08-05 19:53:25,692] {processor.py:153} INFO - Started process (PID=3100) to work on /home/airflow/.local/lib/python3.7/site-packages/airflow/example_dags/example_branch_labels.py
[2022-08-05 19:53:25,694] {processor.py:641} INFO - Processing file /home/airflow/.local/lib/python3.7/site-packages/airflow/example_dags/example_branch_labels.py for tasks to queue
[2022-08-05 19:53:25,696] {logging_mixin.py:115} INFO - [2022-08-05 19:53:25,696] {dagbag.py:507} INFO - Filling up the DagBag from /home/airflow/.local/lib/python3.7/site-packages/airflow/example_dags/example_branch_labels.py
[2022-08-05 19:53:25,701] {processor.py:651} INFO - DAG(s) dict_keys(['example_branch_labels']) retrieved from /home/airflow/.local/lib/python3.7/site-packages/airflow/example_dags/example_branch_labels.py
[2022-08-05 19:53:25,726] {logging_mixin.py:115} INFO - [2022-08-05 19:53:25,726] {dag.py:2371} INFO - Sync 1 DAGs
[2022-08-05 19:53:25,748] {logging_mixin.py:115} INFO - [2022-08-05 19:53:25,748] {dag.py:2919} INFO - Setting next_dagrun for example_branch_labels to 2022-08-04T00:00:00+00:00, run_after=2022-08-05T00:00:00+00:00
[2022-08-05 19:53:25,758] {processor.py:161} INFO - Processing /home/airflow/.local/lib/python3.7/site-packages/airflow/example_dags/example_branch_labels.py took 0.069 seconds
[2022-08-05 20:42:19,197] {processor.py:153} INFO - Started process (PID=3151) to work on /home/airflow/.local/lib/python3.7/site-packages/airflow/example_dags/example_branch_labels.py
[2022-08-05 20:42:19,199] {processor.py:641} INFO - Processing file /home/airflow/.local/lib/python3.7/site-packages/airflow/example_dags/example_branch_labels.py for tasks to queue
[2022-08-05 20:42:19,200] {logging_mixin.py:115} INFO - [2022-08-05 20:42:19,200] {dagbag.py:507} INFO - Filling up the DagBag from /home/airflow/.local/lib/python3.7/site-packages/airflow/example_dags/example_branch_labels.py
[2022-08-05 20:42:19,206] {processor.py:651} INFO - DAG(s) dict_keys(['example_branch_labels']) retrieved from /home/airflow/.local/lib/python3.7/site-packages/airflow/example_dags/example_branch_labels.py
[2022-08-05 20:42:19,242] {logging_mixin.py:115} INFO - [2022-08-05 20:42:19,242] {dag.py:2371} INFO - Sync 1 DAGs
[2022-08-05 20:42:19,268] {logging_mixin.py:115} INFO - [2022-08-05 20:42:19,268] {dag.py:2919} INFO - Setting next_dagrun for example_branch_labels to 2022-08-04T00:00:00+00:00, run_after=2022-08-05T00:00:00+00:00
[2022-08-05 20:42:19,281] {processor.py:161} INFO - Processing /home/airflow/.local/lib/python3.7/site-packages/airflow/example_dags/example_branch_labels.py took 0.088 seconds
[2022-08-05 21:16:21,813] {processor.py:153} INFO - Started process (PID=3211) to work on /home/airflow/.local/lib/python3.7/site-packages/airflow/example_dags/example_branch_labels.py
[2022-08-05 21:16:21,815] {processor.py:641} INFO - Processing file /home/airflow/.local/lib/python3.7/site-packages/airflow/example_dags/example_branch_labels.py for tasks to queue
[2022-08-05 21:16:21,816] {logging_mixin.py:115} INFO - [2022-08-05 21:16:21,816] {dagbag.py:507} INFO - Filling up the DagBag from /home/airflow/.local/lib/python3.7/site-packages/airflow/example_dags/example_branch_labels.py
[2022-08-05 21:16:21,821] {processor.py:651} INFO - DAG(s) dict_keys(['example_branch_labels']) retrieved from /home/airflow/.local/lib/python3.7/site-packages/airflow/example_dags/example_branch_labels.py
[2022-08-05 21:16:21,842] {logging_mixin.py:115} INFO - [2022-08-05 21:16:21,842] {dag.py:2371} INFO - Sync 1 DAGs
[2022-08-05 21:16:21,858] {logging_mixin.py:115} INFO - [2022-08-05 21:16:21,858] {dag.py:2919} INFO - Setting next_dagrun for example_branch_labels to 2022-08-04T00:00:00+00:00, run_after=2022-08-05T00:00:00+00:00
[2022-08-05 21:16:21,868] {processor.py:161} INFO - Processing /home/airflow/.local/lib/python3.7/site-packages/airflow/example_dags/example_branch_labels.py took 0.057 seconds
[2022-08-05 22:06:30,624] {processor.py:153} INFO - Started process (PID=3272) to work on /home/airflow/.local/lib/python3.7/site-packages/airflow/example_dags/example_branch_labels.py
[2022-08-05 22:06:30,625] {processor.py:641} INFO - Processing file /home/airflow/.local/lib/python3.7/site-packages/airflow/example_dags/example_branch_labels.py for tasks to queue
[2022-08-05 22:06:30,627] {logging_mixin.py:115} INFO - [2022-08-05 22:06:30,626] {dagbag.py:507} INFO - Filling up the DagBag from /home/airflow/.local/lib/python3.7/site-packages/airflow/example_dags/example_branch_labels.py
[2022-08-05 22:06:30,632] {processor.py:651} INFO - DAG(s) dict_keys(['example_branch_labels']) retrieved from /home/airflow/.local/lib/python3.7/site-packages/airflow/example_dags/example_branch_labels.py
[2022-08-05 22:06:30,653] {logging_mixin.py:115} INFO - [2022-08-05 22:06:30,653] {dag.py:2371} INFO - Sync 1 DAGs
[2022-08-05 22:06:30,670] {logging_mixin.py:115} INFO - [2022-08-05 22:06:30,670] {dag.py:2919} INFO - Setting next_dagrun for example_branch_labels to 2022-08-04T00:00:00+00:00, run_after=2022-08-05T00:00:00+00:00
[2022-08-05 22:06:30,680] {processor.py:161} INFO - Processing /home/airflow/.local/lib/python3.7/site-packages/airflow/example_dags/example_branch_labels.py took 0.059 seconds
[2022-08-05 22:40:28,536] {processor.py:153} INFO - Started process (PID=3333) to work on /home/airflow/.local/lib/python3.7/site-packages/airflow/example_dags/example_branch_labels.py
[2022-08-05 22:40:28,540] {processor.py:641} INFO - Processing file /home/airflow/.local/lib/python3.7/site-packages/airflow/example_dags/example_branch_labels.py for tasks to queue
[2022-08-05 22:40:28,542] {logging_mixin.py:115} INFO - [2022-08-05 22:40:28,542] {dagbag.py:507} INFO - Filling up the DagBag from /home/airflow/.local/lib/python3.7/site-packages/airflow/example_dags/example_branch_labels.py
[2022-08-05 22:40:28,548] {processor.py:651} INFO - DAG(s) dict_keys(['example_branch_labels']) retrieved from /home/airflow/.local/lib/python3.7/site-packages/airflow/example_dags/example_branch_labels.py
[2022-08-05 22:40:28,591] {logging_mixin.py:115} INFO - [2022-08-05 22:40:28,591] {dag.py:2371} INFO - Sync 1 DAGs
[2022-08-05 22:40:28,626] {logging_mixin.py:115} INFO - [2022-08-05 22:40:28,626] {dag.py:2919} INFO - Setting next_dagrun for example_branch_labels to 2022-08-04T00:00:00+00:00, run_after=2022-08-05T00:00:00+00:00
[2022-08-05 22:40:28,639] {processor.py:161} INFO - Processing /home/airflow/.local/lib/python3.7/site-packages/airflow/example_dags/example_branch_labels.py took 0.107 seconds
[2022-08-05 23:30:05,052] {processor.py:153} INFO - Started process (PID=3395) to work on /home/airflow/.local/lib/python3.7/site-packages/airflow/example_dags/example_branch_labels.py
[2022-08-05 23:30:05,055] {processor.py:641} INFO - Processing file /home/airflow/.local/lib/python3.7/site-packages/airflow/example_dags/example_branch_labels.py for tasks to queue
[2022-08-05 23:30:05,056] {logging_mixin.py:115} INFO - [2022-08-05 23:30:05,056] {dagbag.py:507} INFO - Filling up the DagBag from /home/airflow/.local/lib/python3.7/site-packages/airflow/example_dags/example_branch_labels.py
[2022-08-05 23:30:05,062] {processor.py:651} INFO - DAG(s) dict_keys(['example_branch_labels']) retrieved from /home/airflow/.local/lib/python3.7/site-packages/airflow/example_dags/example_branch_labels.py
[2022-08-05 23:30:05,087] {logging_mixin.py:115} INFO - [2022-08-05 23:30:05,087] {dag.py:2371} INFO - Sync 1 DAGs
[2022-08-05 23:30:05,111] {logging_mixin.py:115} INFO - [2022-08-05 23:30:05,111] {dag.py:2919} INFO - Setting next_dagrun for example_branch_labels to 2022-08-04T00:00:00+00:00, run_after=2022-08-05T00:00:00+00:00
[2022-08-05 23:30:05,124] {processor.py:161} INFO - Processing /home/airflow/.local/lib/python3.7/site-packages/airflow/example_dags/example_branch_labels.py took 0.075 seconds
