[2022-08-05 18:37:56,486] {processor.py:153} INFO - Started process (PID=34) to work on /home/airflow/.local/lib/python3.7/site-packages/airflow/example_dags/example_external_task_marker_dag.py
[2022-08-05 18:37:56,488] {processor.py:641} INFO - Processing file /home/airflow/.local/lib/python3.7/site-packages/airflow/example_dags/example_external_task_marker_dag.py for tasks to queue
[2022-08-05 18:37:56,489] {logging_mixin.py:115} INFO - [2022-08-05 18:37:56,489] {dagbag.py:507} INFO - Filling up the DagBag from /home/airflow/.local/lib/python3.7/site-packages/airflow/example_dags/example_external_task_marker_dag.py
[2022-08-05 18:37:56,493] {processor.py:651} INFO - DAG(s) dict_keys(['example_external_task_marker_parent', 'example_external_task_marker_child']) retrieved from /home/airflow/.local/lib/python3.7/site-packages/airflow/example_dags/example_external_task_marker_dag.py
[2022-08-05 18:37:56,553] {logging_mixin.py:115} INFO - [2022-08-05 18:37:56,553] {dag.py:2371} INFO - Sync 2 DAGs
[2022-08-05 18:37:56,589] {logging_mixin.py:115} INFO - [2022-08-05 18:37:56,589] {dag.py:2919} INFO - Setting next_dagrun for example_external_task_marker_child to None, run_after=None
[2022-08-05 18:37:56,591] {logging_mixin.py:115} INFO - [2022-08-05 18:37:56,590] {dag.py:2919} INFO - Setting next_dagrun for example_external_task_marker_parent to None, run_after=None
[2022-08-05 18:37:56,599] {processor.py:161} INFO - Processing /home/airflow/.local/lib/python3.7/site-packages/airflow/example_dags/example_external_task_marker_dag.py took 0.118 seconds
[2022-08-05 18:38:27,246] {processor.py:153} INFO - Started process (PID=97) to work on /home/airflow/.local/lib/python3.7/site-packages/airflow/example_dags/example_external_task_marker_dag.py
[2022-08-05 18:38:27,247] {processor.py:641} INFO - Processing file /home/airflow/.local/lib/python3.7/site-packages/airflow/example_dags/example_external_task_marker_dag.py for tasks to queue
[2022-08-05 18:38:27,247] {logging_mixin.py:115} INFO - [2022-08-05 18:38:27,247] {dagbag.py:507} INFO - Filling up the DagBag from /home/airflow/.local/lib/python3.7/site-packages/airflow/example_dags/example_external_task_marker_dag.py
[2022-08-05 18:38:27,250] {processor.py:651} INFO - DAG(s) dict_keys(['example_external_task_marker_parent', 'example_external_task_marker_child']) retrieved from /home/airflow/.local/lib/python3.7/site-packages/airflow/example_dags/example_external_task_marker_dag.py
[2022-08-05 18:38:27,274] {logging_mixin.py:115} INFO - [2022-08-05 18:38:27,274] {dag.py:2371} INFO - Sync 2 DAGs
[2022-08-05 18:38:27,286] {logging_mixin.py:115} INFO - [2022-08-05 18:38:27,286] {dag.py:2919} INFO - Setting next_dagrun for example_external_task_marker_child to None, run_after=None
[2022-08-05 18:38:27,287] {logging_mixin.py:115} INFO - [2022-08-05 18:38:27,287] {dag.py:2919} INFO - Setting next_dagrun for example_external_task_marker_parent to None, run_after=None
[2022-08-05 18:38:27,293] {processor.py:161} INFO - Processing /home/airflow/.local/lib/python3.7/site-packages/airflow/example_dags/example_external_task_marker_dag.py took 0.049 seconds
[2022-08-05 18:38:57,753] {processor.py:153} INFO - Started process (PID=160) to work on /home/airflow/.local/lib/python3.7/site-packages/airflow/example_dags/example_external_task_marker_dag.py
[2022-08-05 18:38:57,754] {processor.py:641} INFO - Processing file /home/airflow/.local/lib/python3.7/site-packages/airflow/example_dags/example_external_task_marker_dag.py for tasks to queue
[2022-08-05 18:38:57,755] {logging_mixin.py:115} INFO - [2022-08-05 18:38:57,755] {dagbag.py:507} INFO - Filling up the DagBag from /home/airflow/.local/lib/python3.7/site-packages/airflow/example_dags/example_external_task_marker_dag.py
[2022-08-05 18:38:57,758] {processor.py:651} INFO - DAG(s) dict_keys(['example_external_task_marker_parent', 'example_external_task_marker_child']) retrieved from /home/airflow/.local/lib/python3.7/site-packages/airflow/example_dags/example_external_task_marker_dag.py
[2022-08-05 18:38:57,781] {logging_mixin.py:115} INFO - [2022-08-05 18:38:57,781] {dag.py:2371} INFO - Sync 2 DAGs
[2022-08-05 18:38:57,794] {logging_mixin.py:115} INFO - [2022-08-05 18:38:57,794] {dag.py:2919} INFO - Setting next_dagrun for example_external_task_marker_child to None, run_after=None
[2022-08-05 18:38:57,795] {logging_mixin.py:115} INFO - [2022-08-05 18:38:57,795] {dag.py:2919} INFO - Setting next_dagrun for example_external_task_marker_parent to None, run_after=None
[2022-08-05 18:38:57,800] {processor.py:161} INFO - Processing /home/airflow/.local/lib/python3.7/site-packages/airflow/example_dags/example_external_task_marker_dag.py took 0.050 seconds
[2022-08-05 18:39:28,355] {processor.py:153} INFO - Started process (PID=222) to work on /home/airflow/.local/lib/python3.7/site-packages/airflow/example_dags/example_external_task_marker_dag.py
[2022-08-05 18:39:28,357] {processor.py:641} INFO - Processing file /home/airflow/.local/lib/python3.7/site-packages/airflow/example_dags/example_external_task_marker_dag.py for tasks to queue
[2022-08-05 18:39:28,358] {logging_mixin.py:115} INFO - [2022-08-05 18:39:28,358] {dagbag.py:507} INFO - Filling up the DagBag from /home/airflow/.local/lib/python3.7/site-packages/airflow/example_dags/example_external_task_marker_dag.py
[2022-08-05 18:39:28,363] {processor.py:651} INFO - DAG(s) dict_keys(['example_external_task_marker_parent', 'example_external_task_marker_child']) retrieved from /home/airflow/.local/lib/python3.7/site-packages/airflow/example_dags/example_external_task_marker_dag.py
[2022-08-05 18:39:28,390] {logging_mixin.py:115} INFO - [2022-08-05 18:39:28,389] {dag.py:2371} INFO - Sync 2 DAGs
[2022-08-05 18:39:28,403] {logging_mixin.py:115} INFO - [2022-08-05 18:39:28,403] {dag.py:2919} INFO - Setting next_dagrun for example_external_task_marker_child to None, run_after=None
[2022-08-05 18:39:28,404] {logging_mixin.py:115} INFO - [2022-08-05 18:39:28,404] {dag.py:2919} INFO - Setting next_dagrun for example_external_task_marker_parent to None, run_after=None
[2022-08-05 18:39:28,412] {processor.py:161} INFO - Processing /home/airflow/.local/lib/python3.7/site-packages/airflow/example_dags/example_external_task_marker_dag.py took 0.059 seconds
[2022-08-05 18:39:58,885] {processor.py:153} INFO - Started process (PID=284) to work on /home/airflow/.local/lib/python3.7/site-packages/airflow/example_dags/example_external_task_marker_dag.py
[2022-08-05 18:39:58,886] {processor.py:641} INFO - Processing file /home/airflow/.local/lib/python3.7/site-packages/airflow/example_dags/example_external_task_marker_dag.py for tasks to queue
[2022-08-05 18:39:58,887] {logging_mixin.py:115} INFO - [2022-08-05 18:39:58,887] {dagbag.py:507} INFO - Filling up the DagBag from /home/airflow/.local/lib/python3.7/site-packages/airflow/example_dags/example_external_task_marker_dag.py
[2022-08-05 18:39:58,890] {processor.py:651} INFO - DAG(s) dict_keys(['example_external_task_marker_parent', 'example_external_task_marker_child']) retrieved from /home/airflow/.local/lib/python3.7/site-packages/airflow/example_dags/example_external_task_marker_dag.py
[2022-08-05 18:39:58,915] {logging_mixin.py:115} INFO - [2022-08-05 18:39:58,914] {dag.py:2371} INFO - Sync 2 DAGs
[2022-08-05 18:39:58,929] {logging_mixin.py:115} INFO - [2022-08-05 18:39:58,929] {dag.py:2919} INFO - Setting next_dagrun for example_external_task_marker_child to None, run_after=None
[2022-08-05 18:39:58,930] {logging_mixin.py:115} INFO - [2022-08-05 18:39:58,930] {dag.py:2919} INFO - Setting next_dagrun for example_external_task_marker_parent to None, run_after=None
[2022-08-05 18:39:58,937] {processor.py:161} INFO - Processing /home/airflow/.local/lib/python3.7/site-packages/airflow/example_dags/example_external_task_marker_dag.py took 0.054 seconds
[2022-08-05 18:40:29,357] {processor.py:153} INFO - Started process (PID=337) to work on /home/airflow/.local/lib/python3.7/site-packages/airflow/example_dags/example_external_task_marker_dag.py
[2022-08-05 18:40:29,358] {processor.py:641} INFO - Processing file /home/airflow/.local/lib/python3.7/site-packages/airflow/example_dags/example_external_task_marker_dag.py for tasks to queue
[2022-08-05 18:40:29,360] {logging_mixin.py:115} INFO - [2022-08-05 18:40:29,360] {dagbag.py:507} INFO - Filling up the DagBag from /home/airflow/.local/lib/python3.7/site-packages/airflow/example_dags/example_external_task_marker_dag.py
[2022-08-05 18:40:29,363] {processor.py:651} INFO - DAG(s) dict_keys(['example_external_task_marker_parent', 'example_external_task_marker_child']) retrieved from /home/airflow/.local/lib/python3.7/site-packages/airflow/example_dags/example_external_task_marker_dag.py
[2022-08-05 18:40:29,389] {logging_mixin.py:115} INFO - [2022-08-05 18:40:29,389] {dag.py:2371} INFO - Sync 2 DAGs
[2022-08-05 18:40:29,404] {logging_mixin.py:115} INFO - [2022-08-05 18:40:29,404] {dag.py:2919} INFO - Setting next_dagrun for example_external_task_marker_child to None, run_after=None
[2022-08-05 18:40:29,406] {logging_mixin.py:115} INFO - [2022-08-05 18:40:29,405] {dag.py:2919} INFO - Setting next_dagrun for example_external_task_marker_parent to None, run_after=None
[2022-08-05 18:40:29,414] {processor.py:161} INFO - Processing /home/airflow/.local/lib/python3.7/site-packages/airflow/example_dags/example_external_task_marker_dag.py took 0.059 seconds
[2022-08-05 18:41:00,009] {processor.py:153} INFO - Started process (PID=399) to work on /home/airflow/.local/lib/python3.7/site-packages/airflow/example_dags/example_external_task_marker_dag.py
[2022-08-05 18:41:00,025] {processor.py:641} INFO - Processing file /home/airflow/.local/lib/python3.7/site-packages/airflow/example_dags/example_external_task_marker_dag.py for tasks to queue
[2022-08-05 18:41:00,028] {logging_mixin.py:115} INFO - [2022-08-05 18:41:00,028] {dagbag.py:507} INFO - Filling up the DagBag from /home/airflow/.local/lib/python3.7/site-packages/airflow/example_dags/example_external_task_marker_dag.py
[2022-08-05 18:41:00,052] {processor.py:651} INFO - DAG(s) dict_keys(['example_external_task_marker_parent', 'example_external_task_marker_child']) retrieved from /home/airflow/.local/lib/python3.7/site-packages/airflow/example_dags/example_external_task_marker_dag.py
[2022-08-05 18:41:00,113] {logging_mixin.py:115} INFO - [2022-08-05 18:41:00,113] {dag.py:2371} INFO - Sync 2 DAGs
[2022-08-05 18:41:00,125] {logging_mixin.py:115} INFO - [2022-08-05 18:41:00,125] {dag.py:2919} INFO - Setting next_dagrun for example_external_task_marker_child to None, run_after=None
[2022-08-05 18:41:00,127] {logging_mixin.py:115} INFO - [2022-08-05 18:41:00,127] {dag.py:2919} INFO - Setting next_dagrun for example_external_task_marker_parent to None, run_after=None
[2022-08-05 18:41:00,133] {processor.py:161} INFO - Processing /home/airflow/.local/lib/python3.7/site-packages/airflow/example_dags/example_external_task_marker_dag.py took 0.127 seconds
[2022-08-05 18:41:30,956] {processor.py:153} INFO - Started process (PID=461) to work on /home/airflow/.local/lib/python3.7/site-packages/airflow/example_dags/example_external_task_marker_dag.py
[2022-08-05 18:41:30,957] {processor.py:641} INFO - Processing file /home/airflow/.local/lib/python3.7/site-packages/airflow/example_dags/example_external_task_marker_dag.py for tasks to queue
[2022-08-05 18:41:30,958] {logging_mixin.py:115} INFO - [2022-08-05 18:41:30,958] {dagbag.py:507} INFO - Filling up the DagBag from /home/airflow/.local/lib/python3.7/site-packages/airflow/example_dags/example_external_task_marker_dag.py
[2022-08-05 18:41:30,961] {processor.py:651} INFO - DAG(s) dict_keys(['example_external_task_marker_parent', 'example_external_task_marker_child']) retrieved from /home/airflow/.local/lib/python3.7/site-packages/airflow/example_dags/example_external_task_marker_dag.py
[2022-08-05 18:41:30,984] {logging_mixin.py:115} INFO - [2022-08-05 18:41:30,984] {dag.py:2371} INFO - Sync 2 DAGs
[2022-08-05 18:41:30,997] {logging_mixin.py:115} INFO - [2022-08-05 18:41:30,997] {dag.py:2919} INFO - Setting next_dagrun for example_external_task_marker_child to None, run_after=None
[2022-08-05 18:41:30,998] {logging_mixin.py:115} INFO - [2022-08-05 18:41:30,998] {dag.py:2919} INFO - Setting next_dagrun for example_external_task_marker_parent to None, run_after=None
[2022-08-05 18:41:31,005] {processor.py:161} INFO - Processing /home/airflow/.local/lib/python3.7/site-packages/airflow/example_dags/example_external_task_marker_dag.py took 0.050 seconds
[2022-08-05 18:42:01,503] {processor.py:153} INFO - Started process (PID=523) to work on /home/airflow/.local/lib/python3.7/site-packages/airflow/example_dags/example_external_task_marker_dag.py
[2022-08-05 18:42:01,505] {processor.py:641} INFO - Processing file /home/airflow/.local/lib/python3.7/site-packages/airflow/example_dags/example_external_task_marker_dag.py for tasks to queue
[2022-08-05 18:42:01,506] {logging_mixin.py:115} INFO - [2022-08-05 18:42:01,506] {dagbag.py:507} INFO - Filling up the DagBag from /home/airflow/.local/lib/python3.7/site-packages/airflow/example_dags/example_external_task_marker_dag.py
[2022-08-05 18:42:01,509] {processor.py:651} INFO - DAG(s) dict_keys(['example_external_task_marker_parent', 'example_external_task_marker_child']) retrieved from /home/airflow/.local/lib/python3.7/site-packages/airflow/example_dags/example_external_task_marker_dag.py
[2022-08-05 18:42:01,532] {logging_mixin.py:115} INFO - [2022-08-05 18:42:01,532] {dag.py:2371} INFO - Sync 2 DAGs
[2022-08-05 18:42:01,545] {logging_mixin.py:115} INFO - [2022-08-05 18:42:01,545] {dag.py:2919} INFO - Setting next_dagrun for example_external_task_marker_child to None, run_after=None
[2022-08-05 18:42:01,546] {logging_mixin.py:115} INFO - [2022-08-05 18:42:01,546] {dag.py:2919} INFO - Setting next_dagrun for example_external_task_marker_parent to None, run_after=None
[2022-08-05 18:42:01,552] {processor.py:161} INFO - Processing /home/airflow/.local/lib/python3.7/site-packages/airflow/example_dags/example_external_task_marker_dag.py took 0.051 seconds
[2022-08-05 18:42:31,999] {processor.py:153} INFO - Started process (PID=585) to work on /home/airflow/.local/lib/python3.7/site-packages/airflow/example_dags/example_external_task_marker_dag.py
[2022-08-05 18:42:32,000] {processor.py:641} INFO - Processing file /home/airflow/.local/lib/python3.7/site-packages/airflow/example_dags/example_external_task_marker_dag.py for tasks to queue
[2022-08-05 18:42:32,001] {logging_mixin.py:115} INFO - [2022-08-05 18:42:32,001] {dagbag.py:507} INFO - Filling up the DagBag from /home/airflow/.local/lib/python3.7/site-packages/airflow/example_dags/example_external_task_marker_dag.py
[2022-08-05 18:42:32,004] {processor.py:651} INFO - DAG(s) dict_keys(['example_external_task_marker_parent', 'example_external_task_marker_child']) retrieved from /home/airflow/.local/lib/python3.7/site-packages/airflow/example_dags/example_external_task_marker_dag.py
[2022-08-05 18:42:32,030] {logging_mixin.py:115} INFO - [2022-08-05 18:42:32,030] {dag.py:2371} INFO - Sync 2 DAGs
[2022-08-05 18:42:32,045] {logging_mixin.py:115} INFO - [2022-08-05 18:42:32,045] {dag.py:2919} INFO - Setting next_dagrun for example_external_task_marker_child to None, run_after=None
[2022-08-05 18:42:32,047] {logging_mixin.py:115} INFO - [2022-08-05 18:42:32,047] {dag.py:2919} INFO - Setting next_dagrun for example_external_task_marker_parent to None, run_after=None
[2022-08-05 18:42:32,054] {processor.py:161} INFO - Processing /home/airflow/.local/lib/python3.7/site-packages/airflow/example_dags/example_external_task_marker_dag.py took 0.057 seconds
[2022-08-05 18:43:02,819] {processor.py:153} INFO - Started process (PID=647) to work on /home/airflow/.local/lib/python3.7/site-packages/airflow/example_dags/example_external_task_marker_dag.py
[2022-08-05 18:43:02,821] {processor.py:641} INFO - Processing file /home/airflow/.local/lib/python3.7/site-packages/airflow/example_dags/example_external_task_marker_dag.py for tasks to queue
[2022-08-05 18:43:02,822] {logging_mixin.py:115} INFO - [2022-08-05 18:43:02,822] {dagbag.py:507} INFO - Filling up the DagBag from /home/airflow/.local/lib/python3.7/site-packages/airflow/example_dags/example_external_task_marker_dag.py
[2022-08-05 18:43:02,825] {processor.py:651} INFO - DAG(s) dict_keys(['example_external_task_marker_parent', 'example_external_task_marker_child']) retrieved from /home/airflow/.local/lib/python3.7/site-packages/airflow/example_dags/example_external_task_marker_dag.py
[2022-08-05 18:43:02,852] {logging_mixin.py:115} INFO - [2022-08-05 18:43:02,852] {dag.py:2371} INFO - Sync 2 DAGs
[2022-08-05 18:43:02,943] {logging_mixin.py:115} INFO - [2022-08-05 18:43:02,943] {dag.py:2919} INFO - Setting next_dagrun for example_external_task_marker_child to None, run_after=None
[2022-08-05 18:43:02,944] {logging_mixin.py:115} INFO - [2022-08-05 18:43:02,944] {dag.py:2919} INFO - Setting next_dagrun for example_external_task_marker_parent to None, run_after=None
[2022-08-05 18:43:02,950] {processor.py:161} INFO - Processing /home/airflow/.local/lib/python3.7/site-packages/airflow/example_dags/example_external_task_marker_dag.py took 0.134 seconds
[2022-08-05 18:43:33,399] {processor.py:153} INFO - Started process (PID=709) to work on /home/airflow/.local/lib/python3.7/site-packages/airflow/example_dags/example_external_task_marker_dag.py
[2022-08-05 18:43:33,400] {processor.py:641} INFO - Processing file /home/airflow/.local/lib/python3.7/site-packages/airflow/example_dags/example_external_task_marker_dag.py for tasks to queue
[2022-08-05 18:43:33,403] {logging_mixin.py:115} INFO - [2022-08-05 18:43:33,403] {dagbag.py:507} INFO - Filling up the DagBag from /home/airflow/.local/lib/python3.7/site-packages/airflow/example_dags/example_external_task_marker_dag.py
[2022-08-05 18:43:33,406] {processor.py:651} INFO - DAG(s) dict_keys(['example_external_task_marker_parent', 'example_external_task_marker_child']) retrieved from /home/airflow/.local/lib/python3.7/site-packages/airflow/example_dags/example_external_task_marker_dag.py
[2022-08-05 18:43:33,436] {logging_mixin.py:115} INFO - [2022-08-05 18:43:33,436] {dag.py:2371} INFO - Sync 2 DAGs
[2022-08-05 18:43:33,531] {logging_mixin.py:115} INFO - [2022-08-05 18:43:33,530] {dag.py:2919} INFO - Setting next_dagrun for example_external_task_marker_child to None, run_after=None
[2022-08-05 18:43:33,532] {logging_mixin.py:115} INFO - [2022-08-05 18:43:33,532] {dag.py:2919} INFO - Setting next_dagrun for example_external_task_marker_parent to None, run_after=None
[2022-08-05 18:43:33,539] {processor.py:161} INFO - Processing /home/airflow/.local/lib/python3.7/site-packages/airflow/example_dags/example_external_task_marker_dag.py took 0.142 seconds
[2022-08-05 18:44:03,607] {processor.py:153} INFO - Started process (PID=762) to work on /home/airflow/.local/lib/python3.7/site-packages/airflow/example_dags/example_external_task_marker_dag.py
[2022-08-05 18:44:03,608] {processor.py:641} INFO - Processing file /home/airflow/.local/lib/python3.7/site-packages/airflow/example_dags/example_external_task_marker_dag.py for tasks to queue
[2022-08-05 18:44:03,609] {logging_mixin.py:115} INFO - [2022-08-05 18:44:03,609] {dagbag.py:507} INFO - Filling up the DagBag from /home/airflow/.local/lib/python3.7/site-packages/airflow/example_dags/example_external_task_marker_dag.py
[2022-08-05 18:44:03,612] {processor.py:651} INFO - DAG(s) dict_keys(['example_external_task_marker_parent', 'example_external_task_marker_child']) retrieved from /home/airflow/.local/lib/python3.7/site-packages/airflow/example_dags/example_external_task_marker_dag.py
[2022-08-05 18:44:03,635] {logging_mixin.py:115} INFO - [2022-08-05 18:44:03,635] {dag.py:2371} INFO - Sync 2 DAGs
[2022-08-05 18:44:03,710] {logging_mixin.py:115} INFO - [2022-08-05 18:44:03,710] {dag.py:2919} INFO - Setting next_dagrun for example_external_task_marker_child to None, run_after=None
[2022-08-05 18:44:03,711] {logging_mixin.py:115} INFO - [2022-08-05 18:44:03,711] {dag.py:2919} INFO - Setting next_dagrun for example_external_task_marker_parent to None, run_after=None
[2022-08-05 18:44:03,717] {processor.py:161} INFO - Processing /home/airflow/.local/lib/python3.7/site-packages/airflow/example_dags/example_external_task_marker_dag.py took 0.113 seconds
[2022-08-05 18:44:33,852] {processor.py:153} INFO - Started process (PID=825) to work on /home/airflow/.local/lib/python3.7/site-packages/airflow/example_dags/example_external_task_marker_dag.py
[2022-08-05 18:44:33,855] {processor.py:641} INFO - Processing file /home/airflow/.local/lib/python3.7/site-packages/airflow/example_dags/example_external_task_marker_dag.py for tasks to queue
[2022-08-05 18:44:33,855] {logging_mixin.py:115} INFO - [2022-08-05 18:44:33,855] {dagbag.py:507} INFO - Filling up the DagBag from /home/airflow/.local/lib/python3.7/site-packages/airflow/example_dags/example_external_task_marker_dag.py
[2022-08-05 18:44:33,858] {processor.py:651} INFO - DAG(s) dict_keys(['example_external_task_marker_parent', 'example_external_task_marker_child']) retrieved from /home/airflow/.local/lib/python3.7/site-packages/airflow/example_dags/example_external_task_marker_dag.py
[2022-08-05 18:44:33,883] {logging_mixin.py:115} INFO - [2022-08-05 18:44:33,883] {dag.py:2371} INFO - Sync 2 DAGs
[2022-08-05 18:44:33,962] {logging_mixin.py:115} INFO - [2022-08-05 18:44:33,962] {dag.py:2919} INFO - Setting next_dagrun for example_external_task_marker_child to None, run_after=None
[2022-08-05 18:44:33,964] {logging_mixin.py:115} INFO - [2022-08-05 18:44:33,963] {dag.py:2919} INFO - Setting next_dagrun for example_external_task_marker_parent to None, run_after=None
[2022-08-05 18:44:33,970] {processor.py:161} INFO - Processing /home/airflow/.local/lib/python3.7/site-packages/airflow/example_dags/example_external_task_marker_dag.py took 0.120 seconds
[2022-08-05 18:45:04,077] {processor.py:153} INFO - Started process (PID=888) to work on /home/airflow/.local/lib/python3.7/site-packages/airflow/example_dags/example_external_task_marker_dag.py
[2022-08-05 18:45:04,078] {processor.py:641} INFO - Processing file /home/airflow/.local/lib/python3.7/site-packages/airflow/example_dags/example_external_task_marker_dag.py for tasks to queue
[2022-08-05 18:45:04,079] {logging_mixin.py:115} INFO - [2022-08-05 18:45:04,079] {dagbag.py:507} INFO - Filling up the DagBag from /home/airflow/.local/lib/python3.7/site-packages/airflow/example_dags/example_external_task_marker_dag.py
[2022-08-05 18:45:04,082] {processor.py:651} INFO - DAG(s) dict_keys(['example_external_task_marker_parent', 'example_external_task_marker_child']) retrieved from /home/airflow/.local/lib/python3.7/site-packages/airflow/example_dags/example_external_task_marker_dag.py
[2022-08-05 18:45:04,107] {logging_mixin.py:115} INFO - [2022-08-05 18:45:04,106] {dag.py:2371} INFO - Sync 2 DAGs
[2022-08-05 18:45:04,189] {logging_mixin.py:115} INFO - [2022-08-05 18:45:04,189] {dag.py:2919} INFO - Setting next_dagrun for example_external_task_marker_child to None, run_after=None
[2022-08-05 18:45:04,190] {logging_mixin.py:115} INFO - [2022-08-05 18:45:04,190] {dag.py:2919} INFO - Setting next_dagrun for example_external_task_marker_parent to None, run_after=None
[2022-08-05 18:45:04,198] {processor.py:161} INFO - Processing /home/airflow/.local/lib/python3.7/site-packages/airflow/example_dags/example_external_task_marker_dag.py took 0.124 seconds
[2022-08-05 18:45:35,181] {processor.py:153} INFO - Started process (PID=949) to work on /home/airflow/.local/lib/python3.7/site-packages/airflow/example_dags/example_external_task_marker_dag.py
[2022-08-05 18:45:35,182] {processor.py:641} INFO - Processing file /home/airflow/.local/lib/python3.7/site-packages/airflow/example_dags/example_external_task_marker_dag.py for tasks to queue
[2022-08-05 18:45:35,183] {logging_mixin.py:115} INFO - [2022-08-05 18:45:35,183] {dagbag.py:507} INFO - Filling up the DagBag from /home/airflow/.local/lib/python3.7/site-packages/airflow/example_dags/example_external_task_marker_dag.py
[2022-08-05 18:45:35,186] {processor.py:651} INFO - DAG(s) dict_keys(['example_external_task_marker_parent', 'example_external_task_marker_child']) retrieved from /home/airflow/.local/lib/python3.7/site-packages/airflow/example_dags/example_external_task_marker_dag.py
[2022-08-05 18:45:35,208] {logging_mixin.py:115} INFO - [2022-08-05 18:45:35,208] {dag.py:2371} INFO - Sync 2 DAGs
[2022-08-05 18:45:35,283] {logging_mixin.py:115} INFO - [2022-08-05 18:45:35,283] {dag.py:2919} INFO - Setting next_dagrun for example_external_task_marker_child to None, run_after=None
[2022-08-05 18:45:35,285] {logging_mixin.py:115} INFO - [2022-08-05 18:45:35,285] {dag.py:2919} INFO - Setting next_dagrun for example_external_task_marker_parent to None, run_after=None
[2022-08-05 18:45:35,291] {processor.py:161} INFO - Processing /home/airflow/.local/lib/python3.7/site-packages/airflow/example_dags/example_external_task_marker_dag.py took 0.112 seconds
[2022-08-05 18:46:06,205] {processor.py:153} INFO - Started process (PID=1011) to work on /home/airflow/.local/lib/python3.7/site-packages/airflow/example_dags/example_external_task_marker_dag.py
[2022-08-05 18:46:06,207] {processor.py:641} INFO - Processing file /home/airflow/.local/lib/python3.7/site-packages/airflow/example_dags/example_external_task_marker_dag.py for tasks to queue
[2022-08-05 18:46:06,208] {logging_mixin.py:115} INFO - [2022-08-05 18:46:06,208] {dagbag.py:507} INFO - Filling up the DagBag from /home/airflow/.local/lib/python3.7/site-packages/airflow/example_dags/example_external_task_marker_dag.py
[2022-08-05 18:46:06,211] {processor.py:651} INFO - DAG(s) dict_keys(['example_external_task_marker_parent', 'example_external_task_marker_child']) retrieved from /home/airflow/.local/lib/python3.7/site-packages/airflow/example_dags/example_external_task_marker_dag.py
[2022-08-05 18:46:06,235] {logging_mixin.py:115} INFO - [2022-08-05 18:46:06,235] {dag.py:2371} INFO - Sync 2 DAGs
[2022-08-05 18:46:06,321] {logging_mixin.py:115} INFO - [2022-08-05 18:46:06,321] {dag.py:2919} INFO - Setting next_dagrun for example_external_task_marker_child to None, run_after=None
[2022-08-05 18:46:06,323] {logging_mixin.py:115} INFO - [2022-08-05 18:46:06,323] {dag.py:2919} INFO - Setting next_dagrun for example_external_task_marker_parent to None, run_after=None
[2022-08-05 18:46:06,330] {processor.py:161} INFO - Processing /home/airflow/.local/lib/python3.7/site-packages/airflow/example_dags/example_external_task_marker_dag.py took 0.127 seconds
[2022-08-05 18:46:36,997] {processor.py:153} INFO - Started process (PID=1074) to work on /home/airflow/.local/lib/python3.7/site-packages/airflow/example_dags/example_external_task_marker_dag.py
[2022-08-05 18:46:36,999] {processor.py:641} INFO - Processing file /home/airflow/.local/lib/python3.7/site-packages/airflow/example_dags/example_external_task_marker_dag.py for tasks to queue
[2022-08-05 18:46:37,000] {logging_mixin.py:115} INFO - [2022-08-05 18:46:37,000] {dagbag.py:507} INFO - Filling up the DagBag from /home/airflow/.local/lib/python3.7/site-packages/airflow/example_dags/example_external_task_marker_dag.py
[2022-08-05 18:46:37,002] {processor.py:651} INFO - DAG(s) dict_keys(['example_external_task_marker_parent', 'example_external_task_marker_child']) retrieved from /home/airflow/.local/lib/python3.7/site-packages/airflow/example_dags/example_external_task_marker_dag.py
[2022-08-05 18:46:37,026] {logging_mixin.py:115} INFO - [2022-08-05 18:46:37,026] {dag.py:2371} INFO - Sync 2 DAGs
[2022-08-05 18:46:37,101] {logging_mixin.py:115} INFO - [2022-08-05 18:46:37,101] {dag.py:2919} INFO - Setting next_dagrun for example_external_task_marker_child to None, run_after=None
[2022-08-05 18:46:37,102] {logging_mixin.py:115} INFO - [2022-08-05 18:46:37,102] {dag.py:2919} INFO - Setting next_dagrun for example_external_task_marker_parent to None, run_after=None
[2022-08-05 18:46:37,108] {processor.py:161} INFO - Processing /home/airflow/.local/lib/python3.7/site-packages/airflow/example_dags/example_external_task_marker_dag.py took 0.112 seconds
[2022-08-05 18:47:07,875] {processor.py:153} INFO - Started process (PID=1136) to work on /home/airflow/.local/lib/python3.7/site-packages/airflow/example_dags/example_external_task_marker_dag.py
[2022-08-05 18:47:07,876] {processor.py:641} INFO - Processing file /home/airflow/.local/lib/python3.7/site-packages/airflow/example_dags/example_external_task_marker_dag.py for tasks to queue
[2022-08-05 18:47:07,877] {logging_mixin.py:115} INFO - [2022-08-05 18:47:07,877] {dagbag.py:507} INFO - Filling up the DagBag from /home/airflow/.local/lib/python3.7/site-packages/airflow/example_dags/example_external_task_marker_dag.py
[2022-08-05 18:47:07,882] {processor.py:651} INFO - DAG(s) dict_keys(['example_external_task_marker_parent', 'example_external_task_marker_child']) retrieved from /home/airflow/.local/lib/python3.7/site-packages/airflow/example_dags/example_external_task_marker_dag.py
[2022-08-05 18:47:07,906] {logging_mixin.py:115} INFO - [2022-08-05 18:47:07,906] {dag.py:2371} INFO - Sync 2 DAGs
[2022-08-05 18:47:07,995] {logging_mixin.py:115} INFO - [2022-08-05 18:47:07,995] {dag.py:2919} INFO - Setting next_dagrun for example_external_task_marker_child to None, run_after=None
[2022-08-05 18:47:07,997] {logging_mixin.py:115} INFO - [2022-08-05 18:47:07,997] {dag.py:2919} INFO - Setting next_dagrun for example_external_task_marker_parent to None, run_after=None
[2022-08-05 18:47:08,006] {processor.py:161} INFO - Processing /home/airflow/.local/lib/python3.7/site-packages/airflow/example_dags/example_external_task_marker_dag.py took 0.133 seconds
[2022-08-05 18:47:38,697] {processor.py:153} INFO - Started process (PID=1190) to work on /home/airflow/.local/lib/python3.7/site-packages/airflow/example_dags/example_external_task_marker_dag.py
[2022-08-05 18:47:38,698] {processor.py:641} INFO - Processing file /home/airflow/.local/lib/python3.7/site-packages/airflow/example_dags/example_external_task_marker_dag.py for tasks to queue
[2022-08-05 18:47:38,699] {logging_mixin.py:115} INFO - [2022-08-05 18:47:38,699] {dagbag.py:507} INFO - Filling up the DagBag from /home/airflow/.local/lib/python3.7/site-packages/airflow/example_dags/example_external_task_marker_dag.py
[2022-08-05 18:47:38,702] {processor.py:651} INFO - DAG(s) dict_keys(['example_external_task_marker_parent', 'example_external_task_marker_child']) retrieved from /home/airflow/.local/lib/python3.7/site-packages/airflow/example_dags/example_external_task_marker_dag.py
[2022-08-05 18:47:38,729] {logging_mixin.py:115} INFO - [2022-08-05 18:47:38,729] {dag.py:2371} INFO - Sync 2 DAGs
[2022-08-05 18:47:38,825] {logging_mixin.py:115} INFO - [2022-08-05 18:47:38,825] {dag.py:2919} INFO - Setting next_dagrun for example_external_task_marker_child to None, run_after=None
[2022-08-05 18:47:38,826] {logging_mixin.py:115} INFO - [2022-08-05 18:47:38,826] {dag.py:2919} INFO - Setting next_dagrun for example_external_task_marker_parent to None, run_after=None
[2022-08-05 18:47:38,833] {processor.py:161} INFO - Processing /home/airflow/.local/lib/python3.7/site-packages/airflow/example_dags/example_external_task_marker_dag.py took 0.138 seconds
[2022-08-05 18:48:09,599] {processor.py:153} INFO - Started process (PID=1252) to work on /home/airflow/.local/lib/python3.7/site-packages/airflow/example_dags/example_external_task_marker_dag.py
[2022-08-05 18:48:09,600] {processor.py:641} INFO - Processing file /home/airflow/.local/lib/python3.7/site-packages/airflow/example_dags/example_external_task_marker_dag.py for tasks to queue
[2022-08-05 18:48:09,601] {logging_mixin.py:115} INFO - [2022-08-05 18:48:09,601] {dagbag.py:507} INFO - Filling up the DagBag from /home/airflow/.local/lib/python3.7/site-packages/airflow/example_dags/example_external_task_marker_dag.py
[2022-08-05 18:48:09,604] {processor.py:651} INFO - DAG(s) dict_keys(['example_external_task_marker_parent', 'example_external_task_marker_child']) retrieved from /home/airflow/.local/lib/python3.7/site-packages/airflow/example_dags/example_external_task_marker_dag.py
[2022-08-05 18:48:09,629] {logging_mixin.py:115} INFO - [2022-08-05 18:48:09,629] {dag.py:2371} INFO - Sync 2 DAGs
[2022-08-05 18:48:09,702] {logging_mixin.py:115} INFO - [2022-08-05 18:48:09,702] {dag.py:2919} INFO - Setting next_dagrun for example_external_task_marker_child to None, run_after=None
[2022-08-05 18:48:09,703] {logging_mixin.py:115} INFO - [2022-08-05 18:48:09,703] {dag.py:2919} INFO - Setting next_dagrun for example_external_task_marker_parent to None, run_after=None
[2022-08-05 18:48:09,710] {processor.py:161} INFO - Processing /home/airflow/.local/lib/python3.7/site-packages/airflow/example_dags/example_external_task_marker_dag.py took 0.113 seconds
[2022-08-05 18:48:40,438] {processor.py:153} INFO - Started process (PID=1314) to work on /home/airflow/.local/lib/python3.7/site-packages/airflow/example_dags/example_external_task_marker_dag.py
[2022-08-05 18:48:40,440] {processor.py:641} INFO - Processing file /home/airflow/.local/lib/python3.7/site-packages/airflow/example_dags/example_external_task_marker_dag.py for tasks to queue
[2022-08-05 18:48:40,441] {logging_mixin.py:115} INFO - [2022-08-05 18:48:40,441] {dagbag.py:507} INFO - Filling up the DagBag from /home/airflow/.local/lib/python3.7/site-packages/airflow/example_dags/example_external_task_marker_dag.py
[2022-08-05 18:48:40,444] {processor.py:651} INFO - DAG(s) dict_keys(['example_external_task_marker_parent', 'example_external_task_marker_child']) retrieved from /home/airflow/.local/lib/python3.7/site-packages/airflow/example_dags/example_external_task_marker_dag.py
[2022-08-05 18:48:40,470] {logging_mixin.py:115} INFO - [2022-08-05 18:48:40,470] {dag.py:2371} INFO - Sync 2 DAGs
[2022-08-05 18:48:40,545] {logging_mixin.py:115} INFO - [2022-08-05 18:48:40,544] {dag.py:2919} INFO - Setting next_dagrun for example_external_task_marker_child to None, run_after=None
[2022-08-05 18:48:40,546] {logging_mixin.py:115} INFO - [2022-08-05 18:48:40,546] {dag.py:2919} INFO - Setting next_dagrun for example_external_task_marker_parent to None, run_after=None
[2022-08-05 18:48:40,552] {processor.py:161} INFO - Processing /home/airflow/.local/lib/python3.7/site-packages/airflow/example_dags/example_external_task_marker_dag.py took 0.115 seconds
[2022-08-05 18:49:11,349] {processor.py:153} INFO - Started process (PID=1377) to work on /home/airflow/.local/lib/python3.7/site-packages/airflow/example_dags/example_external_task_marker_dag.py
[2022-08-05 18:49:11,350] {processor.py:641} INFO - Processing file /home/airflow/.local/lib/python3.7/site-packages/airflow/example_dags/example_external_task_marker_dag.py for tasks to queue
[2022-08-05 18:49:11,351] {logging_mixin.py:115} INFO - [2022-08-05 18:49:11,351] {dagbag.py:507} INFO - Filling up the DagBag from /home/airflow/.local/lib/python3.7/site-packages/airflow/example_dags/example_external_task_marker_dag.py
[2022-08-05 18:49:11,353] {processor.py:651} INFO - DAG(s) dict_keys(['example_external_task_marker_parent', 'example_external_task_marker_child']) retrieved from /home/airflow/.local/lib/python3.7/site-packages/airflow/example_dags/example_external_task_marker_dag.py
[2022-08-05 18:49:11,378] {logging_mixin.py:115} INFO - [2022-08-05 18:49:11,378] {dag.py:2371} INFO - Sync 2 DAGs
[2022-08-05 18:49:11,451] {logging_mixin.py:115} INFO - [2022-08-05 18:49:11,451] {dag.py:2919} INFO - Setting next_dagrun for example_external_task_marker_child to None, run_after=None
[2022-08-05 18:49:11,452] {logging_mixin.py:115} INFO - [2022-08-05 18:49:11,452] {dag.py:2919} INFO - Setting next_dagrun for example_external_task_marker_parent to None, run_after=None
[2022-08-05 18:49:11,458] {processor.py:161} INFO - Processing /home/airflow/.local/lib/python3.7/site-packages/airflow/example_dags/example_external_task_marker_dag.py took 0.111 seconds
[2022-08-05 18:49:42,284] {processor.py:153} INFO - Started process (PID=1439) to work on /home/airflow/.local/lib/python3.7/site-packages/airflow/example_dags/example_external_task_marker_dag.py
[2022-08-05 18:49:42,285] {processor.py:641} INFO - Processing file /home/airflow/.local/lib/python3.7/site-packages/airflow/example_dags/example_external_task_marker_dag.py for tasks to queue
[2022-08-05 18:49:42,286] {logging_mixin.py:115} INFO - [2022-08-05 18:49:42,286] {dagbag.py:507} INFO - Filling up the DagBag from /home/airflow/.local/lib/python3.7/site-packages/airflow/example_dags/example_external_task_marker_dag.py
[2022-08-05 18:49:42,289] {processor.py:651} INFO - DAG(s) dict_keys(['example_external_task_marker_parent', 'example_external_task_marker_child']) retrieved from /home/airflow/.local/lib/python3.7/site-packages/airflow/example_dags/example_external_task_marker_dag.py
[2022-08-05 18:49:42,314] {logging_mixin.py:115} INFO - [2022-08-05 18:49:42,314] {dag.py:2371} INFO - Sync 2 DAGs
[2022-08-05 18:49:42,389] {logging_mixin.py:115} INFO - [2022-08-05 18:49:42,389] {dag.py:2919} INFO - Setting next_dagrun for example_external_task_marker_child to None, run_after=None
[2022-08-05 18:49:42,390] {logging_mixin.py:115} INFO - [2022-08-05 18:49:42,390] {dag.py:2919} INFO - Setting next_dagrun for example_external_task_marker_parent to None, run_after=None
[2022-08-05 18:49:42,396] {processor.py:161} INFO - Processing /home/airflow/.local/lib/python3.7/site-packages/airflow/example_dags/example_external_task_marker_dag.py took 0.114 seconds
[2022-08-05 18:50:13,199] {processor.py:153} INFO - Started process (PID=1502) to work on /home/airflow/.local/lib/python3.7/site-packages/airflow/example_dags/example_external_task_marker_dag.py
[2022-08-05 18:50:13,200] {processor.py:641} INFO - Processing file /home/airflow/.local/lib/python3.7/site-packages/airflow/example_dags/example_external_task_marker_dag.py for tasks to queue
[2022-08-05 18:50:13,201] {logging_mixin.py:115} INFO - [2022-08-05 18:50:13,201] {dagbag.py:507} INFO - Filling up the DagBag from /home/airflow/.local/lib/python3.7/site-packages/airflow/example_dags/example_external_task_marker_dag.py
[2022-08-05 18:50:13,204] {processor.py:651} INFO - DAG(s) dict_keys(['example_external_task_marker_parent', 'example_external_task_marker_child']) retrieved from /home/airflow/.local/lib/python3.7/site-packages/airflow/example_dags/example_external_task_marker_dag.py
[2022-08-05 18:50:13,228] {logging_mixin.py:115} INFO - [2022-08-05 18:50:13,228] {dag.py:2371} INFO - Sync 2 DAGs
[2022-08-05 18:50:13,302] {logging_mixin.py:115} INFO - [2022-08-05 18:50:13,302] {dag.py:2919} INFO - Setting next_dagrun for example_external_task_marker_child to None, run_after=None
[2022-08-05 18:50:13,303] {logging_mixin.py:115} INFO - [2022-08-05 18:50:13,303] {dag.py:2919} INFO - Setting next_dagrun for example_external_task_marker_parent to None, run_after=None
[2022-08-05 18:50:13,309] {processor.py:161} INFO - Processing /home/airflow/.local/lib/python3.7/site-packages/airflow/example_dags/example_external_task_marker_dag.py took 0.112 seconds
[2022-08-05 18:50:43,763] {processor.py:153} INFO - Started process (PID=1565) to work on /home/airflow/.local/lib/python3.7/site-packages/airflow/example_dags/example_external_task_marker_dag.py
[2022-08-05 18:50:43,765] {processor.py:641} INFO - Processing file /home/airflow/.local/lib/python3.7/site-packages/airflow/example_dags/example_external_task_marker_dag.py for tasks to queue
[2022-08-05 18:50:43,766] {logging_mixin.py:115} INFO - [2022-08-05 18:50:43,766] {dagbag.py:507} INFO - Filling up the DagBag from /home/airflow/.local/lib/python3.7/site-packages/airflow/example_dags/example_external_task_marker_dag.py
[2022-08-05 18:50:43,769] {processor.py:651} INFO - DAG(s) dict_keys(['example_external_task_marker_parent', 'example_external_task_marker_child']) retrieved from /home/airflow/.local/lib/python3.7/site-packages/airflow/example_dags/example_external_task_marker_dag.py
[2022-08-05 18:50:43,795] {logging_mixin.py:115} INFO - [2022-08-05 18:50:43,795] {dag.py:2371} INFO - Sync 2 DAGs
[2022-08-05 18:50:43,879] {logging_mixin.py:115} INFO - [2022-08-05 18:50:43,879] {dag.py:2919} INFO - Setting next_dagrun for example_external_task_marker_child to None, run_after=None
[2022-08-05 18:50:43,880] {logging_mixin.py:115} INFO - [2022-08-05 18:50:43,880] {dag.py:2919} INFO - Setting next_dagrun for example_external_task_marker_parent to None, run_after=None
[2022-08-05 18:50:43,887] {processor.py:161} INFO - Processing /home/airflow/.local/lib/python3.7/site-packages/airflow/example_dags/example_external_task_marker_dag.py took 0.125 seconds
[2022-08-05 18:51:14,593] {processor.py:153} INFO - Started process (PID=1627) to work on /home/airflow/.local/lib/python3.7/site-packages/airflow/example_dags/example_external_task_marker_dag.py
[2022-08-05 18:51:14,595] {processor.py:641} INFO - Processing file /home/airflow/.local/lib/python3.7/site-packages/airflow/example_dags/example_external_task_marker_dag.py for tasks to queue
[2022-08-05 18:51:14,596] {logging_mixin.py:115} INFO - [2022-08-05 18:51:14,596] {dagbag.py:507} INFO - Filling up the DagBag from /home/airflow/.local/lib/python3.7/site-packages/airflow/example_dags/example_external_task_marker_dag.py
[2022-08-05 18:51:14,599] {processor.py:651} INFO - DAG(s) dict_keys(['example_external_task_marker_parent', 'example_external_task_marker_child']) retrieved from /home/airflow/.local/lib/python3.7/site-packages/airflow/example_dags/example_external_task_marker_dag.py
[2022-08-05 18:51:14,623] {logging_mixin.py:115} INFO - [2022-08-05 18:51:14,623] {dag.py:2371} INFO - Sync 2 DAGs
[2022-08-05 18:51:14,696] {logging_mixin.py:115} INFO - [2022-08-05 18:51:14,696] {dag.py:2919} INFO - Setting next_dagrun for example_external_task_marker_child to None, run_after=None
[2022-08-05 18:51:14,698] {logging_mixin.py:115} INFO - [2022-08-05 18:51:14,698] {dag.py:2919} INFO - Setting next_dagrun for example_external_task_marker_parent to None, run_after=None
[2022-08-05 18:51:14,704] {processor.py:161} INFO - Processing /home/airflow/.local/lib/python3.7/site-packages/airflow/example_dags/example_external_task_marker_dag.py took 0.112 seconds
[2022-08-05 18:51:45,438] {processor.py:153} INFO - Started process (PID=1680) to work on /home/airflow/.local/lib/python3.7/site-packages/airflow/example_dags/example_external_task_marker_dag.py
[2022-08-05 18:51:45,439] {processor.py:641} INFO - Processing file /home/airflow/.local/lib/python3.7/site-packages/airflow/example_dags/example_external_task_marker_dag.py for tasks to queue
[2022-08-05 18:51:45,439] {logging_mixin.py:115} INFO - [2022-08-05 18:51:45,439] {dagbag.py:507} INFO - Filling up the DagBag from /home/airflow/.local/lib/python3.7/site-packages/airflow/example_dags/example_external_task_marker_dag.py
[2022-08-05 18:51:45,442] {processor.py:651} INFO - DAG(s) dict_keys(['example_external_task_marker_parent', 'example_external_task_marker_child']) retrieved from /home/airflow/.local/lib/python3.7/site-packages/airflow/example_dags/example_external_task_marker_dag.py
[2022-08-05 18:51:45,467] {logging_mixin.py:115} INFO - [2022-08-05 18:51:45,467] {dag.py:2371} INFO - Sync 2 DAGs
[2022-08-05 18:51:45,541] {logging_mixin.py:115} INFO - [2022-08-05 18:51:45,541] {dag.py:2919} INFO - Setting next_dagrun for example_external_task_marker_child to None, run_after=None
[2022-08-05 18:51:45,542] {logging_mixin.py:115} INFO - [2022-08-05 18:51:45,542] {dag.py:2919} INFO - Setting next_dagrun for example_external_task_marker_parent to None, run_after=None
[2022-08-05 18:51:45,548] {processor.py:161} INFO - Processing /home/airflow/.local/lib/python3.7/site-packages/airflow/example_dags/example_external_task_marker_dag.py took 0.112 seconds
[2022-08-05 18:52:16,551] {processor.py:153} INFO - Started process (PID=1742) to work on /home/airflow/.local/lib/python3.7/site-packages/airflow/example_dags/example_external_task_marker_dag.py
[2022-08-05 18:52:16,553] {processor.py:641} INFO - Processing file /home/airflow/.local/lib/python3.7/site-packages/airflow/example_dags/example_external_task_marker_dag.py for tasks to queue
[2022-08-05 18:52:16,554] {logging_mixin.py:115} INFO - [2022-08-05 18:52:16,554] {dagbag.py:507} INFO - Filling up the DagBag from /home/airflow/.local/lib/python3.7/site-packages/airflow/example_dags/example_external_task_marker_dag.py
[2022-08-05 18:52:16,557] {processor.py:651} INFO - DAG(s) dict_keys(['example_external_task_marker_parent', 'example_external_task_marker_child']) retrieved from /home/airflow/.local/lib/python3.7/site-packages/airflow/example_dags/example_external_task_marker_dag.py
[2022-08-05 18:52:16,586] {logging_mixin.py:115} INFO - [2022-08-05 18:52:16,586] {dag.py:2371} INFO - Sync 2 DAGs
[2022-08-05 18:52:16,665] {logging_mixin.py:115} INFO - [2022-08-05 18:52:16,665] {dag.py:2919} INFO - Setting next_dagrun for example_external_task_marker_child to None, run_after=None
[2022-08-05 18:52:16,667] {logging_mixin.py:115} INFO - [2022-08-05 18:52:16,667] {dag.py:2919} INFO - Setting next_dagrun for example_external_task_marker_parent to None, run_after=None
[2022-08-05 18:52:16,672] {processor.py:161} INFO - Processing /home/airflow/.local/lib/python3.7/site-packages/airflow/example_dags/example_external_task_marker_dag.py took 0.124 seconds
[2022-08-05 18:52:47,295] {processor.py:153} INFO - Started process (PID=1804) to work on /home/airflow/.local/lib/python3.7/site-packages/airflow/example_dags/example_external_task_marker_dag.py
[2022-08-05 18:52:47,296] {processor.py:641} INFO - Processing file /home/airflow/.local/lib/python3.7/site-packages/airflow/example_dags/example_external_task_marker_dag.py for tasks to queue
[2022-08-05 18:52:47,297] {logging_mixin.py:115} INFO - [2022-08-05 18:52:47,297] {dagbag.py:507} INFO - Filling up the DagBag from /home/airflow/.local/lib/python3.7/site-packages/airflow/example_dags/example_external_task_marker_dag.py
[2022-08-05 18:52:47,300] {processor.py:651} INFO - DAG(s) dict_keys(['example_external_task_marker_parent', 'example_external_task_marker_child']) retrieved from /home/airflow/.local/lib/python3.7/site-packages/airflow/example_dags/example_external_task_marker_dag.py
[2022-08-05 18:52:47,327] {logging_mixin.py:115} INFO - [2022-08-05 18:52:47,327] {dag.py:2371} INFO - Sync 2 DAGs
[2022-08-05 18:52:47,413] {logging_mixin.py:115} INFO - [2022-08-05 18:52:47,413] {dag.py:2919} INFO - Setting next_dagrun for example_external_task_marker_child to None, run_after=None
[2022-08-05 18:52:47,414] {logging_mixin.py:115} INFO - [2022-08-05 18:52:47,414] {dag.py:2919} INFO - Setting next_dagrun for example_external_task_marker_parent to None, run_after=None
[2022-08-05 18:52:47,421] {processor.py:161} INFO - Processing /home/airflow/.local/lib/python3.7/site-packages/airflow/example_dags/example_external_task_marker_dag.py took 0.128 seconds
[2022-08-05 18:53:18,174] {processor.py:153} INFO - Started process (PID=1866) to work on /home/airflow/.local/lib/python3.7/site-packages/airflow/example_dags/example_external_task_marker_dag.py
[2022-08-05 18:53:18,175] {processor.py:641} INFO - Processing file /home/airflow/.local/lib/python3.7/site-packages/airflow/example_dags/example_external_task_marker_dag.py for tasks to queue
[2022-08-05 18:53:18,176] {logging_mixin.py:115} INFO - [2022-08-05 18:53:18,176] {dagbag.py:507} INFO - Filling up the DagBag from /home/airflow/.local/lib/python3.7/site-packages/airflow/example_dags/example_external_task_marker_dag.py
[2022-08-05 18:53:18,179] {processor.py:651} INFO - DAG(s) dict_keys(['example_external_task_marker_parent', 'example_external_task_marker_child']) retrieved from /home/airflow/.local/lib/python3.7/site-packages/airflow/example_dags/example_external_task_marker_dag.py
[2022-08-05 18:53:18,203] {logging_mixin.py:115} INFO - [2022-08-05 18:53:18,202] {dag.py:2371} INFO - Sync 2 DAGs
[2022-08-05 18:53:18,275] {logging_mixin.py:115} INFO - [2022-08-05 18:53:18,275] {dag.py:2919} INFO - Setting next_dagrun for example_external_task_marker_child to None, run_after=None
[2022-08-05 18:53:18,276] {logging_mixin.py:115} INFO - [2022-08-05 18:53:18,276] {dag.py:2919} INFO - Setting next_dagrun for example_external_task_marker_parent to None, run_after=None
[2022-08-05 18:53:18,282] {processor.py:161} INFO - Processing /home/airflow/.local/lib/python3.7/site-packages/airflow/example_dags/example_external_task_marker_dag.py took 0.110 seconds
[2022-08-05 18:53:49,008] {processor.py:153} INFO - Started process (PID=1928) to work on /home/airflow/.local/lib/python3.7/site-packages/airflow/example_dags/example_external_task_marker_dag.py
[2022-08-05 18:53:49,009] {processor.py:641} INFO - Processing file /home/airflow/.local/lib/python3.7/site-packages/airflow/example_dags/example_external_task_marker_dag.py for tasks to queue
[2022-08-05 18:53:49,011] {logging_mixin.py:115} INFO - [2022-08-05 18:53:49,011] {dagbag.py:507} INFO - Filling up the DagBag from /home/airflow/.local/lib/python3.7/site-packages/airflow/example_dags/example_external_task_marker_dag.py
[2022-08-05 18:53:49,014] {processor.py:651} INFO - DAG(s) dict_keys(['example_external_task_marker_parent', 'example_external_task_marker_child']) retrieved from /home/airflow/.local/lib/python3.7/site-packages/airflow/example_dags/example_external_task_marker_dag.py
[2022-08-05 18:53:49,041] {logging_mixin.py:115} INFO - [2022-08-05 18:53:49,041] {dag.py:2371} INFO - Sync 2 DAGs
[2022-08-05 18:53:49,124] {logging_mixin.py:115} INFO - [2022-08-05 18:53:49,124] {dag.py:2919} INFO - Setting next_dagrun for example_external_task_marker_child to None, run_after=None
[2022-08-05 18:53:49,125] {logging_mixin.py:115} INFO - [2022-08-05 18:53:49,125] {dag.py:2919} INFO - Setting next_dagrun for example_external_task_marker_parent to None, run_after=None
[2022-08-05 18:53:49,132] {processor.py:161} INFO - Processing /home/airflow/.local/lib/python3.7/site-packages/airflow/example_dags/example_external_task_marker_dag.py took 0.127 seconds
[2022-08-05 18:54:19,898] {processor.py:153} INFO - Started process (PID=1990) to work on /home/airflow/.local/lib/python3.7/site-packages/airflow/example_dags/example_external_task_marker_dag.py
[2022-08-05 18:54:19,899] {processor.py:641} INFO - Processing file /home/airflow/.local/lib/python3.7/site-packages/airflow/example_dags/example_external_task_marker_dag.py for tasks to queue
[2022-08-05 18:54:19,900] {logging_mixin.py:115} INFO - [2022-08-05 18:54:19,900] {dagbag.py:507} INFO - Filling up the DagBag from /home/airflow/.local/lib/python3.7/site-packages/airflow/example_dags/example_external_task_marker_dag.py
[2022-08-05 18:54:19,903] {processor.py:651} INFO - DAG(s) dict_keys(['example_external_task_marker_parent', 'example_external_task_marker_child']) retrieved from /home/airflow/.local/lib/python3.7/site-packages/airflow/example_dags/example_external_task_marker_dag.py
[2022-08-05 18:54:19,930] {logging_mixin.py:115} INFO - [2022-08-05 18:54:19,930] {dag.py:2371} INFO - Sync 2 DAGs
[2022-08-05 18:54:20,015] {logging_mixin.py:115} INFO - [2022-08-05 18:54:20,015] {dag.py:2919} INFO - Setting next_dagrun for example_external_task_marker_child to None, run_after=None
[2022-08-05 18:54:20,016] {logging_mixin.py:115} INFO - [2022-08-05 18:54:20,016] {dag.py:2919} INFO - Setting next_dagrun for example_external_task_marker_parent to None, run_after=None
[2022-08-05 18:54:20,023] {processor.py:161} INFO - Processing /home/airflow/.local/lib/python3.7/site-packages/airflow/example_dags/example_external_task_marker_dag.py took 0.126 seconds
[2022-08-05 18:54:50,691] {processor.py:153} INFO - Started process (PID=2052) to work on /home/airflow/.local/lib/python3.7/site-packages/airflow/example_dags/example_external_task_marker_dag.py
[2022-08-05 18:54:50,692] {processor.py:641} INFO - Processing file /home/airflow/.local/lib/python3.7/site-packages/airflow/example_dags/example_external_task_marker_dag.py for tasks to queue
[2022-08-05 18:54:50,693] {logging_mixin.py:115} INFO - [2022-08-05 18:54:50,693] {dagbag.py:507} INFO - Filling up the DagBag from /home/airflow/.local/lib/python3.7/site-packages/airflow/example_dags/example_external_task_marker_dag.py
[2022-08-05 18:54:50,696] {processor.py:651} INFO - DAG(s) dict_keys(['example_external_task_marker_parent', 'example_external_task_marker_child']) retrieved from /home/airflow/.local/lib/python3.7/site-packages/airflow/example_dags/example_external_task_marker_dag.py
[2022-08-05 18:54:50,721] {logging_mixin.py:115} INFO - [2022-08-05 18:54:50,721] {dag.py:2371} INFO - Sync 2 DAGs
[2022-08-05 18:54:50,794] {logging_mixin.py:115} INFO - [2022-08-05 18:54:50,794] {dag.py:2919} INFO - Setting next_dagrun for example_external_task_marker_child to None, run_after=None
[2022-08-05 18:54:50,795] {logging_mixin.py:115} INFO - [2022-08-05 18:54:50,795] {dag.py:2919} INFO - Setting next_dagrun for example_external_task_marker_parent to None, run_after=None
[2022-08-05 18:54:50,801] {processor.py:161} INFO - Processing /home/airflow/.local/lib/python3.7/site-packages/airflow/example_dags/example_external_task_marker_dag.py took 0.112 seconds
[2022-08-05 18:55:21,629] {processor.py:153} INFO - Started process (PID=2115) to work on /home/airflow/.local/lib/python3.7/site-packages/airflow/example_dags/example_external_task_marker_dag.py
[2022-08-05 18:55:21,630] {processor.py:641} INFO - Processing file /home/airflow/.local/lib/python3.7/site-packages/airflow/example_dags/example_external_task_marker_dag.py for tasks to queue
[2022-08-05 18:55:21,631] {logging_mixin.py:115} INFO - [2022-08-05 18:55:21,631] {dagbag.py:507} INFO - Filling up the DagBag from /home/airflow/.local/lib/python3.7/site-packages/airflow/example_dags/example_external_task_marker_dag.py
[2022-08-05 18:55:21,634] {processor.py:651} INFO - DAG(s) dict_keys(['example_external_task_marker_parent', 'example_external_task_marker_child']) retrieved from /home/airflow/.local/lib/python3.7/site-packages/airflow/example_dags/example_external_task_marker_dag.py
[2022-08-05 18:55:21,659] {logging_mixin.py:115} INFO - [2022-08-05 18:55:21,659] {dag.py:2371} INFO - Sync 2 DAGs
[2022-08-05 18:55:21,735] {logging_mixin.py:115} INFO - [2022-08-05 18:55:21,735] {dag.py:2919} INFO - Setting next_dagrun for example_external_task_marker_child to None, run_after=None
[2022-08-05 18:55:21,736] {logging_mixin.py:115} INFO - [2022-08-05 18:55:21,736] {dag.py:2919} INFO - Setting next_dagrun for example_external_task_marker_parent to None, run_after=None
[2022-08-05 18:55:21,742] {processor.py:161} INFO - Processing /home/airflow/.local/lib/python3.7/site-packages/airflow/example_dags/example_external_task_marker_dag.py took 0.115 seconds
[2022-08-05 18:55:52,468] {processor.py:153} INFO - Started process (PID=2177) to work on /home/airflow/.local/lib/python3.7/site-packages/airflow/example_dags/example_external_task_marker_dag.py
[2022-08-05 18:55:52,470] {processor.py:641} INFO - Processing file /home/airflow/.local/lib/python3.7/site-packages/airflow/example_dags/example_external_task_marker_dag.py for tasks to queue
[2022-08-05 18:55:52,471] {logging_mixin.py:115} INFO - [2022-08-05 18:55:52,471] {dagbag.py:507} INFO - Filling up the DagBag from /home/airflow/.local/lib/python3.7/site-packages/airflow/example_dags/example_external_task_marker_dag.py
[2022-08-05 18:55:52,474] {processor.py:651} INFO - DAG(s) dict_keys(['example_external_task_marker_parent', 'example_external_task_marker_child']) retrieved from /home/airflow/.local/lib/python3.7/site-packages/airflow/example_dags/example_external_task_marker_dag.py
[2022-08-05 18:55:52,502] {logging_mixin.py:115} INFO - [2022-08-05 18:55:52,502] {dag.py:2371} INFO - Sync 2 DAGs
[2022-08-05 18:55:52,594] {logging_mixin.py:115} INFO - [2022-08-05 18:55:52,593] {dag.py:2919} INFO - Setting next_dagrun for example_external_task_marker_child to None, run_after=None
[2022-08-05 18:55:52,595] {logging_mixin.py:115} INFO - [2022-08-05 18:55:52,595] {dag.py:2919} INFO - Setting next_dagrun for example_external_task_marker_parent to None, run_after=None
[2022-08-05 18:55:52,602] {processor.py:161} INFO - Processing /home/airflow/.local/lib/python3.7/site-packages/airflow/example_dags/example_external_task_marker_dag.py took 0.136 seconds
[2022-08-05 18:56:23,599] {processor.py:153} INFO - Started process (PID=2230) to work on /home/airflow/.local/lib/python3.7/site-packages/airflow/example_dags/example_external_task_marker_dag.py
[2022-08-05 18:56:23,601] {processor.py:641} INFO - Processing file /home/airflow/.local/lib/python3.7/site-packages/airflow/example_dags/example_external_task_marker_dag.py for tasks to queue
[2022-08-05 18:56:23,603] {logging_mixin.py:115} INFO - [2022-08-05 18:56:23,602] {dagbag.py:507} INFO - Filling up the DagBag from /home/airflow/.local/lib/python3.7/site-packages/airflow/example_dags/example_external_task_marker_dag.py
[2022-08-05 18:56:23,606] {processor.py:651} INFO - DAG(s) dict_keys(['example_external_task_marker_parent', 'example_external_task_marker_child']) retrieved from /home/airflow/.local/lib/python3.7/site-packages/airflow/example_dags/example_external_task_marker_dag.py
[2022-08-05 18:56:23,634] {logging_mixin.py:115} INFO - [2022-08-05 18:56:23,634] {dag.py:2371} INFO - Sync 2 DAGs
[2022-08-05 18:56:23,727] {logging_mixin.py:115} INFO - [2022-08-05 18:56:23,727] {dag.py:2919} INFO - Setting next_dagrun for example_external_task_marker_child to None, run_after=None
[2022-08-05 18:56:23,728] {logging_mixin.py:115} INFO - [2022-08-05 18:56:23,728] {dag.py:2919} INFO - Setting next_dagrun for example_external_task_marker_parent to None, run_after=None
[2022-08-05 18:56:23,736] {processor.py:161} INFO - Processing /home/airflow/.local/lib/python3.7/site-packages/airflow/example_dags/example_external_task_marker_dag.py took 0.138 seconds
[2022-08-05 18:56:54,592] {processor.py:153} INFO - Started process (PID=2292) to work on /home/airflow/.local/lib/python3.7/site-packages/airflow/example_dags/example_external_task_marker_dag.py
[2022-08-05 18:56:54,593] {processor.py:641} INFO - Processing file /home/airflow/.local/lib/python3.7/site-packages/airflow/example_dags/example_external_task_marker_dag.py for tasks to queue
[2022-08-05 18:56:54,594] {logging_mixin.py:115} INFO - [2022-08-05 18:56:54,594] {dagbag.py:507} INFO - Filling up the DagBag from /home/airflow/.local/lib/python3.7/site-packages/airflow/example_dags/example_external_task_marker_dag.py
[2022-08-05 18:56:54,597] {processor.py:651} INFO - DAG(s) dict_keys(['example_external_task_marker_parent', 'example_external_task_marker_child']) retrieved from /home/airflow/.local/lib/python3.7/site-packages/airflow/example_dags/example_external_task_marker_dag.py
[2022-08-05 18:56:54,622] {logging_mixin.py:115} INFO - [2022-08-05 18:56:54,622] {dag.py:2371} INFO - Sync 2 DAGs
[2022-08-05 18:56:54,697] {logging_mixin.py:115} INFO - [2022-08-05 18:56:54,697] {dag.py:2919} INFO - Setting next_dagrun for example_external_task_marker_child to None, run_after=None
[2022-08-05 18:56:54,698] {logging_mixin.py:115} INFO - [2022-08-05 18:56:54,698] {dag.py:2919} INFO - Setting next_dagrun for example_external_task_marker_parent to None, run_after=None
[2022-08-05 18:56:54,704] {processor.py:161} INFO - Processing /home/airflow/.local/lib/python3.7/site-packages/airflow/example_dags/example_external_task_marker_dag.py took 0.115 seconds
[2022-08-05 18:57:25,435] {processor.py:153} INFO - Started process (PID=2355) to work on /home/airflow/.local/lib/python3.7/site-packages/airflow/example_dags/example_external_task_marker_dag.py
[2022-08-05 18:57:25,436] {processor.py:641} INFO - Processing file /home/airflow/.local/lib/python3.7/site-packages/airflow/example_dags/example_external_task_marker_dag.py for tasks to queue
[2022-08-05 18:57:25,437] {logging_mixin.py:115} INFO - [2022-08-05 18:57:25,437] {dagbag.py:507} INFO - Filling up the DagBag from /home/airflow/.local/lib/python3.7/site-packages/airflow/example_dags/example_external_task_marker_dag.py
[2022-08-05 18:57:25,440] {processor.py:651} INFO - DAG(s) dict_keys(['example_external_task_marker_parent', 'example_external_task_marker_child']) retrieved from /home/airflow/.local/lib/python3.7/site-packages/airflow/example_dags/example_external_task_marker_dag.py
[2022-08-05 18:57:25,466] {logging_mixin.py:115} INFO - [2022-08-05 18:57:25,466] {dag.py:2371} INFO - Sync 2 DAGs
[2022-08-05 18:57:25,551] {logging_mixin.py:115} INFO - [2022-08-05 18:57:25,551] {dag.py:2919} INFO - Setting next_dagrun for example_external_task_marker_child to None, run_after=None
[2022-08-05 18:57:25,552] {logging_mixin.py:115} INFO - [2022-08-05 18:57:25,552] {dag.py:2919} INFO - Setting next_dagrun for example_external_task_marker_parent to None, run_after=None
[2022-08-05 18:57:25,558] {processor.py:161} INFO - Processing /home/airflow/.local/lib/python3.7/site-packages/airflow/example_dags/example_external_task_marker_dag.py took 0.125 seconds
[2022-08-05 18:57:56,228] {processor.py:153} INFO - Started process (PID=2418) to work on /home/airflow/.local/lib/python3.7/site-packages/airflow/example_dags/example_external_task_marker_dag.py
[2022-08-05 18:57:56,229] {processor.py:641} INFO - Processing file /home/airflow/.local/lib/python3.7/site-packages/airflow/example_dags/example_external_task_marker_dag.py for tasks to queue
[2022-08-05 18:57:56,230] {logging_mixin.py:115} INFO - [2022-08-05 18:57:56,230] {dagbag.py:507} INFO - Filling up the DagBag from /home/airflow/.local/lib/python3.7/site-packages/airflow/example_dags/example_external_task_marker_dag.py
[2022-08-05 18:57:56,233] {processor.py:651} INFO - DAG(s) dict_keys(['example_external_task_marker_parent', 'example_external_task_marker_child']) retrieved from /home/airflow/.local/lib/python3.7/site-packages/airflow/example_dags/example_external_task_marker_dag.py
[2022-08-05 18:57:56,259] {logging_mixin.py:115} INFO - [2022-08-05 18:57:56,259] {dag.py:2371} INFO - Sync 2 DAGs
[2022-08-05 18:57:56,347] {logging_mixin.py:115} INFO - [2022-08-05 18:57:56,347] {dag.py:2919} INFO - Setting next_dagrun for example_external_task_marker_child to None, run_after=None
[2022-08-05 18:57:56,348] {logging_mixin.py:115} INFO - [2022-08-05 18:57:56,348] {dag.py:2919} INFO - Setting next_dagrun for example_external_task_marker_parent to None, run_after=None
[2022-08-05 18:57:56,355] {processor.py:161} INFO - Processing /home/airflow/.local/lib/python3.7/site-packages/airflow/example_dags/example_external_task_marker_dag.py took 0.129 seconds
[2022-08-05 18:58:27,143] {processor.py:153} INFO - Started process (PID=2480) to work on /home/airflow/.local/lib/python3.7/site-packages/airflow/example_dags/example_external_task_marker_dag.py
[2022-08-05 18:58:27,144] {processor.py:641} INFO - Processing file /home/airflow/.local/lib/python3.7/site-packages/airflow/example_dags/example_external_task_marker_dag.py for tasks to queue
[2022-08-05 18:58:27,145] {logging_mixin.py:115} INFO - [2022-08-05 18:58:27,145] {dagbag.py:507} INFO - Filling up the DagBag from /home/airflow/.local/lib/python3.7/site-packages/airflow/example_dags/example_external_task_marker_dag.py
[2022-08-05 18:58:27,148] {processor.py:651} INFO - DAG(s) dict_keys(['example_external_task_marker_parent', 'example_external_task_marker_child']) retrieved from /home/airflow/.local/lib/python3.7/site-packages/airflow/example_dags/example_external_task_marker_dag.py
[2022-08-05 18:58:27,236] {logging_mixin.py:115} INFO - [2022-08-05 18:58:27,236] {dag.py:2371} INFO - Sync 2 DAGs
[2022-08-05 18:58:27,246] {logging_mixin.py:115} INFO - [2022-08-05 18:58:27,246] {dag.py:2919} INFO - Setting next_dagrun for example_external_task_marker_child to None, run_after=None
[2022-08-05 18:58:27,247] {logging_mixin.py:115} INFO - [2022-08-05 18:58:27,247] {dag.py:2919} INFO - Setting next_dagrun for example_external_task_marker_parent to None, run_after=None
[2022-08-05 18:58:27,253] {processor.py:161} INFO - Processing /home/airflow/.local/lib/python3.7/site-packages/airflow/example_dags/example_external_task_marker_dag.py took 0.111 seconds
[2022-08-05 18:58:57,994] {processor.py:153} INFO - Started process (PID=2542) to work on /home/airflow/.local/lib/python3.7/site-packages/airflow/example_dags/example_external_task_marker_dag.py
[2022-08-05 18:58:57,995] {processor.py:641} INFO - Processing file /home/airflow/.local/lib/python3.7/site-packages/airflow/example_dags/example_external_task_marker_dag.py for tasks to queue
[2022-08-05 18:58:57,996] {logging_mixin.py:115} INFO - [2022-08-05 18:58:57,996] {dagbag.py:507} INFO - Filling up the DagBag from /home/airflow/.local/lib/python3.7/site-packages/airflow/example_dags/example_external_task_marker_dag.py
[2022-08-05 18:58:57,999] {processor.py:651} INFO - DAG(s) dict_keys(['example_external_task_marker_parent', 'example_external_task_marker_child']) retrieved from /home/airflow/.local/lib/python3.7/site-packages/airflow/example_dags/example_external_task_marker_dag.py
[2022-08-05 18:58:58,089] {logging_mixin.py:115} INFO - [2022-08-05 18:58:58,089] {dag.py:2371} INFO - Sync 2 DAGs
[2022-08-05 18:58:58,098] {logging_mixin.py:115} INFO - [2022-08-05 18:58:58,098] {dag.py:2919} INFO - Setting next_dagrun for example_external_task_marker_child to None, run_after=None
[2022-08-05 18:58:58,100] {logging_mixin.py:115} INFO - [2022-08-05 18:58:58,100] {dag.py:2919} INFO - Setting next_dagrun for example_external_task_marker_parent to None, run_after=None
[2022-08-05 18:58:58,107] {processor.py:161} INFO - Processing /home/airflow/.local/lib/python3.7/site-packages/airflow/example_dags/example_external_task_marker_dag.py took 0.114 seconds
[2022-08-05 18:59:28,893] {processor.py:153} INFO - Started process (PID=2604) to work on /home/airflow/.local/lib/python3.7/site-packages/airflow/example_dags/example_external_task_marker_dag.py
[2022-08-05 18:59:28,910] {processor.py:641} INFO - Processing file /home/airflow/.local/lib/python3.7/site-packages/airflow/example_dags/example_external_task_marker_dag.py for tasks to queue
[2022-08-05 18:59:28,911] {logging_mixin.py:115} INFO - [2022-08-05 18:59:28,911] {dagbag.py:507} INFO - Filling up the DagBag from /home/airflow/.local/lib/python3.7/site-packages/airflow/example_dags/example_external_task_marker_dag.py
[2022-08-05 18:59:28,913] {processor.py:651} INFO - DAG(s) dict_keys(['example_external_task_marker_parent', 'example_external_task_marker_child']) retrieved from /home/airflow/.local/lib/python3.7/site-packages/airflow/example_dags/example_external_task_marker_dag.py
[2022-08-05 18:59:29,003] {logging_mixin.py:115} INFO - [2022-08-05 18:59:29,003] {dag.py:2371} INFO - Sync 2 DAGs
[2022-08-05 18:59:29,013] {logging_mixin.py:115} INFO - [2022-08-05 18:59:29,013] {dag.py:2919} INFO - Setting next_dagrun for example_external_task_marker_child to None, run_after=None
[2022-08-05 18:59:29,014] {logging_mixin.py:115} INFO - [2022-08-05 18:59:29,014] {dag.py:2919} INFO - Setting next_dagrun for example_external_task_marker_parent to None, run_after=None
[2022-08-05 18:59:29,020] {processor.py:161} INFO - Processing /home/airflow/.local/lib/python3.7/site-packages/airflow/example_dags/example_external_task_marker_dag.py took 0.129 seconds
[2022-08-05 18:59:59,908] {processor.py:153} INFO - Started process (PID=2667) to work on /home/airflow/.local/lib/python3.7/site-packages/airflow/example_dags/example_external_task_marker_dag.py
[2022-08-05 18:59:59,910] {processor.py:641} INFO - Processing file /home/airflow/.local/lib/python3.7/site-packages/airflow/example_dags/example_external_task_marker_dag.py for tasks to queue
[2022-08-05 18:59:59,910] {logging_mixin.py:115} INFO - [2022-08-05 18:59:59,910] {dagbag.py:507} INFO - Filling up the DagBag from /home/airflow/.local/lib/python3.7/site-packages/airflow/example_dags/example_external_task_marker_dag.py
[2022-08-05 18:59:59,913] {processor.py:651} INFO - DAG(s) dict_keys(['example_external_task_marker_parent', 'example_external_task_marker_child']) retrieved from /home/airflow/.local/lib/python3.7/site-packages/airflow/example_dags/example_external_task_marker_dag.py
[2022-08-05 19:00:00,003] {logging_mixin.py:115} INFO - [2022-08-05 19:00:00,003] {dag.py:2371} INFO - Sync 2 DAGs
[2022-08-05 19:00:00,013] {logging_mixin.py:115} INFO - [2022-08-05 19:00:00,013] {dag.py:2919} INFO - Setting next_dagrun for example_external_task_marker_child to None, run_after=None
[2022-08-05 19:00:00,014] {logging_mixin.py:115} INFO - [2022-08-05 19:00:00,014] {dag.py:2919} INFO - Setting next_dagrun for example_external_task_marker_parent to None, run_after=None
[2022-08-05 19:00:00,020] {processor.py:161} INFO - Processing /home/airflow/.local/lib/python3.7/site-packages/airflow/example_dags/example_external_task_marker_dag.py took 0.113 seconds
[2022-08-05 19:00:30,693] {processor.py:153} INFO - Started process (PID=2720) to work on /home/airflow/.local/lib/python3.7/site-packages/airflow/example_dags/example_external_task_marker_dag.py
[2022-08-05 19:00:30,695] {processor.py:641} INFO - Processing file /home/airflow/.local/lib/python3.7/site-packages/airflow/example_dags/example_external_task_marker_dag.py for tasks to queue
[2022-08-05 19:00:30,696] {logging_mixin.py:115} INFO - [2022-08-05 19:00:30,696] {dagbag.py:507} INFO - Filling up the DagBag from /home/airflow/.local/lib/python3.7/site-packages/airflow/example_dags/example_external_task_marker_dag.py
[2022-08-05 19:00:30,699] {processor.py:651} INFO - DAG(s) dict_keys(['example_external_task_marker_parent', 'example_external_task_marker_child']) retrieved from /home/airflow/.local/lib/python3.7/site-packages/airflow/example_dags/example_external_task_marker_dag.py
[2022-08-05 19:00:30,806] {logging_mixin.py:115} INFO - [2022-08-05 19:00:30,806] {dag.py:2371} INFO - Sync 2 DAGs
[2022-08-05 19:00:30,818] {logging_mixin.py:115} INFO - [2022-08-05 19:00:30,818] {dag.py:2919} INFO - Setting next_dagrun for example_external_task_marker_child to None, run_after=None
[2022-08-05 19:00:30,819] {logging_mixin.py:115} INFO - [2022-08-05 19:00:30,819] {dag.py:2919} INFO - Setting next_dagrun for example_external_task_marker_parent to None, run_after=None
[2022-08-05 19:00:30,826] {processor.py:161} INFO - Processing /home/airflow/.local/lib/python3.7/site-packages/airflow/example_dags/example_external_task_marker_dag.py took 0.135 seconds
[2022-08-05 19:01:00,978] {processor.py:153} INFO - Started process (PID=2781) to work on /home/airflow/.local/lib/python3.7/site-packages/airflow/example_dags/example_external_task_marker_dag.py
[2022-08-05 19:01:00,979] {processor.py:641} INFO - Processing file /home/airflow/.local/lib/python3.7/site-packages/airflow/example_dags/example_external_task_marker_dag.py for tasks to queue
[2022-08-05 19:01:00,980] {logging_mixin.py:115} INFO - [2022-08-05 19:01:00,980] {dagbag.py:507} INFO - Filling up the DagBag from /home/airflow/.local/lib/python3.7/site-packages/airflow/example_dags/example_external_task_marker_dag.py
[2022-08-05 19:01:00,983] {processor.py:651} INFO - DAG(s) dict_keys(['example_external_task_marker_parent', 'example_external_task_marker_child']) retrieved from /home/airflow/.local/lib/python3.7/site-packages/airflow/example_dags/example_external_task_marker_dag.py
[2022-08-05 19:01:01,071] {logging_mixin.py:115} INFO - [2022-08-05 19:01:01,071] {dag.py:2371} INFO - Sync 2 DAGs
[2022-08-05 19:01:01,080] {logging_mixin.py:115} INFO - [2022-08-05 19:01:01,080] {dag.py:2919} INFO - Setting next_dagrun for example_external_task_marker_child to None, run_after=None
[2022-08-05 19:01:01,082] {logging_mixin.py:115} INFO - [2022-08-05 19:01:01,082] {dag.py:2919} INFO - Setting next_dagrun for example_external_task_marker_parent to None, run_after=None
[2022-08-05 19:01:01,088] {processor.py:161} INFO - Processing /home/airflow/.local/lib/python3.7/site-packages/airflow/example_dags/example_external_task_marker_dag.py took 0.112 seconds
[2022-08-05 19:01:31,226] {processor.py:153} INFO - Started process (PID=2843) to work on /home/airflow/.local/lib/python3.7/site-packages/airflow/example_dags/example_external_task_marker_dag.py
[2022-08-05 19:01:31,228] {processor.py:641} INFO - Processing file /home/airflow/.local/lib/python3.7/site-packages/airflow/example_dags/example_external_task_marker_dag.py for tasks to queue
[2022-08-05 19:01:31,228] {logging_mixin.py:115} INFO - [2022-08-05 19:01:31,228] {dagbag.py:507} INFO - Filling up the DagBag from /home/airflow/.local/lib/python3.7/site-packages/airflow/example_dags/example_external_task_marker_dag.py
[2022-08-05 19:01:31,231] {processor.py:651} INFO - DAG(s) dict_keys(['example_external_task_marker_parent', 'example_external_task_marker_child']) retrieved from /home/airflow/.local/lib/python3.7/site-packages/airflow/example_dags/example_external_task_marker_dag.py
[2022-08-05 19:01:31,321] {logging_mixin.py:115} INFO - [2022-08-05 19:01:31,321] {dag.py:2371} INFO - Sync 2 DAGs
[2022-08-05 19:01:31,330] {logging_mixin.py:115} INFO - [2022-08-05 19:01:31,330] {dag.py:2919} INFO - Setting next_dagrun for example_external_task_marker_child to None, run_after=None
[2022-08-05 19:01:31,331] {logging_mixin.py:115} INFO - [2022-08-05 19:01:31,331] {dag.py:2919} INFO - Setting next_dagrun for example_external_task_marker_parent to None, run_after=None
[2022-08-05 19:01:31,338] {processor.py:161} INFO - Processing /home/airflow/.local/lib/python3.7/site-packages/airflow/example_dags/example_external_task_marker_dag.py took 0.113 seconds
[2022-08-05 19:02:02,197] {processor.py:153} INFO - Started process (PID=2906) to work on /home/airflow/.local/lib/python3.7/site-packages/airflow/example_dags/example_external_task_marker_dag.py
[2022-08-05 19:02:02,198] {processor.py:641} INFO - Processing file /home/airflow/.local/lib/python3.7/site-packages/airflow/example_dags/example_external_task_marker_dag.py for tasks to queue
[2022-08-05 19:02:02,199] {logging_mixin.py:115} INFO - [2022-08-05 19:02:02,199] {dagbag.py:507} INFO - Filling up the DagBag from /home/airflow/.local/lib/python3.7/site-packages/airflow/example_dags/example_external_task_marker_dag.py
[2022-08-05 19:02:02,202] {processor.py:651} INFO - DAG(s) dict_keys(['example_external_task_marker_parent', 'example_external_task_marker_child']) retrieved from /home/airflow/.local/lib/python3.7/site-packages/airflow/example_dags/example_external_task_marker_dag.py
[2022-08-05 19:02:02,293] {logging_mixin.py:115} INFO - [2022-08-05 19:02:02,293] {dag.py:2371} INFO - Sync 2 DAGs
[2022-08-05 19:02:02,303] {logging_mixin.py:115} INFO - [2022-08-05 19:02:02,303] {dag.py:2919} INFO - Setting next_dagrun for example_external_task_marker_child to None, run_after=None
[2022-08-05 19:02:02,305] {logging_mixin.py:115} INFO - [2022-08-05 19:02:02,305] {dag.py:2919} INFO - Setting next_dagrun for example_external_task_marker_parent to None, run_after=None
[2022-08-05 19:02:02,311] {processor.py:161} INFO - Processing /home/airflow/.local/lib/python3.7/site-packages/airflow/example_dags/example_external_task_marker_dag.py took 0.116 seconds
[2022-08-05 19:02:33,392] {processor.py:153} INFO - Started process (PID=2970) to work on /home/airflow/.local/lib/python3.7/site-packages/airflow/example_dags/example_external_task_marker_dag.py
[2022-08-05 19:02:33,394] {processor.py:641} INFO - Processing file /home/airflow/.local/lib/python3.7/site-packages/airflow/example_dags/example_external_task_marker_dag.py for tasks to queue
[2022-08-05 19:02:33,395] {logging_mixin.py:115} INFO - [2022-08-05 19:02:33,395] {dagbag.py:507} INFO - Filling up the DagBag from /home/airflow/.local/lib/python3.7/site-packages/airflow/example_dags/example_external_task_marker_dag.py
[2022-08-05 19:02:33,398] {processor.py:651} INFO - DAG(s) dict_keys(['example_external_task_marker_parent', 'example_external_task_marker_child']) retrieved from /home/airflow/.local/lib/python3.7/site-packages/airflow/example_dags/example_external_task_marker_dag.py
[2022-08-05 19:02:33,498] {logging_mixin.py:115} INFO - [2022-08-05 19:02:33,498] {dag.py:2371} INFO - Sync 2 DAGs
[2022-08-05 19:02:33,509] {logging_mixin.py:115} INFO - [2022-08-05 19:02:33,509] {dag.py:2919} INFO - Setting next_dagrun for example_external_task_marker_child to None, run_after=None
[2022-08-05 19:02:33,511] {logging_mixin.py:115} INFO - [2022-08-05 19:02:33,511] {dag.py:2919} INFO - Setting next_dagrun for example_external_task_marker_parent to None, run_after=None
[2022-08-05 19:02:33,518] {processor.py:161} INFO - Processing /home/airflow/.local/lib/python3.7/site-packages/airflow/example_dags/example_external_task_marker_dag.py took 0.127 seconds
[2022-08-05 19:03:03,637] {processor.py:153} INFO - Started process (PID=3031) to work on /home/airflow/.local/lib/python3.7/site-packages/airflow/example_dags/example_external_task_marker_dag.py
[2022-08-05 19:03:03,639] {processor.py:641} INFO - Processing file /home/airflow/.local/lib/python3.7/site-packages/airflow/example_dags/example_external_task_marker_dag.py for tasks to queue
[2022-08-05 19:03:03,639] {logging_mixin.py:115} INFO - [2022-08-05 19:03:03,639] {dagbag.py:507} INFO - Filling up the DagBag from /home/airflow/.local/lib/python3.7/site-packages/airflow/example_dags/example_external_task_marker_dag.py
[2022-08-05 19:03:03,643] {processor.py:651} INFO - DAG(s) dict_keys(['example_external_task_marker_parent', 'example_external_task_marker_child']) retrieved from /home/airflow/.local/lib/python3.7/site-packages/airflow/example_dags/example_external_task_marker_dag.py
[2022-08-05 19:03:03,732] {logging_mixin.py:115} INFO - [2022-08-05 19:03:03,732] {dag.py:2371} INFO - Sync 2 DAGs
[2022-08-05 19:03:03,741] {logging_mixin.py:115} INFO - [2022-08-05 19:03:03,741] {dag.py:2919} INFO - Setting next_dagrun for example_external_task_marker_child to None, run_after=None
[2022-08-05 19:03:03,742] {logging_mixin.py:115} INFO - [2022-08-05 19:03:03,742] {dag.py:2919} INFO - Setting next_dagrun for example_external_task_marker_parent to None, run_after=None
[2022-08-05 19:03:03,749] {processor.py:161} INFO - Processing /home/airflow/.local/lib/python3.7/site-packages/airflow/example_dags/example_external_task_marker_dag.py took 0.114 seconds
[2022-08-05 19:53:24,555] {processor.py:153} INFO - Started process (PID=3083) to work on /home/airflow/.local/lib/python3.7/site-packages/airflow/example_dags/example_external_task_marker_dag.py
[2022-08-05 19:53:24,557] {processor.py:641} INFO - Processing file /home/airflow/.local/lib/python3.7/site-packages/airflow/example_dags/example_external_task_marker_dag.py for tasks to queue
[2022-08-05 19:53:24,558] {logging_mixin.py:115} INFO - [2022-08-05 19:53:24,558] {dagbag.py:507} INFO - Filling up the DagBag from /home/airflow/.local/lib/python3.7/site-packages/airflow/example_dags/example_external_task_marker_dag.py
[2022-08-05 19:53:24,564] {processor.py:651} INFO - DAG(s) dict_keys(['example_external_task_marker_parent', 'example_external_task_marker_child']) retrieved from /home/airflow/.local/lib/python3.7/site-packages/airflow/example_dags/example_external_task_marker_dag.py
[2022-08-05 19:53:24,626] {logging_mixin.py:115} INFO - [2022-08-05 19:53:24,626] {dag.py:2371} INFO - Sync 2 DAGs
[2022-08-05 19:53:24,653] {logging_mixin.py:115} INFO - [2022-08-05 19:53:24,653] {dag.py:2919} INFO - Setting next_dagrun for example_external_task_marker_child to None, run_after=None
[2022-08-05 19:53:24,655] {logging_mixin.py:115} INFO - [2022-08-05 19:53:24,655] {dag.py:2919} INFO - Setting next_dagrun for example_external_task_marker_parent to None, run_after=None
[2022-08-05 19:53:24,669] {processor.py:161} INFO - Processing /home/airflow/.local/lib/python3.7/site-packages/airflow/example_dags/example_external_task_marker_dag.py took 0.118 seconds
[2022-08-05 20:42:18,421] {processor.py:153} INFO - Started process (PID=3134) to work on /home/airflow/.local/lib/python3.7/site-packages/airflow/example_dags/example_external_task_marker_dag.py
[2022-08-05 20:42:18,423] {processor.py:641} INFO - Processing file /home/airflow/.local/lib/python3.7/site-packages/airflow/example_dags/example_external_task_marker_dag.py for tasks to queue
[2022-08-05 20:42:18,424] {logging_mixin.py:115} INFO - [2022-08-05 20:42:18,424] {dagbag.py:507} INFO - Filling up the DagBag from /home/airflow/.local/lib/python3.7/site-packages/airflow/example_dags/example_external_task_marker_dag.py
[2022-08-05 20:42:18,429] {processor.py:651} INFO - DAG(s) dict_keys(['example_external_task_marker_parent', 'example_external_task_marker_child']) retrieved from /home/airflow/.local/lib/python3.7/site-packages/airflow/example_dags/example_external_task_marker_dag.py
[2022-08-05 20:42:18,461] {logging_mixin.py:115} INFO - [2022-08-05 20:42:18,461] {dag.py:2371} INFO - Sync 2 DAGs
[2022-08-05 20:42:18,472] {logging_mixin.py:115} INFO - [2022-08-05 20:42:18,472] {dag.py:2919} INFO - Setting next_dagrun for example_external_task_marker_child to None, run_after=None
[2022-08-05 20:42:18,473] {logging_mixin.py:115} INFO - [2022-08-05 20:42:18,473] {dag.py:2919} INFO - Setting next_dagrun for example_external_task_marker_parent to None, run_after=None
[2022-08-05 20:42:18,480] {processor.py:161} INFO - Processing /home/airflow/.local/lib/python3.7/site-packages/airflow/example_dags/example_external_task_marker_dag.py took 0.061 seconds
[2022-08-05 21:16:20,757] {processor.py:153} INFO - Started process (PID=3194) to work on /home/airflow/.local/lib/python3.7/site-packages/airflow/example_dags/example_external_task_marker_dag.py
[2022-08-05 21:16:20,763] {processor.py:641} INFO - Processing file /home/airflow/.local/lib/python3.7/site-packages/airflow/example_dags/example_external_task_marker_dag.py for tasks to queue
[2022-08-05 21:16:20,766] {logging_mixin.py:115} INFO - [2022-08-05 21:16:20,766] {dagbag.py:507} INFO - Filling up the DagBag from /home/airflow/.local/lib/python3.7/site-packages/airflow/example_dags/example_external_task_marker_dag.py
[2022-08-05 21:16:20,775] {processor.py:651} INFO - DAG(s) dict_keys(['example_external_task_marker_parent', 'example_external_task_marker_child']) retrieved from /home/airflow/.local/lib/python3.7/site-packages/airflow/example_dags/example_external_task_marker_dag.py
[2022-08-05 21:16:20,855] {logging_mixin.py:115} INFO - [2022-08-05 21:16:20,855] {dag.py:2371} INFO - Sync 2 DAGs
[2022-08-05 21:16:20,882] {logging_mixin.py:115} INFO - [2022-08-05 21:16:20,882] {dag.py:2919} INFO - Setting next_dagrun for example_external_task_marker_child to None, run_after=None
[2022-08-05 21:16:20,883] {logging_mixin.py:115} INFO - [2022-08-05 21:16:20,883] {dag.py:2919} INFO - Setting next_dagrun for example_external_task_marker_parent to None, run_after=None
[2022-08-05 21:16:20,898] {processor.py:161} INFO - Processing /home/airflow/.local/lib/python3.7/site-packages/airflow/example_dags/example_external_task_marker_dag.py took 0.147 seconds
[2022-08-05 22:06:29,515] {processor.py:153} INFO - Started process (PID=3255) to work on /home/airflow/.local/lib/python3.7/site-packages/airflow/example_dags/example_external_task_marker_dag.py
[2022-08-05 22:06:29,517] {processor.py:641} INFO - Processing file /home/airflow/.local/lib/python3.7/site-packages/airflow/example_dags/example_external_task_marker_dag.py for tasks to queue
[2022-08-05 22:06:29,518] {logging_mixin.py:115} INFO - [2022-08-05 22:06:29,518] {dagbag.py:507} INFO - Filling up the DagBag from /home/airflow/.local/lib/python3.7/site-packages/airflow/example_dags/example_external_task_marker_dag.py
[2022-08-05 22:06:29,522] {processor.py:651} INFO - DAG(s) dict_keys(['example_external_task_marker_parent', 'example_external_task_marker_child']) retrieved from /home/airflow/.local/lib/python3.7/site-packages/airflow/example_dags/example_external_task_marker_dag.py
[2022-08-05 22:06:29,575] {logging_mixin.py:115} INFO - [2022-08-05 22:06:29,575] {dag.py:2371} INFO - Sync 2 DAGs
[2022-08-05 22:06:29,600] {logging_mixin.py:115} INFO - [2022-08-05 22:06:29,600] {dag.py:2919} INFO - Setting next_dagrun for example_external_task_marker_child to None, run_after=None
[2022-08-05 22:06:29,602] {logging_mixin.py:115} INFO - [2022-08-05 22:06:29,602] {dag.py:2919} INFO - Setting next_dagrun for example_external_task_marker_parent to None, run_after=None
[2022-08-05 22:06:29,621] {processor.py:161} INFO - Processing /home/airflow/.local/lib/python3.7/site-packages/airflow/example_dags/example_external_task_marker_dag.py took 0.109 seconds
[2022-08-05 22:40:27,831] {processor.py:153} INFO - Started process (PID=3316) to work on /home/airflow/.local/lib/python3.7/site-packages/airflow/example_dags/example_external_task_marker_dag.py
[2022-08-05 22:40:27,832] {processor.py:641} INFO - Processing file /home/airflow/.local/lib/python3.7/site-packages/airflow/example_dags/example_external_task_marker_dag.py for tasks to queue
[2022-08-05 22:40:27,833] {logging_mixin.py:115} INFO - [2022-08-05 22:40:27,833] {dagbag.py:507} INFO - Filling up the DagBag from /home/airflow/.local/lib/python3.7/site-packages/airflow/example_dags/example_external_task_marker_dag.py
[2022-08-05 22:40:27,836] {processor.py:651} INFO - DAG(s) dict_keys(['example_external_task_marker_parent', 'example_external_task_marker_child']) retrieved from /home/airflow/.local/lib/python3.7/site-packages/airflow/example_dags/example_external_task_marker_dag.py
[2022-08-05 22:40:27,858] {logging_mixin.py:115} INFO - [2022-08-05 22:40:27,858] {dag.py:2371} INFO - Sync 2 DAGs
[2022-08-05 22:40:27,870] {logging_mixin.py:115} INFO - [2022-08-05 22:40:27,870] {dag.py:2919} INFO - Setting next_dagrun for example_external_task_marker_child to None, run_after=None
[2022-08-05 22:40:27,871] {logging_mixin.py:115} INFO - [2022-08-05 22:40:27,871] {dag.py:2919} INFO - Setting next_dagrun for example_external_task_marker_parent to None, run_after=None
[2022-08-05 22:40:27,877] {processor.py:161} INFO - Processing /home/airflow/.local/lib/python3.7/site-packages/airflow/example_dags/example_external_task_marker_dag.py took 0.048 seconds
[2022-08-05 23:30:03,837] {processor.py:153} INFO - Started process (PID=3378) to work on /home/airflow/.local/lib/python3.7/site-packages/airflow/example_dags/example_external_task_marker_dag.py
[2022-08-05 23:30:03,838] {processor.py:641} INFO - Processing file /home/airflow/.local/lib/python3.7/site-packages/airflow/example_dags/example_external_task_marker_dag.py for tasks to queue
[2022-08-05 23:30:03,839] {logging_mixin.py:115} INFO - [2022-08-05 23:30:03,839] {dagbag.py:507} INFO - Filling up the DagBag from /home/airflow/.local/lib/python3.7/site-packages/airflow/example_dags/example_external_task_marker_dag.py
[2022-08-05 23:30:03,844] {processor.py:651} INFO - DAG(s) dict_keys(['example_external_task_marker_parent', 'example_external_task_marker_child']) retrieved from /home/airflow/.local/lib/python3.7/site-packages/airflow/example_dags/example_external_task_marker_dag.py
[2022-08-05 23:30:03,911] {logging_mixin.py:115} INFO - [2022-08-05 23:30:03,911] {dag.py:2371} INFO - Sync 2 DAGs
[2022-08-05 23:30:03,945] {logging_mixin.py:115} INFO - [2022-08-05 23:30:03,945] {dag.py:2919} INFO - Setting next_dagrun for example_external_task_marker_child to None, run_after=None
[2022-08-05 23:30:03,947] {logging_mixin.py:115} INFO - [2022-08-05 23:30:03,947] {dag.py:2919} INFO - Setting next_dagrun for example_external_task_marker_parent to None, run_after=None
[2022-08-05 23:30:03,966] {processor.py:161} INFO - Processing /home/airflow/.local/lib/python3.7/site-packages/airflow/example_dags/example_external_task_marker_dag.py took 0.132 seconds
