[2022-08-05 18:37:57,959] {processor.py:153} INFO - Started process (PID=44) to work on /home/airflow/.local/lib/python3.7/site-packages/airflow/example_dags/tutorial.py
[2022-08-05 18:37:57,961] {processor.py:641} INFO - Processing file /home/airflow/.local/lib/python3.7/site-packages/airflow/example_dags/tutorial.py for tasks to queue
[2022-08-05 18:37:57,962] {logging_mixin.py:115} INFO - [2022-08-05 18:37:57,962] {dagbag.py:507} INFO - Filling up the DagBag from /home/airflow/.local/lib/python3.7/site-packages/airflow/example_dags/tutorial.py
[2022-08-05 18:37:57,968] {processor.py:651} INFO - DAG(s) dict_keys(['tutorial']) retrieved from /home/airflow/.local/lib/python3.7/site-packages/airflow/example_dags/tutorial.py
[2022-08-05 18:37:57,994] {logging_mixin.py:115} INFO - [2022-08-05 18:37:57,994] {dag.py:2371} INFO - Sync 1 DAGs
[2022-08-05 18:37:58,034] {logging_mixin.py:115} INFO - [2022-08-05 18:37:58,033] {dag.py:2919} INFO - Setting next_dagrun for tutorial to 2022-08-04T18:37:58.033639+00:00, run_after=2022-08-05T18:37:58.033639+00:00
[2022-08-05 18:37:58,062] {processor.py:161} INFO - Processing /home/airflow/.local/lib/python3.7/site-packages/airflow/example_dags/tutorial.py took 0.106 seconds
[2022-08-05 18:38:28,167] {processor.py:153} INFO - Started process (PID=107) to work on /home/airflow/.local/lib/python3.7/site-packages/airflow/example_dags/tutorial.py
[2022-08-05 18:38:28,169] {processor.py:641} INFO - Processing file /home/airflow/.local/lib/python3.7/site-packages/airflow/example_dags/tutorial.py for tasks to queue
[2022-08-05 18:38:28,169] {logging_mixin.py:115} INFO - [2022-08-05 18:38:28,169] {dagbag.py:507} INFO - Filling up the DagBag from /home/airflow/.local/lib/python3.7/site-packages/airflow/example_dags/tutorial.py
[2022-08-05 18:38:28,173] {processor.py:651} INFO - DAG(s) dict_keys(['tutorial']) retrieved from /home/airflow/.local/lib/python3.7/site-packages/airflow/example_dags/tutorial.py
[2022-08-05 18:38:28,189] {logging_mixin.py:115} INFO - [2022-08-05 18:38:28,189] {dag.py:2371} INFO - Sync 1 DAGs
[2022-08-05 18:38:28,202] {logging_mixin.py:115} INFO - [2022-08-05 18:38:28,202] {dag.py:2919} INFO - Setting next_dagrun for tutorial to 2022-08-04T18:38:28.202187+00:00, run_after=2022-08-05T18:38:28.202187+00:00
[2022-08-05 18:38:28,210] {processor.py:161} INFO - Processing /home/airflow/.local/lib/python3.7/site-packages/airflow/example_dags/tutorial.py took 0.045 seconds
[2022-08-05 18:38:58,455] {processor.py:153} INFO - Started process (PID=169) to work on /home/airflow/.local/lib/python3.7/site-packages/airflow/example_dags/tutorial.py
[2022-08-05 18:38:58,456] {processor.py:641} INFO - Processing file /home/airflow/.local/lib/python3.7/site-packages/airflow/example_dags/tutorial.py for tasks to queue
[2022-08-05 18:38:58,457] {logging_mixin.py:115} INFO - [2022-08-05 18:38:58,457] {dagbag.py:507} INFO - Filling up the DagBag from /home/airflow/.local/lib/python3.7/site-packages/airflow/example_dags/tutorial.py
[2022-08-05 18:38:58,461] {processor.py:651} INFO - DAG(s) dict_keys(['tutorial']) retrieved from /home/airflow/.local/lib/python3.7/site-packages/airflow/example_dags/tutorial.py
[2022-08-05 18:38:58,482] {logging_mixin.py:115} INFO - [2022-08-05 18:38:58,482] {dag.py:2371} INFO - Sync 1 DAGs
[2022-08-05 18:38:58,496] {logging_mixin.py:115} INFO - [2022-08-05 18:38:58,496] {dag.py:2919} INFO - Setting next_dagrun for tutorial to 2022-08-04T18:38:58.496476+00:00, run_after=2022-08-05T18:38:58.496476+00:00
[2022-08-05 18:38:58,503] {processor.py:161} INFO - Processing /home/airflow/.local/lib/python3.7/site-packages/airflow/example_dags/tutorial.py took 0.050 seconds
[2022-08-05 18:39:29,058] {processor.py:153} INFO - Started process (PID=232) to work on /home/airflow/.local/lib/python3.7/site-packages/airflow/example_dags/tutorial.py
[2022-08-05 18:39:29,059] {processor.py:641} INFO - Processing file /home/airflow/.local/lib/python3.7/site-packages/airflow/example_dags/tutorial.py for tasks to queue
[2022-08-05 18:39:29,060] {logging_mixin.py:115} INFO - [2022-08-05 18:39:29,060] {dagbag.py:507} INFO - Filling up the DagBag from /home/airflow/.local/lib/python3.7/site-packages/airflow/example_dags/tutorial.py
[2022-08-05 18:39:29,064] {processor.py:651} INFO - DAG(s) dict_keys(['tutorial']) retrieved from /home/airflow/.local/lib/python3.7/site-packages/airflow/example_dags/tutorial.py
[2022-08-05 18:39:29,079] {logging_mixin.py:115} INFO - [2022-08-05 18:39:29,079] {dag.py:2371} INFO - Sync 1 DAGs
[2022-08-05 18:39:29,093] {logging_mixin.py:115} INFO - [2022-08-05 18:39:29,093] {dag.py:2919} INFO - Setting next_dagrun for tutorial to 2022-08-04T18:39:29.093181+00:00, run_after=2022-08-05T18:39:29.093181+00:00
[2022-08-05 18:39:29,101] {processor.py:161} INFO - Processing /home/airflow/.local/lib/python3.7/site-packages/airflow/example_dags/tutorial.py took 0.045 seconds
[2022-08-05 18:39:59,644] {processor.py:153} INFO - Started process (PID=293) to work on /home/airflow/.local/lib/python3.7/site-packages/airflow/example_dags/tutorial.py
[2022-08-05 18:39:59,645] {processor.py:641} INFO - Processing file /home/airflow/.local/lib/python3.7/site-packages/airflow/example_dags/tutorial.py for tasks to queue
[2022-08-05 18:39:59,646] {logging_mixin.py:115} INFO - [2022-08-05 18:39:59,646] {dagbag.py:507} INFO - Filling up the DagBag from /home/airflow/.local/lib/python3.7/site-packages/airflow/example_dags/tutorial.py
[2022-08-05 18:39:59,651] {processor.py:651} INFO - DAG(s) dict_keys(['tutorial']) retrieved from /home/airflow/.local/lib/python3.7/site-packages/airflow/example_dags/tutorial.py
[2022-08-05 18:39:59,667] {logging_mixin.py:115} INFO - [2022-08-05 18:39:59,667] {dag.py:2371} INFO - Sync 1 DAGs
[2022-08-05 18:39:59,680] {logging_mixin.py:115} INFO - [2022-08-05 18:39:59,680] {dag.py:2919} INFO - Setting next_dagrun for tutorial to 2022-08-04T18:39:59.680601+00:00, run_after=2022-08-05T18:39:59.680601+00:00
[2022-08-05 18:39:59,688] {processor.py:161} INFO - Processing /home/airflow/.local/lib/python3.7/site-packages/airflow/example_dags/tutorial.py took 0.045 seconds
[2022-08-05 18:40:30,148] {processor.py:153} INFO - Started process (PID=347) to work on /home/airflow/.local/lib/python3.7/site-packages/airflow/example_dags/tutorial.py
[2022-08-05 18:40:30,150] {processor.py:641} INFO - Processing file /home/airflow/.local/lib/python3.7/site-packages/airflow/example_dags/tutorial.py for tasks to queue
[2022-08-05 18:40:30,151] {logging_mixin.py:115} INFO - [2022-08-05 18:40:30,151] {dagbag.py:507} INFO - Filling up the DagBag from /home/airflow/.local/lib/python3.7/site-packages/airflow/example_dags/tutorial.py
[2022-08-05 18:40:30,155] {processor.py:651} INFO - DAG(s) dict_keys(['tutorial']) retrieved from /home/airflow/.local/lib/python3.7/site-packages/airflow/example_dags/tutorial.py
[2022-08-05 18:40:30,171] {logging_mixin.py:115} INFO - [2022-08-05 18:40:30,170] {dag.py:2371} INFO - Sync 1 DAGs
[2022-08-05 18:40:30,185] {logging_mixin.py:115} INFO - [2022-08-05 18:40:30,185] {dag.py:2919} INFO - Setting next_dagrun for tutorial to 2022-08-04T18:40:30.185384+00:00, run_after=2022-08-05T18:40:30.185384+00:00
[2022-08-05 18:40:30,193] {processor.py:161} INFO - Processing /home/airflow/.local/lib/python3.7/site-packages/airflow/example_dags/tutorial.py took 0.047 seconds
[2022-08-05 18:41:01,137] {processor.py:153} INFO - Started process (PID=409) to work on /home/airflow/.local/lib/python3.7/site-packages/airflow/example_dags/tutorial.py
[2022-08-05 18:41:01,138] {processor.py:641} INFO - Processing file /home/airflow/.local/lib/python3.7/site-packages/airflow/example_dags/tutorial.py for tasks to queue
[2022-08-05 18:41:01,139] {logging_mixin.py:115} INFO - [2022-08-05 18:41:01,139] {dagbag.py:507} INFO - Filling up the DagBag from /home/airflow/.local/lib/python3.7/site-packages/airflow/example_dags/tutorial.py
[2022-08-05 18:41:01,143] {processor.py:651} INFO - DAG(s) dict_keys(['tutorial']) retrieved from /home/airflow/.local/lib/python3.7/site-packages/airflow/example_dags/tutorial.py
[2022-08-05 18:41:01,160] {logging_mixin.py:115} INFO - [2022-08-05 18:41:01,160] {dag.py:2371} INFO - Sync 1 DAGs
[2022-08-05 18:41:01,174] {logging_mixin.py:115} INFO - [2022-08-05 18:41:01,174] {dag.py:2919} INFO - Setting next_dagrun for tutorial to 2022-08-04T18:41:01.174534+00:00, run_after=2022-08-05T18:41:01.174534+00:00
[2022-08-05 18:41:01,182] {processor.py:161} INFO - Processing /home/airflow/.local/lib/python3.7/site-packages/airflow/example_dags/tutorial.py took 0.047 seconds
[2022-08-05 18:41:31,813] {processor.py:153} INFO - Started process (PID=471) to work on /home/airflow/.local/lib/python3.7/site-packages/airflow/example_dags/tutorial.py
[2022-08-05 18:41:31,815] {processor.py:641} INFO - Processing file /home/airflow/.local/lib/python3.7/site-packages/airflow/example_dags/tutorial.py for tasks to queue
[2022-08-05 18:41:31,816] {logging_mixin.py:115} INFO - [2022-08-05 18:41:31,816] {dagbag.py:507} INFO - Filling up the DagBag from /home/airflow/.local/lib/python3.7/site-packages/airflow/example_dags/tutorial.py
[2022-08-05 18:41:31,820] {processor.py:651} INFO - DAG(s) dict_keys(['tutorial']) retrieved from /home/airflow/.local/lib/python3.7/site-packages/airflow/example_dags/tutorial.py
[2022-08-05 18:41:31,834] {logging_mixin.py:115} INFO - [2022-08-05 18:41:31,834] {dag.py:2371} INFO - Sync 1 DAGs
[2022-08-05 18:41:31,847] {logging_mixin.py:115} INFO - [2022-08-05 18:41:31,846] {dag.py:2919} INFO - Setting next_dagrun for tutorial to 2022-08-04T18:41:31.846809+00:00, run_after=2022-08-05T18:41:31.846809+00:00
[2022-08-05 18:41:31,853] {processor.py:161} INFO - Processing /home/airflow/.local/lib/python3.7/site-packages/airflow/example_dags/tutorial.py took 0.043 seconds
[2022-08-05 18:42:02,221] {processor.py:153} INFO - Started process (PID=533) to work on /home/airflow/.local/lib/python3.7/site-packages/airflow/example_dags/tutorial.py
[2022-08-05 18:42:02,222] {processor.py:641} INFO - Processing file /home/airflow/.local/lib/python3.7/site-packages/airflow/example_dags/tutorial.py for tasks to queue
[2022-08-05 18:42:02,223] {logging_mixin.py:115} INFO - [2022-08-05 18:42:02,223] {dagbag.py:507} INFO - Filling up the DagBag from /home/airflow/.local/lib/python3.7/site-packages/airflow/example_dags/tutorial.py
[2022-08-05 18:42:02,227] {processor.py:651} INFO - DAG(s) dict_keys(['tutorial']) retrieved from /home/airflow/.local/lib/python3.7/site-packages/airflow/example_dags/tutorial.py
[2022-08-05 18:42:02,244] {logging_mixin.py:115} INFO - [2022-08-05 18:42:02,243] {dag.py:2371} INFO - Sync 1 DAGs
[2022-08-05 18:42:02,258] {logging_mixin.py:115} INFO - [2022-08-05 18:42:02,258] {dag.py:2919} INFO - Setting next_dagrun for tutorial to 2022-08-04T18:42:02.258369+00:00, run_after=2022-08-05T18:42:02.258369+00:00
[2022-08-05 18:42:02,266] {processor.py:161} INFO - Processing /home/airflow/.local/lib/python3.7/site-packages/airflow/example_dags/tutorial.py took 0.047 seconds
[2022-08-05 18:42:32,843] {processor.py:153} INFO - Started process (PID=595) to work on /home/airflow/.local/lib/python3.7/site-packages/airflow/example_dags/tutorial.py
[2022-08-05 18:42:32,844] {processor.py:641} INFO - Processing file /home/airflow/.local/lib/python3.7/site-packages/airflow/example_dags/tutorial.py for tasks to queue
[2022-08-05 18:42:32,845] {logging_mixin.py:115} INFO - [2022-08-05 18:42:32,845] {dagbag.py:507} INFO - Filling up the DagBag from /home/airflow/.local/lib/python3.7/site-packages/airflow/example_dags/tutorial.py
[2022-08-05 18:42:32,849] {processor.py:651} INFO - DAG(s) dict_keys(['tutorial']) retrieved from /home/airflow/.local/lib/python3.7/site-packages/airflow/example_dags/tutorial.py
[2022-08-05 18:42:32,865] {logging_mixin.py:115} INFO - [2022-08-05 18:42:32,865] {dag.py:2371} INFO - Sync 1 DAGs
[2022-08-05 18:42:32,879] {logging_mixin.py:115} INFO - [2022-08-05 18:42:32,879] {dag.py:2919} INFO - Setting next_dagrun for tutorial to 2022-08-04T18:42:32.879496+00:00, run_after=2022-08-05T18:42:32.879496+00:00
[2022-08-05 18:42:32,888] {processor.py:161} INFO - Processing /home/airflow/.local/lib/python3.7/site-packages/airflow/example_dags/tutorial.py took 0.048 seconds
[2022-08-05 18:43:04,027] {processor.py:153} INFO - Started process (PID=657) to work on /home/airflow/.local/lib/python3.7/site-packages/airflow/example_dags/tutorial.py
[2022-08-05 18:43:04,029] {processor.py:641} INFO - Processing file /home/airflow/.local/lib/python3.7/site-packages/airflow/example_dags/tutorial.py for tasks to queue
[2022-08-05 18:43:04,030] {logging_mixin.py:115} INFO - [2022-08-05 18:43:04,030] {dagbag.py:507} INFO - Filling up the DagBag from /home/airflow/.local/lib/python3.7/site-packages/airflow/example_dags/tutorial.py
[2022-08-05 18:43:04,034] {processor.py:651} INFO - DAG(s) dict_keys(['tutorial']) retrieved from /home/airflow/.local/lib/python3.7/site-packages/airflow/example_dags/tutorial.py
[2022-08-05 18:43:04,051] {logging_mixin.py:115} INFO - [2022-08-05 18:43:04,051] {dag.py:2371} INFO - Sync 1 DAGs
[2022-08-05 18:43:04,177] {logging_mixin.py:115} INFO - [2022-08-05 18:43:04,177] {dag.py:2919} INFO - Setting next_dagrun for tutorial to 2022-08-04T18:43:04.177071+00:00, run_after=2022-08-05T18:43:04.177071+00:00
[2022-08-05 18:43:04,244] {processor.py:161} INFO - Processing /home/airflow/.local/lib/python3.7/site-packages/airflow/example_dags/tutorial.py took 0.219 seconds
[2022-08-05 18:43:34,398] {processor.py:153} INFO - Started process (PID=719) to work on /home/airflow/.local/lib/python3.7/site-packages/airflow/example_dags/tutorial.py
[2022-08-05 18:43:34,399] {processor.py:641} INFO - Processing file /home/airflow/.local/lib/python3.7/site-packages/airflow/example_dags/tutorial.py for tasks to queue
[2022-08-05 18:43:34,400] {logging_mixin.py:115} INFO - [2022-08-05 18:43:34,400] {dagbag.py:507} INFO - Filling up the DagBag from /home/airflow/.local/lib/python3.7/site-packages/airflow/example_dags/tutorial.py
[2022-08-05 18:43:34,403] {processor.py:651} INFO - DAG(s) dict_keys(['tutorial']) retrieved from /home/airflow/.local/lib/python3.7/site-packages/airflow/example_dags/tutorial.py
[2022-08-05 18:43:34,418] {logging_mixin.py:115} INFO - [2022-08-05 18:43:34,418] {dag.py:2371} INFO - Sync 1 DAGs
[2022-08-05 18:43:34,496] {logging_mixin.py:115} INFO - [2022-08-05 18:43:34,495] {dag.py:2919} INFO - Setting next_dagrun for tutorial to 2022-08-04T18:43:34.495857+00:00, run_after=2022-08-05T18:43:34.495857+00:00
[2022-08-05 18:43:34,502] {processor.py:161} INFO - Processing /home/airflow/.local/lib/python3.7/site-packages/airflow/example_dags/tutorial.py took 0.106 seconds
[2022-08-05 18:44:04,532] {processor.py:153} INFO - Started process (PID=772) to work on /home/airflow/.local/lib/python3.7/site-packages/airflow/example_dags/tutorial.py
[2022-08-05 18:44:04,533] {processor.py:641} INFO - Processing file /home/airflow/.local/lib/python3.7/site-packages/airflow/example_dags/tutorial.py for tasks to queue
[2022-08-05 18:44:04,534] {logging_mixin.py:115} INFO - [2022-08-05 18:44:04,534] {dagbag.py:507} INFO - Filling up the DagBag from /home/airflow/.local/lib/python3.7/site-packages/airflow/example_dags/tutorial.py
[2022-08-05 18:44:04,538] {processor.py:651} INFO - DAG(s) dict_keys(['tutorial']) retrieved from /home/airflow/.local/lib/python3.7/site-packages/airflow/example_dags/tutorial.py
[2022-08-05 18:44:04,554] {logging_mixin.py:115} INFO - [2022-08-05 18:44:04,554] {dag.py:2371} INFO - Sync 1 DAGs
[2022-08-05 18:44:04,652] {logging_mixin.py:115} INFO - [2022-08-05 18:44:04,652] {dag.py:2919} INFO - Setting next_dagrun for tutorial to 2022-08-04T18:44:04.652416+00:00, run_after=2022-08-05T18:44:04.652416+00:00
[2022-08-05 18:44:04,661] {processor.py:161} INFO - Processing /home/airflow/.local/lib/python3.7/site-packages/airflow/example_dags/tutorial.py took 0.131 seconds
[2022-08-05 18:44:34,756] {processor.py:153} INFO - Started process (PID=835) to work on /home/airflow/.local/lib/python3.7/site-packages/airflow/example_dags/tutorial.py
[2022-08-05 18:44:34,757] {processor.py:641} INFO - Processing file /home/airflow/.local/lib/python3.7/site-packages/airflow/example_dags/tutorial.py for tasks to queue
[2022-08-05 18:44:34,758] {logging_mixin.py:115} INFO - [2022-08-05 18:44:34,758] {dagbag.py:507} INFO - Filling up the DagBag from /home/airflow/.local/lib/python3.7/site-packages/airflow/example_dags/tutorial.py
[2022-08-05 18:44:34,762] {processor.py:651} INFO - DAG(s) dict_keys(['tutorial']) retrieved from /home/airflow/.local/lib/python3.7/site-packages/airflow/example_dags/tutorial.py
[2022-08-05 18:44:34,778] {logging_mixin.py:115} INFO - [2022-08-05 18:44:34,778] {dag.py:2371} INFO - Sync 1 DAGs
[2022-08-05 18:44:34,879] {logging_mixin.py:115} INFO - [2022-08-05 18:44:34,879] {dag.py:2919} INFO - Setting next_dagrun for tutorial to 2022-08-04T18:44:34.879809+00:00, run_after=2022-08-05T18:44:34.879809+00:00
[2022-08-05 18:44:34,887] {processor.py:161} INFO - Processing /home/airflow/.local/lib/python3.7/site-packages/airflow/example_dags/tutorial.py took 0.133 seconds
[2022-08-05 18:45:04,962] {processor.py:153} INFO - Started process (PID=898) to work on /home/airflow/.local/lib/python3.7/site-packages/airflow/example_dags/tutorial.py
[2022-08-05 18:45:04,963] {processor.py:641} INFO - Processing file /home/airflow/.local/lib/python3.7/site-packages/airflow/example_dags/tutorial.py for tasks to queue
[2022-08-05 18:45:04,967] {logging_mixin.py:115} INFO - [2022-08-05 18:45:04,967] {dagbag.py:507} INFO - Filling up the DagBag from /home/airflow/.local/lib/python3.7/site-packages/airflow/example_dags/tutorial.py
[2022-08-05 18:45:04,971] {processor.py:651} INFO - DAG(s) dict_keys(['tutorial']) retrieved from /home/airflow/.local/lib/python3.7/site-packages/airflow/example_dags/tutorial.py
[2022-08-05 18:45:04,986] {logging_mixin.py:115} INFO - [2022-08-05 18:45:04,986] {dag.py:2371} INFO - Sync 1 DAGs
[2022-08-05 18:45:05,076] {logging_mixin.py:115} INFO - [2022-08-05 18:45:05,076] {dag.py:2919} INFO - Setting next_dagrun for tutorial to 2022-08-04T18:45:05.076445+00:00, run_after=2022-08-05T18:45:05.076445+00:00
[2022-08-05 18:45:05,083] {processor.py:161} INFO - Processing /home/airflow/.local/lib/python3.7/site-packages/airflow/example_dags/tutorial.py took 0.123 seconds
[2022-08-05 18:45:35,933] {processor.py:153} INFO - Started process (PID=959) to work on /home/airflow/.local/lib/python3.7/site-packages/airflow/example_dags/tutorial.py
[2022-08-05 18:45:35,934] {processor.py:641} INFO - Processing file /home/airflow/.local/lib/python3.7/site-packages/airflow/example_dags/tutorial.py for tasks to queue
[2022-08-05 18:45:35,935] {logging_mixin.py:115} INFO - [2022-08-05 18:45:35,935] {dagbag.py:507} INFO - Filling up the DagBag from /home/airflow/.local/lib/python3.7/site-packages/airflow/example_dags/tutorial.py
[2022-08-05 18:45:35,939] {processor.py:651} INFO - DAG(s) dict_keys(['tutorial']) retrieved from /home/airflow/.local/lib/python3.7/site-packages/airflow/example_dags/tutorial.py
[2022-08-05 18:45:35,959] {logging_mixin.py:115} INFO - [2022-08-05 18:45:35,959] {dag.py:2371} INFO - Sync 1 DAGs
[2022-08-05 18:45:36,056] {logging_mixin.py:115} INFO - [2022-08-05 18:45:36,056] {dag.py:2919} INFO - Setting next_dagrun for tutorial to 2022-08-04T18:45:36.056070+00:00, run_after=2022-08-05T18:45:36.056070+00:00
[2022-08-05 18:45:36,064] {processor.py:161} INFO - Processing /home/airflow/.local/lib/python3.7/site-packages/airflow/example_dags/tutorial.py took 0.134 seconds
[2022-08-05 18:46:06,972] {processor.py:153} INFO - Started process (PID=1021) to work on /home/airflow/.local/lib/python3.7/site-packages/airflow/example_dags/tutorial.py
[2022-08-05 18:46:06,974] {processor.py:641} INFO - Processing file /home/airflow/.local/lib/python3.7/site-packages/airflow/example_dags/tutorial.py for tasks to queue
[2022-08-05 18:46:06,974] {logging_mixin.py:115} INFO - [2022-08-05 18:46:06,974] {dagbag.py:507} INFO - Filling up the DagBag from /home/airflow/.local/lib/python3.7/site-packages/airflow/example_dags/tutorial.py
[2022-08-05 18:46:06,979] {processor.py:651} INFO - DAG(s) dict_keys(['tutorial']) retrieved from /home/airflow/.local/lib/python3.7/site-packages/airflow/example_dags/tutorial.py
[2022-08-05 18:46:06,996] {logging_mixin.py:115} INFO - [2022-08-05 18:46:06,996] {dag.py:2371} INFO - Sync 1 DAGs
[2022-08-05 18:46:07,085] {logging_mixin.py:115} INFO - [2022-08-05 18:46:07,085] {dag.py:2919} INFO - Setting next_dagrun for tutorial to 2022-08-04T18:46:07.085279+00:00, run_after=2022-08-05T18:46:07.085279+00:00
[2022-08-05 18:46:07,093] {processor.py:161} INFO - Processing /home/airflow/.local/lib/python3.7/site-packages/airflow/example_dags/tutorial.py took 0.122 seconds
[2022-08-05 18:46:37,780] {processor.py:153} INFO - Started process (PID=1084) to work on /home/airflow/.local/lib/python3.7/site-packages/airflow/example_dags/tutorial.py
[2022-08-05 18:46:37,781] {processor.py:641} INFO - Processing file /home/airflow/.local/lib/python3.7/site-packages/airflow/example_dags/tutorial.py for tasks to queue
[2022-08-05 18:46:37,782] {logging_mixin.py:115} INFO - [2022-08-05 18:46:37,782] {dagbag.py:507} INFO - Filling up the DagBag from /home/airflow/.local/lib/python3.7/site-packages/airflow/example_dags/tutorial.py
[2022-08-05 18:46:37,786] {processor.py:651} INFO - DAG(s) dict_keys(['tutorial']) retrieved from /home/airflow/.local/lib/python3.7/site-packages/airflow/example_dags/tutorial.py
[2022-08-05 18:46:37,801] {logging_mixin.py:115} INFO - [2022-08-05 18:46:37,801] {dag.py:2371} INFO - Sync 1 DAGs
[2022-08-05 18:46:37,891] {logging_mixin.py:115} INFO - [2022-08-05 18:46:37,890] {dag.py:2919} INFO - Setting next_dagrun for tutorial to 2022-08-04T18:46:37.890900+00:00, run_after=2022-08-05T18:46:37.890900+00:00
[2022-08-05 18:46:37,898] {processor.py:161} INFO - Processing /home/airflow/.local/lib/python3.7/site-packages/airflow/example_dags/tutorial.py took 0.120 seconds
[2022-08-05 18:47:08,666] {processor.py:153} INFO - Started process (PID=1146) to work on /home/airflow/.local/lib/python3.7/site-packages/airflow/example_dags/tutorial.py
[2022-08-05 18:47:08,667] {processor.py:641} INFO - Processing file /home/airflow/.local/lib/python3.7/site-packages/airflow/example_dags/tutorial.py for tasks to queue
[2022-08-05 18:47:08,668] {logging_mixin.py:115} INFO - [2022-08-05 18:47:08,668] {dagbag.py:507} INFO - Filling up the DagBag from /home/airflow/.local/lib/python3.7/site-packages/airflow/example_dags/tutorial.py
[2022-08-05 18:47:08,672] {processor.py:651} INFO - DAG(s) dict_keys(['tutorial']) retrieved from /home/airflow/.local/lib/python3.7/site-packages/airflow/example_dags/tutorial.py
[2022-08-05 18:47:08,686] {logging_mixin.py:115} INFO - [2022-08-05 18:47:08,685] {dag.py:2371} INFO - Sync 1 DAGs
[2022-08-05 18:47:08,773] {logging_mixin.py:115} INFO - [2022-08-05 18:47:08,773] {dag.py:2919} INFO - Setting next_dagrun for tutorial to 2022-08-04T18:47:08.773124+00:00, run_after=2022-08-05T18:47:08.773124+00:00
[2022-08-05 18:47:08,780] {processor.py:161} INFO - Processing /home/airflow/.local/lib/python3.7/site-packages/airflow/example_dags/tutorial.py took 0.116 seconds
[2022-08-05 18:47:39,516] {processor.py:153} INFO - Started process (PID=1200) to work on /home/airflow/.local/lib/python3.7/site-packages/airflow/example_dags/tutorial.py
[2022-08-05 18:47:39,517] {processor.py:641} INFO - Processing file /home/airflow/.local/lib/python3.7/site-packages/airflow/example_dags/tutorial.py for tasks to queue
[2022-08-05 18:47:39,518] {logging_mixin.py:115} INFO - [2022-08-05 18:47:39,518] {dagbag.py:507} INFO - Filling up the DagBag from /home/airflow/.local/lib/python3.7/site-packages/airflow/example_dags/tutorial.py
[2022-08-05 18:47:39,523] {processor.py:651} INFO - DAG(s) dict_keys(['tutorial']) retrieved from /home/airflow/.local/lib/python3.7/site-packages/airflow/example_dags/tutorial.py
[2022-08-05 18:47:39,542] {logging_mixin.py:115} INFO - [2022-08-05 18:47:39,542] {dag.py:2371} INFO - Sync 1 DAGs
[2022-08-05 18:47:39,638] {logging_mixin.py:115} INFO - [2022-08-05 18:47:39,638] {dag.py:2919} INFO - Setting next_dagrun for tutorial to 2022-08-04T18:47:39.638520+00:00, run_after=2022-08-05T18:47:39.638520+00:00
[2022-08-05 18:47:39,647] {processor.py:161} INFO - Processing /home/airflow/.local/lib/python3.7/site-packages/airflow/example_dags/tutorial.py took 0.134 seconds
[2022-08-05 18:48:10,382] {processor.py:153} INFO - Started process (PID=1262) to work on /home/airflow/.local/lib/python3.7/site-packages/airflow/example_dags/tutorial.py
[2022-08-05 18:48:10,383] {processor.py:641} INFO - Processing file /home/airflow/.local/lib/python3.7/site-packages/airflow/example_dags/tutorial.py for tasks to queue
[2022-08-05 18:48:10,384] {logging_mixin.py:115} INFO - [2022-08-05 18:48:10,384] {dagbag.py:507} INFO - Filling up the DagBag from /home/airflow/.local/lib/python3.7/site-packages/airflow/example_dags/tutorial.py
[2022-08-05 18:48:10,387] {processor.py:651} INFO - DAG(s) dict_keys(['tutorial']) retrieved from /home/airflow/.local/lib/python3.7/site-packages/airflow/example_dags/tutorial.py
[2022-08-05 18:48:10,404] {logging_mixin.py:115} INFO - [2022-08-05 18:48:10,404] {dag.py:2371} INFO - Sync 1 DAGs
[2022-08-05 18:48:10,502] {logging_mixin.py:115} INFO - [2022-08-05 18:48:10,502] {dag.py:2919} INFO - Setting next_dagrun for tutorial to 2022-08-04T18:48:10.502662+00:00, run_after=2022-08-05T18:48:10.502662+00:00
[2022-08-05 18:48:10,512] {processor.py:161} INFO - Processing /home/airflow/.local/lib/python3.7/site-packages/airflow/example_dags/tutorial.py took 0.132 seconds
[2022-08-05 18:48:41,212] {processor.py:153} INFO - Started process (PID=1324) to work on /home/airflow/.local/lib/python3.7/site-packages/airflow/example_dags/tutorial.py
[2022-08-05 18:48:41,214] {processor.py:641} INFO - Processing file /home/airflow/.local/lib/python3.7/site-packages/airflow/example_dags/tutorial.py for tasks to queue
[2022-08-05 18:48:41,215] {logging_mixin.py:115} INFO - [2022-08-05 18:48:41,214] {dagbag.py:507} INFO - Filling up the DagBag from /home/airflow/.local/lib/python3.7/site-packages/airflow/example_dags/tutorial.py
[2022-08-05 18:48:41,218] {processor.py:651} INFO - DAG(s) dict_keys(['tutorial']) retrieved from /home/airflow/.local/lib/python3.7/site-packages/airflow/example_dags/tutorial.py
[2022-08-05 18:48:41,233] {logging_mixin.py:115} INFO - [2022-08-05 18:48:41,232] {dag.py:2371} INFO - Sync 1 DAGs
[2022-08-05 18:48:41,320] {logging_mixin.py:115} INFO - [2022-08-05 18:48:41,320] {dag.py:2919} INFO - Setting next_dagrun for tutorial to 2022-08-04T18:48:41.319978+00:00, run_after=2022-08-05T18:48:41.319978+00:00
[2022-08-05 18:48:41,325] {processor.py:161} INFO - Processing /home/airflow/.local/lib/python3.7/site-packages/airflow/example_dags/tutorial.py took 0.115 seconds
[2022-08-05 18:49:12,107] {processor.py:153} INFO - Started process (PID=1387) to work on /home/airflow/.local/lib/python3.7/site-packages/airflow/example_dags/tutorial.py
[2022-08-05 18:49:12,109] {processor.py:641} INFO - Processing file /home/airflow/.local/lib/python3.7/site-packages/airflow/example_dags/tutorial.py for tasks to queue
[2022-08-05 18:49:12,110] {logging_mixin.py:115} INFO - [2022-08-05 18:49:12,110] {dagbag.py:507} INFO - Filling up the DagBag from /home/airflow/.local/lib/python3.7/site-packages/airflow/example_dags/tutorial.py
[2022-08-05 18:49:12,114] {processor.py:651} INFO - DAG(s) dict_keys(['tutorial']) retrieved from /home/airflow/.local/lib/python3.7/site-packages/airflow/example_dags/tutorial.py
[2022-08-05 18:49:12,128] {logging_mixin.py:115} INFO - [2022-08-05 18:49:12,128] {dag.py:2371} INFO - Sync 1 DAGs
[2022-08-05 18:49:12,223] {logging_mixin.py:115} INFO - [2022-08-05 18:49:12,223] {dag.py:2919} INFO - Setting next_dagrun for tutorial to 2022-08-04T18:49:12.223073+00:00, run_after=2022-08-05T18:49:12.223073+00:00
[2022-08-05 18:49:12,230] {processor.py:161} INFO - Processing /home/airflow/.local/lib/python3.7/site-packages/airflow/example_dags/tutorial.py took 0.125 seconds
[2022-08-05 18:49:43,062] {processor.py:153} INFO - Started process (PID=1449) to work on /home/airflow/.local/lib/python3.7/site-packages/airflow/example_dags/tutorial.py
[2022-08-05 18:49:43,064] {processor.py:641} INFO - Processing file /home/airflow/.local/lib/python3.7/site-packages/airflow/example_dags/tutorial.py for tasks to queue
[2022-08-05 18:49:43,065] {logging_mixin.py:115} INFO - [2022-08-05 18:49:43,064] {dagbag.py:507} INFO - Filling up the DagBag from /home/airflow/.local/lib/python3.7/site-packages/airflow/example_dags/tutorial.py
[2022-08-05 18:49:43,069] {processor.py:651} INFO - DAG(s) dict_keys(['tutorial']) retrieved from /home/airflow/.local/lib/python3.7/site-packages/airflow/example_dags/tutorial.py
[2022-08-05 18:49:43,086] {logging_mixin.py:115} INFO - [2022-08-05 18:49:43,086] {dag.py:2371} INFO - Sync 1 DAGs
[2022-08-05 18:49:43,189] {logging_mixin.py:115} INFO - [2022-08-05 18:49:43,189] {dag.py:2919} INFO - Setting next_dagrun for tutorial to 2022-08-04T18:49:43.189532+00:00, run_after=2022-08-05T18:49:43.189532+00:00
[2022-08-05 18:49:43,196] {processor.py:161} INFO - Processing /home/airflow/.local/lib/python3.7/site-packages/airflow/example_dags/tutorial.py took 0.136 seconds
[2022-08-05 18:50:13,919] {processor.py:153} INFO - Started process (PID=1512) to work on /home/airflow/.local/lib/python3.7/site-packages/airflow/example_dags/tutorial.py
[2022-08-05 18:50:13,921] {processor.py:641} INFO - Processing file /home/airflow/.local/lib/python3.7/site-packages/airflow/example_dags/tutorial.py for tasks to queue
[2022-08-05 18:50:13,921] {logging_mixin.py:115} INFO - [2022-08-05 18:50:13,921] {dagbag.py:507} INFO - Filling up the DagBag from /home/airflow/.local/lib/python3.7/site-packages/airflow/example_dags/tutorial.py
[2022-08-05 18:50:13,925] {processor.py:651} INFO - DAG(s) dict_keys(['tutorial']) retrieved from /home/airflow/.local/lib/python3.7/site-packages/airflow/example_dags/tutorial.py
[2022-08-05 18:50:13,942] {logging_mixin.py:115} INFO - [2022-08-05 18:50:13,942] {dag.py:2371} INFO - Sync 1 DAGs
[2022-08-05 18:50:14,037] {logging_mixin.py:115} INFO - [2022-08-05 18:50:14,037] {dag.py:2919} INFO - Setting next_dagrun for tutorial to 2022-08-04T18:50:14.037841+00:00, run_after=2022-08-05T18:50:14.037841+00:00
[2022-08-05 18:50:14,044] {processor.py:161} INFO - Processing /home/airflow/.local/lib/python3.7/site-packages/airflow/example_dags/tutorial.py took 0.126 seconds
[2022-08-05 18:50:44,527] {processor.py:153} INFO - Started process (PID=1575) to work on /home/airflow/.local/lib/python3.7/site-packages/airflow/example_dags/tutorial.py
[2022-08-05 18:50:44,528] {processor.py:641} INFO - Processing file /home/airflow/.local/lib/python3.7/site-packages/airflow/example_dags/tutorial.py for tasks to queue
[2022-08-05 18:50:44,530] {logging_mixin.py:115} INFO - [2022-08-05 18:50:44,529] {dagbag.py:507} INFO - Filling up the DagBag from /home/airflow/.local/lib/python3.7/site-packages/airflow/example_dags/tutorial.py
[2022-08-05 18:50:44,534] {processor.py:651} INFO - DAG(s) dict_keys(['tutorial']) retrieved from /home/airflow/.local/lib/python3.7/site-packages/airflow/example_dags/tutorial.py
[2022-08-05 18:50:44,553] {logging_mixin.py:115} INFO - [2022-08-05 18:50:44,553] {dag.py:2371} INFO - Sync 1 DAGs
[2022-08-05 18:50:44,651] {logging_mixin.py:115} INFO - [2022-08-05 18:50:44,651] {dag.py:2919} INFO - Setting next_dagrun for tutorial to 2022-08-04T18:50:44.650908+00:00, run_after=2022-08-05T18:50:44.650908+00:00
[2022-08-05 18:50:44,658] {processor.py:161} INFO - Processing /home/airflow/.local/lib/python3.7/site-packages/airflow/example_dags/tutorial.py took 0.134 seconds
[2022-08-05 18:51:15,373] {processor.py:153} INFO - Started process (PID=1637) to work on /home/airflow/.local/lib/python3.7/site-packages/airflow/example_dags/tutorial.py
[2022-08-05 18:51:15,375] {processor.py:641} INFO - Processing file /home/airflow/.local/lib/python3.7/site-packages/airflow/example_dags/tutorial.py for tasks to queue
[2022-08-05 18:51:15,376] {logging_mixin.py:115} INFO - [2022-08-05 18:51:15,375] {dagbag.py:507} INFO - Filling up the DagBag from /home/airflow/.local/lib/python3.7/site-packages/airflow/example_dags/tutorial.py
[2022-08-05 18:51:15,379] {processor.py:651} INFO - DAG(s) dict_keys(['tutorial']) retrieved from /home/airflow/.local/lib/python3.7/site-packages/airflow/example_dags/tutorial.py
[2022-08-05 18:51:15,396] {logging_mixin.py:115} INFO - [2022-08-05 18:51:15,396] {dag.py:2371} INFO - Sync 1 DAGs
[2022-08-05 18:51:15,494] {logging_mixin.py:115} INFO - [2022-08-05 18:51:15,494] {dag.py:2919} INFO - Setting next_dagrun for tutorial to 2022-08-04T18:51:15.494592+00:00, run_after=2022-08-05T18:51:15.494592+00:00
[2022-08-05 18:51:15,501] {processor.py:161} INFO - Processing /home/airflow/.local/lib/python3.7/site-packages/airflow/example_dags/tutorial.py took 0.130 seconds
[2022-08-05 18:51:46,342] {processor.py:153} INFO - Started process (PID=1699) to work on /home/airflow/.local/lib/python3.7/site-packages/airflow/example_dags/tutorial.py
[2022-08-05 18:51:46,346] {processor.py:641} INFO - Processing file /home/airflow/.local/lib/python3.7/site-packages/airflow/example_dags/tutorial.py for tasks to queue
[2022-08-05 18:51:46,347] {logging_mixin.py:115} INFO - [2022-08-05 18:51:46,347] {dagbag.py:507} INFO - Filling up the DagBag from /home/airflow/.local/lib/python3.7/site-packages/airflow/example_dags/tutorial.py
[2022-08-05 18:51:46,352] {processor.py:651} INFO - DAG(s) dict_keys(['tutorial']) retrieved from /home/airflow/.local/lib/python3.7/site-packages/airflow/example_dags/tutorial.py
[2022-08-05 18:51:46,379] {logging_mixin.py:115} INFO - [2022-08-05 18:51:46,379] {dag.py:2371} INFO - Sync 1 DAGs
[2022-08-05 18:51:46,467] {logging_mixin.py:115} INFO - [2022-08-05 18:51:46,466] {dag.py:2919} INFO - Setting next_dagrun for tutorial to 2022-08-04T18:51:46.466798+00:00, run_after=2022-08-05T18:51:46.466798+00:00
[2022-08-05 18:51:46,473] {processor.py:161} INFO - Processing /home/airflow/.local/lib/python3.7/site-packages/airflow/example_dags/tutorial.py took 0.133 seconds
[2022-08-05 18:52:17,358] {processor.py:153} INFO - Started process (PID=1752) to work on /home/airflow/.local/lib/python3.7/site-packages/airflow/example_dags/tutorial.py
[2022-08-05 18:52:17,360] {processor.py:641} INFO - Processing file /home/airflow/.local/lib/python3.7/site-packages/airflow/example_dags/tutorial.py for tasks to queue
[2022-08-05 18:52:17,361] {logging_mixin.py:115} INFO - [2022-08-05 18:52:17,361] {dagbag.py:507} INFO - Filling up the DagBag from /home/airflow/.local/lib/python3.7/site-packages/airflow/example_dags/tutorial.py
[2022-08-05 18:52:17,365] {processor.py:651} INFO - DAG(s) dict_keys(['tutorial']) retrieved from /home/airflow/.local/lib/python3.7/site-packages/airflow/example_dags/tutorial.py
[2022-08-05 18:52:17,381] {logging_mixin.py:115} INFO - [2022-08-05 18:52:17,381] {dag.py:2371} INFO - Sync 1 DAGs
[2022-08-05 18:52:17,475] {logging_mixin.py:115} INFO - [2022-08-05 18:52:17,475] {dag.py:2919} INFO - Setting next_dagrun for tutorial to 2022-08-04T18:52:17.475027+00:00, run_after=2022-08-05T18:52:17.475027+00:00
[2022-08-05 18:52:17,483] {processor.py:161} INFO - Processing /home/airflow/.local/lib/python3.7/site-packages/airflow/example_dags/tutorial.py took 0.127 seconds
[2022-08-05 18:52:48,037] {processor.py:153} INFO - Started process (PID=1814) to work on /home/airflow/.local/lib/python3.7/site-packages/airflow/example_dags/tutorial.py
[2022-08-05 18:52:48,038] {processor.py:641} INFO - Processing file /home/airflow/.local/lib/python3.7/site-packages/airflow/example_dags/tutorial.py for tasks to queue
[2022-08-05 18:52:48,039] {logging_mixin.py:115} INFO - [2022-08-05 18:52:48,039] {dagbag.py:507} INFO - Filling up the DagBag from /home/airflow/.local/lib/python3.7/site-packages/airflow/example_dags/tutorial.py
[2022-08-05 18:52:48,043] {processor.py:651} INFO - DAG(s) dict_keys(['tutorial']) retrieved from /home/airflow/.local/lib/python3.7/site-packages/airflow/example_dags/tutorial.py
[2022-08-05 18:52:48,061] {logging_mixin.py:115} INFO - [2022-08-05 18:52:48,061] {dag.py:2371} INFO - Sync 1 DAGs
[2022-08-05 18:52:48,149] {logging_mixin.py:115} INFO - [2022-08-05 18:52:48,149] {dag.py:2919} INFO - Setting next_dagrun for tutorial to 2022-08-04T18:52:48.149763+00:00, run_after=2022-08-05T18:52:48.149763+00:00
[2022-08-05 18:52:48,157] {processor.py:161} INFO - Processing /home/airflow/.local/lib/python3.7/site-packages/airflow/example_dags/tutorial.py took 0.123 seconds
[2022-08-05 18:53:18,989] {processor.py:153} INFO - Started process (PID=1876) to work on /home/airflow/.local/lib/python3.7/site-packages/airflow/example_dags/tutorial.py
[2022-08-05 18:53:18,990] {processor.py:641} INFO - Processing file /home/airflow/.local/lib/python3.7/site-packages/airflow/example_dags/tutorial.py for tasks to queue
[2022-08-05 18:53:18,991] {logging_mixin.py:115} INFO - [2022-08-05 18:53:18,991] {dagbag.py:507} INFO - Filling up the DagBag from /home/airflow/.local/lib/python3.7/site-packages/airflow/example_dags/tutorial.py
[2022-08-05 18:53:18,995] {processor.py:651} INFO - DAG(s) dict_keys(['tutorial']) retrieved from /home/airflow/.local/lib/python3.7/site-packages/airflow/example_dags/tutorial.py
[2022-08-05 18:53:19,013] {logging_mixin.py:115} INFO - [2022-08-05 18:53:19,013] {dag.py:2371} INFO - Sync 1 DAGs
[2022-08-05 18:53:19,110] {logging_mixin.py:115} INFO - [2022-08-05 18:53:19,110] {dag.py:2919} INFO - Setting next_dagrun for tutorial to 2022-08-04T18:53:19.110557+00:00, run_after=2022-08-05T18:53:19.110557+00:00
[2022-08-05 18:53:19,117] {processor.py:161} INFO - Processing /home/airflow/.local/lib/python3.7/site-packages/airflow/example_dags/tutorial.py took 0.130 seconds
[2022-08-05 18:53:49,756] {processor.py:153} INFO - Started process (PID=1938) to work on /home/airflow/.local/lib/python3.7/site-packages/airflow/example_dags/tutorial.py
[2022-08-05 18:53:49,757] {processor.py:641} INFO - Processing file /home/airflow/.local/lib/python3.7/site-packages/airflow/example_dags/tutorial.py for tasks to queue
[2022-08-05 18:53:49,758] {logging_mixin.py:115} INFO - [2022-08-05 18:53:49,758] {dagbag.py:507} INFO - Filling up the DagBag from /home/airflow/.local/lib/python3.7/site-packages/airflow/example_dags/tutorial.py
[2022-08-05 18:53:49,762] {processor.py:651} INFO - DAG(s) dict_keys(['tutorial']) retrieved from /home/airflow/.local/lib/python3.7/site-packages/airflow/example_dags/tutorial.py
[2022-08-05 18:53:49,780] {logging_mixin.py:115} INFO - [2022-08-05 18:53:49,780] {dag.py:2371} INFO - Sync 1 DAGs
[2022-08-05 18:53:49,868] {logging_mixin.py:115} INFO - [2022-08-05 18:53:49,868] {dag.py:2919} INFO - Setting next_dagrun for tutorial to 2022-08-04T18:53:49.868001+00:00, run_after=2022-08-05T18:53:49.868001+00:00
[2022-08-05 18:53:49,876] {processor.py:161} INFO - Processing /home/airflow/.local/lib/python3.7/site-packages/airflow/example_dags/tutorial.py took 0.121 seconds
[2022-08-05 18:54:20,636] {processor.py:153} INFO - Started process (PID=2000) to work on /home/airflow/.local/lib/python3.7/site-packages/airflow/example_dags/tutorial.py
[2022-08-05 18:54:20,638] {processor.py:641} INFO - Processing file /home/airflow/.local/lib/python3.7/site-packages/airflow/example_dags/tutorial.py for tasks to queue
[2022-08-05 18:54:20,639] {logging_mixin.py:115} INFO - [2022-08-05 18:54:20,639] {dagbag.py:507} INFO - Filling up the DagBag from /home/airflow/.local/lib/python3.7/site-packages/airflow/example_dags/tutorial.py
[2022-08-05 18:54:20,643] {processor.py:651} INFO - DAG(s) dict_keys(['tutorial']) retrieved from /home/airflow/.local/lib/python3.7/site-packages/airflow/example_dags/tutorial.py
[2022-08-05 18:54:20,660] {logging_mixin.py:115} INFO - [2022-08-05 18:54:20,660] {dag.py:2371} INFO - Sync 1 DAGs
[2022-08-05 18:54:20,747] {logging_mixin.py:115} INFO - [2022-08-05 18:54:20,747] {dag.py:2919} INFO - Setting next_dagrun for tutorial to 2022-08-04T18:54:20.747032+00:00, run_after=2022-08-05T18:54:20.747032+00:00
[2022-08-05 18:54:20,754] {processor.py:161} INFO - Processing /home/airflow/.local/lib/python3.7/site-packages/airflow/example_dags/tutorial.py took 0.120 seconds
[2022-08-05 18:54:51,452] {processor.py:153} INFO - Started process (PID=2062) to work on /home/airflow/.local/lib/python3.7/site-packages/airflow/example_dags/tutorial.py
[2022-08-05 18:54:51,454] {processor.py:641} INFO - Processing file /home/airflow/.local/lib/python3.7/site-packages/airflow/example_dags/tutorial.py for tasks to queue
[2022-08-05 18:54:51,455] {logging_mixin.py:115} INFO - [2022-08-05 18:54:51,455] {dagbag.py:507} INFO - Filling up the DagBag from /home/airflow/.local/lib/python3.7/site-packages/airflow/example_dags/tutorial.py
[2022-08-05 18:54:51,460] {processor.py:651} INFO - DAG(s) dict_keys(['tutorial']) retrieved from /home/airflow/.local/lib/python3.7/site-packages/airflow/example_dags/tutorial.py
[2022-08-05 18:54:51,476] {logging_mixin.py:115} INFO - [2022-08-05 18:54:51,476] {dag.py:2371} INFO - Sync 1 DAGs
[2022-08-05 18:54:51,561] {logging_mixin.py:115} INFO - [2022-08-05 18:54:51,561] {dag.py:2919} INFO - Setting next_dagrun for tutorial to 2022-08-04T18:54:51.560906+00:00, run_after=2022-08-05T18:54:51.560906+00:00
[2022-08-05 18:54:51,569] {processor.py:161} INFO - Processing /home/airflow/.local/lib/python3.7/site-packages/airflow/example_dags/tutorial.py took 0.118 seconds
[2022-08-05 18:55:22,412] {processor.py:153} INFO - Started process (PID=2125) to work on /home/airflow/.local/lib/python3.7/site-packages/airflow/example_dags/tutorial.py
[2022-08-05 18:55:22,413] {processor.py:641} INFO - Processing file /home/airflow/.local/lib/python3.7/site-packages/airflow/example_dags/tutorial.py for tasks to queue
[2022-08-05 18:55:22,414] {logging_mixin.py:115} INFO - [2022-08-05 18:55:22,414] {dagbag.py:507} INFO - Filling up the DagBag from /home/airflow/.local/lib/python3.7/site-packages/airflow/example_dags/tutorial.py
[2022-08-05 18:55:22,418] {processor.py:651} INFO - DAG(s) dict_keys(['tutorial']) retrieved from /home/airflow/.local/lib/python3.7/site-packages/airflow/example_dags/tutorial.py
[2022-08-05 18:55:22,436] {logging_mixin.py:115} INFO - [2022-08-05 18:55:22,436] {dag.py:2371} INFO - Sync 1 DAGs
[2022-08-05 18:55:22,523] {logging_mixin.py:115} INFO - [2022-08-05 18:55:22,523] {dag.py:2919} INFO - Setting next_dagrun for tutorial to 2022-08-04T18:55:22.523297+00:00, run_after=2022-08-05T18:55:22.523297+00:00
[2022-08-05 18:55:22,531] {processor.py:161} INFO - Processing /home/airflow/.local/lib/python3.7/site-packages/airflow/example_dags/tutorial.py took 0.121 seconds
[2022-08-05 18:55:53,378] {processor.py:153} INFO - Started process (PID=2187) to work on /home/airflow/.local/lib/python3.7/site-packages/airflow/example_dags/tutorial.py
[2022-08-05 18:55:53,381] {processor.py:641} INFO - Processing file /home/airflow/.local/lib/python3.7/site-packages/airflow/example_dags/tutorial.py for tasks to queue
[2022-08-05 18:55:53,381] {logging_mixin.py:115} INFO - [2022-08-05 18:55:53,381] {dagbag.py:507} INFO - Filling up the DagBag from /home/airflow/.local/lib/python3.7/site-packages/airflow/example_dags/tutorial.py
[2022-08-05 18:55:53,385] {processor.py:651} INFO - DAG(s) dict_keys(['tutorial']) retrieved from /home/airflow/.local/lib/python3.7/site-packages/airflow/example_dags/tutorial.py
[2022-08-05 18:55:53,404] {logging_mixin.py:115} INFO - [2022-08-05 18:55:53,404] {dag.py:2371} INFO - Sync 1 DAGs
[2022-08-05 18:55:53,510] {logging_mixin.py:115} INFO - [2022-08-05 18:55:53,510] {dag.py:2919} INFO - Setting next_dagrun for tutorial to 2022-08-04T18:55:53.510740+00:00, run_after=2022-08-05T18:55:53.510740+00:00
[2022-08-05 18:55:53,520] {processor.py:161} INFO - Processing /home/airflow/.local/lib/python3.7/site-packages/airflow/example_dags/tutorial.py took 0.145 seconds
[2022-08-05 18:56:24,439] {processor.py:153} INFO - Started process (PID=2240) to work on /home/airflow/.local/lib/python3.7/site-packages/airflow/example_dags/tutorial.py
[2022-08-05 18:56:24,440] {processor.py:641} INFO - Processing file /home/airflow/.local/lib/python3.7/site-packages/airflow/example_dags/tutorial.py for tasks to queue
[2022-08-05 18:56:24,442] {logging_mixin.py:115} INFO - [2022-08-05 18:56:24,442] {dagbag.py:507} INFO - Filling up the DagBag from /home/airflow/.local/lib/python3.7/site-packages/airflow/example_dags/tutorial.py
[2022-08-05 18:56:24,446] {processor.py:651} INFO - DAG(s) dict_keys(['tutorial']) retrieved from /home/airflow/.local/lib/python3.7/site-packages/airflow/example_dags/tutorial.py
[2022-08-05 18:56:24,465] {logging_mixin.py:115} INFO - [2022-08-05 18:56:24,465] {dag.py:2371} INFO - Sync 1 DAGs
[2022-08-05 18:56:24,560] {logging_mixin.py:115} INFO - [2022-08-05 18:56:24,560] {dag.py:2919} INFO - Setting next_dagrun for tutorial to 2022-08-04T18:56:24.560551+00:00, run_after=2022-08-05T18:56:24.560551+00:00
[2022-08-05 18:56:24,568] {processor.py:161} INFO - Processing /home/airflow/.local/lib/python3.7/site-packages/airflow/example_dags/tutorial.py took 0.132 seconds
[2022-08-05 18:56:55,383] {processor.py:153} INFO - Started process (PID=2302) to work on /home/airflow/.local/lib/python3.7/site-packages/airflow/example_dags/tutorial.py
[2022-08-05 18:56:55,385] {processor.py:641} INFO - Processing file /home/airflow/.local/lib/python3.7/site-packages/airflow/example_dags/tutorial.py for tasks to queue
[2022-08-05 18:56:55,387] {logging_mixin.py:115} INFO - [2022-08-05 18:56:55,387] {dagbag.py:507} INFO - Filling up the DagBag from /home/airflow/.local/lib/python3.7/site-packages/airflow/example_dags/tutorial.py
[2022-08-05 18:56:55,391] {processor.py:651} INFO - DAG(s) dict_keys(['tutorial']) retrieved from /home/airflow/.local/lib/python3.7/site-packages/airflow/example_dags/tutorial.py
[2022-08-05 18:56:55,408] {logging_mixin.py:115} INFO - [2022-08-05 18:56:55,408] {dag.py:2371} INFO - Sync 1 DAGs
[2022-08-05 18:56:55,495] {logging_mixin.py:115} INFO - [2022-08-05 18:56:55,495] {dag.py:2919} INFO - Setting next_dagrun for tutorial to 2022-08-04T18:56:55.495520+00:00, run_after=2022-08-05T18:56:55.495520+00:00
[2022-08-05 18:56:55,503] {processor.py:161} INFO - Processing /home/airflow/.local/lib/python3.7/site-packages/airflow/example_dags/tutorial.py took 0.122 seconds
[2022-08-05 18:57:26,190] {processor.py:153} INFO - Started process (PID=2365) to work on /home/airflow/.local/lib/python3.7/site-packages/airflow/example_dags/tutorial.py
[2022-08-05 18:57:26,191] {processor.py:641} INFO - Processing file /home/airflow/.local/lib/python3.7/site-packages/airflow/example_dags/tutorial.py for tasks to queue
[2022-08-05 18:57:26,192] {logging_mixin.py:115} INFO - [2022-08-05 18:57:26,192] {dagbag.py:507} INFO - Filling up the DagBag from /home/airflow/.local/lib/python3.7/site-packages/airflow/example_dags/tutorial.py
[2022-08-05 18:57:26,196] {processor.py:651} INFO - DAG(s) dict_keys(['tutorial']) retrieved from /home/airflow/.local/lib/python3.7/site-packages/airflow/example_dags/tutorial.py
[2022-08-05 18:57:26,214] {logging_mixin.py:115} INFO - [2022-08-05 18:57:26,214] {dag.py:2371} INFO - Sync 1 DAGs
[2022-08-05 18:57:26,300] {logging_mixin.py:115} INFO - [2022-08-05 18:57:26,300] {dag.py:2919} INFO - Setting next_dagrun for tutorial to 2022-08-04T18:57:26.300176+00:00, run_after=2022-08-05T18:57:26.300176+00:00
[2022-08-05 18:57:26,309] {processor.py:161} INFO - Processing /home/airflow/.local/lib/python3.7/site-packages/airflow/example_dags/tutorial.py took 0.122 seconds
[2022-08-05 18:57:57,006] {processor.py:153} INFO - Started process (PID=2428) to work on /home/airflow/.local/lib/python3.7/site-packages/airflow/example_dags/tutorial.py
[2022-08-05 18:57:57,007] {processor.py:641} INFO - Processing file /home/airflow/.local/lib/python3.7/site-packages/airflow/example_dags/tutorial.py for tasks to queue
[2022-08-05 18:57:57,008] {logging_mixin.py:115} INFO - [2022-08-05 18:57:57,008] {dagbag.py:507} INFO - Filling up the DagBag from /home/airflow/.local/lib/python3.7/site-packages/airflow/example_dags/tutorial.py
[2022-08-05 18:57:57,012] {processor.py:651} INFO - DAG(s) dict_keys(['tutorial']) retrieved from /home/airflow/.local/lib/python3.7/site-packages/airflow/example_dags/tutorial.py
[2022-08-05 18:57:57,032] {logging_mixin.py:115} INFO - [2022-08-05 18:57:57,031] {dag.py:2371} INFO - Sync 1 DAGs
[2022-08-05 18:57:57,119] {logging_mixin.py:115} INFO - [2022-08-05 18:57:57,118] {dag.py:2919} INFO - Setting next_dagrun for tutorial to 2022-08-04T18:57:57.118873+00:00, run_after=2022-08-05T18:57:57.118873+00:00
[2022-08-05 18:57:57,126] {processor.py:161} INFO - Processing /home/airflow/.local/lib/python3.7/site-packages/airflow/example_dags/tutorial.py took 0.123 seconds
[2022-08-05 18:58:27,936] {processor.py:153} INFO - Started process (PID=2490) to work on /home/airflow/.local/lib/python3.7/site-packages/airflow/example_dags/tutorial.py
[2022-08-05 18:58:27,937] {processor.py:641} INFO - Processing file /home/airflow/.local/lib/python3.7/site-packages/airflow/example_dags/tutorial.py for tasks to queue
[2022-08-05 18:58:27,938] {logging_mixin.py:115} INFO - [2022-08-05 18:58:27,938] {dagbag.py:507} INFO - Filling up the DagBag from /home/airflow/.local/lib/python3.7/site-packages/airflow/example_dags/tutorial.py
[2022-08-05 18:58:27,942] {processor.py:651} INFO - DAG(s) dict_keys(['tutorial']) retrieved from /home/airflow/.local/lib/python3.7/site-packages/airflow/example_dags/tutorial.py
[2022-08-05 18:58:28,032] {logging_mixin.py:115} INFO - [2022-08-05 18:58:28,032] {dag.py:2371} INFO - Sync 1 DAGs
[2022-08-05 18:58:28,044] {logging_mixin.py:115} INFO - [2022-08-05 18:58:28,044] {dag.py:2919} INFO - Setting next_dagrun for tutorial to 2022-08-04T18:58:28.044486+00:00, run_after=2022-08-05T18:58:28.044486+00:00
[2022-08-05 18:58:28,053] {processor.py:161} INFO - Processing /home/airflow/.local/lib/python3.7/site-packages/airflow/example_dags/tutorial.py took 0.119 seconds
[2022-08-05 18:58:58,799] {processor.py:153} INFO - Started process (PID=2552) to work on /home/airflow/.local/lib/python3.7/site-packages/airflow/example_dags/tutorial.py
[2022-08-05 18:58:58,800] {processor.py:641} INFO - Processing file /home/airflow/.local/lib/python3.7/site-packages/airflow/example_dags/tutorial.py for tasks to queue
[2022-08-05 18:58:58,802] {logging_mixin.py:115} INFO - [2022-08-05 18:58:58,801] {dagbag.py:507} INFO - Filling up the DagBag from /home/airflow/.local/lib/python3.7/site-packages/airflow/example_dags/tutorial.py
[2022-08-05 18:58:58,806] {processor.py:651} INFO - DAG(s) dict_keys(['tutorial']) retrieved from /home/airflow/.local/lib/python3.7/site-packages/airflow/example_dags/tutorial.py
[2022-08-05 18:58:58,909] {logging_mixin.py:115} INFO - [2022-08-05 18:58:58,909] {dag.py:2371} INFO - Sync 1 DAGs
[2022-08-05 18:58:58,919] {logging_mixin.py:115} INFO - [2022-08-05 18:58:58,918] {dag.py:2919} INFO - Setting next_dagrun for tutorial to 2022-08-04T18:58:58.918889+00:00, run_after=2022-08-05T18:58:58.918889+00:00
[2022-08-05 18:58:58,926] {processor.py:161} INFO - Processing /home/airflow/.local/lib/python3.7/site-packages/airflow/example_dags/tutorial.py took 0.129 seconds
[2022-08-05 18:59:29,715] {processor.py:153} INFO - Started process (PID=2614) to work on /home/airflow/.local/lib/python3.7/site-packages/airflow/example_dags/tutorial.py
[2022-08-05 18:59:29,716] {processor.py:641} INFO - Processing file /home/airflow/.local/lib/python3.7/site-packages/airflow/example_dags/tutorial.py for tasks to queue
[2022-08-05 18:59:29,717] {logging_mixin.py:115} INFO - [2022-08-05 18:59:29,717] {dagbag.py:507} INFO - Filling up the DagBag from /home/airflow/.local/lib/python3.7/site-packages/airflow/example_dags/tutorial.py
[2022-08-05 18:59:29,721] {processor.py:651} INFO - DAG(s) dict_keys(['tutorial']) retrieved from /home/airflow/.local/lib/python3.7/site-packages/airflow/example_dags/tutorial.py
[2022-08-05 18:59:29,819] {logging_mixin.py:115} INFO - [2022-08-05 18:59:29,819] {dag.py:2371} INFO - Sync 1 DAGs
[2022-08-05 18:59:29,832] {logging_mixin.py:115} INFO - [2022-08-05 18:59:29,832] {dag.py:2919} INFO - Setting next_dagrun for tutorial to 2022-08-04T18:59:29.832080+00:00, run_after=2022-08-05T18:59:29.832080+00:00
[2022-08-05 18:59:29,840] {processor.py:161} INFO - Processing /home/airflow/.local/lib/python3.7/site-packages/airflow/example_dags/tutorial.py took 0.127 seconds
[2022-08-05 19:00:00,701] {processor.py:153} INFO - Started process (PID=2677) to work on /home/airflow/.local/lib/python3.7/site-packages/airflow/example_dags/tutorial.py
[2022-08-05 19:00:00,702] {processor.py:641} INFO - Processing file /home/airflow/.local/lib/python3.7/site-packages/airflow/example_dags/tutorial.py for tasks to queue
[2022-08-05 19:00:00,703] {logging_mixin.py:115} INFO - [2022-08-05 19:00:00,703] {dagbag.py:507} INFO - Filling up the DagBag from /home/airflow/.local/lib/python3.7/site-packages/airflow/example_dags/tutorial.py
[2022-08-05 19:00:00,707] {processor.py:651} INFO - DAG(s) dict_keys(['tutorial']) retrieved from /home/airflow/.local/lib/python3.7/site-packages/airflow/example_dags/tutorial.py
[2022-08-05 19:00:00,800] {logging_mixin.py:115} INFO - [2022-08-05 19:00:00,800] {dag.py:2371} INFO - Sync 1 DAGs
[2022-08-05 19:00:00,811] {logging_mixin.py:115} INFO - [2022-08-05 19:00:00,811] {dag.py:2919} INFO - Setting next_dagrun for tutorial to 2022-08-04T19:00:00.811145+00:00, run_after=2022-08-05T19:00:00.811145+00:00
[2022-08-05 19:00:00,818] {processor.py:161} INFO - Processing /home/airflow/.local/lib/python3.7/site-packages/airflow/example_dags/tutorial.py took 0.119 seconds
[2022-08-05 19:00:31,634] {processor.py:153} INFO - Started process (PID=2738) to work on /home/airflow/.local/lib/python3.7/site-packages/airflow/example_dags/tutorial.py
[2022-08-05 19:00:31,636] {processor.py:641} INFO - Processing file /home/airflow/.local/lib/python3.7/site-packages/airflow/example_dags/tutorial.py for tasks to queue
[2022-08-05 19:00:31,637] {logging_mixin.py:115} INFO - [2022-08-05 19:00:31,637] {dagbag.py:507} INFO - Filling up the DagBag from /home/airflow/.local/lib/python3.7/site-packages/airflow/example_dags/tutorial.py
[2022-08-05 19:00:31,641] {processor.py:651} INFO - DAG(s) dict_keys(['tutorial']) retrieved from /home/airflow/.local/lib/python3.7/site-packages/airflow/example_dags/tutorial.py
[2022-08-05 19:00:31,739] {logging_mixin.py:115} INFO - [2022-08-05 19:00:31,739] {dag.py:2371} INFO - Sync 1 DAGs
[2022-08-05 19:00:31,750] {logging_mixin.py:115} INFO - [2022-08-05 19:00:31,750] {dag.py:2919} INFO - Setting next_dagrun for tutorial to 2022-08-04T19:00:31.750497+00:00, run_after=2022-08-05T19:00:31.750497+00:00
[2022-08-05 19:00:31,757] {processor.py:161} INFO - Processing /home/airflow/.local/lib/python3.7/site-packages/airflow/example_dags/tutorial.py took 0.125 seconds
[2022-08-05 19:01:01,844] {processor.py:153} INFO - Started process (PID=2791) to work on /home/airflow/.local/lib/python3.7/site-packages/airflow/example_dags/tutorial.py
[2022-08-05 19:01:01,845] {processor.py:641} INFO - Processing file /home/airflow/.local/lib/python3.7/site-packages/airflow/example_dags/tutorial.py for tasks to queue
[2022-08-05 19:01:01,846] {logging_mixin.py:115} INFO - [2022-08-05 19:01:01,846] {dagbag.py:507} INFO - Filling up the DagBag from /home/airflow/.local/lib/python3.7/site-packages/airflow/example_dags/tutorial.py
[2022-08-05 19:01:01,850] {processor.py:651} INFO - DAG(s) dict_keys(['tutorial']) retrieved from /home/airflow/.local/lib/python3.7/site-packages/airflow/example_dags/tutorial.py
[2022-08-05 19:01:01,943] {logging_mixin.py:115} INFO - [2022-08-05 19:01:01,943] {dag.py:2371} INFO - Sync 1 DAGs
[2022-08-05 19:01:01,957] {logging_mixin.py:115} INFO - [2022-08-05 19:01:01,957] {dag.py:2919} INFO - Setting next_dagrun for tutorial to 2022-08-04T19:01:01.956863+00:00, run_after=2022-08-05T19:01:01.956863+00:00
[2022-08-05 19:01:01,965] {processor.py:161} INFO - Processing /home/airflow/.local/lib/python3.7/site-packages/airflow/example_dags/tutorial.py took 0.123 seconds
[2022-08-05 19:01:32,028] {processor.py:153} INFO - Started process (PID=2853) to work on /home/airflow/.local/lib/python3.7/site-packages/airflow/example_dags/tutorial.py
[2022-08-05 19:01:32,029] {processor.py:641} INFO - Processing file /home/airflow/.local/lib/python3.7/site-packages/airflow/example_dags/tutorial.py for tasks to queue
[2022-08-05 19:01:32,030] {logging_mixin.py:115} INFO - [2022-08-05 19:01:32,030] {dagbag.py:507} INFO - Filling up the DagBag from /home/airflow/.local/lib/python3.7/site-packages/airflow/example_dags/tutorial.py
[2022-08-05 19:01:32,034] {processor.py:651} INFO - DAG(s) dict_keys(['tutorial']) retrieved from /home/airflow/.local/lib/python3.7/site-packages/airflow/example_dags/tutorial.py
[2022-08-05 19:01:32,130] {logging_mixin.py:115} INFO - [2022-08-05 19:01:32,130] {dag.py:2371} INFO - Sync 1 DAGs
[2022-08-05 19:01:32,143] {logging_mixin.py:115} INFO - [2022-08-05 19:01:32,143] {dag.py:2919} INFO - Setting next_dagrun for tutorial to 2022-08-04T19:01:32.142903+00:00, run_after=2022-08-05T19:01:32.142903+00:00
[2022-08-05 19:01:32,150] {processor.py:161} INFO - Processing /home/airflow/.local/lib/python3.7/site-packages/airflow/example_dags/tutorial.py took 0.125 seconds
[2022-08-05 19:02:03,006] {processor.py:153} INFO - Started process (PID=2916) to work on /home/airflow/.local/lib/python3.7/site-packages/airflow/example_dags/tutorial.py
[2022-08-05 19:02:03,008] {processor.py:641} INFO - Processing file /home/airflow/.local/lib/python3.7/site-packages/airflow/example_dags/tutorial.py for tasks to queue
[2022-08-05 19:02:03,009] {logging_mixin.py:115} INFO - [2022-08-05 19:02:03,009] {dagbag.py:507} INFO - Filling up the DagBag from /home/airflow/.local/lib/python3.7/site-packages/airflow/example_dags/tutorial.py
[2022-08-05 19:02:03,013] {processor.py:651} INFO - DAG(s) dict_keys(['tutorial']) retrieved from /home/airflow/.local/lib/python3.7/site-packages/airflow/example_dags/tutorial.py
[2022-08-05 19:02:03,124] {logging_mixin.py:115} INFO - [2022-08-05 19:02:03,124] {dag.py:2371} INFO - Sync 1 DAGs
[2022-08-05 19:02:03,135] {logging_mixin.py:115} INFO - [2022-08-05 19:02:03,135] {dag.py:2919} INFO - Setting next_dagrun for tutorial to 2022-08-04T19:02:03.135564+00:00, run_after=2022-08-05T19:02:03.135564+00:00
[2022-08-05 19:02:03,142] {processor.py:161} INFO - Processing /home/airflow/.local/lib/python3.7/site-packages/airflow/example_dags/tutorial.py took 0.138 seconds
[2022-08-05 19:02:34,363] {processor.py:153} INFO - Started process (PID=2980) to work on /home/airflow/.local/lib/python3.7/site-packages/airflow/example_dags/tutorial.py
[2022-08-05 19:02:34,364] {processor.py:641} INFO - Processing file /home/airflow/.local/lib/python3.7/site-packages/airflow/example_dags/tutorial.py for tasks to queue
[2022-08-05 19:02:34,365] {logging_mixin.py:115} INFO - [2022-08-05 19:02:34,365] {dagbag.py:507} INFO - Filling up the DagBag from /home/airflow/.local/lib/python3.7/site-packages/airflow/example_dags/tutorial.py
[2022-08-05 19:02:34,369] {processor.py:651} INFO - DAG(s) dict_keys(['tutorial']) retrieved from /home/airflow/.local/lib/python3.7/site-packages/airflow/example_dags/tutorial.py
[2022-08-05 19:02:34,463] {logging_mixin.py:115} INFO - [2022-08-05 19:02:34,463] {dag.py:2371} INFO - Sync 1 DAGs
[2022-08-05 19:02:34,473] {logging_mixin.py:115} INFO - [2022-08-05 19:02:34,473] {dag.py:2919} INFO - Setting next_dagrun for tutorial to 2022-08-04T19:02:34.473784+00:00, run_after=2022-08-05T19:02:34.473784+00:00
[2022-08-05 19:02:34,481] {processor.py:161} INFO - Processing /home/airflow/.local/lib/python3.7/site-packages/airflow/example_dags/tutorial.py took 0.121 seconds
[2022-08-05 19:03:04,673] {processor.py:153} INFO - Started process (PID=3041) to work on /home/airflow/.local/lib/python3.7/site-packages/airflow/example_dags/tutorial.py
[2022-08-05 19:03:04,674] {processor.py:641} INFO - Processing file /home/airflow/.local/lib/python3.7/site-packages/airflow/example_dags/tutorial.py for tasks to queue
[2022-08-05 19:03:04,675] {logging_mixin.py:115} INFO - [2022-08-05 19:03:04,675] {dagbag.py:507} INFO - Filling up the DagBag from /home/airflow/.local/lib/python3.7/site-packages/airflow/example_dags/tutorial.py
[2022-08-05 19:03:04,679] {processor.py:651} INFO - DAG(s) dict_keys(['tutorial']) retrieved from /home/airflow/.local/lib/python3.7/site-packages/airflow/example_dags/tutorial.py
[2022-08-05 19:03:04,759] {logging_mixin.py:115} INFO - [2022-08-05 19:03:04,759] {dag.py:2371} INFO - Sync 1 DAGs
[2022-08-05 19:03:04,769] {logging_mixin.py:115} INFO - [2022-08-05 19:03:04,769] {dag.py:2919} INFO - Setting next_dagrun for tutorial to 2022-08-04T19:03:04.769604+00:00, run_after=2022-08-05T19:03:04.769604+00:00
[2022-08-05 19:03:04,775] {processor.py:161} INFO - Processing /home/airflow/.local/lib/python3.7/site-packages/airflow/example_dags/tutorial.py took 0.104 seconds
[2022-08-05 19:53:25,318] {processor.py:153} INFO - Started process (PID=3093) to work on /home/airflow/.local/lib/python3.7/site-packages/airflow/example_dags/tutorial.py
[2022-08-05 19:53:25,320] {processor.py:641} INFO - Processing file /home/airflow/.local/lib/python3.7/site-packages/airflow/example_dags/tutorial.py for tasks to queue
[2022-08-05 19:53:25,321] {logging_mixin.py:115} INFO - [2022-08-05 19:53:25,321] {dagbag.py:507} INFO - Filling up the DagBag from /home/airflow/.local/lib/python3.7/site-packages/airflow/example_dags/tutorial.py
[2022-08-05 19:53:25,331] {processor.py:651} INFO - DAG(s) dict_keys(['tutorial']) retrieved from /home/airflow/.local/lib/python3.7/site-packages/airflow/example_dags/tutorial.py
[2022-08-05 19:53:25,355] {logging_mixin.py:115} INFO - [2022-08-05 19:53:25,355] {dag.py:2371} INFO - Sync 1 DAGs
[2022-08-05 19:53:25,381] {logging_mixin.py:115} INFO - [2022-08-05 19:53:25,381] {dag.py:2919} INFO - Setting next_dagrun for tutorial to 2022-08-04T19:53:25.381644+00:00, run_after=2022-08-05T19:53:25.381644+00:00
[2022-08-05 19:53:25,392] {processor.py:161} INFO - Processing /home/airflow/.local/lib/python3.7/site-packages/airflow/example_dags/tutorial.py took 0.076 seconds
[2022-08-05 20:42:18,811] {processor.py:153} INFO - Started process (PID=3144) to work on /home/airflow/.local/lib/python3.7/site-packages/airflow/example_dags/tutorial.py
[2022-08-05 20:42:18,812] {processor.py:641} INFO - Processing file /home/airflow/.local/lib/python3.7/site-packages/airflow/example_dags/tutorial.py for tasks to queue
[2022-08-05 20:42:18,813] {logging_mixin.py:115} INFO - [2022-08-05 20:42:18,813] {dagbag.py:507} INFO - Filling up the DagBag from /home/airflow/.local/lib/python3.7/site-packages/airflow/example_dags/tutorial.py
[2022-08-05 20:42:18,816] {processor.py:651} INFO - DAG(s) dict_keys(['tutorial']) retrieved from /home/airflow/.local/lib/python3.7/site-packages/airflow/example_dags/tutorial.py
[2022-08-05 20:42:18,831] {logging_mixin.py:115} INFO - [2022-08-05 20:42:18,831] {dag.py:2371} INFO - Sync 1 DAGs
[2022-08-05 20:42:18,843] {logging_mixin.py:115} INFO - [2022-08-05 20:42:18,843] {dag.py:2919} INFO - Setting next_dagrun for tutorial to 2022-08-04T20:42:18.843509+00:00, run_after=2022-08-05T20:42:18.843509+00:00
[2022-08-05 20:42:18,850] {processor.py:161} INFO - Processing /home/airflow/.local/lib/python3.7/site-packages/airflow/example_dags/tutorial.py took 0.041 seconds
[2022-08-05 21:16:21,457] {processor.py:153} INFO - Started process (PID=3204) to work on /home/airflow/.local/lib/python3.7/site-packages/airflow/example_dags/tutorial.py
[2022-08-05 21:16:21,459] {processor.py:641} INFO - Processing file /home/airflow/.local/lib/python3.7/site-packages/airflow/example_dags/tutorial.py for tasks to queue
[2022-08-05 21:16:21,460] {logging_mixin.py:115} INFO - [2022-08-05 21:16:21,460] {dagbag.py:507} INFO - Filling up the DagBag from /home/airflow/.local/lib/python3.7/site-packages/airflow/example_dags/tutorial.py
[2022-08-05 21:16:21,466] {processor.py:651} INFO - DAG(s) dict_keys(['tutorial']) retrieved from /home/airflow/.local/lib/python3.7/site-packages/airflow/example_dags/tutorial.py
[2022-08-05 21:16:21,503] {logging_mixin.py:115} INFO - [2022-08-05 21:16:21,503] {dag.py:2371} INFO - Sync 1 DAGs
[2022-08-05 21:16:21,527] {logging_mixin.py:115} INFO - [2022-08-05 21:16:21,527] {dag.py:2919} INFO - Setting next_dagrun for tutorial to 2022-08-04T21:16:21.527517+00:00, run_after=2022-08-05T21:16:21.527517+00:00
[2022-08-05 21:16:21,538] {processor.py:161} INFO - Processing /home/airflow/.local/lib/python3.7/site-packages/airflow/example_dags/tutorial.py took 0.083 seconds
[2022-08-05 22:06:30,247] {processor.py:153} INFO - Started process (PID=3265) to work on /home/airflow/.local/lib/python3.7/site-packages/airflow/example_dags/tutorial.py
[2022-08-05 22:06:30,249] {processor.py:641} INFO - Processing file /home/airflow/.local/lib/python3.7/site-packages/airflow/example_dags/tutorial.py for tasks to queue
[2022-08-05 22:06:30,250] {logging_mixin.py:115} INFO - [2022-08-05 22:06:30,250] {dagbag.py:507} INFO - Filling up the DagBag from /home/airflow/.local/lib/python3.7/site-packages/airflow/example_dags/tutorial.py
[2022-08-05 22:06:30,255] {processor.py:651} INFO - DAG(s) dict_keys(['tutorial']) retrieved from /home/airflow/.local/lib/python3.7/site-packages/airflow/example_dags/tutorial.py
[2022-08-05 22:06:30,273] {logging_mixin.py:115} INFO - [2022-08-05 22:06:30,273] {dag.py:2371} INFO - Sync 1 DAGs
[2022-08-05 22:06:30,288] {logging_mixin.py:115} INFO - [2022-08-05 22:06:30,288] {dag.py:2919} INFO - Setting next_dagrun for tutorial to 2022-08-04T22:06:30.288032+00:00, run_after=2022-08-05T22:06:30.288032+00:00
[2022-08-05 22:06:30,297] {processor.py:161} INFO - Processing /home/airflow/.local/lib/python3.7/site-packages/airflow/example_dags/tutorial.py took 0.051 seconds
[2022-08-05 22:40:28,204] {processor.py:153} INFO - Started process (PID=3326) to work on /home/airflow/.local/lib/python3.7/site-packages/airflow/example_dags/tutorial.py
[2022-08-05 22:40:28,206] {processor.py:641} INFO - Processing file /home/airflow/.local/lib/python3.7/site-packages/airflow/example_dags/tutorial.py for tasks to queue
[2022-08-05 22:40:28,206] {logging_mixin.py:115} INFO - [2022-08-05 22:40:28,206] {dagbag.py:507} INFO - Filling up the DagBag from /home/airflow/.local/lib/python3.7/site-packages/airflow/example_dags/tutorial.py
[2022-08-05 22:40:28,210] {processor.py:651} INFO - DAG(s) dict_keys(['tutorial']) retrieved from /home/airflow/.local/lib/python3.7/site-packages/airflow/example_dags/tutorial.py
[2022-08-05 22:40:28,225] {logging_mixin.py:115} INFO - [2022-08-05 22:40:28,225] {dag.py:2371} INFO - Sync 1 DAGs
[2022-08-05 22:40:28,236] {logging_mixin.py:115} INFO - [2022-08-05 22:40:28,236] {dag.py:2919} INFO - Setting next_dagrun for tutorial to 2022-08-04T22:40:28.236234+00:00, run_after=2022-08-05T22:40:28.236234+00:00
[2022-08-05 22:40:28,242] {processor.py:161} INFO - Processing /home/airflow/.local/lib/python3.7/site-packages/airflow/example_dags/tutorial.py took 0.040 seconds
[2022-08-05 23:30:04,665] {processor.py:153} INFO - Started process (PID=3388) to work on /home/airflow/.local/lib/python3.7/site-packages/airflow/example_dags/tutorial.py
[2022-08-05 23:30:04,666] {processor.py:641} INFO - Processing file /home/airflow/.local/lib/python3.7/site-packages/airflow/example_dags/tutorial.py for tasks to queue
[2022-08-05 23:30:04,667] {logging_mixin.py:115} INFO - [2022-08-05 23:30:04,667] {dagbag.py:507} INFO - Filling up the DagBag from /home/airflow/.local/lib/python3.7/site-packages/airflow/example_dags/tutorial.py
[2022-08-05 23:30:04,673] {processor.py:651} INFO - DAG(s) dict_keys(['tutorial']) retrieved from /home/airflow/.local/lib/python3.7/site-packages/airflow/example_dags/tutorial.py
[2022-08-05 23:30:04,689] {logging_mixin.py:115} INFO - [2022-08-05 23:30:04,689] {dag.py:2371} INFO - Sync 1 DAGs
[2022-08-05 23:30:04,708] {logging_mixin.py:115} INFO - [2022-08-05 23:30:04,708] {dag.py:2919} INFO - Setting next_dagrun for tutorial to 2022-08-04T23:30:04.708616+00:00, run_after=2022-08-05T23:30:04.708616+00:00
[2022-08-05 23:30:04,720] {processor.py:161} INFO - Processing /home/airflow/.local/lib/python3.7/site-packages/airflow/example_dags/tutorial.py took 0.057 seconds
